--------------- Build Started: 03/18/2020 17:32:11 Project: EmulatedAnalogDAQ, Configuration: ARM GCC 5.4-2016-q2-update Debug ---------------
cydsfit.exe -.appdatapath "C:\Users\George Anwar\AppData\Local\Cypress Semiconductor\PSoC Creator\4.2" -.fdsnotice -.fdswarpdepfile=warp_dependencies.txt -.fdselabdepfile=elab_dependencies.txt -.fdsbldfile=generated_files.txt -.fdsreffile=referenced_files.txt -p "C:\Users\George Anwar\Documents\UC Berkeley\ME135 Spring 2020\PSOC Creator\ME135_235\EmulatedAnalogDAQ.cydsn\EmulatedAnalogDAQ.cyprj" -d CY8C5888LTI-LP097 -s "C:\Users\George Anwar\Documents\UC Berkeley\ME135 Spring 2020\PSOC Creator\ME135_235\EmulatedAnalogDAQ.cydsn\Generated_Source\PSoC5" -- -yv2 -q10 -ygs -o2 -v3 -.fftcfgtype=LE
Elaborating Design...
HDL Generation...
Synthesis...
Tech Mapping...
ADD: pft.M0040: information: The following 2 pin(s) will be assigned a location by the fitter: Vin(0), Vout(0)
Analog Placement...
Info: apr.M0002: Analog signal "\ADC_DelSig_1:Net_35\" is connected to one terminal only. (App=cydsfit)
Log: apr.M0058: The analog placement iterative improvement is 57% done. (App=cydsfit)
Log: apr.M0058: The analog placement iterative improvement is 100% done. (App=cydsfit)
Analog Routing...
Analog Code Generation...
Digital Placement...
Digital Routing...
Bitstream Generation...
Bitstream Verification...
Static timing analysis...
API Generation...
Dependency Generation...
Cleanup...
arm-none-eabi-gcc.exe -mcpu=cortex-m3 -mthumb -I. -IGenerated_Source\PSoC5 -Wa,-alh=.\CortexM3\ARM_GCC_541\Debug/WaveDAC8_1.lst -g -D DEBUG -D CY_CORE_ID=0 -Wall -ffunction-sections -ffat-lto-objects -Og -c Generated_Source\PSoC5\WaveDAC8_1.c -o .\CortexM3\ARM_GCC_541\Debug\WaveDAC8_1.o
arm-none-eabi-ar.exe -rs .\CortexM3\ARM_GCC_541\Debug\EmulatedAnalogDAQ.a .\CortexM3\ARM_GCC_541\Debug\WaveDAC8_1.o .\CortexM3\ARM_GCC_541\Debug\WaveDAC8_1_PM.o .\CortexM3\ARM_GCC_541\Debug\ADC_DelSig_1.o .\CortexM3\ARM_GCC_541\Debug\ADC_DelSig_1_PM.o .\CortexM3\ARM_GCC_541\Debug\ADC_DelSig_1_INT.o .\CortexM3\ARM_GCC_541\Debug\Vin.o .\CortexM3\ARM_GCC_541\Debug\Vout.o .\CortexM3\ARM_GCC_541\Debug\WaveDAC8_1_DacClk.o .\CortexM3\ARM_GCC_541\Debug\WaveDAC8_1_Wave1_DMA_dma.o .\CortexM3\ARM_GCC_541\Debug\WaveDAC8_1_Wave2_DMA_dma.o .\CortexM3\ARM_GCC_541\Debug\WaveDAC8_1_VDAC8.o .\CortexM3\ARM_GCC_541\Debug\WaveDAC8_1_VDAC8_PM.o .\CortexM3\ARM_GCC_541\Debug\ADC_DelSig_1_AMux.o .\CortexM3\ARM_GCC_541\Debug\ADC_DelSig_1_Ext_CP_Clk.o .\CortexM3\ARM_GCC_541\Debug\ADC_DelSig_1_IRQ.o .\CortexM3\ARM_GCC_541\Debug\ADC_DelSig_1_theACLK.o .\CortexM3\ARM_GCC_541\Debug\cy_em_eeprom.o .\CortexM3\ARM_GCC_541\Debug\CyDmac.o .\CortexM3\ARM_GCC_541\Debug\CyFlash.o .\CortexM3\ARM_GCC_541\Debug\CyLib.o .\CortexM3\ARM_GCC_541\Debug\cyPm.o .\CortexM3\ARM_GCC_541\Debug\CySpc.o .\CortexM3\ARM_GCC_541\Debug\cyutils.o .\CortexM3\ARM_GCC_541\Debug\CyBootAsmGnu.o
arm-none-eabi-ar.exe: creating .\CortexM3\ARM_GCC_541\Debug\EmulatedAnalogDAQ.a
arm-none-eabi-gcc.exe -Wl,--start-group -o "C:\Users\George Anwar\Documents\UC Berkeley\ME135 Spring 2020\PSOC Creator\ME135_235\EmulatedAnalogDAQ.cydsn\CortexM3\ARM_GCC_541\Debug\EmulatedAnalogDAQ.elf" .\CortexM3\ARM_GCC_541\Debug\main.o .\CortexM3\ARM_GCC_541\Debug\cyfitter_cfg.o .\CortexM3\ARM_GCC_541\Debug\cymetadata.o .\CortexM3\ARM_GCC_541\Debug\Cm3Start.o .\CortexM3\ARM_GCC_541\Debug\EmulatedAnalogDAQ.a "C:\Program Files (x86)\Cypress\PSoC Creator\4.2\PSoC Creator\psoc\content\cycomponentlibrary\CyComponentLibrary.cylib\CortexM3\ARM_GCC_541\Debug\CyComponentLibrary.a" -mcpu=cortex-m3 -mthumb -L Generated_Source\PSoC5 -Wl,-Map,.\CortexM3\ARM_GCC_541\Debug/EmulatedAnalogDAQ.map -T Generated_Source\PSoC5\cm3gcc.ld -specs=nano.specs -Wl,--gc-sections -g -ffunction-sections -Og -ffat-lto-objects -Wl,--end-group
cyelftool.exe -C "C:\Users\George Anwar\Documents\UC Berkeley\ME135 Spring 2020\PSOC Creator\ME135_235\EmulatedAnalogDAQ.cydsn\CortexM3\ARM_GCC_541\Debug\EmulatedAnalogDAQ.elf" --flash_row_size 256 --flash_size 262144 --flash_offset 0x00000000
No ELF section .cychecksum found, creating one
Application checksum calculated and stored in ELF section .cychecksum
Checksum calculated and stored in ELF section .cymeta
cyelftool.exe -S "C:\Users\George Anwar\Documents\UC Berkeley\ME135 Spring 2020\PSOC Creator\ME135_235\EmulatedAnalogDAQ.cydsn\CortexM3\ARM_GCC_541\Debug\EmulatedAnalogDAQ.elf"
Flash used: 5190 of 262144 bytes (2.0%).
SRAM used: 2577 of 65536 bytes (3.9%). Stack: 2048 bytes. Heap: 128 bytes.
--------------- Build Succeeded: 03/18/2020 17:32:34 ---------------
