ARM GAS  C:\Users\GEORGE~1\AppData\Local\Temp\ccx2mfZj.s 			page 1


   1              		.syntax unified
   2              		.cpu cortex-m3
   3              		.fpu softvfp
   4              		.eabi_attribute 20, 1
   5              		.eabi_attribute 21, 1
   6              		.eabi_attribute 23, 3
   7              		.eabi_attribute 24, 1
   8              		.eabi_attribute 25, 1
   9              		.eabi_attribute 26, 1
  10              		.eabi_attribute 30, 1
  11              		.eabi_attribute 34, 1
  12              		.eabi_attribute 18, 4
  13              		.thumb
  14              		.syntax unified
  15              		.file	"cymetadata.c"
  16              		.text
  17              	.Ltext0:
  18              		.cfi_sections	.debug_frame
  19              		.global	cy_metadata
  20              		.global	cy_meta_flashprotect
  21              		.global	cy_meta_wonvl
  22              		.global	cy_meta_custnvl
  23              		.global	cy_meta_configecc
  24              		.section	.cyconfigecc,"a",%progbits
  25              		.align	2
  26              		.type	cy_meta_configecc, %object
  27              		.size	cy_meta_configecc, 1516
  28              	cy_meta_configecc:
  29 0000 04       		.byte	4
  30 0001 52       		.byte	82
  31 0002 00       		.byte	0
  32 0003 40       		.byte	64
  33 0004 02       		.byte	2
  34 0005 64       		.byte	100
  35 0006 00       		.byte	0
  36 0007 40       		.byte	64
  37 0008 06       		.byte	6
  38 0009 65       		.byte	101
  39 000a 00       		.byte	0
  40 000b 40       		.byte	64
  41 000c 01       		.byte	1
  42 000d 07       		.byte	7
  43 000e 01       		.byte	1
  44 000f 40       		.byte	64
  45 0010 5C       		.byte	92
  46 0011 08       		.byte	8
  47 0012 01       		.byte	1
  48 0013 40       		.byte	64
  49 0014 43       		.byte	67
  50 0015 09       		.byte	9
  51 0016 01       		.byte	1
  52 0017 40       		.byte	64
  53 0018 03       		.byte	3
  54 0019 0B       		.byte	11
  55 001a 01       		.byte	1
  56 001b 40       		.byte	64
  57 001c 04       		.byte	4
ARM GAS  C:\Users\GEORGE~1\AppData\Local\Temp\ccx2mfZj.s 			page 2


  58 001d 0C       		.byte	12
  59 001e 01       		.byte	1
  60 001f 40       		.byte	64
  61 0020 01       		.byte	1
  62 0021 0D       		.byte	13
  63 0022 01       		.byte	1
  64 0023 40       		.byte	64
  65 0024 64       		.byte	100
  66 0025 14       		.byte	20
  67 0026 01       		.byte	1
  68 0027 40       		.byte	64
  69 0028 43       		.byte	67
  70 0029 15       		.byte	21
  71 002a 01       		.byte	1
  72 002b 40       		.byte	64
  73 002c 01       		.byte	1
  74 002d 17       		.byte	23
  75 002e 01       		.byte	1
  76 002f 40       		.byte	64
  77 0030 10       		.byte	16
  78 0031 18       		.byte	24
  79 0032 01       		.byte	1
  80 0033 40       		.byte	64
  81 0034 45       		.byte	69
  82 0035 19       		.byte	25
  83 0036 01       		.byte	1
  84 0037 40       		.byte	64
  85 0038 4D       		.byte	77
  86 0039 1A       		.byte	26
  87 003a 01       		.byte	1
  88 003b 40       		.byte	64
  89 003c 4A       		.byte	74
  90 003d 1B       		.byte	27
  91 003e 01       		.byte	1
  92 003f 40       		.byte	64
  93 0040 04       		.byte	4
  94 0041 40       		.byte	64
  95 0042 01       		.byte	1
  96 0043 40       		.byte	64
  97 0044 03       		.byte	3
  98 0045 41       		.byte	65
  99 0046 01       		.byte	1
 100 0047 40       		.byte	64
 101 0048 03       		.byte	3
 102 0049 42       		.byte	66
 103 004a 01       		.byte	1
 104 004b 40       		.byte	64
 105 004c 05       		.byte	5
 106 004d 43       		.byte	67
 107 004e 01       		.byte	1
 108 004f 40       		.byte	64
 109 0050 02       		.byte	2
 110 0051 45       		.byte	69
 111 0052 01       		.byte	1
 112 0053 40       		.byte	64
 113 0054 02       		.byte	2
 114 0055 46       		.byte	70
ARM GAS  C:\Users\GEORGE~1\AppData\Local\Temp\ccx2mfZj.s 			page 3


 115 0056 01       		.byte	1
 116 0057 40       		.byte	64
 117 0058 02       		.byte	2
 118 0059 48       		.byte	72
 119 005a 01       		.byte	1
 120 005b 40       		.byte	64
 121 005c 02       		.byte	2
 122 005d 49       		.byte	73
 123 005e 01       		.byte	1
 124 005f 40       		.byte	64
 125 0060 08       		.byte	8
 126 0061 4D       		.byte	77
 127 0062 01       		.byte	1
 128 0063 40       		.byte	64
 129 0064 09       		.byte	9
 130 0065 50       		.byte	80
 131 0066 01       		.byte	1
 132 0067 40       		.byte	64
 133 0068 01       		.byte	1
 134 0069 51       		.byte	81
 135 006a 01       		.byte	1
 136 006b 40       		.byte	64
 137 006c 10       		.byte	16
 138 006d 02       		.byte	2
 139 006e 11       		.byte	17
 140 006f 02       		.byte	2
 141 0070 61       		.byte	97
 142 0071 80       		.byte	-128
 143 0072 64       		.byte	100
 144 0073 40       		.byte	64
 145 0074 78       		.byte	120
 146 0075 01       		.byte	1
 147 0076 88       		.byte	-120
 148 0077 67       		.byte	103
 149 0078 74       		.byte	116
 150 0079 01       		.byte	1
 151 007a 79       		.byte	121
 152 007b 01       		.byte	1
 153 007c 85       		.byte	-123
 154 007d 0D       		.byte	13
 155 007e 89       		.byte	-119
 156 007f 38       		.byte	56
 157 0080 8A       		.byte	-118
 158 0081 72       		.byte	114
 159 0082 8B       		.byte	-117
 160 0083 0F       		.byte	15
 161 0084 E6       		.byte	-26
 162 0085 02       		.byte	2
 163 0086 02       		.byte	2
 164 0087 03       		.byte	3
 165 0088 03       		.byte	3
 166 0089 05       		.byte	5
 167 008a 10       		.byte	16
 168 008b 01       		.byte	1
 169 008c 11       		.byte	17
 170 008d 02       		.byte	2
 171 008e 19       		.byte	25
ARM GAS  C:\Users\GEORGE~1\AppData\Local\Temp\ccx2mfZj.s 			page 4


 172 008f 06       		.byte	6
 173 0090 22       		.byte	34
 174 0091 01       		.byte	1
 175 0092 30       		.byte	48
 176 0093 02       		.byte	2
 177 0094 31       		.byte	49
 178 0095 04       		.byte	4
 179 0096 33       		.byte	51
 180 0097 02       		.byte	2
 181 0098 35       		.byte	53
 182 0099 01       		.byte	1
 183 009a 36       		.byte	54
 184 009b 01       		.byte	1
 185 009c 39       		.byte	57
 186 009d 08       		.byte	8
 187 009e 3E       		.byte	62
 188 009f 40       		.byte	64
 189 00a0 3F       		.byte	63
 190 00a1 05       		.byte	5
 191 00a2 40       		.byte	64
 192 00a3 12       		.byte	18
 193 00a4 41       		.byte	65
 194 00a5 05       		.byte	5
 195 00a6 45       		.byte	69
 196 00a7 0C       		.byte	12
 197 00a8 46       		.byte	70
 198 00a9 20       		.byte	32
 199 00aa 47       		.byte	71
 200 00ab 4E       		.byte	78
 201 00ac 48       		.byte	72
 202 00ad 3B       		.byte	59
 203 00ae 49       		.byte	73
 204 00af FF       		.byte	-1
 205 00b0 4A       		.byte	74
 206 00b1 FF       		.byte	-1
 207 00b2 4B       		.byte	75
 208 00b3 FF       		.byte	-1
 209 00b4 4D       		.byte	77
 210 00b5 A0       		.byte	-96
 211 00b6 4F       		.byte	79
 212 00b7 01       		.byte	1
 213 00b8 50       		.byte	80
 214 00b9 18       		.byte	24
 215 00ba 54       		.byte	84
 216 00bb 07       		.byte	7
 217 00bc 56       		.byte	86
 218 00bd 04       		.byte	4
 219 00be 58       		.byte	88
 220 00bf 04       		.byte	4
 221 00c0 59       		.byte	89
 222 00c1 04       		.byte	4
 223 00c2 5A       		.byte	90
 224 00c3 04       		.byte	4
 225 00c4 5B       		.byte	91
 226 00c5 04       		.byte	4
 227 00c6 5C       		.byte	92
 228 00c7 99       		.byte	-103
ARM GAS  C:\Users\GEORGE~1\AppData\Local\Temp\ccx2mfZj.s 			page 5


 229 00c8 5D       		.byte	93
 230 00c9 99       		.byte	-103
 231 00ca 5F       		.byte	95
 232 00cb 05       		.byte	5
 233 00cc 60       		.byte	96
 234 00cd 40       		.byte	64
 235 00ce 62       		.byte	98
 236 00cf 80       		.byte	-128
 237 00d0 64       		.byte	100
 238 00d1 40       		.byte	64
 239 00d2 65       		.byte	101
 240 00d3 40       		.byte	64
 241 00d4 66       		.byte	102
 242 00d5 80       		.byte	-128
 243 00d6 68       		.byte	104
 244 00d7 40       		.byte	64
 245 00d8 6A       		.byte	106
 246 00d9 50       		.byte	80
 247 00da 6B       		.byte	107
 248 00db A8       		.byte	-88
 249 00dc 6C       		.byte	108
 250 00dd 40       		.byte	64
 251 00de 6D       		.byte	109
 252 00df 20       		.byte	32
 253 00e0 6E       		.byte	110
 254 00e1 50       		.byte	80
 255 00e2 6F       		.byte	111
 256 00e3 A8       		.byte	-88
 257 00e4 80       		.byte	-128
 258 00e5 3B       		.byte	59
 259 00e6 81       		.byte	-127
 260 00e7 4C       		.byte	76
 261 00e8 82       		.byte	-126
 262 00e9 40       		.byte	64
 263 00ea 83       		.byte	-125
 264 00eb 23       		.byte	35
 265 00ec 84       		.byte	-124
 266 00ed 3B       		.byte	59
 267 00ee 85       		.byte	-123
 268 00ef 02       		.byte	2
 269 00f0 88       		.byte	-120
 270 00f1 23       		.byte	35
 271 00f2 8A       		.byte	-118
 272 00f3 1C       		.byte	28
 273 00f4 8B       		.byte	-117
 274 00f5 63       		.byte	99
 275 00f6 8C       		.byte	-116
 276 00f7 38       		.byte	56
 277 00f8 8D       		.byte	-115
 278 00f9 01       		.byte	1
 279 00fa 8E       		.byte	-114
 280 00fb 03       		.byte	3
 281 00fc 90       		.byte	-112
 282 00fd 10       		.byte	16
 283 00fe 91       		.byte	-111
 284 00ff 03       		.byte	3
 285 0100 94       		.byte	-108
ARM GAS  C:\Users\GEORGE~1\AppData\Local\Temp\ccx2mfZj.s 			page 6


 286 0101 18       		.byte	24
 287 0102 95       		.byte	-107
 288 0103 0C       		.byte	12
 289 0104 98       		.byte	-104
 290 0105 08       		.byte	8
 291 0106 99       		.byte	-103
 292 0107 04       		.byte	4
 293 0108 9C       		.byte	-100
 294 0109 43       		.byte	67
 295 010a 9D       		.byte	-99
 296 010b 6F       		.byte	111
 297 010c 9E       		.byte	-98
 298 010d 04       		.byte	4
 299 010e A0       		.byte	-96
 300 010f 01       		.byte	1
 301 0110 A1       		.byte	-95
 302 0111 4F       		.byte	79
 303 0112 A3       		.byte	-93
 304 0113 10       		.byte	16
 305 0114 A4       		.byte	-92
 306 0115 02       		.byte	2
 307 0116 A5       		.byte	-91
 308 0117 0C       		.byte	12
 309 0118 A7       		.byte	-89
 310 0119 73       		.byte	115
 311 011a A9       		.byte	-87
 312 011b 63       		.byte	99
 313 011c AA       		.byte	-86
 314 011d 03       		.byte	3
 315 011e AB       		.byte	-85
 316 011f 0C       		.byte	12
 317 0120 AC       		.byte	-84
 318 0121 03       		.byte	3
 319 0122 AD       		.byte	-83
 320 0123 08       		.byte	8
 321 0124 B2       		.byte	-78
 322 0125 1F       		.byte	31
 323 0126 B3       		.byte	-77
 324 0127 4C       		.byte	76
 325 0128 B4       		.byte	-76
 326 0129 20       		.byte	32
 327 012a B5       		.byte	-75
 328 012b 3C       		.byte	60
 329 012c B6       		.byte	-74
 330 012d 40       		.byte	64
 331 012e B7       		.byte	-73
 332 012f 03       		.byte	3
 333 0130 BA       		.byte	-70
 334 0131 08       		.byte	8
 335 0132 BB       		.byte	-69
 336 0133 20       		.byte	32
 337 0134 BE       		.byte	-66
 338 0135 10       		.byte	16
 339 0136 D8       		.byte	-40
 340 0137 04       		.byte	4
 341 0138 D9       		.byte	-39
 342 0139 04       		.byte	4
ARM GAS  C:\Users\GEORGE~1\AppData\Local\Temp\ccx2mfZj.s 			page 7


 343 013a DB       		.byte	-37
 344 013b 04       		.byte	4
 345 013c DF       		.byte	-33
 346 013d 01       		.byte	1
 347 013e 00       		.byte	0
 348 013f 08       		.byte	8
 349 0140 01       		.byte	1
 350 0141 81       		.byte	-127
 351 0142 02       		.byte	2
 352 0143 01       		.byte	1
 353 0144 03       		.byte	3
 354 0145 A8       		.byte	-88
 355 0146 05       		.byte	5
 356 0147 01       		.byte	1
 357 0148 08       		.byte	8
 358 0149 91       		.byte	-111
 359 014a 09       		.byte	9
 360 014b 08       		.byte	8
 361 014c 0E       		.byte	14
 362 014d 80       		.byte	-128
 363 014e 10       		.byte	16
 364 014f 04       		.byte	4
 365 0150 11       		.byte	17
 366 0151 14       		.byte	20
 367 0152 12       		.byte	18
 368 0153 42       		.byte	66
 369 0154 13       		.byte	19
 370 0155 08       		.byte	8
 371 0156 16       		.byte	22
 372 0157 80       		.byte	-128
 373 0158 19       		.byte	25
 374 0159 20       		.byte	32
 375 015a 1B       		.byte	27
 376 015b 88       		.byte	-120
 377 015c 1D       		.byte	29
 378 015d 80       		.byte	-128
 379 015e 1E       		.byte	30
 380 015f 80       		.byte	-128
 381 0160 20       		.byte	32
 382 0161 28       		.byte	40
 383 0162 23       		.byte	35
 384 0163 02       		.byte	2
 385 0164 26       		.byte	38
 386 0165 20       		.byte	32
 387 0166 27       		.byte	39
 388 0167 A0       		.byte	-96
 389 0168 28       		.byte	40
 390 0169 81       		.byte	-127
 391 016a 29       		.byte	41
 392 016b 40       		.byte	64
 393 016c 2B       		.byte	43
 394 016d 28       		.byte	40
 395 016e 30       		.byte	48
 396 016f 30       		.byte	48
 397 0170 31       		.byte	49
 398 0171 08       		.byte	8
 399 0172 32       		.byte	50
ARM GAS  C:\Users\GEORGE~1\AppData\Local\Temp\ccx2mfZj.s 			page 8


 400 0173 02       		.byte	2
 401 0174 33       		.byte	51
 402 0175 80       		.byte	-128
 403 0176 36       		.byte	54
 404 0177 20       		.byte	32
 405 0178 37       		.byte	55
 406 0179 01       		.byte	1
 407 017a 38       		.byte	56
 408 017b 80       		.byte	-128
 409 017c 39       		.byte	57
 410 017d 14       		.byte	20
 411 017e 3A       		.byte	58
 412 017f 41       		.byte	65
 413 0180 3F       		.byte	63
 414 0181 02       		.byte	2
 415 0182 45       		.byte	69
 416 0183 80       		.byte	-128
 417 0184 47       		.byte	71
 418 0185 20       		.byte	32
 419 0186 4C       		.byte	76
 420 0187 01       		.byte	1
 421 0188 4D       		.byte	77
 422 0189 02       		.byte	2
 423 018a 4F       		.byte	79
 424 018b 04       		.byte	4
 425 018c 56       		.byte	86
 426 018d 08       		.byte	8
 427 018e 57       		.byte	87
 428 018f 11       		.byte	17
 429 0190 5A       		.byte	90
 430 0191 08       		.byte	8
 431 0192 5B       		.byte	91
 432 0193 08       		.byte	8
 433 0194 5E       		.byte	94
 434 0195 08       		.byte	8
 435 0196 5F       		.byte	95
 436 0197 90       		.byte	-112
 437 0198 63       		.byte	99
 438 0199 30       		.byte	48
 439 019a 66       		.byte	102
 440 019b 08       		.byte	8
 441 019c 67       		.byte	103
 442 019d 44       		.byte	68
 443 019e 68       		.byte	104
 444 019f 02       		.byte	2
 445 01a0 6F       		.byte	111
 446 01a1 03       		.byte	3
 447 01a2 79       		.byte	121
 448 01a3 02       		.byte	2
 449 01a4 7B       		.byte	123
 450 01a5 80       		.byte	-128
 451 01a6 7F       		.byte	127
 452 01a7 02       		.byte	2
 453 01a8 87       		.byte	-121
 454 01a9 40       		.byte	64
 455 01aa 90       		.byte	-112
 456 01ab 02       		.byte	2
ARM GAS  C:\Users\GEORGE~1\AppData\Local\Temp\ccx2mfZj.s 			page 9


 457 01ac A4       		.byte	-92
 458 01ad 02       		.byte	2
 459 01ae C0       		.byte	-64
 460 01af 1F       		.byte	31
 461 01b0 C2       		.byte	-62
 462 01b1 1F       		.byte	31
 463 01b2 C4       		.byte	-60
 464 01b3 1F       		.byte	31
 465 01b4 CA       		.byte	-54
 466 01b5 0F       		.byte	15
 467 01b6 CC       		.byte	-52
 468 01b7 AF       		.byte	-81
 469 01b8 CE       		.byte	-50
 470 01b9 8F       		.byte	-113
 471 01ba D0       		.byte	-48
 472 01bb 30       		.byte	48
 473 01bc D2       		.byte	-46
 474 01bd 10       		.byte	16
 475 01be D6       		.byte	-42
 476 01bf 70       		.byte	112
 477 01c0 D8       		.byte	-40
 478 01c1 E0       		.byte	-32
 479 01c2 DE       		.byte	-34
 480 01c3 10       		.byte	16
 481 01c4 84       		.byte	-124
 482 01c5 02       		.byte	2
 483 01c6 90       		.byte	-112
 484 01c7 02       		.byte	2
 485 01c8 E0       		.byte	-32
 486 01c9 08       		.byte	8
 487 01ca 39       		.byte	57
 488 01cb 80       		.byte	-128
 489 01cc 3F       		.byte	63
 490 01cd 40       		.byte	64
 491 01ce 59       		.byte	89
 492 01cf 04       		.byte	4
 493 01d0 5F       		.byte	95
 494 01d1 01       		.byte	1
 495 01d2 24       		.byte	36
 496 01d3 02       		.byte	2
 497 01d4 00       		.byte	0
 498 01d5 11       		.byte	17
 499 01d6 02       		.byte	2
 500 01d7 02       		.byte	2
 501 01d8 04       		.byte	4
 502 01d9 09       		.byte	9
 503 01da 05       		.byte	5
 504 01db 10       		.byte	16
 505 01dc 06       		.byte	6
 506 01dd 04       		.byte	4
 507 01de 09       		.byte	9
 508 01df 0C       		.byte	12
 509 01e0 0A       		.byte	10
 510 01e1 10       		.byte	16
 511 01e2 0B       		.byte	11
 512 01e3 13       		.byte	19
 513 01e4 0E       		.byte	14
ARM GAS  C:\Users\GEORGE~1\AppData\Local\Temp\ccx2mfZj.s 			page 10


 514 01e5 0E       		.byte	14
 515 01e6 12       		.byte	18
 516 01e7 04       		.byte	4
 517 01e8 15       		.byte	21
 518 01e9 02       		.byte	2
 519 01ea 16       		.byte	22
 520 01eb 05       		.byte	5
 521 01ec 17       		.byte	23
 522 01ed 05       		.byte	5
 523 01ee 1A       		.byte	26
 524 01ef 09       		.byte	9
 525 01f0 1B       		.byte	27
 526 01f1 08       		.byte	8
 527 01f2 21       		.byte	33
 528 01f3 1F       		.byte	31
 529 01f4 25       		.byte	37
 530 01f5 01       		.byte	1
 531 01f6 26       		.byte	38
 532 01f7 08       		.byte	8
 533 01f8 27       		.byte	39
 534 01f9 0E       		.byte	14
 535 01fa 2B       		.byte	43
 536 01fb 0C       		.byte	12
 537 01fc 34       		.byte	52
 538 01fd 10       		.byte	16
 539 01fe 35       		.byte	53
 540 01ff 1F       		.byte	31
 541 0200 36       		.byte	54
 542 0201 0F       		.byte	15
 543 0202 3A       		.byte	58
 544 0203 80       		.byte	-128
 545 0204 40       		.byte	64
 546 0205 43       		.byte	67
 547 0206 41       		.byte	65
 548 0207 01       		.byte	1
 549 0208 49       		.byte	73
 550 0209 FF       		.byte	-1
 551 020a 4A       		.byte	74
 552 020b FF       		.byte	-1
 553 020c 4B       		.byte	75
 554 020d FF       		.byte	-1
 555 020e 4F       		.byte	79
 556 020f 01       		.byte	1
 557 0210 50       		.byte	80
 558 0211 18       		.byte	24
 559 0212 58       		.byte	88
 560 0213 04       		.byte	4
 561 0214 59       		.byte	89
 562 0215 04       		.byte	4
 563 0216 5A       		.byte	90
 564 0217 04       		.byte	4
 565 0218 5B       		.byte	91
 566 0219 04       		.byte	4
 567 021a 5D       		.byte	93
 568 021b 01       		.byte	1
 569 021c 5F       		.byte	95
 570 021d 01       		.byte	1
ARM GAS  C:\Users\GEORGE~1\AppData\Local\Temp\ccx2mfZj.s 			page 11


 571 021e 60       		.byte	96
 572 021f 40       		.byte	64
 573 0220 62       		.byte	98
 574 0221 40       		.byte	64
 575 0222 64       		.byte	100
 576 0223 40       		.byte	64
 577 0224 65       		.byte	101
 578 0225 40       		.byte	64
 579 0226 66       		.byte	102
 580 0227 80       		.byte	-128
 581 0228 68       		.byte	104
 582 0229 80       		.byte	-128
 583 022a 6A       		.byte	106
 584 022b 80       		.byte	-128
 585 022c 6C       		.byte	108
 586 022d 80       		.byte	-128
 587 022e 6E       		.byte	110
 588 022f 80       		.byte	-128
 589 0230 82       		.byte	-126
 590 0231 01       		.byte	1
 591 0232 84       		.byte	-124
 592 0233 80       		.byte	-128
 593 0234 86       		.byte	-122
 594 0235 12       		.byte	18
 595 0236 8A       		.byte	-118
 596 0237 20       		.byte	32
 597 0238 8C       		.byte	-116
 598 0239 46       		.byte	70
 599 023a 8E       		.byte	-114
 600 023b 10       		.byte	16
 601 023c 94       		.byte	-108
 602 023d 06       		.byte	6
 603 023e 96       		.byte	-106
 604 023f 08       		.byte	8
 605 0240 97       		.byte	-105
 606 0241 01       		.byte	1
 607 0242 99       		.byte	-103
 608 0243 01       		.byte	1
 609 0244 9C       		.byte	-100
 610 0245 46       		.byte	70
 611 0246 9E       		.byte	-98
 612 0247 38       		.byte	56
 613 0248 A0       		.byte	-96
 614 0249 06       		.byte	6
 615 024a A2       		.byte	-94
 616 024b 10       		.byte	16
 617 024c A6       		.byte	-90
 618 024d 01       		.byte	1
 619 024e A8       		.byte	-88
 620 024f 24       		.byte	36
 621 0250 AA       		.byte	-86
 622 0251 50       		.byte	80
 623 0252 B0       		.byte	-80
 624 0253 01       		.byte	1
 625 0254 B2       		.byte	-78
 626 0255 3E       		.byte	62
 627 0256 B4       		.byte	-76
ARM GAS  C:\Users\GEORGE~1\AppData\Local\Temp\ccx2mfZj.s 			page 12


 628 0257 C0       		.byte	-64
 629 0258 B5       		.byte	-75
 630 0259 01       		.byte	1
 631 025a B8       		.byte	-72
 632 025b 20       		.byte	32
 633 025c BA       		.byte	-70
 634 025d 08       		.byte	8
 635 025e BE       		.byte	-66
 636 025f 01       		.byte	1
 637 0260 C0       		.byte	-64
 638 0261 43       		.byte	67
 639 0262 C1       		.byte	-63
 640 0263 01       		.byte	1
 641 0264 C5       		.byte	-59
 642 0265 EC       		.byte	-20
 643 0266 C6       		.byte	-58
 644 0267 20       		.byte	32
 645 0268 C8       		.byte	-56
 646 0269 0B       		.byte	11
 647 026a C9       		.byte	-55
 648 026b FF       		.byte	-1
 649 026c CA       		.byte	-54
 650 026d FF       		.byte	-1
 651 026e CB       		.byte	-53
 652 026f FF       		.byte	-1
 653 0270 CD       		.byte	-51
 654 0271 83       		.byte	-125
 655 0272 CE       		.byte	-50
 656 0273 03       		.byte	3
 657 0274 CF       		.byte	-49
 658 0275 01       		.byte	1
 659 0276 D0       		.byte	-48
 660 0277 18       		.byte	24
 661 0278 D2       		.byte	-46
 662 0279 80       		.byte	-128
 663 027a D4       		.byte	-44
 664 027b 01       		.byte	1
 665 027c D6       		.byte	-42
 666 027d 04       		.byte	4
 667 027e D8       		.byte	-40
 668 027f 04       		.byte	4
 669 0280 D9       		.byte	-39
 670 0281 04       		.byte	4
 671 0282 DA       		.byte	-38
 672 0283 04       		.byte	4
 673 0284 DB       		.byte	-37
 674 0285 04       		.byte	4
 675 0286 DD       		.byte	-35
 676 0287 11       		.byte	17
 677 0288 DF       		.byte	-33
 678 0289 05       		.byte	5
 679 028a E0       		.byte	-32
 680 028b 40       		.byte	64
 681 028c E2       		.byte	-30
 682 028d 40       		.byte	64
 683 028e E4       		.byte	-28
 684 028f 40       		.byte	64
ARM GAS  C:\Users\GEORGE~1\AppData\Local\Temp\ccx2mfZj.s 			page 13


 685 0290 E5       		.byte	-27
 686 0291 40       		.byte	64
 687 0292 E6       		.byte	-26
 688 0293 80       		.byte	-128
 689 0294 E8       		.byte	-24
 690 0295 80       		.byte	-128
 691 0296 EA       		.byte	-22
 692 0297 80       		.byte	-128
 693 0298 EC       		.byte	-20
 694 0299 80       		.byte	-128
 695 029a EE       		.byte	-18
 696 029b 80       		.byte	-128
 697 029c 00       		.byte	0
 698 029d 08       		.byte	8
 699 029e 01       		.byte	1
 700 029f A0       		.byte	-96
 701 02a0 03       		.byte	3
 702 02a1 80       		.byte	-128
 703 02a2 04       		.byte	4
 704 02a3 08       		.byte	8
 705 02a4 05       		.byte	5
 706 02a5 90       		.byte	-112
 707 02a6 06       		.byte	6
 708 02a7 80       		.byte	-128
 709 02a8 09       		.byte	9
 710 02a9 29       		.byte	41
 711 02aa 0E       		.byte	14
 712 02ab 22       		.byte	34
 713 02ac 10       		.byte	16
 714 02ad 20       		.byte	32
 715 02ae 15       		.byte	21
 716 02af 21       		.byte	33
 717 02b0 16       		.byte	22
 718 02b1 20       		.byte	32
 719 02b2 19       		.byte	25
 720 02b3 A0       		.byte	-96
 721 02b4 1A       		.byte	26
 722 02b5 02       		.byte	2
 723 02b6 1C       		.byte	28
 724 02b7 44       		.byte	68
 725 02b8 1D       		.byte	29
 726 02b9 3C       		.byte	60
 727 02ba 20       		.byte	32
 728 02bb 08       		.byte	8
 729 02bc 21       		.byte	33
 730 02bd 10       		.byte	16
 731 02be 27       		.byte	39
 732 02bf 08       		.byte	8
 733 02c0 28       		.byte	40
 734 02c1 10       		.byte	16
 735 02c2 29       		.byte	41
 736 02c3 10       		.byte	16
 737 02c4 2B       		.byte	43
 738 02c5 80       		.byte	-128
 739 02c6 30       		.byte	48
 740 02c7 20       		.byte	32
 741 02c8 31       		.byte	49
ARM GAS  C:\Users\GEORGE~1\AppData\Local\Temp\ccx2mfZj.s 			page 14


 742 02c9 04       		.byte	4
 743 02ca 36       		.byte	54
 744 02cb 10       		.byte	16
 745 02cc 37       		.byte	55
 746 02cd 08       		.byte	8
 747 02ce 38       		.byte	56
 748 02cf 08       		.byte	8
 749 02d0 39       		.byte	57
 750 02d1 20       		.byte	32
 751 02d2 41       		.byte	65
 752 02d3 40       		.byte	64
 753 02d4 42       		.byte	66
 754 02d5 A0       		.byte	-96
 755 02d6 43       		.byte	67
 756 02d7 40       		.byte	64
 757 02d8 46       		.byte	70
 758 02d9 A0       		.byte	-96
 759 02da 47       		.byte	71
 760 02db 40       		.byte	64
 761 02dc 4D       		.byte	77
 762 02dd 04       		.byte	4
 763 02de 4F       		.byte	79
 764 02df 01       		.byte	1
 765 02e0 56       		.byte	86
 766 02e1 20       		.byte	32
 767 02e2 5C       		.byte	92
 768 02e3 40       		.byte	64
 769 02e4 5D       		.byte	93
 770 02e5 04       		.byte	4
 771 02e6 5F       		.byte	95
 772 02e7 01       		.byte	1
 773 02e8 66       		.byte	102
 774 02e9 02       		.byte	2
 775 02ea 69       		.byte	105
 776 02eb C0       		.byte	-64
 777 02ec 76       		.byte	118
 778 02ed 80       		.byte	-128
 779 02ee 7D       		.byte	125
 780 02ef 40       		.byte	64
 781 02f0 80       		.byte	-128
 782 02f1 04       		.byte	4
 783 02f2 81       		.byte	-127
 784 02f3 01       		.byte	1
 785 02f4 84       		.byte	-124
 786 02f5 04       		.byte	4
 787 02f6 86       		.byte	-122
 788 02f7 10       		.byte	16
 789 02f8 87       		.byte	-121
 790 02f9 80       		.byte	-128
 791 02fa 88       		.byte	-120
 792 02fb 30       		.byte	48
 793 02fc 89       		.byte	-119
 794 02fd 01       		.byte	1
 795 02fe 8A       		.byte	-118
 796 02ff 01       		.byte	1
 797 0300 8C       		.byte	-116
 798 0301 04       		.byte	4
ARM GAS  C:\Users\GEORGE~1\AppData\Local\Temp\ccx2mfZj.s 			page 15


 799 0302 8D       		.byte	-115
 800 0303 04       		.byte	4
 801 0304 8E       		.byte	-114
 802 0305 01       		.byte	1
 803 0306 9E       		.byte	-98
 804 0307 02       		.byte	2
 805 0308 AE       		.byte	-82
 806 0309 02       		.byte	2
 807 030a C0       		.byte	-64
 808 030b FF       		.byte	-1
 809 030c C2       		.byte	-62
 810 030d AE       		.byte	-82
 811 030e C4       		.byte	-60
 812 030f 74       		.byte	116
 813 0310 CA       		.byte	-54
 814 0311 07       		.byte	7
 815 0312 CC       		.byte	-52
 816 0313 66       		.byte	102
 817 0314 CE       		.byte	-50
 818 0315 06       		.byte	6
 819 0316 D0       		.byte	-48
 820 0317 DB       		.byte	-37
 821 0318 D6       		.byte	-42
 822 0319 D0       		.byte	-48
 823 031a D8       		.byte	-40
 824 031b 80       		.byte	-128
 825 031c DE       		.byte	-34
 826 031d 10       		.byte	16
 827 031e E4       		.byte	-28
 828 031f 02       		.byte	2
 829 0320 E6       		.byte	-26
 830 0321 09       		.byte	9
 831 0322 EE       		.byte	-18
 832 0323 40       		.byte	64
 833 0324 02       		.byte	2
 834 0325 01       		.byte	1
 835 0326 0B       		.byte	11
 836 0327 01       		.byte	1
 837 0328 0F       		.byte	15
 838 0329 01       		.byte	1
 839 032a 13       		.byte	19
 840 032b 02       		.byte	2
 841 032c 21       		.byte	33
 842 032d 02       		.byte	2
 843 032e 33       		.byte	51
 844 032f 02       		.byte	2
 845 0330 36       		.byte	54
 846 0331 01       		.byte	1
 847 0332 37       		.byte	55
 848 0333 01       		.byte	1
 849 0334 3F       		.byte	63
 850 0335 44       		.byte	68
 851 0336 52       		.byte	82
 852 0337 80       		.byte	-128
 853 0338 58       		.byte	88
 854 0339 04       		.byte	4
 855 033a 59       		.byte	89
ARM GAS  C:\Users\GEORGE~1\AppData\Local\Temp\ccx2mfZj.s 			page 16


 856 033b 04       		.byte	4
 857 033c 5B       		.byte	91
 858 033d 04       		.byte	4
 859 033e 5C       		.byte	92
 860 033f 09       		.byte	9
 861 0340 5D       		.byte	93
 862 0341 90       		.byte	-112
 863 0342 5F       		.byte	95
 864 0343 01       		.byte	1
 865 0344 00       		.byte	0
 866 0345 08       		.byte	8
 867 0346 01       		.byte	1
 868 0347 81       		.byte	-127
 869 0348 03       		.byte	3
 870 0349 08       		.byte	8
 871 034a 05       		.byte	5
 872 034b 02       		.byte	2
 873 034c 08       		.byte	8
 874 034d 91       		.byte	-111
 875 034e 09       		.byte	9
 876 034f 08       		.byte	8
 877 0350 10       		.byte	16
 878 0351 06       		.byte	6
 879 0352 12       		.byte	18
 880 0353 40       		.byte	64
 881 0354 13       		.byte	19
 882 0355 04       		.byte	4
 883 0356 19       		.byte	25
 884 0357 90       		.byte	-112
 885 0358 1B       		.byte	27
 886 0359 01       		.byte	1
 887 035a 1F       		.byte	31
 888 035b 80       		.byte	-128
 889 035c 20       		.byte	32
 890 035d 04       		.byte	4
 891 035e 21       		.byte	33
 892 035f 40       		.byte	64
 893 0360 22       		.byte	34
 894 0361 06       		.byte	6
 895 0362 25       		.byte	37
 896 0363 80       		.byte	-128
 897 0364 26       		.byte	38
 898 0365 04       		.byte	4
 899 0366 29       		.byte	41
 900 0367 10       		.byte	16
 901 0368 2B       		.byte	43
 902 0369 01       		.byte	1
 903 036a 2F       		.byte	47
 904 036b 80       		.byte	-128
 905 036c 32       		.byte	50
 906 036d 06       		.byte	6
 907 036e 33       		.byte	51
 908 036f 10       		.byte	16
 909 0370 35       		.byte	53
 910 0371 02       		.byte	2
 911 0372 38       		.byte	56
 912 0373 82       		.byte	-126
ARM GAS  C:\Users\GEORGE~1\AppData\Local\Temp\ccx2mfZj.s 			page 17


 913 0374 39       		.byte	57
 914 0375 10       		.byte	16
 915 0376 3A       		.byte	58
 916 0377 40       		.byte	64
 917 0378 3C       		.byte	60
 918 0379 A0       		.byte	-96
 919 037a 41       		.byte	65
 920 037b 41       		.byte	65
 921 037c 42       		.byte	66
 922 037d 04       		.byte	4
 923 037e 43       		.byte	67
 924 037f 08       		.byte	8
 925 0380 48       		.byte	72
 926 0381 40       		.byte	64
 927 0382 4B       		.byte	75
 928 0383 80       		.byte	-128
 929 0384 50       		.byte	80
 930 0385 01       		.byte	1
 931 0386 58       		.byte	88
 932 0387 04       		.byte	4
 933 0388 5A       		.byte	90
 934 0389 04       		.byte	4
 935 038a 5B       		.byte	91
 936 038b 02       		.byte	2
 937 038c 60       		.byte	96
 938 038d 04       		.byte	4
 939 038e 61       		.byte	97
 940 038f 81       		.byte	-127
 941 0390 68       		.byte	104
 942 0391 02       		.byte	2
 943 0392 76       		.byte	118
 944 0393 80       		.byte	-128
 945 0394 78       		.byte	120
 946 0395 80       		.byte	-128
 947 0396 7B       		.byte	123
 948 0397 01       		.byte	1
 949 0398 91       		.byte	-111
 950 0399 03       		.byte	3
 951 039a 94       		.byte	-108
 952 039b 80       		.byte	-128
 953 039c 96       		.byte	-106
 954 039d 08       		.byte	8
 955 039e 98       		.byte	-104
 956 039f 11       		.byte	17
 957 03a0 99       		.byte	-103
 958 03a1 22       		.byte	34
 959 03a2 9B       		.byte	-101
 960 03a3 02       		.byte	2
 961 03a4 9C       		.byte	-100
 962 03a5 84       		.byte	-124
 963 03a6 9D       		.byte	-99
 964 03a7 C1       		.byte	-63
 965 03a8 9E       		.byte	-98
 966 03a9 80       		.byte	-128
 967 03aa A0       		.byte	-96
 968 03ab 14       		.byte	20
 969 03ac A3       		.byte	-93
ARM GAS  C:\Users\GEORGE~1\AppData\Local\Temp\ccx2mfZj.s 			page 18


 970 03ad 08       		.byte	8
 971 03ae A4       		.byte	-92
 972 03af 20       		.byte	32
 973 03b0 A5       		.byte	-91
 974 03b1 08       		.byte	8
 975 03b2 A6       		.byte	-90
 976 03b3 06       		.byte	6
 977 03b4 B5       		.byte	-75
 978 03b5 01       		.byte	1
 979 03b6 C0       		.byte	-64
 980 03b7 1F       		.byte	31
 981 03b8 C2       		.byte	-62
 982 03b9 0F       		.byte	15
 983 03ba C4       		.byte	-60
 984 03bb 0F       		.byte	15
 985 03bc CA       		.byte	-54
 986 03bd 8C       		.byte	-116
 987 03be CC       		.byte	-52
 988 03bf 87       		.byte	-121
 989 03c0 CE       		.byte	-50
 990 03c1 3D       		.byte	61
 991 03c2 D0       		.byte	-48
 992 03c3 0F       		.byte	15
 993 03c4 D2       		.byte	-46
 994 03c5 08       		.byte	8
 995 03c6 D6       		.byte	-42
 996 03c7 01       		.byte	1
 997 03c8 D8       		.byte	-40
 998 03c9 0D       		.byte	13
 999 03ca DE       		.byte	-34
 1000 03cb 08       		.byte	8
 1001 03cc EE       		.byte	-18
 1002 03cd 40       		.byte	64
 1003 03ce 04       		.byte	4
 1004 03cf 01       		.byte	1
 1005 03d0 0F       		.byte	15
 1006 03d1 01       		.byte	1
 1007 03d2 28       		.byte	40
 1008 03d3 01       		.byte	1
 1009 03d4 2C       		.byte	44
 1010 03d5 01       		.byte	1
 1011 03d6 2D       		.byte	45
 1012 03d7 01       		.byte	1
 1013 03d8 34       		.byte	52
 1014 03d9 01       		.byte	1
 1015 03da 35       		.byte	53
 1016 03db 01       		.byte	1
 1017 03dc 40       		.byte	64
 1018 03dd 04       		.byte	4
 1019 03de 45       		.byte	69
 1020 03df 40       		.byte	64
 1021 03e0 49       		.byte	73
 1022 03e1 FF       		.byte	-1
 1023 03e2 4A       		.byte	74
 1024 03e3 07       		.byte	7
 1025 03e4 4B       		.byte	75
 1026 03e5 FF       		.byte	-1
ARM GAS  C:\Users\GEORGE~1\AppData\Local\Temp\ccx2mfZj.s 			page 19


 1027 03e6 4C       		.byte	76
 1028 03e7 40       		.byte	64
 1029 03e8 4D       		.byte	77
 1030 03e9 20       		.byte	32
 1031 03ea 4E       		.byte	78
 1032 03eb F0       		.byte	-16
 1033 03ec 4F       		.byte	79
 1034 03ed 05       		.byte	5
 1035 03ee 50       		.byte	80
 1036 03ef 08       		.byte	8
 1037 03f0 56       		.byte	86
 1038 03f1 02       		.byte	2
 1039 03f2 57       		.byte	87
 1040 03f3 11       		.byte	17
 1041 03f4 58       		.byte	88
 1042 03f5 04       		.byte	4
 1043 03f6 59       		.byte	89
 1044 03f7 04       		.byte	4
 1045 03f8 5A       		.byte	90
 1046 03f9 04       		.byte	4
 1047 03fa 5B       		.byte	91
 1048 03fb 04       		.byte	4
 1049 03fc 5E       		.byte	94
 1050 03fd 08       		.byte	8
 1051 03fe 5F       		.byte	95
 1052 03ff 09       		.byte	9
 1053 0400 60       		.byte	96
 1054 0401 40       		.byte	64
 1055 0402 61       		.byte	97
 1056 0403 A8       		.byte	-88
 1057 0404 62       		.byte	98
 1058 0405 40       		.byte	64
 1059 0406 63       		.byte	99
 1060 0407 20       		.byte	32
 1061 0408 80       		.byte	-128
 1062 0409 10       		.byte	16
 1063 040a 81       		.byte	-127
 1064 040b 01       		.byte	1
 1065 040c 85       		.byte	-123
 1066 040d 06       		.byte	6
 1067 040e 86       		.byte	-122
 1068 040f 40       		.byte	64
 1069 0410 88       		.byte	-120
 1070 0411 14       		.byte	20
 1071 0412 8C       		.byte	-116
 1072 0413 09       		.byte	9
 1073 0414 8E       		.byte	-114
 1074 0415 10       		.byte	16
 1075 0416 91       		.byte	-111
 1076 0417 06       		.byte	6
 1077 0418 96       		.byte	-106
 1078 0419 40       		.byte	64
 1079 041a 97       		.byte	-105
 1080 041b 02       		.byte	2
 1081 041c 98       		.byte	-104
 1082 041d 20       		.byte	32
 1083 041e 99       		.byte	-103
ARM GAS  C:\Users\GEORGE~1\AppData\Local\Temp\ccx2mfZj.s 			page 20


 1084 041f 04       		.byte	4
 1085 0420 9A       		.byte	-102
 1086 0421 03       		.byte	3
 1087 0422 9C       		.byte	-100
 1088 0423 1F       		.byte	31
 1089 0424 A0       		.byte	-96
 1090 0425 4C       		.byte	76
 1091 0426 A2       		.byte	-94
 1092 0427 11       		.byte	17
 1093 0428 A4       		.byte	-92
 1094 0429 1C       		.byte	28
 1095 042a A6       		.byte	-90
 1096 042b 42       		.byte	66
 1097 042c A8       		.byte	-88
 1098 042d 50       		.byte	80
 1099 042e AA       		.byte	-86
 1100 042f 0C       		.byte	12
 1101 0430 B1       		.byte	-79
 1102 0431 06       		.byte	6
 1103 0432 B2       		.byte	-78
 1104 0433 20       		.byte	32
 1105 0434 B4       		.byte	-76
 1106 0435 1F       		.byte	31
 1107 0436 B5       		.byte	-75
 1108 0437 01       		.byte	1
 1109 0438 B6       		.byte	-74
 1110 0439 40       		.byte	64
 1111 043a B9       		.byte	-71
 1112 043b 02       		.byte	2
 1113 043c BE       		.byte	-66
 1114 043d 44       		.byte	68
 1115 043e BF       		.byte	-65
 1116 043f 11       		.byte	17
 1117 0440 C0       		.byte	-64
 1118 0441 23       		.byte	35
 1119 0442 C1       		.byte	-63
 1120 0443 04       		.byte	4
 1121 0444 C6       		.byte	-58
 1122 0445 C0       		.byte	-64
 1123 0446 C7       		.byte	-57
 1124 0447 EB       		.byte	-21
 1125 0448 C8       		.byte	-56
 1126 0449 38       		.byte	56
 1127 044a C9       		.byte	-55
 1128 044b FF       		.byte	-1
 1129 044c CA       		.byte	-54
 1130 044d FF       		.byte	-1
 1131 044e CB       		.byte	-53
 1132 044f FF       		.byte	-1
 1133 0450 CE       		.byte	-50
 1134 0451 F0       		.byte	-16
 1135 0452 CF       		.byte	-49
 1136 0453 44       		.byte	68
 1137 0454 D0       		.byte	-48
 1138 0455 0C       		.byte	12
 1139 0456 D4       		.byte	-44
 1140 0457 01       		.byte	1
ARM GAS  C:\Users\GEORGE~1\AppData\Local\Temp\ccx2mfZj.s 			page 21


 1141 0458 D8       		.byte	-40
 1142 0459 04       		.byte	4
 1143 045a D9       		.byte	-39
 1144 045b 04       		.byte	4
 1145 045c DA       		.byte	-38
 1146 045d 04       		.byte	4
 1147 045e DB       		.byte	-37
 1148 045f 04       		.byte	4
 1149 0460 DF       		.byte	-33
 1150 0461 0D       		.byte	13
 1151 0462 E6       		.byte	-26
 1152 0463 C0       		.byte	-64
 1153 0464 EA       		.byte	-22
 1154 0465 40       		.byte	64
 1155 0466 EB       		.byte	-21
 1156 0467 02       		.byte	2
 1157 0468 03       		.byte	3
 1158 0469 10       		.byte	16
 1159 046a 05       		.byte	5
 1160 046b 06       		.byte	6
 1161 046c 06       		.byte	6
 1162 046d 05       		.byte	5
 1163 046e 0E       		.byte	14
 1164 046f 18       		.byte	24
 1165 0470 0F       		.byte	15
 1166 0471 22       		.byte	34
 1167 0472 10       		.byte	16
 1168 0473 02       		.byte	2
 1169 0474 11       		.byte	17
 1170 0475 10       		.byte	16
 1171 0476 15       		.byte	21
 1172 0477 04       		.byte	4
 1173 0478 16       		.byte	22
 1174 0479 08       		.byte	8
 1175 047a 17       		.byte	23
 1176 047b 02       		.byte	2
 1177 047c 1A       		.byte	26
 1178 047d 04       		.byte	4
 1179 047e 1E       		.byte	30
 1180 047f 2A       		.byte	42
 1181 0480 23       		.byte	35
 1182 0481 04       		.byte	4
 1183 0482 24       		.byte	36
 1184 0483 40       		.byte	64
 1185 0484 27       		.byte	39
 1186 0485 08       		.byte	8
 1187 0486 2B       		.byte	43
 1188 0487 01       		.byte	1
 1189 0488 35       		.byte	53
 1190 0489 04       		.byte	4
 1191 048a 36       		.byte	54
 1192 048b 20       		.byte	32
 1193 048c 37       		.byte	55
 1194 048d 06       		.byte	6
 1195 048e 38       		.byte	56
 1196 048f 80       		.byte	-128
 1197 0490 3D       		.byte	61
ARM GAS  C:\Users\GEORGE~1\AppData\Local\Temp\ccx2mfZj.s 			page 22


 1198 0491 01       		.byte	1
 1199 0492 3E       		.byte	62
 1200 0493 0A       		.byte	10
 1201 0494 40       		.byte	64
 1202 0495 40       		.byte	64
 1203 0496 46       		.byte	70
 1204 0497 08       		.byte	8
 1205 0498 47       		.byte	71
 1206 0499 06       		.byte	6
 1207 049a 48       		.byte	72
 1208 049b 40       		.byte	64
 1209 049c 49       		.byte	73
 1210 049d 86       		.byte	-122
 1211 049e 4A       		.byte	74
 1212 049f 01       		.byte	1
 1213 04a0 56       		.byte	86
 1214 04a1 26       		.byte	38
 1215 04a2 57       		.byte	87
 1216 04a3 10       		.byte	16
 1217 04a4 59       		.byte	89
 1218 04a5 20       		.byte	32
 1219 04a6 5D       		.byte	93
 1220 04a7 81       		.byte	-127
 1221 04a8 5E       		.byte	94
 1222 04a9 10       		.byte	16
 1223 04aa 5F       		.byte	95
 1224 04ab 08       		.byte	8
 1225 04ac 68       		.byte	104
 1226 04ad 02       		.byte	2
 1227 04ae 69       		.byte	105
 1228 04af 10       		.byte	16
 1229 04b0 6B       		.byte	107
 1230 04b1 10       		.byte	16
 1231 04b2 70       		.byte	112
 1232 04b3 20       		.byte	32
 1233 04b4 71       		.byte	113
 1234 04b5 48       		.byte	72
 1235 04b6 7B       		.byte	123
 1236 04b7 03       		.byte	3
 1237 04b8 7F       		.byte	127
 1238 04b9 02       		.byte	2
 1239 04ba 81       		.byte	-127
 1240 04bb 04       		.byte	4
 1241 04bc 85       		.byte	-123
 1242 04bd 04       		.byte	4
 1243 04be 86       		.byte	-122
 1244 04bf 20       		.byte	32
 1245 04c0 87       		.byte	-121
 1246 04c1 01       		.byte	1
 1247 04c2 88       		.byte	-120
 1248 04c3 40       		.byte	64
 1249 04c4 8A       		.byte	-118
 1250 04c5 30       		.byte	48
 1251 04c6 8B       		.byte	-117
 1252 04c7 02       		.byte	2
 1253 04c8 8C       		.byte	-116
 1254 04c9 40       		.byte	64
ARM GAS  C:\Users\GEORGE~1\AppData\Local\Temp\ccx2mfZj.s 			page 23


 1255 04ca 8E       		.byte	-114
 1256 04cb 09       		.byte	9
 1257 04cc 94       		.byte	-108
 1258 04cd 80       		.byte	-128
 1259 04ce 95       		.byte	-107
 1260 04cf 10       		.byte	16
 1261 04d0 96       		.byte	-106
 1262 04d1 04       		.byte	4
 1263 04d2 97       		.byte	-105
 1264 04d3 04       		.byte	4
 1265 04d4 99       		.byte	-103
 1266 04d5 20       		.byte	32
 1267 04d6 9D       		.byte	-99
 1268 04d7 40       		.byte	64
 1269 04d8 9F       		.byte	-97
 1270 04d9 10       		.byte	16
 1271 04da A3       		.byte	-93
 1272 04db 01       		.byte	1
 1273 04dc A4       		.byte	-92
 1274 04dd 20       		.byte	32
 1275 04de A5       		.byte	-91
 1276 04df 08       		.byte	8
 1277 04e0 B0       		.byte	-80
 1278 04e1 10       		.byte	16
 1279 04e2 B3       		.byte	-77
 1280 04e3 40       		.byte	64
 1281 04e4 C0       		.byte	-64
 1282 04e5 F4       		.byte	-12
 1283 04e6 C2       		.byte	-62
 1284 04e7 E0       		.byte	-32
 1285 04e8 C4       		.byte	-60
 1286 04e9 73       		.byte	115
 1287 04ea CA       		.byte	-54
 1288 04eb 08       		.byte	8
 1289 04ec CC       		.byte	-52
 1290 04ed E0       		.byte	-32
 1291 04ee CE       		.byte	-50
 1292 04ef C8       		.byte	-56
 1293 04f0 D0       		.byte	-48
 1294 04f1 E1       		.byte	-31
 1295 04f2 D6       		.byte	-42
 1296 04f3 F4       		.byte	-12
 1297 04f4 DE       		.byte	-34
 1298 04f5 18       		.byte	24
 1299 04f6 E0       		.byte	-32
 1300 04f7 30       		.byte	48
 1301 04f8 E4       		.byte	-28
 1302 04f9 40       		.byte	64
 1303 04fa E6       		.byte	-26
 1304 04fb A0       		.byte	-96
 1305 04fc 31       		.byte	49
 1306 04fd 20       		.byte	32
 1307 04fe 32       		.byte	50
 1308 04ff 04       		.byte	4
 1309 0500 36       		.byte	54
 1310 0501 20       		.byte	32
 1311 0502 CC       		.byte	-52
ARM GAS  C:\Users\GEORGE~1\AppData\Local\Temp\ccx2mfZj.s 			page 24


 1312 0503 70       		.byte	112
 1313 0504 96       		.byte	-106
 1314 0505 08       		.byte	8
 1315 0506 A5       		.byte	-91
 1316 0507 20       		.byte	32
 1317 0508 A6       		.byte	-90
 1318 0509 20       		.byte	32
 1319 050a 96       		.byte	-106
 1320 050b 08       		.byte	8
 1321 050c A5       		.byte	-91
 1322 050d 20       		.byte	32
 1323 050e A6       		.byte	-90
 1324 050f 20       		.byte	32
 1325 0510 86       		.byte	-122
 1326 0511 20       		.byte	32
 1327 0512 96       		.byte	-106
 1328 0513 08       		.byte	8
 1329 0514 A5       		.byte	-91
 1330 0515 20       		.byte	32
 1331 0516 A6       		.byte	-90
 1332 0517 20       		.byte	32
 1333 0518 E6       		.byte	-26
 1334 0519 40       		.byte	64
 1335 051a 57       		.byte	87
 1336 051b 02       		.byte	2
 1337 051c D6       		.byte	-42
 1338 051d 04       		.byte	4
 1339 051e 87       		.byte	-121
 1340 051f 02       		.byte	2
 1341 0520 A7       		.byte	-89
 1342 0521 02       		.byte	2
 1343 0522 96       		.byte	-106
 1344 0523 08       		.byte	8
 1345 0524 B5       		.byte	-75
 1346 0525 20       		.byte	32
 1347 0526 AE       		.byte	-82
 1348 0527 04       		.byte	4
 1349 0528 EE       		.byte	-18
 1350 0529 10       		.byte	16
 1351 052a 10       		.byte	16
 1352 052b 20       		.byte	32
 1353 052c 7B       		.byte	123
 1354 052d 01       		.byte	1
 1355 052e 8B       		.byte	-117
 1356 052f 01       		.byte	1
 1357 0530 8C       		.byte	-116
 1358 0531 20       		.byte	32
 1359 0532 C4       		.byte	-60
 1360 0533 08       		.byte	8
 1361 0534 DC       		.byte	-36
 1362 0535 01       		.byte	1
 1363 0536 E0       		.byte	-32
 1364 0537 01       		.byte	1
 1365 0538 E6       		.byte	-26
 1366 0539 08       		.byte	8
 1367 053a 00       		.byte	0
 1368 053b 01       		.byte	1
ARM GAS  C:\Users\GEORGE~1\AppData\Local\Temp\ccx2mfZj.s 			page 25


 1369 053c 01       		.byte	1
 1370 053d 01       		.byte	1
 1371 053e 0C       		.byte	12
 1372 053f 01       		.byte	1
 1373 0540 0D       		.byte	13
 1374 0541 01       		.byte	1
 1375 0542 10       		.byte	16
 1376 0543 03       		.byte	3
 1377 0544 11       		.byte	17
 1378 0545 01       		.byte	1
 1379 0546 1A       		.byte	26
 1380 0547 03       		.byte	3
 1381 0548 1C       		.byte	28
 1382 0549 01       		.byte	1
 1383 054a 1D       		.byte	29
 1384 054b 01       		.byte	1
 1385 054c 00       		.byte	0
 1386 054d 3F       		.byte	63
 1387 054e 00       		.byte	0
 1388 054f 00       		.byte	0
 1389 0550 6F       		.byte	111
 1390 0551 00       		.byte	0
 1391 0552 00       		.byte	0
 1392 0553 01       		.byte	1
 1393 0554 0E       		.byte	14
 1394 0555 00       		.byte	0
 1395 0556 41       		.byte	65
 1396 0557 00       		.byte	0
 1397 0558 63       		.byte	99
 1398 0559 3E       		.byte	62
 1399 055a 0C       		.byte	12
 1400 055b 00       		.byte	0
 1401 055c 0E       		.byte	14
 1402 055d 14       		.byte	20
 1403 055e 70       		.byte	112
 1404 055f A2       		.byte	-94
 1405 0560 08       		.byte	8
 1406 0561 02       		.byte	2
 1407 0562 00       		.byte	0
 1408 0563 4C       		.byte	76
 1409 0564 0C       		.byte	12
 1410 0565 28       		.byte	40
 1411 0566 00       		.byte	0
 1412 0567 92       		.byte	-110
 1413 0568 04       		.byte	4
 1414 0569 3E       		.byte	62
 1415 056a 00       		.byte	0
 1416 056b 00       		.byte	0
 1417 056c 0F       		.byte	15
 1418 056d 00       		.byte	0
 1419 056e 10       		.byte	16
 1420 056f 00       		.byte	0
 1421 0570 02       		.byte	2
 1422 0571 00       		.byte	0
 1423 0572 00       		.byte	0
 1424 0573 00       		.byte	0
 1425 0574 00       		.byte	0
ARM GAS  C:\Users\GEORGE~1\AppData\Local\Temp\ccx2mfZj.s 			page 26


 1426 0575 00       		.byte	0
 1427 0576 02       		.byte	2
 1428 0577 00       		.byte	0
 1429 0578 00       		.byte	0
 1430 0579 00       		.byte	0
 1431 057a 21       		.byte	33
 1432 057b 01       		.byte	1
 1433 057c 00       		.byte	0
 1434 057d 3E       		.byte	62
 1435 057e 80       		.byte	-128
 1436 057f 00       		.byte	0
 1437 0580 80       		.byte	-128
 1438 0581 0E       		.byte	14
 1439 0582 00       		.byte	0
 1440 0583 30       		.byte	48
 1441 0584 40       		.byte	64
 1442 0585 01       		.byte	1
 1443 0586 3F       		.byte	63
 1444 0587 C0       		.byte	-64
 1445 0588 20       		.byte	32
 1446 0589 00       		.byte	0
 1447 058a 80       		.byte	-128
 1448 058b 00       		.byte	0
 1449 058c 00       		.byte	0
 1450 058d 00       		.byte	0
 1451 058e 00       		.byte	0
 1452 058f 50       		.byte	80
 1453 0590 32       		.byte	50
 1454 0591 04       		.byte	4
 1455 0592 05       		.byte	5
 1456 0593 00       		.byte	0
 1457 0594 01       		.byte	1
 1458 0595 C0       		.byte	-64
 1459 0596 00       		.byte	0
 1460 0597 E0       		.byte	-32
 1461 0598 22       		.byte	34
 1462 0599 FF       		.byte	-1
 1463 059a FF       		.byte	-1
 1464 059b FF       		.byte	-1
 1465 059c 62       		.byte	98
 1466 059d A0       		.byte	-96
 1467 059e F0       		.byte	-16
 1468 059f 41       		.byte	65
 1469 05a0 0C       		.byte	12
 1470 05a1 00       		.byte	0
 1471 05a2 00       		.byte	0
 1472 05a3 00       		.byte	0
 1473 05a4 18       		.byte	24
 1474 05a5 00       		.byte	0
 1475 05a6 04       		.byte	4
 1476 05a7 00       		.byte	0
 1477 05a8 04       		.byte	4
 1478 05a9 04       		.byte	4
 1479 05aa 04       		.byte	4
 1480 05ab 04       		.byte	4
 1481 05ac 00       		.byte	0
 1482 05ad 00       		.byte	0
ARM GAS  C:\Users\GEORGE~1\AppData\Local\Temp\ccx2mfZj.s 			page 27


 1483 05ae 00       		.byte	0
 1484 05af 0D       		.byte	13
 1485 05b0 00       		.byte	0
 1486 05b1 00       		.byte	0
 1487 05b2 00       		.byte	0
 1488 05b3 00       		.byte	0
 1489 05b4 00       		.byte	0
 1490 05b5 00       		.byte	0
 1491 05b6 40       		.byte	64
 1492 05b7 02       		.byte	2
 1493 05b8 00       		.byte	0
 1494 05b9 10       		.byte	16
 1495 05ba 30       		.byte	48
 1496 05bb 10       		.byte	16
 1497 05bc 00       		.byte	0
 1498 05bd 10       		.byte	16
 1499 05be 10       		.byte	16
 1500 05bf 12       		.byte	18
 1501 05c0 00       		.byte	0
 1502 05c1 00       		.byte	0
 1503 05c2 00       		.byte	0
 1504 05c3 00       		.byte	0
 1505 05c4 00       		.byte	0
 1506 05c5 00       		.byte	0
 1507 05c6 00       		.byte	0
 1508 05c7 00       		.byte	0
 1509 05c8 00       		.byte	0
 1510 05c9 00       		.byte	0
 1511 05ca 00       		.byte	0
 1512 05cb 00       		.byte	0
 1513 05cc 00       		.byte	0
 1514 05cd 00       		.byte	0
 1515 05ce 00       		.byte	0
 1516 05cf 00       		.byte	0
 1517 05d0 80       		.byte	-128
 1518 05d1 00       		.byte	0
 1519 05d2 40       		.byte	64
 1520 05d3 80       		.byte	-128
 1521 05d4 80       		.byte	-128
 1522 05d5 00       		.byte	0
 1523 05d6 80       		.byte	-128
 1524 05d7 00       		.byte	0
 1525 05d8 00       		.byte	0
 1526 05d9 00       		.byte	0
 1527 05da 00       		.byte	0
 1528 05db 00       		.byte	0
 1529 05dc 00       		.byte	0
 1530 05dd 0B       		.byte	11
 1531 05de 0B       		.byte	11
 1532 05df 00       		.byte	0
 1533 05e0 00       		.byte	0
 1534 05e1 00       		.byte	0
 1535 05e2 00       		.byte	0
 1536 05e3 00       		.byte	0
 1537 05e4 00       		.byte	0
 1538 05e5 02       		.byte	2
 1539 05e6 02       		.byte	2
ARM GAS  C:\Users\GEORGE~1\AppData\Local\Temp\ccx2mfZj.s 			page 28


 1540 05e7 00       		.byte	0
 1541 05e8 02       		.byte	2
 1542 05e9 00       		.byte	0
 1543 05ea 00       		.byte	0
 1544 05eb 00       		.byte	0
 1545              		.section	.cywolatch,"a",%progbits
 1546              		.align	2
 1547              		.type	cy_meta_wonvl, %object
 1548              		.size	cy_meta_wonvl, 4
 1549              	cy_meta_wonvl:
 1550 0000 BC       		.byte	-68
 1551 0001 90       		.byte	-112
 1552 0002 AC       		.byte	-84
 1553 0003 AF       		.byte	-81
 1554              		.section	.cycustnvl,"a",%progbits
 1555              		.align	2
 1556              		.type	cy_meta_custnvl, %object
 1557              		.size	cy_meta_custnvl, 4
 1558              	cy_meta_custnvl:
 1559 0000 00       		.byte	0
 1560 0001 00       		.byte	0
 1561 0002 40       		.byte	64
 1562 0003 05       		.byte	5
 1563              		.section	.cymeta,"a",%progbits
 1564              		.align	2
 1565              		.type	cy_metadata, %object
 1566              		.size	cy_metadata, 12
 1567              	cy_metadata:
 1568 0000 00       		.byte	0
 1569 0001 01       		.byte	1
 1570 0002 2E       		.byte	46
 1571 0003 16       		.byte	22
 1572 0004 10       		.byte	16
 1573 0005 69       		.byte	105
 1574 0006 00       		.byte	0
 1575 0007 01       		.byte	1
 1576 0008 00       		.byte	0
 1577 0009 00       		.byte	0
 1578 000a 00       		.byte	0
 1579 000b 00       		.byte	0
 1580              		.section	.cyflashprotect,"a",%progbits
 1581              		.align	2
 1582              		.type	cy_meta_flashprotect, %object
 1583              		.size	cy_meta_flashprotect, 256
 1584              	cy_meta_flashprotect:
 1585 0000 00000000 		.space	256
 1585      00000000 
 1585      00000000 
 1585      00000000 
 1585      00000000 
 1586              		.text
 1587              	.Letext0:
 1588              		.file 1 "c:\\program files (x86)\\cypress\\psoc creator\\4.2\\psoc creator\\import\\gnu\\arm\\5.4.
 1589              		.file 2 "c:\\program files (x86)\\cypress\\psoc creator\\4.2\\psoc creator\\import\\gnu\\arm\\5.4.
 1590              		.file 3 "Generated_Source\\PSoC5\\cymetadata.c"
 1591              		.section	.debug_info,"",%progbits
 1592              	.Ldebug_info0:
ARM GAS  C:\Users\GEORGE~1\AppData\Local\Temp\ccx2mfZj.s 			page 29


 1593 0000 33010000 		.4byte	0x133
 1594 0004 0400     		.2byte	0x4
 1595 0006 00000000 		.4byte	.Ldebug_abbrev0
 1596 000a 04       		.byte	0x4
 1597 000b 01       		.uleb128 0x1
 1598 000c 24000000 		.4byte	.LASF17
 1599 0010 0C       		.byte	0xc
 1600 0011 E4010000 		.4byte	.LASF18
 1601 0015 B2000000 		.4byte	.LASF19
 1602 0019 00000000 		.4byte	.Ldebug_line0
 1603 001d 02       		.uleb128 0x2
 1604 001e 01       		.byte	0x1
 1605 001f 06       		.byte	0x6
 1606 0020 D8010000 		.4byte	.LASF0
 1607 0024 03       		.uleb128 0x3
 1608 0025 00000000 		.4byte	.LASF9
 1609 0029 01       		.byte	0x1
 1610 002a 1D       		.byte	0x1d
 1611 002b 2F000000 		.4byte	0x2f
 1612 002f 02       		.uleb128 0x2
 1613 0030 01       		.byte	0x1
 1614 0031 08       		.byte	0x8
 1615 0032 16000000 		.4byte	.LASF1
 1616 0036 02       		.uleb128 0x2
 1617 0037 02       		.byte	0x2
 1618 0038 05       		.byte	0x5
 1619 0039 C5010000 		.4byte	.LASF2
 1620 003d 02       		.uleb128 0x2
 1621 003e 02       		.byte	0x2
 1622 003f 07       		.byte	0x7
 1623 0040 2A010000 		.4byte	.LASF3
 1624 0044 02       		.uleb128 0x2
 1625 0045 04       		.byte	0x4
 1626 0046 05       		.byte	0x5
 1627 0047 CF010000 		.4byte	.LASF4
 1628 004b 02       		.uleb128 0x2
 1629 004c 04       		.byte	0x4
 1630 004d 07       		.byte	0x7
 1631 004e 18010000 		.4byte	.LASF5
 1632 0052 02       		.uleb128 0x2
 1633 0053 08       		.byte	0x8
 1634 0054 05       		.byte	0x5
 1635 0055 B7010000 		.4byte	.LASF6
 1636 0059 02       		.uleb128 0x2
 1637 005a 08       		.byte	0x8
 1638 005b 07       		.byte	0x7
 1639 005c 6C010000 		.4byte	.LASF7
 1640 0060 04       		.uleb128 0x4
 1641 0061 04       		.byte	0x4
 1642 0062 05       		.byte	0x5
 1643 0063 696E7400 		.ascii	"int\000"
 1644 0067 02       		.uleb128 0x2
 1645 0068 04       		.byte	0x4
 1646 0069 07       		.byte	0x7
 1647 006a 5F010000 		.4byte	.LASF8
 1648 006e 03       		.uleb128 0x3
 1649 006f 83010000 		.4byte	.LASF10
ARM GAS  C:\Users\GEORGE~1\AppData\Local\Temp\ccx2mfZj.s 			page 30


 1650 0073 02       		.byte	0x2
 1651 0074 18       		.byte	0x18
 1652 0075 24000000 		.4byte	0x24
 1653 0079 05       		.uleb128 0x5
 1654 007a 91000000 		.4byte	0x91
 1655 007e 8A000000 		.4byte	0x8a
 1656 0082 06       		.uleb128 0x6
 1657 0083 8A000000 		.4byte	0x8a
 1658 0087 EB05     		.2byte	0x5eb
 1659 0089 00       		.byte	0
 1660 008a 02       		.uleb128 0x2
 1661 008b 04       		.byte	0x4
 1662 008c 07       		.byte	0x7
 1663 008d AE010000 		.4byte	.LASF11
 1664 0091 07       		.uleb128 0x7
 1665 0092 6E000000 		.4byte	0x6e
 1666 0096 08       		.uleb128 0x8
 1667 0097 4D010000 		.4byte	.LASF12
 1668 009b 03       		.byte	0x3
 1669 009c 1F       		.byte	0x1f
 1670 009d A7000000 		.4byte	0xa7
 1671 00a1 05       		.uleb128 0x5
 1672 00a2 03       		.byte	0x3
 1673 00a3 00000000 		.4byte	cy_meta_configecc
 1674 00a7 07       		.uleb128 0x7
 1675 00a8 79000000 		.4byte	0x79
 1676 00ac 05       		.uleb128 0x5
 1677 00ad 91000000 		.4byte	0x91
 1678 00b1 BC000000 		.4byte	0xbc
 1679 00b5 09       		.uleb128 0x9
 1680 00b6 8A000000 		.4byte	0x8a
 1681 00ba 03       		.byte	0x3
 1682 00bb 00       		.byte	0
 1683 00bc 08       		.uleb128 0x8
 1684 00bd 3D010000 		.4byte	.LASF13
 1685 00c1 03       		.byte	0x3
 1686 00c2 EA       		.byte	0xea
 1687 00c3 CD000000 		.4byte	0xcd
 1688 00c7 05       		.uleb128 0x5
 1689 00c8 03       		.byte	0x3
 1690 00c9 00000000 		.4byte	cy_meta_custnvl
 1691 00cd 07       		.uleb128 0x7
 1692 00ce AC000000 		.4byte	0xac
 1693 00d2 08       		.uleb128 0x8
 1694 00d3 A0010000 		.4byte	.LASF14
 1695 00d7 03       		.byte	0x3
 1696 00d8 F8       		.byte	0xf8
 1697 00d9 E3000000 		.4byte	0xe3
 1698 00dd 05       		.uleb128 0x5
 1699 00de 03       		.byte	0x3
 1700 00df 00000000 		.4byte	cy_meta_wonvl
 1701 00e3 07       		.uleb128 0x7
 1702 00e4 AC000000 		.4byte	0xac
 1703 00e8 05       		.uleb128 0x5
 1704 00e9 91000000 		.4byte	0x91
 1705 00ed F8000000 		.4byte	0xf8
 1706 00f1 09       		.uleb128 0x9
ARM GAS  C:\Users\GEORGE~1\AppData\Local\Temp\ccx2mfZj.s 			page 31


 1707 00f2 8A000000 		.4byte	0x8a
 1708 00f6 FF       		.byte	0xff
 1709 00f7 00       		.byte	0
 1710 00f8 0A       		.uleb128 0xa
 1711 00f9 8B010000 		.4byte	.LASF15
 1712 00fd 03       		.byte	0x3
 1713 00fe 0601     		.2byte	0x106
 1714 0100 0A010000 		.4byte	0x10a
 1715 0104 05       		.uleb128 0x5
 1716 0105 03       		.byte	0x3
 1717 0106 00000000 		.4byte	cy_meta_flashprotect
 1718 010a 07       		.uleb128 0x7
 1719 010b E8000000 		.4byte	0xe8
 1720 010f 05       		.uleb128 0x5
 1721 0110 91000000 		.4byte	0x91
 1722 0114 1F010000 		.4byte	0x11f
 1723 0118 09       		.uleb128 0x9
 1724 0119 8A000000 		.4byte	0x8a
 1725 011d 0B       		.byte	0xb
 1726 011e 00       		.byte	0
 1727 011f 0A       		.uleb128 0xa
 1728 0120 0A000000 		.4byte	.LASF16
 1729 0124 03       		.byte	0x3
 1730 0125 3301     		.2byte	0x133
 1731 0127 31010000 		.4byte	0x131
 1732 012b 05       		.uleb128 0x5
 1733 012c 03       		.byte	0x3
 1734 012d 00000000 		.4byte	cy_metadata
 1735 0131 07       		.uleb128 0x7
 1736 0132 0F010000 		.4byte	0x10f
 1737 0136 00       		.byte	0
 1738              		.section	.debug_abbrev,"",%progbits
 1739              	.Ldebug_abbrev0:
 1740 0000 01       		.uleb128 0x1
 1741 0001 11       		.uleb128 0x11
 1742 0002 01       		.byte	0x1
 1743 0003 25       		.uleb128 0x25
 1744 0004 0E       		.uleb128 0xe
 1745 0005 13       		.uleb128 0x13
 1746 0006 0B       		.uleb128 0xb
 1747 0007 03       		.uleb128 0x3
 1748 0008 0E       		.uleb128 0xe
 1749 0009 1B       		.uleb128 0x1b
 1750 000a 0E       		.uleb128 0xe
 1751 000b 10       		.uleb128 0x10
 1752 000c 17       		.uleb128 0x17
 1753 000d 00       		.byte	0
 1754 000e 00       		.byte	0
 1755 000f 02       		.uleb128 0x2
 1756 0010 24       		.uleb128 0x24
 1757 0011 00       		.byte	0
 1758 0012 0B       		.uleb128 0xb
 1759 0013 0B       		.uleb128 0xb
 1760 0014 3E       		.uleb128 0x3e
 1761 0015 0B       		.uleb128 0xb
 1762 0016 03       		.uleb128 0x3
 1763 0017 0E       		.uleb128 0xe
ARM GAS  C:\Users\GEORGE~1\AppData\Local\Temp\ccx2mfZj.s 			page 32


 1764 0018 00       		.byte	0
 1765 0019 00       		.byte	0
 1766 001a 03       		.uleb128 0x3
 1767 001b 16       		.uleb128 0x16
 1768 001c 00       		.byte	0
 1769 001d 03       		.uleb128 0x3
 1770 001e 0E       		.uleb128 0xe
 1771 001f 3A       		.uleb128 0x3a
 1772 0020 0B       		.uleb128 0xb
 1773 0021 3B       		.uleb128 0x3b
 1774 0022 0B       		.uleb128 0xb
 1775 0023 49       		.uleb128 0x49
 1776 0024 13       		.uleb128 0x13
 1777 0025 00       		.byte	0
 1778 0026 00       		.byte	0
 1779 0027 04       		.uleb128 0x4
 1780 0028 24       		.uleb128 0x24
 1781 0029 00       		.byte	0
 1782 002a 0B       		.uleb128 0xb
 1783 002b 0B       		.uleb128 0xb
 1784 002c 3E       		.uleb128 0x3e
 1785 002d 0B       		.uleb128 0xb
 1786 002e 03       		.uleb128 0x3
 1787 002f 08       		.uleb128 0x8
 1788 0030 00       		.byte	0
 1789 0031 00       		.byte	0
 1790 0032 05       		.uleb128 0x5
 1791 0033 01       		.uleb128 0x1
 1792 0034 01       		.byte	0x1
 1793 0035 49       		.uleb128 0x49
 1794 0036 13       		.uleb128 0x13
 1795 0037 01       		.uleb128 0x1
 1796 0038 13       		.uleb128 0x13
 1797 0039 00       		.byte	0
 1798 003a 00       		.byte	0
 1799 003b 06       		.uleb128 0x6
 1800 003c 21       		.uleb128 0x21
 1801 003d 00       		.byte	0
 1802 003e 49       		.uleb128 0x49
 1803 003f 13       		.uleb128 0x13
 1804 0040 2F       		.uleb128 0x2f
 1805 0041 05       		.uleb128 0x5
 1806 0042 00       		.byte	0
 1807 0043 00       		.byte	0
 1808 0044 07       		.uleb128 0x7
 1809 0045 26       		.uleb128 0x26
 1810 0046 00       		.byte	0
 1811 0047 49       		.uleb128 0x49
 1812 0048 13       		.uleb128 0x13
 1813 0049 00       		.byte	0
 1814 004a 00       		.byte	0
 1815 004b 08       		.uleb128 0x8
 1816 004c 34       		.uleb128 0x34
 1817 004d 00       		.byte	0
 1818 004e 03       		.uleb128 0x3
 1819 004f 0E       		.uleb128 0xe
 1820 0050 3A       		.uleb128 0x3a
ARM GAS  C:\Users\GEORGE~1\AppData\Local\Temp\ccx2mfZj.s 			page 33


 1821 0051 0B       		.uleb128 0xb
 1822 0052 3B       		.uleb128 0x3b
 1823 0053 0B       		.uleb128 0xb
 1824 0054 49       		.uleb128 0x49
 1825 0055 13       		.uleb128 0x13
 1826 0056 3F       		.uleb128 0x3f
 1827 0057 19       		.uleb128 0x19
 1828 0058 02       		.uleb128 0x2
 1829 0059 18       		.uleb128 0x18
 1830 005a 00       		.byte	0
 1831 005b 00       		.byte	0
 1832 005c 09       		.uleb128 0x9
 1833 005d 21       		.uleb128 0x21
 1834 005e 00       		.byte	0
 1835 005f 49       		.uleb128 0x49
 1836 0060 13       		.uleb128 0x13
 1837 0061 2F       		.uleb128 0x2f
 1838 0062 0B       		.uleb128 0xb
 1839 0063 00       		.byte	0
 1840 0064 00       		.byte	0
 1841 0065 0A       		.uleb128 0xa
 1842 0066 34       		.uleb128 0x34
 1843 0067 00       		.byte	0
 1844 0068 03       		.uleb128 0x3
 1845 0069 0E       		.uleb128 0xe
 1846 006a 3A       		.uleb128 0x3a
 1847 006b 0B       		.uleb128 0xb
 1848 006c 3B       		.uleb128 0x3b
 1849 006d 05       		.uleb128 0x5
 1850 006e 49       		.uleb128 0x49
 1851 006f 13       		.uleb128 0x13
 1852 0070 3F       		.uleb128 0x3f
 1853 0071 19       		.uleb128 0x19
 1854 0072 02       		.uleb128 0x2
 1855 0073 18       		.uleb128 0x18
 1856 0074 00       		.byte	0
 1857 0075 00       		.byte	0
 1858 0076 00       		.byte	0
 1859              		.section	.debug_aranges,"",%progbits
 1860 0000 14000000 		.4byte	0x14
 1861 0004 0200     		.2byte	0x2
 1862 0006 00000000 		.4byte	.Ldebug_info0
 1863 000a 04       		.byte	0x4
 1864 000b 00       		.byte	0
 1865 000c 0000     		.2byte	0
 1866 000e 0000     		.2byte	0
 1867 0010 00000000 		.4byte	0
 1868 0014 00000000 		.4byte	0
 1869              		.section	.debug_line,"",%progbits
 1870              	.Ldebug_line0:
 1871 0000 3D010000 		.section	.debug_str,"MS",%progbits,1
 1871      02003701 
 1871      00000201 
 1871      FB0E0D00 
 1871      01010101 
 1872              	.LASF9:
 1873 0000 5F5F7569 		.ascii	"__uint8_t\000"
ARM GAS  C:\Users\GEORGE~1\AppData\Local\Temp\ccx2mfZj.s 			page 34


 1873      6E74385F 
 1873      7400
 1874              	.LASF16:
 1875 000a 63795F6D 		.ascii	"cy_metadata\000"
 1875      65746164 
 1875      61746100 
 1876              	.LASF1:
 1877 0016 756E7369 		.ascii	"unsigned char\000"
 1877      676E6564 
 1877      20636861 
 1877      7200
 1878              	.LASF17:
 1879 0024 474E5520 		.ascii	"GNU C11 5.4.1 20160609 (release) [ARM/embedded-5-br"
 1879      43313120 
 1879      352E342E 
 1879      31203230 
 1879      31363036 
 1880 0057 616E6368 		.ascii	"anch revision 237715] -mcpu=cortex-m3 -mthumb -g -O"
 1880      20726576 
 1880      6973696F 
 1880      6E203233 
 1880      37373135 
 1881 008a 67202D66 		.ascii	"g -ffunction-sections -ffat-lto-objects\000"
 1881      66756E63 
 1881      74696F6E 
 1881      2D736563 
 1881      74696F6E 
 1882              	.LASF19:
 1883 00b2 433A5C55 		.ascii	"C:\\Users\\George Anwar\\Documents\\UC Berkeley\\ME"
 1883      73657273 
 1883      5C47656F 
 1883      72676520 
 1883      416E7761 
 1884 00e0 31333520 		.ascii	"135 Spring 2020\\PSOC Creator\\ME135_235\\Lab6Sampl"
 1884      53707269 
 1884      6E672032 
 1884      3032305C 
 1884      50534F43 
 1885 0110 652E6379 		.ascii	"e.cydsn\000"
 1885      64736E00 
 1886              	.LASF5:
 1887 0118 6C6F6E67 		.ascii	"long unsigned int\000"
 1887      20756E73 
 1887      69676E65 
 1887      6420696E 
 1887      7400
 1888              	.LASF3:
 1889 012a 73686F72 		.ascii	"short unsigned int\000"
 1889      7420756E 
 1889      7369676E 
 1889      65642069 
 1889      6E7400
 1890              	.LASF13:
 1891 013d 63795F6D 		.ascii	"cy_meta_custnvl\000"
 1891      6574615F 
 1891      63757374 
 1891      6E766C00 
ARM GAS  C:\Users\GEORGE~1\AppData\Local\Temp\ccx2mfZj.s 			page 35


 1892              	.LASF12:
 1893 014d 63795F6D 		.ascii	"cy_meta_configecc\000"
 1893      6574615F 
 1893      636F6E66 
 1893      69676563 
 1893      6300
 1894              	.LASF8:
 1895 015f 756E7369 		.ascii	"unsigned int\000"
 1895      676E6564 
 1895      20696E74 
 1895      00
 1896              	.LASF7:
 1897 016c 6C6F6E67 		.ascii	"long long unsigned int\000"
 1897      206C6F6E 
 1897      6720756E 
 1897      7369676E 
 1897      65642069 
 1898              	.LASF10:
 1899 0183 75696E74 		.ascii	"uint8_t\000"
 1899      385F7400 
 1900              	.LASF15:
 1901 018b 63795F6D 		.ascii	"cy_meta_flashprotect\000"
 1901      6574615F 
 1901      666C6173 
 1901      6870726F 
 1901      74656374 
 1902              	.LASF14:
 1903 01a0 63795F6D 		.ascii	"cy_meta_wonvl\000"
 1903      6574615F 
 1903      776F6E76 
 1903      6C00
 1904              	.LASF11:
 1905 01ae 73697A65 		.ascii	"sizetype\000"
 1905      74797065 
 1905      00
 1906              	.LASF6:
 1907 01b7 6C6F6E67 		.ascii	"long long int\000"
 1907      206C6F6E 
 1907      6720696E 
 1907      7400
 1908              	.LASF2:
 1909 01c5 73686F72 		.ascii	"short int\000"
 1909      7420696E 
 1909      7400
 1910              	.LASF4:
 1911 01cf 6C6F6E67 		.ascii	"long int\000"
 1911      20696E74 
 1911      00
 1912              	.LASF0:
 1913 01d8 7369676E 		.ascii	"signed char\000"
 1913      65642063 
 1913      68617200 
 1914              	.LASF18:
 1915 01e4 47656E65 		.ascii	"Generated_Source\\PSoC5\\cymetadata.c\000"
 1915      72617465 
 1915      645F536F 
 1915      75726365 
ARM GAS  C:\Users\GEORGE~1\AppData\Local\Temp\ccx2mfZj.s 			page 36


 1915      5C50536F 
 1916              		.ident	"GCC: (GNU Tools for ARM Embedded Processors) 5.4.1 20160609 (release) [ARM/embedded-5-bran
