ARM GAS  C:\Users\shawn\AppData\Local\Temp\cc8EDnqO.s 			page 1


   1              		.syntax unified
   2              		.cpu cortex-m3
   3              		.fpu softvfp
   4              		.eabi_attribute 20, 1
   5              		.eabi_attribute 21, 1
   6              		.eabi_attribute 23, 3
   7              		.eabi_attribute 24, 1
   8              		.eabi_attribute 25, 1
   9              		.eabi_attribute 26, 1
  10              		.eabi_attribute 30, 1
  11              		.eabi_attribute 34, 1
  12              		.eabi_attribute 18, 4
  13              		.thumb
  14              		.syntax unified
  15              		.file	"cymetadata.c"
  16              		.text
  17              	.Ltext0:
  18              		.cfi_sections	.debug_frame
  19              		.global	cy_metadata
  20              		.global	cy_meta_flashprotect
  21              		.global	cy_meta_wonvl
  22              		.global	cy_meta_custnvl
  23              		.global	cy_meta_configecc
  24              		.section	.cyconfigecc,"a",%progbits
  25              		.align	2
  26              		.type	cy_meta_configecc, %object
  27              		.size	cy_meta_configecc, 1248
  28              	cy_meta_configecc:
  29 0000 02       		.byte	2
  30 0001 4F       		.byte	79
  31 0002 00       		.byte	0
  32 0003 40       		.byte	64
  33 0004 03       		.byte	3
  34 0005 52       		.byte	82
  35 0006 00       		.byte	0
  36 0007 40       		.byte	64
  37 0008 01       		.byte	1
  38 0009 64       		.byte	100
  39 000a 00       		.byte	0
  40 000b 40       		.byte	64
  41 000c 05       		.byte	5
  42 000d 65       		.byte	101
  43 000e 00       		.byte	0
  44 000f 40       		.byte	64
  45 0010 01       		.byte	1
  46 0011 07       		.byte	7
  47 0012 01       		.byte	1
  48 0013 40       		.byte	64
  49 0014 6E       		.byte	110
  50 0015 08       		.byte	8
  51 0016 01       		.byte	1
  52 0017 40       		.byte	64
  53 0018 42       		.byte	66
  54 0019 09       		.byte	9
  55 001a 01       		.byte	1
  56 001b 40       		.byte	64
  57 001c 01       		.byte	1
ARM GAS  C:\Users\shawn\AppData\Local\Temp\cc8EDnqO.s 			page 2


  58 001d 17       		.byte	23
  59 001e 01       		.byte	1
  60 001f 40       		.byte	64
  61 0020 5F       		.byte	95
  62 0021 18       		.byte	24
  63 0022 01       		.byte	1
  64 0023 40       		.byte	64
  65 0024 4E       		.byte	78
  66 0025 19       		.byte	25
  67 0026 01       		.byte	1
  68 0027 40       		.byte	64
  69 0028 15       		.byte	21
  70 0029 1A       		.byte	26
  71 002a 01       		.byte	1
  72 002b 40       		.byte	64
  73 002c 53       		.byte	83
  74 002d 1B       		.byte	27
  75 002e 01       		.byte	1
  76 002f 40       		.byte	64
  77 0030 03       		.byte	3
  78 0031 40       		.byte	64
  79 0032 01       		.byte	1
  80 0033 40       		.byte	64
  81 0034 01       		.byte	1
  82 0035 41       		.byte	65
  83 0036 01       		.byte	1
  84 0037 40       		.byte	64
  85 0038 01       		.byte	1
  86 0039 42       		.byte	66
  87 003a 01       		.byte	1
  88 003b 40       		.byte	64
  89 003c 05       		.byte	5
  90 003d 43       		.byte	67
  91 003e 01       		.byte	1
  92 003f 40       		.byte	64
  93 0040 02       		.byte	2
  94 0041 45       		.byte	69
  95 0042 01       		.byte	1
  96 0043 40       		.byte	64
  97 0044 01       		.byte	1
  98 0045 46       		.byte	70
  99 0046 01       		.byte	1
 100 0047 40       		.byte	64
 101 0048 03       		.byte	3
 102 0049 47       		.byte	71
 103 004a 01       		.byte	1
 104 004b 40       		.byte	64
 105 004c 04       		.byte	4
 106 004d 48       		.byte	72
 107 004e 01       		.byte	1
 108 004f 40       		.byte	64
 109 0050 09       		.byte	9
 110 0051 4D       		.byte	77
 111 0052 01       		.byte	1
 112 0053 40       		.byte	64
 113 0054 04       		.byte	4
 114 0055 50       		.byte	80
ARM GAS  C:\Users\shawn\AppData\Local\Temp\cc8EDnqO.s 			page 3


 115 0056 01       		.byte	1
 116 0057 40       		.byte	64
 117 0058 01       		.byte	1
 118 0059 51       		.byte	81
 119 005a 01       		.byte	1
 120 005b 40       		.byte	64
 121 005c 01       		.byte	1
 122 005d 20       		.byte	32
 123 005e 0A       		.byte	10
 124 005f 27       		.byte	39
 125 0060 11       		.byte	17
 126 0061 02       		.byte	2
 127 0062 61       		.byte	97
 128 0063 80       		.byte	-128
 129 0064 64       		.byte	100
 130 0065 40       		.byte	64
 131 0066 88       		.byte	-120
 132 0067 0F       		.byte	15
 133 0068 78       		.byte	120
 134 0069 01       		.byte	1
 135 006a 7A       		.byte	122
 136 006b 01       		.byte	1
 137 006c 89       		.byte	-119
 138 006d 67       		.byte	103
 139 006e 8A       		.byte	-118
 140 006f 38       		.byte	56
 141 0070 8B       		.byte	-117
 142 0071 72       		.byte	114
 143 0072 E6       		.byte	-26
 144 0073 01       		.byte	1
 145 0074 04       		.byte	4
 146 0075 10       		.byte	16
 147 0076 07       		.byte	7
 148 0077 10       		.byte	16
 149 0078 09       		.byte	9
 150 0079 43       		.byte	67
 151 007a 0A       		.byte	10
 152 007b 0C       		.byte	12
 153 007c 0B       		.byte	11
 154 007d 08       		.byte	8
 155 007e 0C       		.byte	12
 156 007f 1F       		.byte	31
 157 0080 0D       		.byte	13
 158 0081 03       		.byte	3
 159 0082 0F       		.byte	15
 160 0083 48       		.byte	72
 161 0084 11       		.byte	17
 162 0085 43       		.byte	67
 163 0086 13       		.byte	19
 164 0087 1C       		.byte	28
 165 0088 16       		.byte	22
 166 0089 08       		.byte	8
 167 008a 17       		.byte	23
 168 008b 49       		.byte	73
 169 008c 18       		.byte	24
 170 008d 20       		.byte	32
 171 008e 1B       		.byte	27
ARM GAS  C:\Users\shawn\AppData\Local\Temp\cc8EDnqO.s 			page 4


 172 008f 20       		.byte	32
 173 0090 1D       		.byte	29
 174 0091 23       		.byte	35
 175 0092 1F       		.byte	31
 176 0093 04       		.byte	4
 177 0094 20       		.byte	32
 178 0095 02       		.byte	2
 179 0096 22       		.byte	34
 180 0097 05       		.byte	5
 181 0098 24       		.byte	36
 182 0099 0C       		.byte	12
 183 009a 26       		.byte	38
 184 009b 13       		.byte	19
 185 009c 28       		.byte	40
 186 009d 01       		.byte	1
 187 009e 29       		.byte	41
 188 009f 12       		.byte	18
 189 00a0 2A       		.byte	42
 190 00a1 0E       		.byte	14
 191 00a2 2B       		.byte	43
 192 00a3 48       		.byte	72
 193 00a4 32       		.byte	50
 194 00a5 1F       		.byte	31
 195 00a6 33       		.byte	51
 196 00a7 40       		.byte	64
 197 00a8 34       		.byte	52
 198 00a9 20       		.byte	32
 199 00aa 35       		.byte	53
 200 00ab 20       		.byte	32
 201 00ac 37       		.byte	55
 202 00ad 1F       		.byte	31
 203 00ae 38       		.byte	56
 204 00af 80       		.byte	-128
 205 00b0 3B       		.byte	59
 206 00b1 80       		.byte	-128
 207 00b2 3E       		.byte	62
 208 00b3 50       		.byte	80
 209 00b4 3F       		.byte	63
 210 00b5 04       		.byte	4
 211 00b6 40       		.byte	64
 212 00b7 46       		.byte	70
 213 00b8 41       		.byte	65
 214 00b9 02       		.byte	2
 215 00ba 45       		.byte	69
 216 00bb 0E       		.byte	14
 217 00bc 46       		.byte	70
 218 00bd 0C       		.byte	12
 219 00be 47       		.byte	71
 220 00bf B0       		.byte	-80
 221 00c0 48       		.byte	72
 222 00c1 25       		.byte	37
 223 00c2 49       		.byte	73
 224 00c3 FF       		.byte	-1
 225 00c4 4A       		.byte	74
 226 00c5 FF       		.byte	-1
 227 00c6 4B       		.byte	75
 228 00c7 FF       		.byte	-1
ARM GAS  C:\Users\shawn\AppData\Local\Temp\cc8EDnqO.s 			page 5


 229 00c8 4E       		.byte	78
 230 00c9 F0       		.byte	-16
 231 00ca 4F       		.byte	79
 232 00cb 44       		.byte	68
 233 00cc 50       		.byte	80
 234 00cd 0C       		.byte	12
 235 00ce 54       		.byte	84
 236 00cf 01       		.byte	1
 237 00d0 58       		.byte	88
 238 00d1 04       		.byte	4
 239 00d2 59       		.byte	89
 240 00d3 04       		.byte	4
 241 00d4 5A       		.byte	90
 242 00d5 04       		.byte	4
 243 00d6 5B       		.byte	91
 244 00d7 04       		.byte	4
 245 00d8 5C       		.byte	92
 246 00d9 11       		.byte	17
 247 00da 5D       		.byte	93
 248 00db 11       		.byte	17
 249 00dc 5F       		.byte	95
 250 00dd 0D       		.byte	13
 251 00de 66       		.byte	102
 252 00df C0       		.byte	-64
 253 00e0 6A       		.byte	106
 254 00e1 40       		.byte	64
 255 00e2 6B       		.byte	107
 256 00e3 02       		.byte	2
 257 00e4 82       		.byte	-126
 258 00e5 20       		.byte	32
 259 00e6 85       		.byte	-123
 260 00e7 20       		.byte	32
 261 00e8 86       		.byte	-122
 262 00e9 03       		.byte	3
 263 00ea 87       		.byte	-121
 264 00eb 44       		.byte	68
 265 00ec 89       		.byte	-119
 266 00ed D0       		.byte	-48
 267 00ee 8B       		.byte	-117
 268 00ef 0E       		.byte	14
 269 00f0 8C       		.byte	-116
 270 00f1 3F       		.byte	63
 271 00f2 90       		.byte	-112
 272 00f3 14       		.byte	20
 273 00f4 94       		.byte	-108
 274 00f5 1C       		.byte	28
 275 00f6 95       		.byte	-107
 276 00f7 89       		.byte	-119
 277 00f8 96       		.byte	-106
 278 00f9 02       		.byte	2
 279 00fa 97       		.byte	-105
 280 00fb 14       		.byte	20
 281 00fc 98       		.byte	-104
 282 00fd 09       		.byte	9
 283 00fe 9A       		.byte	-102
 284 00ff 10       		.byte	16
 285 0100 9B       		.byte	-101
ARM GAS  C:\Users\shawn\AppData\Local\Temp\cc8EDnqO.s 			page 6


 286 0101 08       		.byte	8
 287 0102 9D       		.byte	-99
 288 0103 D0       		.byte	-48
 289 0104 9F       		.byte	-97
 290 0105 05       		.byte	5
 291 0106 A0       		.byte	-96
 292 0107 10       		.byte	16
 293 0108 A1       		.byte	-95
 294 0109 01       		.byte	1
 295 010a A2       		.byte	-94
 296 010b 0C       		.byte	12
 297 010c A3       		.byte	-93
 298 010d 02       		.byte	2
 299 010e A4       		.byte	-92
 300 010f 10       		.byte	16
 301 0110 A7       		.byte	-89
 302 0111 09       		.byte	9
 303 0112 A8       		.byte	-88
 304 0113 0C       		.byte	12
 305 0114 AA       		.byte	-86
 306 0115 11       		.byte	17
 307 0116 B0       		.byte	-80
 308 0117 20       		.byte	32
 309 0118 B1       		.byte	-79
 310 0119 C0       		.byte	-64
 311 011a B3       		.byte	-77
 312 011b 0F       		.byte	15
 313 011c B4       		.byte	-76
 314 011d 1F       		.byte	31
 315 011e B5       		.byte	-75
 316 011f 30       		.byte	48
 317 0120 B9       		.byte	-71
 318 0121 22       		.byte	34
 319 0122 BB       		.byte	-69
 320 0123 08       		.byte	8
 321 0124 BF       		.byte	-65
 322 0125 01       		.byte	1
 323 0126 C0       		.byte	-64
 324 0127 04       		.byte	4
 325 0128 C5       		.byte	-59
 326 0129 04       		.byte	4
 327 012a C9       		.byte	-55
 328 012b FF       		.byte	-1
 329 012c CA       		.byte	-54
 330 012d 07       		.byte	7
 331 012e CB       		.byte	-53
 332 012f FF       		.byte	-1
 333 0130 CC       		.byte	-52
 334 0131 40       		.byte	64
 335 0132 CD       		.byte	-51
 336 0133 20       		.byte	32
 337 0134 CE       		.byte	-50
 338 0135 F0       		.byte	-16
 339 0136 CF       		.byte	-49
 340 0137 05       		.byte	5
 341 0138 D0       		.byte	-48
 342 0139 08       		.byte	8
ARM GAS  C:\Users\shawn\AppData\Local\Temp\cc8EDnqO.s 			page 7


 343 013a D8       		.byte	-40
 344 013b 04       		.byte	4
 345 013c D9       		.byte	-39
 346 013d 04       		.byte	4
 347 013e DA       		.byte	-38
 348 013f 04       		.byte	4
 349 0140 DB       		.byte	-37
 350 0141 04       		.byte	4
 351 0142 DC       		.byte	-36
 352 0143 11       		.byte	17
 353 0144 DD       		.byte	-35
 354 0145 01       		.byte	1
 355 0146 DF       		.byte	-33
 356 0147 09       		.byte	9
 357 0148 E0       		.byte	-32
 358 0149 40       		.byte	64
 359 014a E1       		.byte	-31
 360 014b A8       		.byte	-88
 361 014c E2       		.byte	-30
 362 014d 40       		.byte	64
 363 014e E3       		.byte	-29
 364 014f 20       		.byte	32
 365 0150 00       		.byte	0
 366 0151 04       		.byte	4
 367 0152 01       		.byte	1
 368 0153 02       		.byte	2
 369 0154 02       		.byte	2
 370 0155 01       		.byte	1
 371 0156 04       		.byte	4
 372 0157 08       		.byte	8
 373 0158 06       		.byte	6
 374 0159 01       		.byte	1
 375 015a 07       		.byte	7
 376 015b 08       		.byte	8
 377 015c 09       		.byte	9
 378 015d 09       		.byte	9
 379 015e 0B       		.byte	11
 380 015f 04       		.byte	4
 381 0160 0E       		.byte	14
 382 0161 20       		.byte	32
 383 0162 0F       		.byte	15
 384 0163 08       		.byte	8
 385 0164 10       		.byte	16
 386 0165 20       		.byte	32
 387 0166 13       		.byte	19
 388 0167 22       		.byte	34
 389 0168 16       		.byte	22
 390 0169 20       		.byte	32
 391 016a 17       		.byte	23
 392 016b 22       		.byte	34
 393 016c 18       		.byte	24
 394 016d 04       		.byte	4
 395 016e 19       		.byte	25
 396 016f 02       		.byte	2
 397 0170 1D       		.byte	29
 398 0171 0C       		.byte	12
 399 0172 1E       		.byte	30
ARM GAS  C:\Users\shawn\AppData\Local\Temp\cc8EDnqO.s 			page 8


 400 0173 0A       		.byte	10
 401 0174 1F       		.byte	31
 402 0175 04       		.byte	4
 403 0176 20       		.byte	32
 404 0177 50       		.byte	80
 405 0178 23       		.byte	35
 406 0179 2C       		.byte	44
 407 017a 26       		.byte	38
 408 017b A0       		.byte	-96
 409 017c 27       		.byte	39
 410 017d 12       		.byte	18
 411 017e 28       		.byte	40
 412 017f 80       		.byte	-128
 413 0180 2A       		.byte	42
 414 0181 09       		.byte	9
 415 0182 2E       		.byte	46
 416 0183 20       		.byte	32
 417 0184 2F       		.byte	47
 418 0185 04       		.byte	4
 419 0186 30       		.byte	48
 420 0187 20       		.byte	32
 421 0188 31       		.byte	49
 422 0189 04       		.byte	4
 423 018a 32       		.byte	50
 424 018b 80       		.byte	-128
 425 018c 34       		.byte	52
 426 018d 80       		.byte	-128
 427 018e 36       		.byte	54
 428 018f 28       		.byte	40
 429 0190 37       		.byte	55
 430 0191 02       		.byte	2
 431 0192 38       		.byte	56
 432 0193 18       		.byte	24
 433 0194 3C       		.byte	60
 434 0195 10       		.byte	16
 435 0196 3D       		.byte	61
 436 0197 40       		.byte	64
 437 0198 3E       		.byte	62
 438 0199 08       		.byte	8
 439 019a 3F       		.byte	63
 440 019b 84       		.byte	-124
 441 019c 40       		.byte	64
 442 019d 40       		.byte	64
 443 019e 47       		.byte	71
 444 019f 22       		.byte	34
 445 01a0 48       		.byte	72
 446 01a1 20       		.byte	32
 447 01a2 4A       		.byte	74
 448 01a3 10       		.byte	16
 449 01a4 4C       		.byte	76
 450 01a5 04       		.byte	4
 451 01a6 4D       		.byte	77
 452 01a7 04       		.byte	4
 453 01a8 4F       		.byte	79
 454 01a9 08       		.byte	8
 455 01aa 50       		.byte	80
 456 01ab 04       		.byte	4
ARM GAS  C:\Users\shawn\AppData\Local\Temp\cc8EDnqO.s 			page 9


 457 01ac 52       		.byte	82
 458 01ad 08       		.byte	8
 459 01ae 55       		.byte	85
 460 01af 01       		.byte	1
 461 01b0 57       		.byte	87
 462 01b1 40       		.byte	64
 463 01b2 5C       		.byte	92
 464 01b3 22       		.byte	34
 465 01b4 5E       		.byte	94
 466 01b5 48       		.byte	72
 467 01b6 68       		.byte	104
 468 01b7 01       		.byte	1
 469 01b8 78       		.byte	120
 470 01b9 80       		.byte	-128
 471 01ba 7C       		.byte	124
 472 01bb 80       		.byte	-128
 473 01bc 82       		.byte	-126
 474 01bd 01       		.byte	1
 475 01be 88       		.byte	-120
 476 01bf 01       		.byte	1
 477 01c0 C0       		.byte	-64
 478 01c1 ED       		.byte	-19
 479 01c2 C2       		.byte	-62
 480 01c3 6E       		.byte	110
 481 01c4 C4       		.byte	-60
 482 01c5 7E       		.byte	126
 483 01c6 CA       		.byte	-54
 484 01c7 23       		.byte	35
 485 01c8 CC       		.byte	-52
 486 01c9 FE       		.byte	-2
 487 01ca CE       		.byte	-50
 488 01cb 76       		.byte	118
 489 01cc D0       		.byte	-48
 490 01cd A1       		.byte	-95
 491 01ce D2       		.byte	-46
 492 01cf 20       		.byte	32
 493 01d0 D6       		.byte	-42
 494 01d1 F0       		.byte	-16
 495 01d2 DE       		.byte	-34
 496 01d3 18       		.byte	24
 497 01d4 E2       		.byte	-30
 498 01d5 44       		.byte	68
 499 01d6 00       		.byte	0
 500 01d7 30       		.byte	48
 501 01d8 01       		.byte	1
 502 01d9 08       		.byte	8
 503 01da 02       		.byte	2
 504 01db 06       		.byte	6
 505 01dc 04       		.byte	4
 506 01dd 06       		.byte	6
 507 01de 05       		.byte	5
 508 01df 2F       		.byte	47
 509 01e0 08       		.byte	8
 510 01e1 02       		.byte	2
 511 01e2 0B       		.byte	11
 512 01e3 21       		.byte	33
 513 01e4 0D       		.byte	13
ARM GAS  C:\Users\shawn\AppData\Local\Temp\cc8EDnqO.s 			page 10


 514 01e5 4F       		.byte	79
 515 01e6 0F       		.byte	15
 516 01e7 10       		.byte	16
 517 01e8 10       		.byte	16
 518 01e9 06       		.byte	6
 519 01ea 11       		.byte	17
 520 01eb 23       		.byte	35
 521 01ec 12       		.byte	18
 522 01ed 38       		.byte	56
 523 01ee 13       		.byte	19
 524 01ef 0C       		.byte	12
 525 01f0 15       		.byte	21
 526 01f1 0E       		.byte	14
 527 01f2 16       		.byte	22
 528 01f3 30       		.byte	48
 529 01f4 17       		.byte	23
 530 01f5 30       		.byte	48
 531 01f6 19       		.byte	25
 532 01f7 0C       		.byte	12
 533 01f8 1C       		.byte	28
 534 01f9 36       		.byte	54
 535 01fa 1E       		.byte	30
 536 01fb 01       		.byte	1
 537 01fc 1F       		.byte	31
 538 01fd 02       		.byte	2
 539 01fe 20       		.byte	32
 540 01ff 27       		.byte	39
 541 0200 22       		.byte	34
 542 0201 08       		.byte	8
 543 0202 25       		.byte	37
 544 0203 04       		.byte	4
 545 0204 28       		.byte	40
 546 0205 26       		.byte	38
 547 0206 29       		.byte	41
 548 0207 02       		.byte	2
 549 0208 2A       		.byte	42
 550 0209 10       		.byte	16
 551 020a 2B       		.byte	43
 552 020b 40       		.byte	64
 553 020c 2C       		.byte	44
 554 020d 04       		.byte	4
 555 020e 2D       		.byte	45
 556 020f 0E       		.byte	14
 557 0210 2F       		.byte	47
 558 0211 01       		.byte	1
 559 0212 30       		.byte	48
 560 0213 1E       		.byte	30
 561 0214 33       		.byte	51
 562 0215 3F       		.byte	63
 563 0216 34       		.byte	52
 564 0217 01       		.byte	1
 565 0218 36       		.byte	54
 566 0219 26       		.byte	38
 567 021a 37       		.byte	55
 568 021b 40       		.byte	64
 569 021c 3A       		.byte	58
 570 021d 02       		.byte	2
ARM GAS  C:\Users\shawn\AppData\Local\Temp\cc8EDnqO.s 			page 11


 571 021e 3B       		.byte	59
 572 021f 08       		.byte	8
 573 0220 58       		.byte	88
 574 0221 04       		.byte	4
 575 0222 59       		.byte	89
 576 0223 04       		.byte	4
 577 0224 5B       		.byte	91
 578 0225 04       		.byte	4
 579 0226 5C       		.byte	92
 580 0227 11       		.byte	17
 581 0228 5F       		.byte	95
 582 0229 01       		.byte	1
 583 022a 82       		.byte	-126
 584 022b 0C       		.byte	12
 585 022c 84       		.byte	-124
 586 022d 02       		.byte	2
 587 022e 8E       		.byte	-114
 588 022f 01       		.byte	1
 589 0230 8F       		.byte	-113
 590 0231 02       		.byte	2
 591 0232 91       		.byte	-111
 592 0233 0C       		.byte	12
 593 0234 92       		.byte	-110
 594 0235 01       		.byte	1
 595 0236 94       		.byte	-108
 596 0237 04       		.byte	4
 597 0238 9F       		.byte	-97
 598 0239 09       		.byte	9
 599 023a A4       		.byte	-92
 600 023b 01       		.byte	1
 601 023c AD       		.byte	-83
 602 023d 04       		.byte	4
 603 023e B0       		.byte	-80
 604 023f 02       		.byte	2
 605 0240 B1       		.byte	-79
 606 0241 01       		.byte	1
 607 0242 B2       		.byte	-78
 608 0243 08       		.byte	8
 609 0244 B3       		.byte	-77
 610 0245 04       		.byte	4
 611 0246 B4       		.byte	-76
 612 0247 04       		.byte	4
 613 0248 B5       		.byte	-75
 614 0249 02       		.byte	2
 615 024a B6       		.byte	-74
 616 024b 01       		.byte	1
 617 024c B7       		.byte	-73
 618 024d 08       		.byte	8
 619 024e B9       		.byte	-71
 620 024f 08       		.byte	8
 621 0250 BE       		.byte	-66
 622 0251 51       		.byte	81
 623 0252 BF       		.byte	-65
 624 0253 44       		.byte	68
 625 0254 C0       		.byte	-64
 626 0255 13       		.byte	19
 627 0256 C1       		.byte	-63
ARM GAS  C:\Users\shawn\AppData\Local\Temp\cc8EDnqO.s 			page 12


 628 0257 05       		.byte	5
 629 0258 C5       		.byte	-59
 630 0259 42       		.byte	66
 631 025a C6       		.byte	-58
 632 025b C0       		.byte	-64
 633 025c C7       		.byte	-57
 634 025d 0E       		.byte	14
 635 025e C8       		.byte	-56
 636 025f 1F       		.byte	31
 637 0260 C9       		.byte	-55
 638 0261 FF       		.byte	-1
 639 0262 CA       		.byte	-54
 640 0263 FF       		.byte	-1
 641 0264 CB       		.byte	-53
 642 0265 FF       		.byte	-1
 643 0266 CD       		.byte	-51
 644 0267 A0       		.byte	-96
 645 0268 CF       		.byte	-49
 646 0269 01       		.byte	1
 647 026a D0       		.byte	-48
 648 026b 18       		.byte	24
 649 026c D2       		.byte	-46
 650 026d 80       		.byte	-128
 651 026e D4       		.byte	-44
 652 026f 07       		.byte	7
 653 0270 D6       		.byte	-42
 654 0271 04       		.byte	4
 655 0272 D8       		.byte	-40
 656 0273 04       		.byte	4
 657 0274 D9       		.byte	-39
 658 0275 04       		.byte	4
 659 0276 DA       		.byte	-38
 660 0277 04       		.byte	4
 661 0278 DB       		.byte	-37
 662 0279 04       		.byte	4
 663 027a DF       		.byte	-33
 664 027b 05       		.byte	5
 665 027c E0       		.byte	-32
 666 027d 40       		.byte	64
 667 027e E2       		.byte	-30
 668 027f 80       		.byte	-128
 669 0280 E4       		.byte	-28
 670 0281 40       		.byte	64
 671 0282 E5       		.byte	-27
 672 0283 40       		.byte	64
 673 0284 E6       		.byte	-26
 674 0285 80       		.byte	-128
 675 0286 E8       		.byte	-24
 676 0287 40       		.byte	64
 677 0288 EA       		.byte	-22
 678 0289 50       		.byte	80
 679 028a EB       		.byte	-21
 680 028b A8       		.byte	-88
 681 028c EC       		.byte	-20
 682 028d 40       		.byte	64
 683 028e ED       		.byte	-19
 684 028f 20       		.byte	32
ARM GAS  C:\Users\shawn\AppData\Local\Temp\cc8EDnqO.s 			page 13


 685 0290 EE       		.byte	-18
 686 0291 50       		.byte	80
 687 0292 EF       		.byte	-17
 688 0293 A8       		.byte	-88
 689 0294 00       		.byte	0
 690 0295 44       		.byte	68
 691 0296 02       		.byte	2
 692 0297 40       		.byte	64
 693 0298 05       		.byte	5
 694 0299 01       		.byte	1
 695 029a 06       		.byte	6
 696 029b 08       		.byte	8
 697 029c 07       		.byte	7
 698 029d 20       		.byte	32
 699 029e 0A       		.byte	10
 700 029f 20       		.byte	32
 701 02a0 0B       		.byte	11
 702 02a1 40       		.byte	64
 703 02a2 0E       		.byte	14
 704 02a3 40       		.byte	64
 705 02a4 0F       		.byte	15
 706 02a5 12       		.byte	18
 707 02a6 13       		.byte	19
 708 02a7 04       		.byte	4
 709 02a8 14       		.byte	20
 710 02a9 80       		.byte	-128
 711 02aa 16       		.byte	22
 712 02ab 02       		.byte	2
 713 02ac 17       		.byte	23
 714 02ad 10       		.byte	16
 715 02ae 18       		.byte	24
 716 02af 81       		.byte	-127
 717 02b0 1A       		.byte	26
 718 02b1 24       		.byte	36
 719 02b2 1C       		.byte	28
 720 02b3 08       		.byte	8
 721 02b4 1E       		.byte	30
 722 02b5 40       		.byte	64
 723 02b6 1F       		.byte	31
 724 02b7 60       		.byte	96
 725 02b8 21       		.byte	33
 726 02b9 06       		.byte	6
 727 02ba 22       		.byte	34
 728 02bb 40       		.byte	64
 729 02bc 23       		.byte	35
 730 02bd 04       		.byte	4
 731 02be 26       		.byte	38
 732 02bf 88       		.byte	-120
 733 02c0 27       		.byte	39
 734 02c1 10       		.byte	16
 735 02c2 2B       		.byte	43
 736 02c3 02       		.byte	2
 737 02c4 2C       		.byte	44
 738 02c5 08       		.byte	8
 739 02c6 2E       		.byte	46
 740 02c7 48       		.byte	72
 741 02c8 30       		.byte	48
ARM GAS  C:\Users\shawn\AppData\Local\Temp\cc8EDnqO.s 			page 14


 742 02c9 80       		.byte	-128
 743 02ca 31       		.byte	49
 744 02cb 02       		.byte	2
 745 02cc 35       		.byte	53
 746 02cd 01       		.byte	1
 747 02ce 36       		.byte	54
 748 02cf 88       		.byte	-120
 749 02d0 37       		.byte	55
 750 02d1 20       		.byte	32
 751 02d2 38       		.byte	56
 752 02d3 40       		.byte	64
 753 02d4 3C       		.byte	60
 754 02d5 08       		.byte	8
 755 02d6 3D       		.byte	61
 756 02d7 40       		.byte	64
 757 02d8 3E       		.byte	62
 758 02d9 02       		.byte	2
 759 02da 3F       		.byte	63
 760 02db 10       		.byte	16
 761 02dc 40       		.byte	64
 762 02dd 01       		.byte	1
 763 02de 41       		.byte	65
 764 02df 04       		.byte	4
 765 02e0 48       		.byte	72
 766 02e1 80       		.byte	-128
 767 02e2 49       		.byte	73
 768 02e3 04       		.byte	4
 769 02e4 4A       		.byte	74
 770 02e5 01       		.byte	1
 771 02e6 51       		.byte	81
 772 02e7 08       		.byte	8
 773 02e8 52       		.byte	82
 774 02e9 50       		.byte	80
 775 02ea 58       		.byte	88
 776 02eb 10       		.byte	16
 777 02ec 5A       		.byte	90
 778 02ed 84       		.byte	-124
 779 02ee 61       		.byte	97
 780 02ef 08       		.byte	8
 781 02f0 62       		.byte	98
 782 02f1 10       		.byte	16
 783 02f2 63       		.byte	99
 784 02f3 80       		.byte	-128
 785 02f4 64       		.byte	100
 786 02f5 10       		.byte	16
 787 02f6 65       		.byte	101
 788 02f7 04       		.byte	4
 789 02f8 6F       		.byte	111
 790 02f9 02       		.byte	2
 791 02fa 73       		.byte	115
 792 02fb 40       		.byte	64
 793 02fc 7B       		.byte	123
 794 02fd 02       		.byte	2
 795 02fe 83       		.byte	-125
 796 02ff 40       		.byte	64
 797 0300 88       		.byte	-120
 798 0301 08       		.byte	8
ARM GAS  C:\Users\shawn\AppData\Local\Temp\cc8EDnqO.s 			page 15


 799 0302 8B       		.byte	-117
 800 0303 21       		.byte	33
 801 0304 8C       		.byte	-116
 802 0305 40       		.byte	64
 803 0306 90       		.byte	-112
 804 0307 04       		.byte	4
 805 0308 9C       		.byte	-100
 806 0309 80       		.byte	-128
 807 030a A2       		.byte	-94
 808 030b 01       		.byte	1
 809 030c A8       		.byte	-88
 810 030d 20       		.byte	32
 811 030e A9       		.byte	-87
 812 030f 40       		.byte	64
 813 0310 B0       		.byte	-80
 814 0311 02       		.byte	2
 815 0312 B1       		.byte	-79
 816 0313 04       		.byte	4
 817 0314 B6       		.byte	-74
 818 0315 40       		.byte	64
 819 0316 B7       		.byte	-73
 820 0317 10       		.byte	16
 821 0318 C0       		.byte	-64
 822 0319 7D       		.byte	125
 823 031a C2       		.byte	-62
 824 031b BC       		.byte	-68
 825 031c C4       		.byte	-60
 826 031d D4       		.byte	-44
 827 031e CA       		.byte	-54
 828 031f 78       		.byte	120
 829 0320 CC       		.byte	-52
 830 0321 F9       		.byte	-7
 831 0322 CE       		.byte	-50
 832 0323 F8       		.byte	-8
 833 0324 D0       		.byte	-48
 834 0325 0A       		.byte	10
 835 0326 D2       		.byte	-46
 836 0327 08       		.byte	8
 837 0328 D6       		.byte	-42
 838 0329 0E       		.byte	14
 839 032a D8       		.byte	-40
 840 032b 07       		.byte	7
 841 032c DE       		.byte	-34
 842 032d 08       		.byte	8
 843 032e E2       		.byte	-30
 844 032f 40       		.byte	64
 845 0330 01       		.byte	1
 846 0331 01       		.byte	1
 847 0332 07       		.byte	7
 848 0333 02       		.byte	2
 849 0334 09       		.byte	9
 850 0335 01       		.byte	1
 851 0336 0F       		.byte	15
 852 0337 04       		.byte	4
 853 0338 17       		.byte	23
 854 0339 04       		.byte	4
 855 033a 1B       		.byte	27
ARM GAS  C:\Users\shawn\AppData\Local\Temp\cc8EDnqO.s 			page 16


 856 033b 02       		.byte	2
 857 033c 25       		.byte	37
 858 033d 01       		.byte	1
 859 033e 2E       		.byte	46
 860 033f 01       		.byte	1
 861 0340 33       		.byte	51
 862 0341 01       		.byte	1
 863 0342 35       		.byte	53
 864 0343 02       		.byte	2
 865 0344 36       		.byte	54
 866 0345 01       		.byte	1
 867 0346 37       		.byte	55
 868 0347 04       		.byte	4
 869 0348 3F       		.byte	63
 870 0349 50       		.byte	80
 871 034a 54       		.byte	84
 872 034b 18       		.byte	24
 873 034c 56       		.byte	86
 874 034d 04       		.byte	4
 875 034e 58       		.byte	88
 876 034f 04       		.byte	4
 877 0350 59       		.byte	89
 878 0351 04       		.byte	4
 879 0352 5B       		.byte	91
 880 0353 04       		.byte	4
 881 0354 5C       		.byte	92
 882 0355 11       		.byte	17
 883 0356 5D       		.byte	93
 884 0357 10       		.byte	16
 885 0358 5F       		.byte	95
 886 0359 05       		.byte	5
 887 035a 04       		.byte	4
 888 035b 80       		.byte	-128
 889 035c 05       		.byte	5
 890 035d 01       		.byte	1
 891 035e 06       		.byte	6
 892 035f 08       		.byte	8
 893 0360 07       		.byte	7
 894 0361 20       		.byte	32
 895 0362 0D       		.byte	13
 896 0363 10       		.byte	16
 897 0364 0E       		.byte	14
 898 0365 40       		.byte	64
 899 0366 0F       		.byte	15
 900 0367 12       		.byte	18
 901 0368 10       		.byte	16
 902 0369 12       		.byte	18
 903 036a 11       		.byte	17
 904 036b 08       		.byte	8
 905 036c 14       		.byte	20
 906 036d 90       		.byte	-112
 907 036e 16       		.byte	22
 908 036f 02       		.byte	2
 909 0370 17       		.byte	23
 910 0371 10       		.byte	16
 911 0372 1A       		.byte	26
 912 0373 02       		.byte	2
ARM GAS  C:\Users\shawn\AppData\Local\Temp\cc8EDnqO.s 			page 17


 913 0374 1D       		.byte	29
 914 0375 0B       		.byte	11
 915 0376 1E       		.byte	30
 916 0377 08       		.byte	8
 917 0378 20       		.byte	32
 918 0379 04       		.byte	4
 919 037a 22       		.byte	34
 920 037b 80       		.byte	-128
 921 037c 23       		.byte	35
 922 037d 10       		.byte	16
 923 037e 24       		.byte	36
 924 037f 80       		.byte	-128
 925 0380 25       		.byte	37
 926 0381 25       		.byte	37
 927 0382 27       		.byte	39
 928 0383 01       		.byte	1
 929 0384 2B       		.byte	43
 930 0385 20       		.byte	32
 931 0386 2C       		.byte	44
 932 0387 08       		.byte	8
 933 0388 2D       		.byte	45
 934 0389 41       		.byte	65
 935 038a 2F       		.byte	47
 936 038b 20       		.byte	32
 937 038c 31       		.byte	49
 938 038d 20       		.byte	32
 939 038e 33       		.byte	51
 940 038f 08       		.byte	8
 941 0390 34       		.byte	52
 942 0391 08       		.byte	8
 943 0392 35       		.byte	53
 944 0393 01       		.byte	1
 945 0394 37       		.byte	55
 946 0395 10       		.byte	16
 947 0396 38       		.byte	56
 948 0397 02       		.byte	2
 949 0398 39       		.byte	57
 950 0399 14       		.byte	20
 951 039a 3B       		.byte	59
 952 039b C0       		.byte	-64
 953 039c 3D       		.byte	61
 954 039d 1A       		.byte	26
 955 039e 3E       		.byte	62
 956 039f 40       		.byte	64
 957 03a0 44       		.byte	68
 958 03a1 08       		.byte	8
 959 03a2 45       		.byte	69
 960 03a3 0A       		.byte	10
 961 03a4 4D       		.byte	77
 962 03a5 04       		.byte	4
 963 03a6 4F       		.byte	79
 964 03a7 50       		.byte	80
 965 03a8 57       		.byte	87
 966 03a9 08       		.byte	8
 967 03aa 5B       		.byte	91
 968 03ab 01       		.byte	1
 969 03ac 5E       		.byte	94
ARM GAS  C:\Users\shawn\AppData\Local\Temp\cc8EDnqO.s 			page 18


 970 03ad 08       		.byte	8
 971 03ae 60       		.byte	96
 972 03af 44       		.byte	68
 973 03b0 62       		.byte	98
 974 03b1 80       		.byte	-128
 975 03b2 68       		.byte	104
 976 03b3 02       		.byte	2
 977 03b4 6C       		.byte	108
 978 03b5 01       		.byte	1
 979 03b6 6D       		.byte	109
 980 03b7 10       		.byte	16
 981 03b8 6F       		.byte	111
 982 03b9 20       		.byte	32
 983 03ba 76       		.byte	118
 984 03bb 0A       		.byte	10
 985 03bc 77       		.byte	119
 986 03bd 20       		.byte	32
 987 03be 78       		.byte	120
 988 03bf 80       		.byte	-128
 989 03c0 7C       		.byte	124
 990 03c1 80       		.byte	-128
 991 03c2 7D       		.byte	125
 992 03c3 40       		.byte	64
 993 03c4 7E       		.byte	126
 994 03c5 01       		.byte	1
 995 03c6 85       		.byte	-123
 996 03c7 01       		.byte	1
 997 03c8 87       		.byte	-121
 998 03c9 10       		.byte	16
 999 03ca 88       		.byte	-120
 1000 03cb 08       		.byte	8
 1001 03cc 89       		.byte	-119
 1002 03cd 10       		.byte	16
 1003 03ce 92       		.byte	-110
 1004 03cf 40       		.byte	64
 1005 03d0 93       		.byte	-109
 1006 03d1 80       		.byte	-128
 1007 03d2 94       		.byte	-108
 1008 03d3 40       		.byte	64
 1009 03d4 95       		.byte	-107
 1010 03d5 40       		.byte	64
 1011 03d6 97       		.byte	-105
 1012 03d7 10       		.byte	16
 1013 03d8 98       		.byte	-104
 1014 03d9 08       		.byte	8
 1015 03da 9B       		.byte	-101
 1016 03db 10       		.byte	16
 1017 03dc 9C       		.byte	-100
 1018 03dd 80       		.byte	-128
 1019 03de 9D       		.byte	-99
 1020 03df 01       		.byte	1
 1021 03e0 9E       		.byte	-98
 1022 03e1 0A       		.byte	10
 1023 03e2 9F       		.byte	-97
 1024 03e3 20       		.byte	32
 1025 03e4 A3       		.byte	-93
 1026 03e5 01       		.byte	1
ARM GAS  C:\Users\shawn\AppData\Local\Temp\cc8EDnqO.s 			page 19


 1027 03e6 A4       		.byte	-92
 1028 03e7 08       		.byte	8
 1029 03e8 B4       		.byte	-76
 1030 03e9 40       		.byte	64
 1031 03ea C0       		.byte	-64
 1032 03eb F0       		.byte	-16
 1033 03ec C2       		.byte	-62
 1034 03ed F0       		.byte	-16
 1035 03ee C4       		.byte	-60
 1036 03ef F1       		.byte	-15
 1037 03f0 CA       		.byte	-54
 1038 03f1 F2       		.byte	-14
 1039 03f2 CC       		.byte	-52
 1040 03f3 E6       		.byte	-26
 1041 03f4 CE       		.byte	-50
 1042 03f5 FF       		.byte	-1
 1043 03f6 D0       		.byte	-48
 1044 03f7 E0       		.byte	-32
 1045 03f8 D2       		.byte	-46
 1046 03f9 30       		.byte	48
 1047 03fa D6       		.byte	-42
 1048 03fb 41       		.byte	65
 1049 03fc D8       		.byte	-40
 1050 03fd 0D       		.byte	13
 1051 03fe DE       		.byte	-34
 1052 03ff 18       		.byte	24
 1053 0400 31       		.byte	49
 1054 0401 10       		.byte	16
 1055 0402 35       		.byte	53
 1056 0403 80       		.byte	-128
 1057 0404 CC       		.byte	-52
 1058 0405 30       		.byte	48
 1059 0406 9D       		.byte	-99
 1060 0407 90       		.byte	-112
 1061 0408 9D       		.byte	-99
 1062 0409 90       		.byte	-112
 1063 040a 6B       		.byte	107
 1064 040b 40       		.byte	64
 1065 040c 83       		.byte	-125
 1066 040d 40       		.byte	64
 1067 040e 9D       		.byte	-99
 1068 040f 90       		.byte	-112
 1069 0410 DC       		.byte	-36
 1070 0411 20       		.byte	32
 1071 0412 E6       		.byte	-26
 1072 0413 80       		.byte	-128
 1073 0414 58       		.byte	88
 1074 0415 40       		.byte	64
 1075 0416 D4       		.byte	-44
 1076 0417 01       		.byte	1
 1077 0418 9C       		.byte	-100
 1078 0419 40       		.byte	64
 1079 041a 88       		.byte	-120
 1080 041b 40       		.byte	64
 1081 041c 9C       		.byte	-100
 1082 041d 40       		.byte	64
 1083 041e E0       		.byte	-32
ARM GAS  C:\Users\shawn\AppData\Local\Temp\cc8EDnqO.s 			page 20


 1084 041f 01       		.byte	1
 1085 0420 81       		.byte	-127
 1086 0421 80       		.byte	-128
 1087 0422 8D       		.byte	-115
 1088 0423 10       		.byte	16
 1089 0424 9D       		.byte	-99
 1090 0425 90       		.byte	-112
 1091 0426 E2       		.byte	-30
 1092 0427 20       		.byte	32
 1093 0428 10       		.byte	16
 1094 0429 20       		.byte	32
 1095 042a 72       		.byte	114
 1096 042b 10       		.byte	16
 1097 042c 88       		.byte	-120
 1098 042d 20       		.byte	32
 1099 042e 92       		.byte	-110
 1100 042f 10       		.byte	16
 1101 0430 B6       		.byte	-74
 1102 0431 10       		.byte	16
 1103 0432 C4       		.byte	-60
 1104 0433 08       		.byte	8
 1105 0434 DC       		.byte	-36
 1106 0435 01       		.byte	1
 1107 0436 E6       		.byte	-26
 1108 0437 04       		.byte	4
 1109 0438 EC       		.byte	-20
 1110 0439 08       		.byte	8
 1111 043a 00       		.byte	0
 1112 043b 02       		.byte	2
 1113 043c 0C       		.byte	12
 1114 043d 02       		.byte	2
 1115 043e 10       		.byte	16
 1116 043f 03       		.byte	3
 1117 0440 1C       		.byte	28
 1118 0441 03       		.byte	3
 1119 0442 00       		.byte	0
 1120 0443 0F       		.byte	15
 1121 0444 23       		.byte	35
 1122 0445 07       		.byte	7
 1123 0446 1C       		.byte	28
 1124 0447 18       		.byte	24
 1125 0448 18       		.byte	24
 1126 0449 52       		.byte	82
 1127 044a 00       		.byte	0
 1128 044b 24       		.byte	36
 1129 044c 08       		.byte	8
 1130 044d 7C       		.byte	124
 1131 044e 00       		.byte	0
 1132 044f 00       		.byte	0
 1133 0450 03       		.byte	3
 1134 0451 00       		.byte	0
 1135 0452 40       		.byte	64
 1136 0453 83       		.byte	-125
 1137 0454 3B       		.byte	59
 1138 0455 83       		.byte	-125
 1139 0456 00       		.byte	0
 1140 0457 00       		.byte	0
ARM GAS  C:\Users\shawn\AppData\Local\Temp\cc8EDnqO.s 			page 21


 1141 0458 00       		.byte	0
 1142 0459 83       		.byte	-125
 1143 045a 03       		.byte	3
 1144 045b 00       		.byte	0
 1145 045c 01       		.byte	1
 1146 045d 00       		.byte	0
 1147 045e 80       		.byte	-128
 1148 045f 83       		.byte	-125
 1149 0460 3B       		.byte	59
 1150 0461 00       		.byte	0
 1151 0462 00       		.byte	0
 1152 0463 00       		.byte	0
 1153 0464 03       		.byte	3
 1154 0465 00       		.byte	0
 1155 0466 04       		.byte	4
 1156 0467 03       		.byte	3
 1157 0468 02       		.byte	2
 1158 0469 7C       		.byte	124
 1159 046a 80       		.byte	-128
 1160 046b 00       		.byte	0
 1161 046c 38       		.byte	56
 1162 046d 29       		.byte	41
 1163 046e 03       		.byte	3
 1164 046f 44       		.byte	68
 1165 0470 10       		.byte	16
 1166 0471 7F       		.byte	127
 1167 0472 00       		.byte	0
 1168 0473 00       		.byte	0
 1169 0474 1F       		.byte	31
 1170 0475 1C       		.byte	28
 1171 0476 C0       		.byte	-64
 1172 0477 60       		.byte	96
 1173 0478 20       		.byte	32
 1174 0479 80       		.byte	-128
 1175 047a 00       		.byte	0
 1176 047b 03       		.byte	3
 1177 047c 00       		.byte	0
 1178 047d 20       		.byte	32
 1179 047e 02       		.byte	2
 1180 047f 00       		.byte	0
 1181 0480 00       		.byte	0
 1182 0481 00       		.byte	0
 1183 0482 14       		.byte	20
 1184 0483 00       		.byte	0
 1185 0484 46       		.byte	70
 1186 0485 02       		.byte	2
 1187 0486 05       		.byte	5
 1188 0487 00       		.byte	0
 1189 0488 03       		.byte	3
 1190 0489 0E       		.byte	14
 1191 048a 00       		.byte	0
 1192 048b 0C       		.byte	12
 1193 048c 11       		.byte	17
 1194 048d FF       		.byte	-1
 1195 048e FF       		.byte	-1
 1196 048f FF       		.byte	-1
 1197 0490 62       		.byte	98
ARM GAS  C:\Users\shawn\AppData\Local\Temp\cc8EDnqO.s 			page 22


 1198 0491 A0       		.byte	-96
 1199 0492 F0       		.byte	-16
 1200 0493 41       		.byte	65
 1201 0494 0C       		.byte	12
 1202 0495 00       		.byte	0
 1203 0496 00       		.byte	0
 1204 0497 00       		.byte	0
 1205 0498 00       		.byte	0
 1206 0499 00       		.byte	0
 1207 049a 02       		.byte	2
 1208 049b 12       		.byte	18
 1209 049c 04       		.byte	4
 1210 049d 04       		.byte	4
 1211 049e 04       		.byte	4
 1212 049f 04       		.byte	4
 1213 04a0 11       		.byte	17
 1214 04a1 11       		.byte	17
 1215 04a2 08       		.byte	8
 1216 04a3 09       		.byte	9
 1217 04a4 00       		.byte	0
 1218 04a5 00       		.byte	0
 1219 04a6 00       		.byte	0
 1220 04a7 00       		.byte	0
 1221 04a8 00       		.byte	0
 1222 04a9 00       		.byte	0
 1223 04aa 40       		.byte	64
 1224 04ab 02       		.byte	2
 1225 04ac 00       		.byte	0
 1226 04ad 10       		.byte	16
 1227 04ae 30       		.byte	48
 1228 04af 10       		.byte	16
 1229 04b0 00       		.byte	0
 1230 04b1 10       		.byte	16
 1231 04b2 10       		.byte	16
 1232 04b3 12       		.byte	18
 1233 04b4 00       		.byte	0
 1234 04b5 00       		.byte	0
 1235 04b6 00       		.byte	0
 1236 04b7 00       		.byte	0
 1237 04b8 00       		.byte	0
 1238 04b9 00       		.byte	0
 1239 04ba 00       		.byte	0
 1240 04bb 00       		.byte	0
 1241 04bc 00       		.byte	0
 1242 04bd 00       		.byte	0
 1243 04be 00       		.byte	0
 1244 04bf 00       		.byte	0
 1245 04c0 00       		.byte	0
 1246 04c1 00       		.byte	0
 1247 04c2 00       		.byte	0
 1248 04c3 00       		.byte	0
 1249 04c4 80       		.byte	-128
 1250 04c5 00       		.byte	0
 1251 04c6 40       		.byte	64
 1252 04c7 80       		.byte	-128
 1253 04c8 80       		.byte	-128
 1254 04c9 00       		.byte	0
ARM GAS  C:\Users\shawn\AppData\Local\Temp\cc8EDnqO.s 			page 23


 1255 04ca 80       		.byte	-128
 1256 04cb 00       		.byte	0
 1257 04cc 00       		.byte	0
 1258 04cd 00       		.byte	0
 1259 04ce 00       		.byte	0
 1260 04cf 00       		.byte	0
 1261 04d0 00       		.byte	0
 1262 04d1 0B       		.byte	11
 1263 04d2 0B       		.byte	11
 1264 04d3 00       		.byte	0
 1265 04d4 00       		.byte	0
 1266 04d5 00       		.byte	0
 1267 04d6 00       		.byte	0
 1268 04d7 00       		.byte	0
 1269 04d8 00       		.byte	0
 1270 04d9 02       		.byte	2
 1271 04da 02       		.byte	2
 1272 04db 00       		.byte	0
 1273 04dc 02       		.byte	2
 1274 04dd 00       		.byte	0
 1275 04de 00       		.byte	0
 1276 04df 00       		.byte	0
 1277              		.section	.cywolatch,"a",%progbits
 1278              		.align	2
 1279              		.type	cy_meta_wonvl, %object
 1280              		.size	cy_meta_wonvl, 4
 1281              	cy_meta_wonvl:
 1282 0000 BC       		.byte	-68
 1283 0001 90       		.byte	-112
 1284 0002 AC       		.byte	-84
 1285 0003 AF       		.byte	-81
 1286              		.section	.cycustnvl,"a",%progbits
 1287              		.align	2
 1288              		.type	cy_meta_custnvl, %object
 1289              		.size	cy_meta_custnvl, 4
 1290              	cy_meta_custnvl:
 1291 0000 00       		.byte	0
 1292 0001 00       		.byte	0
 1293 0002 40       		.byte	64
 1294 0003 05       		.byte	5
 1295              		.section	.cymeta,"a",%progbits
 1296              		.align	2
 1297              		.type	cy_metadata, %object
 1298              		.size	cy_metadata, 12
 1299              	cy_metadata:
 1300 0000 00       		.byte	0
 1301 0001 01       		.byte	1
 1302 0002 2E       		.byte	46
 1303 0003 16       		.byte	22
 1304 0004 10       		.byte	16
 1305 0005 69       		.byte	105
 1306 0006 00       		.byte	0
 1307 0007 01       		.byte	1
 1308 0008 00       		.byte	0
 1309 0009 00       		.byte	0
 1310 000a 00       		.byte	0
 1311 000b 00       		.byte	0
ARM GAS  C:\Users\shawn\AppData\Local\Temp\cc8EDnqO.s 			page 24


 1312              		.section	.cyflashprotect,"a",%progbits
 1313              		.align	2
 1314              		.type	cy_meta_flashprotect, %object
 1315              		.size	cy_meta_flashprotect, 256
 1316              	cy_meta_flashprotect:
 1317 0000 00000000 		.space	256
 1317      00000000 
 1317      00000000 
 1317      00000000 
 1317      00000000 
 1318              		.text
 1319              	.Letext0:
 1320              		.file 1 "c:\\program files (x86)\\cypress\\psoc creator\\4.2\\psoc creator\\import\\gnu\\arm\\5.4.
 1321              		.file 2 "c:\\program files (x86)\\cypress\\psoc creator\\4.2\\psoc creator\\import\\gnu\\arm\\5.4.
 1322              		.file 3 "Generated_Source\\PSoC5\\cymetadata.c"
 1323              		.section	.debug_info,"",%progbits
 1324              	.Ldebug_info0:
 1325 0000 32010000 		.4byte	0x132
 1326 0004 0400     		.2byte	0x4
 1327 0006 00000000 		.4byte	.Ldebug_abbrev0
 1328 000a 04       		.byte	0x4
 1329 000b 01       		.uleb128 0x1
 1330 000c 24000000 		.4byte	.LASF17
 1331 0010 0C       		.byte	0xc
 1332 0011 F6010000 		.4byte	.LASF18
 1333 0015 B2000000 		.4byte	.LASF19
 1334 0019 00000000 		.4byte	.Ldebug_line0
 1335 001d 02       		.uleb128 0x2
 1336 001e 01       		.byte	0x1
 1337 001f 06       		.byte	0x6
 1338 0020 EA010000 		.4byte	.LASF0
 1339 0024 03       		.uleb128 0x3
 1340 0025 00000000 		.4byte	.LASF9
 1341 0029 01       		.byte	0x1
 1342 002a 1D       		.byte	0x1d
 1343 002b 2F000000 		.4byte	0x2f
 1344 002f 02       		.uleb128 0x2
 1345 0030 01       		.byte	0x1
 1346 0031 08       		.byte	0x8
 1347 0032 16000000 		.4byte	.LASF1
 1348 0036 02       		.uleb128 0x2
 1349 0037 02       		.byte	0x2
 1350 0038 05       		.byte	0x5
 1351 0039 D7010000 		.4byte	.LASF2
 1352 003d 02       		.uleb128 0x2
 1353 003e 02       		.byte	0x2
 1354 003f 07       		.byte	0x7
 1355 0040 3C010000 		.4byte	.LASF3
 1356 0044 02       		.uleb128 0x2
 1357 0045 04       		.byte	0x4
 1358 0046 05       		.byte	0x5
 1359 0047 E1010000 		.4byte	.LASF4
 1360 004b 02       		.uleb128 0x2
 1361 004c 04       		.byte	0x4
 1362 004d 07       		.byte	0x7
 1363 004e 2A010000 		.4byte	.LASF5
 1364 0052 02       		.uleb128 0x2
ARM GAS  C:\Users\shawn\AppData\Local\Temp\cc8EDnqO.s 			page 25


 1365 0053 08       		.byte	0x8
 1366 0054 05       		.byte	0x5
 1367 0055 C9010000 		.4byte	.LASF6
 1368 0059 02       		.uleb128 0x2
 1369 005a 08       		.byte	0x8
 1370 005b 07       		.byte	0x7
 1371 005c 7E010000 		.4byte	.LASF7
 1372 0060 04       		.uleb128 0x4
 1373 0061 04       		.byte	0x4
 1374 0062 05       		.byte	0x5
 1375 0063 696E7400 		.ascii	"int\000"
 1376 0067 02       		.uleb128 0x2
 1377 0068 04       		.byte	0x4
 1378 0069 07       		.byte	0x7
 1379 006a 71010000 		.4byte	.LASF8
 1380 006e 03       		.uleb128 0x3
 1381 006f 95010000 		.4byte	.LASF10
 1382 0073 02       		.byte	0x2
 1383 0074 18       		.byte	0x18
 1384 0075 24000000 		.4byte	0x24
 1385 0079 05       		.uleb128 0x5
 1386 007a 91000000 		.4byte	0x91
 1387 007e 8A000000 		.4byte	0x8a
 1388 0082 06       		.uleb128 0x6
 1389 0083 8A000000 		.4byte	0x8a
 1390 0087 DF04     		.2byte	0x4df
 1391 0089 00       		.byte	0
 1392 008a 02       		.uleb128 0x2
 1393 008b 04       		.byte	0x4
 1394 008c 07       		.byte	0x7
 1395 008d C0010000 		.4byte	.LASF11
 1396 0091 07       		.uleb128 0x7
 1397 0092 6E000000 		.4byte	0x6e
 1398 0096 08       		.uleb128 0x8
 1399 0097 5F010000 		.4byte	.LASF12
 1400 009b 03       		.byte	0x3
 1401 009c 1F       		.byte	0x1f
 1402 009d A7000000 		.4byte	0xa7
 1403 00a1 05       		.uleb128 0x5
 1404 00a2 03       		.byte	0x3
 1405 00a3 00000000 		.4byte	cy_meta_configecc
 1406 00a7 07       		.uleb128 0x7
 1407 00a8 79000000 		.4byte	0x79
 1408 00ac 05       		.uleb128 0x5
 1409 00ad 91000000 		.4byte	0x91
 1410 00b1 BC000000 		.4byte	0xbc
 1411 00b5 09       		.uleb128 0x9
 1412 00b6 8A000000 		.4byte	0x8a
 1413 00ba 03       		.byte	0x3
 1414 00bb 00       		.byte	0
 1415 00bc 08       		.uleb128 0x8
 1416 00bd 4F010000 		.4byte	.LASF13
 1417 00c1 03       		.byte	0x3
 1418 00c2 C8       		.byte	0xc8
 1419 00c3 CD000000 		.4byte	0xcd
 1420 00c7 05       		.uleb128 0x5
 1421 00c8 03       		.byte	0x3
ARM GAS  C:\Users\shawn\AppData\Local\Temp\cc8EDnqO.s 			page 26


 1422 00c9 00000000 		.4byte	cy_meta_custnvl
 1423 00cd 07       		.uleb128 0x7
 1424 00ce AC000000 		.4byte	0xac
 1425 00d2 08       		.uleb128 0x8
 1426 00d3 B2010000 		.4byte	.LASF14
 1427 00d7 03       		.byte	0x3
 1428 00d8 D6       		.byte	0xd6
 1429 00d9 E3000000 		.4byte	0xe3
 1430 00dd 05       		.uleb128 0x5
 1431 00de 03       		.byte	0x3
 1432 00df 00000000 		.4byte	cy_meta_wonvl
 1433 00e3 07       		.uleb128 0x7
 1434 00e4 AC000000 		.4byte	0xac
 1435 00e8 05       		.uleb128 0x5
 1436 00e9 91000000 		.4byte	0x91
 1437 00ed F8000000 		.4byte	0xf8
 1438 00f1 09       		.uleb128 0x9
 1439 00f2 8A000000 		.4byte	0x8a
 1440 00f6 FF       		.byte	0xff
 1441 00f7 00       		.byte	0
 1442 00f8 08       		.uleb128 0x8
 1443 00f9 9D010000 		.4byte	.LASF15
 1444 00fd 03       		.byte	0x3
 1445 00fe E4       		.byte	0xe4
 1446 00ff 09010000 		.4byte	0x109
 1447 0103 05       		.uleb128 0x5
 1448 0104 03       		.byte	0x3
 1449 0105 00000000 		.4byte	cy_meta_flashprotect
 1450 0109 07       		.uleb128 0x7
 1451 010a E8000000 		.4byte	0xe8
 1452 010e 05       		.uleb128 0x5
 1453 010f 91000000 		.4byte	0x91
 1454 0113 1E010000 		.4byte	0x11e
 1455 0117 09       		.uleb128 0x9
 1456 0118 8A000000 		.4byte	0x8a
 1457 011c 0B       		.byte	0xb
 1458 011d 00       		.byte	0
 1459 011e 0A       		.uleb128 0xa
 1460 011f 0A000000 		.4byte	.LASF16
 1461 0123 03       		.byte	0x3
 1462 0124 1101     		.2byte	0x111
 1463 0126 30010000 		.4byte	0x130
 1464 012a 05       		.uleb128 0x5
 1465 012b 03       		.byte	0x3
 1466 012c 00000000 		.4byte	cy_metadata
 1467 0130 07       		.uleb128 0x7
 1468 0131 0E010000 		.4byte	0x10e
 1469 0135 00       		.byte	0
 1470              		.section	.debug_abbrev,"",%progbits
 1471              	.Ldebug_abbrev0:
 1472 0000 01       		.uleb128 0x1
 1473 0001 11       		.uleb128 0x11
 1474 0002 01       		.byte	0x1
 1475 0003 25       		.uleb128 0x25
 1476 0004 0E       		.uleb128 0xe
 1477 0005 13       		.uleb128 0x13
 1478 0006 0B       		.uleb128 0xb
ARM GAS  C:\Users\shawn\AppData\Local\Temp\cc8EDnqO.s 			page 27


 1479 0007 03       		.uleb128 0x3
 1480 0008 0E       		.uleb128 0xe
 1481 0009 1B       		.uleb128 0x1b
 1482 000a 0E       		.uleb128 0xe
 1483 000b 10       		.uleb128 0x10
 1484 000c 17       		.uleb128 0x17
 1485 000d 00       		.byte	0
 1486 000e 00       		.byte	0
 1487 000f 02       		.uleb128 0x2
 1488 0010 24       		.uleb128 0x24
 1489 0011 00       		.byte	0
 1490 0012 0B       		.uleb128 0xb
 1491 0013 0B       		.uleb128 0xb
 1492 0014 3E       		.uleb128 0x3e
 1493 0015 0B       		.uleb128 0xb
 1494 0016 03       		.uleb128 0x3
 1495 0017 0E       		.uleb128 0xe
 1496 0018 00       		.byte	0
 1497 0019 00       		.byte	0
 1498 001a 03       		.uleb128 0x3
 1499 001b 16       		.uleb128 0x16
 1500 001c 00       		.byte	0
 1501 001d 03       		.uleb128 0x3
 1502 001e 0E       		.uleb128 0xe
 1503 001f 3A       		.uleb128 0x3a
 1504 0020 0B       		.uleb128 0xb
 1505 0021 3B       		.uleb128 0x3b
 1506 0022 0B       		.uleb128 0xb
 1507 0023 49       		.uleb128 0x49
 1508 0024 13       		.uleb128 0x13
 1509 0025 00       		.byte	0
 1510 0026 00       		.byte	0
 1511 0027 04       		.uleb128 0x4
 1512 0028 24       		.uleb128 0x24
 1513 0029 00       		.byte	0
 1514 002a 0B       		.uleb128 0xb
 1515 002b 0B       		.uleb128 0xb
 1516 002c 3E       		.uleb128 0x3e
 1517 002d 0B       		.uleb128 0xb
 1518 002e 03       		.uleb128 0x3
 1519 002f 08       		.uleb128 0x8
 1520 0030 00       		.byte	0
 1521 0031 00       		.byte	0
 1522 0032 05       		.uleb128 0x5
 1523 0033 01       		.uleb128 0x1
 1524 0034 01       		.byte	0x1
 1525 0035 49       		.uleb128 0x49
 1526 0036 13       		.uleb128 0x13
 1527 0037 01       		.uleb128 0x1
 1528 0038 13       		.uleb128 0x13
 1529 0039 00       		.byte	0
 1530 003a 00       		.byte	0
 1531 003b 06       		.uleb128 0x6
 1532 003c 21       		.uleb128 0x21
 1533 003d 00       		.byte	0
 1534 003e 49       		.uleb128 0x49
 1535 003f 13       		.uleb128 0x13
ARM GAS  C:\Users\shawn\AppData\Local\Temp\cc8EDnqO.s 			page 28


 1536 0040 2F       		.uleb128 0x2f
 1537 0041 05       		.uleb128 0x5
 1538 0042 00       		.byte	0
 1539 0043 00       		.byte	0
 1540 0044 07       		.uleb128 0x7
 1541 0045 26       		.uleb128 0x26
 1542 0046 00       		.byte	0
 1543 0047 49       		.uleb128 0x49
 1544 0048 13       		.uleb128 0x13
 1545 0049 00       		.byte	0
 1546 004a 00       		.byte	0
 1547 004b 08       		.uleb128 0x8
 1548 004c 34       		.uleb128 0x34
 1549 004d 00       		.byte	0
 1550 004e 03       		.uleb128 0x3
 1551 004f 0E       		.uleb128 0xe
 1552 0050 3A       		.uleb128 0x3a
 1553 0051 0B       		.uleb128 0xb
 1554 0052 3B       		.uleb128 0x3b
 1555 0053 0B       		.uleb128 0xb
 1556 0054 49       		.uleb128 0x49
 1557 0055 13       		.uleb128 0x13
 1558 0056 3F       		.uleb128 0x3f
 1559 0057 19       		.uleb128 0x19
 1560 0058 02       		.uleb128 0x2
 1561 0059 18       		.uleb128 0x18
 1562 005a 00       		.byte	0
 1563 005b 00       		.byte	0
 1564 005c 09       		.uleb128 0x9
 1565 005d 21       		.uleb128 0x21
 1566 005e 00       		.byte	0
 1567 005f 49       		.uleb128 0x49
 1568 0060 13       		.uleb128 0x13
 1569 0061 2F       		.uleb128 0x2f
 1570 0062 0B       		.uleb128 0xb
 1571 0063 00       		.byte	0
 1572 0064 00       		.byte	0
 1573 0065 0A       		.uleb128 0xa
 1574 0066 34       		.uleb128 0x34
 1575 0067 00       		.byte	0
 1576 0068 03       		.uleb128 0x3
 1577 0069 0E       		.uleb128 0xe
 1578 006a 3A       		.uleb128 0x3a
 1579 006b 0B       		.uleb128 0xb
 1580 006c 3B       		.uleb128 0x3b
 1581 006d 05       		.uleb128 0x5
 1582 006e 49       		.uleb128 0x49
 1583 006f 13       		.uleb128 0x13
 1584 0070 3F       		.uleb128 0x3f
 1585 0071 19       		.uleb128 0x19
 1586 0072 02       		.uleb128 0x2
 1587 0073 18       		.uleb128 0x18
 1588 0074 00       		.byte	0
 1589 0075 00       		.byte	0
 1590 0076 00       		.byte	0
 1591              		.section	.debug_aranges,"",%progbits
 1592 0000 14000000 		.4byte	0x14
ARM GAS  C:\Users\shawn\AppData\Local\Temp\cc8EDnqO.s 			page 29


 1593 0004 0200     		.2byte	0x2
 1594 0006 00000000 		.4byte	.Ldebug_info0
 1595 000a 04       		.byte	0x4
 1596 000b 00       		.byte	0
 1597 000c 0000     		.2byte	0
 1598 000e 0000     		.2byte	0
 1599 0010 00000000 		.4byte	0
 1600 0014 00000000 		.4byte	0
 1601              		.section	.debug_line,"",%progbits
 1602              	.Ldebug_line0:
 1603 0000 3D010000 		.section	.debug_str,"MS",%progbits,1
 1603      02003701 
 1603      00000201 
 1603      FB0E0D00 
 1603      01010101 
 1604              	.LASF9:
 1605 0000 5F5F7569 		.ascii	"__uint8_t\000"
 1605      6E74385F 
 1605      7400
 1606              	.LASF16:
 1607 000a 63795F6D 		.ascii	"cy_metadata\000"
 1607      65746164 
 1607      61746100 
 1608              	.LASF1:
 1609 0016 756E7369 		.ascii	"unsigned char\000"
 1609      676E6564 
 1609      20636861 
 1609      7200
 1610              	.LASF17:
 1611 0024 474E5520 		.ascii	"GNU C11 5.4.1 20160609 (release) [ARM/embedded-5-br"
 1611      43313120 
 1611      352E342E 
 1611      31203230 
 1611      31363036 
 1612 0057 616E6368 		.ascii	"anch revision 237715] -mcpu=cortex-m3 -mthumb -g -O"
 1612      20726576 
 1612      6973696F 
 1612      6E203233 
 1612      37373135 
 1613 008a 67202D66 		.ascii	"g -ffunction-sections -ffat-lto-objects\000"
 1613      66756E63 
 1613      74696F6E 
 1613      2D736563 
 1613      74696F6E 
 1614              	.LASF19:
 1615 00b2 433A5C55 		.ascii	"C:\\Users\\shawn\\Desktop\\Real-Time-Estimation-and"
 1615      73657273 
 1615      5C736861 
 1615      776E5C44 
 1615      65736B74 
 1616 00e1 2D436F6E 		.ascii	"-Control-For-Satellite-Orbit-Stabilization\\Lab6\\C"
 1616      74726F6C 
 1616      2D466F72 
 1616      2D536174 
 1616      656C6C69 
 1617 0112 6F6D6D61 		.ascii	"ommandInterpreter.cydsn\000"
 1617      6E64496E 
ARM GAS  C:\Users\shawn\AppData\Local\Temp\cc8EDnqO.s 			page 30


 1617      74657270 
 1617      72657465 
 1617      722E6379 
 1618              	.LASF5:
 1619 012a 6C6F6E67 		.ascii	"long unsigned int\000"
 1619      20756E73 
 1619      69676E65 
 1619      6420696E 
 1619      7400
 1620              	.LASF3:
 1621 013c 73686F72 		.ascii	"short unsigned int\000"
 1621      7420756E 
 1621      7369676E 
 1621      65642069 
 1621      6E7400
 1622              	.LASF13:
 1623 014f 63795F6D 		.ascii	"cy_meta_custnvl\000"
 1623      6574615F 
 1623      63757374 
 1623      6E766C00 
 1624              	.LASF12:
 1625 015f 63795F6D 		.ascii	"cy_meta_configecc\000"
 1625      6574615F 
 1625      636F6E66 
 1625      69676563 
 1625      6300
 1626              	.LASF8:
 1627 0171 756E7369 		.ascii	"unsigned int\000"
 1627      676E6564 
 1627      20696E74 
 1627      00
 1628              	.LASF7:
 1629 017e 6C6F6E67 		.ascii	"long long unsigned int\000"
 1629      206C6F6E 
 1629      6720756E 
 1629      7369676E 
 1629      65642069 
 1630              	.LASF10:
 1631 0195 75696E74 		.ascii	"uint8_t\000"
 1631      385F7400 
 1632              	.LASF15:
 1633 019d 63795F6D 		.ascii	"cy_meta_flashprotect\000"
 1633      6574615F 
 1633      666C6173 
 1633      6870726F 
 1633      74656374 
 1634              	.LASF14:
 1635 01b2 63795F6D 		.ascii	"cy_meta_wonvl\000"
 1635      6574615F 
 1635      776F6E76 
 1635      6C00
 1636              	.LASF11:
 1637 01c0 73697A65 		.ascii	"sizetype\000"
 1637      74797065 
 1637      00
 1638              	.LASF6:
 1639 01c9 6C6F6E67 		.ascii	"long long int\000"
ARM GAS  C:\Users\shawn\AppData\Local\Temp\cc8EDnqO.s 			page 31


 1639      206C6F6E 
 1639      6720696E 
 1639      7400
 1640              	.LASF2:
 1641 01d7 73686F72 		.ascii	"short int\000"
 1641      7420696E 
 1641      7400
 1642              	.LASF4:
 1643 01e1 6C6F6E67 		.ascii	"long int\000"
 1643      20696E74 
 1643      00
 1644              	.LASF0:
 1645 01ea 7369676E 		.ascii	"signed char\000"
 1645      65642063 
 1645      68617200 
 1646              	.LASF18:
 1647 01f6 47656E65 		.ascii	"Generated_Source\\PSoC5\\cymetadata.c\000"
 1647      72617465 
 1647      645F536F 
 1647      75726365 
 1647      5C50536F 
 1648              		.ident	"GCC: (GNU Tools for ARM Embedded Processors) 5.4.1 20160609 (release) [ARM/embedded-5-bran
