ARM GAS  C:\Users\GEORGE~1\AppData\Local\Temp\cc1Kpy7Z.s 			page 1


   1              		.syntax unified
   2              		.cpu cortex-m3
   3              		.fpu softvfp
   4              		.eabi_attribute 20, 1
   5              		.eabi_attribute 21, 1
   6              		.eabi_attribute 23, 3
   7              		.eabi_attribute 24, 1
   8              		.eabi_attribute 25, 1
   9              		.eabi_attribute 26, 1
  10              		.eabi_attribute 30, 1
  11              		.eabi_attribute 34, 1
  12              		.eabi_attribute 18, 4
  13              		.thumb
  14              		.syntax unified
  15              		.file	"cymetadata.c"
  16              		.text
  17              	.Ltext0:
  18              		.cfi_sections	.debug_frame
  19              		.global	cy_metadata
  20              		.global	cy_meta_flashprotect
  21              		.global	cy_meta_wonvl
  22              		.global	cy_meta_custnvl
  23              		.global	cy_meta_configecc
  24              		.section	.cyconfigecc,"a",%progbits
  25              		.align	2
  26              		.type	cy_meta_configecc, %object
  27              		.size	cy_meta_configecc, 1148
  28              	cy_meta_configecc:
  29 0000 03       		.byte	3
  30 0001 52       		.byte	82
  31 0002 00       		.byte	0
  32 0003 40       		.byte	64
  33 0004 01       		.byte	1
  34 0005 5A       		.byte	90
  35 0006 00       		.byte	0
  36 0007 40       		.byte	64
  37 0008 01       		.byte	1
  38 0009 64       		.byte	100
  39 000a 00       		.byte	0
  40 000b 40       		.byte	64
  41 000c 02       		.byte	2
  42 000d 65       		.byte	101
  43 000e 00       		.byte	0
  44 000f 40       		.byte	64
  45 0010 04       		.byte	4
  46 0011 06       		.byte	6
  47 0012 01       		.byte	1
  48 0013 40       		.byte	64
  49 0014 02       		.byte	2
  50 0015 07       		.byte	7
  51 0016 01       		.byte	1
  52 0017 40       		.byte	64
  53 0018 4D       		.byte	77
  54 0019 08       		.byte	8
  55 001a 01       		.byte	1
  56 001b 40       		.byte	64
  57 001c 38       		.byte	56
ARM GAS  C:\Users\GEORGE~1\AppData\Local\Temp\cc1Kpy7Z.s 			page 2


  58 001d 09       		.byte	9
  59 001e 01       		.byte	1
  60 001f 40       		.byte	64
  61 0020 02       		.byte	2
  62 0021 17       		.byte	23
  63 0022 01       		.byte	1
  64 0023 40       		.byte	64
  65 0024 4C       		.byte	76
  66 0025 18       		.byte	24
  67 0026 01       		.byte	1
  68 0027 40       		.byte	64
  69 0028 45       		.byte	69
  70 0029 19       		.byte	25
  71 002a 01       		.byte	1
  72 002b 40       		.byte	64
  73 002c 4B       		.byte	75
  74 002d 1A       		.byte	26
  75 002e 01       		.byte	1
  76 002f 40       		.byte	64
  77 0030 48       		.byte	72
  78 0031 1B       		.byte	27
  79 0032 01       		.byte	1
  80 0033 40       		.byte	64
  81 0034 04       		.byte	4
  82 0035 40       		.byte	64
  83 0036 01       		.byte	1
  84 0037 40       		.byte	64
  85 0038 02       		.byte	2
  86 0039 41       		.byte	65
  87 003a 01       		.byte	1
  88 003b 40       		.byte	64
  89 003c 02       		.byte	2
  90 003d 42       		.byte	66
  91 003e 01       		.byte	1
  92 003f 40       		.byte	64
  93 0040 06       		.byte	6
  94 0041 43       		.byte	67
  95 0042 01       		.byte	1
  96 0043 40       		.byte	64
  97 0044 02       		.byte	2
  98 0045 44       		.byte	68
  99 0046 01       		.byte	1
 100 0047 40       		.byte	64
 101 0048 04       		.byte	4
 102 0049 45       		.byte	69
 103 004a 01       		.byte	1
 104 004b 40       		.byte	64
 105 004c 04       		.byte	4
 106 004d 46       		.byte	70
 107 004e 01       		.byte	1
 108 004f 40       		.byte	64
 109 0050 08       		.byte	8
 110 0051 47       		.byte	71
 111 0052 01       		.byte	1
 112 0053 40       		.byte	64
 113 0054 06       		.byte	6
 114 0055 48       		.byte	72
ARM GAS  C:\Users\GEORGE~1\AppData\Local\Temp\cc1Kpy7Z.s 			page 3


 115 0056 01       		.byte	1
 116 0057 40       		.byte	64
 117 0058 07       		.byte	7
 118 0059 4C       		.byte	76
 119 005a 01       		.byte	1
 120 005b 40       		.byte	64
 121 005c 07       		.byte	7
 122 005d 4D       		.byte	77
 123 005e 01       		.byte	1
 124 005f 40       		.byte	64
 125 0060 04       		.byte	4
 126 0061 50       		.byte	80
 127 0062 01       		.byte	1
 128 0063 40       		.byte	64
 129 0064 02       		.byte	2
 130 0065 51       		.byte	81
 131 0066 01       		.byte	1
 132 0067 40       		.byte	64
 133 0068 11       		.byte	17
 134 0069 01       		.byte	1
 135 006a 61       		.byte	97
 136 006b 80       		.byte	-128
 137 006c 64       		.byte	100
 138 006d 40       		.byte	64
 139 006e 9F       		.byte	-97
 140 006f 01       		.byte	1
 141 0070 89       		.byte	-119
 142 0071 0F       		.byte	15
 143 0072 88       		.byte	-120
 144 0073 72       		.byte	114
 145 0074 8B       		.byte	-117
 146 0075 38       		.byte	56
 147 0076 B8       		.byte	-72
 148 0077 80       		.byte	-128
 149 0078 BE       		.byte	-66
 150 0079 40       		.byte	64
 151 007a D8       		.byte	-40
 152 007b 04       		.byte	4
 153 007c DF       		.byte	-33
 154 007d 01       		.byte	1
 155 007e 18       		.byte	24
 156 007f 02       		.byte	2
 157 0080 E4       		.byte	-28
 158 0081 04       		.byte	4
 159 0082 01       		.byte	1
 160 0083 02       		.byte	2
 161 0084 02       		.byte	2
 162 0085 13       		.byte	19
 163 0086 04       		.byte	4
 164 0087 0C       		.byte	12
 165 0088 07       		.byte	7
 166 0089 01       		.byte	1
 167 008a 08       		.byte	8
 168 008b 04       		.byte	4
 169 008c 0D       		.byte	13
 170 008d 04       		.byte	4
 171 008e 10       		.byte	16
ARM GAS  C:\Users\GEORGE~1\AppData\Local\Temp\cc1Kpy7Z.s 			page 4


 172 008f 1F       		.byte	31
 173 0090 11       		.byte	17
 174 0091 03       		.byte	3
 175 0092 14       		.byte	20
 176 0093 02       		.byte	2
 177 0094 15       		.byte	21
 178 0095 04       		.byte	4
 179 0096 18       		.byte	24
 180 0097 13       		.byte	19
 181 0098 19       		.byte	25
 182 0099 04       		.byte	4
 183 009a 1A       		.byte	26
 184 009b 0C       		.byte	12
 185 009c 1C       		.byte	28
 186 009d 0F       		.byte	15
 187 009e 1E       		.byte	30
 188 009f 10       		.byte	16
 189 00a0 20       		.byte	32
 190 00a1 03       		.byte	3
 191 00a2 24       		.byte	36
 192 00a3 01       		.byte	1
 193 00a4 25       		.byte	37
 194 00a5 04       		.byte	4
 195 00a6 28       		.byte	40
 196 00a7 0C       		.byte	12
 197 00a8 29       		.byte	41
 198 00a9 03       		.byte	3
 199 00aa 2A       		.byte	42
 200 00ab 13       		.byte	19
 201 00ac 2C       		.byte	44
 202 00ad 08       		.byte	8
 203 00ae 31       		.byte	49
 204 00af 03       		.byte	3
 205 00b0 32       		.byte	50
 206 00b1 1C       		.byte	28
 207 00b2 34       		.byte	52
 208 00b3 0F       		.byte	15
 209 00b4 35       		.byte	53
 210 00b5 04       		.byte	4
 211 00b6 39       		.byte	57
 212 00b7 02       		.byte	2
 213 00b8 3A       		.byte	58
 214 00b9 2A       		.byte	42
 215 00ba 3F       		.byte	63
 216 00bb 11       		.byte	17
 217 00bc 40       		.byte	64
 218 00bd 01       		.byte	1
 219 00be 47       		.byte	71
 220 00bf 04       		.byte	4
 221 00c0 49       		.byte	73
 222 00c1 FF       		.byte	-1
 223 00c2 4A       		.byte	74
 224 00c3 07       		.byte	7
 225 00c4 4B       		.byte	75
 226 00c5 FF       		.byte	-1
 227 00c6 4C       		.byte	76
 228 00c7 40       		.byte	64
ARM GAS  C:\Users\GEORGE~1\AppData\Local\Temp\cc1Kpy7Z.s 			page 5


 229 00c8 4D       		.byte	77
 230 00c9 20       		.byte	32
 231 00ca 4E       		.byte	78
 232 00cb F0       		.byte	-16
 233 00cc 4F       		.byte	79
 234 00cd 05       		.byte	5
 235 00ce 50       		.byte	80
 236 00cf 08       		.byte	8
 237 00d0 58       		.byte	88
 238 00d1 04       		.byte	4
 239 00d2 59       		.byte	89
 240 00d3 04       		.byte	4
 241 00d4 5A       		.byte	90
 242 00d5 04       		.byte	4
 243 00d6 5C       		.byte	92
 244 00d7 01       		.byte	1
 245 00d8 5D       		.byte	93
 246 00d9 01       		.byte	1
 247 00da 5F       		.byte	95
 248 00db 01       		.byte	1
 249 00dc 60       		.byte	96
 250 00dd 40       		.byte	64
 251 00de 61       		.byte	97
 252 00df A8       		.byte	-88
 253 00e0 62       		.byte	98
 254 00e1 40       		.byte	64
 255 00e2 63       		.byte	99
 256 00e3 20       		.byte	32
 257 00e4 80       		.byte	-128
 258 00e5 06       		.byte	6
 259 00e6 82       		.byte	-126
 260 00e7 01       		.byte	1
 261 00e8 83       		.byte	-125
 262 00e9 05       		.byte	5
 263 00ea 85       		.byte	-123
 264 00eb 08       		.byte	8
 265 00ec 87       		.byte	-121
 266 00ed 01       		.byte	1
 267 00ee 8A       		.byte	-118
 268 00ef 03       		.byte	3
 269 00f0 96       		.byte	-106
 270 00f1 06       		.byte	6
 271 00f2 9B       		.byte	-101
 272 00f3 01       		.byte	1
 273 00f4 9D       		.byte	-99
 274 00f5 02       		.byte	2
 275 00f6 9E       		.byte	-98
 276 00f7 05       		.byte	5
 277 00f8 A1       		.byte	-95
 278 00f9 05       		.byte	5
 279 00fa A6       		.byte	-90
 280 00fb 01       		.byte	1
 281 00fc A9       		.byte	-87
 282 00fd 05       		.byte	5
 283 00fe AA       		.byte	-86
 284 00ff 02       		.byte	2
 285 0100 B1       		.byte	-79
ARM GAS  C:\Users\GEORGE~1\AppData\Local\Temp\cc1Kpy7Z.s 			page 6


 286 0101 01       		.byte	1
 287 0102 B2       		.byte	-78
 288 0103 07       		.byte	7
 289 0104 B3       		.byte	-77
 290 0105 02       		.byte	2
 291 0106 B5       		.byte	-75
 292 0107 0C       		.byte	12
 293 0108 B9       		.byte	-71
 294 0109 20       		.byte	32
 295 010a BA       		.byte	-70
 296 010b 08       		.byte	8
 297 010c BF       		.byte	-65
 298 010d 05       		.byte	5
 299 010e D4       		.byte	-44
 300 010f 01       		.byte	1
 301 0110 D8       		.byte	-40
 302 0111 04       		.byte	4
 303 0112 D9       		.byte	-39
 304 0113 04       		.byte	4
 305 0114 DB       		.byte	-37
 306 0115 04       		.byte	4
 307 0116 DC       		.byte	-36
 308 0117 11       		.byte	17
 309 0118 DD       		.byte	-35
 310 0119 10       		.byte	16
 311 011a DF       		.byte	-33
 312 011b 01       		.byte	1
 313 011c 01       		.byte	1
 314 011d 01       		.byte	1
 315 011e 03       		.byte	3
 316 011f 08       		.byte	8
 317 0120 04       		.byte	4
 318 0121 02       		.byte	2
 319 0122 06       		.byte	6
 320 0123 08       		.byte	8
 321 0124 07       		.byte	7
 322 0125 10       		.byte	16
 323 0126 08       		.byte	8
 324 0127 40       		.byte	64
 325 0128 0A       		.byte	10
 326 0129 20       		.byte	32
 327 012a 0E       		.byte	14
 328 012b 6A       		.byte	106
 329 012c 11       		.byte	17
 330 012d 04       		.byte	4
 331 012e 12       		.byte	18
 332 012f 04       		.byte	4
 333 0130 14       		.byte	20
 334 0131 20       		.byte	32
 335 0132 16       		.byte	22
 336 0133 81       		.byte	-127
 337 0134 17       		.byte	23
 338 0135 20       		.byte	32
 339 0136 1B       		.byte	27
 340 0137 08       		.byte	8
 341 0138 1D       		.byte	29
 342 0139 06       		.byte	6
ARM GAS  C:\Users\GEORGE~1\AppData\Local\Temp\cc1Kpy7Z.s 			page 7


 343 013a 1E       		.byte	30
 344 013b 48       		.byte	72
 345 013c 1F       		.byte	31
 346 013d 10       		.byte	16
 347 013e 22       		.byte	34
 348 013f 14       		.byte	20
 349 0140 23       		.byte	35
 350 0141 80       		.byte	-128
 351 0142 24       		.byte	36
 352 0143 04       		.byte	4
 353 0144 27       		.byte	39
 354 0145 40       		.byte	64
 355 0146 28       		.byte	40
 356 0147 40       		.byte	64
 357 0148 29       		.byte	41
 358 0149 02       		.byte	2
 359 014a 2B       		.byte	43
 360 014b 08       		.byte	8
 361 014c 2F       		.byte	47
 362 014d 18       		.byte	24
 363 014e 30       		.byte	48
 364 014f 30       		.byte	48
 365 0150 32       		.byte	50
 366 0151 80       		.byte	-128
 367 0152 35       		.byte	53
 368 0153 06       		.byte	6
 369 0154 37       		.byte	55
 370 0155 20       		.byte	32
 371 0156 39       		.byte	57
 372 0157 05       		.byte	5
 373 0158 3A       		.byte	58
 374 0159 20       		.byte	32
 375 015a 3B       		.byte	59
 376 015b 30       		.byte	48
 377 015c 3C       		.byte	60
 378 015d 08       		.byte	8
 379 015e 3D       		.byte	61
 380 015f 01       		.byte	1
 381 0160 3E       		.byte	62
 382 0161 41       		.byte	65
 383 0162 3F       		.byte	63
 384 0163 08       		.byte	8
 385 0164 47       		.byte	71
 386 0165 40       		.byte	64
 387 0166 4D       		.byte	77
 388 0167 04       		.byte	4
 389 0168 4F       		.byte	79
 390 0169 08       		.byte	8
 391 016a 56       		.byte	86
 392 016b 04       		.byte	4
 393 016c 58       		.byte	88
 394 016d 12       		.byte	18
 395 016e 5A       		.byte	90
 396 016f 08       		.byte	8
 397 0170 5B       		.byte	91
 398 0171 80       		.byte	-128
 399 0172 60       		.byte	96
ARM GAS  C:\Users\GEORGE~1\AppData\Local\Temp\cc1Kpy7Z.s 			page 8


 400 0173 02       		.byte	2
 401 0174 62       		.byte	98
 402 0175 80       		.byte	-128
 403 0176 68       		.byte	104
 404 0177 01       		.byte	1
 405 0178 88       		.byte	-120
 406 0179 01       		.byte	1
 407 017a C0       		.byte	-64
 408 017b 7A       		.byte	122
 409 017c C2       		.byte	-62
 410 017d F5       		.byte	-11
 411 017e C4       		.byte	-60
 412 017f F6       		.byte	-10
 413 0180 CA       		.byte	-54
 414 0181 65       		.byte	101
 415 0182 CC       		.byte	-52
 416 0183 EC       		.byte	-20
 417 0184 CE       		.byte	-50
 418 0185 D3       		.byte	-45
 419 0186 D0       		.byte	-48
 420 0187 10       		.byte	16
 421 0188 D6       		.byte	-42
 422 0189 0F       		.byte	15
 423 018a E4       		.byte	-28
 424 018b 04       		.byte	4
 425 018c B4       		.byte	-76
 426 018d 01       		.byte	1
 427 018e EC       		.byte	-20
 428 018f 10       		.byte	16
 429 0190 01       		.byte	1
 430 0191 10       		.byte	16
 431 0192 05       		.byte	5
 432 0193 08       		.byte	8
 433 0194 06       		.byte	6
 434 0195 01       		.byte	1
 435 0196 09       		.byte	9
 436 0197 3C       		.byte	60
 437 0198 0A       		.byte	10
 438 0199 02       		.byte	2
 439 019a 0B       		.byte	11
 440 019b C2       		.byte	-62
 441 019c 0D       		.byte	13
 442 019d C0       		.byte	-64
 443 019e 13       		.byte	19
 444 019f E3       		.byte	-29
 445 01a0 14       		.byte	20
 446 01a1 01       		.byte	1
 447 01a2 15       		.byte	21
 448 01a3 1C       		.byte	28
 449 01a4 17       		.byte	23
 450 01a5 E1       		.byte	-31
 451 01a6 19       		.byte	25
 452 01a7 80       		.byte	-128
 453 01a8 1A       		.byte	26
 454 01a9 02       		.byte	2
 455 01aa 1F       		.byte	31
 456 01ab 04       		.byte	4
ARM GAS  C:\Users\GEORGE~1\AppData\Local\Temp\cc1Kpy7Z.s 			page 9


 457 01ac 21       		.byte	33
 458 01ad 44       		.byte	68
 459 01ae 24       		.byte	36
 460 01af 01       		.byte	1
 461 01b0 25       		.byte	37
 462 01b1 E7       		.byte	-25
 463 01b2 27       		.byte	39
 464 01b3 18       		.byte	24
 465 01b4 29       		.byte	41
 466 01b5 FF       		.byte	-1
 467 01b6 2A       		.byte	42
 468 01b7 01       		.byte	1
 469 01b8 2D       		.byte	45
 470 01b9 18       		.byte	24
 471 01ba 30       		.byte	48
 472 01bb 02       		.byte	2
 473 01bc 31       		.byte	49
 474 01bd C0       		.byte	-64
 475 01be 33       		.byte	51
 476 01bf 1F       		.byte	31
 477 01c0 35       		.byte	53
 478 01c1 38       		.byte	56
 479 01c2 36       		.byte	54
 480 01c3 01       		.byte	1
 481 01c4 38       		.byte	56
 482 01c5 80       		.byte	-128
 483 01c6 3B       		.byte	59
 484 01c7 08       		.byte	8
 485 01c8 3E       		.byte	62
 486 01c9 01       		.byte	1
 487 01ca 40       		.byte	64
 488 01cb 65       		.byte	101
 489 01cc 41       		.byte	65
 490 01cd 04       		.byte	4
 491 01ce 42       		.byte	66
 492 01cf 02       		.byte	2
 493 01d0 44       		.byte	68
 494 01d1 01       		.byte	1
 495 01d2 45       		.byte	69
 496 01d3 0C       		.byte	12
 497 01d4 46       		.byte	70
 498 01d5 0E       		.byte	14
 499 01d6 48       		.byte	72
 500 01d7 05       		.byte	5
 501 01d8 49       		.byte	73
 502 01d9 FF       		.byte	-1
 503 01da 4A       		.byte	74
 504 01db FF       		.byte	-1
 505 01dc 4B       		.byte	75
 506 01dd FF       		.byte	-1
 507 01de 4C       		.byte	76
 508 01df 62       		.byte	98
 509 01e0 4D       		.byte	77
 510 01e1 A0       		.byte	-96
 511 01e2 4E       		.byte	78
 512 01e3 F0       		.byte	-16
 513 01e4 4F       		.byte	79
ARM GAS  C:\Users\GEORGE~1\AppData\Local\Temp\cc1Kpy7Z.s 			page 10


 514 01e5 41       		.byte	65
 515 01e6 50       		.byte	80
 516 01e7 0C       		.byte	12
 517 01e8 56       		.byte	86
 518 01e9 02       		.byte	2
 519 01ea 57       		.byte	87
 520 01eb 12       		.byte	18
 521 01ec 58       		.byte	88
 522 01ed 04       		.byte	4
 523 01ee 59       		.byte	89
 524 01ef 04       		.byte	4
 525 01f0 5A       		.byte	90
 526 01f1 04       		.byte	4
 527 01f2 5B       		.byte	91
 528 01f3 04       		.byte	4
 529 01f4 5C       		.byte	92
 530 01f5 11       		.byte	17
 531 01f6 5D       		.byte	93
 532 01f7 11       		.byte	17
 533 01f8 5F       		.byte	95
 534 01f9 01       		.byte	1
 535 01fa 66       		.byte	102
 536 01fb 40       		.byte	64
 537 01fc 67       		.byte	103
 538 01fd 02       		.byte	2
 539 01fe 69       		.byte	105
 540 01ff 10       		.byte	16
 541 0200 6A       		.byte	106
 542 0201 30       		.byte	48
 543 0202 6B       		.byte	107
 544 0203 10       		.byte	16
 545 0204 6D       		.byte	109
 546 0205 10       		.byte	16
 547 0206 6E       		.byte	110
 548 0207 10       		.byte	16
 549 0208 6F       		.byte	111
 550 0209 12       		.byte	18
 551 020a 80       		.byte	-128
 552 020b 01       		.byte	1
 553 020c 82       		.byte	-126
 554 020d 06       		.byte	6
 555 020e 86       		.byte	-122
 556 020f 03       		.byte	3
 557 0210 88       		.byte	-120
 558 0211 01       		.byte	1
 559 0212 8A       		.byte	-118
 560 0213 0E       		.byte	14
 561 0214 96       		.byte	-106
 562 0215 0C       		.byte	12
 563 0216 A0       		.byte	-96
 564 0217 0C       		.byte	12
 565 0218 A2       		.byte	-94
 566 0219 03       		.byte	3
 567 021a AA       		.byte	-86
 568 021b 08       		.byte	8
 569 021c B6       		.byte	-74
 570 021d 0F       		.byte	15
ARM GAS  C:\Users\GEORGE~1\AppData\Local\Temp\cc1Kpy7Z.s 			page 11


 571 021e BA       		.byte	-70
 572 021f 80       		.byte	-128
 573 0220 D8       		.byte	-40
 574 0221 04       		.byte	4
 575 0222 DB       		.byte	-37
 576 0223 04       		.byte	4
 577 0224 DC       		.byte	-36
 578 0225 01       		.byte	1
 579 0226 DF       		.byte	-33
 580 0227 01       		.byte	1
 581 0228 00       		.byte	0
 582 0229 08       		.byte	8
 583 022a 01       		.byte	1
 584 022b 02       		.byte	2
 585 022c 03       		.byte	3
 586 022d 08       		.byte	8
 587 022e 05       		.byte	5
 588 022f 04       		.byte	4
 589 0230 07       		.byte	7
 590 0231 04       		.byte	4
 591 0232 0A       		.byte	10
 592 0233 20       		.byte	32
 593 0234 0C       		.byte	12
 594 0235 08       		.byte	8
 595 0236 0F       		.byte	15
 596 0237 08       		.byte	8
 597 0238 11       		.byte	17
 598 0239 01       		.byte	1
 599 023a 12       		.byte	18
 600 023b 04       		.byte	4
 601 023c 16       		.byte	22
 602 023d 20       		.byte	32
 603 023e 17       		.byte	23
 604 023f 20       		.byte	32
 605 0240 1A       		.byte	26
 606 0241 01       		.byte	1
 607 0242 1C       		.byte	28
 608 0243 02       		.byte	2
 609 0244 1F       		.byte	31
 610 0245 01       		.byte	1
 611 0246 24       		.byte	36
 612 0247 10       		.byte	16
 613 0248 25       		.byte	37
 614 0249 10       		.byte	16
 615 024a 26       		.byte	38
 616 024b 01       		.byte	1
 617 024c 27       		.byte	39
 618 024d 24       		.byte	36
 619 024e 2C       		.byte	44
 620 024f 08       		.byte	8
 621 0250 2F       		.byte	47
 622 0251 92       		.byte	-110
 623 0252 35       		.byte	53
 624 0253 04       		.byte	4
 625 0254 36       		.byte	54
 626 0255 52       		.byte	82
 627 0256 3C       		.byte	60
ARM GAS  C:\Users\GEORGE~1\AppData\Local\Temp\cc1Kpy7Z.s 			page 12


 628 0257 50       		.byte	80
 629 0258 3E       		.byte	62
 630 0259 8A       		.byte	-118
 631 025a 45       		.byte	69
 632 025b 92       		.byte	-110
 633 025c 4C       		.byte	76
 634 025d 01       		.byte	1
 635 025e 4E       		.byte	78
 636 025f 02       		.byte	2
 637 0260 4F       		.byte	79
 638 0261 18       		.byte	24
 639 0262 57       		.byte	87
 640 0263 40       		.byte	64
 641 0264 5C       		.byte	92
 642 0265 04       		.byte	4
 643 0266 69       		.byte	105
 644 0267 80       		.byte	-128
 645 0268 6D       		.byte	109
 646 0269 10       		.byte	16
 647 026a 6E       		.byte	110
 648 026b 0C       		.byte	12
 649 026c 6F       		.byte	111
 650 026d 01       		.byte	1
 651 026e 76       		.byte	118
 652 026f 0B       		.byte	11
 653 0270 77       		.byte	119
 654 0271 10       		.byte	16
 655 0272 8D       		.byte	-115
 656 0273 40       		.byte	64
 657 0274 8F       		.byte	-113
 658 0275 12       		.byte	18
 659 0276 90       		.byte	-112
 660 0277 04       		.byte	4
 661 0278 91       		.byte	-111
 662 0279 01       		.byte	1
 663 027a 92       		.byte	-110
 664 027b 20       		.byte	32
 665 027c 93       		.byte	-109
 666 027d 30       		.byte	48
 667 027e 94       		.byte	-108
 668 027f 02       		.byte	2
 669 0280 96       		.byte	-106
 670 0281 01       		.byte	1
 671 0282 99       		.byte	-103
 672 0283 04       		.byte	4
 673 0284 9A       		.byte	-102
 674 0285 24       		.byte	36
 675 0286 9C       		.byte	-100
 676 0287 20       		.byte	32
 677 0288 9D       		.byte	-99
 678 0289 02       		.byte	2
 679 028a 9E       		.byte	-98
 680 028b 89       		.byte	-119
 681 028c 9F       		.byte	-97
 682 028d 30       		.byte	48
 683 028e A0       		.byte	-96
 684 028f 04       		.byte	4
ARM GAS  C:\Users\GEORGE~1\AppData\Local\Temp\cc1Kpy7Z.s 			page 13


 685 0290 A1       		.byte	-95
 686 0291 02       		.byte	2
 687 0292 A3       		.byte	-93
 688 0293 08       		.byte	8
 689 0294 A4       		.byte	-92
 690 0295 20       		.byte	32
 691 0296 A6       		.byte	-90
 692 0297 90       		.byte	-112
 693 0298 B5       		.byte	-75
 694 0299 04       		.byte	4
 695 029a B6       		.byte	-74
 696 029b 01       		.byte	1
 697 029c C0       		.byte	-64
 698 029d 6E       		.byte	110
 699 029e C2       		.byte	-62
 700 029f 64       		.byte	100
 701 02a0 C4       		.byte	-60
 702 02a1 6A       		.byte	106
 703 02a2 CA       		.byte	-54
 704 02a3 F0       		.byte	-16
 705 02a4 CC       		.byte	-52
 706 02a5 F0       		.byte	-16
 707 02a6 CE       		.byte	-50
 708 02a7 F0       		.byte	-16
 709 02a8 D0       		.byte	-48
 710 02a9 B0       		.byte	-80
 711 02aa D2       		.byte	-46
 712 02ab 30       		.byte	48
 713 02ac D6       		.byte	-42
 714 02ad 40       		.byte	64
 715 02ae E8       		.byte	-24
 716 02af 40       		.byte	64
 717 02b0 EC       		.byte	-20
 718 02b1 10       		.byte	16
 719 02b2 00       		.byte	0
 720 02b3 03       		.byte	3
 721 02b4 02       		.byte	2
 722 02b5 0C       		.byte	12
 723 02b6 05       		.byte	5
 724 02b7 14       		.byte	20
 725 02b8 06       		.byte	6
 726 02b9 05       		.byte	5
 727 02ba 08       		.byte	8
 728 02bb 03       		.byte	3
 729 02bc 0A       		.byte	10
 730 02bd 04       		.byte	4
 731 02be 10       		.byte	16
 732 02bf 10       		.byte	16
 733 02c0 13       		.byte	19
 734 02c1 03       		.byte	3
 735 02c2 15       		.byte	21
 736 02c3 0C       		.byte	12
 737 02c4 16       		.byte	22
 738 02c5 08       		.byte	8
 739 02c6 17       		.byte	23
 740 02c7 11       		.byte	17
 741 02c8 19       		.byte	25
ARM GAS  C:\Users\GEORGE~1\AppData\Local\Temp\cc1Kpy7Z.s 			page 14


 742 02c9 09       		.byte	9
 743 02ca 1B       		.byte	27
 744 02cb 10       		.byte	16
 745 02cc 20       		.byte	32
 746 02cd 0A       		.byte	10
 747 02ce 21       		.byte	33
 748 02cf 10       		.byte	16
 749 02d0 22       		.byte	34
 750 02d1 04       		.byte	4
 751 02d2 23       		.byte	35
 752 02d3 0C       		.byte	12
 753 02d4 24       		.byte	36
 754 02d5 03       		.byte	3
 755 02d6 25       		.byte	37
 756 02d7 10       		.byte	16
 757 02d8 26       		.byte	38
 758 02d9 04       		.byte	4
 759 02da 2D       		.byte	45
 760 02db 1C       		.byte	28
 761 02dc 2F       		.byte	47
 762 02dd 02       		.byte	2
 763 02de 30       		.byte	48
 764 02df 0F       		.byte	15
 765 02e0 31       		.byte	49
 766 02e1 1F       		.byte	31
 767 02e2 32       		.byte	50
 768 02e3 10       		.byte	16
 769 02e4 3A       		.byte	58
 770 02e5 02       		.byte	2
 771 02e6 3E       		.byte	62
 772 02e7 04       		.byte	4
 773 02e8 40       		.byte	64
 774 02e9 16       		.byte	22
 775 02ea 41       		.byte	65
 776 02eb 03       		.byte	3
 777 02ec 46       		.byte	70
 778 02ed CE       		.byte	-50
 779 02ee 47       		.byte	71
 780 02ef 0B       		.byte	11
 781 02f0 48       		.byte	72
 782 02f1 1C       		.byte	28
 783 02f2 49       		.byte	73
 784 02f3 FF       		.byte	-1
 785 02f4 4A       		.byte	74
 786 02f5 FF       		.byte	-1
 787 02f6 4B       		.byte	75
 788 02f7 FF       		.byte	-1
 789 02f8 4E       		.byte	78
 790 02f9 F0       		.byte	-16
 791 02fa 4F       		.byte	79
 792 02fb 44       		.byte	68
 793 02fc 50       		.byte	80
 794 02fd 0C       		.byte	12
 795 02fe 58       		.byte	88
 796 02ff 04       		.byte	4
 797 0300 59       		.byte	89
 798 0301 04       		.byte	4
ARM GAS  C:\Users\GEORGE~1\AppData\Local\Temp\cc1Kpy7Z.s 			page 15


 799 0302 5A       		.byte	90
 800 0303 04       		.byte	4
 801 0304 5C       		.byte	92
 802 0305 11       		.byte	17
 803 0306 5D       		.byte	93
 804 0307 01       		.byte	1
 805 0308 5F       		.byte	95
 806 0309 01       		.byte	1
 807 030a 66       		.byte	102
 808 030b C0       		.byte	-64
 809 030c 6A       		.byte	106
 810 030d 40       		.byte	64
 811 030e 6B       		.byte	107
 812 030f 02       		.byte	2
 813 0310 83       		.byte	-125
 814 0311 01       		.byte	1
 815 0312 85       		.byte	-123
 816 0313 02       		.byte	2
 817 0314 88       		.byte	-120
 818 0315 08       		.byte	8
 819 0316 8A       		.byte	-118
 820 0317 70       		.byte	112
 821 0318 8F       		.byte	-113
 822 0319 01       		.byte	1
 823 031a 91       		.byte	-111
 824 031b 02       		.byte	2
 825 031c 94       		.byte	-108
 826 031d 22       		.byte	34
 827 031e 96       		.byte	-106
 828 031f 89       		.byte	-119
 829 0320 98       		.byte	-104
 830 0321 3B       		.byte	59
 831 0322 A8       		.byte	-88
 832 0323 3B       		.byte	59
 833 0324 A9       		.byte	-87
 834 0325 02       		.byte	2
 835 0326 AC       		.byte	-84
 836 0327 11       		.byte	17
 837 0328 AE       		.byte	-82
 838 0329 8E       		.byte	-114
 839 032a B0       		.byte	-80
 840 032b 04       		.byte	4
 841 032c B1       		.byte	-79
 842 032d 02       		.byte	2
 843 032e B2       		.byte	-78
 844 032f 03       		.byte	3
 845 0330 B3       		.byte	-77
 846 0331 01       		.byte	1
 847 0332 B4       		.byte	-76
 848 0333 38       		.byte	56
 849 0334 B6       		.byte	-74
 850 0335 C0       		.byte	-64
 851 0336 BE       		.byte	-66
 852 0337 40       		.byte	64
 853 0338 BF       		.byte	-65
 854 0339 04       		.byte	4
 855 033a D4       		.byte	-44
ARM GAS  C:\Users\GEORGE~1\AppData\Local\Temp\cc1Kpy7Z.s 			page 16


 856 033b 18       		.byte	24
 857 033c D8       		.byte	-40
 858 033d 04       		.byte	4
 859 033e D9       		.byte	-39
 860 033f 04       		.byte	4
 861 0340 DB       		.byte	-37
 862 0341 04       		.byte	4
 863 0342 DC       		.byte	-36
 864 0343 11       		.byte	17
 865 0344 DD       		.byte	-35
 866 0345 10       		.byte	16
 867 0346 DF       		.byte	-33
 868 0347 01       		.byte	1
 869 0348 00       		.byte	0
 870 0349 08       		.byte	8
 871 034a 01       		.byte	1
 872 034b 02       		.byte	2
 873 034c 03       		.byte	3
 874 034d 08       		.byte	8
 875 034e 05       		.byte	5
 876 034f 10       		.byte	16
 877 0350 09       		.byte	9
 878 0351 02       		.byte	2
 879 0352 0A       		.byte	10
 880 0353 20       		.byte	32
 881 0354 0E       		.byte	14
 882 0355 28       		.byte	40
 883 0356 10       		.byte	16
 884 0357 24       		.byte	36
 885 0358 11       		.byte	17
 886 0359 01       		.byte	1
 887 035a 12       		.byte	18
 888 035b 40       		.byte	64
 889 035c 13       		.byte	19
 890 035d 20       		.byte	32
 891 035e 15       		.byte	21
 892 035f 10       		.byte	16
 893 0360 16       		.byte	22
 894 0361 02       		.byte	2
 895 0362 19       		.byte	25
 896 0363 06       		.byte	6
 897 0364 1D       		.byte	29
 898 0365 90       		.byte	-112
 899 0366 1E       		.byte	30
 900 0367 A0       		.byte	-96
 901 0368 21       		.byte	33
 902 0369 02       		.byte	2
 903 036a 26       		.byte	38
 904 036b 02       		.byte	2
 905 036c 27       		.byte	39
 906 036d 20       		.byte	32
 907 036e 29       		.byte	41
 908 036f 02       		.byte	2
 909 0370 2A       		.byte	42
 910 0371 44       		.byte	68
 911 0372 2D       		.byte	45
 912 0373 12       		.byte	18
ARM GAS  C:\Users\GEORGE~1\AppData\Local\Temp\cc1Kpy7Z.s 			page 17


 913 0374 2E       		.byte	46
 914 0375 01       		.byte	1
 915 0376 31       		.byte	49
 916 0377 02       		.byte	2
 917 0378 32       		.byte	50
 918 0379 10       		.byte	16
 919 037a 33       		.byte	51
 920 037b 08       		.byte	8
 921 037c 37       		.byte	55
 922 037d 01       		.byte	1
 923 037e 38       		.byte	56
 924 037f 08       		.byte	8
 925 0380 3C       		.byte	60
 926 0381 02       		.byte	2
 927 0382 3E       		.byte	62
 928 0383 04       		.byte	4
 929 0384 3F       		.byte	63
 930 0385 80       		.byte	-128
 931 0386 42       		.byte	66
 932 0387 01       		.byte	1
 933 0388 43       		.byte	67
 934 0389 08       		.byte	8
 935 038a 48       		.byte	72
 936 038b 04       		.byte	4
 937 038c 50       		.byte	80
 938 038d 24       		.byte	36
 939 038e 52       		.byte	82
 940 038f 80       		.byte	-128
 941 0390 5E       		.byte	94
 942 0391 02       		.byte	2
 943 0392 64       		.byte	100
 944 0393 04       		.byte	4
 945 0394 67       		.byte	103
 946 0395 02       		.byte	2
 947 0396 80       		.byte	-128
 948 0397 40       		.byte	64
 949 0398 81       		.byte	-127
 950 0399 14       		.byte	20
 951 039a 88       		.byte	-120
 952 039b 20       		.byte	32
 953 039c 8A       		.byte	-118
 954 039d 02       		.byte	2
 955 039e 8B       		.byte	-117
 956 039f 80       		.byte	-128
 957 03a0 91       		.byte	-111
 958 03a1 11       		.byte	17
 959 03a2 92       		.byte	-110
 960 03a3 24       		.byte	36
 961 03a4 93       		.byte	-109
 962 03a5 02       		.byte	2
 963 03a6 94       		.byte	-108
 964 03a7 40       		.byte	64
 965 03a8 9A       		.byte	-102
 966 03a9 04       		.byte	4
 967 03aa 9B       		.byte	-101
 968 03ab 01       		.byte	1
 969 03ac 9C       		.byte	-100
ARM GAS  C:\Users\GEORGE~1\AppData\Local\Temp\cc1Kpy7Z.s 			page 18


 970 03ad 20       		.byte	32
 971 03ae 9D       		.byte	-99
 972 03af 02       		.byte	2
 973 03b0 A0       		.byte	-96
 974 03b1 05       		.byte	5
 975 03b2 A2       		.byte	-94
 976 03b3 05       		.byte	5
 977 03b4 A3       		.byte	-93
 978 03b5 48       		.byte	72
 979 03b6 A4       		.byte	-92
 980 03b7 20       		.byte	32
 981 03b8 A5       		.byte	-91
 982 03b9 80       		.byte	-128
 983 03ba A6       		.byte	-90
 984 03bb D2       		.byte	-46
 985 03bc A7       		.byte	-89
 986 03bd 80       		.byte	-128
 987 03be B0       		.byte	-80
 988 03bf 08       		.byte	8
 989 03c0 B1       		.byte	-79
 990 03c1 02       		.byte	2
 991 03c2 C0       		.byte	-64
 992 03c3 4E       		.byte	78
 993 03c4 C2       		.byte	-62
 994 03c5 6C       		.byte	108
 995 03c6 C4       		.byte	-60
 996 03c7 CC       		.byte	-52
 997 03c8 CA       		.byte	-54
 998 03c9 2B       		.byte	43
 999 03ca CC       		.byte	-52
 1000 03cb 87       		.byte	-121
 1001 03cc CE       		.byte	-50
 1002 03cd D2       		.byte	-46
 1003 03ce D0       		.byte	-48
 1004 03cf 0A       		.byte	10
 1005 03d0 D2       		.byte	-46
 1006 03d1 04       		.byte	4
 1007 03d2 D6       		.byte	-42
 1008 03d3 80       		.byte	-128
 1009 03d4 D8       		.byte	-40
 1010 03d5 30       		.byte	48
 1011 03d6 E4       		.byte	-28
 1012 03d7 01       		.byte	1
 1013 03d8 37       		.byte	55
 1014 03d9 80       		.byte	-128
 1015 03da 3C       		.byte	60
 1016 03db 40       		.byte	64
 1017 03dc CC       		.byte	-52
 1018 03dd 20       		.byte	32
 1019 03de CE       		.byte	-50
 1020 03df 20       		.byte	32
 1021 03e0 94       		.byte	-108
 1022 03e1 40       		.byte	64
 1023 03e2 9F       		.byte	-97
 1024 03e3 80       		.byte	-128
 1025 03e4 94       		.byte	-108
 1026 03e5 40       		.byte	64
ARM GAS  C:\Users\GEORGE~1\AppData\Local\Temp\cc1Kpy7Z.s 			page 19


 1027 03e6 9F       		.byte	-97
 1028 03e7 80       		.byte	-128
 1029 03e8 13       		.byte	19
 1030 03e9 80       		.byte	-128
 1031 03ea 80       		.byte	-128
 1032 03eb 40       		.byte	64
 1033 03ec 94       		.byte	-108
 1034 03ed 40       		.byte	64
 1035 03ee 9F       		.byte	-97
 1036 03ef 80       		.byte	-128
 1037 03f0 C4       		.byte	-60
 1038 03f1 40       		.byte	64
 1039 03f2 E4       		.byte	-28
 1040 03f3 20       		.byte	32
 1041 03f4 7C       		.byte	124
 1042 03f5 20       		.byte	32
 1043 03f6 DE       		.byte	-34
 1044 03f7 01       		.byte	1
 1045 03f8 50       		.byte	80
 1046 03f9 08       		.byte	8
 1047 03fa 58       		.byte	88
 1048 03fb 40       		.byte	64
 1049 03fc 9C       		.byte	-100
 1050 03fd 20       		.byte	32
 1051 03fe D4       		.byte	-44
 1052 03ff 05       		.byte	5
 1053 0400 45       		.byte	69
 1054 0401 02       		.byte	2
 1055 0402 9C       		.byte	-100
 1056 0403 60       		.byte	96
 1057 0404 A4       		.byte	-92
 1058 0405 08       		.byte	8
 1059 0406 D0       		.byte	-48
 1060 0407 01       		.byte	1
 1061 0408 33       		.byte	51
 1062 0409 80       		.byte	-128
 1063 040a 83       		.byte	-125
 1064 040b 80       		.byte	-128
 1065 040c 88       		.byte	-120
 1066 040d 40       		.byte	64
 1067 040e 9C       		.byte	-100
 1068 040f 60       		.byte	96
 1069 0410 A4       		.byte	-92
 1070 0411 08       		.byte	8
 1071 0412 A5       		.byte	-91
 1072 0413 02       		.byte	2
 1073 0414 CC       		.byte	-52
 1074 0415 08       		.byte	8
 1075 0416 E0       		.byte	-32
 1076 0417 01       		.byte	1
 1077 0418 24       		.byte	36
 1078 0419 40       		.byte	64
 1079 041a 27       		.byte	39
 1080 041b 04       		.byte	4
 1081 041c 94       		.byte	-108
 1082 041d 40       		.byte	64
 1083 041e 9F       		.byte	-97
ARM GAS  C:\Users\GEORGE~1\AppData\Local\Temp\cc1Kpy7Z.s 			page 20


 1084 041f 04       		.byte	4
 1085 0420 B7       		.byte	-73
 1086 0421 04       		.byte	4
 1087 0422 C8       		.byte	-56
 1088 0423 A0       		.byte	-96
 1089 0424 8C       		.byte	-116
 1090 0425 08       		.byte	8
 1091 0426 A4       		.byte	-92
 1092 0427 08       		.byte	8
 1093 0428 B4       		.byte	-76
 1094 0429 20       		.byte	32
 1095 042a B5       		.byte	-75
 1096 042b 02       		.byte	2
 1097 042c E4       		.byte	-28
 1098 042d 08       		.byte	8
 1099 042e E8       		.byte	-24
 1100 042f 02       		.byte	2
 1101 0430 EC       		.byte	-20
 1102 0431 08       		.byte	8
 1103 0432 10       		.byte	16
 1104 0433 40       		.byte	64
 1105 0434 70       		.byte	112
 1106 0435 04       		.byte	4
 1107 0436 80       		.byte	-128
 1108 0437 04       		.byte	4
 1109 0438 88       		.byte	-120
 1110 0439 40       		.byte	64
 1111 043a C4       		.byte	-60
 1112 043b 08       		.byte	8
 1113 043c DC       		.byte	-36
 1114 043d 01       		.byte	1
 1115 043e E2       		.byte	-30
 1116 043f 01       		.byte	1
 1117 0440 00       		.byte	0
 1118 0441 02       		.byte	2
 1119 0442 0C       		.byte	12
 1120 0443 02       		.byte	2
 1121 0444 10       		.byte	16
 1122 0445 02       		.byte	2
 1123 0446 1C       		.byte	28
 1124 0447 02       		.byte	2
 1125 0448 00       		.byte	0
 1126 0449 09       		.byte	9
 1127 044a 10       		.byte	16
 1128 044b 02       		.byte	2
 1129 044c 80       		.byte	-128
 1130 044d 00       		.byte	0
 1131 044e 40       		.byte	64
 1132 044f 80       		.byte	-128
 1133 0450 80       		.byte	-128
 1134 0451 00       		.byte	0
 1135 0452 80       		.byte	-128
 1136 0453 00       		.byte	0
 1137 0454 00       		.byte	0
 1138 0455 00       		.byte	0
 1139 0456 00       		.byte	0
 1140 0457 00       		.byte	0
ARM GAS  C:\Users\GEORGE~1\AppData\Local\Temp\cc1Kpy7Z.s 			page 21


 1141 0458 00       		.byte	0
 1142 0459 00       		.byte	0
 1143 045a 00       		.byte	0
 1144 045b 00       		.byte	0
 1145 045c 00       		.byte	0
 1146 045d 00       		.byte	0
 1147 045e 01       		.byte	1
 1148 045f 00       		.byte	0
 1149 0460 00       		.byte	0
 1150 0461 0B       		.byte	11
 1151 0462 0B       		.byte	11
 1152 0463 00       		.byte	0
 1153 0464 00       		.byte	0
 1154 0465 00       		.byte	0
 1155 0466 00       		.byte	0
 1156 0467 00       		.byte	0
 1157 0468 00       		.byte	0
 1158 0469 03       		.byte	3
 1159 046a 03       		.byte	3
 1160 046b 00       		.byte	0
 1161 046c 03       		.byte	3
 1162 046d 00       		.byte	0
 1163 046e 00       		.byte	0
 1164 046f 00       		.byte	0
 1165 0470 00       		.byte	0
 1166 0471 00       		.byte	0
 1167 0472 00       		.byte	0
 1168 0473 00       		.byte	0
 1169 0474 00       		.byte	0
 1170 0475 00       		.byte	0
 1171 0476 01       		.byte	1
 1172 0477 00       		.byte	0
 1173 0478 1E       		.byte	30
 1174 0479 00       		.byte	0
 1175 047a 18       		.byte	24
 1176 047b 01       		.byte	1
 1177              		.section	.cywolatch,"a",%progbits
 1178              		.align	2
 1179              		.type	cy_meta_wonvl, %object
 1180              		.size	cy_meta_wonvl, 4
 1181              	cy_meta_wonvl:
 1182 0000 BC       		.byte	-68
 1183 0001 90       		.byte	-112
 1184 0002 AC       		.byte	-84
 1185 0003 AF       		.byte	-81
 1186              		.section	.cycustnvl,"a",%progbits
 1187              		.align	2
 1188              		.type	cy_meta_custnvl, %object
 1189              		.size	cy_meta_custnvl, 4
 1190              	cy_meta_custnvl:
 1191 0000 00       		.byte	0
 1192 0001 00       		.byte	0
 1193 0002 40       		.byte	64
 1194 0003 05       		.byte	5
 1195              		.section	.cymeta,"a",%progbits
 1196              		.align	2
 1197              		.type	cy_metadata, %object
ARM GAS  C:\Users\GEORGE~1\AppData\Local\Temp\cc1Kpy7Z.s 			page 22


 1198              		.size	cy_metadata, 12
 1199              	cy_metadata:
 1200 0000 00       		.byte	0
 1201 0001 01       		.byte	1
 1202 0002 2E       		.byte	46
 1203 0003 16       		.byte	22
 1204 0004 10       		.byte	16
 1205 0005 69       		.byte	105
 1206 0006 00       		.byte	0
 1207 0007 01       		.byte	1
 1208 0008 00       		.byte	0
 1209 0009 00       		.byte	0
 1210 000a 00       		.byte	0
 1211 000b 00       		.byte	0
 1212              		.section	.cyflashprotect,"a",%progbits
 1213              		.align	2
 1214              		.type	cy_meta_flashprotect, %object
 1215              		.size	cy_meta_flashprotect, 256
 1216              	cy_meta_flashprotect:
 1217 0000 00000000 		.space	256
 1217      00000000 
 1217      00000000 
 1217      00000000 
 1217      00000000 
 1218              		.text
 1219              	.Letext0:
 1220              		.file 1 "c:\\program files (x86)\\cypress\\psoc creator\\4.2\\psoc creator\\import\\gnu\\arm\\5.4.
 1221              		.file 2 "c:\\program files (x86)\\cypress\\psoc creator\\4.2\\psoc creator\\import\\gnu\\arm\\5.4.
 1222              		.file 3 "Generated_Source\\PSoC5\\cymetadata.c"
 1223              		.section	.debug_info,"",%progbits
 1224              	.Ldebug_info0:
 1225 0000 32010000 		.4byte	0x132
 1226 0004 0400     		.2byte	0x4
 1227 0006 00000000 		.4byte	.Ldebug_abbrev0
 1228 000a 04       		.byte	0x4
 1229 000b 01       		.uleb128 0x1
 1230 000c 24000000 		.4byte	.LASF17
 1231 0010 0C       		.byte	0xc
 1232 0011 EB010000 		.4byte	.LASF18
 1233 0015 D7000000 		.4byte	.LASF19
 1234 0019 00000000 		.4byte	.Ldebug_line0
 1235 001d 02       		.uleb128 0x2
 1236 001e 01       		.byte	0x1
 1237 001f 06       		.byte	0x6
 1238 0020 DF010000 		.4byte	.LASF0
 1239 0024 03       		.uleb128 0x3
 1240 0025 00000000 		.4byte	.LASF9
 1241 0029 01       		.byte	0x1
 1242 002a 1D       		.byte	0x1d
 1243 002b 2F000000 		.4byte	0x2f
 1244 002f 02       		.uleb128 0x2
 1245 0030 01       		.byte	0x1
 1246 0031 08       		.byte	0x8
 1247 0032 16000000 		.4byte	.LASF1
 1248 0036 02       		.uleb128 0x2
 1249 0037 02       		.byte	0x2
 1250 0038 05       		.byte	0x5
ARM GAS  C:\Users\GEORGE~1\AppData\Local\Temp\cc1Kpy7Z.s 			page 23


 1251 0039 CC010000 		.4byte	.LASF2
 1252 003d 02       		.uleb128 0x2
 1253 003e 02       		.byte	0x2
 1254 003f 07       		.byte	0x7
 1255 0040 C4000000 		.4byte	.LASF3
 1256 0044 02       		.uleb128 0x2
 1257 0045 04       		.byte	0x4
 1258 0046 05       		.byte	0x5
 1259 0047 D6010000 		.4byte	.LASF4
 1260 004b 02       		.uleb128 0x2
 1261 004c 04       		.byte	0x4
 1262 004d 07       		.byte	0x7
 1263 004e B2000000 		.4byte	.LASF5
 1264 0052 02       		.uleb128 0x2
 1265 0053 08       		.byte	0x8
 1266 0054 05       		.byte	0x5
 1267 0055 BE010000 		.4byte	.LASF6
 1268 0059 02       		.uleb128 0x2
 1269 005a 08       		.byte	0x8
 1270 005b 07       		.byte	0x7
 1271 005c 73010000 		.4byte	.LASF7
 1272 0060 04       		.uleb128 0x4
 1273 0061 04       		.byte	0x4
 1274 0062 05       		.byte	0x5
 1275 0063 696E7400 		.ascii	"int\000"
 1276 0067 02       		.uleb128 0x2
 1277 0068 04       		.byte	0x4
 1278 0069 07       		.byte	0x7
 1279 006a 66010000 		.4byte	.LASF8
 1280 006e 03       		.uleb128 0x3
 1281 006f 8A010000 		.4byte	.LASF10
 1282 0073 02       		.byte	0x2
 1283 0074 18       		.byte	0x18
 1284 0075 24000000 		.4byte	0x24
 1285 0079 05       		.uleb128 0x5
 1286 007a 91000000 		.4byte	0x91
 1287 007e 8A000000 		.4byte	0x8a
 1288 0082 06       		.uleb128 0x6
 1289 0083 8A000000 		.4byte	0x8a
 1290 0087 7B04     		.2byte	0x47b
 1291 0089 00       		.byte	0
 1292 008a 02       		.uleb128 0x2
 1293 008b 04       		.byte	0x4
 1294 008c 07       		.byte	0x7
 1295 008d B5010000 		.4byte	.LASF11
 1296 0091 07       		.uleb128 0x7
 1297 0092 6E000000 		.4byte	0x6e
 1298 0096 08       		.uleb128 0x8
 1299 0097 54010000 		.4byte	.LASF12
 1300 009b 03       		.byte	0x3
 1301 009c 1F       		.byte	0x1f
 1302 009d A7000000 		.4byte	0xa7
 1303 00a1 05       		.uleb128 0x5
 1304 00a2 03       		.byte	0x3
 1305 00a3 00000000 		.4byte	cy_meta_configecc
 1306 00a7 07       		.uleb128 0x7
 1307 00a8 79000000 		.4byte	0x79
ARM GAS  C:\Users\GEORGE~1\AppData\Local\Temp\cc1Kpy7Z.s 			page 24


 1308 00ac 05       		.uleb128 0x5
 1309 00ad 91000000 		.4byte	0x91
 1310 00b1 BC000000 		.4byte	0xbc
 1311 00b5 09       		.uleb128 0x9
 1312 00b6 8A000000 		.4byte	0x8a
 1313 00ba 03       		.byte	0x3
 1314 00bb 00       		.byte	0
 1315 00bc 08       		.uleb128 0x8
 1316 00bd 44010000 		.4byte	.LASF13
 1317 00c1 03       		.byte	0x3
 1318 00c2 BC       		.byte	0xbc
 1319 00c3 CD000000 		.4byte	0xcd
 1320 00c7 05       		.uleb128 0x5
 1321 00c8 03       		.byte	0x3
 1322 00c9 00000000 		.4byte	cy_meta_custnvl
 1323 00cd 07       		.uleb128 0x7
 1324 00ce AC000000 		.4byte	0xac
 1325 00d2 08       		.uleb128 0x8
 1326 00d3 A7010000 		.4byte	.LASF14
 1327 00d7 03       		.byte	0x3
 1328 00d8 CA       		.byte	0xca
 1329 00d9 E3000000 		.4byte	0xe3
 1330 00dd 05       		.uleb128 0x5
 1331 00de 03       		.byte	0x3
 1332 00df 00000000 		.4byte	cy_meta_wonvl
 1333 00e3 07       		.uleb128 0x7
 1334 00e4 AC000000 		.4byte	0xac
 1335 00e8 05       		.uleb128 0x5
 1336 00e9 91000000 		.4byte	0x91
 1337 00ed F8000000 		.4byte	0xf8
 1338 00f1 09       		.uleb128 0x9
 1339 00f2 8A000000 		.4byte	0x8a
 1340 00f6 FF       		.byte	0xff
 1341 00f7 00       		.byte	0
 1342 00f8 08       		.uleb128 0x8
 1343 00f9 92010000 		.4byte	.LASF15
 1344 00fd 03       		.byte	0x3
 1345 00fe D8       		.byte	0xd8
 1346 00ff 09010000 		.4byte	0x109
 1347 0103 05       		.uleb128 0x5
 1348 0104 03       		.byte	0x3
 1349 0105 00000000 		.4byte	cy_meta_flashprotect
 1350 0109 07       		.uleb128 0x7
 1351 010a E8000000 		.4byte	0xe8
 1352 010e 05       		.uleb128 0x5
 1353 010f 91000000 		.4byte	0x91
 1354 0113 1E010000 		.4byte	0x11e
 1355 0117 09       		.uleb128 0x9
 1356 0118 8A000000 		.4byte	0x8a
 1357 011c 0B       		.byte	0xb
 1358 011d 00       		.byte	0
 1359 011e 0A       		.uleb128 0xa
 1360 011f 0A000000 		.4byte	.LASF16
 1361 0123 03       		.byte	0x3
 1362 0124 0501     		.2byte	0x105
 1363 0126 30010000 		.4byte	0x130
 1364 012a 05       		.uleb128 0x5
ARM GAS  C:\Users\GEORGE~1\AppData\Local\Temp\cc1Kpy7Z.s 			page 25


 1365 012b 03       		.byte	0x3
 1366 012c 00000000 		.4byte	cy_metadata
 1367 0130 07       		.uleb128 0x7
 1368 0131 0E010000 		.4byte	0x10e
 1369 0135 00       		.byte	0
 1370              		.section	.debug_abbrev,"",%progbits
 1371              	.Ldebug_abbrev0:
 1372 0000 01       		.uleb128 0x1
 1373 0001 11       		.uleb128 0x11
 1374 0002 01       		.byte	0x1
 1375 0003 25       		.uleb128 0x25
 1376 0004 0E       		.uleb128 0xe
 1377 0005 13       		.uleb128 0x13
 1378 0006 0B       		.uleb128 0xb
 1379 0007 03       		.uleb128 0x3
 1380 0008 0E       		.uleb128 0xe
 1381 0009 1B       		.uleb128 0x1b
 1382 000a 0E       		.uleb128 0xe
 1383 000b 10       		.uleb128 0x10
 1384 000c 17       		.uleb128 0x17
 1385 000d 00       		.byte	0
 1386 000e 00       		.byte	0
 1387 000f 02       		.uleb128 0x2
 1388 0010 24       		.uleb128 0x24
 1389 0011 00       		.byte	0
 1390 0012 0B       		.uleb128 0xb
 1391 0013 0B       		.uleb128 0xb
 1392 0014 3E       		.uleb128 0x3e
 1393 0015 0B       		.uleb128 0xb
 1394 0016 03       		.uleb128 0x3
 1395 0017 0E       		.uleb128 0xe
 1396 0018 00       		.byte	0
 1397 0019 00       		.byte	0
 1398 001a 03       		.uleb128 0x3
 1399 001b 16       		.uleb128 0x16
 1400 001c 00       		.byte	0
 1401 001d 03       		.uleb128 0x3
 1402 001e 0E       		.uleb128 0xe
 1403 001f 3A       		.uleb128 0x3a
 1404 0020 0B       		.uleb128 0xb
 1405 0021 3B       		.uleb128 0x3b
 1406 0022 0B       		.uleb128 0xb
 1407 0023 49       		.uleb128 0x49
 1408 0024 13       		.uleb128 0x13
 1409 0025 00       		.byte	0
 1410 0026 00       		.byte	0
 1411 0027 04       		.uleb128 0x4
 1412 0028 24       		.uleb128 0x24
 1413 0029 00       		.byte	0
 1414 002a 0B       		.uleb128 0xb
 1415 002b 0B       		.uleb128 0xb
 1416 002c 3E       		.uleb128 0x3e
 1417 002d 0B       		.uleb128 0xb
 1418 002e 03       		.uleb128 0x3
 1419 002f 08       		.uleb128 0x8
 1420 0030 00       		.byte	0
 1421 0031 00       		.byte	0
ARM GAS  C:\Users\GEORGE~1\AppData\Local\Temp\cc1Kpy7Z.s 			page 26


 1422 0032 05       		.uleb128 0x5
 1423 0033 01       		.uleb128 0x1
 1424 0034 01       		.byte	0x1
 1425 0035 49       		.uleb128 0x49
 1426 0036 13       		.uleb128 0x13
 1427 0037 01       		.uleb128 0x1
 1428 0038 13       		.uleb128 0x13
 1429 0039 00       		.byte	0
 1430 003a 00       		.byte	0
 1431 003b 06       		.uleb128 0x6
 1432 003c 21       		.uleb128 0x21
 1433 003d 00       		.byte	0
 1434 003e 49       		.uleb128 0x49
 1435 003f 13       		.uleb128 0x13
 1436 0040 2F       		.uleb128 0x2f
 1437 0041 05       		.uleb128 0x5
 1438 0042 00       		.byte	0
 1439 0043 00       		.byte	0
 1440 0044 07       		.uleb128 0x7
 1441 0045 26       		.uleb128 0x26
 1442 0046 00       		.byte	0
 1443 0047 49       		.uleb128 0x49
 1444 0048 13       		.uleb128 0x13
 1445 0049 00       		.byte	0
 1446 004a 00       		.byte	0
 1447 004b 08       		.uleb128 0x8
 1448 004c 34       		.uleb128 0x34
 1449 004d 00       		.byte	0
 1450 004e 03       		.uleb128 0x3
 1451 004f 0E       		.uleb128 0xe
 1452 0050 3A       		.uleb128 0x3a
 1453 0051 0B       		.uleb128 0xb
 1454 0052 3B       		.uleb128 0x3b
 1455 0053 0B       		.uleb128 0xb
 1456 0054 49       		.uleb128 0x49
 1457 0055 13       		.uleb128 0x13
 1458 0056 3F       		.uleb128 0x3f
 1459 0057 19       		.uleb128 0x19
 1460 0058 02       		.uleb128 0x2
 1461 0059 18       		.uleb128 0x18
 1462 005a 00       		.byte	0
 1463 005b 00       		.byte	0
 1464 005c 09       		.uleb128 0x9
 1465 005d 21       		.uleb128 0x21
 1466 005e 00       		.byte	0
 1467 005f 49       		.uleb128 0x49
 1468 0060 13       		.uleb128 0x13
 1469 0061 2F       		.uleb128 0x2f
 1470 0062 0B       		.uleb128 0xb
 1471 0063 00       		.byte	0
 1472 0064 00       		.byte	0
 1473 0065 0A       		.uleb128 0xa
 1474 0066 34       		.uleb128 0x34
 1475 0067 00       		.byte	0
 1476 0068 03       		.uleb128 0x3
 1477 0069 0E       		.uleb128 0xe
 1478 006a 3A       		.uleb128 0x3a
ARM GAS  C:\Users\GEORGE~1\AppData\Local\Temp\cc1Kpy7Z.s 			page 27


 1479 006b 0B       		.uleb128 0xb
 1480 006c 3B       		.uleb128 0x3b
 1481 006d 05       		.uleb128 0x5
 1482 006e 49       		.uleb128 0x49
 1483 006f 13       		.uleb128 0x13
 1484 0070 3F       		.uleb128 0x3f
 1485 0071 19       		.uleb128 0x19
 1486 0072 02       		.uleb128 0x2
 1487 0073 18       		.uleb128 0x18
 1488 0074 00       		.byte	0
 1489 0075 00       		.byte	0
 1490 0076 00       		.byte	0
 1491              		.section	.debug_aranges,"",%progbits
 1492 0000 14000000 		.4byte	0x14
 1493 0004 0200     		.2byte	0x2
 1494 0006 00000000 		.4byte	.Ldebug_info0
 1495 000a 04       		.byte	0x4
 1496 000b 00       		.byte	0
 1497 000c 0000     		.2byte	0
 1498 000e 0000     		.2byte	0
 1499 0010 00000000 		.4byte	0
 1500 0014 00000000 		.4byte	0
 1501              		.section	.debug_line,"",%progbits
 1502              	.Ldebug_line0:
 1503 0000 3D010000 		.section	.debug_str,"MS",%progbits,1
 1503      02003701 
 1503      00000201 
 1503      FB0E0D00 
 1503      01010101 
 1504              	.LASF9:
 1505 0000 5F5F7569 		.ascii	"__uint8_t\000"
 1505      6E74385F 
 1505      7400
 1506              	.LASF16:
 1507 000a 63795F6D 		.ascii	"cy_metadata\000"
 1507      65746164 
 1507      61746100 
 1508              	.LASF1:
 1509 0016 756E7369 		.ascii	"unsigned char\000"
 1509      676E6564 
 1509      20636861 
 1509      7200
 1510              	.LASF17:
 1511 0024 474E5520 		.ascii	"GNU C11 5.4.1 20160609 (release) [ARM/embedded-5-br"
 1511      43313120 
 1511      352E342E 
 1511      31203230 
 1511      31363036 
 1512 0057 616E6368 		.ascii	"anch revision 237715] -mcpu=cortex-m3 -mthumb -g -O"
 1512      20726576 
 1512      6973696F 
 1512      6E203233 
 1512      37373135 
 1513 008a 67202D66 		.ascii	"g -ffunction-sections -ffat-lto-objects\000"
 1513      66756E63 
 1513      74696F6E 
 1513      2D736563 
ARM GAS  C:\Users\GEORGE~1\AppData\Local\Temp\cc1Kpy7Z.s 			page 28


 1513      74696F6E 
 1514              	.LASF5:
 1515 00b2 6C6F6E67 		.ascii	"long unsigned int\000"
 1515      20756E73 
 1515      69676E65 
 1515      6420696E 
 1515      7400
 1516              	.LASF3:
 1517 00c4 73686F72 		.ascii	"short unsigned int\000"
 1517      7420756E 
 1517      7369676E 
 1517      65642069 
 1517      6E7400
 1518              	.LASF19:
 1519 00d7 433A5C55 		.ascii	"C:\\Users\\George Anwar\\Documents\\UC Berkeley\\ME"
 1519      73657273 
 1519      5C47656F 
 1519      72676520 
 1519      416E7761 
 1520 0105 31333520 		.ascii	"135 Spring 2020\\PSOC Creator\\ME135_235\\DAQArrayI"
 1520      53707269 
 1520      6E672032 
 1520      3032305C 
 1520      50534F43 
 1521 0135 6E746572 		.ascii	"nterrupt.cydsn\000"
 1521      72757074 
 1521      2E637964 
 1521      736E00
 1522              	.LASF13:
 1523 0144 63795F6D 		.ascii	"cy_meta_custnvl\000"
 1523      6574615F 
 1523      63757374 
 1523      6E766C00 
 1524              	.LASF12:
 1525 0154 63795F6D 		.ascii	"cy_meta_configecc\000"
 1525      6574615F 
 1525      636F6E66 
 1525      69676563 
 1525      6300
 1526              	.LASF8:
 1527 0166 756E7369 		.ascii	"unsigned int\000"
 1527      676E6564 
 1527      20696E74 
 1527      00
 1528              	.LASF7:
 1529 0173 6C6F6E67 		.ascii	"long long unsigned int\000"
 1529      206C6F6E 
 1529      6720756E 
 1529      7369676E 
 1529      65642069 
 1530              	.LASF10:
 1531 018a 75696E74 		.ascii	"uint8_t\000"
 1531      385F7400 
 1532              	.LASF15:
 1533 0192 63795F6D 		.ascii	"cy_meta_flashprotect\000"
 1533      6574615F 
 1533      666C6173 
ARM GAS  C:\Users\GEORGE~1\AppData\Local\Temp\cc1Kpy7Z.s 			page 29


 1533      6870726F 
 1533      74656374 
 1534              	.LASF14:
 1535 01a7 63795F6D 		.ascii	"cy_meta_wonvl\000"
 1535      6574615F 
 1535      776F6E76 
 1535      6C00
 1536              	.LASF11:
 1537 01b5 73697A65 		.ascii	"sizetype\000"
 1537      74797065 
 1537      00
 1538              	.LASF6:
 1539 01be 6C6F6E67 		.ascii	"long long int\000"
 1539      206C6F6E 
 1539      6720696E 
 1539      7400
 1540              	.LASF2:
 1541 01cc 73686F72 		.ascii	"short int\000"
 1541      7420696E 
 1541      7400
 1542              	.LASF4:
 1543 01d6 6C6F6E67 		.ascii	"long int\000"
 1543      20696E74 
 1543      00
 1544              	.LASF0:
 1545 01df 7369676E 		.ascii	"signed char\000"
 1545      65642063 
 1545      68617200 
 1546              	.LASF18:
 1547 01eb 47656E65 		.ascii	"Generated_Source\\PSoC5\\cymetadata.c\000"
 1547      72617465 
 1547      645F536F 
 1547      75726365 
 1547      5C50536F 
 1548              		.ident	"GCC: (GNU Tools for ARM Embedded Processors) 5.4.1 20160609 (release) [ARM/embedded-5-bran
