ARM GAS  C:\Users\GEORGE~1\AppData\Local\Temp\ccsSK8G0.s 			page 1


   1              		.syntax unified
   2              		.cpu cortex-m3
   3              		.fpu softvfp
   4              		.eabi_attribute 20, 1
   5              		.eabi_attribute 21, 1
   6              		.eabi_attribute 23, 3
   7              		.eabi_attribute 24, 1
   8              		.eabi_attribute 25, 1
   9              		.eabi_attribute 26, 1
  10              		.eabi_attribute 30, 1
  11              		.eabi_attribute 34, 1
  12              		.eabi_attribute 18, 4
  13              		.thumb
  14              		.syntax unified
  15              		.file	"cymetadata.c"
  16              		.text
  17              	.Ltext0:
  18              		.cfi_sections	.debug_frame
  19              		.global	cy_metadata
  20              		.global	cy_meta_flashprotect
  21              		.global	cy_meta_wonvl
  22              		.global	cy_meta_custnvl
  23              		.global	cy_meta_configecc
  24              		.section	.cyconfigecc,"a",%progbits
  25              		.align	2
  26              		.type	cy_meta_configecc, %object
  27              		.size	cy_meta_configecc, 508
  28              	cy_meta_configecc:
  29 0000 02       		.byte	2
  30 0001 4F       		.byte	79
  31 0002 00       		.byte	0
  32 0003 40       		.byte	64
  33 0004 02       		.byte	2
  34 0005 52       		.byte	82
  35 0006 00       		.byte	0
  36 0007 40       		.byte	64
  37 0008 02       		.byte	2
  38 0009 64       		.byte	100
  39 000a 00       		.byte	0
  40 000b 40       		.byte	64
  41 000c 01       		.byte	1
  42 000d 07       		.byte	7
  43 000e 01       		.byte	1
  44 000f 40       		.byte	64
  45 0010 01       		.byte	1
  46 0011 09       		.byte	9
  47 0012 01       		.byte	1
  48 0013 40       		.byte	64
  49 0014 40       		.byte	64
  50 0015 0A       		.byte	10
  51 0016 01       		.byte	1
  52 0017 40       		.byte	64
  53 0018 24       		.byte	36
  54 0019 0B       		.byte	11
  55 001a 01       		.byte	1
  56 001b 40       		.byte	64
  57 001c 3C       		.byte	60
ARM GAS  C:\Users\GEORGE~1\AppData\Local\Temp\ccsSK8G0.s 			page 2


  58 001d 0C       		.byte	12
  59 001e 01       		.byte	1
  60 001f 40       		.byte	64
  61 0020 1F       		.byte	31
  62 0021 0D       		.byte	13
  63 0022 01       		.byte	1
  64 0023 40       		.byte	64
  65 0024 02       		.byte	2
  66 0025 42       		.byte	66
  67 0026 01       		.byte	1
  68 0027 40       		.byte	64
  69 0028 02       		.byte	2
  70 0029 43       		.byte	67
  71 002a 01       		.byte	1
  72 002b 40       		.byte	64
  73 002c 05       		.byte	5
  74 002d 45       		.byte	69
  75 002e 01       		.byte	1
  76 002f 40       		.byte	64
  77 0030 03       		.byte	3
  78 0031 46       		.byte	70
  79 0032 01       		.byte	1
  80 0033 40       		.byte	64
  81 0034 03       		.byte	3
  82 0035 50       		.byte	80
  83 0036 01       		.byte	1
  84 0037 40       		.byte	64
  85 0038 01       		.byte	1
  86 0039 80       		.byte	-128
  87 003a 0A       		.byte	10
  88 003b 4B       		.byte	75
  89 003c 10       		.byte	16
  90 003d 01       		.byte	1
  91 003e 11       		.byte	17
  92 003f 02       		.byte	2
  93 0040 8B       		.byte	-117
  94 0041 0D       		.byte	13
  95 0042 8D       		.byte	-115
  96 0043 0D       		.byte	13
  97 0044 EE       		.byte	-18
  98 0045 08       		.byte	8
  99 0046 AE       		.byte	-82
 100 0047 80       		.byte	-128
 101 0048 39       		.byte	57
 102 0049 80       		.byte	-128
 103 004a 3F       		.byte	63
 104 004b 40       		.byte	64
 105 004c 40       		.byte	64
 106 004d 35       		.byte	53
 107 004e 41       		.byte	65
 108 004f 01       		.byte	1
 109 0050 49       		.byte	73
 110 0051 FF       		.byte	-1
 111 0052 4A       		.byte	74
 112 0053 FF       		.byte	-1
 113 0054 4B       		.byte	75
 114 0055 FF       		.byte	-1
ARM GAS  C:\Users\GEORGE~1\AppData\Local\Temp\ccsSK8G0.s 			page 3


 115 0056 4D       		.byte	77
 116 0057 A0       		.byte	-96
 117 0058 4F       		.byte	79
 118 0059 04       		.byte	4
 119 005a 50       		.byte	80
 120 005b 18       		.byte	24
 121 005c 59       		.byte	89
 122 005d 04       		.byte	4
 123 005e 5A       		.byte	90
 124 005f 04       		.byte	4
 125 0060 5B       		.byte	91
 126 0061 04       		.byte	4
 127 0062 5F       		.byte	95
 128 0063 01       		.byte	1
 129 0064 60       		.byte	96
 130 0065 40       		.byte	64
 131 0066 62       		.byte	98
 132 0067 C0       		.byte	-64
 133 0068 64       		.byte	100
 134 0069 40       		.byte	64
 135 006a 65       		.byte	101
 136 006b 40       		.byte	64
 137 006c 66       		.byte	102
 138 006d C0       		.byte	-64
 139 006e 68       		.byte	104
 140 006f C0       		.byte	-64
 141 0070 6A       		.byte	106
 142 0071 C0       		.byte	-64
 143 0072 6C       		.byte	108
 144 0073 C0       		.byte	-64
 145 0074 6E       		.byte	110
 146 0075 C0       		.byte	-64
 147 0076 8A       		.byte	-118
 148 0077 09       		.byte	9
 149 0078 8C       		.byte	-116
 150 0079 04       		.byte	4
 151 007a 9E       		.byte	-98
 152 007b 08       		.byte	8
 153 007c 9F       		.byte	-97
 154 007d 01       		.byte	1
 155 007e A6       		.byte	-90
 156 007f 07       		.byte	7
 157 0080 B0       		.byte	-80
 158 0081 04       		.byte	4
 159 0082 B2       		.byte	-78
 160 0083 08       		.byte	8
 161 0084 B3       		.byte	-77
 162 0085 01       		.byte	1
 163 0086 B4       		.byte	-76
 164 0087 01       		.byte	1
 165 0088 B6       		.byte	-74
 166 0089 02       		.byte	2
 167 008a BC       		.byte	-68
 168 008b 02       		.byte	2
 169 008c BD       		.byte	-67
 170 008d 08       		.byte	8
 171 008e BE       		.byte	-66
ARM GAS  C:\Users\GEORGE~1\AppData\Local\Temp\ccsSK8G0.s 			page 4


 172 008f 04       		.byte	4
 173 0090 C0       		.byte	-64
 174 0091 24       		.byte	36
 175 0092 C1       		.byte	-63
 176 0093 05       		.byte	5
 177 0094 C5       		.byte	-59
 178 0095 D0       		.byte	-48
 179 0096 C6       		.byte	-58
 180 0097 12       		.byte	18
 181 0098 C8       		.byte	-56
 182 0099 0E       		.byte	14
 183 009a C9       		.byte	-55
 184 009b FF       		.byte	-1
 185 009c CA       		.byte	-54
 186 009d FF       		.byte	-1
 187 009e CB       		.byte	-53
 188 009f FF       		.byte	-1
 189 00a0 CD       		.byte	-51
 190 00a1 AF       		.byte	-81
 191 00a2 CE       		.byte	-50
 192 00a3 0F       		.byte	15
 193 00a4 CF       		.byte	-49
 194 00a5 04       		.byte	4
 195 00a6 D0       		.byte	-48
 196 00a7 18       		.byte	24
 197 00a8 D2       		.byte	-46
 198 00a9 80       		.byte	-128
 199 00aa D4       		.byte	-44
 200 00ab 05       		.byte	5
 201 00ac D8       		.byte	-40
 202 00ad 04       		.byte	4
 203 00ae D9       		.byte	-39
 204 00af 04       		.byte	4
 205 00b0 DA       		.byte	-38
 206 00b1 04       		.byte	4
 207 00b2 DB       		.byte	-37
 208 00b3 04       		.byte	4
 209 00b4 DF       		.byte	-33
 210 00b5 05       		.byte	5
 211 00b6 E0       		.byte	-32
 212 00b7 40       		.byte	64
 213 00b8 E2       		.byte	-30
 214 00b9 C0       		.byte	-64
 215 00ba E4       		.byte	-28
 216 00bb 40       		.byte	64
 217 00bc E5       		.byte	-27
 218 00bd 40       		.byte	64
 219 00be E6       		.byte	-26
 220 00bf C0       		.byte	-64
 221 00c0 E8       		.byte	-24
 222 00c1 C0       		.byte	-64
 223 00c2 EA       		.byte	-22
 224 00c3 C0       		.byte	-64
 225 00c4 EC       		.byte	-20
 226 00c5 C0       		.byte	-64
 227 00c6 EE       		.byte	-18
 228 00c7 C0       		.byte	-64
ARM GAS  C:\Users\GEORGE~1\AppData\Local\Temp\ccsSK8G0.s 			page 5


 229 00c8 04       		.byte	4
 230 00c9 10       		.byte	16
 231 00ca 05       		.byte	5
 232 00cb 40       		.byte	64
 233 00cc 0D       		.byte	13
 234 00cd 80       		.byte	-128
 235 00ce 16       		.byte	22
 236 00cf 10       		.byte	16
 237 00d0 1D       		.byte	29
 238 00d1 68       		.byte	104
 239 00d2 1E       		.byte	30
 240 00d3 40       		.byte	64
 241 00d4 22       		.byte	34
 242 00d5 80       		.byte	-128
 243 00d6 24       		.byte	36
 244 00d7 10       		.byte	16
 245 00d8 27       		.byte	39
 246 00d9 20       		.byte	32
 247 00da 37       		.byte	55
 248 00db 40       		.byte	64
 249 00dc 40       		.byte	64
 250 00dd 10       		.byte	16
 251 00de 41       		.byte	65
 252 00df 80       		.byte	-128
 253 00e0 45       		.byte	69
 254 00e1 08       		.byte	8
 255 00e2 47       		.byte	71
 256 00e3 2A       		.byte	42
 257 00e4 48       		.byte	72
 258 00e5 02       		.byte	2
 259 00e6 4F       		.byte	79
 260 00e7 81       		.byte	-127
 261 00e8 55       		.byte	85
 262 00e9 80       		.byte	-128
 263 00ea 56       		.byte	86
 264 00eb 10       		.byte	16
 265 00ec 57       		.byte	87
 266 00ed 40       		.byte	64
 267 00ee 5E       		.byte	94
 268 00ef 40       		.byte	64
 269 00f0 5F       		.byte	95
 270 00f1 09       		.byte	9
 271 00f2 68       		.byte	104
 272 00f3 02       		.byte	2
 273 00f4 69       		.byte	105
 274 00f5 40       		.byte	64
 275 00f6 6B       		.byte	107
 276 00f7 02       		.byte	2
 277 00f8 77       		.byte	119
 278 00f9 40       		.byte	64
 279 00fa 7D       		.byte	125
 280 00fb 40       		.byte	64
 281 00fc 8D       		.byte	-115
 282 00fd 20       		.byte	32
 283 00fe B4       		.byte	-76
 284 00ff 48       		.byte	72
 285 0100 C0       		.byte	-64
ARM GAS  C:\Users\GEORGE~1\AppData\Local\Temp\ccsSK8G0.s 			page 6


 286 0101 C0       		.byte	-64
 287 0102 C2       		.byte	-62
 288 0103 80       		.byte	-128
 289 0104 C4       		.byte	-60
 290 0105 20       		.byte	32
 291 0106 CC       		.byte	-52
 292 0107 10       		.byte	16
 293 0108 D0       		.byte	-48
 294 0109 AA       		.byte	-86
 295 010a D2       		.byte	-46
 296 010b 18       		.byte	24
 297 010c D6       		.byte	-42
 298 010d D0       		.byte	-48
 299 010e DE       		.byte	-34
 300 010f 10       		.byte	16
 301 0110 40       		.byte	64
 302 0111 60       		.byte	96
 303 0112 41       		.byte	65
 304 0113 02       		.byte	2
 305 0114 49       		.byte	73
 306 0115 FF       		.byte	-1
 307 0116 4A       		.byte	74
 308 0117 FF       		.byte	-1
 309 0118 4B       		.byte	75
 310 0119 FF       		.byte	-1
 311 011a 4D       		.byte	77
 312 011b A0       		.byte	-96
 313 011c 4F       		.byte	79
 314 011d 04       		.byte	4
 315 011e 50       		.byte	80
 316 011f 18       		.byte	24
 317 0120 5A       		.byte	90
 318 0121 04       		.byte	4
 319 0122 5B       		.byte	91
 320 0123 04       		.byte	4
 321 0124 5F       		.byte	95
 322 0125 01       		.byte	1
 323 0126 60       		.byte	96
 324 0127 40       		.byte	64
 325 0128 62       		.byte	98
 326 0129 C0       		.byte	-64
 327 012a 64       		.byte	100
 328 012b 40       		.byte	64
 329 012c 65       		.byte	101
 330 012d 40       		.byte	64
 331 012e 66       		.byte	102
 332 012f C0       		.byte	-64
 333 0130 68       		.byte	104
 334 0131 C0       		.byte	-64
 335 0132 6A       		.byte	106
 336 0133 C0       		.byte	-64
 337 0134 6C       		.byte	108
 338 0135 C0       		.byte	-64
 339 0136 6E       		.byte	110
 340 0137 C0       		.byte	-64
 341 0138 92       		.byte	-110
 342 0139 01       		.byte	1
ARM GAS  C:\Users\GEORGE~1\AppData\Local\Temp\ccsSK8G0.s 			page 7


 343 013a 9A       		.byte	-102
 344 013b 06       		.byte	6
 345 013c 9B       		.byte	-101
 346 013d 01       		.byte	1
 347 013e A5       		.byte	-91
 348 013f 01       		.byte	1
 349 0140 A6       		.byte	-90
 350 0141 0C       		.byte	12
 351 0142 AA       		.byte	-86
 352 0143 02       		.byte	2
 353 0144 B0       		.byte	-80
 354 0145 02       		.byte	2
 355 0146 B2       		.byte	-78
 356 0147 08       		.byte	8
 357 0148 B4       		.byte	-76
 358 0149 01       		.byte	1
 359 014a B6       		.byte	-74
 360 014b 04       		.byte	4
 361 014c B7       		.byte	-73
 362 014d 01       		.byte	1
 363 014e BE       		.byte	-66
 364 014f 01       		.byte	1
 365 0150 C0       		.byte	-64
 366 0151 20       		.byte	32
 367 0152 C1       		.byte	-63
 368 0153 06       		.byte	6
 369 0154 C5       		.byte	-59
 370 0155 D1       		.byte	-47
 371 0156 C7       		.byte	-57
 372 0157 02       		.byte	2
 373 0158 C8       		.byte	-56
 374 0159 13       		.byte	19
 375 015a C9       		.byte	-55
 376 015b FF       		.byte	-1
 377 015c CA       		.byte	-54
 378 015d FF       		.byte	-1
 379 015e CB       		.byte	-53
 380 015f FF       		.byte	-1
 381 0160 CD       		.byte	-51
 382 0161 AF       		.byte	-81
 383 0162 CE       		.byte	-50
 384 0163 0F       		.byte	15
 385 0164 CF       		.byte	-49
 386 0165 04       		.byte	4
 387 0166 D0       		.byte	-48
 388 0167 18       		.byte	24
 389 0168 D2       		.byte	-46
 390 0169 80       		.byte	-128
 391 016a D4       		.byte	-44
 392 016b 05       		.byte	5
 393 016c D8       		.byte	-40
 394 016d 04       		.byte	4
 395 016e D9       		.byte	-39
 396 016f 04       		.byte	4
 397 0170 DA       		.byte	-38
 398 0171 04       		.byte	4
 399 0172 DB       		.byte	-37
ARM GAS  C:\Users\GEORGE~1\AppData\Local\Temp\ccsSK8G0.s 			page 8


 400 0173 04       		.byte	4
 401 0174 DF       		.byte	-33
 402 0175 01       		.byte	1
 403 0176 E0       		.byte	-32
 404 0177 40       		.byte	64
 405 0178 E2       		.byte	-30
 406 0179 C0       		.byte	-64
 407 017a E4       		.byte	-28
 408 017b 40       		.byte	64
 409 017c E5       		.byte	-27
 410 017d 40       		.byte	64
 411 017e E6       		.byte	-26
 412 017f C0       		.byte	-64
 413 0180 E8       		.byte	-24
 414 0181 C0       		.byte	-64
 415 0182 EA       		.byte	-22
 416 0183 C0       		.byte	-64
 417 0184 EC       		.byte	-20
 418 0185 C0       		.byte	-64
 419 0186 EE       		.byte	-18
 420 0187 C0       		.byte	-64
 421 0188 09       		.byte	9
 422 0189 02       		.byte	2
 423 018a 0A       		.byte	10
 424 018b 04       		.byte	4
 425 018c 10       		.byte	16
 426 018d 20       		.byte	32
 427 018e 12       		.byte	18
 428 018f 04       		.byte	4
 429 0190 18       		.byte	24
 430 0191 40       		.byte	64
 431 0192 19       		.byte	25
 432 0193 88       		.byte	-120
 433 0194 1A       		.byte	26
 434 0195 04       		.byte	4
 435 0196 1B       		.byte	27
 436 0197 50       		.byte	80
 437 0198 22       		.byte	34
 438 0199 40       		.byte	64
 439 019a 29       		.byte	41
 440 019b 08       		.byte	8
 441 019c 30       		.byte	48
 442 019d 20       		.byte	32
 443 019e 42       		.byte	66
 444 019f 04       		.byte	4
 445 01a0 46       		.byte	70
 446 01a1 04       		.byte	4
 447 01a2 48       		.byte	72
 448 01a3 28       		.byte	40
 449 01a4 49       		.byte	73
 450 01a5 01       		.byte	1
 451 01a6 4F       		.byte	79
 452 01a7 20       		.byte	32
 453 01a8 50       		.byte	80
 454 01a9 08       		.byte	8
 455 01aa 52       		.byte	82
 456 01ab 04       		.byte	4
ARM GAS  C:\Users\GEORGE~1\AppData\Local\Temp\ccsSK8G0.s 			page 9


 457 01ac 58       		.byte	88
 458 01ad 08       		.byte	8
 459 01ae 59       		.byte	89
 460 01af 01       		.byte	1
 461 01b0 5A       		.byte	90
 462 01b1 80       		.byte	-128
 463 01b2 5D       		.byte	93
 464 01b3 80       		.byte	-128
 465 01b4 71       		.byte	113
 466 01b5 02       		.byte	2
 467 01b6 8F       		.byte	-113
 468 01b7 40       		.byte	64
 469 01b8 C2       		.byte	-62
 470 01b9 0A       		.byte	10
 471 01ba C4       		.byte	-60
 472 01bb 06       		.byte	6
 473 01bc CA       		.byte	-54
 474 01bd 02       		.byte	2
 475 01be CC       		.byte	-52
 476 01bf 04       		.byte	4
 477 01c0 D0       		.byte	-48
 478 01c1 24       		.byte	36
 479 01c2 D2       		.byte	-46
 480 01c3 24       		.byte	36
 481 01c4 D6       		.byte	-42
 482 01c5 1B       		.byte	27
 483 01c6 63       		.byte	99
 484 01c7 02       		.byte	2
 485 01c8 D6       		.byte	-42
 486 01c9 40       		.byte	64
 487 01ca AF       		.byte	-81
 488 01cb 01       		.byte	1
 489 01cc EE       		.byte	-18
 490 01cd 10       		.byte	16
 491 01ce 56       		.byte	86
 492 01cf 20       		.byte	32
 493 01d0 5B       		.byte	91
 494 01d1 10       		.byte	16
 495 01d2 8F       		.byte	-113
 496 01d3 10       		.byte	16
 497 01d4 D4       		.byte	-44
 498 01d5 03       		.byte	3
 499 01d6 E4       		.byte	-28
 500 01d7 02       		.byte	2
 501 01d8 8E       		.byte	-114
 502 01d9 20       		.byte	32
 503 01da 9E       		.byte	-98
 504 01db 20       		.byte	32
 505 01dc E4       		.byte	-28
 506 01dd 02       		.byte	2
 507 01de 00       		.byte	0
 508 01df 01       		.byte	1
 509 01e0 0C       		.byte	12
 510 01e1 01       		.byte	1
 511 01e2 0E       		.byte	14
 512 01e3 01       		.byte	1
 513 01e4 00       		.byte	0
ARM GAS  C:\Users\GEORGE~1\AppData\Local\Temp\ccsSK8G0.s 			page 10


 514 01e5 00       		.byte	0
 515 01e6 00       		.byte	0
 516 01e7 00       		.byte	0
 517 01e8 00       		.byte	0
 518 01e9 00       		.byte	0
 519 01ea 02       		.byte	2
 520 01eb 00       		.byte	0
 521 01ec 00       		.byte	0
 522 01ed 0B       		.byte	11
 523 01ee 0B       		.byte	11
 524 01ef 00       		.byte	0
 525 01f0 00       		.byte	0
 526 01f1 00       		.byte	0
 527 01f2 00       		.byte	0
 528 01f3 00       		.byte	0
 529 01f4 00       		.byte	0
 530 01f5 03       		.byte	3
 531 01f6 03       		.byte	3
 532 01f7 00       		.byte	0
 533 01f8 03       		.byte	3
 534 01f9 00       		.byte	0
 535 01fa 00       		.byte	0
 536 01fb 00       		.byte	0
 537              		.section	.cywolatch,"a",%progbits
 538              		.align	2
 539              		.type	cy_meta_wonvl, %object
 540              		.size	cy_meta_wonvl, 4
 541              	cy_meta_wonvl:
 542 0000 BC       		.byte	-68
 543 0001 90       		.byte	-112
 544 0002 AC       		.byte	-84
 545 0003 AF       		.byte	-81
 546              		.section	.cycustnvl,"a",%progbits
 547              		.align	2
 548              		.type	cy_meta_custnvl, %object
 549              		.size	cy_meta_custnvl, 4
 550              	cy_meta_custnvl:
 551 0000 00       		.byte	0
 552 0001 00       		.byte	0
 553 0002 40       		.byte	64
 554 0003 05       		.byte	5
 555              		.section	.cymeta,"a",%progbits
 556              		.align	2
 557              		.type	cy_metadata, %object
 558              		.size	cy_metadata, 12
 559              	cy_metadata:
 560 0000 00       		.byte	0
 561 0001 01       		.byte	1
 562 0002 2E       		.byte	46
 563 0003 16       		.byte	22
 564 0004 10       		.byte	16
 565 0005 69       		.byte	105
 566 0006 00       		.byte	0
 567 0007 01       		.byte	1
 568 0008 00       		.byte	0
 569 0009 00       		.byte	0
 570 000a 00       		.byte	0
ARM GAS  C:\Users\GEORGE~1\AppData\Local\Temp\ccsSK8G0.s 			page 11


 571 000b 00       		.byte	0
 572              		.section	.cyflashprotect,"a",%progbits
 573              		.align	2
 574              		.type	cy_meta_flashprotect, %object
 575              		.size	cy_meta_flashprotect, 256
 576              	cy_meta_flashprotect:
 577 0000 00000000 		.space	256
 577      00000000 
 577      00000000 
 577      00000000 
 577      00000000 
 578              		.text
 579              	.Letext0:
 580              		.file 1 "c:\\program files (x86)\\cypress\\psoc creator\\4.2\\psoc creator\\import\\gnu\\arm\\5.4.
 581              		.file 2 "c:\\program files (x86)\\cypress\\psoc creator\\4.2\\psoc creator\\import\\gnu\\arm\\5.4.
 582              		.file 3 "Generated_Source\\PSoC5\\cymetadata.c"
 583              		.section	.debug_info,"",%progbits
 584              	.Ldebug_info0:
 585 0000 31010000 		.4byte	0x131
 586 0004 0400     		.2byte	0x4
 587 0006 00000000 		.4byte	.Ldebug_abbrev0
 588 000a 04       		.byte	0x4
 589 000b 01       		.uleb128 0x1
 590 000c 8F000000 		.4byte	.LASF17
 591 0010 0C       		.byte	0xc
 592 0011 E9010000 		.4byte	.LASF18
 593 0015 0A000000 		.4byte	.LASF19
 594 0019 00000000 		.4byte	.Ldebug_line0
 595 001d 02       		.uleb128 0x2
 596 001e 01       		.byte	0x1
 597 001f 06       		.byte	0x6
 598 0020 DD010000 		.4byte	.LASF0
 599 0024 03       		.uleb128 0x3
 600 0025 00000000 		.4byte	.LASF9
 601 0029 01       		.byte	0x1
 602 002a 1D       		.byte	0x1d
 603 002b 2F000000 		.4byte	0x2f
 604 002f 02       		.uleb128 0x2
 605 0030 01       		.byte	0x1
 606 0031 08       		.byte	0x8
 607 0032 81000000 		.4byte	.LASF1
 608 0036 02       		.uleb128 0x2
 609 0037 02       		.byte	0x2
 610 0038 05       		.byte	0x5
 611 0039 CA010000 		.4byte	.LASF2
 612 003d 02       		.uleb128 0x2
 613 003e 02       		.byte	0x2
 614 003f 07       		.byte	0x7
 615 0040 2F010000 		.4byte	.LASF3
 616 0044 02       		.uleb128 0x2
 617 0045 04       		.byte	0x4
 618 0046 05       		.byte	0x5
 619 0047 D4010000 		.4byte	.LASF4
 620 004b 02       		.uleb128 0x2
 621 004c 04       		.byte	0x4
 622 004d 07       		.byte	0x7
 623 004e 1D010000 		.4byte	.LASF5
ARM GAS  C:\Users\GEORGE~1\AppData\Local\Temp\ccsSK8G0.s 			page 12


 624 0052 02       		.uleb128 0x2
 625 0053 08       		.byte	0x8
 626 0054 05       		.byte	0x5
 627 0055 BC010000 		.4byte	.LASF6
 628 0059 02       		.uleb128 0x2
 629 005a 08       		.byte	0x8
 630 005b 07       		.byte	0x7
 631 005c 71010000 		.4byte	.LASF7
 632 0060 04       		.uleb128 0x4
 633 0061 04       		.byte	0x4
 634 0062 05       		.byte	0x5
 635 0063 696E7400 		.ascii	"int\000"
 636 0067 02       		.uleb128 0x2
 637 0068 04       		.byte	0x4
 638 0069 07       		.byte	0x7
 639 006a 64010000 		.4byte	.LASF8
 640 006e 03       		.uleb128 0x3
 641 006f 88010000 		.4byte	.LASF10
 642 0073 02       		.byte	0x2
 643 0074 18       		.byte	0x18
 644 0075 24000000 		.4byte	0x24
 645 0079 05       		.uleb128 0x5
 646 007a 91000000 		.4byte	0x91
 647 007e 8A000000 		.4byte	0x8a
 648 0082 06       		.uleb128 0x6
 649 0083 8A000000 		.4byte	0x8a
 650 0087 FB01     		.2byte	0x1fb
 651 0089 00       		.byte	0
 652 008a 02       		.uleb128 0x2
 653 008b 04       		.byte	0x4
 654 008c 07       		.byte	0x7
 655 008d B3010000 		.4byte	.LASF11
 656 0091 07       		.uleb128 0x7
 657 0092 6E000000 		.4byte	0x6e
 658 0096 08       		.uleb128 0x8
 659 0097 52010000 		.4byte	.LASF12
 660 009b 03       		.byte	0x3
 661 009c 1F       		.byte	0x1f
 662 009d A7000000 		.4byte	0xa7
 663 00a1 05       		.uleb128 0x5
 664 00a2 03       		.byte	0x3
 665 00a3 00000000 		.4byte	cy_meta_configecc
 666 00a7 07       		.uleb128 0x7
 667 00a8 79000000 		.4byte	0x79
 668 00ac 05       		.uleb128 0x5
 669 00ad 91000000 		.4byte	0x91
 670 00b1 BC000000 		.4byte	0xbc
 671 00b5 09       		.uleb128 0x9
 672 00b6 8A000000 		.4byte	0x8a
 673 00ba 03       		.byte	0x3
 674 00bb 00       		.byte	0
 675 00bc 08       		.uleb128 0x8
 676 00bd 42010000 		.4byte	.LASF13
 677 00c1 03       		.byte	0x3
 678 00c2 6C       		.byte	0x6c
 679 00c3 CD000000 		.4byte	0xcd
 680 00c7 05       		.uleb128 0x5
ARM GAS  C:\Users\GEORGE~1\AppData\Local\Temp\ccsSK8G0.s 			page 13


 681 00c8 03       		.byte	0x3
 682 00c9 00000000 		.4byte	cy_meta_custnvl
 683 00cd 07       		.uleb128 0x7
 684 00ce AC000000 		.4byte	0xac
 685 00d2 08       		.uleb128 0x8
 686 00d3 A5010000 		.4byte	.LASF14
 687 00d7 03       		.byte	0x3
 688 00d8 7A       		.byte	0x7a
 689 00d9 E3000000 		.4byte	0xe3
 690 00dd 05       		.uleb128 0x5
 691 00de 03       		.byte	0x3
 692 00df 00000000 		.4byte	cy_meta_wonvl
 693 00e3 07       		.uleb128 0x7
 694 00e4 AC000000 		.4byte	0xac
 695 00e8 05       		.uleb128 0x5
 696 00e9 91000000 		.4byte	0x91
 697 00ed F8000000 		.4byte	0xf8
 698 00f1 09       		.uleb128 0x9
 699 00f2 8A000000 		.4byte	0x8a
 700 00f6 FF       		.byte	0xff
 701 00f7 00       		.byte	0
 702 00f8 08       		.uleb128 0x8
 703 00f9 90010000 		.4byte	.LASF15
 704 00fd 03       		.byte	0x3
 705 00fe 88       		.byte	0x88
 706 00ff 09010000 		.4byte	0x109
 707 0103 05       		.uleb128 0x5
 708 0104 03       		.byte	0x3
 709 0105 00000000 		.4byte	cy_meta_flashprotect
 710 0109 07       		.uleb128 0x7
 711 010a E8000000 		.4byte	0xe8
 712 010e 05       		.uleb128 0x5
 713 010f 91000000 		.4byte	0x91
 714 0113 1E010000 		.4byte	0x11e
 715 0117 09       		.uleb128 0x9
 716 0118 8A000000 		.4byte	0x8a
 717 011c 0B       		.byte	0xb
 718 011d 00       		.byte	0
 719 011e 08       		.uleb128 0x8
 720 011f 75000000 		.4byte	.LASF16
 721 0123 03       		.byte	0x3
 722 0124 B5       		.byte	0xb5
 723 0125 2F010000 		.4byte	0x12f
 724 0129 05       		.uleb128 0x5
 725 012a 03       		.byte	0x3
 726 012b 00000000 		.4byte	cy_metadata
 727 012f 07       		.uleb128 0x7
 728 0130 0E010000 		.4byte	0x10e
 729 0134 00       		.byte	0
 730              		.section	.debug_abbrev,"",%progbits
 731              	.Ldebug_abbrev0:
 732 0000 01       		.uleb128 0x1
 733 0001 11       		.uleb128 0x11
 734 0002 01       		.byte	0x1
 735 0003 25       		.uleb128 0x25
 736 0004 0E       		.uleb128 0xe
 737 0005 13       		.uleb128 0x13
ARM GAS  C:\Users\GEORGE~1\AppData\Local\Temp\ccsSK8G0.s 			page 14


 738 0006 0B       		.uleb128 0xb
 739 0007 03       		.uleb128 0x3
 740 0008 0E       		.uleb128 0xe
 741 0009 1B       		.uleb128 0x1b
 742 000a 0E       		.uleb128 0xe
 743 000b 10       		.uleb128 0x10
 744 000c 17       		.uleb128 0x17
 745 000d 00       		.byte	0
 746 000e 00       		.byte	0
 747 000f 02       		.uleb128 0x2
 748 0010 24       		.uleb128 0x24
 749 0011 00       		.byte	0
 750 0012 0B       		.uleb128 0xb
 751 0013 0B       		.uleb128 0xb
 752 0014 3E       		.uleb128 0x3e
 753 0015 0B       		.uleb128 0xb
 754 0016 03       		.uleb128 0x3
 755 0017 0E       		.uleb128 0xe
 756 0018 00       		.byte	0
 757 0019 00       		.byte	0
 758 001a 03       		.uleb128 0x3
 759 001b 16       		.uleb128 0x16
 760 001c 00       		.byte	0
 761 001d 03       		.uleb128 0x3
 762 001e 0E       		.uleb128 0xe
 763 001f 3A       		.uleb128 0x3a
 764 0020 0B       		.uleb128 0xb
 765 0021 3B       		.uleb128 0x3b
 766 0022 0B       		.uleb128 0xb
 767 0023 49       		.uleb128 0x49
 768 0024 13       		.uleb128 0x13
 769 0025 00       		.byte	0
 770 0026 00       		.byte	0
 771 0027 04       		.uleb128 0x4
 772 0028 24       		.uleb128 0x24
 773 0029 00       		.byte	0
 774 002a 0B       		.uleb128 0xb
 775 002b 0B       		.uleb128 0xb
 776 002c 3E       		.uleb128 0x3e
 777 002d 0B       		.uleb128 0xb
 778 002e 03       		.uleb128 0x3
 779 002f 08       		.uleb128 0x8
 780 0030 00       		.byte	0
 781 0031 00       		.byte	0
 782 0032 05       		.uleb128 0x5
 783 0033 01       		.uleb128 0x1
 784 0034 01       		.byte	0x1
 785 0035 49       		.uleb128 0x49
 786 0036 13       		.uleb128 0x13
 787 0037 01       		.uleb128 0x1
 788 0038 13       		.uleb128 0x13
 789 0039 00       		.byte	0
 790 003a 00       		.byte	0
 791 003b 06       		.uleb128 0x6
 792 003c 21       		.uleb128 0x21
 793 003d 00       		.byte	0
 794 003e 49       		.uleb128 0x49
ARM GAS  C:\Users\GEORGE~1\AppData\Local\Temp\ccsSK8G0.s 			page 15


 795 003f 13       		.uleb128 0x13
 796 0040 2F       		.uleb128 0x2f
 797 0041 05       		.uleb128 0x5
 798 0042 00       		.byte	0
 799 0043 00       		.byte	0
 800 0044 07       		.uleb128 0x7
 801 0045 26       		.uleb128 0x26
 802 0046 00       		.byte	0
 803 0047 49       		.uleb128 0x49
 804 0048 13       		.uleb128 0x13
 805 0049 00       		.byte	0
 806 004a 00       		.byte	0
 807 004b 08       		.uleb128 0x8
 808 004c 34       		.uleb128 0x34
 809 004d 00       		.byte	0
 810 004e 03       		.uleb128 0x3
 811 004f 0E       		.uleb128 0xe
 812 0050 3A       		.uleb128 0x3a
 813 0051 0B       		.uleb128 0xb
 814 0052 3B       		.uleb128 0x3b
 815 0053 0B       		.uleb128 0xb
 816 0054 49       		.uleb128 0x49
 817 0055 13       		.uleb128 0x13
 818 0056 3F       		.uleb128 0x3f
 819 0057 19       		.uleb128 0x19
 820 0058 02       		.uleb128 0x2
 821 0059 18       		.uleb128 0x18
 822 005a 00       		.byte	0
 823 005b 00       		.byte	0
 824 005c 09       		.uleb128 0x9
 825 005d 21       		.uleb128 0x21
 826 005e 00       		.byte	0
 827 005f 49       		.uleb128 0x49
 828 0060 13       		.uleb128 0x13
 829 0061 2F       		.uleb128 0x2f
 830 0062 0B       		.uleb128 0xb
 831 0063 00       		.byte	0
 832 0064 00       		.byte	0
 833 0065 00       		.byte	0
 834              		.section	.debug_aranges,"",%progbits
 835 0000 14000000 		.4byte	0x14
 836 0004 0200     		.2byte	0x2
 837 0006 00000000 		.4byte	.Ldebug_info0
 838 000a 04       		.byte	0x4
 839 000b 00       		.byte	0
 840 000c 0000     		.2byte	0
 841 000e 0000     		.2byte	0
 842 0010 00000000 		.4byte	0
 843 0014 00000000 		.4byte	0
 844              		.section	.debug_line,"",%progbits
 845              	.Ldebug_line0:
 846 0000 3D010000 		.section	.debug_str,"MS",%progbits,1
 846      02003701 
 846      00000201 
 846      FB0E0D00 
 846      01010101 
 847              	.LASF9:
ARM GAS  C:\Users\GEORGE~1\AppData\Local\Temp\ccsSK8G0.s 			page 16


 848 0000 5F5F7569 		.ascii	"__uint8_t\000"
 848      6E74385F 
 848      7400
 849              	.LASF19:
 850 000a 433A5C55 		.ascii	"C:\\Users\\George Anwar\\Documents\\UC Berkeley\\ME"
 850      73657273 
 850      5C47656F 
 850      72676520 
 850      416E7761 
 851 0038 31333520 		.ascii	"135 Spring 2020\\PSOC Creator\\ME135_235\\Simulated"
 851      53707269 
 851      6E672032 
 851      3032305C 
 851      50534F43 
 852 0068 4F757470 		.ascii	"Output.cydsn\000"
 852      75742E63 
 852      7964736E 
 852      00
 853              	.LASF16:
 854 0075 63795F6D 		.ascii	"cy_metadata\000"
 854      65746164 
 854      61746100 
 855              	.LASF1:
 856 0081 756E7369 		.ascii	"unsigned char\000"
 856      676E6564 
 856      20636861 
 856      7200
 857              	.LASF17:
 858 008f 474E5520 		.ascii	"GNU C11 5.4.1 20160609 (release) [ARM/embedded-5-br"
 858      43313120 
 858      352E342E 
 858      31203230 
 858      31363036 
 859 00c2 616E6368 		.ascii	"anch revision 237715] -mcpu=cortex-m3 -mthumb -g -O"
 859      20726576 
 859      6973696F 
 859      6E203233 
 859      37373135 
 860 00f5 67202D66 		.ascii	"g -ffunction-sections -ffat-lto-objects\000"
 860      66756E63 
 860      74696F6E 
 860      2D736563 
 860      74696F6E 
 861              	.LASF5:
 862 011d 6C6F6E67 		.ascii	"long unsigned int\000"
 862      20756E73 
 862      69676E65 
 862      6420696E 
 862      7400
 863              	.LASF3:
 864 012f 73686F72 		.ascii	"short unsigned int\000"
 864      7420756E 
 864      7369676E 
 864      65642069 
 864      6E7400
 865              	.LASF13:
 866 0142 63795F6D 		.ascii	"cy_meta_custnvl\000"
ARM GAS  C:\Users\GEORGE~1\AppData\Local\Temp\ccsSK8G0.s 			page 17


 866      6574615F 
 866      63757374 
 866      6E766C00 
 867              	.LASF12:
 868 0152 63795F6D 		.ascii	"cy_meta_configecc\000"
 868      6574615F 
 868      636F6E66 
 868      69676563 
 868      6300
 869              	.LASF8:
 870 0164 756E7369 		.ascii	"unsigned int\000"
 870      676E6564 
 870      20696E74 
 870      00
 871              	.LASF7:
 872 0171 6C6F6E67 		.ascii	"long long unsigned int\000"
 872      206C6F6E 
 872      6720756E 
 872      7369676E 
 872      65642069 
 873              	.LASF10:
 874 0188 75696E74 		.ascii	"uint8_t\000"
 874      385F7400 
 875              	.LASF15:
 876 0190 63795F6D 		.ascii	"cy_meta_flashprotect\000"
 876      6574615F 
 876      666C6173 
 876      6870726F 
 876      74656374 
 877              	.LASF14:
 878 01a5 63795F6D 		.ascii	"cy_meta_wonvl\000"
 878      6574615F 
 878      776F6E76 
 878      6C00
 879              	.LASF11:
 880 01b3 73697A65 		.ascii	"sizetype\000"
 880      74797065 
 880      00
 881              	.LASF6:
 882 01bc 6C6F6E67 		.ascii	"long long int\000"
 882      206C6F6E 
 882      6720696E 
 882      7400
 883              	.LASF2:
 884 01ca 73686F72 		.ascii	"short int\000"
 884      7420696E 
 884      7400
 885              	.LASF4:
 886 01d4 6C6F6E67 		.ascii	"long int\000"
 886      20696E74 
 886      00
 887              	.LASF0:
 888 01dd 7369676E 		.ascii	"signed char\000"
 888      65642063 
 888      68617200 
 889              	.LASF18:
 890 01e9 47656E65 		.ascii	"Generated_Source\\PSoC5\\cymetadata.c\000"
ARM GAS  C:\Users\GEORGE~1\AppData\Local\Temp\ccsSK8G0.s 			page 18


 890      72617465 
 890      645F536F 
 890      75726365 
 890      5C50536F 
 891              		.ident	"GCC: (GNU Tools for ARM Embedded Processors) 5.4.1 20160609 (release) [ARM/embedded-5-bran
