ARM GAS  C:\Users\GEORGE~1\AppData\Local\Temp\ccUfVuCS.s 			page 1


   1              		.syntax unified
   2              		.cpu cortex-m3
   3              		.fpu softvfp
   4              		.eabi_attribute 20, 1
   5              		.eabi_attribute 21, 1
   6              		.eabi_attribute 23, 3
   7              		.eabi_attribute 24, 1
   8              		.eabi_attribute 25, 1
   9              		.eabi_attribute 26, 1
  10              		.eabi_attribute 30, 1
  11              		.eabi_attribute 34, 1
  12              		.eabi_attribute 18, 4
  13              		.thumb
  14              		.syntax unified
  15              		.file	"cymetadata.c"
  16              		.text
  17              	.Ltext0:
  18              		.cfi_sections	.debug_frame
  19              		.global	cy_metadata
  20              		.global	cy_meta_flashprotect
  21              		.global	cy_meta_wonvl
  22              		.global	cy_meta_custnvl
  23              		.global	cy_meta_configecc
  24              		.section	.cyconfigecc,"a",%progbits
  25              		.align	2
  26              		.type	cy_meta_configecc, %object
  27              		.size	cy_meta_configecc, 712
  28              	cy_meta_configecc:
  29 0000 03       		.byte	3
  30 0001 52       		.byte	82
  31 0002 00       		.byte	0
  32 0003 40       		.byte	64
  33 0004 01       		.byte	1
  34 0005 65       		.byte	101
  35 0006 00       		.byte	0
  36 0007 40       		.byte	64
  37 0008 2C       		.byte	44
  38 0009 14       		.byte	20
  39 000a 01       		.byte	1
  40 000b 40       		.byte	64
  41 000c 17       		.byte	23
  42 000d 15       		.byte	21
  43 000e 01       		.byte	1
  44 000f 40       		.byte	64
  45 0010 4F       		.byte	79
  46 0011 16       		.byte	22
  47 0012 01       		.byte	1
  48 0013 40       		.byte	64
  49 0014 29       		.byte	41
  50 0015 17       		.byte	23
  51 0016 01       		.byte	1
  52 0017 40       		.byte	64
  53 0018 32       		.byte	50
  54 0019 18       		.byte	24
  55 001a 01       		.byte	1
  56 001b 40       		.byte	64
  57 001c 11       		.byte	17
ARM GAS  C:\Users\GEORGE~1\AppData\Local\Temp\ccUfVuCS.s 			page 2


  58 001d 19       		.byte	25
  59 001e 01       		.byte	1
  60 001f 40       		.byte	64
  61 0020 02       		.byte	2
  62 0021 1B       		.byte	27
  63 0022 01       		.byte	1
  64 0023 40       		.byte	64
  65 0024 03       		.byte	3
  66 0025 40       		.byte	64
  67 0026 01       		.byte	1
  68 0027 40       		.byte	64
  69 0028 04       		.byte	4
  70 0029 41       		.byte	65
  71 002a 01       		.byte	1
  72 002b 40       		.byte	64
  73 002c 03       		.byte	3
  74 002d 42       		.byte	66
  75 002e 01       		.byte	1
  76 002f 40       		.byte	64
  77 0030 03       		.byte	3
  78 0031 43       		.byte	67
  79 0032 01       		.byte	1
  80 0033 40       		.byte	64
  81 0034 02       		.byte	2
  82 0035 45       		.byte	69
  83 0036 01       		.byte	1
  84 0037 40       		.byte	64
  85 0038 01       		.byte	1
  86 0039 46       		.byte	70
  87 003a 01       		.byte	1
  88 003b 40       		.byte	64
  89 003c 01       		.byte	1
  90 003d 47       		.byte	71
  91 003e 01       		.byte	1
  92 003f 40       		.byte	64
  93 0040 03       		.byte	3
  94 0041 48       		.byte	72
  95 0042 01       		.byte	1
  96 0043 40       		.byte	64
  97 0044 09       		.byte	9
  98 0045 49       		.byte	73
  99 0046 01       		.byte	1
 100 0047 40       		.byte	64
 101 0048 01       		.byte	1
 102 0049 4C       		.byte	76
 103 004a 01       		.byte	1
 104 004b 40       		.byte	64
 105 004c 01       		.byte	1
 106 004d 4D       		.byte	77
 107 004e 01       		.byte	1
 108 004f 40       		.byte	64
 109 0050 04       		.byte	4
 110 0051 50       		.byte	80
 111 0052 01       		.byte	1
 112 0053 40       		.byte	64
 113 0054 01       		.byte	1
 114 0055 51       		.byte	81
ARM GAS  C:\Users\GEORGE~1\AppData\Local\Temp\ccUfVuCS.s 			page 3


 115 0056 01       		.byte	1
 116 0057 40       		.byte	64
 117 0058 00       		.byte	0
 118 0059 02       		.byte	2
 119 005a 11       		.byte	17
 120 005b 02       		.byte	2
 121 005c 19       		.byte	25
 122 005d 01       		.byte	1
 123 005e 87       		.byte	-121
 124 005f 0F       		.byte	15
 125 0060 40       		.byte	64
 126 0061 36       		.byte	54
 127 0062 41       		.byte	65
 128 0063 04       		.byte	4
 129 0064 42       		.byte	66
 130 0065 02       		.byte	2
 131 0066 49       		.byte	73
 132 0067 FF       		.byte	-1
 133 0068 4A       		.byte	74
 134 0069 FF       		.byte	-1
 135 006a 4B       		.byte	75
 136 006b FF       		.byte	-1
 137 006c 4F       		.byte	79
 138 006d 01       		.byte	1
 139 006e 50       		.byte	80
 140 006f 18       		.byte	24
 141 0070 5A       		.byte	90
 142 0071 04       		.byte	4
 143 0072 5B       		.byte	91
 144 0073 04       		.byte	4
 145 0074 5D       		.byte	93
 146 0075 09       		.byte	9
 147 0076 5F       		.byte	95
 148 0077 01       		.byte	1
 149 0078 60       		.byte	96
 150 0079 40       		.byte	64
 151 007a 62       		.byte	98
 152 007b 40       		.byte	64
 153 007c 64       		.byte	100
 154 007d 40       		.byte	64
 155 007e 65       		.byte	101
 156 007f 40       		.byte	64
 157 0080 66       		.byte	102
 158 0081 80       		.byte	-128
 159 0082 68       		.byte	104
 160 0083 80       		.byte	-128
 161 0084 6A       		.byte	106
 162 0085 80       		.byte	-128
 163 0086 6C       		.byte	108
 164 0087 80       		.byte	-128
 165 0088 6E       		.byte	110
 166 0089 80       		.byte	-128
 167 008a C0       		.byte	-64
 168 008b 32       		.byte	50
 169 008c C1       		.byte	-63
 170 008d 04       		.byte	4
 171 008e C2       		.byte	-62
ARM GAS  C:\Users\GEORGE~1\AppData\Local\Temp\ccUfVuCS.s 			page 4


 172 008f 06       		.byte	6
 173 0090 C9       		.byte	-55
 174 0091 FF       		.byte	-1
 175 0092 CA       		.byte	-54
 176 0093 FF       		.byte	-1
 177 0094 CB       		.byte	-53
 178 0095 FF       		.byte	-1
 179 0096 CD       		.byte	-51
 180 0097 83       		.byte	-125
 181 0098 CE       		.byte	-50
 182 0099 03       		.byte	3
 183 009a CF       		.byte	-49
 184 009b 01       		.byte	1
 185 009c D0       		.byte	-48
 186 009d 18       		.byte	24
 187 009e DA       		.byte	-38
 188 009f 04       		.byte	4
 189 00a0 DB       		.byte	-37
 190 00a1 04       		.byte	4
 191 00a2 DD       		.byte	-35
 192 00a3 09       		.byte	9
 193 00a4 DF       		.byte	-33
 194 00a5 01       		.byte	1
 195 00a6 E0       		.byte	-32
 196 00a7 40       		.byte	64
 197 00a8 E2       		.byte	-30
 198 00a9 40       		.byte	64
 199 00aa E4       		.byte	-28
 200 00ab 40       		.byte	64
 201 00ac E5       		.byte	-27
 202 00ad 40       		.byte	64
 203 00ae E6       		.byte	-26
 204 00af 80       		.byte	-128
 205 00b0 E8       		.byte	-24
 206 00b1 80       		.byte	-128
 207 00b2 EA       		.byte	-22
 208 00b3 80       		.byte	-128
 209 00b4 EC       		.byte	-20
 210 00b5 80       		.byte	-128
 211 00b6 EE       		.byte	-18
 212 00b7 80       		.byte	-128
 213 00b8 40       		.byte	64
 214 00b9 14       		.byte	20
 215 00ba 42       		.byte	66
 216 00bb 40       		.byte	64
 217 00bc 44       		.byte	68
 218 00bd 20       		.byte	32
 219 00be 46       		.byte	70
 220 00bf 04       		.byte	4
 221 00c0 47       		.byte	71
 222 00c1 01       		.byte	1
 223 00c2 48       		.byte	72
 224 00c3 08       		.byte	8
 225 00c4 4E       		.byte	78
 226 00c5 04       		.byte	4
 227 00c6 6B       		.byte	107
 228 00c7 02       		.byte	2
ARM GAS  C:\Users\GEORGE~1\AppData\Local\Temp\ccUfVuCS.s 			page 5


 229 00c8 6E       		.byte	110
 230 00c9 40       		.byte	64
 231 00ca 6F       		.byte	111
 232 00cb 01       		.byte	1
 233 00cc 87       		.byte	-121
 234 00cd 02       		.byte	2
 235 00ce 90       		.byte	-112
 236 00cf 14       		.byte	20
 237 00d0 92       		.byte	-110
 238 00d1 08       		.byte	8
 239 00d2 98       		.byte	-104
 240 00d3 20       		.byte	32
 241 00d4 9A       		.byte	-102
 242 00d5 04       		.byte	4
 243 00d6 9F       		.byte	-97
 244 00d7 01       		.byte	1
 245 00d8 A0       		.byte	-96
 246 00d9 08       		.byte	8
 247 00da AB       		.byte	-85
 248 00db 02       		.byte	2
 249 00dc AC       		.byte	-84
 250 00dd 01       		.byte	1
 251 00de AD       		.byte	-83
 252 00df 40       		.byte	64
 253 00e0 D0       		.byte	-48
 254 00e1 E7       		.byte	-25
 255 00e2 D2       		.byte	-46
 256 00e3 24       		.byte	36
 257 00e4 EE       		.byte	-18
 258 00e5 08       		.byte	8
 259 00e6 40       		.byte	64
 260 00e7 32       		.byte	50
 261 00e8 41       		.byte	65
 262 00e9 04       		.byte	4
 263 00ea 42       		.byte	66
 264 00eb 06       		.byte	6
 265 00ec 49       		.byte	73
 266 00ed FF       		.byte	-1
 267 00ee 4A       		.byte	74
 268 00ef FF       		.byte	-1
 269 00f0 4B       		.byte	75
 270 00f1 FF       		.byte	-1
 271 00f2 4D       		.byte	77
 272 00f3 83       		.byte	-125
 273 00f4 4E       		.byte	78
 274 00f5 03       		.byte	3
 275 00f6 4F       		.byte	79
 276 00f7 01       		.byte	1
 277 00f8 50       		.byte	80
 278 00f9 18       		.byte	24
 279 00fa 5A       		.byte	90
 280 00fb 04       		.byte	4
 281 00fc 5D       		.byte	93
 282 00fd 09       		.byte	9
 283 00fe 5F       		.byte	95
 284 00ff 01       		.byte	1
 285 0100 60       		.byte	96
ARM GAS  C:\Users\GEORGE~1\AppData\Local\Temp\ccUfVuCS.s 			page 6


 286 0101 40       		.byte	64
 287 0102 62       		.byte	98
 288 0103 40       		.byte	64
 289 0104 64       		.byte	100
 290 0105 40       		.byte	64
 291 0106 65       		.byte	101
 292 0107 40       		.byte	64
 293 0108 66       		.byte	102
 294 0109 80       		.byte	-128
 295 010a 68       		.byte	104
 296 010b 80       		.byte	-128
 297 010c 6A       		.byte	106
 298 010d 80       		.byte	-128
 299 010e 6C       		.byte	108
 300 010f 80       		.byte	-128
 301 0110 6E       		.byte	110
 302 0111 80       		.byte	-128
 303 0112 80       		.byte	-128
 304 0113 28       		.byte	40
 305 0114 82       		.byte	-126
 306 0115 02       		.byte	2
 307 0116 87       		.byte	-121
 308 0117 01       		.byte	1
 309 0118 8E       		.byte	-114
 310 0119 25       		.byte	37
 311 011a 8F       		.byte	-113
 312 011b 01       		.byte	1
 313 011c 92       		.byte	-110
 314 011d 10       		.byte	16
 315 011e 93       		.byte	-109
 316 011f 01       		.byte	1
 317 0120 9C       		.byte	-100
 318 0121 1E       		.byte	30
 319 0122 9F       		.byte	-97
 320 0123 01       		.byte	1
 321 0124 A2       		.byte	-94
 322 0125 3F       		.byte	63
 323 0126 A4       		.byte	-92
 324 0127 02       		.byte	2
 325 0128 A6       		.byte	-90
 326 0129 08       		.byte	8
 327 012a A8       		.byte	-88
 328 012b 20       		.byte	32
 329 012c AD       		.byte	-83
 330 012d 02       		.byte	2
 331 012e AE       		.byte	-82
 332 012f 3F       		.byte	63
 333 0130 AF       		.byte	-81
 334 0131 04       		.byte	4
 335 0132 B0       		.byte	-80
 336 0133 06       		.byte	6
 337 0134 B1       		.byte	-79
 338 0135 01       		.byte	1
 339 0136 B2       		.byte	-78
 340 0137 01       		.byte	1
 341 0138 B3       		.byte	-77
 342 0139 02       		.byte	2
ARM GAS  C:\Users\GEORGE~1\AppData\Local\Temp\ccUfVuCS.s 			page 7


 343 013a B4       		.byte	-76
 344 013b 20       		.byte	32
 345 013c B5       		.byte	-75
 346 013d 04       		.byte	4
 347 013e B6       		.byte	-74
 348 013f 18       		.byte	24
 349 0140 B7       		.byte	-73
 350 0141 02       		.byte	2
 351 0142 BE       		.byte	-66
 352 0143 14       		.byte	20
 353 0144 BF       		.byte	-65
 354 0145 41       		.byte	65
 355 0146 C0       		.byte	-64
 356 0147 36       		.byte	54
 357 0148 C1       		.byte	-63
 358 0149 04       		.byte	4
 359 014a C2       		.byte	-62
 360 014b 02       		.byte	2
 361 014c C5       		.byte	-59
 362 014d EC       		.byte	-20
 363 014e C7       		.byte	-57
 364 014f 02       		.byte	2
 365 0150 C8       		.byte	-56
 366 0151 13       		.byte	19
 367 0152 C9       		.byte	-55
 368 0153 FF       		.byte	-1
 369 0154 CA       		.byte	-54
 370 0155 FF       		.byte	-1
 371 0156 CB       		.byte	-53
 372 0157 FF       		.byte	-1
 373 0158 CD       		.byte	-51
 374 0159 83       		.byte	-125
 375 015a CE       		.byte	-50
 376 015b 03       		.byte	3
 377 015c CF       		.byte	-49
 378 015d 01       		.byte	1
 379 015e D0       		.byte	-48
 380 015f 18       		.byte	24
 381 0160 D2       		.byte	-46
 382 0161 90       		.byte	-112
 383 0162 D4       		.byte	-44
 384 0163 03       		.byte	3
 385 0164 D8       		.byte	-40
 386 0165 04       		.byte	4
 387 0166 D9       		.byte	-39
 388 0167 04       		.byte	4
 389 0168 DA       		.byte	-38
 390 0169 04       		.byte	4
 391 016a DB       		.byte	-37
 392 016b 04       		.byte	4
 393 016c DC       		.byte	-36
 394 016d 99       		.byte	-103
 395 016e DD       		.byte	-35
 396 016f 99       		.byte	-103
 397 0170 DF       		.byte	-33
 398 0171 05       		.byte	5
 399 0172 E0       		.byte	-32
ARM GAS  C:\Users\GEORGE~1\AppData\Local\Temp\ccUfVuCS.s 			page 8


 400 0173 40       		.byte	64
 401 0174 E2       		.byte	-30
 402 0175 40       		.byte	64
 403 0176 E4       		.byte	-28
 404 0177 40       		.byte	64
 405 0178 E5       		.byte	-27
 406 0179 40       		.byte	64
 407 017a E6       		.byte	-26
 408 017b 80       		.byte	-128
 409 017c E8       		.byte	-24
 410 017d 80       		.byte	-128
 411 017e EA       		.byte	-22
 412 017f 80       		.byte	-128
 413 0180 EC       		.byte	-20
 414 0181 80       		.byte	-128
 415 0182 EE       		.byte	-18
 416 0183 80       		.byte	-128
 417 0184 00       		.byte	0
 418 0185 42       		.byte	66
 419 0186 08       		.byte	8
 420 0187 80       		.byte	-128
 421 0188 0B       		.byte	11
 422 0189 80       		.byte	-128
 423 018a 10       		.byte	16
 424 018b 82       		.byte	-126
 425 018c 12       		.byte	18
 426 018d 28       		.byte	40
 427 018e 18       		.byte	24
 428 018f 54       		.byte	84
 429 0190 19       		.byte	25
 430 0191 10       		.byte	16
 431 0192 1A       		.byte	26
 432 0193 08       		.byte	8
 433 0194 1B       		.byte	27
 434 0195 80       		.byte	-128
 435 0196 22       		.byte	34
 436 0197 28       		.byte	40
 437 0198 23       		.byte	35
 438 0199 82       		.byte	-126
 439 019a 29       		.byte	41
 440 019b 40       		.byte	64
 441 019c 2F       		.byte	47
 442 019d C0       		.byte	-64
 443 019e 30       		.byte	48
 444 019f 82       		.byte	-126
 445 01a0 38       		.byte	56
 446 01a1 40       		.byte	64
 447 01a2 3A       		.byte	58
 448 01a3 04       		.byte	4
 449 01a4 40       		.byte	64
 450 01a5 94       		.byte	-108
 451 01a6 43       		.byte	67
 452 01a7 01       		.byte	1
 453 01a8 44       		.byte	68
 454 01a9 20       		.byte	32
 455 01aa 46       		.byte	70
 456 01ab 04       		.byte	4
ARM GAS  C:\Users\GEORGE~1\AppData\Local\Temp\ccUfVuCS.s 			page 9


 457 01ac 47       		.byte	71
 458 01ad 01       		.byte	1
 459 01ae 48       		.byte	72
 460 01af 08       		.byte	8
 461 01b0 49       		.byte	73
 462 01b1 05       		.byte	5
 463 01b2 4E       		.byte	78
 464 01b3 04       		.byte	4
 465 01b4 50       		.byte	80
 466 01b5 08       		.byte	8
 467 01b6 52       		.byte	82
 468 01b7 04       		.byte	4
 469 01b8 59       		.byte	89
 470 01b9 15       		.byte	21
 471 01ba 5B       		.byte	91
 472 01bb 80       		.byte	-128
 473 01bc 5C       		.byte	92
 474 01bd 30       		.byte	48
 475 01be 70       		.byte	112
 476 01bf 82       		.byte	-126
 477 01c0 78       		.byte	120
 478 01c1 80       		.byte	-128
 479 01c2 C0       		.byte	-64
 480 01c3 09       		.byte	9
 481 01c4 C2       		.byte	-62
 482 01c5 09       		.byte	9
 483 01c6 C4       		.byte	-60
 484 01c7 0F       		.byte	15
 485 01c8 CA       		.byte	-54
 486 01c9 08       		.byte	8
 487 01ca CC       		.byte	-52
 488 01cb 09       		.byte	9
 489 01cc CE       		.byte	-50
 490 01cd 0A       		.byte	10
 491 01ce D0       		.byte	-48
 492 01cf E7       		.byte	-25
 493 01d0 D2       		.byte	-46
 494 01d1 24       		.byte	36
 495 01d2 D6       		.byte	-42
 496 01d3 0F       		.byte	15
 497 01d4 DE       		.byte	-34
 498 01d5 08       		.byte	8
 499 01d6 40       		.byte	64
 500 01d7 60       		.byte	96
 501 01d8 41       		.byte	65
 502 01d9 02       		.byte	2
 503 01da 49       		.byte	73
 504 01db FF       		.byte	-1
 505 01dc 4A       		.byte	74
 506 01dd FF       		.byte	-1
 507 01de 4B       		.byte	75
 508 01df FF       		.byte	-1
 509 01e0 4D       		.byte	77
 510 01e1 A0       		.byte	-96
 511 01e2 4F       		.byte	79
 512 01e3 04       		.byte	4
 513 01e4 50       		.byte	80
ARM GAS  C:\Users\GEORGE~1\AppData\Local\Temp\ccUfVuCS.s 			page 10


 514 01e5 18       		.byte	24
 515 01e6 5A       		.byte	90
 516 01e7 04       		.byte	4
 517 01e8 5F       		.byte	95
 518 01e9 01       		.byte	1
 519 01ea 60       		.byte	96
 520 01eb 40       		.byte	64
 521 01ec 62       		.byte	98
 522 01ed C0       		.byte	-64
 523 01ee 64       		.byte	100
 524 01ef 40       		.byte	64
 525 01f0 65       		.byte	101
 526 01f1 40       		.byte	64
 527 01f2 66       		.byte	102
 528 01f3 C0       		.byte	-64
 529 01f4 68       		.byte	104
 530 01f5 C0       		.byte	-64
 531 01f6 6A       		.byte	106
 532 01f7 C0       		.byte	-64
 533 01f8 6C       		.byte	108
 534 01f9 C0       		.byte	-64
 535 01fa 6E       		.byte	110
 536 01fb C0       		.byte	-64
 537 01fc 86       		.byte	-122
 538 01fd 02       		.byte	2
 539 01fe 92       		.byte	-110
 540 01ff 01       		.byte	1
 541 0200 A6       		.byte	-90
 542 0201 02       		.byte	2
 543 0202 B0       		.byte	-80
 544 0203 02       		.byte	2
 545 0204 B4       		.byte	-76
 546 0205 01       		.byte	1
 547 0206 C0       		.byte	-64
 548 0207 20       		.byte	32
 549 0208 C1       		.byte	-63
 550 0209 06       		.byte	6
 551 020a C5       		.byte	-59
 552 020b 01       		.byte	1
 553 020c C7       		.byte	-57
 554 020d 02       		.byte	2
 555 020e C8       		.byte	-56
 556 020f 11       		.byte	17
 557 0210 C9       		.byte	-55
 558 0211 FF       		.byte	-1
 559 0212 CA       		.byte	-54
 560 0213 FF       		.byte	-1
 561 0214 CB       		.byte	-53
 562 0215 FF       		.byte	-1
 563 0216 CD       		.byte	-51
 564 0217 AF       		.byte	-81
 565 0218 CE       		.byte	-50
 566 0219 0F       		.byte	15
 567 021a CF       		.byte	-49
 568 021b 04       		.byte	4
 569 021c D0       		.byte	-48
 570 021d 18       		.byte	24
ARM GAS  C:\Users\GEORGE~1\AppData\Local\Temp\ccUfVuCS.s 			page 11


 571 021e D2       		.byte	-46
 572 021f 80       		.byte	-128
 573 0220 D8       		.byte	-40
 574 0221 04       		.byte	4
 575 0222 DA       		.byte	-38
 576 0223 04       		.byte	4
 577 0224 DB       		.byte	-37
 578 0225 04       		.byte	4
 579 0226 DF       		.byte	-33
 580 0227 01       		.byte	1
 581 0228 E0       		.byte	-32
 582 0229 40       		.byte	64
 583 022a E2       		.byte	-30
 584 022b C0       		.byte	-64
 585 022c E4       		.byte	-28
 586 022d 40       		.byte	64
 587 022e E5       		.byte	-27
 588 022f 40       		.byte	64
 589 0230 E6       		.byte	-26
 590 0231 C0       		.byte	-64
 591 0232 E8       		.byte	-24
 592 0233 C0       		.byte	-64
 593 0234 EA       		.byte	-22
 594 0235 C0       		.byte	-64
 595 0236 EC       		.byte	-20
 596 0237 C0       		.byte	-64
 597 0238 EE       		.byte	-18
 598 0239 C0       		.byte	-64
 599 023a 00       		.byte	0
 600 023b 04       		.byte	4
 601 023c 09       		.byte	9
 602 023d 02       		.byte	2
 603 023e 10       		.byte	16
 604 023f 20       		.byte	32
 605 0240 18       		.byte	24
 606 0241 04       		.byte	4
 607 0242 1B       		.byte	27
 608 0243 11       		.byte	17
 609 0244 40       		.byte	64
 610 0245 04       		.byte	4
 611 0246 46       		.byte	70
 612 0247 04       		.byte	4
 613 0248 48       		.byte	72
 614 0249 28       		.byte	40
 615 024a 4F       		.byte	79
 616 024b 20       		.byte	32
 617 024c 50       		.byte	80
 618 024d 08       		.byte	8
 619 024e 52       		.byte	82
 620 024f 04       		.byte	4
 621 0250 71       		.byte	113
 622 0251 02       		.byte	2
 623 0252 C0       		.byte	-64
 624 0253 04       		.byte	4
 625 0254 C2       		.byte	-62
 626 0255 08       		.byte	8
 627 0256 C4       		.byte	-60
ARM GAS  C:\Users\GEORGE~1\AppData\Local\Temp\ccUfVuCS.s 			page 12


 628 0257 04       		.byte	4
 629 0258 D0       		.byte	-48
 630 0259 24       		.byte	36
 631 025a D2       		.byte	-46
 632 025b 24       		.byte	36
 633 025c AF       		.byte	-81
 634 025d 01       		.byte	1
 635 025e EC       		.byte	-20
 636 025f 08       		.byte	8
 637 0260 30       		.byte	48
 638 0261 40       		.byte	64
 639 0262 37       		.byte	55
 640 0263 40       		.byte	64
 641 0264 CC       		.byte	-52
 642 0265 30       		.byte	48
 643 0266 57       		.byte	87
 644 0267 08       		.byte	8
 645 0268 9C       		.byte	-100
 646 0269 40       		.byte	64
 647 026a 9F       		.byte	-97
 648 026b 40       		.byte	64
 649 026c D4       		.byte	-44
 650 026d 40       		.byte	64
 651 026e 9C       		.byte	-100
 652 026f 40       		.byte	64
 653 0270 9F       		.byte	-97
 654 0271 40       		.byte	64
 655 0272 A7       		.byte	-89
 656 0273 08       		.byte	8
 657 0274 9C       		.byte	-100
 658 0275 40       		.byte	64
 659 0276 9F       		.byte	-97
 660 0277 40       		.byte	64
 661 0278 A7       		.byte	-89
 662 0279 08       		.byte	8
 663 027a 59       		.byte	89
 664 027b 40       		.byte	64
 665 027c D4       		.byte	-44
 666 027d 01       		.byte	1
 667 027e 9D       		.byte	-99
 668 027f 40       		.byte	64
 669 0280 9D       		.byte	-99
 670 0281 40       		.byte	64
 671 0282 9C       		.byte	-100
 672 0283 40       		.byte	64
 673 0284 9F       		.byte	-97
 674 0285 40       		.byte	64
 675 0286 A7       		.byte	-89
 676 0287 08       		.byte	8
 677 0288 5B       		.byte	91
 678 0289 40       		.byte	64
 679 028a 87       		.byte	-121
 680 028b 08       		.byte	8
 681 028c 9B       		.byte	-101
 682 028d 40       		.byte	64
 683 028e A7       		.byte	-89
 684 028f 08       		.byte	8
ARM GAS  C:\Users\GEORGE~1\AppData\Local\Temp\ccUfVuCS.s 			page 13


 685 0290 AB       		.byte	-85
 686 0291 40       		.byte	64
 687 0292 AC       		.byte	-84
 688 0293 40       		.byte	64
 689 0294 D4       		.byte	-44
 690 0295 80       		.byte	-128
 691 0296 E6       		.byte	-26
 692 0297 40       		.byte	64
 693 0298 EE       		.byte	-18
 694 0299 90       		.byte	-112
 695 029a 9D       		.byte	-99
 696 029b 40       		.byte	64
 697 029c AD       		.byte	-83
 698 029d 40       		.byte	64
 699 029e 10       		.byte	16
 700 029f 01       		.byte	1
 701 02a0 11       		.byte	17
 702 02a1 01       		.byte	1
 703 02a2 1B       		.byte	27
 704 02a3 01       		.byte	1
 705 02a4 1C       		.byte	28
 706 02a5 01       		.byte	1
 707 02a6 00       		.byte	0
 708 02a7 0F       		.byte	15
 709 02a8 00       		.byte	0
 710 02a9 02       		.byte	2
 711 02aa 02       		.byte	2
 712 02ab 00       		.byte	0
 713 02ac 02       		.byte	2
 714 02ad 00       		.byte	0
 715 02ae 00       		.byte	0
 716 02af 00       		.byte	0
 717 02b0 00       		.byte	0
 718 02b1 0B       		.byte	11
 719 02b2 0B       		.byte	11
 720 02b3 00       		.byte	0
 721 02b4 00       		.byte	0
 722 02b5 00       		.byte	0
 723 02b6 00       		.byte	0
 724 02b7 00       		.byte	0
 725 02b8 00       		.byte	0
 726 02b9 02       		.byte	2
 727 02ba 02       		.byte	2
 728 02bb 00       		.byte	0
 729 02bc 02       		.byte	2
 730 02bd 00       		.byte	0
 731 02be 00       		.byte	0
 732 02bf 00       		.byte	0
 733 02c0 00       		.byte	0
 734 02c1 01       		.byte	1
 735 02c2 01       		.byte	1
 736 02c3 00       		.byte	0
 737 02c4 01       		.byte	1
 738 02c5 00       		.byte	0
 739 02c6 00       		.byte	0
 740 02c7 00       		.byte	0
 741              		.section	.cywolatch,"a",%progbits
ARM GAS  C:\Users\GEORGE~1\AppData\Local\Temp\ccUfVuCS.s 			page 14


 742              		.align	2
 743              		.type	cy_meta_wonvl, %object
 744              		.size	cy_meta_wonvl, 4
 745              	cy_meta_wonvl:
 746 0000 BC       		.byte	-68
 747 0001 90       		.byte	-112
 748 0002 AC       		.byte	-84
 749 0003 AF       		.byte	-81
 750              		.section	.cycustnvl,"a",%progbits
 751              		.align	2
 752              		.type	cy_meta_custnvl, %object
 753              		.size	cy_meta_custnvl, 4
 754              	cy_meta_custnvl:
 755 0000 00       		.byte	0
 756 0001 00       		.byte	0
 757 0002 40       		.byte	64
 758 0003 05       		.byte	5
 759              		.section	.cymeta,"a",%progbits
 760              		.align	2
 761              		.type	cy_metadata, %object
 762              		.size	cy_metadata, 12
 763              	cy_metadata:
 764 0000 00       		.byte	0
 765 0001 01       		.byte	1
 766 0002 2E       		.byte	46
 767 0003 16       		.byte	22
 768 0004 10       		.byte	16
 769 0005 69       		.byte	105
 770 0006 00       		.byte	0
 771 0007 01       		.byte	1
 772 0008 00       		.byte	0
 773 0009 00       		.byte	0
 774 000a 00       		.byte	0
 775 000b 00       		.byte	0
 776              		.section	.cyflashprotect,"a",%progbits
 777              		.align	2
 778              		.type	cy_meta_flashprotect, %object
 779              		.size	cy_meta_flashprotect, 256
 780              	cy_meta_flashprotect:
 781 0000 00000000 		.space	256
 781      00000000 
 781      00000000 
 781      00000000 
 781      00000000 
 782              		.text
 783              	.Letext0:
 784              		.file 1 "c:\\program files (x86)\\cypress\\psoc creator\\4.2\\psoc creator\\import\\gnu\\arm\\5.4.
 785              		.file 2 "c:\\program files (x86)\\cypress\\psoc creator\\4.2\\psoc creator\\import\\gnu\\arm\\5.4.
 786              		.file 3 "Generated_Source\\PSoC5\\cymetadata.c"
 787              		.section	.debug_info,"",%progbits
 788              	.Ldebug_info0:
 789 0000 31010000 		.4byte	0x131
 790 0004 0400     		.2byte	0x4
 791 0006 00000000 		.4byte	.Ldebug_abbrev0
 792 000a 04       		.byte	0x4
 793 000b 01       		.uleb128 0x1
 794 000c 83000000 		.4byte	.LASF17
ARM GAS  C:\Users\GEORGE~1\AppData\Local\Temp\ccUfVuCS.s 			page 15


 795 0010 0C       		.byte	0xc
 796 0011 DD010000 		.4byte	.LASF18
 797 0015 0A000000 		.4byte	.LASF19
 798 0019 00000000 		.4byte	.Ldebug_line0
 799 001d 02       		.uleb128 0x2
 800 001e 01       		.byte	0x1
 801 001f 06       		.byte	0x6
 802 0020 D1010000 		.4byte	.LASF0
 803 0024 03       		.uleb128 0x3
 804 0025 00000000 		.4byte	.LASF9
 805 0029 01       		.byte	0x1
 806 002a 1D       		.byte	0x1d
 807 002b 2F000000 		.4byte	0x2f
 808 002f 02       		.uleb128 0x2
 809 0030 01       		.byte	0x1
 810 0031 08       		.byte	0x8
 811 0032 75000000 		.4byte	.LASF1
 812 0036 02       		.uleb128 0x2
 813 0037 02       		.byte	0x2
 814 0038 05       		.byte	0x5
 815 0039 BE010000 		.4byte	.LASF2
 816 003d 02       		.uleb128 0x2
 817 003e 02       		.byte	0x2
 818 003f 07       		.byte	0x7
 819 0040 23010000 		.4byte	.LASF3
 820 0044 02       		.uleb128 0x2
 821 0045 04       		.byte	0x4
 822 0046 05       		.byte	0x5
 823 0047 C8010000 		.4byte	.LASF4
 824 004b 02       		.uleb128 0x2
 825 004c 04       		.byte	0x4
 826 004d 07       		.byte	0x7
 827 004e 11010000 		.4byte	.LASF5
 828 0052 02       		.uleb128 0x2
 829 0053 08       		.byte	0x8
 830 0054 05       		.byte	0x5
 831 0055 B0010000 		.4byte	.LASF6
 832 0059 02       		.uleb128 0x2
 833 005a 08       		.byte	0x8
 834 005b 07       		.byte	0x7
 835 005c 65010000 		.4byte	.LASF7
 836 0060 04       		.uleb128 0x4
 837 0061 04       		.byte	0x4
 838 0062 05       		.byte	0x5
 839 0063 696E7400 		.ascii	"int\000"
 840 0067 02       		.uleb128 0x2
 841 0068 04       		.byte	0x4
 842 0069 07       		.byte	0x7
 843 006a 58010000 		.4byte	.LASF8
 844 006e 03       		.uleb128 0x3
 845 006f 7C010000 		.4byte	.LASF10
 846 0073 02       		.byte	0x2
 847 0074 18       		.byte	0x18
 848 0075 24000000 		.4byte	0x24
 849 0079 05       		.uleb128 0x5
 850 007a 91000000 		.4byte	0x91
 851 007e 8A000000 		.4byte	0x8a
ARM GAS  C:\Users\GEORGE~1\AppData\Local\Temp\ccUfVuCS.s 			page 16


 852 0082 06       		.uleb128 0x6
 853 0083 8A000000 		.4byte	0x8a
 854 0087 C702     		.2byte	0x2c7
 855 0089 00       		.byte	0
 856 008a 02       		.uleb128 0x2
 857 008b 04       		.byte	0x4
 858 008c 07       		.byte	0x7
 859 008d A7010000 		.4byte	.LASF11
 860 0091 07       		.uleb128 0x7
 861 0092 6E000000 		.4byte	0x6e
 862 0096 08       		.uleb128 0x8
 863 0097 46010000 		.4byte	.LASF12
 864 009b 03       		.byte	0x3
 865 009c 1F       		.byte	0x1f
 866 009d A7000000 		.4byte	0xa7
 867 00a1 05       		.uleb128 0x5
 868 00a2 03       		.byte	0x3
 869 00a3 00000000 		.4byte	cy_meta_configecc
 870 00a7 07       		.uleb128 0x7
 871 00a8 79000000 		.4byte	0x79
 872 00ac 05       		.uleb128 0x5
 873 00ad 91000000 		.4byte	0x91
 874 00b1 BC000000 		.4byte	0xbc
 875 00b5 09       		.uleb128 0x9
 876 00b6 8A000000 		.4byte	0x8a
 877 00ba 03       		.byte	0x3
 878 00bb 00       		.byte	0
 879 00bc 08       		.uleb128 0x8
 880 00bd 36010000 		.4byte	.LASF13
 881 00c1 03       		.byte	0x3
 882 00c2 85       		.byte	0x85
 883 00c3 CD000000 		.4byte	0xcd
 884 00c7 05       		.uleb128 0x5
 885 00c8 03       		.byte	0x3
 886 00c9 00000000 		.4byte	cy_meta_custnvl
 887 00cd 07       		.uleb128 0x7
 888 00ce AC000000 		.4byte	0xac
 889 00d2 08       		.uleb128 0x8
 890 00d3 99010000 		.4byte	.LASF14
 891 00d7 03       		.byte	0x3
 892 00d8 93       		.byte	0x93
 893 00d9 E3000000 		.4byte	0xe3
 894 00dd 05       		.uleb128 0x5
 895 00de 03       		.byte	0x3
 896 00df 00000000 		.4byte	cy_meta_wonvl
 897 00e3 07       		.uleb128 0x7
 898 00e4 AC000000 		.4byte	0xac
 899 00e8 05       		.uleb128 0x5
 900 00e9 91000000 		.4byte	0x91
 901 00ed F8000000 		.4byte	0xf8
 902 00f1 09       		.uleb128 0x9
 903 00f2 8A000000 		.4byte	0x8a
 904 00f6 FF       		.byte	0xff
 905 00f7 00       		.byte	0
 906 00f8 08       		.uleb128 0x8
 907 00f9 84010000 		.4byte	.LASF15
 908 00fd 03       		.byte	0x3
ARM GAS  C:\Users\GEORGE~1\AppData\Local\Temp\ccUfVuCS.s 			page 17


 909 00fe A1       		.byte	0xa1
 910 00ff 09010000 		.4byte	0x109
 911 0103 05       		.uleb128 0x5
 912 0104 03       		.byte	0x3
 913 0105 00000000 		.4byte	cy_meta_flashprotect
 914 0109 07       		.uleb128 0x7
 915 010a E8000000 		.4byte	0xe8
 916 010e 05       		.uleb128 0x5
 917 010f 91000000 		.4byte	0x91
 918 0113 1E010000 		.4byte	0x11e
 919 0117 09       		.uleb128 0x9
 920 0118 8A000000 		.4byte	0x8a
 921 011c 0B       		.byte	0xb
 922 011d 00       		.byte	0
 923 011e 08       		.uleb128 0x8
 924 011f 69000000 		.4byte	.LASF16
 925 0123 03       		.byte	0x3
 926 0124 CE       		.byte	0xce
 927 0125 2F010000 		.4byte	0x12f
 928 0129 05       		.uleb128 0x5
 929 012a 03       		.byte	0x3
 930 012b 00000000 		.4byte	cy_metadata
 931 012f 07       		.uleb128 0x7
 932 0130 0E010000 		.4byte	0x10e
 933 0134 00       		.byte	0
 934              		.section	.debug_abbrev,"",%progbits
 935              	.Ldebug_abbrev0:
 936 0000 01       		.uleb128 0x1
 937 0001 11       		.uleb128 0x11
 938 0002 01       		.byte	0x1
 939 0003 25       		.uleb128 0x25
 940 0004 0E       		.uleb128 0xe
 941 0005 13       		.uleb128 0x13
 942 0006 0B       		.uleb128 0xb
 943 0007 03       		.uleb128 0x3
 944 0008 0E       		.uleb128 0xe
 945 0009 1B       		.uleb128 0x1b
 946 000a 0E       		.uleb128 0xe
 947 000b 10       		.uleb128 0x10
 948 000c 17       		.uleb128 0x17
 949 000d 00       		.byte	0
 950 000e 00       		.byte	0
 951 000f 02       		.uleb128 0x2
 952 0010 24       		.uleb128 0x24
 953 0011 00       		.byte	0
 954 0012 0B       		.uleb128 0xb
 955 0013 0B       		.uleb128 0xb
 956 0014 3E       		.uleb128 0x3e
 957 0015 0B       		.uleb128 0xb
 958 0016 03       		.uleb128 0x3
 959 0017 0E       		.uleb128 0xe
 960 0018 00       		.byte	0
 961 0019 00       		.byte	0
 962 001a 03       		.uleb128 0x3
 963 001b 16       		.uleb128 0x16
 964 001c 00       		.byte	0
 965 001d 03       		.uleb128 0x3
ARM GAS  C:\Users\GEORGE~1\AppData\Local\Temp\ccUfVuCS.s 			page 18


 966 001e 0E       		.uleb128 0xe
 967 001f 3A       		.uleb128 0x3a
 968 0020 0B       		.uleb128 0xb
 969 0021 3B       		.uleb128 0x3b
 970 0022 0B       		.uleb128 0xb
 971 0023 49       		.uleb128 0x49
 972 0024 13       		.uleb128 0x13
 973 0025 00       		.byte	0
 974 0026 00       		.byte	0
 975 0027 04       		.uleb128 0x4
 976 0028 24       		.uleb128 0x24
 977 0029 00       		.byte	0
 978 002a 0B       		.uleb128 0xb
 979 002b 0B       		.uleb128 0xb
 980 002c 3E       		.uleb128 0x3e
 981 002d 0B       		.uleb128 0xb
 982 002e 03       		.uleb128 0x3
 983 002f 08       		.uleb128 0x8
 984 0030 00       		.byte	0
 985 0031 00       		.byte	0
 986 0032 05       		.uleb128 0x5
 987 0033 01       		.uleb128 0x1
 988 0034 01       		.byte	0x1
 989 0035 49       		.uleb128 0x49
 990 0036 13       		.uleb128 0x13
 991 0037 01       		.uleb128 0x1
 992 0038 13       		.uleb128 0x13
 993 0039 00       		.byte	0
 994 003a 00       		.byte	0
 995 003b 06       		.uleb128 0x6
 996 003c 21       		.uleb128 0x21
 997 003d 00       		.byte	0
 998 003e 49       		.uleb128 0x49
 999 003f 13       		.uleb128 0x13
 1000 0040 2F       		.uleb128 0x2f
 1001 0041 05       		.uleb128 0x5
 1002 0042 00       		.byte	0
 1003 0043 00       		.byte	0
 1004 0044 07       		.uleb128 0x7
 1005 0045 26       		.uleb128 0x26
 1006 0046 00       		.byte	0
 1007 0047 49       		.uleb128 0x49
 1008 0048 13       		.uleb128 0x13
 1009 0049 00       		.byte	0
 1010 004a 00       		.byte	0
 1011 004b 08       		.uleb128 0x8
 1012 004c 34       		.uleb128 0x34
 1013 004d 00       		.byte	0
 1014 004e 03       		.uleb128 0x3
 1015 004f 0E       		.uleb128 0xe
 1016 0050 3A       		.uleb128 0x3a
 1017 0051 0B       		.uleb128 0xb
 1018 0052 3B       		.uleb128 0x3b
 1019 0053 0B       		.uleb128 0xb
 1020 0054 49       		.uleb128 0x49
 1021 0055 13       		.uleb128 0x13
 1022 0056 3F       		.uleb128 0x3f
ARM GAS  C:\Users\GEORGE~1\AppData\Local\Temp\ccUfVuCS.s 			page 19


 1023 0057 19       		.uleb128 0x19
 1024 0058 02       		.uleb128 0x2
 1025 0059 18       		.uleb128 0x18
 1026 005a 00       		.byte	0
 1027 005b 00       		.byte	0
 1028 005c 09       		.uleb128 0x9
 1029 005d 21       		.uleb128 0x21
 1030 005e 00       		.byte	0
 1031 005f 49       		.uleb128 0x49
 1032 0060 13       		.uleb128 0x13
 1033 0061 2F       		.uleb128 0x2f
 1034 0062 0B       		.uleb128 0xb
 1035 0063 00       		.byte	0
 1036 0064 00       		.byte	0
 1037 0065 00       		.byte	0
 1038              		.section	.debug_aranges,"",%progbits
 1039 0000 14000000 		.4byte	0x14
 1040 0004 0200     		.2byte	0x2
 1041 0006 00000000 		.4byte	.Ldebug_info0
 1042 000a 04       		.byte	0x4
 1043 000b 00       		.byte	0
 1044 000c 0000     		.2byte	0
 1045 000e 0000     		.2byte	0
 1046 0010 00000000 		.4byte	0
 1047 0014 00000000 		.4byte	0
 1048              		.section	.debug_line,"",%progbits
 1049              	.Ldebug_line0:
 1050 0000 3D010000 		.section	.debug_str,"MS",%progbits,1
 1050      02003701 
 1050      00000201 
 1050      FB0E0D00 
 1050      01010101 
 1051              	.LASF9:
 1052 0000 5F5F7569 		.ascii	"__uint8_t\000"
 1052      6E74385F 
 1052      7400
 1053              	.LASF19:
 1054 000a 433A5C55 		.ascii	"C:\\Users\\George Anwar\\Documents\\UC Berkeley\\ME"
 1054      73657273 
 1054      5C47656F 
 1054      72676520 
 1054      416E7761 
 1055 0038 31333520 		.ascii	"135 Spring 2020\\PSOC Creator\\ME135_235\\PWM.cydsn"
 1055      53707269 
 1055      6E672032 
 1055      3032305C 
 1055      50534F43 
 1056 0068 00       		.ascii	"\000"
 1057              	.LASF16:
 1058 0069 63795F6D 		.ascii	"cy_metadata\000"
 1058      65746164 
 1058      61746100 
 1059              	.LASF1:
 1060 0075 756E7369 		.ascii	"unsigned char\000"
 1060      676E6564 
 1060      20636861 
 1060      7200
ARM GAS  C:\Users\GEORGE~1\AppData\Local\Temp\ccUfVuCS.s 			page 20


 1061              	.LASF17:
 1062 0083 474E5520 		.ascii	"GNU C11 5.4.1 20160609 (release) [ARM/embedded-5-br"
 1062      43313120 
 1062      352E342E 
 1062      31203230 
 1062      31363036 
 1063 00b6 616E6368 		.ascii	"anch revision 237715] -mcpu=cortex-m3 -mthumb -g -O"
 1063      20726576 
 1063      6973696F 
 1063      6E203233 
 1063      37373135 
 1064 00e9 67202D66 		.ascii	"g -ffunction-sections -ffat-lto-objects\000"
 1064      66756E63 
 1064      74696F6E 
 1064      2D736563 
 1064      74696F6E 
 1065              	.LASF5:
 1066 0111 6C6F6E67 		.ascii	"long unsigned int\000"
 1066      20756E73 
 1066      69676E65 
 1066      6420696E 
 1066      7400
 1067              	.LASF3:
 1068 0123 73686F72 		.ascii	"short unsigned int\000"
 1068      7420756E 
 1068      7369676E 
 1068      65642069 
 1068      6E7400
 1069              	.LASF13:
 1070 0136 63795F6D 		.ascii	"cy_meta_custnvl\000"
 1070      6574615F 
 1070      63757374 
 1070      6E766C00 
 1071              	.LASF12:
 1072 0146 63795F6D 		.ascii	"cy_meta_configecc\000"
 1072      6574615F 
 1072      636F6E66 
 1072      69676563 
 1072      6300
 1073              	.LASF8:
 1074 0158 756E7369 		.ascii	"unsigned int\000"
 1074      676E6564 
 1074      20696E74 
 1074      00
 1075              	.LASF7:
 1076 0165 6C6F6E67 		.ascii	"long long unsigned int\000"
 1076      206C6F6E 
 1076      6720756E 
 1076      7369676E 
 1076      65642069 
 1077              	.LASF10:
 1078 017c 75696E74 		.ascii	"uint8_t\000"
 1078      385F7400 
 1079              	.LASF15:
 1080 0184 63795F6D 		.ascii	"cy_meta_flashprotect\000"
 1080      6574615F 
 1080      666C6173 
ARM GAS  C:\Users\GEORGE~1\AppData\Local\Temp\ccUfVuCS.s 			page 21


 1080      6870726F 
 1080      74656374 
 1081              	.LASF14:
 1082 0199 63795F6D 		.ascii	"cy_meta_wonvl\000"
 1082      6574615F 
 1082      776F6E76 
 1082      6C00
 1083              	.LASF11:
 1084 01a7 73697A65 		.ascii	"sizetype\000"
 1084      74797065 
 1084      00
 1085              	.LASF6:
 1086 01b0 6C6F6E67 		.ascii	"long long int\000"
 1086      206C6F6E 
 1086      6720696E 
 1086      7400
 1087              	.LASF2:
 1088 01be 73686F72 		.ascii	"short int\000"
 1088      7420696E 
 1088      7400
 1089              	.LASF4:
 1090 01c8 6C6F6E67 		.ascii	"long int\000"
 1090      20696E74 
 1090      00
 1091              	.LASF0:
 1092 01d1 7369676E 		.ascii	"signed char\000"
 1092      65642063 
 1092      68617200 
 1093              	.LASF18:
 1094 01dd 47656E65 		.ascii	"Generated_Source\\PSoC5\\cymetadata.c\000"
 1094      72617465 
 1094      645F536F 
 1094      75726365 
 1094      5C50536F 
 1095              		.ident	"GCC: (GNU Tools for ARM Embedded Processors) 5.4.1 20160609 (release) [ARM/embedded-5-bran
