Loading plugins phase: Elapsed time ==> 0s.280ms
<CYPRESSTAG name="CyDsfit arguments...">
cydsfit arguments: -.fdsnotice -.fdswarpdepfile=warp_dependencies.txt -.fdselabdepfile=elab_dependencies.txt -.fdsbldfile=generated_files.txt -.fdsreffile=referenced_files.txt -p C:\Users\George Anwar\Documents\UC Berkeley\ME135 Spring 2020\PSOC Creator\ME135_235\PIXY2.cydsn\PIXY2.cyprj -d CY8C5888LTI-LP097 -s C:\Users\George Anwar\Documents\UC Berkeley\ME135 Spring 2020\PSOC Creator\ME135_235\PIXY2.cydsn\Generated_Source\PSoC5 -- -yv2 -q10 -ygs -o2 -v3 -.fftcfgtype=LE
</CYPRESSTAG>
<CYPRESSTAG name="Design elaboration results...">
</CYPRESSTAG>
Elaboration phase: Elapsed time ==> 2s.468ms
<CYPRESSTAG name="HDL generation results...">
</CYPRESSTAG>
HDL generation phase: Elapsed time ==> 0s.130ms
<CYPRESSTAG name="Synthesis results...">

     | | | | | | |
   _________________
  -|               |-
  -|               |-
  -|               |-
  -|    CYPRESS    |-
  -|               |-
  -|               |-   Warp Verilog Synthesis Compiler: Version 6.3 IR 41
  -|               |-   Copyright (C) 1991-2001 Cypress Semiconductor
   |_______________|
     | | | | | | |

======================================================================
Compiling:  PIXY2.v
Program  :   C:\Program Files (x86)\Cypress\PSoC Creator\4.2\PSoC Creator\warp\bin\warp.exe
Options  :    -yv2 -q10 -ygs -o2 -v3 -.fftcfgtype=LE -ya -.fftprj=C:\Users\George Anwar\Documents\UC Berkeley\ME135 Spring 2020\PSOC Creator\ME135_235\PIXY2.cydsn\PIXY2.cyprj -dcpsoc3 PIXY2.v -verilog
======================================================================

======================================================================
Compiling:  PIXY2.v
Program  :   C:\Program Files (x86)\Cypress\PSoC Creator\4.2\PSoC Creator\warp\bin\warp.exe
Options  :    -yv2 -q10 -ygs -o2 -v3 -.fftcfgtype=LE -ya -.fftprj=C:\Users\George Anwar\Documents\UC Berkeley\ME135 Spring 2020\PSOC Creator\ME135_235\PIXY2.cydsn\PIXY2.cyprj -dcpsoc3 PIXY2.v -verilog
======================================================================

======================================================================
Compiling:  PIXY2.v
Program  :   vlogfe
Options  :    -yv2 -q10 -ygs -o2 -v3 -.fftcfgtype=LE -ya -.fftprj=C:\Users\George Anwar\Documents\UC Berkeley\ME135 Spring 2020\PSOC Creator\ME135_235\PIXY2.cydsn\PIXY2.cyprj -dcpsoc3 -verilog PIXY2.v
======================================================================

vlogfe V6.3 IR 41:  Verilog parser
Wed Apr 29 23:24:35 2020


======================================================================
Compiling:  PIXY2.v
Program  :   vpp
Options  :    -yv2 -q10 PIXY2.v
======================================================================

vpp V6.3 IR 41:  Verilog Pre-Processor
Wed Apr 29 23:24:35 2020

Flattening file 'C:\Program Files (x86)\Cypress\PSoC Creator\4.2\PSoC Creator\psoc\content\CyPrimitives\cyprimitives.cylib\cy_constant_v1_0\cy_constant_v1_0.v'
Flattening file 'C:\Program Files (x86)\Cypress\PSoC Creator\4.2\PSoC Creator\psoc\content\CyPrimitives\cyprimitives.cylib\cy_virtualmux_v1_0\cy_virtualmux_v1_0.v'
Flattening file 'C:\Program Files (x86)\Cypress\PSoC Creator\4.2\PSoC Creator\psoc\content\CyComponentLibrary\CyComponentLibrary.cylib\B_SPI_Master_v2_50\B_SPI_Master_v2_50.v'
Flattening file 'C:\Program Files (x86)\Cypress\PSoC Creator\4.2\PSoC Creator\warp\lib\common\cypress.v'
Flattening file 'C:\Program Files (x86)\Cypress\PSoC Creator\4.2\PSoC Creator\warp\lib\common\cy_psoc3_inc.v'
Flattening file 'C:\Program Files (x86)\Cypress\PSoC Creator\4.2\PSoC Creator\psoc\content\CyPrimitives\cyprimitives.cylib\ZeroTerminal\ZeroTerminal.v'

vpp:  No errors.

Library 'work' => directory 'lcpsoc3'
General_symbol_table
General_symbol_table
Linking 'C:\Program Files (x86)\Cypress\PSoC Creator\4.2\PSoC Creator\warp\lib\common\std.vhd'.
Linking 'C:\Program Files (x86)\Cypress\PSoC Creator\4.2\PSoC Creator\warp\lib\common\cypress.vhd'.
Linking 'C:\Program Files (x86)\Cypress\PSoC Creator\4.2\PSoC Creator\warp\lib\common\work\cypress.vif'.
Linking 'C:\Program Files (x86)\Cypress\PSoC Creator\4.2\PSoC Creator\warp\lib\ieee\work\stdlogic.vif'.
Linking 'C:\Program Files (x86)\Cypress\PSoC Creator\4.2\PSoC Creator\warp\lib\common\stdlogic\lpmpkg.vif'.
Linking 'C:\Program Files (x86)\Cypress\PSoC Creator\4.2\PSoC Creator\warp\lib\common\stdlogic\rtlpkg.vif'.
Linking 'C:\Program Files (x86)\Cypress\PSoC Creator\4.2\PSoC Creator\warp\lib\common\stdlogic\mod_cnst.vif'.
Linking 'C:\Program Files (x86)\Cypress\PSoC Creator\4.2\PSoC Creator\warp\lib\common\stdlogic\mod_mthv.vif'.
Linking 'C:\Program Files (x86)\Cypress\PSoC Creator\4.2\PSoC Creator\warp\lib\common\stdlogic\mod_genv.vif'.
Using control file 'PIXY2.ctl'.
Linking 'C:\Program Files (x86)\Cypress\PSoC Creator\4.2\PSoC Creator\warp\lib\common\stdlogic\cy_psoc3pkg.vif'.
Linking 'C:\Program Files (x86)\Cypress\PSoC Creator\4.2\PSoC Creator\warp\lib\common\stdlogic\cy_psoc3.vif'.

vlogfe:  No errors.


======================================================================
Compiling:  PIXY2.v
Program  :   tovif
Options  :    -yv2 -q10 -ygs -o2 -v3 -.fftcfgtype=LE -ya -.fftprj=C:\Users\George Anwar\Documents\UC Berkeley\ME135 Spring 2020\PSOC Creator\ME135_235\PIXY2.cydsn\PIXY2.cyprj -dcpsoc3 -verilog PIXY2.v
======================================================================

tovif V6.3 IR 41:  High-level synthesis
Wed Apr 29 23:24:35 2020

Linking 'C:\Program Files (x86)\Cypress\PSoC Creator\4.2\PSoC Creator\warp\lib\common\std.vhd'.
Linking 'C:\Program Files (x86)\Cypress\PSoC Creator\4.2\PSoC Creator\warp\lib\common\cypress.vhd'.
Linking 'C:\Program Files (x86)\Cypress\PSoC Creator\4.2\PSoC Creator\warp\lib\common\work\cypress.vif'.
Linking 'C:\Program Files (x86)\Cypress\PSoC Creator\4.2\PSoC Creator\warp\lib\ieee\work\stdlogic.vif'.
Linking 'C:\Program Files (x86)\Cypress\PSoC Creator\4.2\PSoC Creator\warp\lib\common\stdlogic\lpmpkg.vif'.
Linking 'C:\Program Files (x86)\Cypress\PSoC Creator\4.2\PSoC Creator\warp\lib\common\stdlogic\rtlpkg.vif'.
Linking 'C:\Program Files (x86)\Cypress\PSoC Creator\4.2\PSoC Creator\warp\lib\common\stdlogic\mod_cnst.vif'.
Linking 'C:\Program Files (x86)\Cypress\PSoC Creator\4.2\PSoC Creator\warp\lib\common\stdlogic\mod_mthv.vif'.
Linking 'C:\Program Files (x86)\Cypress\PSoC Creator\4.2\PSoC Creator\warp\lib\common\stdlogic\mod_genv.vif'.
Linking 'C:\Users\George Anwar\Documents\UC Berkeley\ME135 Spring 2020\PSOC Creator\ME135_235\PIXY2.cydsn\codegentemp\PIXY2.ctl'.
Linking 'C:\Program Files (x86)\Cypress\PSoC Creator\4.2\PSoC Creator\psoc\content\CyPrimitives\cyprimitives.cylib\cy_constant_v1_0\cy_constant_v1_0.v'.
Linking 'C:\Users\George Anwar\Documents\UC Berkeley\ME135 Spring 2020\PSOC Creator\ME135_235\PIXY2.cydsn\codegentemp\PIXY2.v'.
Linking 'C:\Program Files (x86)\Cypress\PSoC Creator\4.2\PSoC Creator\psoc\content\CyPrimitives\cyprimitives.cylib\cy_virtualmux_v1_0\cy_virtualmux_v1_0.v'.
Linking 'C:\Program Files (x86)\Cypress\PSoC Creator\4.2\PSoC Creator\psoc\content\CyComponentLibrary\CyComponentLibrary.cylib\B_SPI_Master_v2_50\B_SPI_Master_v2_50.v'.
Linking 'C:\Program Files (x86)\Cypress\PSoC Creator\4.2\PSoC Creator\warp\lib\common\cypress.v'.
Linking 'C:\Program Files (x86)\Cypress\PSoC Creator\4.2\PSoC Creator\warp\lib\common\cy_psoc3_inc.v'.
Linking 'C:\Program Files (x86)\Cypress\PSoC Creator\4.2\PSoC Creator\psoc\content\CyPrimitives\cyprimitives.cylib\ZeroTerminal\ZeroTerminal.v'.
Linking 'C:\Program Files (x86)\Cypress\PSoC Creator\4.2\PSoC Creator\warp\lib\common\stdlogic\cy_psoc3pkg.vif'.
Linking 'C:\Program Files (x86)\Cypress\PSoC Creator\4.2\PSoC Creator\warp\lib\common\stdlogic\cy_psoc3.vif'.

tovif:  No errors.


======================================================================
Compiling:  PIXY2.v
Program  :   topld
Options  :    -yv2 -q10 -ygs -o2 -v3 -.fftcfgtype=LE -ya -.fftprj=C:\Users\George Anwar\Documents\UC Berkeley\ME135 Spring 2020\PSOC Creator\ME135_235\PIXY2.cydsn\PIXY2.cyprj -dcpsoc3 -verilog PIXY2.v
======================================================================

topld V6.3 IR 41:  Synthesis and optimization
Wed Apr 29 23:24:36 2020

Linking 'C:\Program Files (x86)\Cypress\PSoC Creator\4.2\PSoC Creator\warp\lib\common\std.vhd'.
Linking 'C:\Program Files (x86)\Cypress\PSoC Creator\4.2\PSoC Creator\warp\lib\common\cypress.vhd'.
Linking 'C:\Program Files (x86)\Cypress\PSoC Creator\4.2\PSoC Creator\warp\lib\common\work\cypress.vif'.
Linking 'C:\Program Files (x86)\Cypress\PSoC Creator\4.2\PSoC Creator\warp\lib\ieee\work\stdlogic.vif'.
Linking 'C:\Program Files (x86)\Cypress\PSoC Creator\4.2\PSoC Creator\warp\lib\common\stdlogic\lpmpkg.vif'.
Linking 'C:\Program Files (x86)\Cypress\PSoC Creator\4.2\PSoC Creator\warp\lib\common\stdlogic\rtlpkg.vif'.
Linking 'C:\Program Files (x86)\Cypress\PSoC Creator\4.2\PSoC Creator\warp\lib\common\stdlogic\mod_cnst.vif'.
Linking 'C:\Program Files (x86)\Cypress\PSoC Creator\4.2\PSoC Creator\warp\lib\common\stdlogic\mod_mthv.vif'.
Linking 'C:\Program Files (x86)\Cypress\PSoC Creator\4.2\PSoC Creator\warp\lib\common\stdlogic\mod_genv.vif'.
Linking 'C:\Users\George Anwar\Documents\UC Berkeley\ME135 Spring 2020\PSOC Creator\ME135_235\PIXY2.cydsn\codegentemp\PIXY2.ctl'.
Linking 'C:\Program Files (x86)\Cypress\PSoC Creator\4.2\PSoC Creator\psoc\content\CyPrimitives\cyprimitives.cylib\cy_constant_v1_0\cy_constant_v1_0.v'.
Linking 'C:\Users\George Anwar\Documents\UC Berkeley\ME135 Spring 2020\PSOC Creator\ME135_235\PIXY2.cydsn\codegentemp\PIXY2.v'.
Linking 'C:\Program Files (x86)\Cypress\PSoC Creator\4.2\PSoC Creator\psoc\content\CyPrimitives\cyprimitives.cylib\cy_virtualmux_v1_0\cy_virtualmux_v1_0.v'.
Linking 'C:\Program Files (x86)\Cypress\PSoC Creator\4.2\PSoC Creator\psoc\content\CyComponentLibrary\CyComponentLibrary.cylib\B_SPI_Master_v2_50\B_SPI_Master_v2_50.v'.
Linking 'C:\Program Files (x86)\Cypress\PSoC Creator\4.2\PSoC Creator\warp\lib\common\cypress.v'.
Linking 'C:\Program Files (x86)\Cypress\PSoC Creator\4.2\PSoC Creator\warp\lib\common\cy_psoc3_inc.v'.
Linking 'C:\Program Files (x86)\Cypress\PSoC Creator\4.2\PSoC Creator\psoc\content\CyPrimitives\cyprimitives.cylib\ZeroTerminal\ZeroTerminal.v'.
Linking 'C:\Program Files (x86)\Cypress\PSoC Creator\4.2\PSoC Creator\warp\lib\common\stdlogic\cy_psoc3pkg.vif'.
Linking 'C:\Program Files (x86)\Cypress\PSoC Creator\4.2\PSoC Creator\warp\lib\common\stdlogic\cy_psoc3.vif'.
Linking 'C:\Program Files (x86)\Cypress\PSoC Creator\4.2\PSoC Creator\warp\lib\lcpsoc3\stdlogic\cpsoc3.vif'.

----------------------------------------------------------
Detecting unused logic.
----------------------------------------------------------
    User names
	Net_6
	\SPIM_1:BSPIM:mosi_after_ld\
	\SPIM_1:BSPIM:so_send\
	\SPIM_1:BSPIM:mosi_fin\
	\SPIM_1:BSPIM:mosi_cpha_0\
	\SPIM_1:BSPIM:mosi_cpha_1\
	\SPIM_1:BSPIM:pre_mosi\
	\SPIM_1:BSPIM:dpcounter_zero\
	\SPIM_1:BSPIM:control_7\
	\SPIM_1:BSPIM:control_6\
	\SPIM_1:BSPIM:control_5\
	\SPIM_1:BSPIM:control_4\
	\SPIM_1:BSPIM:control_3\
	\SPIM_1:BSPIM:control_2\
	\SPIM_1:BSPIM:control_1\
	\SPIM_1:BSPIM:control_0\
	\SPIM_1:Net_294\


Deleted 17 User equations/components.
Deleted 0 Synthesized equations/components.

------------------------------------------------------
Alias Detection
------------------------------------------------------
Aliasing one to tmpOE__SS_net_0
Aliasing tmpOE__MISO_1_net_0 to tmpOE__SS_net_0
Aliasing \SPIM_1:BSPIM:pol_supprt\ to zero
Aliasing \SPIM_1:BSPIM:tx_status_3\ to \SPIM_1:BSPIM:load_rx_data\
Aliasing \SPIM_1:BSPIM:tx_status_6\ to zero
Aliasing \SPIM_1:BSPIM:tx_status_5\ to zero
Aliasing \SPIM_1:BSPIM:rx_status_3\ to zero
Aliasing \SPIM_1:BSPIM:rx_status_2\ to zero
Aliasing \SPIM_1:BSPIM:rx_status_1\ to zero
Aliasing \SPIM_1:BSPIM:rx_status_0\ to zero
Aliasing \SPIM_1:Net_289\ to zero
Aliasing tmpOE__SCLK_1_net_0 to tmpOE__SS_net_0
Aliasing tmpOE__MOSI_1_net_0 to tmpOE__SS_net_0
Aliasing \SPIM_1:BSPIM:so_send_reg\\D\ to zero
Aliasing \SPIM_1:BSPIM:mosi_pre_reg\\D\ to zero
Aliasing \SPIM_1:BSPIM:dpcounter_one_reg\\D\ to \SPIM_1:BSPIM:load_rx_data\
Removing Lhs of wire one[7] = tmpOE__SS_net_0[1]
Removing Lhs of wire tmpOE__MISO_1_net_0[11] = tmpOE__SS_net_0[1]
Removing Rhs of wire \SPIM_1:Net_276\[16] = \SPIM_1:Net_288\[17]
Removing Rhs of wire \SPIM_1:BSPIM:load_rx_data\[21] = \SPIM_1:BSPIM:dpcounter_one\[22]
Removing Lhs of wire \SPIM_1:BSPIM:pol_supprt\[23] = zero[6]
Removing Lhs of wire \SPIM_1:BSPIM:miso_to_dp\[24] = \SPIM_1:Net_244\[25]
Removing Lhs of wire \SPIM_1:Net_244\[25] = Net_19[12]
Removing Rhs of wire Net_23[29] = \SPIM_1:BSPIM:mosi_reg\[30]
Removing Rhs of wire \SPIM_1:BSPIM:tx_status_1\[51] = \SPIM_1:BSPIM:dpMOSI_fifo_empty\[52]
Removing Rhs of wire \SPIM_1:BSPIM:tx_status_2\[53] = \SPIM_1:BSPIM:dpMOSI_fifo_not_full\[54]
Removing Lhs of wire \SPIM_1:BSPIM:tx_status_3\[55] = \SPIM_1:BSPIM:load_rx_data\[21]
Removing Rhs of wire \SPIM_1:BSPIM:rx_status_4\[57] = \SPIM_1:BSPIM:dpMISO_fifo_full\[58]
Removing Rhs of wire \SPIM_1:BSPIM:rx_status_5\[59] = \SPIM_1:BSPIM:dpMISO_fifo_not_empty\[60]
Removing Lhs of wire \SPIM_1:BSPIM:tx_status_6\[62] = zero[6]
Removing Lhs of wire \SPIM_1:BSPIM:tx_status_5\[63] = zero[6]
Removing Lhs of wire \SPIM_1:BSPIM:rx_status_3\[64] = zero[6]
Removing Lhs of wire \SPIM_1:BSPIM:rx_status_2\[65] = zero[6]
Removing Lhs of wire \SPIM_1:BSPIM:rx_status_1\[66] = zero[6]
Removing Lhs of wire \SPIM_1:BSPIM:rx_status_0\[67] = zero[6]
Removing Lhs of wire \SPIM_1:Net_273\[77] = zero[6]
Removing Lhs of wire \SPIM_1:Net_289\[117] = zero[6]
Removing Lhs of wire tmpOE__SCLK_1_net_0[119] = tmpOE__SS_net_0[1]
Removing Lhs of wire tmpOE__MOSI_1_net_0[125] = tmpOE__SS_net_0[1]
Removing Lhs of wire \SPIM_1:BSPIM:so_send_reg\\D\[131] = zero[6]
Removing Lhs of wire \SPIM_1:BSPIM:mosi_pre_reg\\D\[136] = zero[6]
Removing Lhs of wire \SPIM_1:BSPIM:dpcounter_one_reg\\D\[138] = \SPIM_1:BSPIM:load_rx_data\[21]
Removing Lhs of wire \SPIM_1:BSPIM:mosi_from_dp_reg\\D\[139] = \SPIM_1:BSPIM:mosi_from_dp\[36]

------------------------------------------------------
Aliased 0 equations, 27 wires.
------------------------------------------------------

----------------------------------------------------------
Circuit simplification
----------------------------------------------------------

Substituting virtuals - pass 1:

Note:  Expanding virtual equation for 'zero' (cost = 0):
zero <=  ('0') ;

Note:  Expanding virtual equation for '\SPIM_1:BSPIM:load_rx_data\' (cost = 1):
\SPIM_1:BSPIM:load_rx_data\ <= ((not \SPIM_1:BSPIM:count_4\ and not \SPIM_1:BSPIM:count_3\ and not \SPIM_1:BSPIM:count_2\ and not \SPIM_1:BSPIM:count_1\ and \SPIM_1:BSPIM:count_0\));


Substituting virtuals - pass 2:


----------------------------------------------------------
Circuit simplification results:

	Expanded 2 signals.
	Turned 0 signals into soft nodes.
	Maximum default expansion cost was set at 3.
----------------------------------------------------------

------------------------------------------------------
Alias Detection
------------------------------------------------------

------------------------------------------------------
Aliased 0 equations, 0 wires.
------------------------------------------------------

Last attempt to remove unused logic - pass 1:


Last attempt to remove unused logic - pass 2:


topld:  No errors.

CYPRESS_DIR    : C:\Program Files (x86)\Cypress\PSoC Creator\4.2\PSoC Creator\warp
Warp Program   : C:\Program Files (x86)\Cypress\PSoC Creator\4.2\PSoC Creator\warp\bin\warp.exe
Warp Arguments : -yv2 -q10 -ygs -o2 -v3 -.fftcfgtype=LE -ya "-.fftprj=C:\Users\George Anwar\Documents\UC Berkeley\ME135 Spring 2020\PSOC Creator\ME135_235\PIXY2.cydsn\PIXY2.cyprj" -dcpsoc3 PIXY2.v -verilog
</CYPRESSTAG>
Warp synthesis phase: Elapsed time ==> 1s.101ms
<CYPRESSTAG name="Fitter results...">
<CYPRESSTAG name="Fitter startup details...">
cyp3fit: V4.2.0.641, Family: PSoC3, Started at: Wednesday, 29 April 2020 23:24:36
Options: -yv2 -q10 -ygs -o2 -v3 -.fftcfgtype=LE -ya -.fftprj=C:\Users\George Anwar\Documents\UC Berkeley\ME135 Spring 2020\PSOC Creator\ME135_235\PIXY2.cydsn\PIXY2.cyprj -d CY8C5888LTI-LP097 PIXY2.v -verilog
</CYPRESSTAG>
<CYPRESSTAG name="Design parsing">
Design parsing phase: Elapsed time ==> 0s.012ms
</CYPRESSTAG>
<CYPRESSTAG name="Tech Mapping">
<CYPRESSTAG name="Initial Mapping" icon="FILE_RPT_TECHM">
    Converted constant MacroCell: \SPIM_1:BSPIM:so_send_reg\ from registered to combinatorial
    Converted constant MacroCell: \SPIM_1:BSPIM:mosi_pre_reg\ from registered to combinatorial
<CYPRESSTAG name="Global Clock Selection" icon="FILE_RPT_TECHM">
    Digital Clock 0: Automatic-assigning  clock 'SPIM_1_IntClock'. Fanout=1, Signal=\SPIM_1:Net_276\
</CYPRESSTAG>

Removing unused cells resulting from optimization
Done removing unused cells.
<CYPRESSTAG name="UDB Clock/Enable Remapping Results">
    UDB Clk/Enable \SPIM_1:BSPIM:ClkEn\: with output requested to be synchronous
        ClockIn: SPIM_1_IntClock was determined to be a global clock that is synchronous to BUS_CLK
        EnableIn: Constant 1 was determined to be synchronous to ClockIn
        ClockOut: SPIM_1_IntClock, EnableOut: Constant 1
</CYPRESSTAG>

Removing unused cells resulting from optimization
Done removing unused cells.
<CYPRESSTAG name="Duplicate Macrocell detection">
</CYPRESSTAG>
</CYPRESSTAG>
<CYPRESSTAG name="Duplicate Macrocell detection">
</CYPRESSTAG>
<CYPRESSTAG name="Design Equations" icon="FILE_RPT_EQUATION">

------------------------------------------------------------
Design Equations
------------------------------------------------------------
    <CYPRESSTAG name="Pin listing">

    ------------------------------------------------------------
    Pin listing
    ------------------------------------------------------------

    Pin : Name = SS(0)
        Attributes:
            In Group/Port: True
            In Sync Option: AUTO
            Out Sync Option: NOSYNC
            Interrupt generated: False
            Interrupt mode: NONE
            Drive mode: CMOS_OUT
            VTrip: EITHER
            Slew: FAST
            Input Sync needed: False
            Output Sync needed: False
            SC shield enabled: False
            POR State: ANY
            LCD Mode: COMMON
            Register Mode: RegComb
            CaSense Mode: NEITHER
            Treat as pin: True
            Is OE Registered: False
            Uses Analog: False
            Can contain Digital: True
            Is SIO: False
            SIO Output Buf: NONREGULATED
            SIO Input Buf: SINGLE_ENDED
            SIO HiFreq: LOW
            SIO Hyst: DISABLED
            SIO Vtrip: MULTIPLIER_0_5
            SIO Multiplier Index: 0
            SIO RefSel: VCC_IO
            Required Capabilities: DIGITAL, ROUTABLE
            Initial Value: 0
            IO Voltage: 0
        PORT MAP (
            pa_out => SS(0)__PA ,
            pin_input => Net_29 ,
            pad => SS(0)_PAD );
        Properties:
        {
        }

    Pin : Name = MISO_1(0)
        Attributes:
            In Group/Port: True
            In Sync Option: NOSYNC
            Out Sync Option: AUTO
            Interrupt generated: False
            Interrupt mode: NONE
            Drive mode: HI_Z_DIGITAL
            VTrip: CMOS
            Slew: FAST
            Input Sync needed: False
            Output Sync needed: False
            SC shield enabled: False
            POR State: ANY
            LCD Mode: COMMON
            Register Mode: RegComb
            CaSense Mode: NEITHER
            Treat as pin: True
            Is OE Registered: False
            Uses Analog: False
            Can contain Digital: True
            Is SIO: False
            SIO Output Buf: NONREGULATED
            SIO Input Buf: SINGLE_ENDED
            SIO HiFreq: LOW
            SIO Hyst: DISABLED
            SIO Vtrip: MULTIPLIER_0_5
            SIO Multiplier Index: 0
            SIO RefSel: VCC_IO
            Required Capabilities: DIGITAL, ROUTABLE
            Initial Value: 0
            IO Voltage: 0
        PORT MAP (
            pa_out => MISO_1(0)__PA ,
            fb => Net_19 ,
            pad => MISO_1(0)_PAD );
        Properties:
        {
        }

    Pin : Name = SCLK_1(0)
        Attributes:
            In Group/Port: True
            In Sync Option: AUTO
            Out Sync Option: NOSYNC
            Interrupt generated: False
            Interrupt mode: NONE
            Drive mode: CMOS_OUT
            VTrip: EITHER
            Slew: FAST
            Input Sync needed: False
            Output Sync needed: False
            SC shield enabled: False
            POR State: ANY
            LCD Mode: COMMON
            Register Mode: RegComb
            CaSense Mode: NEITHER
            Treat as pin: True
            Is OE Registered: False
            Uses Analog: False
            Can contain Digital: True
            Is SIO: False
            SIO Output Buf: NONREGULATED
            SIO Input Buf: SINGLE_ENDED
            SIO HiFreq: LOW
            SIO Hyst: DISABLED
            SIO Vtrip: MULTIPLIER_0_5
            SIO Multiplier Index: 0
            SIO RefSel: VCC_IO
            Required Capabilities: DIGITAL, ROUTABLE
            Initial Value: 0
            IO Voltage: 0
        PORT MAP (
            pa_out => SCLK_1(0)__PA ,
            pin_input => Net_25 ,
            pad => SCLK_1(0)_PAD );
        Properties:
        {
        }

    Pin : Name = MOSI_1(0)
        Attributes:
            In Group/Port: True
            In Sync Option: AUTO
            Out Sync Option: NOSYNC
            Interrupt generated: False
            Interrupt mode: NONE
            Drive mode: CMOS_OUT
            VTrip: EITHER
            Slew: FAST
            Input Sync needed: False
            Output Sync needed: False
            SC shield enabled: False
            POR State: ANY
            LCD Mode: COMMON
            Register Mode: RegComb
            CaSense Mode: NEITHER
            Treat as pin: True
            Is OE Registered: False
            Uses Analog: False
            Can contain Digital: True
            Is SIO: False
            SIO Output Buf: NONREGULATED
            SIO Input Buf: SINGLE_ENDED
            SIO HiFreq: LOW
            SIO Hyst: DISABLED
            SIO Vtrip: MULTIPLIER_0_5
            SIO Multiplier Index: 0
            SIO RefSel: VCC_IO
            Required Capabilities: DIGITAL, ROUTABLE
            Initial Value: 0
            IO Voltage: 0
        PORT MAP (
            pa_out => MOSI_1(0)__PA ,
            pin_input => Net_23 ,
            pad => MOSI_1(0)_PAD );
        Properties:
        {
        }
    </CYPRESSTAG>
    <CYPRESSTAG name="Macrocell listing" icon="FILE_RPT_EQUATION">

    ------------------------------------------------------------
    Macrocell listing
    ------------------------------------------------------------

    MacroCell: Name=\SPIM_1:BSPIM:load_rx_data\, Mode=(Combinatorial)
        Total # of inputs        : 5
        Total # of product terms : 1
            Clock Enable: True
        Main Equation            : 1 pterm
        (
              !\SPIM_1:BSPIM:count_4\ * !\SPIM_1:BSPIM:count_3\ * 
              !\SPIM_1:BSPIM:count_2\ * !\SPIM_1:BSPIM:count_1\ * 
              \SPIM_1:BSPIM:count_0\
        );
        Output = \SPIM_1:BSPIM:load_rx_data\ (fanout=2)

    MacroCell: Name=\SPIM_1:BSPIM:tx_status_0\, Mode=(Combinatorial)
        Total # of inputs        : 3
        Total # of product terms : 1
            Clock Enable: True
        Main Equation            : 1 pterm
        (
              \SPIM_1:BSPIM:state_2\ * !\SPIM_1:BSPIM:state_1\ * 
              \SPIM_1:BSPIM:state_0\
        );
        Output = \SPIM_1:BSPIM:tx_status_0\ (fanout=1)

    MacroCell: Name=\SPIM_1:BSPIM:tx_status_4\, Mode=(Combinatorial)
        Total # of inputs        : 3
        Total # of product terms : 1
            Clock Enable: True
        Main Equation            : 1 pterm
        (
              !\SPIM_1:BSPIM:state_2\ * !\SPIM_1:BSPIM:state_1\ * 
              !\SPIM_1:BSPIM:state_0\
        );
        Output = \SPIM_1:BSPIM:tx_status_4\ (fanout=1)

    MacroCell: Name=\SPIM_1:BSPIM:rx_status_6\, Mode=(Combinatorial)
        Total # of inputs        : 6
        Total # of product terms : 1
            Clock Enable: True
        Main Equation            : 1 pterm
        (
              !\SPIM_1:BSPIM:count_4\ * !\SPIM_1:BSPIM:count_3\ * 
              !\SPIM_1:BSPIM:count_2\ * !\SPIM_1:BSPIM:count_1\ * 
              \SPIM_1:BSPIM:count_0\ * \SPIM_1:BSPIM:rx_status_4\
        );
        Output = \SPIM_1:BSPIM:rx_status_6\ (fanout=1)

    MacroCell: Name=Net_29, Mode=(D-Register)
        Total # of inputs        : 4
        Total # of product terms : 4
        List of special equations: 
            Clock  = (\SPIM_1:Net_276\) => Global
            Clock Enable: True
        Main Equation            : 4 pterms
        !(
              !Net_29 * !\SPIM_1:BSPIM:state_2\ * \SPIM_1:BSPIM:state_1\
            + !Net_29 * \SPIM_1:BSPIM:state_2\ * !\SPIM_1:BSPIM:state_1\ * 
              !\SPIM_1:BSPIM:state_0\
            + !Net_29 * \SPIM_1:BSPIM:state_1\ * \SPIM_1:BSPIM:state_0\
            + !\SPIM_1:BSPIM:state_2\ * !\SPIM_1:BSPIM:state_1\ * 
              \SPIM_1:BSPIM:state_0\
        );
        Output = Net_29 (fanout=2)

    MacroCell: Name=Net_23, Mode=(D-Register)
        Total # of inputs        : 11
        Total # of product terms : 7
        List of special equations: 
            Clock  = (\SPIM_1:Net_276\) => Global
            Clock Enable: True
        Main Equation            : 7 pterms
        !(
              !Net_23 * !\SPIM_1:BSPIM:state_2\ * \SPIM_1:BSPIM:state_0\
            + !\SPIM_1:BSPIM:state_2\ * !\SPIM_1:BSPIM:state_1\ * 
              !\SPIM_1:BSPIM:state_0\
            + !\SPIM_1:BSPIM:state_2\ * !\SPIM_1:BSPIM:state_0\ * 
              !\SPIM_1:BSPIM:count_4\ * !\SPIM_1:BSPIM:count_3\ * 
              !\SPIM_1:BSPIM:count_2\ * \SPIM_1:BSPIM:count_1\ * 
              !\SPIM_1:BSPIM:count_0\ * !\SPIM_1:BSPIM:ld_ident\
            + \SPIM_1:BSPIM:state_2\ * !\SPIM_1:BSPIM:state_1\ * 
              \SPIM_1:BSPIM:state_0\
            + \SPIM_1:BSPIM:state_2\ * \SPIM_1:BSPIM:state_1\ * 
              !\SPIM_1:BSPIM:state_0\
            + \SPIM_1:BSPIM:state_2\ * !\SPIM_1:BSPIM:mosi_from_dp\
            + !\SPIM_1:BSPIM:state_0\ * !\SPIM_1:BSPIM:mosi_from_dp\
        );
        Output = Net_23 (fanout=2)

    MacroCell: Name=\SPIM_1:BSPIM:state_2\, Mode=(D-Register)
        Total # of inputs        : 10
        Total # of product terms : 3
        List of special equations: 
            Clock  = (\SPIM_1:Net_276\) => Global
            Clock Enable: True
        Main Equation            : 3 pterms
        (
              !\SPIM_1:BSPIM:state_2\ * !\SPIM_1:BSPIM:state_1\ * 
              \SPIM_1:BSPIM:state_0\
            + !\SPIM_1:BSPIM:state_2\ * \SPIM_1:BSPIM:state_1\ * 
              !\SPIM_1:BSPIM:state_0\ * !\SPIM_1:BSPIM:count_4\ * 
              !\SPIM_1:BSPIM:count_3\ * !\SPIM_1:BSPIM:count_2\ * 
              \SPIM_1:BSPIM:count_1\ * !\SPIM_1:BSPIM:count_0\ * 
              !\SPIM_1:BSPIM:ld_ident\
            + !\SPIM_1:BSPIM:state_2\ * \SPIM_1:BSPIM:state_0\ * 
              !\SPIM_1:BSPIM:count_4\ * !\SPIM_1:BSPIM:count_3\ * 
              \SPIM_1:BSPIM:count_2\ * !\SPIM_1:BSPIM:count_1\ * 
              \SPIM_1:BSPIM:count_0\ * !\SPIM_1:BSPIM:tx_status_1\
        );
        Output = \SPIM_1:BSPIM:state_2\ (fanout=12)

    MacroCell: Name=\SPIM_1:BSPIM:state_1\, Mode=(T-Register)
        Total # of inputs        : 10
        Total # of product terms : 4
        List of special equations: 
            Clock  = (\SPIM_1:Net_276\) => Global
            Clock Enable: True
        Main Equation            : 4 pterms
        (
              !\SPIM_1:BSPIM:state_2\ * !\SPIM_1:BSPIM:state_1\ * 
              \SPIM_1:BSPIM:state_0\
            + !\SPIM_1:BSPIM:state_2\ * \SPIM_1:BSPIM:state_0\ * 
              !\SPIM_1:BSPIM:count_4\ * !\SPIM_1:BSPIM:count_3\ * 
              \SPIM_1:BSPIM:count_2\ * !\SPIM_1:BSPIM:count_1\ * 
              \SPIM_1:BSPIM:count_0\ * !\SPIM_1:BSPIM:tx_status_1\
            + \SPIM_1:BSPIM:state_2\ * !\SPIM_1:BSPIM:state_0\
            + \SPIM_1:BSPIM:state_1\ * !\SPIM_1:BSPIM:state_0\ * 
              !\SPIM_1:BSPIM:count_4\ * !\SPIM_1:BSPIM:count_3\ * 
              !\SPIM_1:BSPIM:count_2\ * \SPIM_1:BSPIM:count_1\ * 
              !\SPIM_1:BSPIM:count_0\ * !\SPIM_1:BSPIM:ld_ident\
        );
        Output = \SPIM_1:BSPIM:state_1\ (fanout=12)

    MacroCell: Name=\SPIM_1:BSPIM:state_0\, Mode=(T-Register)
        Total # of inputs        : 4
        Total # of product terms : 3
        List of special equations: 
            Clock  = (\SPIM_1:Net_276\) => Global
            Clock Enable: True
        Main Equation            : 3 pterms
        (
              !\SPIM_1:BSPIM:state_2\ * \SPIM_1:BSPIM:state_1\
            + \SPIM_1:BSPIM:state_2\ * !\SPIM_1:BSPIM:state_1\
            + !\SPIM_1:BSPIM:state_1\ * !\SPIM_1:BSPIM:state_0\ * 
              !\SPIM_1:BSPIM:tx_status_1\
        );
        Output = \SPIM_1:BSPIM:state_0\ (fanout=12)

    MacroCell: Name=\SPIM_1:BSPIM:load_cond\, Mode=(T-Register)
        Total # of inputs        : 9
        Total # of product terms : 4
        List of special equations: 
            Clock  = (\SPIM_1:Net_276\) => Global
            Clock Enable: True
        Main Equation            : 4 pterms
        (
              !\SPIM_1:BSPIM:state_2\ * !\SPIM_1:BSPIM:count_4\ * 
              !\SPIM_1:BSPIM:count_3\ * !\SPIM_1:BSPIM:count_2\ * 
              !\SPIM_1:BSPIM:count_1\ * !\SPIM_1:BSPIM:count_0\ * 
              \SPIM_1:BSPIM:load_cond\
            + \SPIM_1:BSPIM:state_2\ * !\SPIM_1:BSPIM:state_1\ * 
              !\SPIM_1:BSPIM:state_0\ * !\SPIM_1:BSPIM:load_cond\
            + \SPIM_1:BSPIM:state_1\ * !\SPIM_1:BSPIM:count_4\ * 
              !\SPIM_1:BSPIM:count_3\ * !\SPIM_1:BSPIM:count_2\ * 
              !\SPIM_1:BSPIM:count_1\ * !\SPIM_1:BSPIM:count_0\ * 
              \SPIM_1:BSPIM:load_cond\
            + \SPIM_1:BSPIM:state_0\ * !\SPIM_1:BSPIM:count_4\ * 
              !\SPIM_1:BSPIM:count_3\ * !\SPIM_1:BSPIM:count_2\ * 
              !\SPIM_1:BSPIM:count_1\ * !\SPIM_1:BSPIM:count_0\ * 
              \SPIM_1:BSPIM:load_cond\
        );
        Output = \SPIM_1:BSPIM:load_cond\ (fanout=1)

    MacroCell: Name=\SPIM_1:BSPIM:ld_ident\, Mode=(T-Register)
        Total # of inputs        : 9
        Total # of product terms : 3
        List of special equations: 
            Clock  = (\SPIM_1:Net_276\) => Global
            Clock Enable: True
        Main Equation            : 3 pterms
        (
              \SPIM_1:BSPIM:state_2\ * !\SPIM_1:BSPIM:state_1\ * 
              !\SPIM_1:BSPIM:state_0\ * !\SPIM_1:BSPIM:ld_ident\
            + \SPIM_1:BSPIM:state_2\ * \SPIM_1:BSPIM:state_1\ * 
              !\SPIM_1:BSPIM:state_0\ * \SPIM_1:BSPIM:ld_ident\
            + \SPIM_1:BSPIM:state_1\ * !\SPIM_1:BSPIM:state_0\ * 
              !\SPIM_1:BSPIM:count_4\ * !\SPIM_1:BSPIM:count_3\ * 
              !\SPIM_1:BSPIM:count_2\ * \SPIM_1:BSPIM:count_1\ * 
              !\SPIM_1:BSPIM:count_0\ * \SPIM_1:BSPIM:ld_ident\
        );
        Output = \SPIM_1:BSPIM:ld_ident\ (fanout=4)

    MacroCell: Name=\SPIM_1:BSPIM:cnt_enable\, Mode=(T-Register)
        Total # of inputs        : 4
        Total # of product terms : 4
        List of special equations: 
            Clock  = (\SPIM_1:Net_276\) => Global
            Clock Enable: True
        Main Equation            : 4 pterms
        (
              !\SPIM_1:BSPIM:state_2\ * !\SPIM_1:BSPIM:state_1\ * 
              !\SPIM_1:BSPIM:state_0\ * \SPIM_1:BSPIM:cnt_enable\
            + !\SPIM_1:BSPIM:state_2\ * \SPIM_1:BSPIM:state_1\ * 
              \SPIM_1:BSPIM:state_0\ * !\SPIM_1:BSPIM:cnt_enable\
            + \SPIM_1:BSPIM:state_2\ * !\SPIM_1:BSPIM:state_1\ * 
              \SPIM_1:BSPIM:state_0\ * \SPIM_1:BSPIM:cnt_enable\
            + \SPIM_1:BSPIM:state_2\ * \SPIM_1:BSPIM:state_1\ * 
              !\SPIM_1:BSPIM:state_0\ * \SPIM_1:BSPIM:cnt_enable\
        );
        Output = \SPIM_1:BSPIM:cnt_enable\ (fanout=2)

    MacroCell: Name=Net_25, Mode=(D-Register)
        Total # of inputs        : 4
        Total # of product terms : 2
        List of special equations: 
            Clock  = (\SPIM_1:Net_276\) => Global
            Clock Enable: True
        Main Equation            : 2 pterms
        (
              !\SPIM_1:BSPIM:state_2\ * \SPIM_1:BSPIM:state_1\ * 
              \SPIM_1:BSPIM:state_0\
            + \SPIM_1:BSPIM:state_1\ * \SPIM_1:BSPIM:state_0\ * Net_25
        );
        Output = Net_25 (fanout=2)
    </CYPRESSTAG>
    <CYPRESSTAG name="Datapath listing">

    ------------------------------------------------------------
    Datapath listing
    ------------------------------------------------------------

    datapathcell: Name =\SPIM_1:BSPIM:sR8:Dp:u0\
        PORT MAP (
            clock => \SPIM_1:Net_276\ ,
            cs_addr_2 => \SPIM_1:BSPIM:state_2\ ,
            cs_addr_1 => \SPIM_1:BSPIM:state_1\ ,
            cs_addr_0 => \SPIM_1:BSPIM:state_0\ ,
            route_si => Net_19 ,
            f1_load => \SPIM_1:BSPIM:load_rx_data\ ,
            so_comb => \SPIM_1:BSPIM:mosi_from_dp\ ,
            f0_bus_stat_comb => \SPIM_1:BSPIM:tx_status_2\ ,
            f0_blk_stat_comb => \SPIM_1:BSPIM:tx_status_1\ ,
            f1_bus_stat_comb => \SPIM_1:BSPIM:rx_status_5\ ,
            f1_blk_stat_comb => \SPIM_1:BSPIM:rx_status_4\ );
        Properties:
        {
            a0_init = "00000000"
            a1_init = "00000000"
            ce0_sync = 1
            ce1_sync = 1
            cl0_sync = 1
            cl1_sync = 1
            cmsb_sync = 1
            co_msb_sync = 1
            cy_dpconfig = "0000000000000000000000001100000000000001010000000001000100010000000000011100000000010001000000000000000101000000000000010100000011111111000000001111111111111111000000000010001000001000111100000000000000000100"
            d0_init = "00000000"
            d1_init = "00000000"
            f0_blk_sync = 1
            f0_bus_sync = 1
            f1_blk_sync = 1
            f1_bus_sync = 1
            ff0_sync = 1
            ff1_sync = 1
            ov_msb_sync = 1
            so_sync = 1
            z0_sync = 1
            z1_sync = 1
        }
        Clock Polarity: Active High
        Clock Enable: True
    </CYPRESSTAG>
    <CYPRESSTAG name="Status register listing">
    </CYPRESSTAG>
    <CYPRESSTAG name="StatusI register listing">

    ------------------------------------------------------------
    StatusI register listing
    ------------------------------------------------------------

    statusicell: Name =\SPIM_1:BSPIM:TxStsReg\
        PORT MAP (
            clock => \SPIM_1:Net_276\ ,
            status_4 => \SPIM_1:BSPIM:tx_status_4\ ,
            status_3 => \SPIM_1:BSPIM:load_rx_data\ ,
            status_2 => \SPIM_1:BSPIM:tx_status_2\ ,
            status_1 => \SPIM_1:BSPIM:tx_status_1\ ,
            status_0 => \SPIM_1:BSPIM:tx_status_0\ );
        Properties:
        {
            cy_force_order = 1
            cy_int_mask = "0000000"
            cy_md_select = "0001001"
        }
        Clock Polarity: Active High
        Clock Enable: True

    statusicell: Name =\SPIM_1:BSPIM:RxStsReg\
        PORT MAP (
            clock => \SPIM_1:Net_276\ ,
            status_6 => \SPIM_1:BSPIM:rx_status_6\ ,
            status_5 => \SPIM_1:BSPIM:rx_status_5\ ,
            status_4 => \SPIM_1:BSPIM:rx_status_4\ );
        Properties:
        {
            cy_force_order = 1
            cy_int_mask = "0000000"
            cy_md_select = "1000000"
        }
        Clock Polarity: Active High
        Clock Enable: True
    </CYPRESSTAG>
    <CYPRESSTAG name="Sync listing">
    </CYPRESSTAG>
    <CYPRESSTAG name="Control register listing">
    </CYPRESSTAG>
    <CYPRESSTAG name="Count7 listing">

    ------------------------------------------------------------
    Count7 listing
    ------------------------------------------------------------

    count7cell: Name =\SPIM_1:BSPIM:BitCounter\
        PORT MAP (
            clock => \SPIM_1:Net_276\ ,
            enable => \SPIM_1:BSPIM:cnt_enable\ ,
            count_6 => \SPIM_1:BSPIM:count_6\ ,
            count_5 => \SPIM_1:BSPIM:count_5\ ,
            count_4 => \SPIM_1:BSPIM:count_4\ ,
            count_3 => \SPIM_1:BSPIM:count_3\ ,
            count_2 => \SPIM_1:BSPIM:count_2\ ,
            count_1 => \SPIM_1:BSPIM:count_1\ ,
            count_0 => \SPIM_1:BSPIM:count_0\ ,
            tc => \SPIM_1:BSPIM:cnt_tc\ );
        Properties:
        {
            cy_alt_mode = 0
            cy_init_value = "0000000"
            cy_period = "0001111"
            cy_route_en = 1
            cy_route_ld = 0
        }
        Clock Polarity: Active High
        Clock Enable: True
    </CYPRESSTAG>
    <CYPRESSTAG name="DRQ listing">
    </CYPRESSTAG>
    <CYPRESSTAG name="Interrupt listing">
    </CYPRESSTAG>
</CYPRESSTAG>
<CYPRESSTAG name="Technology mapping summary" expanded>

------------------------------------------------------------
Technology mapping summary
------------------------------------------------------------

Resource Type                 : Used : Free :  Max :  % Used
============================================================
Digital Clocks                :    1 :    7 :    8 : 12.50 %
Analog Clocks                 :    0 :    4 :    4 :  0.00 %
CapSense Buffers              :    0 :    2 :    2 :  0.00 %
Digital Filter Block          :    0 :    1 :    1 :  0.00 %
Interrupts                    :    0 :   32 :   32 :  0.00 %
IO                            :    7 :   41 :   48 : 14.58 %
Segment LCD                   :    0 :    1 :    1 :  0.00 %
CAN 2.0b                      :    0 :    1 :    1 :  0.00 %
I2C                           :    0 :    1 :    1 :  0.00 %
USB                           :    0 :    1 :    1 :  0.00 %
DMA Channels                  :    0 :   24 :   24 :  0.00 %
Timer                         :    0 :    4 :    4 :  0.00 %
UDB                           :      :      :      :        
  Macrocells                  :   13 :  179 :  192 :  6.77 %
  Unique P-terms              :   33 :  351 :  384 :  8.59 %
  Total P-terms               :   38 :      :      :        
  Datapath Cells              :    1 :   23 :   24 :  4.17 %
  Status Cells                :    3 :   21 :   24 : 12.50 %
    StatusI Registers         :    2 :      :      :        
    Routed Count7 Load/Enable :    1 :      :      :        
  Control Cells               :    1 :   23 :   24 :  4.17 %
    Count7 Cells              :    1 :      :      :        
Opamp                         :    0 :    4 :    4 :  0.00 %
Comparator                    :    0 :    4 :    4 :  0.00 %
Delta-Sigma ADC               :    0 :    1 :    1 :  0.00 %
LPF                           :    0 :    2 :    2 :  0.00 %
SAR ADC                       :    0 :    2 :    2 :  0.00 %
Analog (SC/CT) Blocks         :    0 :    4 :    4 :  0.00 %
DAC                           :      :      :      :        
  VIDAC                       :    0 :    4 :    4 :  0.00 %
</CYPRESSTAG>
Technology Mapping: Elapsed time ==> 0s.180ms
Tech Mapping phase: Elapsed time ==> 0s.326ms
</CYPRESSTAG>
<CYPRESSTAG name="Analog Placement">
Initial Analog Placement Results:
IO_6@[IOP=(12)][IoId=(6)] : MISO_1(0) (fixed)
IO_2@[IOP=(12)][IoId=(2)] : MOSI_1(0) (fixed)
IO_3@[IOP=(12)][IoId=(3)] : SCLK_1(0) (fixed)
IO_7@[IOP=(12)][IoId=(7)] : SS(0) (fixed)
Analog Placement phase: Elapsed time ==> 0s.032ms
</CYPRESSTAG>
<CYPRESSTAG name="Analog Routing">
Analog Routing phase: Elapsed time ==> 0s.000ms
</CYPRESSTAG>
<CYPRESSTAG name="Analog Code Generation">
============ Analog Final Answer Routes ============
Dump of CyAnalogRoutingResultsDB
Map of net to items {
}
Map of item to net {
}
Mux Info {
}
Dump of CyP35AnalogRoutingResultsDB
IsVddaHalfUsedForComp = False
IsVddaHalfUsedForSar0 = False
IsVddaHalfUsedForSar1 = False
Analog Code Generation phase: Elapsed time ==> 0s.519ms
</CYPRESSTAG>
<CYPRESSTAG name="Digital Placement">
<CYPRESSTAG name="Detailed placement messages">
I2076: Total run-time: 1.0 sec.

</CYPRESSTAG>
<CYPRESSTAG name="PLD Packing">
<CYPRESSTAG name="PLD Packing Summary" expanded>

------------------------------------------------------------
PLD Packing Summary
------------------------------------------------------------
            Resource Type : Used : Free :  Max :  % Used
    ====================================================
                     PLDs :    5 :   43 :   48 :  10.42%

<CYPRESSTAG name="PLD Statistics">

        PLD Resource Type :     Average/LAB
    =======================================
                   Inputs :            8.20
                   Pterms :            6.80
               Macrocells :            2.60
</CYPRESSTAG>
<CYPRESSTAG name="Packed PLD Contents">
Packed PLD Contents not displayed at this verbose level.</CYPRESSTAG>
</CYPRESSTAG>
PLD Packing: Elapsed time ==> 0s.002ms
</CYPRESSTAG>
<CYPRESSTAG name="Partitioning">
<CYPRESSTAG name="Initial Partitioning Summary">
Initial Partitioning Summary not displayed at this verbose level.</CYPRESSTAG>
<CYPRESSTAG name="Final Partitioning Summary">
Final Partitioning Summary not displayed at this verbose level.</CYPRESSTAG>
Partitioning: Elapsed time ==> 0s.022ms
</CYPRESSTAG>
<CYPRESSTAG name="Final Placement Summary">

------------------------------------------------------------
Final Placement Summary
------------------------------------------------------------

       Resource Type :      Count : Avg Inputs : Avg Outputs
    ========================================================
                 UDB :          3 :       9.67 :       4.33
<CYPRESSTAG name="Final Placement Details">
<CYPRESSTAG name="Component Details">

------------------------------------------------------------
Component Placement Details
------------------------------------------------------------
UDB [UDB=(0,0)] is empty.
UDB [UDB=(0,1)] is empty.
UDB [UDB=(0,2)] is empty.
UDB [UDB=(0,3)] is empty.
UDB [UDB=(0,4)] is empty.
UDB [UDB=(0,5)] is empty.
UDB [UDB=(1,0)] is empty.
UDB [UDB=(1,1)] is empty.
UDB [UDB=(1,2)] is empty.
UDB [UDB=(1,3)] is empty.
UDB [UDB=(1,4)] is empty.
UDB [UDB=(1,5)] is empty.
UDB [UDB=(2,0)] is empty.
UDB [UDB=(2,1)] contents:
LAB@[UDB=(2,1)][LB=0] #macrocells=3, #inputs=11, #pterms=8
{
    [McSlotId=0]:     MacroCell: Name=\SPIM_1:BSPIM:load_cond\, Mode=(T-Register) @ [UDB=(2,1)][LB=0][MC=0]
        Total # of inputs        : 9
        Total # of product terms : 4
        List of special equations: 
            Clock  = (\SPIM_1:Net_276\) => Global
            Clock Enable: True
        Main Equation            : 4 pterms
        (
              !\SPIM_1:BSPIM:state_2\ * !\SPIM_1:BSPIM:count_4\ * 
              !\SPIM_1:BSPIM:count_3\ * !\SPIM_1:BSPIM:count_2\ * 
              !\SPIM_1:BSPIM:count_1\ * !\SPIM_1:BSPIM:count_0\ * 
              \SPIM_1:BSPIM:load_cond\
            + \SPIM_1:BSPIM:state_2\ * !\SPIM_1:BSPIM:state_1\ * 
              !\SPIM_1:BSPIM:state_0\ * !\SPIM_1:BSPIM:load_cond\
            + \SPIM_1:BSPIM:state_1\ * !\SPIM_1:BSPIM:count_4\ * 
              !\SPIM_1:BSPIM:count_3\ * !\SPIM_1:BSPIM:count_2\ * 
              !\SPIM_1:BSPIM:count_1\ * !\SPIM_1:BSPIM:count_0\ * 
              \SPIM_1:BSPIM:load_cond\
            + \SPIM_1:BSPIM:state_0\ * !\SPIM_1:BSPIM:count_4\ * 
              !\SPIM_1:BSPIM:count_3\ * !\SPIM_1:BSPIM:count_2\ * 
              !\SPIM_1:BSPIM:count_1\ * !\SPIM_1:BSPIM:count_0\ * 
              \SPIM_1:BSPIM:load_cond\
        );
        Output = \SPIM_1:BSPIM:load_cond\ (fanout=1)
        Properties               : 
        {
        }

    [McSlotId=1]:     MacroCell: Name=\SPIM_1:BSPIM:state_0\, Mode=(T-Register) @ [UDB=(2,1)][LB=0][MC=1]
        Total # of inputs        : 4
        Total # of product terms : 3
        List of special equations: 
            Clock  = (\SPIM_1:Net_276\) => Global
            Clock Enable: True
        Main Equation            : 3 pterms
        (
              !\SPIM_1:BSPIM:state_2\ * \SPIM_1:BSPIM:state_1\
            + \SPIM_1:BSPIM:state_2\ * !\SPIM_1:BSPIM:state_1\
            + !\SPIM_1:BSPIM:state_1\ * !\SPIM_1:BSPIM:state_0\ * 
              !\SPIM_1:BSPIM:tx_status_1\
        );
        Output = \SPIM_1:BSPIM:state_0\ (fanout=12)
        Properties               : 
        {
        }

    [McSlotId=2]:     MacroCell: Name=\SPIM_1:BSPIM:rx_status_6\, Mode=(Combinatorial) @ [UDB=(2,1)][LB=0][MC=2]
        Total # of inputs        : 6
        Total # of product terms : 1
            Clock Enable: True
        Main Equation            : 1 pterm
        (
              !\SPIM_1:BSPIM:count_4\ * !\SPIM_1:BSPIM:count_3\ * 
              !\SPIM_1:BSPIM:count_2\ * !\SPIM_1:BSPIM:count_1\ * 
              \SPIM_1:BSPIM:count_0\ * \SPIM_1:BSPIM:rx_status_4\
        );
        Output = \SPIM_1:BSPIM:rx_status_6\ (fanout=1)
        Properties               : 
        {
        }

    [McSlotId=3]: (empty)
}

LAB@[UDB=(2,1)][LB=1] #macrocells=2, #inputs=5, #pterms=6
{
    [McSlotId=0]:     MacroCell: Name=Net_29, Mode=(D-Register) @ [UDB=(2,1)][LB=1][MC=0]
        Total # of inputs        : 4
        Total # of product terms : 4
        List of special equations: 
            Clock  = (\SPIM_1:Net_276\) => Global
            Clock Enable: True
        Main Equation            : 4 pterms
        !(
              !Net_29 * !\SPIM_1:BSPIM:state_2\ * \SPIM_1:BSPIM:state_1\
            + !Net_29 * \SPIM_1:BSPIM:state_2\ * !\SPIM_1:BSPIM:state_1\ * 
              !\SPIM_1:BSPIM:state_0\
            + !Net_29 * \SPIM_1:BSPIM:state_1\ * \SPIM_1:BSPIM:state_0\
            + !\SPIM_1:BSPIM:state_2\ * !\SPIM_1:BSPIM:state_1\ * 
              \SPIM_1:BSPIM:state_0\
        );
        Output = Net_29 (fanout=2)
        Properties               : 
        {
        }

    [McSlotId=1]:     MacroCell: Name=Net_25, Mode=(D-Register) @ [UDB=(2,1)][LB=1][MC=1]
        Total # of inputs        : 4
        Total # of product terms : 2
        List of special equations: 
            Clock  = (\SPIM_1:Net_276\) => Global
            Clock Enable: True
        Main Equation            : 2 pterms
        (
              !\SPIM_1:BSPIM:state_2\ * \SPIM_1:BSPIM:state_1\ * 
              \SPIM_1:BSPIM:state_0\
            + \SPIM_1:BSPIM:state_1\ * \SPIM_1:BSPIM:state_0\ * Net_25
        );
        Output = Net_25 (fanout=2)
        Properties               : 
        {
        }

    [McSlotId=2]: (empty)
    [McSlotId=3]: (empty)
}

statusicell: Name =\SPIM_1:BSPIM:RxStsReg\
    PORT MAP (
        clock => \SPIM_1:Net_276\ ,
        status_6 => \SPIM_1:BSPIM:rx_status_6\ ,
        status_5 => \SPIM_1:BSPIM:rx_status_5\ ,
        status_4 => \SPIM_1:BSPIM:rx_status_4\ );
    Properties:
    {
        cy_force_order = 1
        cy_int_mask = "0000000"
        cy_md_select = "1000000"
    }
    Clock Polarity: Active High
    Clock Enable: True

UDB [UDB=(2,2)] is empty.
UDB [UDB=(2,3)] is empty.
UDB [UDB=(2,4)] is empty.
UDB [UDB=(2,5)] is empty.
UDB [UDB=(3,0)] is empty.
UDB [UDB=(3,1)] contents:
LAB@[UDB=(3,1)][LB=0] #macrocells=1, #inputs=4, #pterms=4
{
    [McSlotId=0]:     MacroCell: Name=\SPIM_1:BSPIM:cnt_enable\, Mode=(T-Register) @ [UDB=(3,1)][LB=0][MC=0]
        Total # of inputs        : 4
        Total # of product terms : 4
        List of special equations: 
            Clock  = (\SPIM_1:Net_276\) => Global
            Clock Enable: True
        Main Equation            : 4 pterms
        (
              !\SPIM_1:BSPIM:state_2\ * !\SPIM_1:BSPIM:state_1\ * 
              !\SPIM_1:BSPIM:state_0\ * \SPIM_1:BSPIM:cnt_enable\
            + !\SPIM_1:BSPIM:state_2\ * \SPIM_1:BSPIM:state_1\ * 
              \SPIM_1:BSPIM:state_0\ * !\SPIM_1:BSPIM:cnt_enable\
            + \SPIM_1:BSPIM:state_2\ * !\SPIM_1:BSPIM:state_1\ * 
              \SPIM_1:BSPIM:state_0\ * \SPIM_1:BSPIM:cnt_enable\
            + \SPIM_1:BSPIM:state_2\ * \SPIM_1:BSPIM:state_1\ * 
              !\SPIM_1:BSPIM:state_0\ * \SPIM_1:BSPIM:cnt_enable\
        );
        Output = \SPIM_1:BSPIM:cnt_enable\ (fanout=3)
        Properties               : 
        {
        }

    [McSlotId=1]: (empty)
    [McSlotId=2]: (empty)
    [McSlotId=3]: (empty)
}

statusicell: Name =\SPIM_1:BSPIM:TxStsReg\
    PORT MAP (
        clock => \SPIM_1:Net_276\ ,
        status_4 => \SPIM_1:BSPIM:tx_status_4\ ,
        status_3 => \SPIM_1:BSPIM:load_rx_data\ ,
        status_2 => \SPIM_1:BSPIM:tx_status_2\ ,
        status_1 => \SPIM_1:BSPIM:tx_status_1\ ,
        status_0 => \SPIM_1:BSPIM:tx_status_0\ );
    Properties:
    {
        cy_force_order = 1
        cy_int_mask = "0000000"
        cy_md_select = "0001001"
    }
    Clock Polarity: Active High
    Clock Enable: True

UDB [UDB=(3,2)] contents:
LAB@[UDB=(3,2)][LB=0] #macrocells=4, #inputs=11, #pterms=8
{
    [McSlotId=0]:     MacroCell: Name=Net_23, Mode=(D-Register) @ [UDB=(3,2)][LB=0][MC=0]
        Total # of inputs        : 11
        Total # of product terms : 7
        List of special equations: 
            Clock  = (\SPIM_1:Net_276\) => Global
            Clock Enable: True
        Main Equation            : 7 pterms
        !(
              !Net_23 * !\SPIM_1:BSPIM:state_2\ * \SPIM_1:BSPIM:state_0\
            + !\SPIM_1:BSPIM:state_2\ * !\SPIM_1:BSPIM:state_1\ * 
              !\SPIM_1:BSPIM:state_0\
            + !\SPIM_1:BSPIM:state_2\ * !\SPIM_1:BSPIM:state_0\ * 
              !\SPIM_1:BSPIM:count_4\ * !\SPIM_1:BSPIM:count_3\ * 
              !\SPIM_1:BSPIM:count_2\ * \SPIM_1:BSPIM:count_1\ * 
              !\SPIM_1:BSPIM:count_0\ * !\SPIM_1:BSPIM:ld_ident\
            + \SPIM_1:BSPIM:state_2\ * !\SPIM_1:BSPIM:state_1\ * 
              \SPIM_1:BSPIM:state_0\
            + \SPIM_1:BSPIM:state_2\ * \SPIM_1:BSPIM:state_1\ * 
              !\SPIM_1:BSPIM:state_0\
            + \SPIM_1:BSPIM:state_2\ * !\SPIM_1:BSPIM:mosi_from_dp\
            + !\SPIM_1:BSPIM:state_0\ * !\SPIM_1:BSPIM:mosi_from_dp\
        );
        Output = Net_23 (fanout=2)
        Properties               : 
        {
        }

    [McSlotId=1]:     MacroCell: Name=\SPIM_1:BSPIM:load_rx_data\, Mode=(Combinatorial) @ [UDB=(3,2)][LB=0][MC=1]
        Total # of inputs        : 5
        Total # of product terms : 1
            Clock Enable: True
        Main Equation            : 1 pterm
        (
              !\SPIM_1:BSPIM:count_4\ * !\SPIM_1:BSPIM:count_3\ * 
              !\SPIM_1:BSPIM:count_2\ * !\SPIM_1:BSPIM:count_1\ * 
              \SPIM_1:BSPIM:count_0\
        );
        Output = \SPIM_1:BSPIM:load_rx_data\ (fanout=2)
        Properties               : 
        {
        }

    [McSlotId=2]:     MacroCell: Name=\SPIM_1:BSPIM:tx_status_0\, Mode=(Combinatorial) @ [UDB=(3,2)][LB=0][MC=2]
        Total # of inputs        : 3
        Total # of product terms : 1
            Clock Enable: True
        Main Equation            : 1 pterm
        (
              \SPIM_1:BSPIM:state_2\ * !\SPIM_1:BSPIM:state_1\ * 
              \SPIM_1:BSPIM:state_0\
        );
        Output = \SPIM_1:BSPIM:tx_status_0\ (fanout=1)
        Properties               : 
        {
        }

    [McSlotId=3]:     MacroCell: Name=\SPIM_1:BSPIM:tx_status_4\, Mode=(Combinatorial) @ [UDB=(3,2)][LB=0][MC=3]
        Total # of inputs        : 3
        Total # of product terms : 1
            Clock Enable: True
        Main Equation            : 1 pterm
        (
              !\SPIM_1:BSPIM:state_2\ * !\SPIM_1:BSPIM:state_1\ * 
              !\SPIM_1:BSPIM:state_0\
        );
        Output = \SPIM_1:BSPIM:tx_status_4\ (fanout=1)
        Properties               : 
        {
        }
}

LAB@[UDB=(3,2)][LB=1] #macrocells=3, #inputs=10, #pterms=8
{
    [McSlotId=0]:     MacroCell: Name=\SPIM_1:BSPIM:state_1\, Mode=(T-Register) @ [UDB=(3,2)][LB=1][MC=0]
        Total # of inputs        : 10
        Total # of product terms : 4
        List of special equations: 
            Clock  = (\SPIM_1:Net_276\) => Global
            Clock Enable: True
        Main Equation            : 4 pterms
        (
              !\SPIM_1:BSPIM:state_2\ * !\SPIM_1:BSPIM:state_1\ * 
              \SPIM_1:BSPIM:state_0\
            + !\SPIM_1:BSPIM:state_2\ * \SPIM_1:BSPIM:state_0\ * 
              !\SPIM_1:BSPIM:count_4\ * !\SPIM_1:BSPIM:count_3\ * 
              \SPIM_1:BSPIM:count_2\ * !\SPIM_1:BSPIM:count_1\ * 
              \SPIM_1:BSPIM:count_0\ * !\SPIM_1:BSPIM:tx_status_1\
            + \SPIM_1:BSPIM:state_2\ * !\SPIM_1:BSPIM:state_0\
            + \SPIM_1:BSPIM:state_1\ * !\SPIM_1:BSPIM:state_0\ * 
              !\SPIM_1:BSPIM:count_4\ * !\SPIM_1:BSPIM:count_3\ * 
              !\SPIM_1:BSPIM:count_2\ * \SPIM_1:BSPIM:count_1\ * 
              !\SPIM_1:BSPIM:count_0\ * !\SPIM_1:BSPIM:ld_ident\
        );
        Output = \SPIM_1:BSPIM:state_1\ (fanout=12)
        Properties               : 
        {
        }

    [McSlotId=1]:     MacroCell: Name=\SPIM_1:BSPIM:state_2\, Mode=(D-Register) @ [UDB=(3,2)][LB=1][MC=1]
        Total # of inputs        : 10
        Total # of product terms : 3
        List of special equations: 
            Clock  = (\SPIM_1:Net_276\) => Global
            Clock Enable: True
        Main Equation            : 3 pterms
        (
              !\SPIM_1:BSPIM:state_2\ * !\SPIM_1:BSPIM:state_1\ * 
              \SPIM_1:BSPIM:state_0\
            + !\SPIM_1:BSPIM:state_2\ * \SPIM_1:BSPIM:state_1\ * 
              !\SPIM_1:BSPIM:state_0\ * !\SPIM_1:BSPIM:count_4\ * 
              !\SPIM_1:BSPIM:count_3\ * !\SPIM_1:BSPIM:count_2\ * 
              \SPIM_1:BSPIM:count_1\ * !\SPIM_1:BSPIM:count_0\ * 
              !\SPIM_1:BSPIM:ld_ident\
            + !\SPIM_1:BSPIM:state_2\ * \SPIM_1:BSPIM:state_0\ * 
              !\SPIM_1:BSPIM:count_4\ * !\SPIM_1:BSPIM:count_3\ * 
              \SPIM_1:BSPIM:count_2\ * !\SPIM_1:BSPIM:count_1\ * 
              \SPIM_1:BSPIM:count_0\ * !\SPIM_1:BSPIM:tx_status_1\
        );
        Output = \SPIM_1:BSPIM:state_2\ (fanout=12)
        Properties               : 
        {
        }

    [McSlotId=2]:     MacroCell: Name=\SPIM_1:BSPIM:ld_ident\, Mode=(T-Register) @ [UDB=(3,2)][LB=1][MC=2]
        Total # of inputs        : 9
        Total # of product terms : 3
        List of special equations: 
            Clock  = (\SPIM_1:Net_276\) => Global
            Clock Enable: True
        Main Equation            : 3 pterms
        (
              \SPIM_1:BSPIM:state_2\ * !\SPIM_1:BSPIM:state_1\ * 
              !\SPIM_1:BSPIM:state_0\ * !\SPIM_1:BSPIM:ld_ident\
            + \SPIM_1:BSPIM:state_2\ * \SPIM_1:BSPIM:state_1\ * 
              !\SPIM_1:BSPIM:state_0\ * \SPIM_1:BSPIM:ld_ident\
            + \SPIM_1:BSPIM:state_1\ * !\SPIM_1:BSPIM:state_0\ * 
              !\SPIM_1:BSPIM:count_4\ * !\SPIM_1:BSPIM:count_3\ * 
              !\SPIM_1:BSPIM:count_2\ * \SPIM_1:BSPIM:count_1\ * 
              !\SPIM_1:BSPIM:count_0\ * \SPIM_1:BSPIM:ld_ident\
        );
        Output = \SPIM_1:BSPIM:ld_ident\ (fanout=4)
        Properties               : 
        {
        }

    [McSlotId=3]: (empty)
}

datapathcell: Name =\SPIM_1:BSPIM:sR8:Dp:u0\
    PORT MAP (
        clock => \SPIM_1:Net_276\ ,
        cs_addr_2 => \SPIM_1:BSPIM:state_2\ ,
        cs_addr_1 => \SPIM_1:BSPIM:state_1\ ,
        cs_addr_0 => \SPIM_1:BSPIM:state_0\ ,
        route_si => Net_19 ,
        f1_load => \SPIM_1:BSPIM:load_rx_data\ ,
        so_comb => \SPIM_1:BSPIM:mosi_from_dp\ ,
        f0_bus_stat_comb => \SPIM_1:BSPIM:tx_status_2\ ,
        f0_blk_stat_comb => \SPIM_1:BSPIM:tx_status_1\ ,
        f1_bus_stat_comb => \SPIM_1:BSPIM:rx_status_5\ ,
        f1_blk_stat_comb => \SPIM_1:BSPIM:rx_status_4\ );
    Properties:
    {
        a0_init = "00000000"
        a1_init = "00000000"
        ce0_sync = 1
        ce1_sync = 1
        cl0_sync = 1
        cl1_sync = 1
        cmsb_sync = 1
        co_msb_sync = 1
        cy_dpconfig = "0000000000000000000000001100000000000001010000000001000100010000000000011100000000010001000000000000000101000000000000010100000011111111000000001111111111111111000000000010001000001000111100000000000000000100"
        d0_init = "00000000"
        d1_init = "00000000"
        f0_blk_sync = 1
        f0_bus_sync = 1
        f1_blk_sync = 1
        f1_bus_sync = 1
        ff0_sync = 1
        ff1_sync = 1
        ov_msb_sync = 1
        so_sync = 1
        z0_sync = 1
        z1_sync = 1
    }
    Clock Polarity: Active High
    Clock Enable: True

count7cell: Name =\SPIM_1:BSPIM:BitCounter\
    PORT MAP (
        clock => \SPIM_1:Net_276\ ,
        enable => \SPIM_1:BSPIM:cnt_enable\ ,
        count_6 => \SPIM_1:BSPIM:count_6\ ,
        count_5 => \SPIM_1:BSPIM:count_5\ ,
        count_4 => \SPIM_1:BSPIM:count_4\ ,
        count_3 => \SPIM_1:BSPIM:count_3\ ,
        count_2 => \SPIM_1:BSPIM:count_2\ ,
        count_1 => \SPIM_1:BSPIM:count_1\ ,
        count_0 => \SPIM_1:BSPIM:count_0\ ,
        tc => \SPIM_1:BSPIM:cnt_tc\ );
    Properties:
    {
        cy_alt_mode = 0
        cy_init_value = "0000000"
        cy_period = "0001111"
        cy_route_en = 1
        cy_route_ld = 0
    }
    Clock Polarity: Active High
    Clock Enable: True

UDB [UDB=(3,3)] is empty.
UDB [UDB=(3,4)] is empty.
UDB [UDB=(3,5)] is empty.
Intr container @ [IntrContainer=(0)]: empty
Drq container @ [DrqContainer=(0)]: empty
Port 0 contains the following IO cells:
Port 1 contains the following IO cells:
Port 2 contains the following IO cells:
Port 3 contains the following IO cells:
Port 12 contains the following IO cells:
[IoId=2]: 
Pin : Name = MOSI_1(0)
    Attributes:
        In Group/Port: True
        In Sync Option: AUTO
        Out Sync Option: NOSYNC
        Interrupt generated: False
        Interrupt mode: NONE
        Drive mode: CMOS_OUT
        VTrip: EITHER
        Slew: FAST
        Input Sync needed: False
        Output Sync needed: False
        SC shield enabled: False
        POR State: ANY
        LCD Mode: COMMON
        Register Mode: RegComb
        CaSense Mode: NEITHER
        Treat as pin: True
        Is OE Registered: False
        Uses Analog: False
        Can contain Digital: True
        Is SIO: False
        SIO Output Buf: NONREGULATED
        SIO Input Buf: SINGLE_ENDED
        SIO HiFreq: LOW
        SIO Hyst: DISABLED
        SIO Vtrip: MULTIPLIER_0_5
        SIO Multiplier Index: 0
        SIO RefSel: VCC_IO
        Required Capabilities: DIGITAL, ROUTABLE
        Initial Value: 0
        IO Voltage: 0
    PORT MAP (
        pa_out => MOSI_1(0)__PA ,
        pin_input => Net_23 ,
        pad => MOSI_1(0)_PAD );
    Properties:
    {
    }

[IoId=3]: 
Pin : Name = SCLK_1(0)
    Attributes:
        In Group/Port: True
        In Sync Option: AUTO
        Out Sync Option: NOSYNC
        Interrupt generated: False
        Interrupt mode: NONE
        Drive mode: CMOS_OUT
        VTrip: EITHER
        Slew: FAST
        Input Sync needed: False
        Output Sync needed: False
        SC shield enabled: False
        POR State: ANY
        LCD Mode: COMMON
        Register Mode: RegComb
        CaSense Mode: NEITHER
        Treat as pin: True
        Is OE Registered: False
        Uses Analog: False
        Can contain Digital: True
        Is SIO: False
        SIO Output Buf: NONREGULATED
        SIO Input Buf: SINGLE_ENDED
        SIO HiFreq: LOW
        SIO Hyst: DISABLED
        SIO Vtrip: MULTIPLIER_0_5
        SIO Multiplier Index: 0
        SIO RefSel: VCC_IO
        Required Capabilities: DIGITAL, ROUTABLE
        Initial Value: 0
        IO Voltage: 0
    PORT MAP (
        pa_out => SCLK_1(0)__PA ,
        pin_input => Net_25 ,
        pad => SCLK_1(0)_PAD );
    Properties:
    {
    }

[IoId=6]: 
Pin : Name = MISO_1(0)
    Attributes:
        In Group/Port: True
        In Sync Option: NOSYNC
        Out Sync Option: AUTO
        Interrupt generated: False
        Interrupt mode: NONE
        Drive mode: HI_Z_DIGITAL
        VTrip: CMOS
        Slew: FAST
        Input Sync needed: False
        Output Sync needed: False
        SC shield enabled: False
        POR State: ANY
        LCD Mode: COMMON
        Register Mode: RegComb
        CaSense Mode: NEITHER
        Treat as pin: True
        Is OE Registered: False
        Uses Analog: False
        Can contain Digital: True
        Is SIO: False
        SIO Output Buf: NONREGULATED
        SIO Input Buf: SINGLE_ENDED
        SIO HiFreq: LOW
        SIO Hyst: DISABLED
        SIO Vtrip: MULTIPLIER_0_5
        SIO Multiplier Index: 0
        SIO RefSel: VCC_IO
        Required Capabilities: DIGITAL, ROUTABLE
        Initial Value: 0
        IO Voltage: 0
    PORT MAP (
        pa_out => MISO_1(0)__PA ,
        fb => Net_19 ,
        pad => MISO_1(0)_PAD );
    Properties:
    {
    }

[IoId=7]: 
Pin : Name = SS(0)
    Attributes:
        In Group/Port: True
        In Sync Option: AUTO
        Out Sync Option: NOSYNC
        Interrupt generated: False
        Interrupt mode: NONE
        Drive mode: CMOS_OUT
        VTrip: EITHER
        Slew: FAST
        Input Sync needed: False
        Output Sync needed: False
        SC shield enabled: False
        POR State: ANY
        LCD Mode: COMMON
        Register Mode: RegComb
        CaSense Mode: NEITHER
        Treat as pin: True
        Is OE Registered: False
        Uses Analog: False
        Can contain Digital: True
        Is SIO: False
        SIO Output Buf: NONREGULATED
        SIO Input Buf: SINGLE_ENDED
        SIO HiFreq: LOW
        SIO Hyst: DISABLED
        SIO Vtrip: MULTIPLIER_0_5
        SIO Multiplier Index: 0
        SIO RefSel: VCC_IO
        Required Capabilities: DIGITAL, ROUTABLE
        Initial Value: 0
        IO Voltage: 0
    PORT MAP (
        pa_out => SS(0)__PA ,
        pin_input => Net_29 ,
        pad => SS(0)_PAD );
    Properties:
    {
    }

Port 15 contains the following IO cells:
ARM group 0: empty
CAN group 0: empty
Cache group 0: empty
CapSense group 0: empty
Clock group 0: 
    Clock Block @ F(Clock,0): 
    clockblockcell: Name =ClockBlock
        PORT MAP (
            imo => ClockBlock_IMO ,
            pllout => ClockBlock_PLL_OUT ,
            ilo => ClockBlock_ILO ,
            clk_100k => ClockBlock_100k ,
            clk_1k => ClockBlock_1k ,
            clk_32k => ClockBlock_32k ,
            xtal => ClockBlock_XTAL ,
            clk_32k_xtal => ClockBlock_XTAL_32KHZ ,
            clk_sync => ClockBlock_MASTER_CLK ,
            clk_bus_glb => ClockBlock_BUS_CLK ,
            clk_bus => ClockBlock_BUS_CLK_local ,
            dclk_glb_0 => \SPIM_1:Net_276\ ,
            dclk_0 => \SPIM_1:Net_276_local\ );
        Properties:
        {
        }
Comparator group 0: empty
DFB group 0: empty
DSM group 0: empty
Decimator group 0: empty
EMIF group 0: empty
I2C group 0: empty
LCD group 0: empty
LVD group 0: empty
PICU group 0: empty
PM group 0: empty
SC group 0: empty
SPC group 0: empty
Timer group 0: empty
USB group 0: empty
VIDAC group 0: empty
OpAmp group 0: empty
CsAbuf group 0: empty
Vref group 0: empty
LPF group 0: empty
SAR group 0: empty
ANAIF group 0: empty
PHUB group 0: empty
</CYPRESSTAG>
<CYPRESSTAG name="Port Configuration Details">

------------------------------------------------------------
Port Configuration report
------------------------------------------------------------
     |     |       | Interrupt |                  |           | 
Port | Pin | Fixed |      Type |       Drive Mode |      Name | Connections
-----+-----+-------+-----------+------------------+-----------+------------
  12 |   2 |     * |      NONE |         CMOS_OUT | MOSI_1(0) | In(Net_23)
     |   3 |     * |      NONE |         CMOS_OUT | SCLK_1(0) | In(Net_25)
     |   6 |     * |      NONE |     HI_Z_DIGITAL | MISO_1(0) | FB(Net_19)
     |   7 |     * |      NONE |         CMOS_OUT |     SS(0) | In(Net_29)
---------------------------------------------------------------------------
</CYPRESSTAG>
</CYPRESSTAG>
</CYPRESSTAG>
Digital component placer commit/Report: Elapsed time ==> 0s.109ms
Digital Placement phase: Elapsed time ==> 1s.706ms
</CYPRESSTAG>
<CYPRESSTAG name="Digital Routing">
"C:\Program Files (x86)\Cypress\PSoC Creator\4.2\PSoC Creator\bin/sjrouter.exe" --xml-path "C:\Program Files (x86)\Cypress\PSoC Creator\4.2\PSoC Creator\dev\psoc5/psoc5lp/route_arch-rrg.cydata" --vh2-path "PIXY2_r.vh2" --pcf-path "PIXY2.pco" --des-name "PIXY2" --dsf-path "PIXY2.dsf" --sdc-path "PIXY2.sdc" --lib-path "PIXY2_r.lib"
Routing successful.
Digital Routing phase: Elapsed time ==> 2s.183ms
</CYPRESSTAG>
<CYPRESSTAG name="Bitstream Generation">
Bitstream Generation phase: Elapsed time ==> 0s.290ms
</CYPRESSTAG>
<CYPRESSTAG name="Bitstream Verification">
Bitstream Verification phase: Elapsed time ==> 0s.073ms
</CYPRESSTAG>
<CYPRESSTAG name="Static timing analysis">
Timing report is in PIXY2_timing.html.
Static timing analysis phase: Elapsed time ==> 0s.618ms
</CYPRESSTAG>
<CYPRESSTAG name="Data reporting">
Data reporting phase: Elapsed time ==> 0s.193ms
</CYPRESSTAG>
<CYPRESSTAG name="Database update...">
Design database save phase: Elapsed time ==> 0s.314ms
</CYPRESSTAG>
cydsfit: Elapsed time ==> 6s.311ms
</CYPRESSTAG>
Fitter phase: Elapsed time ==> 6s.312ms
API generation phase: Elapsed time ==> 1s.404ms
Dependency generation phase: Elapsed time ==> 0s.022ms
Cleanup phase: Elapsed time ==> 0s.001ms
