ARM GAS  C:\Users\GEORGE~1\AppData\Local\Temp\ccyGFFYR.s 			page 1


   1              		.syntax unified
   2              		.cpu cortex-m3
   3              		.fpu softvfp
   4              		.eabi_attribute 20, 1
   5              		.eabi_attribute 21, 1
   6              		.eabi_attribute 23, 3
   7              		.eabi_attribute 24, 1
   8              		.eabi_attribute 25, 1
   9              		.eabi_attribute 26, 1
  10              		.eabi_attribute 30, 1
  11              		.eabi_attribute 34, 1
  12              		.eabi_attribute 18, 4
  13              		.thumb
  14              		.syntax unified
  15              		.file	"UltraSonic_PM.c"
  16              		.text
  17              	.Ltext0:
  18              		.cfi_sections	.debug_frame
  19              		.section	.text.UltraSonic_SaveConfig,"ax",%progbits
  20              		.align	2
  21              		.global	UltraSonic_SaveConfig
  22              		.thumb
  23              		.thumb_func
  24              		.type	UltraSonic_SaveConfig, %function
  25              	UltraSonic_SaveConfig:
  26              	.LFB0:
  27              		.file 1 "Generated_Source\\PSoC5\\UltraSonic_PM.c"
   1:Generated_Source\PSoC5/UltraSonic_PM.c **** /*******************************************************************************
   2:Generated_Source\PSoC5/UltraSonic_PM.c **** * File Name: UltraSonic_PM.c
   3:Generated_Source\PSoC5/UltraSonic_PM.c **** * Version 3.30
   4:Generated_Source\PSoC5/UltraSonic_PM.c **** *
   5:Generated_Source\PSoC5/UltraSonic_PM.c **** * Description:
   6:Generated_Source\PSoC5/UltraSonic_PM.c **** *  This file provides the power management source code to API for the
   7:Generated_Source\PSoC5/UltraSonic_PM.c **** *  PWM.
   8:Generated_Source\PSoC5/UltraSonic_PM.c **** *
   9:Generated_Source\PSoC5/UltraSonic_PM.c **** * Note:
  10:Generated_Source\PSoC5/UltraSonic_PM.c **** *
  11:Generated_Source\PSoC5/UltraSonic_PM.c **** ********************************************************************************
  12:Generated_Source\PSoC5/UltraSonic_PM.c **** * Copyright 2008-2014, Cypress Semiconductor Corporation.  All rights reserved.
  13:Generated_Source\PSoC5/UltraSonic_PM.c **** * You may use this file only in accordance with the license, terms, conditions,
  14:Generated_Source\PSoC5/UltraSonic_PM.c **** * disclaimers, and limitations in the end user license agreement accompanying
  15:Generated_Source\PSoC5/UltraSonic_PM.c **** * the software package with which this file was provided.
  16:Generated_Source\PSoC5/UltraSonic_PM.c **** *******************************************************************************/
  17:Generated_Source\PSoC5/UltraSonic_PM.c **** 
  18:Generated_Source\PSoC5/UltraSonic_PM.c **** #include "UltraSonic.h"
  19:Generated_Source\PSoC5/UltraSonic_PM.c **** 
  20:Generated_Source\PSoC5/UltraSonic_PM.c **** static UltraSonic_backupStruct UltraSonic_backup;
  21:Generated_Source\PSoC5/UltraSonic_PM.c **** 
  22:Generated_Source\PSoC5/UltraSonic_PM.c **** 
  23:Generated_Source\PSoC5/UltraSonic_PM.c **** /*******************************************************************************
  24:Generated_Source\PSoC5/UltraSonic_PM.c **** * Function Name: UltraSonic_SaveConfig
  25:Generated_Source\PSoC5/UltraSonic_PM.c **** ********************************************************************************
  26:Generated_Source\PSoC5/UltraSonic_PM.c **** *
  27:Generated_Source\PSoC5/UltraSonic_PM.c **** * Summary:
  28:Generated_Source\PSoC5/UltraSonic_PM.c **** *  Saves the current user configuration of the component.
  29:Generated_Source\PSoC5/UltraSonic_PM.c **** *
  30:Generated_Source\PSoC5/UltraSonic_PM.c **** * Parameters:
ARM GAS  C:\Users\GEORGE~1\AppData\Local\Temp\ccyGFFYR.s 			page 2


  31:Generated_Source\PSoC5/UltraSonic_PM.c **** *  None
  32:Generated_Source\PSoC5/UltraSonic_PM.c **** *
  33:Generated_Source\PSoC5/UltraSonic_PM.c **** * Return:
  34:Generated_Source\PSoC5/UltraSonic_PM.c **** *  None
  35:Generated_Source\PSoC5/UltraSonic_PM.c **** *
  36:Generated_Source\PSoC5/UltraSonic_PM.c **** * Global variables:
  37:Generated_Source\PSoC5/UltraSonic_PM.c **** *  UltraSonic_backup:  Variables of this global structure are modified to
  38:Generated_Source\PSoC5/UltraSonic_PM.c **** *  store the values of non retention configuration registers when Sleep() API is
  39:Generated_Source\PSoC5/UltraSonic_PM.c **** *  called.
  40:Generated_Source\PSoC5/UltraSonic_PM.c **** *
  41:Generated_Source\PSoC5/UltraSonic_PM.c **** *******************************************************************************/
  42:Generated_Source\PSoC5/UltraSonic_PM.c **** void UltraSonic_SaveConfig(void) 
  43:Generated_Source\PSoC5/UltraSonic_PM.c **** {
  28              		.loc 1 43 0
  29              		.cfi_startproc
  30              		@ args = 0, pretend = 0, frame = 0
  31              		@ frame_needed = 0, uses_anonymous_args = 0
  32 0000 10B5     		push	{r4, lr}
  33              		.cfi_def_cfa_offset 8
  34              		.cfi_offset 4, -8
  35              		.cfi_offset 14, -4
  44:Generated_Source\PSoC5/UltraSonic_PM.c **** 
  45:Generated_Source\PSoC5/UltraSonic_PM.c ****     #if(!UltraSonic_UsingFixedFunction)
  46:Generated_Source\PSoC5/UltraSonic_PM.c ****         #if(!UltraSonic_PWMModeIsCenterAligned)
  47:Generated_Source\PSoC5/UltraSonic_PM.c ****             UltraSonic_backup.PWMPeriod = UltraSonic_ReadPeriod();
  36              		.loc 1 47 0
  37 0002 FFF7FEFF 		bl	UltraSonic_ReadPeriod
  38              	.LVL0:
  39 0006 064C     		ldr	r4, .L3
  40 0008 A080     		strh	r0, [r4, #4]	@ movhi
  48:Generated_Source\PSoC5/UltraSonic_PM.c ****         #endif /* (!UltraSonic_PWMModeIsCenterAligned) */
  49:Generated_Source\PSoC5/UltraSonic_PM.c ****         UltraSonic_backup.PWMUdb = UltraSonic_ReadCounter();
  41              		.loc 1 49 0
  42 000a FFF7FEFF 		bl	UltraSonic_ReadCounter
  43              	.LVL1:
  44 000e 6080     		strh	r0, [r4, #2]	@ movhi
  50:Generated_Source\PSoC5/UltraSonic_PM.c ****         #if (UltraSonic_UseStatus)
  51:Generated_Source\PSoC5/UltraSonic_PM.c ****             UltraSonic_backup.InterruptMaskValue = UltraSonic_STATUS_MASK;
  45              		.loc 1 51 0
  46 0010 044B     		ldr	r3, .L3+4
  47 0012 1B78     		ldrb	r3, [r3]	@ zero_extendqisi2
  48 0014 A371     		strb	r3, [r4, #6]
  52:Generated_Source\PSoC5/UltraSonic_PM.c ****         #endif /* (UltraSonic_UseStatus) */
  53:Generated_Source\PSoC5/UltraSonic_PM.c **** 
  54:Generated_Source\PSoC5/UltraSonic_PM.c ****         #if(UltraSonic_DeadBandMode == UltraSonic__B_PWM__DBM_256_CLOCKS || \
  55:Generated_Source\PSoC5/UltraSonic_PM.c ****             UltraSonic_DeadBandMode == UltraSonic__B_PWM__DBM_2_4_CLOCKS)
  56:Generated_Source\PSoC5/UltraSonic_PM.c ****             UltraSonic_backup.PWMdeadBandValue = UltraSonic_ReadDeadTime();
  57:Generated_Source\PSoC5/UltraSonic_PM.c ****         #endif /*  deadband count is either 2-4 clocks or 256 clocks */
  58:Generated_Source\PSoC5/UltraSonic_PM.c **** 
  59:Generated_Source\PSoC5/UltraSonic_PM.c ****         #if(UltraSonic_KillModeMinTime)
  60:Generated_Source\PSoC5/UltraSonic_PM.c ****              UltraSonic_backup.PWMKillCounterPeriod = UltraSonic_ReadKillTime();
  61:Generated_Source\PSoC5/UltraSonic_PM.c ****         #endif /* (UltraSonic_KillModeMinTime) */
  62:Generated_Source\PSoC5/UltraSonic_PM.c **** 
  63:Generated_Source\PSoC5/UltraSonic_PM.c ****         #if(UltraSonic_UseControl)
  64:Generated_Source\PSoC5/UltraSonic_PM.c ****             UltraSonic_backup.PWMControlRegister = UltraSonic_ReadControlRegister();
  49              		.loc 1 64 0
  50 0016 FFF7FEFF 		bl	UltraSonic_ReadControlRegister
ARM GAS  C:\Users\GEORGE~1\AppData\Local\Temp\ccyGFFYR.s 			page 3


  51              	.LVL2:
  52 001a E071     		strb	r0, [r4, #7]
  53 001c 10BD     		pop	{r4, pc}
  54              	.L4:
  55 001e 00BF     		.align	2
  56              	.L3:
  57 0020 00000000 		.word	.LANCHOR0
  58 0024 8B640040 		.word	1073767563
  59              		.cfi_endproc
  60              	.LFE0:
  61              		.size	UltraSonic_SaveConfig, .-UltraSonic_SaveConfig
  62              		.section	.text.UltraSonic_RestoreConfig,"ax",%progbits
  63              		.align	2
  64              		.global	UltraSonic_RestoreConfig
  65              		.thumb
  66              		.thumb_func
  67              		.type	UltraSonic_RestoreConfig, %function
  68              	UltraSonic_RestoreConfig:
  69              	.LFB1:
  65:Generated_Source\PSoC5/UltraSonic_PM.c ****         #endif /* (UltraSonic_UseControl) */
  66:Generated_Source\PSoC5/UltraSonic_PM.c ****     #endif  /* (!UltraSonic_UsingFixedFunction) */
  67:Generated_Source\PSoC5/UltraSonic_PM.c **** }
  68:Generated_Source\PSoC5/UltraSonic_PM.c **** 
  69:Generated_Source\PSoC5/UltraSonic_PM.c **** 
  70:Generated_Source\PSoC5/UltraSonic_PM.c **** /*******************************************************************************
  71:Generated_Source\PSoC5/UltraSonic_PM.c **** * Function Name: UltraSonic_RestoreConfig
  72:Generated_Source\PSoC5/UltraSonic_PM.c **** ********************************************************************************
  73:Generated_Source\PSoC5/UltraSonic_PM.c **** *
  74:Generated_Source\PSoC5/UltraSonic_PM.c **** * Summary:
  75:Generated_Source\PSoC5/UltraSonic_PM.c **** *  Restores the current user configuration of the component.
  76:Generated_Source\PSoC5/UltraSonic_PM.c **** *
  77:Generated_Source\PSoC5/UltraSonic_PM.c **** * Parameters:
  78:Generated_Source\PSoC5/UltraSonic_PM.c **** *  None
  79:Generated_Source\PSoC5/UltraSonic_PM.c **** *
  80:Generated_Source\PSoC5/UltraSonic_PM.c **** * Return:
  81:Generated_Source\PSoC5/UltraSonic_PM.c **** *  None
  82:Generated_Source\PSoC5/UltraSonic_PM.c **** *
  83:Generated_Source\PSoC5/UltraSonic_PM.c **** * Global variables:
  84:Generated_Source\PSoC5/UltraSonic_PM.c **** *  UltraSonic_backup:  Variables of this global structure are used to
  85:Generated_Source\PSoC5/UltraSonic_PM.c **** *  restore the values of non retention registers on wakeup from sleep mode.
  86:Generated_Source\PSoC5/UltraSonic_PM.c **** *
  87:Generated_Source\PSoC5/UltraSonic_PM.c **** *******************************************************************************/
  88:Generated_Source\PSoC5/UltraSonic_PM.c **** void UltraSonic_RestoreConfig(void) 
  89:Generated_Source\PSoC5/UltraSonic_PM.c **** {
  70              		.loc 1 89 0
  71              		.cfi_startproc
  72              		@ args = 0, pretend = 0, frame = 0
  73              		@ frame_needed = 0, uses_anonymous_args = 0
  74 0000 10B5     		push	{r4, lr}
  75              		.cfi_def_cfa_offset 8
  76              		.cfi_offset 4, -8
  77              		.cfi_offset 14, -4
  90:Generated_Source\PSoC5/UltraSonic_PM.c ****         #if(!UltraSonic_UsingFixedFunction)
  91:Generated_Source\PSoC5/UltraSonic_PM.c ****             #if(!UltraSonic_PWMModeIsCenterAligned)
  92:Generated_Source\PSoC5/UltraSonic_PM.c ****                 UltraSonic_WritePeriod(UltraSonic_backup.PWMPeriod);
  78              		.loc 1 92 0
  79 0002 074C     		ldr	r4, .L7
ARM GAS  C:\Users\GEORGE~1\AppData\Local\Temp\ccyGFFYR.s 			page 4


  80 0004 A088     		ldrh	r0, [r4, #4]
  81 0006 FFF7FEFF 		bl	UltraSonic_WritePeriod
  82              	.LVL3:
  93:Generated_Source\PSoC5/UltraSonic_PM.c ****             #endif /* (!UltraSonic_PWMModeIsCenterAligned) */
  94:Generated_Source\PSoC5/UltraSonic_PM.c **** 
  95:Generated_Source\PSoC5/UltraSonic_PM.c ****             UltraSonic_WriteCounter(UltraSonic_backup.PWMUdb);
  83              		.loc 1 95 0
  84 000a 6088     		ldrh	r0, [r4, #2]
  85 000c FFF7FEFF 		bl	UltraSonic_WriteCounter
  86              	.LVL4:
  96:Generated_Source\PSoC5/UltraSonic_PM.c **** 
  97:Generated_Source\PSoC5/UltraSonic_PM.c ****             #if (UltraSonic_UseStatus)
  98:Generated_Source\PSoC5/UltraSonic_PM.c ****                 UltraSonic_STATUS_MASK = UltraSonic_backup.InterruptMaskValue;
  87              		.loc 1 98 0
  88 0010 A279     		ldrb	r2, [r4, #6]	@ zero_extendqisi2
  89 0012 044B     		ldr	r3, .L7+4
  90 0014 1A70     		strb	r2, [r3]
  99:Generated_Source\PSoC5/UltraSonic_PM.c ****             #endif /* (UltraSonic_UseStatus) */
 100:Generated_Source\PSoC5/UltraSonic_PM.c **** 
 101:Generated_Source\PSoC5/UltraSonic_PM.c ****             #if(UltraSonic_DeadBandMode == UltraSonic__B_PWM__DBM_256_CLOCKS || \
 102:Generated_Source\PSoC5/UltraSonic_PM.c ****                 UltraSonic_DeadBandMode == UltraSonic__B_PWM__DBM_2_4_CLOCKS)
 103:Generated_Source\PSoC5/UltraSonic_PM.c ****                 UltraSonic_WriteDeadTime(UltraSonic_backup.PWMdeadBandValue);
 104:Generated_Source\PSoC5/UltraSonic_PM.c ****             #endif /* deadband count is either 2-4 clocks or 256 clocks */
 105:Generated_Source\PSoC5/UltraSonic_PM.c **** 
 106:Generated_Source\PSoC5/UltraSonic_PM.c ****             #if(UltraSonic_KillModeMinTime)
 107:Generated_Source\PSoC5/UltraSonic_PM.c ****                 UltraSonic_WriteKillTime(UltraSonic_backup.PWMKillCounterPeriod);
 108:Generated_Source\PSoC5/UltraSonic_PM.c ****             #endif /* (UltraSonic_KillModeMinTime) */
 109:Generated_Source\PSoC5/UltraSonic_PM.c **** 
 110:Generated_Source\PSoC5/UltraSonic_PM.c ****             #if(UltraSonic_UseControl)
 111:Generated_Source\PSoC5/UltraSonic_PM.c ****                 UltraSonic_WriteControlRegister(UltraSonic_backup.PWMControlRegister);
  91              		.loc 1 111 0
  92 0016 E079     		ldrb	r0, [r4, #7]	@ zero_extendqisi2
  93 0018 FFF7FEFF 		bl	UltraSonic_WriteControlRegister
  94              	.LVL5:
  95 001c 10BD     		pop	{r4, pc}
  96              	.L8:
  97 001e 00BF     		.align	2
  98              	.L7:
  99 0020 00000000 		.word	.LANCHOR0
 100 0024 8B640040 		.word	1073767563
 101              		.cfi_endproc
 102              	.LFE1:
 103              		.size	UltraSonic_RestoreConfig, .-UltraSonic_RestoreConfig
 104              		.section	.text.UltraSonic_Sleep,"ax",%progbits
 105              		.align	2
 106              		.global	UltraSonic_Sleep
 107              		.thumb
 108              		.thumb_func
 109              		.type	UltraSonic_Sleep, %function
 110              	UltraSonic_Sleep:
 111              	.LFB2:
 112:Generated_Source\PSoC5/UltraSonic_PM.c ****             #endif /* (UltraSonic_UseControl) */
 113:Generated_Source\PSoC5/UltraSonic_PM.c ****         #endif  /* (!UltraSonic_UsingFixedFunction) */
 114:Generated_Source\PSoC5/UltraSonic_PM.c ****     }
 115:Generated_Source\PSoC5/UltraSonic_PM.c **** 
 116:Generated_Source\PSoC5/UltraSonic_PM.c **** 
 117:Generated_Source\PSoC5/UltraSonic_PM.c **** /*******************************************************************************
ARM GAS  C:\Users\GEORGE~1\AppData\Local\Temp\ccyGFFYR.s 			page 5


 118:Generated_Source\PSoC5/UltraSonic_PM.c **** * Function Name: UltraSonic_Sleep
 119:Generated_Source\PSoC5/UltraSonic_PM.c **** ********************************************************************************
 120:Generated_Source\PSoC5/UltraSonic_PM.c **** *
 121:Generated_Source\PSoC5/UltraSonic_PM.c **** * Summary:
 122:Generated_Source\PSoC5/UltraSonic_PM.c **** *  Disables block's operation and saves the user configuration. Should be called
 123:Generated_Source\PSoC5/UltraSonic_PM.c **** *  just prior to entering sleep.
 124:Generated_Source\PSoC5/UltraSonic_PM.c **** *
 125:Generated_Source\PSoC5/UltraSonic_PM.c **** * Parameters:
 126:Generated_Source\PSoC5/UltraSonic_PM.c **** *  None
 127:Generated_Source\PSoC5/UltraSonic_PM.c **** *
 128:Generated_Source\PSoC5/UltraSonic_PM.c **** * Return:
 129:Generated_Source\PSoC5/UltraSonic_PM.c **** *  None
 130:Generated_Source\PSoC5/UltraSonic_PM.c **** *
 131:Generated_Source\PSoC5/UltraSonic_PM.c **** * Global variables:
 132:Generated_Source\PSoC5/UltraSonic_PM.c **** *  UltraSonic_backup.PWMEnableState:  Is modified depending on the enable
 133:Generated_Source\PSoC5/UltraSonic_PM.c **** *  state of the block before entering sleep mode.
 134:Generated_Source\PSoC5/UltraSonic_PM.c **** *
 135:Generated_Source\PSoC5/UltraSonic_PM.c **** *******************************************************************************/
 136:Generated_Source\PSoC5/UltraSonic_PM.c **** void UltraSonic_Sleep(void) 
 137:Generated_Source\PSoC5/UltraSonic_PM.c **** {
 112              		.loc 1 137 0
 113              		.cfi_startproc
 114              		@ args = 0, pretend = 0, frame = 0
 115              		@ frame_needed = 0, uses_anonymous_args = 0
 116 0000 08B5     		push	{r3, lr}
 117              		.cfi_def_cfa_offset 8
 118              		.cfi_offset 3, -8
 119              		.cfi_offset 14, -4
 138:Generated_Source\PSoC5/UltraSonic_PM.c ****     #if(UltraSonic_UseControl)
 139:Generated_Source\PSoC5/UltraSonic_PM.c ****         if(UltraSonic_CTRL_ENABLE == (UltraSonic_CONTROL & UltraSonic_CTRL_ENABLE))
 120              		.loc 1 139 0
 121 0002 084B     		ldr	r3, .L13
 122 0004 1B78     		ldrb	r3, [r3]	@ zero_extendqisi2
 123 0006 13F0800F 		tst	r3, #128
 124 000a 03D0     		beq	.L10
 140:Generated_Source\PSoC5/UltraSonic_PM.c ****         {
 141:Generated_Source\PSoC5/UltraSonic_PM.c ****             /*Component is enabled */
 142:Generated_Source\PSoC5/UltraSonic_PM.c ****             UltraSonic_backup.PWMEnableState = 1u;
 125              		.loc 1 142 0
 126 000c 0122     		movs	r2, #1
 127 000e 064B     		ldr	r3, .L13+4
 128 0010 1A70     		strb	r2, [r3]
 129 0012 02E0     		b	.L11
 130              	.L10:
 143:Generated_Source\PSoC5/UltraSonic_PM.c ****         }
 144:Generated_Source\PSoC5/UltraSonic_PM.c ****         else
 145:Generated_Source\PSoC5/UltraSonic_PM.c ****         {
 146:Generated_Source\PSoC5/UltraSonic_PM.c ****             /* Component is disabled */
 147:Generated_Source\PSoC5/UltraSonic_PM.c ****             UltraSonic_backup.PWMEnableState = 0u;
 131              		.loc 1 147 0
 132 0014 0022     		movs	r2, #0
 133 0016 044B     		ldr	r3, .L13+4
 134 0018 1A70     		strb	r2, [r3]
 135              	.L11:
 148:Generated_Source\PSoC5/UltraSonic_PM.c ****         }
 149:Generated_Source\PSoC5/UltraSonic_PM.c ****     #endif /* (UltraSonic_UseControl) */
 150:Generated_Source\PSoC5/UltraSonic_PM.c **** 
ARM GAS  C:\Users\GEORGE~1\AppData\Local\Temp\ccyGFFYR.s 			page 6


 151:Generated_Source\PSoC5/UltraSonic_PM.c ****     /* Stop component */
 152:Generated_Source\PSoC5/UltraSonic_PM.c ****     UltraSonic_Stop();
 136              		.loc 1 152 0
 137 001a FFF7FEFF 		bl	UltraSonic_Stop
 138              	.LVL6:
 153:Generated_Source\PSoC5/UltraSonic_PM.c **** 
 154:Generated_Source\PSoC5/UltraSonic_PM.c ****     /* Save registers configuration */
 155:Generated_Source\PSoC5/UltraSonic_PM.c ****     UltraSonic_SaveConfig();
 139              		.loc 1 155 0
 140 001e FFF7FEFF 		bl	UltraSonic_SaveConfig
 141              	.LVL7:
 142 0022 08BD     		pop	{r3, pc}
 143              	.L14:
 144              		.align	2
 145              	.L13:
 146 0024 7B640040 		.word	1073767547
 147 0028 00000000 		.word	.LANCHOR0
 148              		.cfi_endproc
 149              	.LFE2:
 150              		.size	UltraSonic_Sleep, .-UltraSonic_Sleep
 151              		.section	.text.UltraSonic_Wakeup,"ax",%progbits
 152              		.align	2
 153              		.global	UltraSonic_Wakeup
 154              		.thumb
 155              		.thumb_func
 156              		.type	UltraSonic_Wakeup, %function
 157              	UltraSonic_Wakeup:
 158              	.LFB3:
 156:Generated_Source\PSoC5/UltraSonic_PM.c **** }
 157:Generated_Source\PSoC5/UltraSonic_PM.c **** 
 158:Generated_Source\PSoC5/UltraSonic_PM.c **** 
 159:Generated_Source\PSoC5/UltraSonic_PM.c **** /*******************************************************************************
 160:Generated_Source\PSoC5/UltraSonic_PM.c **** * Function Name: UltraSonic_Wakeup
 161:Generated_Source\PSoC5/UltraSonic_PM.c **** ********************************************************************************
 162:Generated_Source\PSoC5/UltraSonic_PM.c **** *
 163:Generated_Source\PSoC5/UltraSonic_PM.c **** * Summary:
 164:Generated_Source\PSoC5/UltraSonic_PM.c **** *  Restores and enables the user configuration. Should be called just after
 165:Generated_Source\PSoC5/UltraSonic_PM.c **** *  awaking from sleep.
 166:Generated_Source\PSoC5/UltraSonic_PM.c **** *
 167:Generated_Source\PSoC5/UltraSonic_PM.c **** * Parameters:
 168:Generated_Source\PSoC5/UltraSonic_PM.c **** *  None
 169:Generated_Source\PSoC5/UltraSonic_PM.c **** *
 170:Generated_Source\PSoC5/UltraSonic_PM.c **** * Return:
 171:Generated_Source\PSoC5/UltraSonic_PM.c **** *  None
 172:Generated_Source\PSoC5/UltraSonic_PM.c **** *
 173:Generated_Source\PSoC5/UltraSonic_PM.c **** * Global variables:
 174:Generated_Source\PSoC5/UltraSonic_PM.c **** *  UltraSonic_backup.pwmEnable:  Is used to restore the enable state of
 175:Generated_Source\PSoC5/UltraSonic_PM.c **** *  block on wakeup from sleep mode.
 176:Generated_Source\PSoC5/UltraSonic_PM.c **** *
 177:Generated_Source\PSoC5/UltraSonic_PM.c **** *******************************************************************************/
 178:Generated_Source\PSoC5/UltraSonic_PM.c **** void UltraSonic_Wakeup(void) 
 179:Generated_Source\PSoC5/UltraSonic_PM.c **** {
 159              		.loc 1 179 0
 160              		.cfi_startproc
 161              		@ args = 0, pretend = 0, frame = 0
 162              		@ frame_needed = 0, uses_anonymous_args = 0
 163 0000 08B5     		push	{r3, lr}
ARM GAS  C:\Users\GEORGE~1\AppData\Local\Temp\ccyGFFYR.s 			page 7


 164              		.cfi_def_cfa_offset 8
 165              		.cfi_offset 3, -8
 166              		.cfi_offset 14, -4
 180:Generated_Source\PSoC5/UltraSonic_PM.c ****      /* Restore registers values */
 181:Generated_Source\PSoC5/UltraSonic_PM.c ****     UltraSonic_RestoreConfig();
 167              		.loc 1 181 0
 168 0002 FFF7FEFF 		bl	UltraSonic_RestoreConfig
 169              	.LVL8:
 182:Generated_Source\PSoC5/UltraSonic_PM.c **** 
 183:Generated_Source\PSoC5/UltraSonic_PM.c ****     if(UltraSonic_backup.PWMEnableState != 0u)
 170              		.loc 1 183 0
 171 0006 034B     		ldr	r3, .L18
 172 0008 1B78     		ldrb	r3, [r3]	@ zero_extendqisi2
 173 000a 0BB1     		cbz	r3, .L15
 184:Generated_Source\PSoC5/UltraSonic_PM.c ****     {
 185:Generated_Source\PSoC5/UltraSonic_PM.c ****         /* Enable component's operation */
 186:Generated_Source\PSoC5/UltraSonic_PM.c ****         UltraSonic_Enable();
 174              		.loc 1 186 0
 175 000c FFF7FEFF 		bl	UltraSonic_Enable
 176              	.LVL9:
 177              	.L15:
 178 0010 08BD     		pop	{r3, pc}
 179              	.L19:
 180 0012 00BF     		.align	2
 181              	.L18:
 182 0014 00000000 		.word	.LANCHOR0
 183              		.cfi_endproc
 184              	.LFE3:
 185              		.size	UltraSonic_Wakeup, .-UltraSonic_Wakeup
 186              		.bss
 187              		.align	2
 188              		.set	.LANCHOR0,. + 0
 189              		.type	UltraSonic_backup, %object
 190              		.size	UltraSonic_backup, 8
 191              	UltraSonic_backup:
 192 0000 00000000 		.space	8
 192      00000000 
 193              		.text
 194              	.Letext0:
 195              		.file 2 "Generated_Source\\PSoC5\\cytypes.h"
 196              		.file 3 "Generated_Source\\PSoC5\\UltraSonic.h"
 197              		.section	.debug_info,"",%progbits
 198              	.Ldebug_info0:
 199 0000 1F020000 		.4byte	0x21f
 200 0004 0400     		.2byte	0x4
 201 0006 00000000 		.4byte	.Ldebug_abbrev0
 202 000a 04       		.byte	0x4
 203 000b 01       		.uleb128 0x1
 204 000c 27010000 		.4byte	.LASF35
 205 0010 0C       		.byte	0xc
 206 0011 31000000 		.4byte	.LASF36
 207 0015 58000000 		.4byte	.LASF37
 208 0019 00000000 		.4byte	.Ldebug_ranges0+0
 209 001d 00000000 		.4byte	0
 210 0021 00000000 		.4byte	.Ldebug_line0
 211 0025 02       		.uleb128 0x2
 212 0026 01       		.byte	0x1
ARM GAS  C:\Users\GEORGE~1\AppData\Local\Temp\ccyGFFYR.s 			page 8


 213 0027 06       		.byte	0x6
 214 0028 1E030000 		.4byte	.LASF0
 215 002c 02       		.uleb128 0x2
 216 002d 01       		.byte	0x1
 217 002e 08       		.byte	0x8
 218 002f 19010000 		.4byte	.LASF1
 219 0033 02       		.uleb128 0x2
 220 0034 02       		.byte	0x2
 221 0035 05       		.byte	0x5
 222 0036 D7020000 		.4byte	.LASF2
 223 003a 02       		.uleb128 0x2
 224 003b 02       		.byte	0x2
 225 003c 07       		.byte	0x7
 226 003d C3000000 		.4byte	.LASF3
 227 0041 02       		.uleb128 0x2
 228 0042 04       		.byte	0x4
 229 0043 05       		.byte	0x5
 230 0044 F7020000 		.4byte	.LASF4
 231 0048 02       		.uleb128 0x2
 232 0049 04       		.byte	0x4
 233 004a 07       		.byte	0x7
 234 004b D6010000 		.4byte	.LASF5
 235 004f 02       		.uleb128 0x2
 236 0050 08       		.byte	0x8
 237 0051 05       		.byte	0x5
 238 0052 A3020000 		.4byte	.LASF6
 239 0056 02       		.uleb128 0x2
 240 0057 08       		.byte	0x8
 241 0058 07       		.byte	0x7
 242 0059 66020000 		.4byte	.LASF7
 243 005d 03       		.uleb128 0x3
 244 005e 04       		.byte	0x4
 245 005f 05       		.byte	0x5
 246 0060 696E7400 		.ascii	"int\000"
 247 0064 02       		.uleb128 0x2
 248 0065 04       		.byte	0x4
 249 0066 07       		.byte	0x7
 250 0067 43020000 		.4byte	.LASF8
 251 006b 04       		.uleb128 0x4
 252 006c E8010000 		.4byte	.LASF9
 253 0070 02       		.byte	0x2
 254 0071 E401     		.2byte	0x1e4
 255 0073 2C000000 		.4byte	0x2c
 256 0077 04       		.uleb128 0x4
 257 0078 3C020000 		.4byte	.LASF10
 258 007c 02       		.byte	0x2
 259 007d E501     		.2byte	0x1e5
 260 007f 3A000000 		.4byte	0x3a
 261 0083 02       		.uleb128 0x2
 262 0084 04       		.byte	0x4
 263 0085 04       		.byte	0x4
 264 0086 00010000 		.4byte	.LASF11
 265 008a 02       		.uleb128 0x2
 266 008b 08       		.byte	0x8
 267 008c 04       		.byte	0x4
 268 008d 1E020000 		.4byte	.LASF12
 269 0091 02       		.uleb128 0x2
ARM GAS  C:\Users\GEORGE~1\AppData\Local\Temp\ccyGFFYR.s 			page 9


 270 0092 01       		.byte	0x1
 271 0093 08       		.byte	0x8
 272 0094 B1020000 		.4byte	.LASF13
 273 0098 04       		.uleb128 0x4
 274 0099 7D020000 		.4byte	.LASF14
 275 009d 02       		.byte	0x2
 276 009e 8E02     		.2byte	0x28e
 277 00a0 A4000000 		.4byte	0xa4
 278 00a4 05       		.uleb128 0x5
 279 00a5 6B000000 		.4byte	0x6b
 280 00a9 02       		.uleb128 0x2
 281 00aa 08       		.byte	0x8
 282 00ab 04       		.byte	0x4
 283 00ac 12030000 		.4byte	.LASF15
 284 00b0 02       		.uleb128 0x2
 285 00b1 04       		.byte	0x4
 286 00b2 07       		.byte	0x7
 287 00b3 9A020000 		.4byte	.LASF16
 288 00b7 06       		.uleb128 0x6
 289 00b8 08       		.byte	0x8
 290 00b9 03       		.byte	0x3
 291 00ba 6B       		.byte	0x6b
 292 00bb FC000000 		.4byte	0xfc
 293 00bf 07       		.uleb128 0x7
 294 00c0 B5010000 		.4byte	.LASF17
 295 00c4 03       		.byte	0x3
 296 00c5 6E       		.byte	0x6e
 297 00c6 6B000000 		.4byte	0x6b
 298 00ca 00       		.byte	0
 299 00cb 07       		.uleb128 0x7
 300 00cc 00000000 		.4byte	.LASF18
 301 00d0 03       		.byte	0x3
 302 00d1 71       		.byte	0x71
 303 00d2 77000000 		.4byte	0x77
 304 00d6 02       		.byte	0x2
 305 00d7 07       		.uleb128 0x7
 306 00d8 07000000 		.4byte	.LASF19
 307 00dc 03       		.byte	0x3
 308 00dd 73       		.byte	0x73
 309 00de 77000000 		.4byte	0x77
 310 00e2 04       		.byte	0x4
 311 00e3 07       		.uleb128 0x7
 312 00e4 49030000 		.4byte	.LASF20
 313 00e8 03       		.byte	0x3
 314 00e9 76       		.byte	0x76
 315 00ea 6B000000 		.4byte	0x6b
 316 00ee 06       		.byte	0x6
 317 00ef 07       		.uleb128 0x7
 318 00f0 06010000 		.4byte	.LASF21
 319 00f4 03       		.byte	0x3
 320 00f5 86       		.byte	0x86
 321 00f6 6B000000 		.4byte	0x6b
 322 00fa 07       		.byte	0x7
 323 00fb 00       		.byte	0
 324 00fc 08       		.uleb128 0x8
 325 00fd 82020000 		.4byte	.LASF22
 326 0101 03       		.byte	0x3
ARM GAS  C:\Users\GEORGE~1\AppData\Local\Temp\ccyGFFYR.s 			page 10


 327 0102 8B       		.byte	0x8b
 328 0103 B7000000 		.4byte	0xb7
 329 0107 09       		.uleb128 0x9
 330 0108 E1020000 		.4byte	.LASF23
 331 010c 01       		.byte	0x1
 332 010d 2A       		.byte	0x2a
 333 010e 00000000 		.4byte	.LFB0
 334 0112 28000000 		.4byte	.LFE0-.LFB0
 335 0116 01       		.uleb128 0x1
 336 0117 9C       		.byte	0x9c
 337 0118 38010000 		.4byte	0x138
 338 011c 0A       		.uleb128 0xa
 339 011d 06000000 		.4byte	.LVL0
 340 0121 CA010000 		.4byte	0x1ca
 341 0125 0A       		.uleb128 0xa
 342 0126 0E000000 		.4byte	.LVL1
 343 012a D5010000 		.4byte	0x1d5
 344 012e 0A       		.uleb128 0xa
 345 012f 1A000000 		.4byte	.LVL2
 346 0133 E0010000 		.4byte	0x1e0
 347 0137 00       		.byte	0
 348 0138 09       		.uleb128 0x9
 349 0139 05020000 		.4byte	.LASF24
 350 013d 01       		.byte	0x1
 351 013e 58       		.byte	0x58
 352 013f 00000000 		.4byte	.LFB1
 353 0143 28000000 		.4byte	.LFE1-.LFB1
 354 0147 01       		.uleb128 0x1
 355 0148 9C       		.byte	0x9c
 356 0149 69010000 		.4byte	0x169
 357 014d 0A       		.uleb128 0xa
 358 014e 0A000000 		.4byte	.LVL3
 359 0152 EB010000 		.4byte	0x1eb
 360 0156 0A       		.uleb128 0xa
 361 0157 10000000 		.4byte	.LVL4
 362 015b F6010000 		.4byte	0x1f6
 363 015f 0A       		.uleb128 0xa
 364 0160 1C000000 		.4byte	.LVL5
 365 0164 01020000 		.4byte	0x201
 366 0168 00       		.byte	0
 367 0169 09       		.uleb128 0x9
 368 016a C6020000 		.4byte	.LASF25
 369 016e 01       		.byte	0x1
 370 016f 88       		.byte	0x88
 371 0170 00000000 		.4byte	.LFB2
 372 0174 2C000000 		.4byte	.LFE2-.LFB2
 373 0178 01       		.uleb128 0x1
 374 0179 9C       		.byte	0x9c
 375 017a 91010000 		.4byte	0x191
 376 017e 0A       		.uleb128 0xa
 377 017f 1E000000 		.4byte	.LVL6
 378 0183 0C020000 		.4byte	0x20c
 379 0187 0A       		.uleb128 0xa
 380 0188 22000000 		.4byte	.LVL7
 381 018c 07010000 		.4byte	0x107
 382 0190 00       		.byte	0
 383 0191 09       		.uleb128 0x9
ARM GAS  C:\Users\GEORGE~1\AppData\Local\Temp\ccyGFFYR.s 			page 11


 384 0192 C4010000 		.4byte	.LASF26
 385 0196 01       		.byte	0x1
 386 0197 B2       		.byte	0xb2
 387 0198 00000000 		.4byte	.LFB3
 388 019c 18000000 		.4byte	.LFE3-.LFB3
 389 01a0 01       		.uleb128 0x1
 390 01a1 9C       		.byte	0x9c
 391 01a2 B9010000 		.4byte	0x1b9
 392 01a6 0A       		.uleb128 0xa
 393 01a7 06000000 		.4byte	.LVL8
 394 01ab 38010000 		.4byte	0x138
 395 01af 0A       		.uleb128 0xa
 396 01b0 10000000 		.4byte	.LVL9
 397 01b4 17020000 		.4byte	0x217
 398 01b8 00       		.byte	0
 399 01b9 0B       		.uleb128 0xb
 400 01ba D6000000 		.4byte	.LASF38
 401 01be 01       		.byte	0x1
 402 01bf 14       		.byte	0x14
 403 01c0 FC000000 		.4byte	0xfc
 404 01c4 05       		.uleb128 0x5
 405 01c5 03       		.byte	0x3
 406 01c6 00000000 		.4byte	UltraSonic_backup
 407 01ca 0C       		.uleb128 0xc
 408 01cb 50020000 		.4byte	.LASF27
 409 01cf 50020000 		.4byte	.LASF27
 410 01d3 03       		.byte	0x3
 411 01d4 C0       		.byte	0xc0
 412 01d5 0C       		.uleb128 0xc
 413 01d6 25020000 		.4byte	.LASF28
 414 01da 25020000 		.4byte	.LASF28
 415 01de 03       		.byte	0x3
 416 01df B3       		.byte	0xb3
 417 01e0 0C       		.uleb128 0xc
 418 01e1 2A030000 		.4byte	.LASF29
 419 01e5 2A030000 		.4byte	.LASF29
 420 01e9 03       		.byte	0x3
 421 01ea 9D       		.byte	0x9d
 422 01eb 0C       		.uleb128 0xc
 423 01ec EE010000 		.4byte	.LASF30
 424 01f0 EE010000 		.4byte	.LASF30
 425 01f4 03       		.byte	0x3
 426 01f5 BE       		.byte	0xbe
 427 01f6 0C       		.uleb128 0xc
 428 01f7 E8000000 		.4byte	.LASF31
 429 01fb E8000000 		.4byte	.LASF31
 430 01ff 03       		.byte	0x3
 431 0200 BA       		.byte	0xba
 432 0201 0C       		.uleb128 0xc
 433 0202 11000000 		.4byte	.LASF32
 434 0206 11000000 		.4byte	.LASF32
 435 020a 03       		.byte	0x3
 436 020b 9E       		.byte	0x9e
 437 020c 0C       		.uleb128 0xc
 438 020d B6020000 		.4byte	.LASF33
 439 0211 B6020000 		.4byte	.LASF33
 440 0215 03       		.byte	0x3
ARM GAS  C:\Users\GEORGE~1\AppData\Local\Temp\ccyGFFYR.s 			page 12


 441 0216 93       		.byte	0x93
 442 0217 0C       		.uleb128 0xc
 443 0218 00030000 		.4byte	.LASF34
 444 021c 00030000 		.4byte	.LASF34
 445 0220 03       		.byte	0x3
 446 0221 DB       		.byte	0xdb
 447 0222 00       		.byte	0
 448              		.section	.debug_abbrev,"",%progbits
 449              	.Ldebug_abbrev0:
 450 0000 01       		.uleb128 0x1
 451 0001 11       		.uleb128 0x11
 452 0002 01       		.byte	0x1
 453 0003 25       		.uleb128 0x25
 454 0004 0E       		.uleb128 0xe
 455 0005 13       		.uleb128 0x13
 456 0006 0B       		.uleb128 0xb
 457 0007 03       		.uleb128 0x3
 458 0008 0E       		.uleb128 0xe
 459 0009 1B       		.uleb128 0x1b
 460 000a 0E       		.uleb128 0xe
 461 000b 55       		.uleb128 0x55
 462 000c 17       		.uleb128 0x17
 463 000d 11       		.uleb128 0x11
 464 000e 01       		.uleb128 0x1
 465 000f 10       		.uleb128 0x10
 466 0010 17       		.uleb128 0x17
 467 0011 00       		.byte	0
 468 0012 00       		.byte	0
 469 0013 02       		.uleb128 0x2
 470 0014 24       		.uleb128 0x24
 471 0015 00       		.byte	0
 472 0016 0B       		.uleb128 0xb
 473 0017 0B       		.uleb128 0xb
 474 0018 3E       		.uleb128 0x3e
 475 0019 0B       		.uleb128 0xb
 476 001a 03       		.uleb128 0x3
 477 001b 0E       		.uleb128 0xe
 478 001c 00       		.byte	0
 479 001d 00       		.byte	0
 480 001e 03       		.uleb128 0x3
 481 001f 24       		.uleb128 0x24
 482 0020 00       		.byte	0
 483 0021 0B       		.uleb128 0xb
 484 0022 0B       		.uleb128 0xb
 485 0023 3E       		.uleb128 0x3e
 486 0024 0B       		.uleb128 0xb
 487 0025 03       		.uleb128 0x3
 488 0026 08       		.uleb128 0x8
 489 0027 00       		.byte	0
 490 0028 00       		.byte	0
 491 0029 04       		.uleb128 0x4
 492 002a 16       		.uleb128 0x16
 493 002b 00       		.byte	0
 494 002c 03       		.uleb128 0x3
 495 002d 0E       		.uleb128 0xe
 496 002e 3A       		.uleb128 0x3a
 497 002f 0B       		.uleb128 0xb
ARM GAS  C:\Users\GEORGE~1\AppData\Local\Temp\ccyGFFYR.s 			page 13


 498 0030 3B       		.uleb128 0x3b
 499 0031 05       		.uleb128 0x5
 500 0032 49       		.uleb128 0x49
 501 0033 13       		.uleb128 0x13
 502 0034 00       		.byte	0
 503 0035 00       		.byte	0
 504 0036 05       		.uleb128 0x5
 505 0037 35       		.uleb128 0x35
 506 0038 00       		.byte	0
 507 0039 49       		.uleb128 0x49
 508 003a 13       		.uleb128 0x13
 509 003b 00       		.byte	0
 510 003c 00       		.byte	0
 511 003d 06       		.uleb128 0x6
 512 003e 13       		.uleb128 0x13
 513 003f 01       		.byte	0x1
 514 0040 0B       		.uleb128 0xb
 515 0041 0B       		.uleb128 0xb
 516 0042 3A       		.uleb128 0x3a
 517 0043 0B       		.uleb128 0xb
 518 0044 3B       		.uleb128 0x3b
 519 0045 0B       		.uleb128 0xb
 520 0046 01       		.uleb128 0x1
 521 0047 13       		.uleb128 0x13
 522 0048 00       		.byte	0
 523 0049 00       		.byte	0
 524 004a 07       		.uleb128 0x7
 525 004b 0D       		.uleb128 0xd
 526 004c 00       		.byte	0
 527 004d 03       		.uleb128 0x3
 528 004e 0E       		.uleb128 0xe
 529 004f 3A       		.uleb128 0x3a
 530 0050 0B       		.uleb128 0xb
 531 0051 3B       		.uleb128 0x3b
 532 0052 0B       		.uleb128 0xb
 533 0053 49       		.uleb128 0x49
 534 0054 13       		.uleb128 0x13
 535 0055 38       		.uleb128 0x38
 536 0056 0B       		.uleb128 0xb
 537 0057 00       		.byte	0
 538 0058 00       		.byte	0
 539 0059 08       		.uleb128 0x8
 540 005a 16       		.uleb128 0x16
 541 005b 00       		.byte	0
 542 005c 03       		.uleb128 0x3
 543 005d 0E       		.uleb128 0xe
 544 005e 3A       		.uleb128 0x3a
 545 005f 0B       		.uleb128 0xb
 546 0060 3B       		.uleb128 0x3b
 547 0061 0B       		.uleb128 0xb
 548 0062 49       		.uleb128 0x49
 549 0063 13       		.uleb128 0x13
 550 0064 00       		.byte	0
 551 0065 00       		.byte	0
 552 0066 09       		.uleb128 0x9
 553 0067 2E       		.uleb128 0x2e
 554 0068 01       		.byte	0x1
ARM GAS  C:\Users\GEORGE~1\AppData\Local\Temp\ccyGFFYR.s 			page 14


 555 0069 3F       		.uleb128 0x3f
 556 006a 19       		.uleb128 0x19
 557 006b 03       		.uleb128 0x3
 558 006c 0E       		.uleb128 0xe
 559 006d 3A       		.uleb128 0x3a
 560 006e 0B       		.uleb128 0xb
 561 006f 3B       		.uleb128 0x3b
 562 0070 0B       		.uleb128 0xb
 563 0071 27       		.uleb128 0x27
 564 0072 19       		.uleb128 0x19
 565 0073 11       		.uleb128 0x11
 566 0074 01       		.uleb128 0x1
 567 0075 12       		.uleb128 0x12
 568 0076 06       		.uleb128 0x6
 569 0077 40       		.uleb128 0x40
 570 0078 18       		.uleb128 0x18
 571 0079 9742     		.uleb128 0x2117
 572 007b 19       		.uleb128 0x19
 573 007c 01       		.uleb128 0x1
 574 007d 13       		.uleb128 0x13
 575 007e 00       		.byte	0
 576 007f 00       		.byte	0
 577 0080 0A       		.uleb128 0xa
 578 0081 898201   		.uleb128 0x4109
 579 0084 00       		.byte	0
 580 0085 11       		.uleb128 0x11
 581 0086 01       		.uleb128 0x1
 582 0087 31       		.uleb128 0x31
 583 0088 13       		.uleb128 0x13
 584 0089 00       		.byte	0
 585 008a 00       		.byte	0
 586 008b 0B       		.uleb128 0xb
 587 008c 34       		.uleb128 0x34
 588 008d 00       		.byte	0
 589 008e 03       		.uleb128 0x3
 590 008f 0E       		.uleb128 0xe
 591 0090 3A       		.uleb128 0x3a
 592 0091 0B       		.uleb128 0xb
 593 0092 3B       		.uleb128 0x3b
 594 0093 0B       		.uleb128 0xb
 595 0094 49       		.uleb128 0x49
 596 0095 13       		.uleb128 0x13
 597 0096 02       		.uleb128 0x2
 598 0097 18       		.uleb128 0x18
 599 0098 00       		.byte	0
 600 0099 00       		.byte	0
 601 009a 0C       		.uleb128 0xc
 602 009b 2E       		.uleb128 0x2e
 603 009c 00       		.byte	0
 604 009d 3F       		.uleb128 0x3f
 605 009e 19       		.uleb128 0x19
 606 009f 3C       		.uleb128 0x3c
 607 00a0 19       		.uleb128 0x19
 608 00a1 6E       		.uleb128 0x6e
 609 00a2 0E       		.uleb128 0xe
 610 00a3 03       		.uleb128 0x3
 611 00a4 0E       		.uleb128 0xe
ARM GAS  C:\Users\GEORGE~1\AppData\Local\Temp\ccyGFFYR.s 			page 15


 612 00a5 3A       		.uleb128 0x3a
 613 00a6 0B       		.uleb128 0xb
 614 00a7 3B       		.uleb128 0x3b
 615 00a8 0B       		.uleb128 0xb
 616 00a9 00       		.byte	0
 617 00aa 00       		.byte	0
 618 00ab 00       		.byte	0
 619              		.section	.debug_aranges,"",%progbits
 620 0000 34000000 		.4byte	0x34
 621 0004 0200     		.2byte	0x2
 622 0006 00000000 		.4byte	.Ldebug_info0
 623 000a 04       		.byte	0x4
 624 000b 00       		.byte	0
 625 000c 0000     		.2byte	0
 626 000e 0000     		.2byte	0
 627 0010 00000000 		.4byte	.LFB0
 628 0014 28000000 		.4byte	.LFE0-.LFB0
 629 0018 00000000 		.4byte	.LFB1
 630 001c 28000000 		.4byte	.LFE1-.LFB1
 631 0020 00000000 		.4byte	.LFB2
 632 0024 2C000000 		.4byte	.LFE2-.LFB2
 633 0028 00000000 		.4byte	.LFB3
 634 002c 18000000 		.4byte	.LFE3-.LFB3
 635 0030 00000000 		.4byte	0
 636 0034 00000000 		.4byte	0
 637              		.section	.debug_ranges,"",%progbits
 638              	.Ldebug_ranges0:
 639 0000 00000000 		.4byte	.LFB0
 640 0004 28000000 		.4byte	.LFE0
 641 0008 00000000 		.4byte	.LFB1
 642 000c 28000000 		.4byte	.LFE1
 643 0010 00000000 		.4byte	.LFB2
 644 0014 2C000000 		.4byte	.LFE2
 645 0018 00000000 		.4byte	.LFB3
 646 001c 18000000 		.4byte	.LFE3
 647 0020 00000000 		.4byte	0
 648 0024 00000000 		.4byte	0
 649              		.section	.debug_line,"",%progbits
 650              	.Ldebug_line0:
 651 0000 B3000000 		.section	.debug_str,"MS",%progbits,1
 651      02005A00 
 651      00000201 
 651      FB0E0D00 
 651      01010101 
 652              	.LASF18:
 653 0000 50574D55 		.ascii	"PWMUdb\000"
 653      646200
 654              	.LASF19:
 655 0007 50574D50 		.ascii	"PWMPeriod\000"
 655      6572696F 
 655      6400
 656              	.LASF32:
 657 0011 556C7472 		.ascii	"UltraSonic_WriteControlRegister\000"
 657      61536F6E 
 657      69635F57 
 657      72697465 
 657      436F6E74 
ARM GAS  C:\Users\GEORGE~1\AppData\Local\Temp\ccyGFFYR.s 			page 16


 658              	.LASF36:
 659 0031 47656E65 		.ascii	"Generated_Source\\PSoC5\\UltraSonic_PM.c\000"
 659      72617465 
 659      645F536F 
 659      75726365 
 659      5C50536F 
 660              	.LASF37:
 661 0058 433A5C55 		.ascii	"C:\\Users\\George Anwar\\Documents\\UC Berkeley\\ME"
 661      73657273 
 661      5C47656F 
 661      72676520 
 661      416E7761 
 662 0086 31333520 		.ascii	"135 Spring 2020\\PSOC Creator\\ME135_235\\Simulated"
 662      53707269 
 662      6E672032 
 662      3032305C 
 662      50534F43 
 663 00b6 4F757470 		.ascii	"Output.cydsn\000"
 663      75742E63 
 663      7964736E 
 663      00
 664              	.LASF3:
 665 00c3 73686F72 		.ascii	"short unsigned int\000"
 665      7420756E 
 665      7369676E 
 665      65642069 
 665      6E7400
 666              	.LASF38:
 667 00d6 556C7472 		.ascii	"UltraSonic_backup\000"
 667      61536F6E 
 667      69635F62 
 667      61636B75 
 667      7000
 668              	.LASF31:
 669 00e8 556C7472 		.ascii	"UltraSonic_WriteCounter\000"
 669      61536F6E 
 669      69635F57 
 669      72697465 
 669      436F756E 
 670              	.LASF11:
 671 0100 666C6F61 		.ascii	"float\000"
 671      7400
 672              	.LASF21:
 673 0106 50574D43 		.ascii	"PWMControlRegister\000"
 673      6F6E7472 
 673      6F6C5265 
 673      67697374 
 673      657200
 674              	.LASF1:
 675 0119 756E7369 		.ascii	"unsigned char\000"
 675      676E6564 
 675      20636861 
 675      7200
 676              	.LASF35:
 677 0127 474E5520 		.ascii	"GNU C11 5.4.1 20160609 (release) [ARM/embedded-5-br"
 677      43313120 
 677      352E342E 
ARM GAS  C:\Users\GEORGE~1\AppData\Local\Temp\ccyGFFYR.s 			page 17


 677      31203230 
 677      31363036 
 678 015a 616E6368 		.ascii	"anch revision 237715] -mcpu=cortex-m3 -mthumb -g -O"
 678      20726576 
 678      6973696F 
 678      6E203233 
 678      37373135 
 679 018d 67202D66 		.ascii	"g -ffunction-sections -ffat-lto-objects\000"
 679      66756E63 
 679      74696F6E 
 679      2D736563 
 679      74696F6E 
 680              	.LASF17:
 681 01b5 50574D45 		.ascii	"PWMEnableState\000"
 681      6E61626C 
 681      65537461 
 681      746500
 682              	.LASF26:
 683 01c4 556C7472 		.ascii	"UltraSonic_Wakeup\000"
 683      61536F6E 
 683      69635F57 
 683      616B6575 
 683      7000
 684              	.LASF5:
 685 01d6 6C6F6E67 		.ascii	"long unsigned int\000"
 685      20756E73 
 685      69676E65 
 685      6420696E 
 685      7400
 686              	.LASF9:
 687 01e8 75696E74 		.ascii	"uint8\000"
 687      3800
 688              	.LASF30:
 689 01ee 556C7472 		.ascii	"UltraSonic_WritePeriod\000"
 689      61536F6E 
 689      69635F57 
 689      72697465 
 689      50657269 
 690              	.LASF24:
 691 0205 556C7472 		.ascii	"UltraSonic_RestoreConfig\000"
 691      61536F6E 
 691      69635F52 
 691      6573746F 
 691      7265436F 
 692              	.LASF12:
 693 021e 646F7562 		.ascii	"double\000"
 693      6C6500
 694              	.LASF28:
 695 0225 556C7472 		.ascii	"UltraSonic_ReadCounter\000"
 695      61536F6E 
 695      69635F52 
 695      65616443 
 695      6F756E74 
 696              	.LASF10:
 697 023c 75696E74 		.ascii	"uint16\000"
 697      313600
 698              	.LASF8:
ARM GAS  C:\Users\GEORGE~1\AppData\Local\Temp\ccyGFFYR.s 			page 18


 699 0243 756E7369 		.ascii	"unsigned int\000"
 699      676E6564 
 699      20696E74 
 699      00
 700              	.LASF27:
 701 0250 556C7472 		.ascii	"UltraSonic_ReadPeriod\000"
 701      61536F6E 
 701      69635F52 
 701      65616450 
 701      6572696F 
 702              	.LASF7:
 703 0266 6C6F6E67 		.ascii	"long long unsigned int\000"
 703      206C6F6E 
 703      6720756E 
 703      7369676E 
 703      65642069 
 704              	.LASF14:
 705 027d 72656738 		.ascii	"reg8\000"
 705      00
 706              	.LASF22:
 707 0282 556C7472 		.ascii	"UltraSonic_backupStruct\000"
 707      61536F6E 
 707      69635F62 
 707      61636B75 
 707      70537472 
 708              	.LASF16:
 709 029a 73697A65 		.ascii	"sizetype\000"
 709      74797065 
 709      00
 710              	.LASF6:
 711 02a3 6C6F6E67 		.ascii	"long long int\000"
 711      206C6F6E 
 711      6720696E 
 711      7400
 712              	.LASF13:
 713 02b1 63686172 		.ascii	"char\000"
 713      00
 714              	.LASF33:
 715 02b6 556C7472 		.ascii	"UltraSonic_Stop\000"
 715      61536F6E 
 715      69635F53 
 715      746F7000 
 716              	.LASF25:
 717 02c6 556C7472 		.ascii	"UltraSonic_Sleep\000"
 717      61536F6E 
 717      69635F53 
 717      6C656570 
 717      00
 718              	.LASF2:
 719 02d7 73686F72 		.ascii	"short int\000"
 719      7420696E 
 719      7400
 720              	.LASF23:
 721 02e1 556C7472 		.ascii	"UltraSonic_SaveConfig\000"
 721      61536F6E 
 721      69635F53 
 721      61766543 
ARM GAS  C:\Users\GEORGE~1\AppData\Local\Temp\ccyGFFYR.s 			page 19


 721      6F6E6669 
 722              	.LASF4:
 723 02f7 6C6F6E67 		.ascii	"long int\000"
 723      20696E74 
 723      00
 724              	.LASF34:
 725 0300 556C7472 		.ascii	"UltraSonic_Enable\000"
 725      61536F6E 
 725      69635F45 
 725      6E61626C 
 725      6500
 726              	.LASF15:
 727 0312 6C6F6E67 		.ascii	"long double\000"
 727      20646F75 
 727      626C6500 
 728              	.LASF0:
 729 031e 7369676E 		.ascii	"signed char\000"
 729      65642063 
 729      68617200 
 730              	.LASF29:
 731 032a 556C7472 		.ascii	"UltraSonic_ReadControlRegister\000"
 731      61536F6E 
 731      69635F52 
 731      65616443 
 731      6F6E7472 
 732              	.LASF20:
 733 0349 496E7465 		.ascii	"InterruptMaskValue\000"
 733      72727570 
 733      744D6173 
 733      6B56616C 
 733      756500
 734              		.ident	"GCC: (GNU Tools for ARM Embedded Processors) 5.4.1 20160609 (release) [ARM/embedded-5-bran
