ARM GAS  C:\Users\GEORGE~1\AppData\Local\Temp\ccrqiBey.s 			page 1


   1              		.syntax unified
   2              		.cpu cortex-m3
   3              		.fpu softvfp
   4              		.eabi_attribute 20, 1
   5              		.eabi_attribute 21, 1
   6              		.eabi_attribute 23, 3
   7              		.eabi_attribute 24, 1
   8              		.eabi_attribute 25, 1
   9              		.eabi_attribute 26, 1
  10              		.eabi_attribute 30, 1
  11              		.eabi_attribute 34, 1
  12              		.eabi_attribute 18, 4
  13              		.thumb
  14              		.syntax unified
  15              		.file	"cymetadata.c"
  16              		.text
  17              	.Ltext0:
  18              		.cfi_sections	.debug_frame
  19              		.global	cy_metadata
  20              		.global	cy_meta_flashprotect
  21              		.global	cy_meta_wonvl
  22              		.global	cy_meta_custnvl
  23              		.global	cy_meta_configecc
  24              		.section	.cyconfigecc,"a",%progbits
  25              		.align	2
  26              		.type	cy_meta_configecc, %object
  27              		.size	cy_meta_configecc, 1620
  28              	cy_meta_configecc:
  29 0000 01       		.byte	1
  30 0001 52       		.byte	82
  31 0002 00       		.byte	0
  32 0003 40       		.byte	64
  33 0004 04       		.byte	4
  34 0005 64       		.byte	100
  35 0006 00       		.byte	0
  36 0007 40       		.byte	64
  37 0008 04       		.byte	4
  38 0009 65       		.byte	101
  39 000a 00       		.byte	0
  40 000b 40       		.byte	64
  41 000c 01       		.byte	1
  42 000d 07       		.byte	7
  43 000e 01       		.byte	1
  44 000f 40       		.byte	64
  45 0010 6D       		.byte	109
  46 0011 08       		.byte	8
  47 0012 01       		.byte	1
  48 0013 40       		.byte	64
  49 0014 4D       		.byte	77
  50 0015 09       		.byte	9
  51 0016 01       		.byte	1
  52 0017 40       		.byte	64
  53 0018 5D       		.byte	93
  54 0019 0A       		.byte	10
  55 001a 01       		.byte	1
  56 001b 40       		.byte	64
  57 001c 35       		.byte	53
ARM GAS  C:\Users\GEORGE~1\AppData\Local\Temp\ccrqiBey.s 			page 2


  58 001d 0B       		.byte	11
  59 001e 01       		.byte	1
  60 001f 40       		.byte	64
  61 0020 04       		.byte	4
  62 0021 0C       		.byte	12
  63 0022 01       		.byte	1
  64 0023 40       		.byte	64
  65 0024 01       		.byte	1
  66 0025 0D       		.byte	13
  67 0026 01       		.byte	1
  68 0027 40       		.byte	64
  69 0028 01       		.byte	1
  70 0029 15       		.byte	21
  71 002a 01       		.byte	1
  72 002b 40       		.byte	64
  73 002c 02       		.byte	2
  74 002d 17       		.byte	23
  75 002e 01       		.byte	1
  76 002f 40       		.byte	64
  77 0030 62       		.byte	98
  78 0031 18       		.byte	24
  79 0032 01       		.byte	1
  80 0033 40       		.byte	64
  81 0034 49       		.byte	73
  82 0035 19       		.byte	25
  83 0036 01       		.byte	1
  84 0037 40       		.byte	64
  85 0038 14       		.byte	20
  86 0039 1A       		.byte	26
  87 003a 01       		.byte	1
  88 003b 40       		.byte	64
  89 003c 50       		.byte	80
  90 003d 1B       		.byte	27
  91 003e 01       		.byte	1
  92 003f 40       		.byte	64
  93 0040 04       		.byte	4
  94 0041 40       		.byte	64
  95 0042 01       		.byte	1
  96 0043 40       		.byte	64
  97 0044 03       		.byte	3
  98 0045 41       		.byte	65
  99 0046 01       		.byte	1
 100 0047 40       		.byte	64
 101 0048 05       		.byte	5
 102 0049 42       		.byte	66
 103 004a 01       		.byte	1
 104 004b 40       		.byte	64
 105 004c 04       		.byte	4
 106 004d 43       		.byte	67
 107 004e 01       		.byte	1
 108 004f 40       		.byte	64
 109 0050 02       		.byte	2
 110 0051 45       		.byte	69
 111 0052 01       		.byte	1
 112 0053 40       		.byte	64
 113 0054 01       		.byte	1
 114 0055 46       		.byte	70
ARM GAS  C:\Users\GEORGE~1\AppData\Local\Temp\ccrqiBey.s 			page 3


 115 0056 01       		.byte	1
 116 0057 40       		.byte	64
 117 0058 04       		.byte	4
 118 0059 47       		.byte	71
 119 005a 01       		.byte	1
 120 005b 40       		.byte	64
 121 005c 04       		.byte	4
 122 005d 48       		.byte	72
 123 005e 01       		.byte	1
 124 005f 40       		.byte	64
 125 0060 04       		.byte	4
 126 0061 49       		.byte	73
 127 0062 01       		.byte	1
 128 0063 40       		.byte	64
 129 0064 01       		.byte	1
 130 0065 4C       		.byte	76
 131 0066 01       		.byte	1
 132 0067 40       		.byte	64
 133 0068 07       		.byte	7
 134 0069 4D       		.byte	77
 135 006a 01       		.byte	1
 136 006b 40       		.byte	64
 137 006c 08       		.byte	8
 138 006d 50       		.byte	80
 139 006e 01       		.byte	1
 140 006f 40       		.byte	64
 141 0070 01       		.byte	1
 142 0071 51       		.byte	81
 143 0072 01       		.byte	1
 144 0073 40       		.byte	64
 145 0074 11       		.byte	17
 146 0075 02       		.byte	2
 147 0076 78       		.byte	120
 148 0077 01       		.byte	1
 149 0078 89       		.byte	-119
 150 0079 0F       		.byte	15
 151 007a 8A       		.byte	-118
 152 007b 72       		.byte	114
 153 007c 8B       		.byte	-117
 154 007d 2D       		.byte	45
 155 007e 79       		.byte	121
 156 007f 01       		.byte	1
 157 0080 7A       		.byte	122
 158 0081 01       		.byte	1
 159 0082 88       		.byte	-120
 160 0083 67       		.byte	103
 161 0084 8B       		.byte	-117
 162 0085 38       		.byte	56
 163 0086 EE       		.byte	-18
 164 0087 0A       		.byte	10
 165 0088 02       		.byte	2
 166 0089 0C       		.byte	12
 167 008a 04       		.byte	4
 168 008b 61       		.byte	97
 169 008c 05       		.byte	5
 170 008d 20       		.byte	32
 171 008e 06       		.byte	6
ARM GAS  C:\Users\GEORGE~1\AppData\Local\Temp\ccrqiBey.s 			page 4


 172 008f 0E       		.byte	14
 173 0090 07       		.byte	7
 174 0091 04       		.byte	4
 175 0092 0B       		.byte	11
 176 0093 08       		.byte	8
 177 0094 10       		.byte	16
 178 0095 4C       		.byte	76
 179 0096 11       		.byte	17
 180 0097 01       		.byte	1
 181 0098 12       		.byte	18
 182 0099 13       		.byte	19
 183 009a 13       		.byte	19
 184 009b 02       		.byte	2
 185 009c 14       		.byte	20
 186 009d 62       		.byte	98
 187 009e 15       		.byte	21
 188 009f 10       		.byte	16
 189 00a0 16       		.byte	22
 190 00a1 05       		.byte	5
 191 00a2 17       		.byte	23
 192 00a3 0E       		.byte	14
 193 00a4 19       		.byte	25
 194 00a5 10       		.byte	16
 195 00a6 1B       		.byte	27
 196 00a7 05       		.byte	5
 197 00a8 1F       		.byte	31
 198 00a9 09       		.byte	9
 199 00aa 26       		.byte	38
 200 00ab 08       		.byte	8
 201 00ac 28       		.byte	40
 202 00ad 10       		.byte	16
 203 00ae 2A       		.byte	42
 204 00af 20       		.byte	32
 205 00b0 2C       		.byte	44
 206 00b1 1F       		.byte	31
 207 00b2 2D       		.byte	45
 208 00b3 09       		.byte	9
 209 00b4 2F       		.byte	47
 210 00b5 14       		.byte	20
 211 00b6 30       		.byte	48
 212 00b7 1F       		.byte	31
 213 00b8 31       		.byte	49
 214 00b9 30       		.byte	48
 215 00ba 32       		.byte	50
 216 00bb 60       		.byte	96
 217 00bc 33       		.byte	51
 218 00bd 0F       		.byte	15
 219 00be 38       		.byte	56
 220 00bf 08       		.byte	8
 221 00c0 39       		.byte	57
 222 00c1 02       		.byte	2
 223 00c2 3B       		.byte	59
 224 00c3 08       		.byte	8
 225 00c4 3E       		.byte	62
 226 00c5 04       		.byte	4
 227 00c6 40       		.byte	64
 228 00c7 03       		.byte	3
ARM GAS  C:\Users\GEORGE~1\AppData\Local\Temp\ccrqiBey.s 			page 5


 229 00c8 46       		.byte	70
 230 00c9 40       		.byte	64
 231 00ca 49       		.byte	73
 232 00cb FF       		.byte	-1
 233 00cc 4A       		.byte	74
 234 00cd 07       		.byte	7
 235 00ce 4B       		.byte	75
 236 00cf FF       		.byte	-1
 237 00d0 4C       		.byte	76
 238 00d1 40       		.byte	64
 239 00d2 4D       		.byte	77
 240 00d3 20       		.byte	32
 241 00d4 4E       		.byte	78
 242 00d5 F0       		.byte	-16
 243 00d6 4F       		.byte	79
 244 00d7 05       		.byte	5
 245 00d8 50       		.byte	80
 246 00d9 08       		.byte	8
 247 00da 58       		.byte	88
 248 00db 04       		.byte	4
 249 00dc 59       		.byte	89
 250 00dd 04       		.byte	4
 251 00de 5A       		.byte	90
 252 00df 04       		.byte	4
 253 00e0 5B       		.byte	91
 254 00e1 04       		.byte	4
 255 00e2 5C       		.byte	92
 256 00e3 11       		.byte	17
 257 00e4 5D       		.byte	93
 258 00e5 01       		.byte	1
 259 00e6 5F       		.byte	95
 260 00e7 09       		.byte	9
 261 00e8 60       		.byte	96
 262 00e9 40       		.byte	64
 263 00ea 61       		.byte	97
 264 00eb A8       		.byte	-88
 265 00ec 62       		.byte	98
 266 00ed 40       		.byte	64
 267 00ee 63       		.byte	99
 268 00ef 20       		.byte	32
 269 00f0 81       		.byte	-127
 270 00f1 1C       		.byte	28
 271 00f2 82       		.byte	-126
 272 00f3 10       		.byte	16
 273 00f4 83       		.byte	-125
 274 00f5 02       		.byte	2
 275 00f6 84       		.byte	-124
 276 00f7 23       		.byte	35
 277 00f8 85       		.byte	-123
 278 00f9 14       		.byte	20
 279 00fa 86       		.byte	-122
 280 00fb 1C       		.byte	28
 281 00fc 88       		.byte	-120
 282 00fd 23       		.byte	35
 283 00fe 89       		.byte	-119
 284 00ff 10       		.byte	16
 285 0100 8A       		.byte	-118
ARM GAS  C:\Users\GEORGE~1\AppData\Local\Temp\ccrqiBey.s 			page 6


 286 0101 08       		.byte	8
 287 0102 8C       		.byte	-116
 288 0103 12       		.byte	18
 289 0104 8E       		.byte	-114
 290 0105 28       		.byte	40
 291 0106 90       		.byte	-112
 292 0107 03       		.byte	3
 293 0108 91       		.byte	-111
 294 0109 20       		.byte	32
 295 010a 92       		.byte	-110
 296 010b 04       		.byte	4
 297 010c 93       		.byte	-109
 298 010d 03       		.byte	3
 299 010e 95       		.byte	-107
 300 010f 0C       		.byte	12
 301 0110 97       		.byte	-105
 302 0111 11       		.byte	17
 303 0112 98       		.byte	-104
 304 0113 03       		.byte	3
 305 0114 99       		.byte	-103
 306 0115 10       		.byte	16
 307 0116 9A       		.byte	-102
 308 0117 28       		.byte	40
 309 0118 9B       		.byte	-101
 310 0119 0C       		.byte	12
 311 011a 9D       		.byte	-99
 312 011b 09       		.byte	9
 313 011c 9F       		.byte	-97
 314 011d 10       		.byte	16
 315 011e A0       		.byte	-96
 316 011f 40       		.byte	64
 317 0120 A6       		.byte	-90
 318 0121 29       		.byte	41
 319 0122 AD       		.byte	-83
 320 0123 1F       		.byte	31
 321 0124 B0       		.byte	-80
 322 0125 20       		.byte	32
 323 0126 B1       		.byte	-79
 324 0127 1F       		.byte	31
 325 0128 B2       		.byte	-78
 326 0129 40       		.byte	64
 327 012a B4       		.byte	-76
 328 012b 1F       		.byte	31
 329 012c B5       		.byte	-75
 330 012d 20       		.byte	32
 331 012e BA       		.byte	-70
 332 012f 20       		.byte	32
 333 0130 BE       		.byte	-66
 334 0131 05       		.byte	5
 335 0132 BF       		.byte	-65
 336 0133 10       		.byte	16
 337 0134 C0       		.byte	-64
 338 0135 62       		.byte	98
 339 0136 C1       		.byte	-63
 340 0137 03       		.byte	3
 341 0138 C5       		.byte	-59
 342 0139 E0       		.byte	-32
ARM GAS  C:\Users\GEORGE~1\AppData\Local\Temp\ccrqiBey.s 			page 7


 343 013a C6       		.byte	-58
 344 013b C0       		.byte	-64
 345 013c C7       		.byte	-57
 346 013d 0B       		.byte	11
 347 013e C8       		.byte	-56
 348 013f 1A       		.byte	26
 349 0140 C9       		.byte	-55
 350 0141 FF       		.byte	-1
 351 0142 CA       		.byte	-54
 352 0143 FF       		.byte	-1
 353 0144 CB       		.byte	-53
 354 0145 FF       		.byte	-1
 355 0146 CE       		.byte	-50
 356 0147 F0       		.byte	-16
 357 0148 CF       		.byte	-49
 358 0149 44       		.byte	68
 359 014a D0       		.byte	-48
 360 014b 0C       		.byte	12
 361 014c D4       		.byte	-44
 362 014d 01       		.byte	1
 363 014e D8       		.byte	-40
 364 014f 04       		.byte	4
 365 0150 D9       		.byte	-39
 366 0151 04       		.byte	4
 367 0152 DA       		.byte	-38
 368 0153 04       		.byte	4
 369 0154 DB       		.byte	-37
 370 0155 04       		.byte	4
 371 0156 DC       		.byte	-36
 372 0157 11       		.byte	17
 373 0158 DD       		.byte	-35
 374 0159 11       		.byte	17
 375 015a DF       		.byte	-33
 376 015b 0D       		.byte	13
 377 015c E6       		.byte	-26
 378 015d C0       		.byte	-64
 379 015e EA       		.byte	-22
 380 015f 40       		.byte	64
 381 0160 EB       		.byte	-21
 382 0161 02       		.byte	2
 383 0162 00       		.byte	0
 384 0163 54       		.byte	84
 385 0164 03       		.byte	3
 386 0165 40       		.byte	64
 387 0166 07       		.byte	7
 388 0167 50       		.byte	80
 389 0168 08       		.byte	8
 390 0169 10       		.byte	16
 391 016a 09       		.byte	9
 392 016b 20       		.byte	32
 393 016c 0A       		.byte	10
 394 016d 80       		.byte	-128
 395 016e 0E       		.byte	14
 396 016f 80       		.byte	-128
 397 0170 0F       		.byte	15
 398 0171 20       		.byte	32
 399 0172 11       		.byte	17
ARM GAS  C:\Users\GEORGE~1\AppData\Local\Temp\ccrqiBey.s 			page 8


 400 0173 08       		.byte	8
 401 0174 12       		.byte	18
 402 0175 80       		.byte	-128
 403 0176 14       		.byte	20
 404 0177 02       		.byte	2
 405 0178 16       		.byte	22
 406 0179 28       		.byte	40
 407 017a 18       		.byte	24
 408 017b 04       		.byte	4
 409 017c 19       		.byte	25
 410 017d 14       		.byte	20
 411 017e 1A       		.byte	26
 412 017f 40       		.byte	64
 413 0180 1B       		.byte	27
 414 0181 10       		.byte	16
 415 0182 1C       		.byte	28
 416 0183 40       		.byte	64
 417 0184 1D       		.byte	29
 418 0185 08       		.byte	8
 419 0186 1E       		.byte	30
 420 0187 80       		.byte	-128
 421 0188 1F       		.byte	31
 422 0189 01       		.byte	1
 423 018a 21       		.byte	33
 424 018b 02       		.byte	2
 425 018c 22       		.byte	34
 426 018d 20       		.byte	32
 427 018e 24       		.byte	36
 428 018f 10       		.byte	16
 429 0190 26       		.byte	38
 430 0191 0C       		.byte	12
 431 0192 27       		.byte	39
 432 0193 50       		.byte	80
 433 0194 28       		.byte	40
 434 0195 02       		.byte	2
 435 0196 2F       		.byte	47
 436 0197 01       		.byte	1
 437 0198 31       		.byte	49
 438 0199 12       		.byte	18
 439 019a 32       		.byte	50
 440 019b 08       		.byte	8
 441 019c 33       		.byte	51
 442 019d 40       		.byte	64
 443 019e 34       		.byte	52
 444 019f 02       		.byte	2
 445 01a0 35       		.byte	53
 446 01a1 10       		.byte	16
 447 01a2 36       		.byte	54
 448 01a3 04       		.byte	4
 449 01a4 37       		.byte	55
 450 01a5 40       		.byte	64
 451 01a6 39       		.byte	57
 452 01a7 08       		.byte	8
 453 01a8 3A       		.byte	58
 454 01a9 20       		.byte	32
 455 01aa 3B       		.byte	59
 456 01ab 02       		.byte	2
ARM GAS  C:\Users\GEORGE~1\AppData\Local\Temp\ccrqiBey.s 			page 9


 457 01ac 3E       		.byte	62
 458 01ad 28       		.byte	40
 459 01ae 40       		.byte	64
 460 01af 10       		.byte	16
 461 01b0 42       		.byte	66
 462 01b1 08       		.byte	8
 463 01b2 45       		.byte	69
 464 01b3 08       		.byte	8
 465 01b4 49       		.byte	73
 466 01b5 11       		.byte	17
 467 01b6 4A       		.byte	74
 468 01b7 80       		.byte	-128
 469 01b8 51       		.byte	81
 470 01b9 24       		.byte	36
 471 01ba 55       		.byte	85
 472 01bb 04       		.byte	4
 473 01bc 56       		.byte	86
 474 01bd 28       		.byte	40
 475 01be 58       		.byte	88
 476 01bf 10       		.byte	16
 477 01c0 59       		.byte	89
 478 01c1 05       		.byte	5
 479 01c2 5A       		.byte	90
 480 01c3 40       		.byte	64
 481 01c4 68       		.byte	104
 482 01c5 01       		.byte	1
 483 01c6 6F       		.byte	111
 484 01c7 03       		.byte	3
 485 01c8 78       		.byte	120
 486 01c9 02       		.byte	2
 487 01ca 7C       		.byte	124
 488 01cb 02       		.byte	2
 489 01cc 7E       		.byte	126
 490 01cd 40       		.byte	64
 491 01ce 86       		.byte	-122
 492 01cf 20       		.byte	32
 493 01d0 88       		.byte	-120
 494 01d1 01       		.byte	1
 495 01d2 90       		.byte	-112
 496 01d3 28       		.byte	40
 497 01d4 91       		.byte	-111
 498 01d5 50       		.byte	80
 499 01d6 96       		.byte	-106
 500 01d7 80       		.byte	-128
 501 01d8 97       		.byte	-105
 502 01d9 08       		.byte	8
 503 01da 9C       		.byte	-100
 504 01db 02       		.byte	2
 505 01dc 9F       		.byte	-97
 506 01dd 02       		.byte	2
 507 01de A0       		.byte	-96
 508 01df A0       		.byte	-96
 509 01e0 A1       		.byte	-95
 510 01e1 01       		.byte	1
 511 01e2 A7       		.byte	-89
 512 01e3 02       		.byte	2
 513 01e4 AF       		.byte	-81
ARM GAS  C:\Users\GEORGE~1\AppData\Local\Temp\ccrqiBey.s 			page 10


 514 01e5 28       		.byte	40
 515 01e6 C0       		.byte	-64
 516 01e7 3F       		.byte	63
 517 01e8 C2       		.byte	-62
 518 01e9 3A       		.byte	58
 519 01ea C4       		.byte	-60
 520 01eb EC       		.byte	-20
 521 01ec CA       		.byte	-54
 522 01ed 18       		.byte	24
 523 01ee CC       		.byte	-52
 524 01ef FF       		.byte	-1
 525 01f0 CE       		.byte	-50
 526 01f1 67       		.byte	103
 527 01f2 D0       		.byte	-48
 528 01f3 46       		.byte	70
 529 01f4 D2       		.byte	-46
 530 01f5 04       		.byte	4
 531 01f6 D6       		.byte	-42
 532 01f7 0F       		.byte	15
 533 01f8 DE       		.byte	-34
 534 01f9 81       		.byte	-127
 535 01fa E4       		.byte	-28
 536 01fb 02       		.byte	2
 537 01fc 0A       		.byte	10
 538 01fd 01       		.byte	1
 539 01fe 0D       		.byte	13
 540 01ff 01       		.byte	1
 541 0200 10       		.byte	16
 542 0201 01       		.byte	1
 543 0202 2D       		.byte	45
 544 0203 01       		.byte	1
 545 0204 31       		.byte	49
 546 0205 01       		.byte	1
 547 0206 32       		.byte	50
 548 0207 01       		.byte	1
 549 0208 39       		.byte	57
 550 0209 02       		.byte	2
 551 020a 40       		.byte	64
 552 020b 10       		.byte	16
 553 020c 41       		.byte	65
 554 020d 02       		.byte	2
 555 020e 49       		.byte	73
 556 020f FF       		.byte	-1
 557 0210 4A       		.byte	74
 558 0211 FF       		.byte	-1
 559 0212 4B       		.byte	75
 560 0213 FF       		.byte	-1
 561 0214 4D       		.byte	77
 562 0215 A0       		.byte	-96
 563 0216 4F       		.byte	79
 564 0217 04       		.byte	4
 565 0218 50       		.byte	80
 566 0219 18       		.byte	24
 567 021a 56       		.byte	86
 568 021b 02       		.byte	2
 569 021c 57       		.byte	87
 570 021d 13       		.byte	19
ARM GAS  C:\Users\GEORGE~1\AppData\Local\Temp\ccrqiBey.s 			page 11


 571 021e 58       		.byte	88
 572 021f 04       		.byte	4
 573 0220 59       		.byte	89
 574 0221 04       		.byte	4
 575 0222 5A       		.byte	90
 576 0223 04       		.byte	4
 577 0224 5B       		.byte	91
 578 0225 04       		.byte	4
 579 0226 5C       		.byte	92
 580 0227 91       		.byte	-111
 581 0228 5D       		.byte	93
 582 0229 19       		.byte	25
 583 022a 5E       		.byte	94
 584 022b 08       		.byte	8
 585 022c 5F       		.byte	95
 586 022d 01       		.byte	1
 587 022e 60       		.byte	96
 588 022f 40       		.byte	64
 589 0230 62       		.byte	98
 590 0231 C0       		.byte	-64
 591 0232 64       		.byte	100
 592 0233 40       		.byte	64
 593 0234 65       		.byte	101
 594 0235 40       		.byte	64
 595 0236 66       		.byte	102
 596 0237 C0       		.byte	-64
 597 0238 68       		.byte	104
 598 0239 C0       		.byte	-64
 599 023a 6A       		.byte	106
 600 023b C0       		.byte	-64
 601 023c 6C       		.byte	108
 602 023d C0       		.byte	-64
 603 023e 6E       		.byte	110
 604 023f C0       		.byte	-64
 605 0240 80       		.byte	-128
 606 0241 02       		.byte	2
 607 0242 83       		.byte	-125
 608 0243 40       		.byte	64
 609 0244 87       		.byte	-121
 610 0245 0A       		.byte	10
 611 0246 89       		.byte	-119
 612 0247 30       		.byte	48
 613 0248 8B       		.byte	-117
 614 0249 40       		.byte	64
 615 024a 8C       		.byte	-116
 616 024b 1A       		.byte	26
 617 024c 90       		.byte	-112
 618 024d 04       		.byte	4
 619 024e 91       		.byte	-111
 620 024f 0C       		.byte	12
 621 0250 9B       		.byte	-101
 622 0251 10       		.byte	16
 623 0252 9E       		.byte	-98
 624 0253 18       		.byte	24
 625 0254 A2       		.byte	-94
 626 0255 01       		.byte	1
 627 0256 A6       		.byte	-90
ARM GAS  C:\Users\GEORGE~1\AppData\Local\Temp\ccrqiBey.s 			page 12


 628 0257 08       		.byte	8
 629 0258 A7       		.byte	-89
 630 0259 05       		.byte	5
 631 025a AA       		.byte	-86
 632 025b 10       		.byte	16
 633 025c AD       		.byte	-83
 634 025d 0F       		.byte	15
 635 025e AF       		.byte	-81
 636 025f 20       		.byte	32
 637 0260 B0       		.byte	-80
 638 0261 02       		.byte	2
 639 0262 B1       		.byte	-79
 640 0263 0C       		.byte	12
 641 0264 B2       		.byte	-78
 642 0265 04       		.byte	4
 643 0266 B3       		.byte	-77
 644 0267 40       		.byte	64
 645 0268 B4       		.byte	-76
 646 0269 18       		.byte	24
 647 026a B5       		.byte	-75
 648 026b 30       		.byte	48
 649 026c B6       		.byte	-74
 650 026d 01       		.byte	1
 651 026e B7       		.byte	-73
 652 026f 03       		.byte	3
 653 0270 B8       		.byte	-72
 654 0271 02       		.byte	2
 655 0272 BE       		.byte	-66
 656 0273 04       		.byte	4
 657 0274 BF       		.byte	-65
 658 0275 04       		.byte	4
 659 0276 C0       		.byte	-64
 660 0277 10       		.byte	16
 661 0278 C1       		.byte	-63
 662 0279 06       		.byte	6
 663 027a C5       		.byte	-59
 664 027b D0       		.byte	-48
 665 027c C6       		.byte	-58
 666 027d 20       		.byte	32
 667 027e C7       		.byte	-57
 668 027f 01       		.byte	1
 669 0280 C8       		.byte	-56
 670 0281 1B       		.byte	27
 671 0282 C9       		.byte	-55
 672 0283 FF       		.byte	-1
 673 0284 CA       		.byte	-54
 674 0285 FF       		.byte	-1
 675 0286 CB       		.byte	-53
 676 0287 FF       		.byte	-1
 677 0288 CD       		.byte	-51
 678 0289 AF       		.byte	-81
 679 028a CE       		.byte	-50
 680 028b 0F       		.byte	15
 681 028c CF       		.byte	-49
 682 028d 04       		.byte	4
 683 028e D0       		.byte	-48
 684 028f 18       		.byte	24
ARM GAS  C:\Users\GEORGE~1\AppData\Local\Temp\ccrqiBey.s 			page 13


 685 0290 D2       		.byte	-46
 686 0291 80       		.byte	-128
 687 0292 D4       		.byte	-44
 688 0293 25       		.byte	37
 689 0294 D6       		.byte	-42
 690 0295 04       		.byte	4
 691 0296 D8       		.byte	-40
 692 0297 04       		.byte	4
 693 0298 D9       		.byte	-39
 694 0299 04       		.byte	4
 695 029a DA       		.byte	-38
 696 029b 04       		.byte	4
 697 029c DB       		.byte	-37
 698 029d 04       		.byte	4
 699 029e DC       		.byte	-36
 700 029f 99       		.byte	-103
 701 02a0 DD       		.byte	-35
 702 02a1 99       		.byte	-103
 703 02a2 DF       		.byte	-33
 704 02a3 01       		.byte	1
 705 02a4 E0       		.byte	-32
 706 02a5 40       		.byte	64
 707 02a6 E2       		.byte	-30
 708 02a7 C0       		.byte	-64
 709 02a8 E4       		.byte	-28
 710 02a9 40       		.byte	64
 711 02aa E5       		.byte	-27
 712 02ab 40       		.byte	64
 713 02ac E6       		.byte	-26
 714 02ad C0       		.byte	-64
 715 02ae E8       		.byte	-24
 716 02af C0       		.byte	-64
 717 02b0 EA       		.byte	-22
 718 02b1 C0       		.byte	-64
 719 02b2 EC       		.byte	-20
 720 02b3 C0       		.byte	-64
 721 02b4 EE       		.byte	-18
 722 02b5 C0       		.byte	-64
 723 02b6 00       		.byte	0
 724 02b7 10       		.byte	16
 725 02b8 05       		.byte	5
 726 02b9 81       		.byte	-127
 727 02ba 0A       		.byte	10
 728 02bb 80       		.byte	-128
 729 02bc 0D       		.byte	13
 730 02bd 80       		.byte	-128
 731 02be 0F       		.byte	15
 732 02bf 40       		.byte	64
 733 02c0 15       		.byte	21
 734 02c1 04       		.byte	4
 735 02c2 16       		.byte	22
 736 02c3 88       		.byte	-120
 737 02c4 18       		.byte	24
 738 02c5 10       		.byte	16
 739 02c6 1C       		.byte	28
 740 02c7 01       		.byte	1
 741 02c8 1D       		.byte	29
ARM GAS  C:\Users\GEORGE~1\AppData\Local\Temp\ccrqiBey.s 			page 14


 742 02c9 81       		.byte	-127
 743 02ca 1F       		.byte	31
 744 02cb 28       		.byte	40
 745 02cc 20       		.byte	32
 746 02cd 40       		.byte	64
 747 02ce 26       		.byte	38
 748 02cf 24       		.byte	36
 749 02d0 27       		.byte	39
 750 02d1 81       		.byte	-127
 751 02d2 29       		.byte	41
 752 02d3 80       		.byte	-128
 753 02d4 2B       		.byte	43
 754 02d5 02       		.byte	2
 755 02d6 2D       		.byte	45
 756 02d7 04       		.byte	4
 757 02d8 2F       		.byte	47
 758 02d9 02       		.byte	2
 759 02da 36       		.byte	54
 760 02db 20       		.byte	32
 761 02dc 37       		.byte	55
 762 02dd 01       		.byte	1
 763 02de 38       		.byte	56
 764 02df 40       		.byte	64
 765 02e0 3C       		.byte	60
 766 02e1 01       		.byte	1
 767 02e2 3E       		.byte	62
 768 02e3 08       		.byte	8
 769 02e4 3F       		.byte	63
 770 02e5 20       		.byte	32
 771 02e6 40       		.byte	64
 772 02e7 01       		.byte	1
 773 02e8 41       		.byte	65
 774 02e9 20       		.byte	32
 775 02ea 45       		.byte	69
 776 02eb 80       		.byte	-128
 777 02ec 4D       		.byte	77
 778 02ed 04       		.byte	4
 779 02ee 4F       		.byte	79
 780 02ef 21       		.byte	33
 781 02f0 55       		.byte	85
 782 02f1 20       		.byte	32
 783 02f2 56       		.byte	86
 784 02f3 08       		.byte	8
 785 02f4 57       		.byte	87
 786 02f5 10       		.byte	16
 787 02f6 5B       		.byte	91
 788 02f7 02       		.byte	2
 789 02f8 5E       		.byte	94
 790 02f9 08       		.byte	8
 791 02fa 5F       		.byte	95
 792 02fb 81       		.byte	-127
 793 02fc 67       		.byte	103
 794 02fd 48       		.byte	72
 795 02fe 68       		.byte	104
 796 02ff 20       		.byte	32
 797 0300 69       		.byte	105
 798 0301 50       		.byte	80
ARM GAS  C:\Users\GEORGE~1\AppData\Local\Temp\ccrqiBey.s 			page 15


 799 0302 70       		.byte	112
 800 0303 94       		.byte	-108
 801 0304 76       		.byte	118
 802 0305 80       		.byte	-128
 803 0306 78       		.byte	120
 804 0307 02       		.byte	2
 805 0308 A1       		.byte	-95
 806 0309 01       		.byte	1
 807 030a C0       		.byte	-64
 808 030b 92       		.byte	-110
 809 030c C2       		.byte	-62
 810 030d 98       		.byte	-104
 811 030e C4       		.byte	-60
 812 030f 70       		.byte	112
 813 0310 CA       		.byte	-54
 814 0311 58       		.byte	88
 815 0312 CC       		.byte	-52
 816 0313 A0       		.byte	-96
 817 0314 CE       		.byte	-50
 818 0315 E8       		.byte	-24
 819 0316 D0       		.byte	-48
 820 0317 1C       		.byte	28
 821 0318 D2       		.byte	-46
 822 0319 20       		.byte	32
 823 031a D6       		.byte	-42
 824 031b D1       		.byte	-47
 825 031c D8       		.byte	-40
 826 031d A0       		.byte	-96
 827 031e DE       		.byte	-34
 828 031f 01       		.byte	1
 829 0320 39       		.byte	57
 830 0321 02       		.byte	2
 831 0322 3F       		.byte	63
 832 0323 01       		.byte	1
 833 0324 59       		.byte	89
 834 0325 04       		.byte	4
 835 0326 5F       		.byte	95
 836 0327 01       		.byte	1
 837 0328 25       		.byte	37
 838 0329 01       		.byte	1
 839 032a E2       		.byte	-30
 840 032b 04       		.byte	4
 841 032c E2       		.byte	-30
 842 032d 80       		.byte	-128
 843 032e EE       		.byte	-18
 844 032f 08       		.byte	8
 845 0330 02       		.byte	2
 846 0331 02       		.byte	2
 847 0332 03       		.byte	3
 848 0333 0A       		.byte	10
 849 0334 0E       		.byte	14
 850 0335 01       		.byte	1
 851 0336 1D       		.byte	29
 852 0337 06       		.byte	6
 853 0338 22       		.byte	34
 854 0339 02       		.byte	2
 855 033a 23       		.byte	35
ARM GAS  C:\Users\GEORGE~1\AppData\Local\Temp\ccrqiBey.s 			page 16


 856 033b 01       		.byte	1
 857 033c 24       		.byte	36
 858 033d 02       		.byte	2
 859 033e 2D       		.byte	45
 860 033f 04       		.byte	4
 861 0340 31       		.byte	49
 862 0341 02       		.byte	2
 863 0342 32       		.byte	50
 864 0343 01       		.byte	1
 865 0344 33       		.byte	51
 866 0345 04       		.byte	4
 867 0346 35       		.byte	53
 868 0347 01       		.byte	1
 869 0348 36       		.byte	54
 870 0349 02       		.byte	2
 871 034a 37       		.byte	55
 872 034b 08       		.byte	8
 873 034c 39       		.byte	57
 874 034d 08       		.byte	8
 875 034e 3E       		.byte	62
 876 034f 40       		.byte	64
 877 0350 3F       		.byte	63
 878 0351 05       		.byte	5
 879 0352 40       		.byte	64
 880 0353 12       		.byte	18
 881 0354 41       		.byte	65
 882 0355 04       		.byte	4
 883 0356 45       		.byte	69
 884 0357 4C       		.byte	76
 885 0358 46       		.byte	70
 886 0359 20       		.byte	32
 887 035a 47       		.byte	71
 888 035b 0E       		.byte	14
 889 035c 48       		.byte	72
 890 035d 3B       		.byte	59
 891 035e 49       		.byte	73
 892 035f FF       		.byte	-1
 893 0360 4A       		.byte	74
 894 0361 FF       		.byte	-1
 895 0362 4B       		.byte	75
 896 0363 FF       		.byte	-1
 897 0364 4D       		.byte	77
 898 0365 A0       		.byte	-96
 899 0366 4F       		.byte	79
 900 0367 01       		.byte	1
 901 0368 50       		.byte	80
 902 0369 18       		.byte	24
 903 036a 52       		.byte	82
 904 036b 80       		.byte	-128
 905 036c 54       		.byte	84
 906 036d 07       		.byte	7
 907 036e 56       		.byte	86
 908 036f 04       		.byte	4
 909 0370 58       		.byte	88
 910 0371 04       		.byte	4
 911 0372 59       		.byte	89
 912 0373 04       		.byte	4
ARM GAS  C:\Users\GEORGE~1\AppData\Local\Temp\ccrqiBey.s 			page 17


 913 0374 5A       		.byte	90
 914 0375 04       		.byte	4
 915 0376 5B       		.byte	91
 916 0377 04       		.byte	4
 917 0378 5C       		.byte	92
 918 0379 09       		.byte	9
 919 037a 5F       		.byte	95
 920 037b 05       		.byte	5
 921 037c 60       		.byte	96
 922 037d 40       		.byte	64
 923 037e 62       		.byte	98
 924 037f 80       		.byte	-128
 925 0380 64       		.byte	100
 926 0381 40       		.byte	64
 927 0382 65       		.byte	101
 928 0383 40       		.byte	64
 929 0384 66       		.byte	102
 930 0385 80       		.byte	-128
 931 0386 68       		.byte	104
 932 0387 40       		.byte	64
 933 0388 6A       		.byte	106
 934 0389 50       		.byte	80
 935 038a 6B       		.byte	107
 936 038b A8       		.byte	-88
 937 038c 6C       		.byte	108
 938 038d 40       		.byte	64
 939 038e 6D       		.byte	109
 940 038f 20       		.byte	32
 941 0390 6E       		.byte	110
 942 0391 50       		.byte	80
 943 0392 6F       		.byte	111
 944 0393 A8       		.byte	-88
 945 0394 80       		.byte	-128
 946 0395 7F       		.byte	127
 947 0396 81       		.byte	-127
 948 0397 A3       		.byte	-93
 949 0398 83       		.byte	-125
 950 0399 1C       		.byte	28
 951 039a 84       		.byte	-124
 952 039b 03       		.byte	3
 953 039c 85       		.byte	-123
 954 039d 18       		.byte	24
 955 039e 89       		.byte	-119
 956 039f 08       		.byte	8
 957 03a0 8A       		.byte	-118
 958 03a1 03       		.byte	3
 959 03a2 8C       		.byte	-116
 960 03a3 07       		.byte	7
 961 03a4 8D       		.byte	-115
 962 03a5 3B       		.byte	59
 963 03a6 8E       		.byte	-114
 964 03a7 18       		.byte	24
 965 03a8 8F       		.byte	-113
 966 03a9 80       		.byte	-128
 967 03aa 90       		.byte	-112
 968 03ab 03       		.byte	3
 969 03ac 91       		.byte	-111
ARM GAS  C:\Users\GEORGE~1\AppData\Local\Temp\ccrqiBey.s 			page 18


 970 03ad 03       		.byte	3
 971 03ae 96       		.byte	-106
 972 03af 03       		.byte	3
 973 03b0 97       		.byte	-105
 974 03b1 03       		.byte	3
 975 03b2 98       		.byte	-104
 976 03b3 52       		.byte	82
 977 03b4 99       		.byte	-103
 978 03b5 02       		.byte	2
 979 03b6 9A       		.byte	-102
 980 03b7 24       		.byte	36
 981 03b8 9C       		.byte	-100
 982 03b9 29       		.byte	41
 983 03ba 9D       		.byte	-99
 984 03bb 10       		.byte	16
 985 03bc 9E       		.byte	-98
 986 03bd 44       		.byte	68
 987 03be A1       		.byte	-95
 988 03bf 38       		.byte	56
 989 03c0 A2       		.byte	-94
 990 03c1 03       		.byte	3
 991 03c2 A3       		.byte	-93
 992 03c3 83       		.byte	-125
 993 03c4 A4       		.byte	-92
 994 03c5 FC       		.byte	-4
 995 03c6 A5       		.byte	-91
 996 03c7 BB       		.byte	-69
 997 03c8 A7       		.byte	-89
 998 03c9 40       		.byte	64
 999 03ca A8       		.byte	-88
 1000 03cb FC       		.byte	-4
 1001 03cc A9       		.byte	-87
 1002 03cd 01       		.byte	1
 1003 03ce AC       		.byte	-84
 1004 03cf 80       		.byte	-128
 1005 03d0 AD       		.byte	-83
 1006 03d1 43       		.byte	67
 1007 03d2 AF       		.byte	-81
 1008 03d3 04       		.byte	4
 1009 03d4 B0       		.byte	-80
 1010 03d5 1C       		.byte	28
 1011 03d6 B1       		.byte	-79
 1012 03d7 1F       		.byte	31
 1013 03d8 B2       		.byte	-78
 1014 03d9 80       		.byte	-128
 1015 03da B3       		.byte	-77
 1016 03db 40       		.byte	64
 1017 03dc B4       		.byte	-76
 1018 03dd 60       		.byte	96
 1019 03de B5       		.byte	-75
 1020 03df 80       		.byte	-128
 1021 03e0 B6       		.byte	-74
 1022 03e1 03       		.byte	3
 1023 03e2 B7       		.byte	-73
 1024 03e3 20       		.byte	32
 1025 03e4 B9       		.byte	-71
 1026 03e5 20       		.byte	32
ARM GAS  C:\Users\GEORGE~1\AppData\Local\Temp\ccrqiBey.s 			page 19


 1027 03e6 BB       		.byte	-69
 1028 03e7 02       		.byte	2
 1029 03e8 BF       		.byte	-65
 1030 03e9 40       		.byte	64
 1031 03ea D8       		.byte	-40
 1032 03eb 04       		.byte	4
 1033 03ec D9       		.byte	-39
 1034 03ed 04       		.byte	4
 1035 03ee DB       		.byte	-37
 1036 03ef 04       		.byte	4
 1037 03f0 DC       		.byte	-36
 1038 03f1 11       		.byte	17
 1039 03f2 DF       		.byte	-33
 1040 03f3 01       		.byte	1
 1041 03f4 02       		.byte	2
 1042 03f5 40       		.byte	64
 1043 03f6 03       		.byte	3
 1044 03f7 2A       		.byte	42
 1045 03f8 05       		.byte	5
 1046 03f9 02       		.byte	2
 1047 03fa 07       		.byte	7
 1048 03fb 01       		.byte	1
 1049 03fc 08       		.byte	8
 1050 03fd 80       		.byte	-128
 1051 03fe 0A       		.byte	10
 1052 03ff 24       		.byte	36
 1053 0400 0B       		.byte	11
 1054 0401 40       		.byte	64
 1055 0402 10       		.byte	16
 1056 0403 60       		.byte	96
 1057 0404 11       		.byte	17
 1058 0405 50       		.byte	80
 1059 0406 16       		.byte	22
 1060 0407 80       		.byte	-128
 1061 0408 17       		.byte	23
 1062 0409 04       		.byte	4
 1063 040a 19       		.byte	25
 1064 040b 10       		.byte	16
 1065 040c 1A       		.byte	26
 1066 040d 45       		.byte	69
 1067 040e 1B       		.byte	27
 1068 040f 0A       		.byte	10
 1069 0410 1D       		.byte	29
 1070 0411 80       		.byte	-128
 1071 0412 1F       		.byte	31
 1072 0413 04       		.byte	4
 1073 0414 21       		.byte	33
 1074 0415 11       		.byte	17
 1075 0416 22       		.byte	34
 1076 0417 0A       		.byte	10
 1077 0418 23       		.byte	35
 1078 0419 52       		.byte	82
 1079 041a 24       		.byte	36
 1080 041b 40       		.byte	64
 1081 041c 26       		.byte	38
 1082 041d 80       		.byte	-128
 1083 041e 27       		.byte	39
ARM GAS  C:\Users\GEORGE~1\AppData\Local\Temp\ccrqiBey.s 			page 20


 1084 041f 14       		.byte	20
 1085 0420 28       		.byte	40
 1086 0421 42       		.byte	66
 1087 0422 29       		.byte	41
 1088 0423 24       		.byte	36
 1089 0424 2A       		.byte	42
 1090 0425 40       		.byte	64
 1091 0426 2B       		.byte	43
 1092 0427 A0       		.byte	-96
 1093 0428 2C       		.byte	44
 1094 0429 02       		.byte	2
 1095 042a 2D       		.byte	45
 1096 042b 02       		.byte	2
 1097 042c 2F       		.byte	47
 1098 042d 01       		.byte	1
 1099 042e 30       		.byte	48
 1100 042f 80       		.byte	-128
 1101 0430 31       		.byte	49
 1102 0431 10       		.byte	16
 1103 0432 33       		.byte	51
 1104 0433 0A       		.byte	10
 1105 0434 35       		.byte	53
 1106 0435 04       		.byte	4
 1107 0436 36       		.byte	54
 1108 0437 88       		.byte	-120
 1109 0438 38       		.byte	56
 1110 0439 28       		.byte	40
 1111 043a 39       		.byte	57
 1112 043b 02       		.byte	2
 1113 043c 3B       		.byte	59
 1114 043d 80       		.byte	-128
 1115 043e 3F       		.byte	63
 1116 043f 02       		.byte	2
 1117 0440 42       		.byte	66
 1118 0441 30       		.byte	48
 1119 0442 45       		.byte	69
 1120 0443 81       		.byte	-127
 1121 0444 47       		.byte	71
 1122 0445 10       		.byte	16
 1123 0446 4F       		.byte	79
 1124 0447 06       		.byte	6
 1125 0448 56       		.byte	86
 1126 0449 29       		.byte	41
 1127 044a 5C       		.byte	92
 1128 044b 40       		.byte	64
 1129 044c 5E       		.byte	94
 1130 044d 18       		.byte	24
 1131 044e 66       		.byte	102
 1132 044f 0A       		.byte	10
 1133 0450 67       		.byte	103
 1134 0451 04       		.byte	4
 1135 0452 68       		.byte	104
 1136 0453 02       		.byte	2
 1137 0454 76       		.byte	118
 1138 0455 80       		.byte	-128
 1139 0456 7F       		.byte	127
 1140 0457 01       		.byte	1
ARM GAS  C:\Users\GEORGE~1\AppData\Local\Temp\ccrqiBey.s 			page 21


 1141 0458 89       		.byte	-119
 1142 0459 02       		.byte	2
 1143 045a 90       		.byte	-112
 1144 045b 28       		.byte	40
 1145 045c 91       		.byte	-111
 1146 045d 50       		.byte	80
 1147 045e 96       		.byte	-106
 1148 045f 80       		.byte	-128
 1149 0460 97       		.byte	-105
 1150 0461 08       		.byte	8
 1151 0462 98       		.byte	-104
 1152 0463 02       		.byte	2
 1153 0464 9B       		.byte	-101
 1154 0465 01       		.byte	1
 1155 0466 9E       		.byte	-98
 1156 0467 02       		.byte	2
 1157 0468 9F       		.byte	-97
 1158 0469 02       		.byte	2
 1159 046a A0       		.byte	-96
 1160 046b A0       		.byte	-96
 1161 046c A1       		.byte	-95
 1162 046d 01       		.byte	1
 1163 046e AE       		.byte	-82
 1164 046f 02       		.byte	2
 1165 0470 C0       		.byte	-64
 1166 0471 9F       		.byte	-97
 1167 0472 C2       		.byte	-62
 1168 0473 0F       		.byte	15
 1169 0474 C4       		.byte	-60
 1170 0475 3F       		.byte	63
 1171 0476 CA       		.byte	-54
 1172 0477 9F       		.byte	-97
 1173 0478 CC       		.byte	-52
 1174 0479 1F       		.byte	31
 1175 047a CE       		.byte	-50
 1176 047b 8F       		.byte	-113
 1177 047c D0       		.byte	-48
 1178 047d B0       		.byte	-80
 1179 047e D6       		.byte	-42
 1180 047f 70       		.byte	112
 1181 0480 D8       		.byte	-40
 1182 0481 E0       		.byte	-32
 1183 0482 DE       		.byte	-34
 1184 0483 10       		.byte	16
 1185 0484 E2       		.byte	-30
 1186 0485 80       		.byte	-128
 1187 0486 84       		.byte	-124
 1188 0487 08       		.byte	8
 1189 0488 8E       		.byte	-114
 1190 0489 08       		.byte	8
 1191 048a 92       		.byte	-110
 1192 048b 01       		.byte	1
 1193 048c 96       		.byte	-106
 1194 048d 04       		.byte	4
 1195 048e 9A       		.byte	-102
 1196 048f 02       		.byte	2
 1197 0490 A2       		.byte	-94
ARM GAS  C:\Users\GEORGE~1\AppData\Local\Temp\ccrqiBey.s 			page 22


 1198 0491 02       		.byte	2
 1199 0492 AA       		.byte	-86
 1200 0493 04       		.byte	4
 1201 0494 AF       		.byte	-81
 1202 0495 01       		.byte	1
 1203 0496 B0       		.byte	-80
 1204 0497 03       		.byte	3
 1205 0498 B2       		.byte	-78
 1206 0499 04       		.byte	4
 1207 049a B3       		.byte	-77
 1208 049b 01       		.byte	1
 1209 049c B4       		.byte	-76
 1210 049d 08       		.byte	8
 1211 049e BE       		.byte	-66
 1212 049f 15       		.byte	21
 1213 04a0 D4       		.byte	-44
 1214 04a1 18       		.byte	24
 1215 04a2 D6       		.byte	-42
 1216 04a3 04       		.byte	4
 1217 04a4 D8       		.byte	-40
 1218 04a5 04       		.byte	4
 1219 04a6 D9       		.byte	-39
 1220 04a7 04       		.byte	4
 1221 04a8 DB       		.byte	-37
 1222 04a9 04       		.byte	4
 1223 04aa DD       		.byte	-35
 1224 04ab 10       		.byte	16
 1225 04ac DF       		.byte	-33
 1226 04ad 05       		.byte	5
 1227 04ae 00       		.byte	0
 1228 04af 04       		.byte	4
 1229 04b0 01       		.byte	1
 1230 04b1 40       		.byte	64
 1231 04b2 03       		.byte	3
 1232 04b3 88       		.byte	-120
 1233 04b4 05       		.byte	5
 1234 04b5 80       		.byte	-128
 1235 04b6 06       		.byte	6
 1236 04b7 01       		.byte	1
 1237 04b8 07       		.byte	7
 1238 04b9 20       		.byte	32
 1239 04ba 08       		.byte	8
 1240 04bb 80       		.byte	-128
 1241 04bc 0A       		.byte	10
 1242 04bd 80       		.byte	-128
 1243 04be 0B       		.byte	11
 1244 04bf 14       		.byte	20
 1245 04c0 0D       		.byte	13
 1246 04c1 08       		.byte	8
 1247 04c2 0E       		.byte	14
 1248 04c3 44       		.byte	68
 1249 04c4 10       		.byte	16
 1250 04c5 80       		.byte	-128
 1251 04c6 12       		.byte	18
 1252 04c7 16       		.byte	22
 1253 04c8 15       		.byte	21
 1254 04c9 20       		.byte	32
ARM GAS  C:\Users\GEORGE~1\AppData\Local\Temp\ccrqiBey.s 			page 23


 1255 04ca 17       		.byte	23
 1256 04cb 02       		.byte	2
 1257 04cc 18       		.byte	24
 1258 04cd 04       		.byte	4
 1259 04ce 1A       		.byte	26
 1260 04cf 80       		.byte	-128
 1261 04d0 1B       		.byte	27
 1262 04d1 81       		.byte	-127
 1263 04d2 1C       		.byte	28
 1264 04d3 40       		.byte	64
 1265 04d4 1E       		.byte	30
 1266 04d5 08       		.byte	8
 1267 04d6 1F       		.byte	31
 1268 04d7 04       		.byte	4
 1269 04d8 21       		.byte	33
 1270 04d9 40       		.byte	64
 1271 04da 22       		.byte	34
 1272 04db 19       		.byte	25
 1273 04dc 23       		.byte	35
 1274 04dd 0C       		.byte	12
 1275 04de 27       		.byte	39
 1276 04df 20       		.byte	32
 1277 04e0 28       		.byte	40
 1278 04e1 20       		.byte	32
 1279 04e2 29       		.byte	41
 1280 04e3 10       		.byte	16
 1281 04e4 2B       		.byte	43
 1282 04e5 81       		.byte	-127
 1283 04e6 2D       		.byte	45
 1284 04e7 80       		.byte	-128
 1285 04e8 30       		.byte	48
 1286 04e9 80       		.byte	-128
 1287 04ea 31       		.byte	49
 1288 04eb 04       		.byte	4
 1289 04ec 32       		.byte	50
 1290 04ed 11       		.byte	17
 1291 04ee 38       		.byte	56
 1292 04ef 28       		.byte	40
 1293 04f0 39       		.byte	57
 1294 04f1 82       		.byte	-126
 1295 04f2 3A       		.byte	58
 1296 04f3 14       		.byte	20
 1297 04f4 40       		.byte	64
 1298 04f5 60       		.byte	96
 1299 04f6 41       		.byte	65
 1300 04f7 40       		.byte	64
 1301 04f8 43       		.byte	67
 1302 04f9 08       		.byte	8
 1303 04fa 49       		.byte	73
 1304 04fb 14       		.byte	20
 1305 04fc 4A       		.byte	74
 1306 04fd 02       		.byte	2
 1307 04fe 4B       		.byte	75
 1308 04ff 10       		.byte	16
 1309 0500 51       		.byte	81
 1310 0501 08       		.byte	8
 1311 0502 5E       		.byte	94
ARM GAS  C:\Users\GEORGE~1\AppData\Local\Temp\ccrqiBey.s 			page 24


 1312 0503 01       		.byte	1
 1313 0504 65       		.byte	101
 1314 0505 02       		.byte	2
 1315 0506 66       		.byte	102
 1316 0507 40       		.byte	64
 1317 0508 67       		.byte	103
 1318 0509 08       		.byte	8
 1319 050a 69       		.byte	105
 1320 050b 40       		.byte	64
 1321 050c 6F       		.byte	111
 1322 050d 02       		.byte	2
 1323 050e 7B       		.byte	123
 1324 050f 01       		.byte	1
 1325 0510 7E       		.byte	126
 1326 0511 40       		.byte	64
 1327 0512 83       		.byte	-125
 1328 0513 02       		.byte	2
 1329 0514 86       		.byte	-122
 1330 0515 48       		.byte	72
 1331 0516 88       		.byte	-120
 1332 0517 80       		.byte	-128
 1333 0518 89       		.byte	-119
 1334 0519 20       		.byte	32
 1335 051a 8B       		.byte	-117
 1336 051b 4A       		.byte	74
 1337 051c 90       		.byte	-112
 1338 051d 28       		.byte	40
 1339 051e 91       		.byte	-111
 1340 051f 22       		.byte	34
 1341 0520 92       		.byte	-110
 1342 0521 45       		.byte	69
 1343 0522 93       		.byte	-109
 1344 0523 10       		.byte	16
 1345 0524 96       		.byte	-106
 1346 0525 A0       		.byte	-96
 1347 0526 97       		.byte	-105
 1348 0527 80       		.byte	-128
 1349 0528 9A       		.byte	-102
 1350 0529 01       		.byte	1
 1351 052a 9C       		.byte	-100
 1352 052b 80       		.byte	-128
 1353 052c 9D       		.byte	-99
 1354 052d 22       		.byte	34
 1355 052e A0       		.byte	-96
 1356 052f 80       		.byte	-128
 1357 0530 A2       		.byte	-94
 1358 0531 02       		.byte	2
 1359 0532 A3       		.byte	-93
 1360 0533 08       		.byte	8
 1361 0534 A6       		.byte	-90
 1362 0535 04       		.byte	4
 1363 0536 A7       		.byte	-89
 1364 0537 80       		.byte	-128
 1365 0538 C0       		.byte	-64
 1366 0539 AF       		.byte	-81
 1367 053a C2       		.byte	-62
 1368 053b 7F       		.byte	127
ARM GAS  C:\Users\GEORGE~1\AppData\Local\Temp\ccrqiBey.s 			page 25


 1369 053c C4       		.byte	-60
 1370 053d 5F       		.byte	95
 1371 053e CA       		.byte	-54
 1372 053f 1F       		.byte	31
 1373 0540 CC       		.byte	-52
 1374 0541 0F       		.byte	15
 1375 0542 CE       		.byte	-50
 1376 0543 0F       		.byte	15
 1377 0544 D0       		.byte	-48
 1378 0545 0B       		.byte	11
 1379 0546 D2       		.byte	-46
 1380 0547 0C       		.byte	12
 1381 0548 D6       		.byte	-42
 1382 0549 80       		.byte	-128
 1383 054a D8       		.byte	-40
 1384 054b B0       		.byte	-80
 1385 054c DE       		.byte	-34
 1386 054d 88       		.byte	-120
 1387 054e 30       		.byte	48
 1388 054f 40       		.byte	64
 1389 0550 33       		.byte	51
 1390 0551 08       		.byte	8
 1391 0552 36       		.byte	54
 1392 0553 10       		.byte	16
 1393 0554 CC       		.byte	-52
 1394 0555 70       		.byte	112
 1395 0556 9C       		.byte	-100
 1396 0557 40       		.byte	64
 1397 0558 A6       		.byte	-90
 1398 0559 10       		.byte	16
 1399 055a A7       		.byte	-89
 1400 055b 08       		.byte	8
 1401 055c 53       		.byte	83
 1402 055d 20       		.byte	32
 1403 055e 9C       		.byte	-100
 1404 055f 40       		.byte	64
 1405 0560 A6       		.byte	-90
 1406 0561 10       		.byte	16
 1407 0562 A7       		.byte	-89
 1408 0563 08       		.byte	8
 1409 0564 D4       		.byte	-44
 1410 0565 20       		.byte	32
 1411 0566 9C       		.byte	-100
 1412 0567 40       		.byte	64
 1413 0568 A6       		.byte	-90
 1414 0569 10       		.byte	16
 1415 056a AF       		.byte	-81
 1416 056b 28       		.byte	40
 1417 056c EE       		.byte	-18
 1418 056d 50       		.byte	80
 1419 056e 58       		.byte	88
 1420 056f 40       		.byte	64
 1421 0570 D4       		.byte	-44
 1422 0571 01       		.byte	1
 1423 0572 9C       		.byte	-100
 1424 0573 40       		.byte	64
 1425 0574 84       		.byte	-124
ARM GAS  C:\Users\GEORGE~1\AppData\Local\Temp\ccrqiBey.s 			page 26


 1426 0575 04       		.byte	4
 1427 0576 88       		.byte	-120
 1428 0577 40       		.byte	64
 1429 0578 9C       		.byte	-100
 1430 0579 40       		.byte	64
 1431 057a E0       		.byte	-32
 1432 057b 01       		.byte	1
 1433 057c 88       		.byte	-120
 1434 057d 40       		.byte	64
 1435 057e 9C       		.byte	-100
 1436 057f 40       		.byte	64
 1437 0580 AE       		.byte	-82
 1438 0581 10       		.byte	16
 1439 0582 EE       		.byte	-18
 1440 0583 10       		.byte	16
 1441 0584 77       		.byte	119
 1442 0585 10       		.byte	16
 1443 0586 83       		.byte	-125
 1444 0587 10       		.byte	16
 1445 0588 DE       		.byte	-34
 1446 0589 20       		.byte	32
 1447 058a E2       		.byte	-30
 1448 058b 20       		.byte	32
 1449 058c A0       		.byte	-96
 1450 058d 04       		.byte	4
 1451 058e 10       		.byte	16
 1452 058f 10       		.byte	16
 1453 0590 74       		.byte	116
 1454 0591 04       		.byte	4
 1455 0592 88       		.byte	-120
 1456 0593 10       		.byte	16
 1457 0594 A0       		.byte	-96
 1458 0595 04       		.byte	4
 1459 0596 C4       		.byte	-60
 1460 0597 08       		.byte	8
 1461 0598 DE       		.byte	-34
 1462 0599 04       		.byte	4
 1463 059a E2       		.byte	-30
 1464 059b 04       		.byte	4
 1465 059c 00       		.byte	0
 1466 059d 02       		.byte	2
 1467 059e 01       		.byte	1
 1468 059f 01       		.byte	1
 1469 05a0 0C       		.byte	12
 1470 05a1 02       		.byte	2
 1471 05a2 0D       		.byte	13
 1472 05a3 01       		.byte	1
 1473 05a4 10       		.byte	16
 1474 05a5 03       		.byte	3
 1475 05a6 11       		.byte	17
 1476 05a7 01       		.byte	1
 1477 05a8 1C       		.byte	28
 1478 05a9 03       		.byte	3
 1479 05aa 1D       		.byte	29
 1480 05ab 01       		.byte	1
 1481 05ac 00       		.byte	0
 1482 05ad 3F       		.byte	63
ARM GAS  C:\Users\GEORGE~1\AppData\Local\Temp\ccrqiBey.s 			page 27


 1483 05ae 00       		.byte	0
 1484 05af 00       		.byte	0
 1485 05b0 82       		.byte	-126
 1486 05b1 88       		.byte	-120
 1487 05b2 00       		.byte	0
 1488 05b3 00       		.byte	0
 1489 05b4 40       		.byte	64
 1490 05b5 00       		.byte	0
 1491 05b6 00       		.byte	0
 1492 05b7 00       		.byte	0
 1493 05b8 0E       		.byte	14
 1494 05b9 30       		.byte	48
 1495 05ba 30       		.byte	48
 1496 05bb 06       		.byte	6
 1497 05bc 00       		.byte	0
 1498 05bd 06       		.byte	6
 1499 05be 02       		.byte	2
 1500 05bf 00       		.byte	0
 1501 05c0 00       		.byte	0
 1502 05c1 02       		.byte	2
 1503 05c2 21       		.byte	33
 1504 05c3 00       		.byte	0
 1505 05c4 00       		.byte	0
 1506 05c5 00       		.byte	0
 1507 05c6 80       		.byte	-128
 1508 05c7 01       		.byte	1
 1509 05c8 4F       		.byte	79
 1510 05c9 00       		.byte	0
 1511 05ca 10       		.byte	16
 1512 05cb 40       		.byte	64
 1513 05cc 2F       		.byte	47
 1514 05cd 00       		.byte	0
 1515 05ce 00       		.byte	0
 1516 05cf 01       		.byte	1
 1517 05d0 0E       		.byte	14
 1518 05d1 06       		.byte	6
 1519 05d2 01       		.byte	1
 1520 05d3 38       		.byte	56
 1521 05d4 02       		.byte	2
 1522 05d5 04       		.byte	4
 1523 05d6 40       		.byte	64
 1524 05d7 00       		.byte	0
 1525 05d8 08       		.byte	8
 1526 05d9 26       		.byte	38
 1527 05da 00       		.byte	0
 1528 05db 10       		.byte	16
 1529 05dc 04       		.byte	4
 1530 05dd 00       		.byte	0
 1531 05de 00       		.byte	0
 1532 05df 30       		.byte	48
 1533 05e0 0C       		.byte	12
 1534 05e1 36       		.byte	54
 1535 05e2 00       		.byte	0
 1536 05e3 00       		.byte	0
 1537 05e4 23       		.byte	35
 1538 05e5 66       		.byte	102
 1539 05e6 0C       		.byte	12
ARM GAS  C:\Users\GEORGE~1\AppData\Local\Temp\ccrqiBey.s 			page 28


 1540 05e7 08       		.byte	8
 1541 05e8 80       		.byte	-128
 1542 05e9 40       		.byte	64
 1543 05ea 00       		.byte	0
 1544 05eb 01       		.byte	1
 1545 05ec 40       		.byte	64
 1546 05ed 1E       		.byte	30
 1547 05ee 3F       		.byte	63
 1548 05ef 26       		.byte	38
 1549 05f0 00       		.byte	0
 1550 05f1 00       		.byte	0
 1551 05f2 80       		.byte	-128
 1552 05f3 20       		.byte	32
 1553 05f4 00       		.byte	0
 1554 05f5 00       		.byte	0
 1555 05f6 00       		.byte	0
 1556 05f7 04       		.byte	4
 1557 05f8 53       		.byte	83
 1558 05f9 06       		.byte	6
 1559 05fa 01       		.byte	1
 1560 05fb 00       		.byte	0
 1561 05fc 04       		.byte	4
 1562 05fd 0C       		.byte	12
 1563 05fe 00       		.byte	0
 1564 05ff 0E       		.byte	14
 1565 0600 11       		.byte	17
 1566 0601 FF       		.byte	-1
 1567 0602 FF       		.byte	-1
 1568 0603 FF       		.byte	-1
 1569 0604 62       		.byte	98
 1570 0605 A0       		.byte	-96
 1571 0606 F0       		.byte	-16
 1572 0607 41       		.byte	65
 1573 0608 0C       		.byte	12
 1574 0609 00       		.byte	0
 1575 060a 00       		.byte	0
 1576 060b 00       		.byte	0
 1577 060c 00       		.byte	0
 1578 060d 00       		.byte	0
 1579 060e 00       		.byte	0
 1580 060f 00       		.byte	0
 1581 0610 04       		.byte	4
 1582 0611 04       		.byte	4
 1583 0612 04       		.byte	4
 1584 0613 04       		.byte	4
 1585 0614 11       		.byte	17
 1586 0615 01       		.byte	1
 1587 0616 00       		.byte	0
 1588 0617 09       		.byte	9
 1589 0618 00       		.byte	0
 1590 0619 00       		.byte	0
 1591 061a 00       		.byte	0
 1592 061b 00       		.byte	0
 1593 061c 00       		.byte	0
 1594 061d 00       		.byte	0
 1595 061e 40       		.byte	64
 1596 061f 02       		.byte	2
ARM GAS  C:\Users\GEORGE~1\AppData\Local\Temp\ccrqiBey.s 			page 29


 1597 0620 00       		.byte	0
 1598 0621 10       		.byte	16
 1599 0622 30       		.byte	48
 1600 0623 10       		.byte	16
 1601 0624 00       		.byte	0
 1602 0625 10       		.byte	16
 1603 0626 10       		.byte	16
 1604 0627 12       		.byte	18
 1605 0628 00       		.byte	0
 1606 0629 00       		.byte	0
 1607 062a 00       		.byte	0
 1608 062b 00       		.byte	0
 1609 062c 00       		.byte	0
 1610 062d 00       		.byte	0
 1611 062e 00       		.byte	0
 1612 062f 00       		.byte	0
 1613 0630 00       		.byte	0
 1614 0631 00       		.byte	0
 1615 0632 00       		.byte	0
 1616 0633 00       		.byte	0
 1617 0634 00       		.byte	0
 1618 0635 00       		.byte	0
 1619 0636 00       		.byte	0
 1620 0637 00       		.byte	0
 1621 0638 80       		.byte	-128
 1622 0639 00       		.byte	0
 1623 063a 40       		.byte	64
 1624 063b 8A       		.byte	-118
 1625 063c 8A       		.byte	-118
 1626 063d 00       		.byte	0
 1627 063e 8A       		.byte	-118
 1628 063f 00       		.byte	0
 1629 0640 00       		.byte	0
 1630 0641 00       		.byte	0
 1631 0642 00       		.byte	0
 1632 0643 00       		.byte	0
 1633 0644 00       		.byte	0
 1634 0645 0B       		.byte	11
 1635 0646 0B       		.byte	11
 1636 0647 00       		.byte	0
 1637 0648 00       		.byte	0
 1638 0649 00       		.byte	0
 1639 064a 00       		.byte	0
 1640 064b 00       		.byte	0
 1641 064c 00       		.byte	0
 1642 064d 02       		.byte	2
 1643 064e 02       		.byte	2
 1644 064f 00       		.byte	0
 1645 0650 02       		.byte	2
 1646 0651 00       		.byte	0
 1647 0652 00       		.byte	0
 1648 0653 00       		.byte	0
 1649              		.section	.cywolatch,"a",%progbits
 1650              		.align	2
 1651              		.type	cy_meta_wonvl, %object
 1652              		.size	cy_meta_wonvl, 4
 1653              	cy_meta_wonvl:
ARM GAS  C:\Users\GEORGE~1\AppData\Local\Temp\ccrqiBey.s 			page 30


 1654 0000 BC       		.byte	-68
 1655 0001 90       		.byte	-112
 1656 0002 AC       		.byte	-84
 1657 0003 AF       		.byte	-81
 1658              		.section	.cycustnvl,"a",%progbits
 1659              		.align	2
 1660              		.type	cy_meta_custnvl, %object
 1661              		.size	cy_meta_custnvl, 4
 1662              	cy_meta_custnvl:
 1663 0000 00       		.byte	0
 1664 0001 00       		.byte	0
 1665 0002 40       		.byte	64
 1666 0003 05       		.byte	5
 1667              		.section	.cymeta,"a",%progbits
 1668              		.align	2
 1669              		.type	cy_metadata, %object
 1670              		.size	cy_metadata, 12
 1671              	cy_metadata:
 1672 0000 00       		.byte	0
 1673 0001 01       		.byte	1
 1674 0002 2E       		.byte	46
 1675 0003 16       		.byte	22
 1676 0004 10       		.byte	16
 1677 0005 69       		.byte	105
 1678 0006 00       		.byte	0
 1679 0007 01       		.byte	1
 1680 0008 00       		.byte	0
 1681 0009 00       		.byte	0
 1682 000a 00       		.byte	0
 1683 000b 00       		.byte	0
 1684              		.section	.cyflashprotect,"a",%progbits
 1685              		.align	2
 1686              		.type	cy_meta_flashprotect, %object
 1687              		.size	cy_meta_flashprotect, 256
 1688              	cy_meta_flashprotect:
 1689 0000 00000000 		.space	256
 1689      00000000 
 1689      00000000 
 1689      00000000 
 1689      00000000 
 1690              		.text
 1691              	.Letext0:
 1692              		.file 1 "c:\\program files (x86)\\cypress\\psoc creator\\4.2\\psoc creator\\import\\gnu\\arm\\5.4.
 1693              		.file 2 "c:\\program files (x86)\\cypress\\psoc creator\\4.2\\psoc creator\\import\\gnu\\arm\\5.4.
 1694              		.file 3 "Generated_Source\\PSoC5\\cymetadata.c"
 1695              		.section	.debug_info,"",%progbits
 1696              	.Ldebug_info0:
 1697 0000 34010000 		.4byte	0x134
 1698 0004 0400     		.2byte	0x4
 1699 0006 00000000 		.4byte	.Ldebug_abbrev0
 1700 000a 04       		.byte	0x4
 1701 000b 01       		.uleb128 0x1
 1702 000c 92000000 		.4byte	.LASF17
 1703 0010 0C       		.byte	0xc
 1704 0011 EC010000 		.4byte	.LASF18
 1705 0015 0A000000 		.4byte	.LASF19
 1706 0019 00000000 		.4byte	.Ldebug_line0
ARM GAS  C:\Users\GEORGE~1\AppData\Local\Temp\ccrqiBey.s 			page 31


 1707 001d 02       		.uleb128 0x2
 1708 001e 01       		.byte	0x1
 1709 001f 06       		.byte	0x6
 1710 0020 E0010000 		.4byte	.LASF0
 1711 0024 03       		.uleb128 0x3
 1712 0025 00000000 		.4byte	.LASF9
 1713 0029 01       		.byte	0x1
 1714 002a 1D       		.byte	0x1d
 1715 002b 2F000000 		.4byte	0x2f
 1716 002f 02       		.uleb128 0x2
 1717 0030 01       		.byte	0x1
 1718 0031 08       		.byte	0x8
 1719 0032 84000000 		.4byte	.LASF1
 1720 0036 02       		.uleb128 0x2
 1721 0037 02       		.byte	0x2
 1722 0038 05       		.byte	0x5
 1723 0039 CD010000 		.4byte	.LASF2
 1724 003d 02       		.uleb128 0x2
 1725 003e 02       		.byte	0x2
 1726 003f 07       		.byte	0x7
 1727 0040 32010000 		.4byte	.LASF3
 1728 0044 02       		.uleb128 0x2
 1729 0045 04       		.byte	0x4
 1730 0046 05       		.byte	0x5
 1731 0047 D7010000 		.4byte	.LASF4
 1732 004b 02       		.uleb128 0x2
 1733 004c 04       		.byte	0x4
 1734 004d 07       		.byte	0x7
 1735 004e 20010000 		.4byte	.LASF5
 1736 0052 02       		.uleb128 0x2
 1737 0053 08       		.byte	0x8
 1738 0054 05       		.byte	0x5
 1739 0055 BF010000 		.4byte	.LASF6
 1740 0059 02       		.uleb128 0x2
 1741 005a 08       		.byte	0x8
 1742 005b 07       		.byte	0x7
 1743 005c 74010000 		.4byte	.LASF7
 1744 0060 04       		.uleb128 0x4
 1745 0061 04       		.byte	0x4
 1746 0062 05       		.byte	0x5
 1747 0063 696E7400 		.ascii	"int\000"
 1748 0067 02       		.uleb128 0x2
 1749 0068 04       		.byte	0x4
 1750 0069 07       		.byte	0x7
 1751 006a 67010000 		.4byte	.LASF8
 1752 006e 03       		.uleb128 0x3
 1753 006f 8B010000 		.4byte	.LASF10
 1754 0073 02       		.byte	0x2
 1755 0074 18       		.byte	0x18
 1756 0075 24000000 		.4byte	0x24
 1757 0079 05       		.uleb128 0x5
 1758 007a 91000000 		.4byte	0x91
 1759 007e 8A000000 		.4byte	0x8a
 1760 0082 06       		.uleb128 0x6
 1761 0083 8A000000 		.4byte	0x8a
 1762 0087 5306     		.2byte	0x653
 1763 0089 00       		.byte	0
ARM GAS  C:\Users\GEORGE~1\AppData\Local\Temp\ccrqiBey.s 			page 32


 1764 008a 02       		.uleb128 0x2
 1765 008b 04       		.byte	0x4
 1766 008c 07       		.byte	0x7
 1767 008d B6010000 		.4byte	.LASF11
 1768 0091 07       		.uleb128 0x7
 1769 0092 6E000000 		.4byte	0x6e
 1770 0096 08       		.uleb128 0x8
 1771 0097 55010000 		.4byte	.LASF12
 1772 009b 03       		.byte	0x3
 1773 009c 1F       		.byte	0x1f
 1774 009d A7000000 		.4byte	0xa7
 1775 00a1 05       		.uleb128 0x5
 1776 00a2 03       		.byte	0x3
 1777 00a3 00000000 		.4byte	cy_meta_configecc
 1778 00a7 07       		.uleb128 0x7
 1779 00a8 79000000 		.4byte	0x79
 1780 00ac 05       		.uleb128 0x5
 1781 00ad 91000000 		.4byte	0x91
 1782 00b1 BC000000 		.4byte	0xbc
 1783 00b5 09       		.uleb128 0x9
 1784 00b6 8A000000 		.4byte	0x8a
 1785 00ba 03       		.byte	0x3
 1786 00bb 00       		.byte	0
 1787 00bc 08       		.uleb128 0x8
 1788 00bd 45010000 		.4byte	.LASF13
 1789 00c1 03       		.byte	0x3
 1790 00c2 F7       		.byte	0xf7
 1791 00c3 CD000000 		.4byte	0xcd
 1792 00c7 05       		.uleb128 0x5
 1793 00c8 03       		.byte	0x3
 1794 00c9 00000000 		.4byte	cy_meta_custnvl
 1795 00cd 07       		.uleb128 0x7
 1796 00ce AC000000 		.4byte	0xac
 1797 00d2 0A       		.uleb128 0xa
 1798 00d3 A8010000 		.4byte	.LASF14
 1799 00d7 03       		.byte	0x3
 1800 00d8 0501     		.2byte	0x105
 1801 00da E4000000 		.4byte	0xe4
 1802 00de 05       		.uleb128 0x5
 1803 00df 03       		.byte	0x3
 1804 00e0 00000000 		.4byte	cy_meta_wonvl
 1805 00e4 07       		.uleb128 0x7
 1806 00e5 AC000000 		.4byte	0xac
 1807 00e9 05       		.uleb128 0x5
 1808 00ea 91000000 		.4byte	0x91
 1809 00ee F9000000 		.4byte	0xf9
 1810 00f2 09       		.uleb128 0x9
 1811 00f3 8A000000 		.4byte	0x8a
 1812 00f7 FF       		.byte	0xff
 1813 00f8 00       		.byte	0
 1814 00f9 0A       		.uleb128 0xa
 1815 00fa 93010000 		.4byte	.LASF15
 1816 00fe 03       		.byte	0x3
 1817 00ff 1301     		.2byte	0x113
 1818 0101 0B010000 		.4byte	0x10b
 1819 0105 05       		.uleb128 0x5
 1820 0106 03       		.byte	0x3
ARM GAS  C:\Users\GEORGE~1\AppData\Local\Temp\ccrqiBey.s 			page 33


 1821 0107 00000000 		.4byte	cy_meta_flashprotect
 1822 010b 07       		.uleb128 0x7
 1823 010c E9000000 		.4byte	0xe9
 1824 0110 05       		.uleb128 0x5
 1825 0111 91000000 		.4byte	0x91
 1826 0115 20010000 		.4byte	0x120
 1827 0119 09       		.uleb128 0x9
 1828 011a 8A000000 		.4byte	0x8a
 1829 011e 0B       		.byte	0xb
 1830 011f 00       		.byte	0
 1831 0120 0A       		.uleb128 0xa
 1832 0121 78000000 		.4byte	.LASF16
 1833 0125 03       		.byte	0x3
 1834 0126 4001     		.2byte	0x140
 1835 0128 32010000 		.4byte	0x132
 1836 012c 05       		.uleb128 0x5
 1837 012d 03       		.byte	0x3
 1838 012e 00000000 		.4byte	cy_metadata
 1839 0132 07       		.uleb128 0x7
 1840 0133 10010000 		.4byte	0x110
 1841 0137 00       		.byte	0
 1842              		.section	.debug_abbrev,"",%progbits
 1843              	.Ldebug_abbrev0:
 1844 0000 01       		.uleb128 0x1
 1845 0001 11       		.uleb128 0x11
 1846 0002 01       		.byte	0x1
 1847 0003 25       		.uleb128 0x25
 1848 0004 0E       		.uleb128 0xe
 1849 0005 13       		.uleb128 0x13
 1850 0006 0B       		.uleb128 0xb
 1851 0007 03       		.uleb128 0x3
 1852 0008 0E       		.uleb128 0xe
 1853 0009 1B       		.uleb128 0x1b
 1854 000a 0E       		.uleb128 0xe
 1855 000b 10       		.uleb128 0x10
 1856 000c 17       		.uleb128 0x17
 1857 000d 00       		.byte	0
 1858 000e 00       		.byte	0
 1859 000f 02       		.uleb128 0x2
 1860 0010 24       		.uleb128 0x24
 1861 0011 00       		.byte	0
 1862 0012 0B       		.uleb128 0xb
 1863 0013 0B       		.uleb128 0xb
 1864 0014 3E       		.uleb128 0x3e
 1865 0015 0B       		.uleb128 0xb
 1866 0016 03       		.uleb128 0x3
 1867 0017 0E       		.uleb128 0xe
 1868 0018 00       		.byte	0
 1869 0019 00       		.byte	0
 1870 001a 03       		.uleb128 0x3
 1871 001b 16       		.uleb128 0x16
 1872 001c 00       		.byte	0
 1873 001d 03       		.uleb128 0x3
 1874 001e 0E       		.uleb128 0xe
 1875 001f 3A       		.uleb128 0x3a
 1876 0020 0B       		.uleb128 0xb
 1877 0021 3B       		.uleb128 0x3b
ARM GAS  C:\Users\GEORGE~1\AppData\Local\Temp\ccrqiBey.s 			page 34


 1878 0022 0B       		.uleb128 0xb
 1879 0023 49       		.uleb128 0x49
 1880 0024 13       		.uleb128 0x13
 1881 0025 00       		.byte	0
 1882 0026 00       		.byte	0
 1883 0027 04       		.uleb128 0x4
 1884 0028 24       		.uleb128 0x24
 1885 0029 00       		.byte	0
 1886 002a 0B       		.uleb128 0xb
 1887 002b 0B       		.uleb128 0xb
 1888 002c 3E       		.uleb128 0x3e
 1889 002d 0B       		.uleb128 0xb
 1890 002e 03       		.uleb128 0x3
 1891 002f 08       		.uleb128 0x8
 1892 0030 00       		.byte	0
 1893 0031 00       		.byte	0
 1894 0032 05       		.uleb128 0x5
 1895 0033 01       		.uleb128 0x1
 1896 0034 01       		.byte	0x1
 1897 0035 49       		.uleb128 0x49
 1898 0036 13       		.uleb128 0x13
 1899 0037 01       		.uleb128 0x1
 1900 0038 13       		.uleb128 0x13
 1901 0039 00       		.byte	0
 1902 003a 00       		.byte	0
 1903 003b 06       		.uleb128 0x6
 1904 003c 21       		.uleb128 0x21
 1905 003d 00       		.byte	0
 1906 003e 49       		.uleb128 0x49
 1907 003f 13       		.uleb128 0x13
 1908 0040 2F       		.uleb128 0x2f
 1909 0041 05       		.uleb128 0x5
 1910 0042 00       		.byte	0
 1911 0043 00       		.byte	0
 1912 0044 07       		.uleb128 0x7
 1913 0045 26       		.uleb128 0x26
 1914 0046 00       		.byte	0
 1915 0047 49       		.uleb128 0x49
 1916 0048 13       		.uleb128 0x13
 1917 0049 00       		.byte	0
 1918 004a 00       		.byte	0
 1919 004b 08       		.uleb128 0x8
 1920 004c 34       		.uleb128 0x34
 1921 004d 00       		.byte	0
 1922 004e 03       		.uleb128 0x3
 1923 004f 0E       		.uleb128 0xe
 1924 0050 3A       		.uleb128 0x3a
 1925 0051 0B       		.uleb128 0xb
 1926 0052 3B       		.uleb128 0x3b
 1927 0053 0B       		.uleb128 0xb
 1928 0054 49       		.uleb128 0x49
 1929 0055 13       		.uleb128 0x13
 1930 0056 3F       		.uleb128 0x3f
 1931 0057 19       		.uleb128 0x19
 1932 0058 02       		.uleb128 0x2
 1933 0059 18       		.uleb128 0x18
 1934 005a 00       		.byte	0
ARM GAS  C:\Users\GEORGE~1\AppData\Local\Temp\ccrqiBey.s 			page 35


 1935 005b 00       		.byte	0
 1936 005c 09       		.uleb128 0x9
 1937 005d 21       		.uleb128 0x21
 1938 005e 00       		.byte	0
 1939 005f 49       		.uleb128 0x49
 1940 0060 13       		.uleb128 0x13
 1941 0061 2F       		.uleb128 0x2f
 1942 0062 0B       		.uleb128 0xb
 1943 0063 00       		.byte	0
 1944 0064 00       		.byte	0
 1945 0065 0A       		.uleb128 0xa
 1946 0066 34       		.uleb128 0x34
 1947 0067 00       		.byte	0
 1948 0068 03       		.uleb128 0x3
 1949 0069 0E       		.uleb128 0xe
 1950 006a 3A       		.uleb128 0x3a
 1951 006b 0B       		.uleb128 0xb
 1952 006c 3B       		.uleb128 0x3b
 1953 006d 05       		.uleb128 0x5
 1954 006e 49       		.uleb128 0x49
 1955 006f 13       		.uleb128 0x13
 1956 0070 3F       		.uleb128 0x3f
 1957 0071 19       		.uleb128 0x19
 1958 0072 02       		.uleb128 0x2
 1959 0073 18       		.uleb128 0x18
 1960 0074 00       		.byte	0
 1961 0075 00       		.byte	0
 1962 0076 00       		.byte	0
 1963              		.section	.debug_aranges,"",%progbits
 1964 0000 14000000 		.4byte	0x14
 1965 0004 0200     		.2byte	0x2
 1966 0006 00000000 		.4byte	.Ldebug_info0
 1967 000a 04       		.byte	0x4
 1968 000b 00       		.byte	0
 1969 000c 0000     		.2byte	0
 1970 000e 0000     		.2byte	0
 1971 0010 00000000 		.4byte	0
 1972 0014 00000000 		.4byte	0
 1973              		.section	.debug_line,"",%progbits
 1974              	.Ldebug_line0:
 1975 0000 3D010000 		.section	.debug_str,"MS",%progbits,1
 1975      02003701 
 1975      00000201 
 1975      FB0E0D00 
 1975      01010101 
 1976              	.LASF9:
 1977 0000 5F5F7569 		.ascii	"__uint8_t\000"
 1977      6E74385F 
 1977      7400
 1978              	.LASF19:
 1979 000a 433A5C55 		.ascii	"C:\\Users\\George Anwar\\Documents\\UC Berkeley\\ME"
 1979      73657273 
 1979      5C47656F 
 1979      72676520 
 1979      416E7761 
 1980 0038 31333520 		.ascii	"135 Spring 2020\\PSOC Creator\\ME135_235\\EmulatedP"
 1980      53707269 
ARM GAS  C:\Users\GEORGE~1\AppData\Local\Temp\ccrqiBey.s 			page 36


 1980      6E672032 
 1980      3032305C 
 1980      50534F43 
 1981 0068 574D4443 		.ascii	"WMDCMotor.cydsn\000"
 1981      4D6F746F 
 1981      722E6379 
 1981      64736E00 
 1982              	.LASF16:
 1983 0078 63795F6D 		.ascii	"cy_metadata\000"
 1983      65746164 
 1983      61746100 
 1984              	.LASF1:
 1985 0084 756E7369 		.ascii	"unsigned char\000"
 1985      676E6564 
 1985      20636861 
 1985      7200
 1986              	.LASF17:
 1987 0092 474E5520 		.ascii	"GNU C11 5.4.1 20160609 (release) [ARM/embedded-5-br"
 1987      43313120 
 1987      352E342E 
 1987      31203230 
 1987      31363036 
 1988 00c5 616E6368 		.ascii	"anch revision 237715] -mcpu=cortex-m3 -mthumb -g -O"
 1988      20726576 
 1988      6973696F 
 1988      6E203233 
 1988      37373135 
 1989 00f8 67202D66 		.ascii	"g -ffunction-sections -ffat-lto-objects\000"
 1989      66756E63 
 1989      74696F6E 
 1989      2D736563 
 1989      74696F6E 
 1990              	.LASF5:
 1991 0120 6C6F6E67 		.ascii	"long unsigned int\000"
 1991      20756E73 
 1991      69676E65 
 1991      6420696E 
 1991      7400
 1992              	.LASF3:
 1993 0132 73686F72 		.ascii	"short unsigned int\000"
 1993      7420756E 
 1993      7369676E 
 1993      65642069 
 1993      6E7400
 1994              	.LASF13:
 1995 0145 63795F6D 		.ascii	"cy_meta_custnvl\000"
 1995      6574615F 
 1995      63757374 
 1995      6E766C00 
 1996              	.LASF12:
 1997 0155 63795F6D 		.ascii	"cy_meta_configecc\000"
 1997      6574615F 
 1997      636F6E66 
 1997      69676563 
 1997      6300
 1998              	.LASF8:
 1999 0167 756E7369 		.ascii	"unsigned int\000"
ARM GAS  C:\Users\GEORGE~1\AppData\Local\Temp\ccrqiBey.s 			page 37


 1999      676E6564 
 1999      20696E74 
 1999      00
 2000              	.LASF7:
 2001 0174 6C6F6E67 		.ascii	"long long unsigned int\000"
 2001      206C6F6E 
 2001      6720756E 
 2001      7369676E 
 2001      65642069 
 2002              	.LASF10:
 2003 018b 75696E74 		.ascii	"uint8_t\000"
 2003      385F7400 
 2004              	.LASF15:
 2005 0193 63795F6D 		.ascii	"cy_meta_flashprotect\000"
 2005      6574615F 
 2005      666C6173 
 2005      6870726F 
 2005      74656374 
 2006              	.LASF14:
 2007 01a8 63795F6D 		.ascii	"cy_meta_wonvl\000"
 2007      6574615F 
 2007      776F6E76 
 2007      6C00
 2008              	.LASF11:
 2009 01b6 73697A65 		.ascii	"sizetype\000"
 2009      74797065 
 2009      00
 2010              	.LASF6:
 2011 01bf 6C6F6E67 		.ascii	"long long int\000"
 2011      206C6F6E 
 2011      6720696E 
 2011      7400
 2012              	.LASF2:
 2013 01cd 73686F72 		.ascii	"short int\000"
 2013      7420696E 
 2013      7400
 2014              	.LASF4:
 2015 01d7 6C6F6E67 		.ascii	"long int\000"
 2015      20696E74 
 2015      00
 2016              	.LASF0:
 2017 01e0 7369676E 		.ascii	"signed char\000"
 2017      65642063 
 2017      68617200 
 2018              	.LASF18:
 2019 01ec 47656E65 		.ascii	"Generated_Source\\PSoC5\\cymetadata.c\000"
 2019      72617465 
 2019      645F536F 
 2019      75726365 
 2019      5C50536F 
 2020              		.ident	"GCC: (GNU Tools for ARM Embedded Processors) 5.4.1 20160609 (release) [ARM/embedded-5-bran
