--------------- Build Started: 04/27/2020 22:03:47 Project: CommandInterpreter, Configuration: ARM GCC 5.4-2016-q2-update Debug ---------------
The code generation step is up to date.
arm-none-eabi-gcc.exe -mcpu=cortex-m3 -mthumb -I. -IGenerated_Source\PSoC5 -Wa,-alh=.\CortexM3\ARM_GCC_541\Debug/main.lst -g -D DEBUG -D CY_CORE_ID=0 -Wall -ffunction-sections -ffat-lto-objects -Og -c main.c -o .\CortexM3\ARM_GCC_541\Debug\main.o
main.c: In function 'main':
main.c:146:38: warning: initialization makes pointer from integer without a cast [-Wint-conversion]
                         int32 *ptr = Command_Packet.buffer[4*i]; 
                                      ^
main.c:161:39: warning: initialization makes pointer from integer without a cast [-Wint-conversion]
                         uint16 *ptr = Command_Packet.buffer[2*i]; 
                                       ^
main.c:179:38: warning: initialization makes pointer from integer without a cast [-Wint-conversion]
                         int16 *ptr = Command_Packet.buffer[i];
                                      ^
arm-none-eabi-ar.exe -rs .\CortexM3\ARM_GCC_541\Debug\CommandInterpreter.a .\CortexM3\ARM_GCC_541\Debug\LabVIEW_UART.o .\CortexM3\ARM_GCC_541\Debug\LabVIEW_UART_PM.o .\CortexM3\ARM_GCC_541\Debug\LabVIEW_UART_INT.o .\CortexM3\ARM_GCC_541\Debug\LabVIEW_UART_BOOT.o .\CortexM3\ARM_GCC_541\Debug\UARTReset.o .\CortexM3\ARM_GCC_541\Debug\UARTReset_PM.o .\CortexM3\ARM_GCC_541\Debug\ByteReceived.o .\CortexM3\ARM_GCC_541\Debug\LEDDrive.o .\CortexM3\ARM_GCC_541\Debug\LEDDrive_PM.o .\CortexM3\ARM_GCC_541\Debug\LED.o .\CortexM3\ARM_GCC_541\Debug\ByteCounter.o .\CortexM3\ARM_GCC_541\Debug\ByteCounter_PM.o .\CortexM3\ARM_GCC_541\Debug\Clock_1.o .\CortexM3\ARM_GCC_541\Debug\ByteCountReset.o .\CortexM3\ARM_GCC_541\Debug\ByteCountReset_PM.o .\CortexM3\ARM_GCC_541\Debug\CommandReceived.o .\CortexM3\ARM_GCC_541\Debug\LabVIEW_UART_IntClock.o .\CortexM3\ARM_GCC_541\Debug\cy_em_eeprom.o .\CortexM3\ARM_GCC_541\Debug\CyDmac.o .\CortexM3\ARM_GCC_541\Debug\CyFlash.o .\CortexM3\ARM_GCC_541\Debug\CyLib.o .\CortexM3\ARM_GCC_541\Debug\cyPm.o .\CortexM3\ARM_GCC_541\Debug\CySpc.o .\CortexM3\ARM_GCC_541\Debug\cyutils.o .\CortexM3\ARM_GCC_541\Debug\timer_clock.o .\CortexM3\ARM_GCC_541\Debug\Timer_1.o .\CortexM3\ARM_GCC_541\Debug\Timer_1_PM.o .\CortexM3\ARM_GCC_541\Debug\TimerInterrupt.o .\CortexM3\ARM_GCC_541\Debug\CyBootAsmGnu.o
arm-none-eabi-ar.exe: creating .\CortexM3\ARM_GCC_541\Debug\CommandInterpreter.a
arm-none-eabi-gcc.exe -Wl,--start-group -o C:\Users\shawn\Desktop\Real-Time-Estimation-and-Control-For-Satellite-Orbit-Stabilization\Lab6\CommandInterpreter.cydsn\CortexM3\ARM_GCC_541\Debug\CommandInterpreter.elf .\CortexM3\ARM_GCC_541\Debug\main.o .\CortexM3\ARM_GCC_541\Debug\cyfitter_cfg.o .\CortexM3\ARM_GCC_541\Debug\cymetadata.o .\CortexM3\ARM_GCC_541\Debug\Cm3Start.o .\CortexM3\ARM_GCC_541\Debug\CommandInterpreter.a "C:\Program Files (x86)\Cypress\PSoC Creator\4.2\PSoC Creator\psoc\content\cycomponentlibrary\CyComponentLibrary.cylib\CortexM3\ARM_GCC_541\Debug\CyComponentLibrary.a" -mcpu=cortex-m3 -mthumb -L Generated_Source\PSoC5 -Wl,-Map,.\CortexM3\ARM_GCC_541\Debug/CommandInterpreter.map -T Generated_Source\PSoC5\cm3gcc.ld -specs=nano.specs -Wl,--gc-sections -g -ffunction-sections -Og -ffat-lto-objects -Wl,--end-group
cyelftool.exe -C C:\Users\shawn\Desktop\Real-Time-Estimation-and-Control-For-Satellite-Orbit-Stabilization\Lab6\CommandInterpreter.cydsn\CortexM3\ARM_GCC_541\Debug\CommandInterpreter.elf --flash_row_size 256 --flash_size 262144 --flash_offset 0x00000000
No ELF section .cychecksum found, creating one
Application checksum calculated and stored in ELF section .cychecksum
Checksum calculated and stored in ELF section .cymeta
cyelftool.exe -S C:\Users\shawn\Desktop\Real-Time-Estimation-and-Control-For-Satellite-Orbit-Stabilization\Lab6\CommandInterpreter.cydsn\CortexM3\ARM_GCC_541\Debug\CommandInterpreter.elf
Flash used: 2950 of 262144 bytes (1.1%).
SRAM used: 2913 of 65536 bytes (4.4%). Stack: 2048 bytes. Heap: 128 bytes.
--------------- Build Succeeded: 04/27/2020 22:03:48 ---------------
