ARM GAS  C:\Users\GEORGE~1\AppData\Local\Temp\cckyYmkV.s 			page 1


   1              		.syntax unified
   2              		.cpu cortex-m3
   3              		.fpu softvfp
   4              		.eabi_attribute 20, 1
   5              		.eabi_attribute 21, 1
   6              		.eabi_attribute 23, 3
   7              		.eabi_attribute 24, 1
   8              		.eabi_attribute 25, 1
   9              		.eabi_attribute 26, 1
  10              		.eabi_attribute 30, 1
  11              		.eabi_attribute 34, 1
  12              		.eabi_attribute 18, 4
  13              		.thumb
  14              		.syntax unified
  15              		.file	"main.c"
  16              		.text
  17              	.Ltext0:
  18              		.cfi_sections	.debug_frame
  19              		.section	.text.isr_1,"ax",%progbits
  20              		.align	2
  21              		.global	isr_1
  22              		.thumb
  23              		.thumb_func
  24              		.type	isr_1, %function
  25              	isr_1:
  26              	.LFB63:
  27              		.file 1 "main.c"
   1:main.c        **** /* ========================================
   2:main.c        ****  *
   3:main.c        ****  * Copyright YOUR COMPANY, THE YEAR
   4:main.c        ****  * All Rights Reserved
   5:main.c        ****  * UNPUBLISHED, LICENSED SOFTWARE.
   6:main.c        ****  *
   7:main.c        ****  * CONFIDENTIAL AND PROPRIETARY INFORMATION
   8:main.c        ****  * WHICH IS THE PROPERTY OF your company.
   9:main.c        ****  *
  10:main.c        ****  * ========================================
  11:main.c        **** */
  12:main.c        **** #include "project.h"
  13:main.c        **** 
  14:main.c        **** uint32 distance;
  15:main.c        **** 
  16:main.c        **** uint16 PWMvalue;
  17:main.c        **** 
  18:main.c        **** CY_ISR(isr_1)
  19:main.c        **** {
  28              		.loc 1 19 0
  29              		.cfi_startproc
  30              		@ args = 0, pretend = 0, frame = 0
  31              		@ frame_needed = 0, uses_anonymous_args = 0
  32 0000 08B5     		push	{r3, lr}
  33              		.cfi_def_cfa_offset 8
  34              		.cfi_offset 3, -8
  35              		.cfi_offset 14, -4
  20:main.c        ****     CyDelayUs(10);
  36              		.loc 1 20 0
  37 0002 0A20     		movs	r0, #10
ARM GAS  C:\Users\GEORGE~1\AppData\Local\Temp\cckyYmkV.s 			page 2


  38 0004 FFF7FEFF 		bl	CyDelayUs
  39              	.LVL0:
  40 0008 08BD     		pop	{r3, pc}
  41              		.cfi_endproc
  42              	.LFE63:
  43              		.size	isr_1, .-isr_1
  44 000a 00BF     		.section	.text.isr_2,"ax",%progbits
  45              		.align	2
  46              		.global	isr_2
  47              		.thumb
  48              		.thumb_func
  49              		.type	isr_2, %function
  50              	isr_2:
  51              	.LFB64:
  21:main.c        **** }
  22:main.c        **** 
  23:main.c        **** CY_ISR(isr_2)
  24:main.c        **** {
  52              		.loc 1 24 0
  53              		.cfi_startproc
  54              		@ args = 0, pretend = 0, frame = 0
  55              		@ frame_needed = 0, uses_anonymous_args = 0
  56 0000 08B5     		push	{r3, lr}
  57              		.cfi_def_cfa_offset 8
  58              		.cfi_offset 3, -8
  59              		.cfi_offset 14, -4
  25:main.c        ****     CyDelayUs(10);
  60              		.loc 1 25 0
  61 0002 0A20     		movs	r0, #10
  62 0004 FFF7FEFF 		bl	CyDelayUs
  63              	.LVL1:
  26:main.c        ****     
  27:main.c        ****     distance = Timer_1_ReadCounter();
  64              		.loc 1 27 0
  65 0008 FFF7FEFF 		bl	Timer_1_ReadCounter
  66              	.LVL2:
  67 000c 054B     		ldr	r3, .L5
  68 000e 1860     		str	r0, [r3]
  28:main.c        **** 
  29:main.c        ****     TimerReset_Write(1);
  69              		.loc 1 29 0
  70 0010 0120     		movs	r0, #1
  71 0012 FFF7FEFF 		bl	TimerReset_Write
  72              	.LVL3:
  30:main.c        ****     CyDelayUs(50);
  73              		.loc 1 30 0
  74 0016 3220     		movs	r0, #50
  75 0018 FFF7FEFF 		bl	CyDelayUs
  76              	.LVL4:
  31:main.c        ****     TimerReset_Write(0);
  77              		.loc 1 31 0
  78 001c 0020     		movs	r0, #0
  79 001e FFF7FEFF 		bl	TimerReset_Write
  80              	.LVL5:
  81 0022 08BD     		pop	{r3, pc}
  82              	.L6:
  83              		.align	2
ARM GAS  C:\Users\GEORGE~1\AppData\Local\Temp\cckyYmkV.s 			page 3


  84              	.L5:
  85 0024 00000000 		.word	distance
  86              		.cfi_endproc
  87              	.LFE64:
  88              		.size	isr_2, .-isr_2
  89              		.section	.text.main,"ax",%progbits
  90              		.align	2
  91              		.global	main
  92              		.thumb
  93              		.thumb_func
  94              		.type	main, %function
  95              	main:
  96              	.LFB65:
  32:main.c        **** }
  33:main.c        **** 
  34:main.c        **** int main(void)
  35:main.c        **** {
  97              		.loc 1 35 0
  98              		.cfi_startproc
  99              		@ Volatile: function does not return.
 100              		@ args = 0, pretend = 0, frame = 0
 101              		@ frame_needed = 0, uses_anonymous_args = 0
 102 0000 08B5     		push	{r3, lr}
 103              		.cfi_def_cfa_offset 8
 104              		.cfi_offset 3, -8
 105              		.cfi_offset 14, -4
  36:main.c        ****     PWM_1_Start();
 106              		.loc 1 36 0
 107 0002 FFF7FEFF 		bl	PWM_1_Start
 108              	.LVL6:
  37:main.c        ****     Timer_1_Start();
 109              		.loc 1 37 0
 110 0006 FFF7FEFF 		bl	Timer_1_Start
 111              	.LVL7:
  38:main.c        ****     
  39:main.c        ****     isr_1_Start();
 112              		.loc 1 39 0
 113 000a FFF7FEFF 		bl	isr_1_Start
 114              	.LVL8:
  40:main.c        ****     isr_1_StartEx(isr_1);
 115              		.loc 1 40 0
 116 000e 1048     		ldr	r0, .L10
 117 0010 FFF7FEFF 		bl	isr_1_StartEx
 118              	.LVL9:
  41:main.c        ****     isr_1_Enable();
 119              		.loc 1 41 0
 120 0014 FFF7FEFF 		bl	isr_1_Enable
 121              	.LVL10:
  42:main.c        ****     
  43:main.c        ****     isr_2_Start();
 122              		.loc 1 43 0
 123 0018 FFF7FEFF 		bl	isr_2_Start
 124              	.LVL11:
  44:main.c        ****     isr_2_StartEx(isr_2);
 125              		.loc 1 44 0
 126 001c 0D48     		ldr	r0, .L10+4
 127 001e FFF7FEFF 		bl	isr_2_StartEx
ARM GAS  C:\Users\GEORGE~1\AppData\Local\Temp\cckyYmkV.s 			page 4


 128              	.LVL12:
  45:main.c        ****     isr_2_Enable();
 129              		.loc 1 45 0
 130 0022 FFF7FEFF 		bl	isr_2_Enable
 131              	.LVL13:
  46:main.c        ****     
  47:main.c        ****     Timer_1_EnableTrigger();
 132              		.loc 1 47 0
 133 0026 FFF7FEFF 		bl	Timer_1_EnableTrigger
 134              	.LVL14:
  48:main.c        ****     
  49:main.c        ****     CyGlobalIntEnable; /* Enable global interrupts. */
 135              		.loc 1 49 0
 136              		.syntax unified
 137              	@ 49 "main.c" 1
 138 002a 62B6     		CPSIE   i
 139              	@ 0 "" 2
  50:main.c        **** 
  51:main.c        ****     /* Place your initialization/startup code here (e.g. MyInst_Start()) */
  52:main.c        **** 
  53:main.c        ****     PWMvalue = 0;
 140              		.loc 1 53 0
 141              		.thumb
 142              		.syntax unified
 143 002c 0022     		movs	r2, #0
 144 002e 0A4B     		ldr	r3, .L10+8
 145 0030 1A80     		strh	r2, [r3]	@ movhi
 146              	.L8:
  54:main.c        ****     for(;;)
  55:main.c        ****     {
  56:main.c        ****         /* Place your application code here. */
  57:main.c        ****         
  58:main.c        ****         PWMvalue = (PWMvalue+1024);
 147              		.loc 1 58 0 discriminator 1
 148 0032 094B     		ldr	r3, .L10+8
 149 0034 1888     		ldrh	r0, [r3]
 150 0036 00F58060 		add	r0, r0, #1024
 151 003a 80B2     		uxth	r0, r0
 152 003c 1880     		strh	r0, [r3]	@ movhi
  59:main.c        ****         
  60:main.c        ****         PWM_1_WriteCompare(PWMvalue/2 + 2048);
 153              		.loc 1 60 0 discriminator 1
 154 003e 4008     		lsrs	r0, r0, #1
 155 0040 00F50060 		add	r0, r0, #2048
 156 0044 FFF7FEFF 		bl	PWM_1_WriteCompare
 157              	.LVL15:
  61:main.c        ****         
  62:main.c        ****         CyDelay(100);
 158              		.loc 1 62 0 discriminator 1
 159 0048 6420     		movs	r0, #100
 160 004a FFF7FEFF 		bl	CyDelay
 161              	.LVL16:
 162 004e F0E7     		b	.L8
 163              	.L11:
 164              		.align	2
 165              	.L10:
 166 0050 00000000 		.word	isr_1
ARM GAS  C:\Users\GEORGE~1\AppData\Local\Temp\cckyYmkV.s 			page 5


 167 0054 00000000 		.word	isr_2
 168 0058 00000000 		.word	PWMvalue
 169              		.cfi_endproc
 170              	.LFE65:
 171              		.size	main, .-main
 172              		.comm	PWMvalue,2,2
 173              		.comm	distance,4,4
 174              		.text
 175              	.Letext0:
 176              		.file 2 "c:\\program files (x86)\\cypress\\psoc creator\\4.2\\psoc creator\\import\\gnu\\arm\\5.4.
 177              		.file 3 "c:\\program files (x86)\\cypress\\psoc creator\\4.2\\psoc creator\\import\\gnu\\arm\\5.4.
 178              		.file 4 "Generated_Source\\PSoC5/cytypes.h"
 179              		.file 5 "Generated_Source\\PSoC5/core_cm3.h"
 180              		.file 6 "Generated_Source\\PSoC5/CyLib.h"
 181              		.file 7 "Generated_Source\\PSoC5/Timer_1.h"
 182              		.file 8 "Generated_Source\\PSoC5/TimerReset.h"
 183              		.file 9 "Generated_Source\\PSoC5/PWM_1.h"
 184              		.file 10 "Generated_Source\\PSoC5/isr_1.h"
 185              		.file 11 "Generated_Source\\PSoC5/isr_2.h"
 186              		.section	.debug_info,"",%progbits
 187              	.Ldebug_info0:
 188 0000 B3020000 		.4byte	0x2b3
 189 0004 0400     		.2byte	0x4
 190 0006 00000000 		.4byte	.Ldebug_abbrev0
 191 000a 04       		.byte	0x4
 192 000b 01       		.uleb128 0x1
 193 000c CC000000 		.4byte	.LASF37
 194 0010 0C       		.byte	0xc
 195 0011 37020000 		.4byte	.LASF38
 196 0015 37000000 		.4byte	.LASF39
 197 0019 00000000 		.4byte	.Ldebug_ranges0+0
 198 001d 00000000 		.4byte	0
 199 0021 00000000 		.4byte	.Ldebug_line0
 200 0025 02       		.uleb128 0x2
 201 0026 01       		.byte	0x1
 202 0027 06       		.byte	0x6
 203 0028 89020000 		.4byte	.LASF0
 204 002c 02       		.uleb128 0x2
 205 002d 01       		.byte	0x1
 206 002e 08       		.byte	0x8
 207 002f BE000000 		.4byte	.LASF1
 208 0033 02       		.uleb128 0x2
 209 0034 02       		.byte	0x2
 210 0035 05       		.byte	0x5
 211 0036 5D020000 		.4byte	.LASF2
 212 003a 02       		.uleb128 0x2
 213 003b 02       		.byte	0x2
 214 003c 07       		.byte	0x7
 215 003d 24000000 		.4byte	.LASF3
 216 0041 03       		.uleb128 0x3
 217 0042 0E000000 		.4byte	.LASF9
 218 0046 02       		.byte	0x2
 219 0047 3F       		.byte	0x3f
 220 0048 4C000000 		.4byte	0x4c
 221 004c 02       		.uleb128 0x2
 222 004d 04       		.byte	0x4
 223 004e 05       		.byte	0x5
ARM GAS  C:\Users\GEORGE~1\AppData\Local\Temp\cckyYmkV.s 			page 6


 224 004f 86010000 		.4byte	.LASF4
 225 0053 02       		.uleb128 0x2
 226 0054 04       		.byte	0x4
 227 0055 07       		.byte	0x7
 228 0056 68010000 		.4byte	.LASF5
 229 005a 02       		.uleb128 0x2
 230 005b 08       		.byte	0x8
 231 005c 05       		.byte	0x5
 232 005d 29020000 		.4byte	.LASF6
 233 0061 02       		.uleb128 0x2
 234 0062 08       		.byte	0x8
 235 0063 07       		.byte	0x7
 236 0064 E1010000 		.4byte	.LASF7
 237 0068 04       		.uleb128 0x4
 238 0069 04       		.byte	0x4
 239 006a 05       		.byte	0x5
 240 006b 696E7400 		.ascii	"int\000"
 241 006f 02       		.uleb128 0x2
 242 0070 04       		.byte	0x4
 243 0071 07       		.byte	0x7
 244 0072 D4010000 		.4byte	.LASF8
 245 0076 03       		.uleb128 0x3
 246 0077 05020000 		.4byte	.LASF10
 247 007b 03       		.byte	0x3
 248 007c 2C       		.byte	0x2c
 249 007d 41000000 		.4byte	0x41
 250 0081 05       		.uleb128 0x5
 251 0082 B7010000 		.4byte	.LASF11
 252 0086 04       		.byte	0x4
 253 0087 E501     		.2byte	0x1e5
 254 0089 3A000000 		.4byte	0x3a
 255 008d 05       		.uleb128 0x5
 256 008e CD010000 		.4byte	.LASF12
 257 0092 04       		.byte	0x4
 258 0093 E601     		.2byte	0x1e6
 259 0095 53000000 		.4byte	0x53
 260 0099 02       		.uleb128 0x2
 261 009a 04       		.byte	0x4
 262 009b 04       		.byte	0x4
 263 009c B8000000 		.4byte	.LASF13
 264 00a0 02       		.uleb128 0x2
 265 00a1 08       		.byte	0x8
 266 00a2 04       		.byte	0x4
 267 00a3 B0010000 		.4byte	.LASF14
 268 00a7 02       		.uleb128 0x2
 269 00a8 01       		.byte	0x1
 270 00a9 08       		.byte	0x8
 271 00aa 3E020000 		.4byte	.LASF15
 272 00ae 02       		.uleb128 0x2
 273 00af 08       		.byte	0x8
 274 00b0 04       		.byte	0x4
 275 00b1 7D020000 		.4byte	.LASF16
 276 00b5 02       		.uleb128 0x2
 277 00b6 04       		.byte	0x4
 278 00b7 07       		.byte	0x7
 279 00b8 0D020000 		.4byte	.LASF17
 280 00bc 06       		.uleb128 0x6
ARM GAS  C:\Users\GEORGE~1\AppData\Local\Temp\cckyYmkV.s 			page 7


 281 00bd A3020000 		.4byte	.LASF18
 282 00c1 01       		.byte	0x1
 283 00c2 12       		.byte	0x12
 284 00c3 00000000 		.4byte	.LFB63
 285 00c7 0A000000 		.4byte	.LFE63-.LFB63
 286 00cb 01       		.uleb128 0x1
 287 00cc 9C       		.byte	0x9c
 288 00cd E1000000 		.4byte	0xe1
 289 00d1 07       		.uleb128 0x7
 290 00d2 08000000 		.4byte	.LVL0
 291 00d6 1C020000 		.4byte	0x21c
 292 00da 08       		.uleb128 0x8
 293 00db 01       		.uleb128 0x1
 294 00dc 50       		.byte	0x50
 295 00dd 01       		.uleb128 0x1
 296 00de 3A       		.byte	0x3a
 297 00df 00       		.byte	0
 298 00e0 00       		.byte	0
 299 00e1 06       		.uleb128 0x6
 300 00e2 A9020000 		.4byte	.LASF19
 301 00e6 01       		.byte	0x1
 302 00e7 17       		.byte	0x17
 303 00e8 00000000 		.4byte	.LFB64
 304 00ec 28000000 		.4byte	.LFE64-.LFB64
 305 00f0 01       		.uleb128 0x1
 306 00f1 9C       		.byte	0x9c
 307 00f2 49010000 		.4byte	0x149
 308 00f6 09       		.uleb128 0x9
 309 00f7 08000000 		.4byte	.LVL1
 310 00fb 1C020000 		.4byte	0x21c
 311 00ff 09010000 		.4byte	0x109
 312 0103 08       		.uleb128 0x8
 313 0104 01       		.uleb128 0x1
 314 0105 50       		.byte	0x50
 315 0106 01       		.uleb128 0x1
 316 0107 3A       		.byte	0x3a
 317 0108 00       		.byte	0
 318 0109 0A       		.uleb128 0xa
 319 010a 0C000000 		.4byte	.LVL2
 320 010e 27020000 		.4byte	0x227
 321 0112 09       		.uleb128 0x9
 322 0113 16000000 		.4byte	.LVL3
 323 0117 32020000 		.4byte	0x232
 324 011b 25010000 		.4byte	0x125
 325 011f 08       		.uleb128 0x8
 326 0120 01       		.uleb128 0x1
 327 0121 50       		.byte	0x50
 328 0122 01       		.uleb128 0x1
 329 0123 31       		.byte	0x31
 330 0124 00       		.byte	0
 331 0125 09       		.uleb128 0x9
 332 0126 1C000000 		.4byte	.LVL4
 333 012a 1C020000 		.4byte	0x21c
 334 012e 39010000 		.4byte	0x139
 335 0132 08       		.uleb128 0x8
 336 0133 01       		.uleb128 0x1
 337 0134 50       		.byte	0x50
ARM GAS  C:\Users\GEORGE~1\AppData\Local\Temp\cckyYmkV.s 			page 8


 338 0135 02       		.uleb128 0x2
 339 0136 08       		.byte	0x8
 340 0137 32       		.byte	0x32
 341 0138 00       		.byte	0
 342 0139 07       		.uleb128 0x7
 343 013a 22000000 		.4byte	.LVL5
 344 013e 32020000 		.4byte	0x232
 345 0142 08       		.uleb128 0x8
 346 0143 01       		.uleb128 0x1
 347 0144 50       		.byte	0x50
 348 0145 01       		.uleb128 0x1
 349 0146 30       		.byte	0x30
 350 0147 00       		.byte	0
 351 0148 00       		.byte	0
 352 0149 0B       		.uleb128 0xb
 353 014a BE010000 		.4byte	.LASF40
 354 014e 01       		.byte	0x1
 355 014f 22       		.byte	0x22
 356 0150 68000000 		.4byte	0x68
 357 0154 00000000 		.4byte	.LFB65
 358 0158 5C000000 		.4byte	.LFE65-.LFB65
 359 015c 01       		.uleb128 0x1
 360 015d 9C       		.byte	0x9c
 361 015e E9010000 		.4byte	0x1e9
 362 0162 0A       		.uleb128 0xa
 363 0163 06000000 		.4byte	.LVL6
 364 0167 3D020000 		.4byte	0x23d
 365 016b 0A       		.uleb128 0xa
 366 016c 0A000000 		.4byte	.LVL7
 367 0170 48020000 		.4byte	0x248
 368 0174 0A       		.uleb128 0xa
 369 0175 0E000000 		.4byte	.LVL8
 370 0179 53020000 		.4byte	0x253
 371 017d 09       		.uleb128 0x9
 372 017e 14000000 		.4byte	.LVL9
 373 0182 5E020000 		.4byte	0x25e
 374 0186 94010000 		.4byte	0x194
 375 018a 08       		.uleb128 0x8
 376 018b 01       		.uleb128 0x1
 377 018c 50       		.byte	0x50
 378 018d 05       		.uleb128 0x5
 379 018e 03       		.byte	0x3
 380 018f 00000000 		.4byte	isr_1
 381 0193 00       		.byte	0
 382 0194 0A       		.uleb128 0xa
 383 0195 18000000 		.4byte	.LVL10
 384 0199 69020000 		.4byte	0x269
 385 019d 0A       		.uleb128 0xa
 386 019e 1C000000 		.4byte	.LVL11
 387 01a2 74020000 		.4byte	0x274
 388 01a6 09       		.uleb128 0x9
 389 01a7 22000000 		.4byte	.LVL12
 390 01ab 7F020000 		.4byte	0x27f
 391 01af BD010000 		.4byte	0x1bd
 392 01b3 08       		.uleb128 0x8
 393 01b4 01       		.uleb128 0x1
 394 01b5 50       		.byte	0x50
ARM GAS  C:\Users\GEORGE~1\AppData\Local\Temp\cckyYmkV.s 			page 9


 395 01b6 05       		.uleb128 0x5
 396 01b7 03       		.byte	0x3
 397 01b8 00000000 		.4byte	isr_2
 398 01bc 00       		.byte	0
 399 01bd 0A       		.uleb128 0xa
 400 01be 26000000 		.4byte	.LVL13
 401 01c2 8A020000 		.4byte	0x28a
 402 01c6 0A       		.uleb128 0xa
 403 01c7 2A000000 		.4byte	.LVL14
 404 01cb 95020000 		.4byte	0x295
 405 01cf 0A       		.uleb128 0xa
 406 01d0 48000000 		.4byte	.LVL15
 407 01d4 A0020000 		.4byte	0x2a0
 408 01d8 07       		.uleb128 0x7
 409 01d9 4E000000 		.4byte	.LVL16
 410 01dd AB020000 		.4byte	0x2ab
 411 01e1 08       		.uleb128 0x8
 412 01e2 01       		.uleb128 0x1
 413 01e3 50       		.byte	0x50
 414 01e4 02       		.uleb128 0x2
 415 01e5 08       		.byte	0x8
 416 01e6 64       		.byte	0x64
 417 01e7 00       		.byte	0
 418 01e8 00       		.byte	0
 419 01e9 0C       		.uleb128 0xc
 420 01ea F8010000 		.4byte	.LASF20
 421 01ee 05       		.byte	0x5
 422 01ef 1207     		.2byte	0x712
 423 01f1 F5010000 		.4byte	0x1f5
 424 01f5 0D       		.uleb128 0xd
 425 01f6 76000000 		.4byte	0x76
 426 01fa 0E       		.uleb128 0xe
 427 01fb AF000000 		.4byte	.LASF21
 428 01ff 01       		.byte	0x1
 429 0200 0E       		.byte	0xe
 430 0201 8D000000 		.4byte	0x8d
 431 0205 05       		.uleb128 0x5
 432 0206 03       		.byte	0x3
 433 0207 00000000 		.4byte	distance
 434 020b 0E       		.uleb128 0xe
 435 020c 43020000 		.4byte	.LASF22
 436 0210 01       		.byte	0x1
 437 0211 10       		.byte	0x10
 438 0212 81000000 		.4byte	0x81
 439 0216 05       		.uleb128 0x5
 440 0217 03       		.byte	0x3
 441 0218 00000000 		.4byte	PWMvalue
 442 021c 0F       		.uleb128 0xf
 443 021d C3010000 		.4byte	.LASF23
 444 0221 C3010000 		.4byte	.LASF23
 445 0225 06       		.byte	0x6
 446 0226 77       		.byte	0x77
 447 0227 0F       		.uleb128 0xf
 448 0228 9C010000 		.4byte	.LASF24
 449 022c 9C010000 		.4byte	.LASF24
 450 0230 07       		.byte	0x7
 451 0231 69       		.byte	0x69
ARM GAS  C:\Users\GEORGE~1\AppData\Local\Temp\cckyYmkV.s 			page 10


 452 0232 0F       		.uleb128 0xf
 453 0233 4C020000 		.4byte	.LASF25
 454 0237 4C020000 		.4byte	.LASF25
 455 023b 08       		.byte	0x8
 456 023c 2F       		.byte	0x2f
 457 023d 0F       		.uleb128 0xf
 458 023e 7A010000 		.4byte	.LASF26
 459 0242 7A010000 		.4byte	.LASF26
 460 0246 09       		.byte	0x9
 461 0247 92       		.byte	0x92
 462 0248 0F       		.uleb128 0xf
 463 0249 00000000 		.4byte	.LASF27
 464 024d 00000000 		.4byte	.LASF27
 465 0251 07       		.byte	0x7
 466 0252 5A       		.byte	0x5a
 467 0253 0F       		.uleb128 0xf
 468 0254 18000000 		.4byte	.LASF28
 469 0258 18000000 		.4byte	.LASF28
 470 025c 0A       		.byte	0xa
 471 025d 17       		.byte	0x17
 472 025e 0F       		.uleb128 0xf
 473 025f 95020000 		.4byte	.LASF29
 474 0263 95020000 		.4byte	.LASF29
 475 0267 0A       		.byte	0xa
 476 0268 18       		.byte	0x18
 477 0269 0F       		.uleb128 0xf
 478 026a 8F010000 		.4byte	.LASF30
 479 026e 8F010000 		.4byte	.LASF30
 480 0272 0A       		.byte	0xa
 481 0273 23       		.byte	0x23
 482 0274 0F       		.uleb128 0xf
 483 0275 96000000 		.4byte	.LASF31
 484 0279 96000000 		.4byte	.LASF31
 485 027d 0B       		.byte	0xb
 486 027e 17       		.byte	0x17
 487 027f 0F       		.uleb128 0xf
 488 0280 5A010000 		.4byte	.LASF32
 489 0284 5A010000 		.4byte	.LASF32
 490 0288 0B       		.byte	0xb
 491 0289 18       		.byte	0x18
 492 028a 0F       		.uleb128 0xf
 493 028b A2000000 		.4byte	.LASF33
 494 028f A2000000 		.4byte	.LASF33
 495 0293 0B       		.byte	0xb
 496 0294 23       		.byte	0x23
 497 0295 0F       		.uleb128 0xf
 498 0296 67020000 		.4byte	.LASF34
 499 029a 67020000 		.4byte	.LASF34
 500 029e 07       		.byte	0x7
 501 029f 78       		.byte	0x78
 502 02a0 0F       		.uleb128 0xf
 503 02a1 16020000 		.4byte	.LASF35
 504 02a5 16020000 		.4byte	.LASF35
 505 02a9 09       		.byte	0x9
 506 02aa C3       		.byte	0xc3
 507 02ab 0F       		.uleb128 0xf
 508 02ac AF020000 		.4byte	.LASF36
ARM GAS  C:\Users\GEORGE~1\AppData\Local\Temp\cckyYmkV.s 			page 11


 509 02b0 AF020000 		.4byte	.LASF36
 510 02b4 06       		.byte	0x6
 511 02b5 76       		.byte	0x76
 512 02b6 00       		.byte	0
 513              		.section	.debug_abbrev,"",%progbits
 514              	.Ldebug_abbrev0:
 515 0000 01       		.uleb128 0x1
 516 0001 11       		.uleb128 0x11
 517 0002 01       		.byte	0x1
 518 0003 25       		.uleb128 0x25
 519 0004 0E       		.uleb128 0xe
 520 0005 13       		.uleb128 0x13
 521 0006 0B       		.uleb128 0xb
 522 0007 03       		.uleb128 0x3
 523 0008 0E       		.uleb128 0xe
 524 0009 1B       		.uleb128 0x1b
 525 000a 0E       		.uleb128 0xe
 526 000b 55       		.uleb128 0x55
 527 000c 17       		.uleb128 0x17
 528 000d 11       		.uleb128 0x11
 529 000e 01       		.uleb128 0x1
 530 000f 10       		.uleb128 0x10
 531 0010 17       		.uleb128 0x17
 532 0011 00       		.byte	0
 533 0012 00       		.byte	0
 534 0013 02       		.uleb128 0x2
 535 0014 24       		.uleb128 0x24
 536 0015 00       		.byte	0
 537 0016 0B       		.uleb128 0xb
 538 0017 0B       		.uleb128 0xb
 539 0018 3E       		.uleb128 0x3e
 540 0019 0B       		.uleb128 0xb
 541 001a 03       		.uleb128 0x3
 542 001b 0E       		.uleb128 0xe
 543 001c 00       		.byte	0
 544 001d 00       		.byte	0
 545 001e 03       		.uleb128 0x3
 546 001f 16       		.uleb128 0x16
 547 0020 00       		.byte	0
 548 0021 03       		.uleb128 0x3
 549 0022 0E       		.uleb128 0xe
 550 0023 3A       		.uleb128 0x3a
 551 0024 0B       		.uleb128 0xb
 552 0025 3B       		.uleb128 0x3b
 553 0026 0B       		.uleb128 0xb
 554 0027 49       		.uleb128 0x49
 555 0028 13       		.uleb128 0x13
 556 0029 00       		.byte	0
 557 002a 00       		.byte	0
 558 002b 04       		.uleb128 0x4
 559 002c 24       		.uleb128 0x24
 560 002d 00       		.byte	0
 561 002e 0B       		.uleb128 0xb
 562 002f 0B       		.uleb128 0xb
 563 0030 3E       		.uleb128 0x3e
 564 0031 0B       		.uleb128 0xb
 565 0032 03       		.uleb128 0x3
ARM GAS  C:\Users\GEORGE~1\AppData\Local\Temp\cckyYmkV.s 			page 12


 566 0033 08       		.uleb128 0x8
 567 0034 00       		.byte	0
 568 0035 00       		.byte	0
 569 0036 05       		.uleb128 0x5
 570 0037 16       		.uleb128 0x16
 571 0038 00       		.byte	0
 572 0039 03       		.uleb128 0x3
 573 003a 0E       		.uleb128 0xe
 574 003b 3A       		.uleb128 0x3a
 575 003c 0B       		.uleb128 0xb
 576 003d 3B       		.uleb128 0x3b
 577 003e 05       		.uleb128 0x5
 578 003f 49       		.uleb128 0x49
 579 0040 13       		.uleb128 0x13
 580 0041 00       		.byte	0
 581 0042 00       		.byte	0
 582 0043 06       		.uleb128 0x6
 583 0044 2E       		.uleb128 0x2e
 584 0045 01       		.byte	0x1
 585 0046 3F       		.uleb128 0x3f
 586 0047 19       		.uleb128 0x19
 587 0048 03       		.uleb128 0x3
 588 0049 0E       		.uleb128 0xe
 589 004a 3A       		.uleb128 0x3a
 590 004b 0B       		.uleb128 0xb
 591 004c 3B       		.uleb128 0x3b
 592 004d 0B       		.uleb128 0xb
 593 004e 27       		.uleb128 0x27
 594 004f 19       		.uleb128 0x19
 595 0050 11       		.uleb128 0x11
 596 0051 01       		.uleb128 0x1
 597 0052 12       		.uleb128 0x12
 598 0053 06       		.uleb128 0x6
 599 0054 40       		.uleb128 0x40
 600 0055 18       		.uleb128 0x18
 601 0056 9742     		.uleb128 0x2117
 602 0058 19       		.uleb128 0x19
 603 0059 01       		.uleb128 0x1
 604 005a 13       		.uleb128 0x13
 605 005b 00       		.byte	0
 606 005c 00       		.byte	0
 607 005d 07       		.uleb128 0x7
 608 005e 898201   		.uleb128 0x4109
 609 0061 01       		.byte	0x1
 610 0062 11       		.uleb128 0x11
 611 0063 01       		.uleb128 0x1
 612 0064 31       		.uleb128 0x31
 613 0065 13       		.uleb128 0x13
 614 0066 00       		.byte	0
 615 0067 00       		.byte	0
 616 0068 08       		.uleb128 0x8
 617 0069 8A8201   		.uleb128 0x410a
 618 006c 00       		.byte	0
 619 006d 02       		.uleb128 0x2
 620 006e 18       		.uleb128 0x18
 621 006f 9142     		.uleb128 0x2111
 622 0071 18       		.uleb128 0x18
ARM GAS  C:\Users\GEORGE~1\AppData\Local\Temp\cckyYmkV.s 			page 13


 623 0072 00       		.byte	0
 624 0073 00       		.byte	0
 625 0074 09       		.uleb128 0x9
 626 0075 898201   		.uleb128 0x4109
 627 0078 01       		.byte	0x1
 628 0079 11       		.uleb128 0x11
 629 007a 01       		.uleb128 0x1
 630 007b 31       		.uleb128 0x31
 631 007c 13       		.uleb128 0x13
 632 007d 01       		.uleb128 0x1
 633 007e 13       		.uleb128 0x13
 634 007f 00       		.byte	0
 635 0080 00       		.byte	0
 636 0081 0A       		.uleb128 0xa
 637 0082 898201   		.uleb128 0x4109
 638 0085 00       		.byte	0
 639 0086 11       		.uleb128 0x11
 640 0087 01       		.uleb128 0x1
 641 0088 31       		.uleb128 0x31
 642 0089 13       		.uleb128 0x13
 643 008a 00       		.byte	0
 644 008b 00       		.byte	0
 645 008c 0B       		.uleb128 0xb
 646 008d 2E       		.uleb128 0x2e
 647 008e 01       		.byte	0x1
 648 008f 3F       		.uleb128 0x3f
 649 0090 19       		.uleb128 0x19
 650 0091 03       		.uleb128 0x3
 651 0092 0E       		.uleb128 0xe
 652 0093 3A       		.uleb128 0x3a
 653 0094 0B       		.uleb128 0xb
 654 0095 3B       		.uleb128 0x3b
 655 0096 0B       		.uleb128 0xb
 656 0097 27       		.uleb128 0x27
 657 0098 19       		.uleb128 0x19
 658 0099 49       		.uleb128 0x49
 659 009a 13       		.uleb128 0x13
 660 009b 8701     		.uleb128 0x87
 661 009d 19       		.uleb128 0x19
 662 009e 11       		.uleb128 0x11
 663 009f 01       		.uleb128 0x1
 664 00a0 12       		.uleb128 0x12
 665 00a1 06       		.uleb128 0x6
 666 00a2 40       		.uleb128 0x40
 667 00a3 18       		.uleb128 0x18
 668 00a4 9742     		.uleb128 0x2117
 669 00a6 19       		.uleb128 0x19
 670 00a7 01       		.uleb128 0x1
 671 00a8 13       		.uleb128 0x13
 672 00a9 00       		.byte	0
 673 00aa 00       		.byte	0
 674 00ab 0C       		.uleb128 0xc
 675 00ac 34       		.uleb128 0x34
 676 00ad 00       		.byte	0
 677 00ae 03       		.uleb128 0x3
 678 00af 0E       		.uleb128 0xe
 679 00b0 3A       		.uleb128 0x3a
ARM GAS  C:\Users\GEORGE~1\AppData\Local\Temp\cckyYmkV.s 			page 14


 680 00b1 0B       		.uleb128 0xb
 681 00b2 3B       		.uleb128 0x3b
 682 00b3 05       		.uleb128 0x5
 683 00b4 49       		.uleb128 0x49
 684 00b5 13       		.uleb128 0x13
 685 00b6 3F       		.uleb128 0x3f
 686 00b7 19       		.uleb128 0x19
 687 00b8 3C       		.uleb128 0x3c
 688 00b9 19       		.uleb128 0x19
 689 00ba 00       		.byte	0
 690 00bb 00       		.byte	0
 691 00bc 0D       		.uleb128 0xd
 692 00bd 35       		.uleb128 0x35
 693 00be 00       		.byte	0
 694 00bf 49       		.uleb128 0x49
 695 00c0 13       		.uleb128 0x13
 696 00c1 00       		.byte	0
 697 00c2 00       		.byte	0
 698 00c3 0E       		.uleb128 0xe
 699 00c4 34       		.uleb128 0x34
 700 00c5 00       		.byte	0
 701 00c6 03       		.uleb128 0x3
 702 00c7 0E       		.uleb128 0xe
 703 00c8 3A       		.uleb128 0x3a
 704 00c9 0B       		.uleb128 0xb
 705 00ca 3B       		.uleb128 0x3b
 706 00cb 0B       		.uleb128 0xb
 707 00cc 49       		.uleb128 0x49
 708 00cd 13       		.uleb128 0x13
 709 00ce 3F       		.uleb128 0x3f
 710 00cf 19       		.uleb128 0x19
 711 00d0 02       		.uleb128 0x2
 712 00d1 18       		.uleb128 0x18
 713 00d2 00       		.byte	0
 714 00d3 00       		.byte	0
 715 00d4 0F       		.uleb128 0xf
 716 00d5 2E       		.uleb128 0x2e
 717 00d6 00       		.byte	0
 718 00d7 3F       		.uleb128 0x3f
 719 00d8 19       		.uleb128 0x19
 720 00d9 3C       		.uleb128 0x3c
 721 00da 19       		.uleb128 0x19
 722 00db 6E       		.uleb128 0x6e
 723 00dc 0E       		.uleb128 0xe
 724 00dd 03       		.uleb128 0x3
 725 00de 0E       		.uleb128 0xe
 726 00df 3A       		.uleb128 0x3a
 727 00e0 0B       		.uleb128 0xb
 728 00e1 3B       		.uleb128 0x3b
 729 00e2 0B       		.uleb128 0xb
 730 00e3 00       		.byte	0
 731 00e4 00       		.byte	0
 732 00e5 00       		.byte	0
 733              		.section	.debug_aranges,"",%progbits
 734 0000 2C000000 		.4byte	0x2c
 735 0004 0200     		.2byte	0x2
 736 0006 00000000 		.4byte	.Ldebug_info0
ARM GAS  C:\Users\GEORGE~1\AppData\Local\Temp\cckyYmkV.s 			page 15


 737 000a 04       		.byte	0x4
 738 000b 00       		.byte	0
 739 000c 0000     		.2byte	0
 740 000e 0000     		.2byte	0
 741 0010 00000000 		.4byte	.LFB63
 742 0014 0A000000 		.4byte	.LFE63-.LFB63
 743 0018 00000000 		.4byte	.LFB64
 744 001c 28000000 		.4byte	.LFE64-.LFB64
 745 0020 00000000 		.4byte	.LFB65
 746 0024 5C000000 		.4byte	.LFE65-.LFB65
 747 0028 00000000 		.4byte	0
 748 002c 00000000 		.4byte	0
 749              		.section	.debug_ranges,"",%progbits
 750              	.Ldebug_ranges0:
 751 0000 00000000 		.4byte	.LFB63
 752 0004 0A000000 		.4byte	.LFE63
 753 0008 00000000 		.4byte	.LFB64
 754 000c 28000000 		.4byte	.LFE64
 755 0010 00000000 		.4byte	.LFB65
 756 0014 5C000000 		.4byte	.LFE65
 757 0018 00000000 		.4byte	0
 758 001c 00000000 		.4byte	0
 759              		.section	.debug_line,"",%progbits
 760              	.Ldebug_line0:
 761 0000 E8010000 		.section	.debug_str,"MS",%progbits,1
 761      02009501 
 761      00000201 
 761      FB0E0D00 
 761      01010101 
 762              	.LASF27:
 763 0000 54696D65 		.ascii	"Timer_1_Start\000"
 763      725F315F 
 763      53746172 
 763      7400
 764              	.LASF9:
 765 000e 5F5F696E 		.ascii	"__int32_t\000"
 765      7433325F 
 765      7400
 766              	.LASF28:
 767 0018 6973725F 		.ascii	"isr_1_Start\000"
 767      315F5374 
 767      61727400 
 768              	.LASF3:
 769 0024 73686F72 		.ascii	"short unsigned int\000"
 769      7420756E 
 769      7369676E 
 769      65642069 
 769      6E7400
 770              	.LASF39:
 771 0037 433A5C55 		.ascii	"C:\\Users\\George Anwar\\Documents\\UC Berkeley\\ME"
 771      73657273 
 771      5C47656F 
 771      72676520 
 771      416E7761 
 772 0065 31333520 		.ascii	"135 Spring 2020\\PSOC Creator\\ME135_235\\PWM.cydsn"
 772      53707269 
 772      6E672032 
ARM GAS  C:\Users\GEORGE~1\AppData\Local\Temp\cckyYmkV.s 			page 16


 772      3032305C 
 772      50534F43 
 773 0095 00       		.ascii	"\000"
 774              	.LASF31:
 775 0096 6973725F 		.ascii	"isr_2_Start\000"
 775      325F5374 
 775      61727400 
 776              	.LASF33:
 777 00a2 6973725F 		.ascii	"isr_2_Enable\000"
 777      325F456E 
 777      61626C65 
 777      00
 778              	.LASF21:
 779 00af 64697374 		.ascii	"distance\000"
 779      616E6365 
 779      00
 780              	.LASF13:
 781 00b8 666C6F61 		.ascii	"float\000"
 781      7400
 782              	.LASF1:
 783 00be 756E7369 		.ascii	"unsigned char\000"
 783      676E6564 
 783      20636861 
 783      7200
 784              	.LASF37:
 785 00cc 474E5520 		.ascii	"GNU C11 5.4.1 20160609 (release) [ARM/embedded-5-br"
 785      43313120 
 785      352E342E 
 785      31203230 
 785      31363036 
 786 00ff 616E6368 		.ascii	"anch revision 237715] -mcpu=cortex-m3 -mthumb -g -O"
 786      20726576 
 786      6973696F 
 786      6E203233 
 786      37373135 
 787 0132 67202D66 		.ascii	"g -ffunction-sections -ffat-lto-objects\000"
 787      66756E63 
 787      74696F6E 
 787      2D736563 
 787      74696F6E 
 788              	.LASF32:
 789 015a 6973725F 		.ascii	"isr_2_StartEx\000"
 789      325F5374 
 789      61727445 
 789      7800
 790              	.LASF5:
 791 0168 6C6F6E67 		.ascii	"long unsigned int\000"
 791      20756E73 
 791      69676E65 
 791      6420696E 
 791      7400
 792              	.LASF26:
 793 017a 50574D5F 		.ascii	"PWM_1_Start\000"
 793      315F5374 
 793      61727400 
 794              	.LASF4:
 795 0186 6C6F6E67 		.ascii	"long int\000"
ARM GAS  C:\Users\GEORGE~1\AppData\Local\Temp\cckyYmkV.s 			page 17


 795      20696E74 
 795      00
 796              	.LASF30:
 797 018f 6973725F 		.ascii	"isr_1_Enable\000"
 797      315F456E 
 797      61626C65 
 797      00
 798              	.LASF24:
 799 019c 54696D65 		.ascii	"Timer_1_ReadCounter\000"
 799      725F315F 
 799      52656164 
 799      436F756E 
 799      74657200 
 800              	.LASF14:
 801 01b0 646F7562 		.ascii	"double\000"
 801      6C6500
 802              	.LASF11:
 803 01b7 75696E74 		.ascii	"uint16\000"
 803      313600
 804              	.LASF40:
 805 01be 6D61696E 		.ascii	"main\000"
 805      00
 806              	.LASF23:
 807 01c3 43794465 		.ascii	"CyDelayUs\000"
 807      6C617955 
 807      7300
 808              	.LASF12:
 809 01cd 75696E74 		.ascii	"uint32\000"
 809      333200
 810              	.LASF8:
 811 01d4 756E7369 		.ascii	"unsigned int\000"
 811      676E6564 
 811      20696E74 
 811      00
 812              	.LASF7:
 813 01e1 6C6F6E67 		.ascii	"long long unsigned int\000"
 813      206C6F6E 
 813      6720756E 
 813      7369676E 
 813      65642069 
 814              	.LASF20:
 815 01f8 49544D5F 		.ascii	"ITM_RxBuffer\000"
 815      52784275 
 815      66666572 
 815      00
 816              	.LASF10:
 817 0205 696E7433 		.ascii	"int32_t\000"
 817      325F7400 
 818              	.LASF17:
 819 020d 73697A65 		.ascii	"sizetype\000"
 819      74797065 
 819      00
 820              	.LASF35:
 821 0216 50574D5F 		.ascii	"PWM_1_WriteCompare\000"
 821      315F5772 
 821      69746543 
 821      6F6D7061 
ARM GAS  C:\Users\GEORGE~1\AppData\Local\Temp\cckyYmkV.s 			page 18


 821      726500
 822              	.LASF6:
 823 0229 6C6F6E67 		.ascii	"long long int\000"
 823      206C6F6E 
 823      6720696E 
 823      7400
 824              	.LASF38:
 825 0237 6D61696E 		.ascii	"main.c\000"
 825      2E6300
 826              	.LASF15:
 827 023e 63686172 		.ascii	"char\000"
 827      00
 828              	.LASF22:
 829 0243 50574D76 		.ascii	"PWMvalue\000"
 829      616C7565 
 829      00
 830              	.LASF25:
 831 024c 54696D65 		.ascii	"TimerReset_Write\000"
 831      72526573 
 831      65745F57 
 831      72697465 
 831      00
 832              	.LASF2:
 833 025d 73686F72 		.ascii	"short int\000"
 833      7420696E 
 833      7400
 834              	.LASF34:
 835 0267 54696D65 		.ascii	"Timer_1_EnableTrigger\000"
 835      725F315F 
 835      456E6162 
 835      6C655472 
 835      69676765 
 836              	.LASF16:
 837 027d 6C6F6E67 		.ascii	"long double\000"
 837      20646F75 
 837      626C6500 
 838              	.LASF0:
 839 0289 7369676E 		.ascii	"signed char\000"
 839      65642063 
 839      68617200 
 840              	.LASF29:
 841 0295 6973725F 		.ascii	"isr_1_StartEx\000"
 841      315F5374 
 841      61727445 
 841      7800
 842              	.LASF18:
 843 02a3 6973725F 		.ascii	"isr_1\000"
 843      3100
 844              	.LASF19:
 845 02a9 6973725F 		.ascii	"isr_2\000"
 845      3200
 846              	.LASF36:
 847 02af 43794465 		.ascii	"CyDelay\000"
 847      6C617900 
 848              		.ident	"GCC: (GNU Tools for ARM Embedded Processors) 5.4.1 20160609 (release) [ARM/embedded-5-bran
