ARM GAS  C:\Users\GEORGE~1\AppData\Local\Temp\ccwmwAfN.s 			page 1


   1              		.syntax unified
   2              		.cpu cortex-m3
   3              		.fpu softvfp
   4              		.eabi_attribute 20, 1
   5              		.eabi_attribute 21, 1
   6              		.eabi_attribute 23, 3
   7              		.eabi_attribute 24, 1
   8              		.eabi_attribute 25, 1
   9              		.eabi_attribute 26, 1
  10              		.eabi_attribute 30, 1
  11              		.eabi_attribute 34, 1
  12              		.eabi_attribute 18, 4
  13              		.thumb
  14              		.syntax unified
  15              		.file	"cymetadata.c"
  16              		.text
  17              	.Ltext0:
  18              		.cfi_sections	.debug_frame
  19              		.global	cy_metadata
  20              		.global	cy_meta_flashprotect
  21              		.global	cy_meta_wonvl
  22              		.global	cy_meta_custnvl
  23              		.global	cy_meta_configecc
  24              		.section	.cyconfigecc,"a",%progbits
  25              		.align	2
  26              		.type	cy_meta_configecc, %object
  27              		.size	cy_meta_configecc, 552
  28              	cy_meta_configecc:
  29 0000 02       		.byte	2
  30 0001 52       		.byte	82
  31 0002 00       		.byte	0
  32 0003 40       		.byte	64
  33 0004 01       		.byte	1
  34 0005 64       		.byte	100
  35 0006 00       		.byte	0
  36 0007 40       		.byte	64
  37 0008 2B       		.byte	43
  38 0009 07       		.byte	7
  39 000a 01       		.byte	1
  40 000b 40       		.byte	64
  41 000c 06       		.byte	6
  42 000d 15       		.byte	21
  43 000e 01       		.byte	1
  44 000f 40       		.byte	64
  45 0010 33       		.byte	51
  46 0011 16       		.byte	22
  47 0012 01       		.byte	1
  48 0013 40       		.byte	64
  49 0014 33       		.byte	51
  50 0015 17       		.byte	23
  51 0016 01       		.byte	1
  52 0017 40       		.byte	64
  53 0018 02       		.byte	2
  54 0019 1B       		.byte	27
  55 001a 01       		.byte	1
  56 001b 40       		.byte	64
  57 001c 02       		.byte	2
ARM GAS  C:\Users\GEORGE~1\AppData\Local\Temp\ccwmwAfN.s 			page 2


  58 001d 42       		.byte	66
  59 001e 01       		.byte	1
  60 001f 40       		.byte	64
  61 0020 01       		.byte	1
  62 0021 43       		.byte	67
  63 0022 01       		.byte	1
  64 0023 40       		.byte	64
  65 0024 02       		.byte	2
  66 0025 48       		.byte	72
  67 0026 01       		.byte	1
  68 0027 40       		.byte	64
  69 0028 05       		.byte	5
  70 0029 49       		.byte	73
  71 002a 01       		.byte	1
  72 002b 40       		.byte	64
  73 002c 08       		.byte	8
  74 002d 4D       		.byte	77
  75 002e 01       		.byte	1
  76 002f 40       		.byte	64
  77 0030 04       		.byte	4
  78 0031 50       		.byte	80
  79 0032 01       		.byte	1
  80 0033 40       		.byte	64
  81 0034 60       		.byte	96
  82 0035 0C       		.byte	12
  83 0036 61       		.byte	97
  84 0037 84       		.byte	-124
  85 0038 86       		.byte	-122
  86 0039 0F       		.byte	15
  87 003a 04       		.byte	4
  88 003b 02       		.byte	2
  89 003c 07       		.byte	7
  90 003d 21       		.byte	33
  91 003e 0E       		.byte	14
  92 003f 29       		.byte	41
  93 0040 0F       		.byte	15
  94 0041 80       		.byte	-128
  95 0042 16       		.byte	22
  96 0043 82       		.byte	-126
  97 0044 17       		.byte	23
  98 0045 14       		.byte	20
  99 0046 1C       		.byte	28
 100 0047 10       		.byte	16
 101 0048 1D       		.byte	29
 102 0049 80       		.byte	-128
 103 004a 1E       		.byte	30
 104 004b 4A       		.byte	74
 105 004c 24       		.byte	36
 106 004d 0A       		.byte	10
 107 004e 25       		.byte	37
 108 004f 08       		.byte	8
 109 0050 26       		.byte	38
 110 0051 B8       		.byte	-72
 111 0052 27       		.byte	39
 112 0053 20       		.byte	32
 113 0054 2D       		.byte	45
 114 0055 80       		.byte	-128
ARM GAS  C:\Users\GEORGE~1\AppData\Local\Temp\ccwmwAfN.s 			page 3


 115 0056 2E       		.byte	46
 116 0057 01       		.byte	1
 117 0058 36       		.byte	54
 118 0059 A8       		.byte	-88
 119 005a 37       		.byte	55
 120 005b 01       		.byte	1
 121 005c 3D       		.byte	61
 122 005d 02       		.byte	2
 123 005e 3E       		.byte	62
 124 005f 14       		.byte	20
 125 0060 3F       		.byte	63
 126 0061 80       		.byte	-128
 127 0062 44       		.byte	68
 128 0063 08       		.byte	8
 129 0064 45       		.byte	69
 130 0065 88       		.byte	-120
 131 0066 4C       		.byte	76
 132 0067 04       		.byte	4
 133 0068 4D       		.byte	77
 134 0069 08       		.byte	8
 135 006a 4F       		.byte	79
 136 006b 80       		.byte	-128
 137 006c 55       		.byte	85
 138 006d 21       		.byte	33
 139 006e 56       		.byte	86
 140 006f 80       		.byte	-128
 141 0070 57       		.byte	87
 142 0071 04       		.byte	4
 143 0072 67       		.byte	103
 144 0073 20       		.byte	32
 145 0074 6D       		.byte	109
 146 0075 01       		.byte	1
 147 0076 6E       		.byte	110
 148 0077 15       		.byte	21
 149 0078 6F       		.byte	111
 150 0079 15       		.byte	21
 151 007a 75       		.byte	117
 152 007b 80       		.byte	-128
 153 007c 76       		.byte	118
 154 007d 03       		.byte	3
 155 007e C0       		.byte	-64
 156 007f B0       		.byte	-80
 157 0080 C2       		.byte	-62
 158 0081 F0       		.byte	-16
 159 0082 C4       		.byte	-60
 160 0083 F0       		.byte	-16
 161 0084 CA       		.byte	-54
 162 0085 90       		.byte	-112
 163 0086 CC       		.byte	-52
 164 0087 F0       		.byte	-16
 165 0088 CE       		.byte	-50
 166 0089 F0       		.byte	-16
 167 008a D0       		.byte	-48
 168 008b 70       		.byte	112
 169 008c D2       		.byte	-46
 170 008d 30       		.byte	48
 171 008e D8       		.byte	-40
ARM GAS  C:\Users\GEORGE~1\AppData\Local\Temp\ccwmwAfN.s 			page 4


 172 008f 40       		.byte	64
 173 0090 89       		.byte	-119
 174 0091 80       		.byte	-128
 175 0092 8C       		.byte	-116
 176 0093 08       		.byte	8
 177 0094 9C       		.byte	-100
 178 0095 08       		.byte	8
 179 0096 A1       		.byte	-95
 180 0097 80       		.byte	-128
 181 0098 A9       		.byte	-87
 182 0099 21       		.byte	33
 183 009a AA       		.byte	-86
 184 009b 10       		.byte	16
 185 009c 10       		.byte	16
 186 009d 09       		.byte	9
 187 009e 12       		.byte	18
 188 009f 06       		.byte	6
 189 00a0 14       		.byte	20
 190 00a1 03       		.byte	3
 191 00a2 16       		.byte	22
 192 00a3 0C       		.byte	12
 193 00a4 18       		.byte	24
 194 00a5 02       		.byte	2
 195 00a6 1A       		.byte	26
 196 00a7 0D       		.byte	13
 197 00a8 28       		.byte	40
 198 00a9 05       		.byte	5
 199 00aa 2A       		.byte	42
 200 00ab 0A       		.byte	10
 201 00ac 34       		.byte	52
 202 00ad 0F       		.byte	15
 203 00ae 3A       		.byte	58
 204 00af 20       		.byte	32
 205 00b0 54       		.byte	84
 206 00b1 09       		.byte	9
 207 00b2 58       		.byte	88
 208 00b3 04       		.byte	4
 209 00b4 5B       		.byte	91
 210 00b5 04       		.byte	4
 211 00b6 5F       		.byte	95
 212 00b7 01       		.byte	1
 213 00b8 80       		.byte	-128
 214 00b9 02       		.byte	2
 215 00ba 82       		.byte	-126
 216 00bb 0D       		.byte	13
 217 00bc 84       		.byte	-124
 218 00bd 8D       		.byte	-115
 219 00be 85       		.byte	-123
 220 00bf 19       		.byte	25
 221 00c0 87       		.byte	-121
 222 00c1 02       		.byte	2
 223 00c2 88       		.byte	-120
 224 00c3 8D       		.byte	-115
 225 00c4 8C       		.byte	-116
 226 00c5 0D       		.byte	13
 227 00c6 8E       		.byte	-114
 228 00c7 80       		.byte	-128
ARM GAS  C:\Users\GEORGE~1\AppData\Local\Temp\ccwmwAfN.s 			page 5


 229 00c8 90       		.byte	-112
 230 00c9 40       		.byte	64
 231 00ca 95       		.byte	-107
 232 00cb 0A       		.byte	10
 233 00cc 97       		.byte	-105
 234 00cd 35       		.byte	53
 235 00ce 9A       		.byte	-102
 236 00cf 80       		.byte	-128
 237 00d0 9B       		.byte	-101
 238 00d1 20       		.byte	32
 239 00d2 9C       		.byte	-100
 240 00d3 42       		.byte	66
 241 00d4 9D       		.byte	-99
 242 00d5 07       		.byte	7
 243 00d6 9E       		.byte	-98
 244 00d7 08       		.byte	8
 245 00d8 A0       		.byte	-96
 246 00d9 8D       		.byte	-115
 247 00da A1       		.byte	-95
 248 00db 02       		.byte	2
 249 00dc A3       		.byte	-93
 250 00dd 3C       		.byte	60
 251 00de A4       		.byte	-92
 252 00df 11       		.byte	17
 253 00e0 A6       		.byte	-90
 254 00e1 22       		.byte	34
 255 00e2 A8       		.byte	-88
 256 00e3 62       		.byte	98
 257 00e4 AA       		.byte	-86
 258 00e5 14       		.byte	20
 259 00e6 AC       		.byte	-84
 260 00e7 8D       		.byte	-115
 261 00e8 B0       		.byte	-80
 262 00e9 0F       		.byte	15
 263 00ea B4       		.byte	-76
 264 00eb 80       		.byte	-128
 265 00ec B5       		.byte	-75
 266 00ed 30       		.byte	48
 267 00ee B6       		.byte	-74
 268 00ef 70       		.byte	112
 269 00f0 B7       		.byte	-73
 270 00f1 0F       		.byte	15
 271 00f2 B9       		.byte	-71
 272 00f3 80       		.byte	-128
 273 00f4 BA       		.byte	-70
 274 00f5 82       		.byte	-126
 275 00f6 BE       		.byte	-66
 276 00f7 10       		.byte	16
 277 00f8 D4       		.byte	-44
 278 00f9 40       		.byte	64
 279 00fa D8       		.byte	-40
 280 00fb 04       		.byte	4
 281 00fc D9       		.byte	-39
 282 00fd 04       		.byte	4
 283 00fe DB       		.byte	-37
 284 00ff 04       		.byte	4
 285 0100 DF       		.byte	-33
ARM GAS  C:\Users\GEORGE~1\AppData\Local\Temp\ccwmwAfN.s 			page 6


 286 0101 01       		.byte	1
 287 0102 01       		.byte	1
 288 0103 02       		.byte	2
 289 0104 03       		.byte	3
 290 0105 15       		.byte	21
 291 0106 09       		.byte	9
 292 0107 21       		.byte	33
 293 0108 0A       		.byte	10
 294 0109 01       		.byte	1
 295 010a 0E       		.byte	14
 296 010b 28       		.byte	40
 297 010c 0F       		.byte	15
 298 010d 80       		.byte	-128
 299 010e 11       		.byte	17
 300 010f 01       		.byte	1
 301 0110 12       		.byte	18
 302 0111 21       		.byte	33
 303 0112 13       		.byte	19
 304 0113 20       		.byte	32
 305 0114 17       		.byte	23
 306 0115 20       		.byte	32
 307 0116 19       		.byte	25
 308 0117 02       		.byte	2
 309 0118 1A       		.byte	26
 310 0119 01       		.byte	1
 311 011a 1B       		.byte	27
 312 011b 50       		.byte	80
 313 011c 1E       		.byte	30
 314 011d 08       		.byte	8
 315 011e 1F       		.byte	31
 316 011f 10       		.byte	16
 317 0120 21       		.byte	33
 318 0121 80       		.byte	-128
 319 0122 22       		.byte	34
 320 0123 10       		.byte	16
 321 0124 2B       		.byte	43
 322 0125 40       		.byte	64
 323 0126 31       		.byte	49
 324 0127 88       		.byte	-120
 325 0128 32       		.byte	50
 326 0129 10       		.byte	16
 327 012a 38       		.byte	56
 328 012b 08       		.byte	8
 329 012c 5D       		.byte	93
 330 012d 28       		.byte	40
 331 012e 5E       		.byte	94
 332 012f 42       		.byte	66
 333 0130 62       		.byte	98
 334 0131 40       		.byte	64
 335 0132 63       		.byte	99
 336 0133 28       		.byte	40
 337 0134 64       		.byte	100
 338 0135 02       		.byte	2
 339 0136 85       		.byte	-123
 340 0137 20       		.byte	32
 341 0138 86       		.byte	-122
 342 0139 40       		.byte	64
ARM GAS  C:\Users\GEORGE~1\AppData\Local\Temp\ccwmwAfN.s 			page 7


 343 013a 90       		.byte	-112
 344 013b 08       		.byte	8
 345 013c 91       		.byte	-111
 346 013d 01       		.byte	1
 347 013e 92       		.byte	-110
 348 013f 40       		.byte	64
 349 0140 97       		.byte	-105
 350 0141 20       		.byte	32
 351 0142 98       		.byte	-104
 352 0143 02       		.byte	2
 353 0144 99       		.byte	-103
 354 0145 08       		.byte	8
 355 0146 9A       		.byte	-102
 356 0147 01       		.byte	1
 357 0148 9B       		.byte	-101
 358 0149 35       		.byte	53
 359 014a 9C       		.byte	-100
 360 014b 08       		.byte	8
 361 014c A1       		.byte	-95
 362 014d 29       		.byte	41
 363 014e A2       		.byte	-94
 364 014f 31       		.byte	49
 365 0150 A3       		.byte	-93
 366 0151 04       		.byte	4
 367 0152 A7       		.byte	-89
 368 0153 40       		.byte	64
 369 0154 A8       		.byte	-88
 370 0155 12       		.byte	18
 371 0156 AA       		.byte	-86
 372 0157 04       		.byte	4
 373 0158 C0       		.byte	-64
 374 0159 0F       		.byte	15
 375 015a C2       		.byte	-62
 376 015b 7B       		.byte	123
 377 015c C4       		.byte	-60
 378 015d 4F       		.byte	79
 379 015e CA       		.byte	-54
 380 015f 01       		.byte	1
 381 0160 CC       		.byte	-52
 382 0161 0E       		.byte	14
 383 0162 CE       		.byte	-50
 384 0163 02       		.byte	2
 385 0164 D6       		.byte	-42
 386 0165 F0       		.byte	-16
 387 0166 D8       		.byte	-40
 388 0167 1E       		.byte	30
 389 0168 E0       		.byte	-32
 390 0169 20       		.byte	32
 391 016a E2       		.byte	-30
 392 016b 40       		.byte	64
 393 016c 57       		.byte	87
 394 016d 04       		.byte	4
 395 016e D4       		.byte	-44
 396 016f 40       		.byte	64
 397 0170 A7       		.byte	-89
 398 0171 04       		.byte	4
 399 0172 AB       		.byte	-85
ARM GAS  C:\Users\GEORGE~1\AppData\Local\Temp\ccwmwAfN.s 			page 8


 400 0173 04       		.byte	4
 401 0174 EE       		.byte	-18
 402 0175 20       		.byte	32
 403 0176 75       		.byte	117
 404 0177 02       		.byte	2
 405 0178 99       		.byte	-103
 406 0179 02       		.byte	2
 407 017a A9       		.byte	-87
 408 017b 02       		.byte	2
 409 017c DE       		.byte	-34
 410 017d 20       		.byte	32
 411 017e EE       		.byte	-18
 412 017f 20       		.byte	32
 413 0180 12       		.byte	18
 414 0181 80       		.byte	-128
 415 0182 73       		.byte	115
 416 0183 40       		.byte	64
 417 0184 8B       		.byte	-117
 418 0185 40       		.byte	64
 419 0186 8E       		.byte	-114
 420 0187 80       		.byte	-128
 421 0188 C4       		.byte	-60
 422 0189 08       		.byte	8
 423 018a DC       		.byte	-36
 424 018b 01       		.byte	1
 425 018c E0       		.byte	-32
 426 018d 04       		.byte	4
 427 018e E2       		.byte	-30
 428 018f 02       		.byte	2
 429 0190 00       		.byte	0
 430 0191 01       		.byte	1
 431 0192 0A       		.byte	10
 432 0193 01       		.byte	1
 433 0194 10       		.byte	16
 434 0195 01       		.byte	1
 435 0196 1A       		.byte	26
 436 0197 01       		.byte	1
 437 0198 04       		.byte	4
 438 0199 02       		.byte	2
 439 019a 00       		.byte	0
 440 019b 00       		.byte	0
 441 019c 0A       		.byte	10
 442 019d 98       		.byte	-104
 443 019e 10       		.byte	16
 444 019f 02       		.byte	2
 445 01a0 00       		.byte	0
 446 01a1 02       		.byte	2
 447 01a2 00       		.byte	0
 448 01a3 98       		.byte	-104
 449 01a4 04       		.byte	4
 450 01a5 FC       		.byte	-4
 451 01a6 80       		.byte	-128
 452 01a7 03       		.byte	3
 453 01a8 56       		.byte	86
 454 01a9 98       		.byte	-104
 455 01aa 09       		.byte	9
 456 01ab 02       		.byte	2
ARM GAS  C:\Users\GEORGE~1\AppData\Local\Temp\ccwmwAfN.s 			page 9


 457 01ac 07       		.byte	7
 458 01ad 21       		.byte	33
 459 01ae 38       		.byte	56
 460 01af D8       		.byte	-40
 461 01b0 01       		.byte	1
 462 01b1 13       		.byte	19
 463 01b2 00       		.byte	0
 464 01b3 64       		.byte	100
 465 01b4 84       		.byte	-124
 466 01b5 38       		.byte	56
 467 01b6 00       		.byte	0
 468 01b7 C0       		.byte	-64
 469 01b8 60       		.byte	96
 470 01b9 9A       		.byte	-102
 471 01ba 00       		.byte	0
 472 01bb 00       		.byte	0
 473 01bc 80       		.byte	-128
 474 01bd 00       		.byte	0
 475 01be 04       		.byte	4
 476 01bf 00       		.byte	0
 477 01c0 84       		.byte	-124
 478 01c1 00       		.byte	0
 479 01c2 00       		.byte	0
 480 01c3 00       		.byte	0
 481 01c4 84       		.byte	-124
 482 01c5 9A       		.byte	-102
 483 01c6 00       		.byte	0
 484 01c7 00       		.byte	0
 485 01c8 08       		.byte	8
 486 01c9 00       		.byte	0
 487 01ca 02       		.byte	2
 488 01cb 0F       		.byte	15
 489 01cc 7F       		.byte	127
 490 01cd 13       		.byte	19
 491 01ce 80       		.byte	-128
 492 01cf E0       		.byte	-32
 493 01d0 20       		.byte	32
 494 01d1 00       		.byte	0
 495 01d2 00       		.byte	0
 496 01d3 88       		.byte	-120
 497 01d4 00       		.byte	0
 498 01d5 00       		.byte	0
 499 01d6 45       		.byte	69
 500 01d7 00       		.byte	0
 501 01d8 35       		.byte	53
 502 01d9 06       		.byte	6
 503 01da 10       		.byte	16
 504 01db 00       		.byte	0
 505 01dc 02       		.byte	2
 506 01dd 0E       		.byte	14
 507 01de DB       		.byte	-37
 508 01df CF       		.byte	-49
 509 01e0 3D       		.byte	61
 510 01e1 FF       		.byte	-1
 511 01e2 FF       		.byte	-1
 512 01e3 FF       		.byte	-1
 513 01e4 22       		.byte	34
ARM GAS  C:\Users\GEORGE~1\AppData\Local\Temp\ccwmwAfN.s 			page 10


 514 01e5 00       		.byte	0
 515 01e6 F0       		.byte	-16
 516 01e7 08       		.byte	8
 517 01e8 04       		.byte	4
 518 01e9 00       		.byte	0
 519 01ea 00       		.byte	0
 520 01eb 00       		.byte	0
 521 01ec 00       		.byte	0
 522 01ed 00       		.byte	0
 523 01ee 02       		.byte	2
 524 01ef 28       		.byte	40
 525 01f0 04       		.byte	4
 526 01f1 04       		.byte	4
 527 01f2 04       		.byte	4
 528 01f3 04       		.byte	4
 529 01f4 00       		.byte	0
 530 01f5 00       		.byte	0
 531 01f6 00       		.byte	0
 532 01f7 01       		.byte	1
 533 01f8 00       		.byte	0
 534 01f9 00       		.byte	0
 535 01fa C0       		.byte	-64
 536 01fb 00       		.byte	0
 537 01fc 40       		.byte	64
 538 01fd 01       		.byte	1
 539 01fe 10       		.byte	16
 540 01ff 11       		.byte	17
 541 0200 C0       		.byte	-64
 542 0201 01       		.byte	1
 543 0202 00       		.byte	0
 544 0203 11       		.byte	17
 545 0204 40       		.byte	64
 546 0205 01       		.byte	1
 547 0206 40       		.byte	64
 548 0207 01       		.byte	1
 549 0208 00       		.byte	0
 550 0209 00       		.byte	0
 551 020a 00       		.byte	0
 552 020b 00       		.byte	0
 553 020c 00       		.byte	0
 554 020d 00       		.byte	0
 555 020e 00       		.byte	0
 556 020f 00       		.byte	0
 557 0210 00       		.byte	0
 558 0211 00       		.byte	0
 559 0212 00       		.byte	0
 560 0213 00       		.byte	0
 561 0214 00       		.byte	0
 562 0215 00       		.byte	0
 563 0216 00       		.byte	0
 564 0217 00       		.byte	0
 565 0218 40       		.byte	64
 566 0219 8C       		.byte	-116
 567 021a 8C       		.byte	-116
 568 021b 00       		.byte	0
 569 021c 8C       		.byte	-116
 570 021d 00       		.byte	0
ARM GAS  C:\Users\GEORGE~1\AppData\Local\Temp\ccwmwAfN.s 			page 11


 571 021e 00       		.byte	0
 572 021f 00       		.byte	0
 573 0220 00       		.byte	0
 574 0221 0B       		.byte	11
 575 0222 0B       		.byte	11
 576 0223 00       		.byte	0
 577 0224 00       		.byte	0
 578 0225 00       		.byte	0
 579 0226 00       		.byte	0
 580 0227 00       		.byte	0
 581              		.section	.cywolatch,"a",%progbits
 582              		.align	2
 583              		.type	cy_meta_wonvl, %object
 584              		.size	cy_meta_wonvl, 4
 585              	cy_meta_wonvl:
 586 0000 BC       		.byte	-68
 587 0001 90       		.byte	-112
 588 0002 AC       		.byte	-84
 589 0003 AF       		.byte	-81
 590              		.section	.cycustnvl,"a",%progbits
 591              		.align	2
 592              		.type	cy_meta_custnvl, %object
 593              		.size	cy_meta_custnvl, 4
 594              	cy_meta_custnvl:
 595 0000 00       		.byte	0
 596 0001 00       		.byte	0
 597 0002 40       		.byte	64
 598 0003 05       		.byte	5
 599              		.section	.cymeta,"a",%progbits
 600              		.align	2
 601              		.type	cy_metadata, %object
 602              		.size	cy_metadata, 12
 603              	cy_metadata:
 604 0000 00       		.byte	0
 605 0001 01       		.byte	1
 606 0002 2E       		.byte	46
 607 0003 16       		.byte	22
 608 0004 10       		.byte	16
 609 0005 69       		.byte	105
 610 0006 00       		.byte	0
 611 0007 01       		.byte	1
 612 0008 00       		.byte	0
 613 0009 00       		.byte	0
 614 000a 00       		.byte	0
 615 000b 00       		.byte	0
 616              		.section	.cyflashprotect,"a",%progbits
 617              		.align	2
 618              		.type	cy_meta_flashprotect, %object
 619              		.size	cy_meta_flashprotect, 256
 620              	cy_meta_flashprotect:
 621 0000 00000000 		.space	256
 621      00000000 
 621      00000000 
 621      00000000 
 621      00000000 
 622              		.text
 623              	.Letext0:
ARM GAS  C:\Users\GEORGE~1\AppData\Local\Temp\ccwmwAfN.s 			page 12


 624              		.file 1 "c:\\program files (x86)\\cypress\\psoc creator\\4.2\\psoc creator\\import\\gnu\\arm\\5.4.
 625              		.file 2 "c:\\program files (x86)\\cypress\\psoc creator\\4.2\\psoc creator\\import\\gnu\\arm\\5.4.
 626              		.file 3 "Generated_Source\\PSoC5\\cymetadata.c"
 627              		.section	.debug_info,"",%progbits
 628              	.Ldebug_info0:
 629 0000 31010000 		.4byte	0x131
 630 0004 0400     		.2byte	0x4
 631 0006 00000000 		.4byte	.Ldebug_abbrev0
 632 000a 04       		.byte	0x4
 633 000b 01       		.uleb128 0x1
 634 000c 24000000 		.4byte	.LASF17
 635 0010 0C       		.byte	0xc
 636 0011 DF010000 		.4byte	.LASF18
 637 0015 69010000 		.4byte	.LASF19
 638 0019 00000000 		.4byte	.Ldebug_line0
 639 001d 02       		.uleb128 0x2
 640 001e 01       		.byte	0x1
 641 001f 06       		.byte	0x6
 642 0020 D3010000 		.4byte	.LASF0
 643 0024 03       		.uleb128 0x3
 644 0025 00000000 		.4byte	.LASF9
 645 0029 01       		.byte	0x1
 646 002a 1D       		.byte	0x1d
 647 002b 2F000000 		.4byte	0x2f
 648 002f 02       		.uleb128 0x2
 649 0030 01       		.byte	0x1
 650 0031 08       		.byte	0x8
 651 0032 16000000 		.4byte	.LASF1
 652 0036 02       		.uleb128 0x2
 653 0037 02       		.byte	0x2
 654 0038 05       		.byte	0x5
 655 0039 D7000000 		.4byte	.LASF2
 656 003d 02       		.uleb128 0x2
 657 003e 02       		.byte	0x2
 658 003f 07       		.byte	0x7
 659 0040 C4000000 		.4byte	.LASF3
 660 0044 02       		.uleb128 0x2
 661 0045 04       		.byte	0x4
 662 0046 05       		.byte	0x5
 663 0047 CA010000 		.4byte	.LASF4
 664 004b 02       		.uleb128 0x2
 665 004c 04       		.byte	0x4
 666 004d 07       		.byte	0x7
 667 004e B2000000 		.4byte	.LASF5
 668 0052 02       		.uleb128 0x2
 669 0053 08       		.byte	0x8
 670 0054 05       		.byte	0x5
 671 0055 5B010000 		.4byte	.LASF6
 672 0059 02       		.uleb128 0x2
 673 005a 08       		.byte	0x8
 674 005b 07       		.byte	0x7
 675 005c 10010000 		.4byte	.LASF7
 676 0060 04       		.uleb128 0x4
 677 0061 04       		.byte	0x4
 678 0062 05       		.byte	0x5
 679 0063 696E7400 		.ascii	"int\000"
 680 0067 02       		.uleb128 0x2
ARM GAS  C:\Users\GEORGE~1\AppData\Local\Temp\ccwmwAfN.s 			page 13


 681 0068 04       		.byte	0x4
 682 0069 07       		.byte	0x7
 683 006a 03010000 		.4byte	.LASF8
 684 006e 03       		.uleb128 0x3
 685 006f 27010000 		.4byte	.LASF10
 686 0073 02       		.byte	0x2
 687 0074 18       		.byte	0x18
 688 0075 24000000 		.4byte	0x24
 689 0079 05       		.uleb128 0x5
 690 007a 91000000 		.4byte	0x91
 691 007e 8A000000 		.4byte	0x8a
 692 0082 06       		.uleb128 0x6
 693 0083 8A000000 		.4byte	0x8a
 694 0087 2702     		.2byte	0x227
 695 0089 00       		.byte	0
 696 008a 02       		.uleb128 0x2
 697 008b 04       		.byte	0x4
 698 008c 07       		.byte	0x7
 699 008d 52010000 		.4byte	.LASF11
 700 0091 07       		.uleb128 0x7
 701 0092 6E000000 		.4byte	0x6e
 702 0096 08       		.uleb128 0x8
 703 0097 F1000000 		.4byte	.LASF12
 704 009b 03       		.byte	0x3
 705 009c 1F       		.byte	0x1f
 706 009d A7000000 		.4byte	0xa7
 707 00a1 05       		.uleb128 0x5
 708 00a2 03       		.byte	0x3
 709 00a3 00000000 		.4byte	cy_meta_configecc
 710 00a7 07       		.uleb128 0x7
 711 00a8 79000000 		.4byte	0x79
 712 00ac 05       		.uleb128 0x5
 713 00ad 91000000 		.4byte	0x91
 714 00b1 BC000000 		.4byte	0xbc
 715 00b5 09       		.uleb128 0x9
 716 00b6 8A000000 		.4byte	0x8a
 717 00ba 03       		.byte	0x3
 718 00bb 00       		.byte	0
 719 00bc 08       		.uleb128 0x8
 720 00bd E1000000 		.4byte	.LASF13
 721 00c1 03       		.byte	0x3
 722 00c2 71       		.byte	0x71
 723 00c3 CD000000 		.4byte	0xcd
 724 00c7 05       		.uleb128 0x5
 725 00c8 03       		.byte	0x3
 726 00c9 00000000 		.4byte	cy_meta_custnvl
 727 00cd 07       		.uleb128 0x7
 728 00ce AC000000 		.4byte	0xac
 729 00d2 08       		.uleb128 0x8
 730 00d3 44010000 		.4byte	.LASF14
 731 00d7 03       		.byte	0x3
 732 00d8 7F       		.byte	0x7f
 733 00d9 E3000000 		.4byte	0xe3
 734 00dd 05       		.uleb128 0x5
 735 00de 03       		.byte	0x3
 736 00df 00000000 		.4byte	cy_meta_wonvl
 737 00e3 07       		.uleb128 0x7
ARM GAS  C:\Users\GEORGE~1\AppData\Local\Temp\ccwmwAfN.s 			page 14


 738 00e4 AC000000 		.4byte	0xac
 739 00e8 05       		.uleb128 0x5
 740 00e9 91000000 		.4byte	0x91
 741 00ed F8000000 		.4byte	0xf8
 742 00f1 09       		.uleb128 0x9
 743 00f2 8A000000 		.4byte	0x8a
 744 00f6 FF       		.byte	0xff
 745 00f7 00       		.byte	0
 746 00f8 08       		.uleb128 0x8
 747 00f9 2F010000 		.4byte	.LASF15
 748 00fd 03       		.byte	0x3
 749 00fe 8D       		.byte	0x8d
 750 00ff 09010000 		.4byte	0x109
 751 0103 05       		.uleb128 0x5
 752 0104 03       		.byte	0x3
 753 0105 00000000 		.4byte	cy_meta_flashprotect
 754 0109 07       		.uleb128 0x7
 755 010a E8000000 		.4byte	0xe8
 756 010e 05       		.uleb128 0x5
 757 010f 91000000 		.4byte	0x91
 758 0113 1E010000 		.4byte	0x11e
 759 0117 09       		.uleb128 0x9
 760 0118 8A000000 		.4byte	0x8a
 761 011c 0B       		.byte	0xb
 762 011d 00       		.byte	0
 763 011e 08       		.uleb128 0x8
 764 011f 0A000000 		.4byte	.LASF16
 765 0123 03       		.byte	0x3
 766 0124 BA       		.byte	0xba
 767 0125 2F010000 		.4byte	0x12f
 768 0129 05       		.uleb128 0x5
 769 012a 03       		.byte	0x3
 770 012b 00000000 		.4byte	cy_metadata
 771 012f 07       		.uleb128 0x7
 772 0130 0E010000 		.4byte	0x10e
 773 0134 00       		.byte	0
 774              		.section	.debug_abbrev,"",%progbits
 775              	.Ldebug_abbrev0:
 776 0000 01       		.uleb128 0x1
 777 0001 11       		.uleb128 0x11
 778 0002 01       		.byte	0x1
 779 0003 25       		.uleb128 0x25
 780 0004 0E       		.uleb128 0xe
 781 0005 13       		.uleb128 0x13
 782 0006 0B       		.uleb128 0xb
 783 0007 03       		.uleb128 0x3
 784 0008 0E       		.uleb128 0xe
 785 0009 1B       		.uleb128 0x1b
 786 000a 0E       		.uleb128 0xe
 787 000b 10       		.uleb128 0x10
 788 000c 17       		.uleb128 0x17
 789 000d 00       		.byte	0
 790 000e 00       		.byte	0
 791 000f 02       		.uleb128 0x2
 792 0010 24       		.uleb128 0x24
 793 0011 00       		.byte	0
 794 0012 0B       		.uleb128 0xb
ARM GAS  C:\Users\GEORGE~1\AppData\Local\Temp\ccwmwAfN.s 			page 15


 795 0013 0B       		.uleb128 0xb
 796 0014 3E       		.uleb128 0x3e
 797 0015 0B       		.uleb128 0xb
 798 0016 03       		.uleb128 0x3
 799 0017 0E       		.uleb128 0xe
 800 0018 00       		.byte	0
 801 0019 00       		.byte	0
 802 001a 03       		.uleb128 0x3
 803 001b 16       		.uleb128 0x16
 804 001c 00       		.byte	0
 805 001d 03       		.uleb128 0x3
 806 001e 0E       		.uleb128 0xe
 807 001f 3A       		.uleb128 0x3a
 808 0020 0B       		.uleb128 0xb
 809 0021 3B       		.uleb128 0x3b
 810 0022 0B       		.uleb128 0xb
 811 0023 49       		.uleb128 0x49
 812 0024 13       		.uleb128 0x13
 813 0025 00       		.byte	0
 814 0026 00       		.byte	0
 815 0027 04       		.uleb128 0x4
 816 0028 24       		.uleb128 0x24
 817 0029 00       		.byte	0
 818 002a 0B       		.uleb128 0xb
 819 002b 0B       		.uleb128 0xb
 820 002c 3E       		.uleb128 0x3e
 821 002d 0B       		.uleb128 0xb
 822 002e 03       		.uleb128 0x3
 823 002f 08       		.uleb128 0x8
 824 0030 00       		.byte	0
 825 0031 00       		.byte	0
 826 0032 05       		.uleb128 0x5
 827 0033 01       		.uleb128 0x1
 828 0034 01       		.byte	0x1
 829 0035 49       		.uleb128 0x49
 830 0036 13       		.uleb128 0x13
 831 0037 01       		.uleb128 0x1
 832 0038 13       		.uleb128 0x13
 833 0039 00       		.byte	0
 834 003a 00       		.byte	0
 835 003b 06       		.uleb128 0x6
 836 003c 21       		.uleb128 0x21
 837 003d 00       		.byte	0
 838 003e 49       		.uleb128 0x49
 839 003f 13       		.uleb128 0x13
 840 0040 2F       		.uleb128 0x2f
 841 0041 05       		.uleb128 0x5
 842 0042 00       		.byte	0
 843 0043 00       		.byte	0
 844 0044 07       		.uleb128 0x7
 845 0045 26       		.uleb128 0x26
 846 0046 00       		.byte	0
 847 0047 49       		.uleb128 0x49
 848 0048 13       		.uleb128 0x13
 849 0049 00       		.byte	0
 850 004a 00       		.byte	0
 851 004b 08       		.uleb128 0x8
ARM GAS  C:\Users\GEORGE~1\AppData\Local\Temp\ccwmwAfN.s 			page 16


 852 004c 34       		.uleb128 0x34
 853 004d 00       		.byte	0
 854 004e 03       		.uleb128 0x3
 855 004f 0E       		.uleb128 0xe
 856 0050 3A       		.uleb128 0x3a
 857 0051 0B       		.uleb128 0xb
 858 0052 3B       		.uleb128 0x3b
 859 0053 0B       		.uleb128 0xb
 860 0054 49       		.uleb128 0x49
 861 0055 13       		.uleb128 0x13
 862 0056 3F       		.uleb128 0x3f
 863 0057 19       		.uleb128 0x19
 864 0058 02       		.uleb128 0x2
 865 0059 18       		.uleb128 0x18
 866 005a 00       		.byte	0
 867 005b 00       		.byte	0
 868 005c 09       		.uleb128 0x9
 869 005d 21       		.uleb128 0x21
 870 005e 00       		.byte	0
 871 005f 49       		.uleb128 0x49
 872 0060 13       		.uleb128 0x13
 873 0061 2F       		.uleb128 0x2f
 874 0062 0B       		.uleb128 0xb
 875 0063 00       		.byte	0
 876 0064 00       		.byte	0
 877 0065 00       		.byte	0
 878              		.section	.debug_aranges,"",%progbits
 879 0000 14000000 		.4byte	0x14
 880 0004 0200     		.2byte	0x2
 881 0006 00000000 		.4byte	.Ldebug_info0
 882 000a 04       		.byte	0x4
 883 000b 00       		.byte	0
 884 000c 0000     		.2byte	0
 885 000e 0000     		.2byte	0
 886 0010 00000000 		.4byte	0
 887 0014 00000000 		.4byte	0
 888              		.section	.debug_line,"",%progbits
 889              	.Ldebug_line0:
 890 0000 3D010000 		.section	.debug_str,"MS",%progbits,1
 890      02003701 
 890      00000201 
 890      FB0E0D00 
 890      01010101 
 891              	.LASF9:
 892 0000 5F5F7569 		.ascii	"__uint8_t\000"
 892      6E74385F 
 892      7400
 893              	.LASF16:
 894 000a 63795F6D 		.ascii	"cy_metadata\000"
 894      65746164 
 894      61746100 
 895              	.LASF1:
 896 0016 756E7369 		.ascii	"unsigned char\000"
 896      676E6564 
 896      20636861 
 896      7200
 897              	.LASF17:
ARM GAS  C:\Users\GEORGE~1\AppData\Local\Temp\ccwmwAfN.s 			page 17


 898 0024 474E5520 		.ascii	"GNU C11 5.4.1 20160609 (release) [ARM/embedded-5-br"
 898      43313120 
 898      352E342E 
 898      31203230 
 898      31363036 
 899 0057 616E6368 		.ascii	"anch revision 237715] -mcpu=cortex-m3 -mthumb -g -O"
 899      20726576 
 899      6973696F 
 899      6E203233 
 899      37373135 
 900 008a 67202D66 		.ascii	"g -ffunction-sections -ffat-lto-objects\000"
 900      66756E63 
 900      74696F6E 
 900      2D736563 
 900      74696F6E 
 901              	.LASF5:
 902 00b2 6C6F6E67 		.ascii	"long unsigned int\000"
 902      20756E73 
 902      69676E65 
 902      6420696E 
 902      7400
 903              	.LASF3:
 904 00c4 73686F72 		.ascii	"short unsigned int\000"
 904      7420756E 
 904      7369676E 
 904      65642069 
 904      6E7400
 905              	.LASF2:
 906 00d7 73686F72 		.ascii	"short int\000"
 906      7420696E 
 906      7400
 907              	.LASF13:
 908 00e1 63795F6D 		.ascii	"cy_meta_custnvl\000"
 908      6574615F 
 908      63757374 
 908      6E766C00 
 909              	.LASF12:
 910 00f1 63795F6D 		.ascii	"cy_meta_configecc\000"
 910      6574615F 
 910      636F6E66 
 910      69676563 
 910      6300
 911              	.LASF8:
 912 0103 756E7369 		.ascii	"unsigned int\000"
 912      676E6564 
 912      20696E74 
 912      00
 913              	.LASF7:
 914 0110 6C6F6E67 		.ascii	"long long unsigned int\000"
 914      206C6F6E 
 914      6720756E 
 914      7369676E 
 914      65642069 
 915              	.LASF10:
 916 0127 75696E74 		.ascii	"uint8_t\000"
 916      385F7400 
 917              	.LASF15:
ARM GAS  C:\Users\GEORGE~1\AppData\Local\Temp\ccwmwAfN.s 			page 18


 918 012f 63795F6D 		.ascii	"cy_meta_flashprotect\000"
 918      6574615F 
 918      666C6173 
 918      6870726F 
 918      74656374 
 919              	.LASF14:
 920 0144 63795F6D 		.ascii	"cy_meta_wonvl\000"
 920      6574615F 
 920      776F6E76 
 920      6C00
 921              	.LASF11:
 922 0152 73697A65 		.ascii	"sizetype\000"
 922      74797065 
 922      00
 923              	.LASF6:
 924 015b 6C6F6E67 		.ascii	"long long int\000"
 924      206C6F6E 
 924      6720696E 
 924      7400
 925              	.LASF19:
 926 0169 433A5C55 		.ascii	"C:\\Users\\George Anwar\\Documents\\UC Berkeley\\ME"
 926      73657273 
 926      5C47656F 
 926      72676520 
 926      416E7761 
 927 0197 31333520 		.ascii	"135 Spring 2020\\PSOC Creator\\ME135_235\\PIXY2.cyd"
 927      53707269 
 927      6E672032 
 927      3032305C 
 927      50534F43 
 928 01c7 736E00   		.ascii	"sn\000"
 929              	.LASF4:
 930 01ca 6C6F6E67 		.ascii	"long int\000"
 930      20696E74 
 930      00
 931              	.LASF0:
 932 01d3 7369676E 		.ascii	"signed char\000"
 932      65642063 
 932      68617200 
 933              	.LASF18:
 934 01df 47656E65 		.ascii	"Generated_Source\\PSoC5\\cymetadata.c\000"
 934      72617465 
 934      645F536F 
 934      75726365 
 934      5C50536F 
 935              		.ident	"GCC: (GNU Tools for ARM Embedded Processors) 5.4.1 20160609 (release) [ARM/embedded-5-bran
