ARM GAS  C:\Users\GEORGE~1\AppData\Local\Temp\cciGalBF.s 			page 1


   1              		.syntax unified
   2              		.cpu cortex-m3
   3              		.fpu softvfp
   4              		.eabi_attribute 20, 1
   5              		.eabi_attribute 21, 1
   6              		.eabi_attribute 23, 3
   7              		.eabi_attribute 24, 1
   8              		.eabi_attribute 25, 1
   9              		.eabi_attribute 26, 1
  10              		.eabi_attribute 30, 1
  11              		.eabi_attribute 34, 1
  12              		.eabi_attribute 18, 4
  13              		.thumb
  14              		.syntax unified
  15              		.file	"main.c"
  16              		.text
  17              	.Ltext0:
  18              		.cfi_sections	.debug_frame
  19              		.section	.text.ByteReceived,"ax",%progbits
  20              		.align	2
  21              		.global	ByteReceived
  22              		.thumb
  23              		.thumb_func
  24              		.type	ByteReceived, %function
  25              	ByteReceived:
  26              	.LFB63:
  27              		.file 1 "main.c"
   1:main.c        **** /* ========================================
   2:main.c        ****  *
   3:main.c        ****  * Copyright YOUR COMPANY, THE YEAR
   4:main.c        ****  * All Rights Reserved
   5:main.c        ****  * UNPUBLISHED, LICENSED SOFTWARE.
   6:main.c        ****  *
   7:main.c        ****  * CONFIDENTIAL AND PROPRIETARY INFORMATION
   8:main.c        ****  * WHICH IS THE PROPERTY OF your company.
   9:main.c        ****  *
  10:main.c        ****  * ========================================
  11:main.c        **** */
  12:main.c        **** #include "project.h"
  13:main.c        **** 
  14:main.c        **** uint8 i;
  15:main.c        **** 
  16:main.c        **** uint8 ByteCount = 0;
  17:main.c        **** 
  18:main.c        **** uint8 firstbyte = 0;
  19:main.c        **** uint8 CommandReady = 0;
  20:main.c        **** uint8 Count = 0;
  21:main.c        **** uint8 Status;
  22:main.c        **** 
  23:main.c        **** uint8 ReceivedBuffer[66];
  24:main.c        **** uint8 TransmitBuffer[66];
  25:main.c        **** 
  26:main.c        **** 
  27:main.c        **** uint16 PingOutput[32];
  28:main.c        **** uint16 PongOutput[32];
  29:main.c        **** 
  30:main.c        **** uint8 ping = 1;
ARM GAS  C:\Users\GEORGE~1\AppData\Local\Temp\cciGalBF.s 			page 2


  31:main.c        **** uint8 datacount = 0;
  32:main.c        **** uint8 dataready = 0;
  33:main.c        **** 
  34:main.c        **** struct command_protocol
  35:main.c        **** {
  36:main.c        ****     uint8 packet_size;
  37:main.c        ****     uint8 command;
  38:main.c        ****     uint8 buffer[64];
  39:main.c        **** } Command_Packet;
  40:main.c        **** 
  41:main.c        **** struct command_protocol Transmit_Packet;
  42:main.c        **** 
  43:main.c        **** CY_ISR(ByteReceived)
  44:main.c        **** { 
  28              		.loc 1 44 0
  29              		.cfi_startproc
  30              		@ args = 0, pretend = 0, frame = 0
  31              		@ frame_needed = 0, uses_anonymous_args = 0
  32 0000 38B5     		push	{r3, r4, r5, lr}
  33              		.cfi_def_cfa_offset 16
  34              		.cfi_offset 3, -16
  35              		.cfi_offset 4, -12
  36              		.cfi_offset 5, -8
  37              		.cfi_offset 14, -4
  45:main.c        ****     LEDDrive_Write(1);
  38              		.loc 1 45 0
  39 0002 0120     		movs	r0, #1
  40 0004 FFF7FEFF 		bl	LEDDrive_Write
  41              	.LVL0:
  46:main.c        ****     ReceivedBuffer[ByteCount++] = (uint8) (LabVIEW_UART_GetByte()&0x00ff);
  42              		.loc 1 46 0
  43 0008 0D4C     		ldr	r4, .L4
  44 000a 2578     		ldrb	r5, [r4]	@ zero_extendqisi2
  45 000c 6B1C     		adds	r3, r5, #1
  46 000e 2370     		strb	r3, [r4]
  47 0010 FFF7FEFF 		bl	LabVIEW_UART_GetByte
  48              	.LVL1:
  49 0014 0B4B     		ldr	r3, .L4+4
  50 0016 5855     		strb	r0, [r3, r5]
  47:main.c        ****     if(firstbyte == 0)
  51              		.loc 1 47 0
  52 0018 6378     		ldrb	r3, [r4, #1]	@ zero_extendqisi2
  53 001a 2BB9     		cbnz	r3, .L2
  48:main.c        ****     {
  49:main.c        ****         ByteCounter_WriteCompare(ReceivedBuffer[0]);
  54              		.loc 1 49 0
  55 001c 094B     		ldr	r3, .L4+4
  56 001e 1878     		ldrb	r0, [r3]	@ zero_extendqisi2
  57 0020 FFF7FEFF 		bl	ByteCounter_WriteCompare
  58              	.LVL2:
  50:main.c        ****         firstbyte = 1;
  59              		.loc 1 50 0
  60 0024 0122     		movs	r2, #1
  61 0026 6270     		strb	r2, [r4, #1]
  62              	.L2:
  51:main.c        ****    
  52:main.c        ****     }
ARM GAS  C:\Users\GEORGE~1\AppData\Local\Temp\cciGalBF.s 			page 3


  53:main.c        ****     Count = ByteCounter_ReadCounter();
  63              		.loc 1 53 0
  64 0028 FFF7FEFF 		bl	ByteCounter_ReadCounter
  65              	.LVL3:
  66 002c 044B     		ldr	r3, .L4
  67 002e 9870     		strb	r0, [r3, #2]
  54:main.c        ****     Status = ByteCounter_ReadStatusRegister();
  68              		.loc 1 54 0
  69 0030 FFF7FEFF 		bl	ByteCounter_ReadStatusRegister
  70              	.LVL4:
  71 0034 044B     		ldr	r3, .L4+8
  72 0036 1870     		strb	r0, [r3]
  55:main.c        ****     LEDDrive_Write(0);
  73              		.loc 1 55 0
  74 0038 0020     		movs	r0, #0
  75 003a FFF7FEFF 		bl	LEDDrive_Write
  76              	.LVL5:
  77 003e 38BD     		pop	{r3, r4, r5, pc}
  78              	.L5:
  79              		.align	2
  80              	.L4:
  81 0040 00000000 		.word	.LANCHOR0
  82 0044 00000000 		.word	ReceivedBuffer
  83 0048 00000000 		.word	Status
  84              		.cfi_endproc
  85              	.LFE63:
  86              		.size	ByteReceived, .-ByteReceived
  87              		.section	.text.CommandReceived,"ax",%progbits
  88              		.align	2
  89              		.global	CommandReceived
  90              		.thumb
  91              		.thumb_func
  92              		.type	CommandReceived, %function
  93              	CommandReceived:
  94              	.LFB64:
  56:main.c        **** }
  57:main.c        **** 
  58:main.c        **** CY_ISR(CommandReceived)
  59:main.c        **** {
  95              		.loc 1 59 0
  96              		.cfi_startproc
  97              		@ args = 0, pretend = 0, frame = 0
  98              		@ frame_needed = 0, uses_anonymous_args = 0
  99 0000 08B5     		push	{r3, lr}
 100              		.cfi_def_cfa_offset 8
 101              		.cfi_offset 3, -8
 102              		.cfi_offset 14, -4
  60:main.c        ****     uint8 i;
  61:main.c        ****     
  62:main.c        ****     if(CommandReady == 0)
 103              		.loc 1 62 0
 104 0002 114B     		ldr	r3, .L11
 105 0004 DB78     		ldrb	r3, [r3, #3]	@ zero_extendqisi2
 106 0006 C3B9     		cbnz	r3, .L7
  63:main.c        ****     {
  64:main.c        ****         Command_Packet.packet_size = ReceivedBuffer[0];
 107              		.loc 1 64 0
ARM GAS  C:\Users\GEORGE~1\AppData\Local\Temp\cciGalBF.s 			page 4


 108 0008 104A     		ldr	r2, .L11+4
 109 000a 1078     		ldrb	r0, [r2]	@ zero_extendqisi2
 110 000c 104B     		ldr	r3, .L11+8
 111 000e 1870     		strb	r0, [r3]
  65:main.c        ****         Command_Packet.command = ReceivedBuffer[1];
 112              		.loc 1 65 0
 113 0010 5278     		ldrb	r2, [r2, #1]	@ zero_extendqisi2
 114 0012 5A70     		strb	r2, [r3, #1]
 115              	.LVL6:
  66:main.c        ****     
  67:main.c        ****         for(i=0;i<(Command_Packet.packet_size - 2);i++)
 116              		.loc 1 67 0
 117 0014 0023     		movs	r3, #0
 118 0016 07E0     		b	.L8
 119              	.LVL7:
 120              	.L9:
  68:main.c        ****         {
  69:main.c        ****             Command_Packet.buffer[i] =  ReceivedBuffer[i+2];
 121              		.loc 1 69 0 discriminator 3
 122 0018 9A1C     		adds	r2, r3, #2
 123 001a 0C49     		ldr	r1, .L11+4
 124 001c 895C     		ldrb	r1, [r1, r2]	@ zero_extendqisi2
 125 001e 0C4A     		ldr	r2, .L11+8
 126 0020 1A44     		add	r2, r2, r3
 127 0022 9170     		strb	r1, [r2, #2]
  67:main.c        ****         {
 128              		.loc 1 67 0 discriminator 3
 129 0024 0133     		adds	r3, r3, #1
 130              	.LVL8:
 131 0026 DBB2     		uxtb	r3, r3
 132              	.LVL9:
 133              	.L8:
  67:main.c        ****         {
 134              		.loc 1 67 0 is_stmt 0 discriminator 1
 135 0028 821E     		subs	r2, r0, #2
 136 002a 9342     		cmp	r3, r2
 137 002c F4DB     		blt	.L9
  70:main.c        ****         }
  71:main.c        ****     
  72:main.c        ****         firstbyte = 0;
 138              		.loc 1 72 0 is_stmt 1
 139 002e 064B     		ldr	r3, .L11
 140              	.LVL10:
 141 0030 0022     		movs	r2, #0
 142 0032 5A70     		strb	r2, [r3, #1]
  73:main.c        ****         CommandReady = 1;
 143              		.loc 1 73 0
 144 0034 0121     		movs	r1, #1
 145 0036 D970     		strb	r1, [r3, #3]
  74:main.c        ****         ByteCount = 0;
 146              		.loc 1 74 0
 147 0038 1A70     		strb	r2, [r3]
 148              	.L7:
  75:main.c        ****     }
  76:main.c        ****     ByteCounter_ReadStatusRegister();
 149              		.loc 1 76 0
 150 003a FFF7FEFF 		bl	ByteCounter_ReadStatusRegister
ARM GAS  C:\Users\GEORGE~1\AppData\Local\Temp\cciGalBF.s 			page 5


 151              	.LVL11:
  77:main.c        ****     LEDDrive_Write(0);
 152              		.loc 1 77 0
 153 003e 0020     		movs	r0, #0
 154 0040 FFF7FEFF 		bl	LEDDrive_Write
 155              	.LVL12:
 156 0044 08BD     		pop	{r3, pc}
 157              	.L12:
 158 0046 00BF     		.align	2
 159              	.L11:
 160 0048 00000000 		.word	.LANCHOR0
 161 004c 00000000 		.word	ReceivedBuffer
 162 0050 00000000 		.word	Command_Packet
 163              		.cfi_endproc
 164              	.LFE64:
 165              		.size	CommandReceived, .-CommandReceived
 166              		.section	.text.TimerInterrupt,"ax",%progbits
 167              		.align	2
 168              		.global	TimerInterrupt
 169              		.thumb
 170              		.thumb_func
 171              		.type	TimerInterrupt, %function
 172              	TimerInterrupt:
 173              	.LFB65:
  78:main.c        **** }
  79:main.c        **** 
  80:main.c        **** 
  81:main.c        **** 
  82:main.c        **** CY_ISR(TimerInterrupt)
  83:main.c        **** {
 174              		.loc 1 83 0
 175              		.cfi_startproc
 176              		@ args = 0, pretend = 0, frame = 0
 177              		@ frame_needed = 0, uses_anonymous_args = 0
 178 0000 10B5     		push	{r4, lr}
 179              		.cfi_def_cfa_offset 8
 180              		.cfi_offset 4, -8
 181              		.cfi_offset 14, -4
 182              	.L14:
  84:main.c        ****     while(ADC_DelSig_1_IsEndConversion(ADC_DelSig_1_WAIT_FOR_RESULT));
 183              		.loc 1 84 0 discriminator 1
 184 0002 0020     		movs	r0, #0
 185 0004 FFF7FEFF 		bl	ADC_DelSig_1_IsEndConversion
 186              	.LVL13:
 187 0008 0028     		cmp	r0, #0
 188 000a FAD1     		bne	.L14
  85:main.c        ****     if(ping)
 189              		.loc 1 85 0
 190 000c 114B     		ldr	r3, .L19
 191 000e 1B78     		ldrb	r3, [r3]	@ zero_extendqisi2
 192 0010 3BB1     		cbz	r3, .L15
  86:main.c        ****     {
  87:main.c        ****         PingOutput[datacount] = ADC_DelSig_1_GetResult16();
 193              		.loc 1 87 0
 194 0012 114B     		ldr	r3, .L19+4
 195 0014 1C79     		ldrb	r4, [r3, #4]	@ zero_extendqisi2
 196 0016 FFF7FEFF 		bl	ADC_DelSig_1_GetResult16
ARM GAS  C:\Users\GEORGE~1\AppData\Local\Temp\cciGalBF.s 			page 6


 197              	.LVL14:
 198 001a 104B     		ldr	r3, .L19+8
 199 001c 23F81400 		strh	r0, [r3, r4, lsl #1]	@ movhi
 200 0020 06E0     		b	.L16
 201              	.L15:
  88:main.c        ****     }
  89:main.c        ****     else
  90:main.c        ****     {
  91:main.c        ****         PongOutput[datacount] = ADC_DelSig_1_GetResult16();
 202              		.loc 1 91 0
 203 0022 0D4B     		ldr	r3, .L19+4
 204 0024 1C79     		ldrb	r4, [r3, #4]	@ zero_extendqisi2
 205 0026 FFF7FEFF 		bl	ADC_DelSig_1_GetResult16
 206              	.LVL15:
 207 002a 0D4B     		ldr	r3, .L19+12
 208 002c 23F81400 		strh	r0, [r3, r4, lsl #1]	@ movhi
 209              	.L16:
  92:main.c        ****     }
  93:main.c        ****     datacount = (datacount+1) & 0x01F;
 210              		.loc 1 93 0
 211 0030 094A     		ldr	r2, .L19+4
 212 0032 1379     		ldrb	r3, [r2, #4]	@ zero_extendqisi2
 213 0034 0133     		adds	r3, r3, #1
 214 0036 03F01F03 		and	r3, r3, #31
 215 003a 1371     		strb	r3, [r2, #4]
  94:main.c        ****     if(datacount == 0)
 216              		.loc 1 94 0
 217 003c 3BB9     		cbnz	r3, .L17
  95:main.c        ****     {
  96:main.c        ****         ping ^= 1;
 218              		.loc 1 96 0
 219 003e 054A     		ldr	r2, .L19
 220 0040 1378     		ldrb	r3, [r2]	@ zero_extendqisi2
 221 0042 83F00103 		eor	r3, r3, #1
 222 0046 1370     		strb	r3, [r2]
  97:main.c        ****         dataready = 1;
 223              		.loc 1 97 0
 224 0048 0122     		movs	r2, #1
 225 004a 034B     		ldr	r3, .L19+4
 226 004c 5A71     		strb	r2, [r3, #5]
 227              	.L17:
  98:main.c        ****     }
  99:main.c        ****     Timer_1_ReadStatusRegister();
 228              		.loc 1 99 0
 229 004e FFF7FEFF 		bl	Timer_1_ReadStatusRegister
 230              	.LVL16:
 231 0052 10BD     		pop	{r4, pc}
 232              	.L20:
 233              		.align	2
 234              	.L19:
 235 0054 00000000 		.word	.LANCHOR1
 236 0058 00000000 		.word	.LANCHOR0
 237 005c 00000000 		.word	PingOutput
 238 0060 00000000 		.word	PongOutput
 239              		.cfi_endproc
 240              	.LFE65:
 241              		.size	TimerInterrupt, .-TimerInterrupt
ARM GAS  C:\Users\GEORGE~1\AppData\Local\Temp\cciGalBF.s 			page 7


 242              		.section	.text.main,"ax",%progbits
 243              		.align	2
 244              		.global	main
 245              		.thumb
 246              		.thumb_func
 247              		.type	main, %function
 248              	main:
 249              	.LFB66:
 100:main.c        **** }
 101:main.c        ****     
 102:main.c        **** 
 103:main.c        **** int main(void)
 104:main.c        **** {
 250              		.loc 1 104 0
 251              		.cfi_startproc
 252              		@ Volatile: function does not return.
 253              		@ args = 0, pretend = 0, frame = 0
 254              		@ frame_needed = 0, uses_anonymous_args = 0
 255 0000 08B5     		push	{r3, lr}
 256              		.cfi_def_cfa_offset 8
 257              		.cfi_offset 3, -8
 258              		.cfi_offset 14, -4
 105:main.c        ****     
 106:main.c        ****     UARTReset_Write(0);
 259              		.loc 1 106 0
 260 0002 0020     		movs	r0, #0
 261 0004 FFF7FEFF 		bl	UARTReset_Write
 262              	.LVL17:
 107:main.c        ****     ByteCountReset_Write(0);
 263              		.loc 1 107 0
 264 0008 0020     		movs	r0, #0
 265 000a FFF7FEFF 		bl	ByteCountReset_Write
 266              	.LVL18:
 108:main.c        ****     
 109:main.c        ****     LabVIEW_UART_Start();
 267              		.loc 1 109 0
 268 000e FFF7FEFF 		bl	LabVIEW_UART_Start
 269              	.LVL19:
 110:main.c        ****     
 111:main.c        ****     
 112:main.c        ****     WaveDAC8_1_Start();
 270              		.loc 1 112 0
 271 0012 FFF7FEFF 		bl	WaveDAC8_1_Start
 272              	.LVL20:
 113:main.c        ****     ADC_DelSig_1_Start();
 273              		.loc 1 113 0
 274 0016 FFF7FEFF 		bl	ADC_DelSig_1_Start
 275              	.LVL21:
 114:main.c        ****     
 115:main.c        ****     Timer_1_Start();
 276              		.loc 1 115 0
 277 001a FFF7FEFF 		bl	Timer_1_Start
 278              	.LVL22:
 116:main.c        ****     
 117:main.c        ****     TimerInterrupt_Start();
 279              		.loc 1 117 0
 280 001e FFF7FEFF 		bl	TimerInterrupt_Start
ARM GAS  C:\Users\GEORGE~1\AppData\Local\Temp\cciGalBF.s 			page 8


 281              	.LVL23:
 118:main.c        ****     TimerInterrupt_StartEx(TimerInterrupt);
 282              		.loc 1 118 0
 283 0022 4048     		ldr	r0, .L35
 284 0024 FFF7FEFF 		bl	TimerInterrupt_StartEx
 285              	.LVL24:
 119:main.c        ****     
 120:main.c        ****     Timer_1_Stop();
 286              		.loc 1 120 0
 287 0028 FFF7FEFF 		bl	Timer_1_Stop
 288              	.LVL25:
 121:main.c        ****     
 122:main.c        ****     ADC_DelSig_1_IRQ_Enable();
 289              		.loc 1 122 0
 290 002c FFF7FEFF 		bl	ADC_DelSig_1_IRQ_Enable
 291              	.LVL26:
 123:main.c        ****     
 124:main.c        ****     ByteCounter_Start();
 292              		.loc 1 124 0
 293 0030 FFF7FEFF 		bl	ByteCounter_Start
 294              	.LVL27:
 125:main.c        ****     ByteCounter_Enable();
 295              		.loc 1 125 0
 296 0034 FFF7FEFF 		bl	ByteCounter_Enable
 297              	.LVL28:
 126:main.c        ****     ByteCounter_SetInterruptMode(ByteCounter_STATUS_CMP_INT_EN_MASK);
 298              		.loc 1 126 0
 299 0038 0120     		movs	r0, #1
 300 003a FFF7FEFF 		bl	ByteCounter_SetInterruptMode
 301              	.LVL29:
 127:main.c        ****     
 128:main.c        ****     ByteReceived_Start();
 302              		.loc 1 128 0
 303 003e FFF7FEFF 		bl	ByteReceived_Start
 304              	.LVL30:
 129:main.c        ****     ByteReceived_StartEx(ByteReceived);
 305              		.loc 1 129 0
 306 0042 3948     		ldr	r0, .L35+4
 307 0044 FFF7FEFF 		bl	ByteReceived_StartEx
 308              	.LVL31:
 130:main.c        ****     ByteReceived_Enable();
 309              		.loc 1 130 0
 310 0048 FFF7FEFF 		bl	ByteReceived_Enable
 311              	.LVL32:
 131:main.c        ****     
 132:main.c        ****     CommandReceived_Start();
 312              		.loc 1 132 0
 313 004c FFF7FEFF 		bl	CommandReceived_Start
 314              	.LVL33:
 133:main.c        ****     CommandReceived_StartEx(CommandReceived);
 315              		.loc 1 133 0
 316 0050 3648     		ldr	r0, .L35+8
 317 0052 FFF7FEFF 		bl	CommandReceived_StartEx
 318              	.LVL34:
 134:main.c        ****     CommandReceived_Enable();
 319              		.loc 1 134 0
 320 0056 FFF7FEFF 		bl	CommandReceived_Enable
ARM GAS  C:\Users\GEORGE~1\AppData\Local\Temp\cciGalBF.s 			page 9


 321              	.LVL35:
 135:main.c        ****     
 136:main.c        ****     CyGlobalIntEnable; /* Enable global interrupts. */
 322              		.loc 1 136 0
 323              		.syntax unified
 324              	@ 136 "main.c" 1
 325 005a 62B6     		CPSIE   i
 326              	@ 0 "" 2
 137:main.c        **** 
 138:main.c        ****     /* Place your initialization/startup code here (e.g. MyInst_Start()) */
 139:main.c        ****     ADC_DelSig_1_StartConvert();
 327              		.loc 1 139 0
 328              		.thumb
 329              		.syntax unified
 330 005c FFF7FEFF 		bl	ADC_DelSig_1_StartConvert
 331              	.LVL36:
 332              	.L22:
 140:main.c        ****     
 141:main.c        ****     for(;;)
 142:main.c        ****     {
 143:main.c        ****     if(CommandReady)
 333              		.loc 1 143 0
 334 0060 334B     		ldr	r3, .L35+12
 335 0062 DB78     		ldrb	r3, [r3, #3]	@ zero_extendqisi2
 336 0064 002B     		cmp	r3, #0
 337 0066 FBD0     		beq	.L22
 144:main.c        ****         {
 145:main.c        ****             Transmit_Packet.command = Command_Packet.command;
 338              		.loc 1 145 0
 339 0068 324A     		ldr	r2, .L35+16
 340 006a 5378     		ldrb	r3, [r2, #1]	@ zero_extendqisi2
 341 006c 3248     		ldr	r0, .L35+20
 342 006e 4370     		strb	r3, [r0, #1]
 146:main.c        ****             TransmitBuffer[1] = Transmit_Packet.command;
 343              		.loc 1 146 0
 344 0070 3249     		ldr	r1, .L35+24
 345 0072 4B70     		strb	r3, [r1, #1]
 147:main.c        ****             Transmit_Packet.packet_size = Command_Packet.packet_size;
 346              		.loc 1 147 0
 347 0074 1278     		ldrb	r2, [r2]	@ zero_extendqisi2
 348 0076 0270     		strb	r2, [r0]
 148:main.c        ****             TransmitBuffer[0] = Transmit_Packet.packet_size;
 349              		.loc 1 148 0
 350 0078 0A70     		strb	r2, [r1]
 149:main.c        ****             
 150:main.c        ****             switch(Command_Packet.command)
 351              		.loc 1 150 0
 352 007a 012B     		cmp	r3, #1
 353 007c 1DD0     		beq	.L24
 354 007e 13B1     		cbz	r3, .L25
 355 0080 022B     		cmp	r3, #2
 356 0082 32D0     		beq	.L26
 357 0084 48E0     		b	.L23
 358              	.L25:
 151:main.c        ****             {
 152:main.c        ****                 case 0: // Start Acquisition
 153:main.c        ****                     for(i=0;i<Transmit_Packet.packet_size;i++)
ARM GAS  C:\Users\GEORGE~1\AppData\Local\Temp\cciGalBF.s 			page 10


 359              		.loc 1 153 0
 360 0086 0021     		movs	r1, #0
 361 0088 2D4B     		ldr	r3, .L35+28
 362 008a 1970     		strb	r1, [r3]
 363 008c 0BE0     		b	.L27
 364              	.L28:
 154:main.c        ****                     {
 155:main.c        ****                             Transmit_Packet.buffer[i+2] = Command_Packet.buffer[i];
 365              		.loc 1 155 0 discriminator 3
 366 008e 981C     		adds	r0, r3, #2
 367 0090 2849     		ldr	r1, .L35+16
 368 0092 1944     		add	r1, r1, r3
 369 0094 8C78     		ldrb	r4, [r1, #2]	@ zero_extendqisi2
 370 0096 2849     		ldr	r1, .L35+20
 371 0098 0144     		add	r1, r1, r0
 372 009a 8C70     		strb	r4, [r1, #2]
 156:main.c        ****                             TransmitBuffer[i+2] = Transmit_Packet.buffer[i+2];
 373              		.loc 1 156 0 discriminator 3
 374 009c 2749     		ldr	r1, .L35+24
 375 009e 0C54     		strb	r4, [r1, r0]
 153:main.c        ****                     {
 376              		.loc 1 153 0 discriminator 3
 377 00a0 0133     		adds	r3, r3, #1
 378 00a2 2749     		ldr	r1, .L35+28
 379 00a4 0B70     		strb	r3, [r1]
 380              	.L27:
 153:main.c        ****                     {
 381              		.loc 1 153 0 is_stmt 0 discriminator 1
 382 00a6 264B     		ldr	r3, .L35+28
 383 00a8 1B78     		ldrb	r3, [r3]	@ zero_extendqisi2
 384 00aa 9A42     		cmp	r2, r3
 385 00ac EFD8     		bhi	.L28
 157:main.c        ****                     }
 158:main.c        ****                     CommandReady = 0;
 386              		.loc 1 158 0 is_stmt 1
 387 00ae 0022     		movs	r2, #0
 388 00b0 1F4B     		ldr	r3, .L35+12
 389 00b2 DA70     		strb	r2, [r3, #3]
 159:main.c        ****                     
 160:main.c        ****                     Timer_1_Start();
 390              		.loc 1 160 0
 391 00b4 FFF7FEFF 		bl	Timer_1_Start
 392              	.LVL37:
 161:main.c        ****                     
 162:main.c        ****                     
 163:main.c        **** 
 164:main.c        ****                    
 165:main.c        ****                 break;
 393              		.loc 1 165 0
 394 00b8 2EE0     		b	.L23
 395              	.L24:
 166:main.c        ****                 case 1: // Stop
 167:main.c        ****                     for(i=0;i<Transmit_Packet.packet_size;i++)
 396              		.loc 1 167 0
 397 00ba 0021     		movs	r1, #0
 398 00bc 204B     		ldr	r3, .L35+28
 399 00be 1970     		strb	r1, [r3]
ARM GAS  C:\Users\GEORGE~1\AppData\Local\Temp\cciGalBF.s 			page 11


 400 00c0 0BE0     		b	.L29
 401              	.L30:
 168:main.c        ****                     {
 169:main.c        ****                             Transmit_Packet.buffer[i+2] = Command_Packet.buffer[i];
 402              		.loc 1 169 0 discriminator 3
 403 00c2 981C     		adds	r0, r3, #2
 404 00c4 1B49     		ldr	r1, .L35+16
 405 00c6 1944     		add	r1, r1, r3
 406 00c8 8C78     		ldrb	r4, [r1, #2]	@ zero_extendqisi2
 407 00ca 1B49     		ldr	r1, .L35+20
 408 00cc 0144     		add	r1, r1, r0
 409 00ce 8C70     		strb	r4, [r1, #2]
 170:main.c        ****                             TransmitBuffer[i+2] = Transmit_Packet.buffer[i+2];
 410              		.loc 1 170 0 discriminator 3
 411 00d0 1A49     		ldr	r1, .L35+24
 412 00d2 0C54     		strb	r4, [r1, r0]
 167:main.c        ****                     {
 413              		.loc 1 167 0 discriminator 3
 414 00d4 0133     		adds	r3, r3, #1
 415 00d6 1A49     		ldr	r1, .L35+28
 416 00d8 0B70     		strb	r3, [r1]
 417              	.L29:
 167:main.c        ****                     {
 418              		.loc 1 167 0 is_stmt 0 discriminator 1
 419 00da 194B     		ldr	r3, .L35+28
 420 00dc 1B78     		ldrb	r3, [r3]	@ zero_extendqisi2
 421 00de 9A42     		cmp	r2, r3
 422 00e0 EFD8     		bhi	.L30
 171:main.c        ****                     }
 172:main.c        ****                     CommandReady = 0;
 423              		.loc 1 172 0 is_stmt 1
 424 00e2 0022     		movs	r2, #0
 425 00e4 124B     		ldr	r3, .L35+12
 426 00e6 DA70     		strb	r2, [r3, #3]
 173:main.c        ****                     
 174:main.c        ****                     
 175:main.c        ****                 break;
 427              		.loc 1 175 0
 428 00e8 16E0     		b	.L23
 429              	.L26:
 176:main.c        ****                 case 2: // Set Sampling Rate
 177:main.c        ****                     for(i=0;i<Transmit_Packet.packet_size;i++)
 430              		.loc 1 177 0
 431 00ea 0021     		movs	r1, #0
 432 00ec 144B     		ldr	r3, .L35+28
 433 00ee 1970     		strb	r1, [r3]
 434 00f0 0BE0     		b	.L31
 435              	.L32:
 178:main.c        ****                     {
 179:main.c        ****                             Transmit_Packet.buffer[i+2] = Command_Packet.buffer[i];
 436              		.loc 1 179 0 discriminator 3
 437 00f2 981C     		adds	r0, r3, #2
 438 00f4 0F49     		ldr	r1, .L35+16
 439 00f6 1944     		add	r1, r1, r3
 440 00f8 8C78     		ldrb	r4, [r1, #2]	@ zero_extendqisi2
 441 00fa 0F49     		ldr	r1, .L35+20
 442 00fc 0144     		add	r1, r1, r0
ARM GAS  C:\Users\GEORGE~1\AppData\Local\Temp\cciGalBF.s 			page 12


 443 00fe 8C70     		strb	r4, [r1, #2]
 180:main.c        ****                             TransmitBuffer[i+2] = Transmit_Packet.buffer[i+2];
 444              		.loc 1 180 0 discriminator 3
 445 0100 0E49     		ldr	r1, .L35+24
 446 0102 0C54     		strb	r4, [r1, r0]
 177:main.c        ****                     {
 447              		.loc 1 177 0 discriminator 3
 448 0104 0133     		adds	r3, r3, #1
 449 0106 0E49     		ldr	r1, .L35+28
 450 0108 0B70     		strb	r3, [r1]
 451              	.L31:
 177:main.c        ****                     {
 452              		.loc 1 177 0 is_stmt 0 discriminator 1
 453 010a 0D4B     		ldr	r3, .L35+28
 454 010c 1B78     		ldrb	r3, [r3]	@ zero_extendqisi2
 455 010e 9A42     		cmp	r2, r3
 456 0110 EFD8     		bhi	.L32
 181:main.c        ****                     }
 182:main.c        ****                     CommandReady = 0;
 457              		.loc 1 182 0 is_stmt 1
 458 0112 0022     		movs	r2, #0
 459 0114 064B     		ldr	r3, .L35+12
 460 0116 DA70     		strb	r2, [r3, #3]
 461              	.L23:
 183:main.c        ****                     
 184:main.c        ****                     
 185:main.c        ****                 break;
 186:main.c        ****                 default:
 187:main.c        ****                 break;
 188:main.c        ****             }
 189:main.c        ****             LabVIEW_UART_PutArray(TransmitBuffer,TransmitBuffer[0]);
 462              		.loc 1 189 0
 463 0118 0848     		ldr	r0, .L35+24
 464 011a 0178     		ldrb	r1, [r0]	@ zero_extendqisi2
 465 011c FFF7FEFF 		bl	LabVIEW_UART_PutArray
 466              	.LVL38:
 467 0120 9EE7     		b	.L22
 468              	.L36:
 469 0122 00BF     		.align	2
 470              	.L35:
 471 0124 00000000 		.word	TimerInterrupt
 472 0128 00000000 		.word	ByteReceived
 473 012c 00000000 		.word	CommandReceived
 474 0130 00000000 		.word	.LANCHOR0
 475 0134 00000000 		.word	Command_Packet
 476 0138 00000000 		.word	Transmit_Packet
 477 013c 00000000 		.word	TransmitBuffer
 478 0140 00000000 		.word	i
 479              		.cfi_endproc
 480              	.LFE66:
 481              		.size	main, .-main
 482              		.comm	Transmit_Packet,66,4
 483              		.comm	Command_Packet,66,4
 484              		.global	dataready
 485              		.global	datacount
 486              		.global	ping
 487              		.comm	PongOutput,64,4
ARM GAS  C:\Users\GEORGE~1\AppData\Local\Temp\cciGalBF.s 			page 13


 488              		.comm	PingOutput,64,4
 489              		.comm	TransmitBuffer,66,4
 490              		.comm	ReceivedBuffer,66,4
 491              		.comm	Status,1,1
 492              		.global	Count
 493              		.global	CommandReady
 494              		.global	firstbyte
 495              		.global	ByteCount
 496              		.comm	i,1,1
 497              		.data
 498              		.set	.LANCHOR1,. + 0
 499              		.type	ping, %object
 500              		.size	ping, 1
 501              	ping:
 502 0000 01       		.byte	1
 503              		.bss
 504              		.set	.LANCHOR0,. + 0
 505              		.type	ByteCount, %object
 506              		.size	ByteCount, 1
 507              	ByteCount:
 508 0000 00       		.space	1
 509              		.type	firstbyte, %object
 510              		.size	firstbyte, 1
 511              	firstbyte:
 512 0001 00       		.space	1
 513              		.type	Count, %object
 514              		.size	Count, 1
 515              	Count:
 516 0002 00       		.space	1
 517              		.type	CommandReady, %object
 518              		.size	CommandReady, 1
 519              	CommandReady:
 520 0003 00       		.space	1
 521              		.type	datacount, %object
 522              		.size	datacount, 1
 523              	datacount:
 524 0004 00       		.space	1
 525              		.type	dataready, %object
 526              		.size	dataready, 1
 527              	dataready:
 528 0005 00       		.space	1
 529              		.text
 530              	.Letext0:
 531              		.file 2 "c:\\program files (x86)\\cypress\\psoc creator\\4.2\\psoc creator\\import\\gnu\\arm\\5.4.
 532              		.file 3 "c:\\program files (x86)\\cypress\\psoc creator\\4.2\\psoc creator\\import\\gnu\\arm\\5.4.
 533              		.file 4 "Generated_Source\\PSoC5/cytypes.h"
 534              		.file 5 "Generated_Source\\PSoC5/core_cm3.h"
 535              		.file 6 "Generated_Source\\PSoC5/LEDDrive.h"
 536              		.file 7 "Generated_Source\\PSoC5/LabVIEW_UART.h"
 537              		.file 8 "Generated_Source\\PSoC5/ByteCounter.h"
 538              		.file 9 "Generated_Source\\PSoC5/ADC_DelSig_1.h"
 539              		.file 10 "Generated_Source\\PSoC5/Timer_1.h"
 540              		.file 11 "Generated_Source\\PSoC5/UARTReset.h"
 541              		.file 12 "Generated_Source\\PSoC5/ByteCountReset.h"
 542              		.file 13 "Generated_Source\\PSoC5/WaveDAC8_1.h"
 543              		.file 14 "Generated_Source\\PSoC5/TimerInterrupt.h"
 544              		.file 15 "Generated_Source\\PSoC5/ADC_DelSig_1_IRQ.h"
ARM GAS  C:\Users\GEORGE~1\AppData\Local\Temp\cciGalBF.s 			page 14


 545              		.file 16 "Generated_Source\\PSoC5/ByteReceived.h"
 546              		.file 17 "Generated_Source\\PSoC5/CommandReceived.h"
 547              		.section	.debug_info,"",%progbits
 548              	.Ldebug_info0:
 549 0000 74050000 		.4byte	0x574
 550 0004 0400     		.2byte	0x4
 551 0006 00000000 		.4byte	.Ldebug_abbrev0
 552 000a 04       		.byte	0x4
 553 000b 01       		.uleb128 0x1
 554 000c 94040000 		.4byte	.LASF68
 555 0010 0C       		.byte	0xc
 556 0011 BB030000 		.4byte	.LASF69
 557 0015 3B000000 		.4byte	.LASF70
 558 0019 00000000 		.4byte	.Ldebug_ranges0+0
 559 001d 00000000 		.4byte	0
 560 0021 00000000 		.4byte	.Ldebug_line0
 561 0025 02       		.uleb128 0x2
 562 0026 01       		.byte	0x1
 563 0027 06       		.byte	0x6
 564 0028 88010000 		.4byte	.LASF0
 565 002c 02       		.uleb128 0x2
 566 002d 01       		.byte	0x1
 567 002e 08       		.byte	0x8
 568 002f 57020000 		.4byte	.LASF1
 569 0033 02       		.uleb128 0x2
 570 0034 02       		.byte	0x2
 571 0035 05       		.byte	0x5
 572 0036 28000000 		.4byte	.LASF2
 573 003a 02       		.uleb128 0x2
 574 003b 02       		.byte	0x2
 575 003c 07       		.byte	0x7
 576 003d 63030000 		.4byte	.LASF3
 577 0041 03       		.uleb128 0x3
 578 0042 26040000 		.4byte	.LASF9
 579 0046 02       		.byte	0x2
 580 0047 3F       		.byte	0x3f
 581 0048 4C000000 		.4byte	0x4c
 582 004c 02       		.uleb128 0x2
 583 004d 04       		.byte	0x4
 584 004e 05       		.byte	0x5
 585 004f C5010000 		.4byte	.LASF4
 586 0053 02       		.uleb128 0x2
 587 0054 04       		.byte	0x4
 588 0055 07       		.byte	0x7
 589 0056 C2020000 		.4byte	.LASF5
 590 005a 02       		.uleb128 0x2
 591 005b 08       		.byte	0x8
 592 005c 05       		.byte	0x5
 593 005d B7010000 		.4byte	.LASF6
 594 0061 02       		.uleb128 0x2
 595 0062 08       		.byte	0x8
 596 0063 07       		.byte	0x7
 597 0064 82020000 		.4byte	.LASF7
 598 0068 04       		.uleb128 0x4
 599 0069 04       		.byte	0x4
 600 006a 05       		.byte	0x5
 601 006b 696E7400 		.ascii	"int\000"
ARM GAS  C:\Users\GEORGE~1\AppData\Local\Temp\cciGalBF.s 			page 15


 602 006f 02       		.uleb128 0x2
 603 0070 04       		.byte	0x4
 604 0071 07       		.byte	0x7
 605 0072 A9020000 		.4byte	.LASF8
 606 0076 03       		.uleb128 0x3
 607 0077 43030000 		.4byte	.LASF10
 608 007b 03       		.byte	0x3
 609 007c 2C       		.byte	0x2c
 610 007d 41000000 		.4byte	0x41
 611 0081 05       		.uleb128 0x5
 612 0082 27010000 		.4byte	.LASF11
 613 0086 04       		.byte	0x4
 614 0087 E401     		.2byte	0x1e4
 615 0089 2C000000 		.4byte	0x2c
 616 008d 05       		.uleb128 0x5
 617 008e E9000000 		.4byte	.LASF12
 618 0092 04       		.byte	0x4
 619 0093 E501     		.2byte	0x1e5
 620 0095 3A000000 		.4byte	0x3a
 621 0099 02       		.uleb128 0x2
 622 009a 04       		.byte	0x4
 623 009b 04       		.byte	0x4
 624 009c 94010000 		.4byte	.LASF13
 625 00a0 02       		.uleb128 0x2
 626 00a1 08       		.byte	0x8
 627 00a2 04       		.byte	0x4
 628 00a3 D8030000 		.4byte	.LASF14
 629 00a7 02       		.uleb128 0x2
 630 00a8 01       		.byte	0x1
 631 00a9 08       		.byte	0x8
 632 00aa 2F030000 		.4byte	.LASF15
 633 00ae 02       		.uleb128 0x2
 634 00af 08       		.byte	0x8
 635 00b0 04       		.byte	0x4
 636 00b1 4B020000 		.4byte	.LASF16
 637 00b5 02       		.uleb128 0x2
 638 00b6 04       		.byte	0x4
 639 00b7 07       		.byte	0x7
 640 00b8 32000000 		.4byte	.LASF17
 641 00bc 06       		.uleb128 0x6
 642 00bd 16020000 		.4byte	.LASF71
 643 00c1 42       		.byte	0x42
 644 00c2 01       		.byte	0x1
 645 00c3 22       		.byte	0x22
 646 00c4 ED000000 		.4byte	0xed
 647 00c8 07       		.uleb128 0x7
 648 00c9 B6020000 		.4byte	.LASF18
 649 00cd 01       		.byte	0x1
 650 00ce 24       		.byte	0x24
 651 00cf 81000000 		.4byte	0x81
 652 00d3 00       		.byte	0
 653 00d4 07       		.uleb128 0x7
 654 00d5 22050000 		.4byte	.LASF19
 655 00d9 01       		.byte	0x1
 656 00da 25       		.byte	0x25
 657 00db 81000000 		.4byte	0x81
 658 00df 01       		.byte	0x1
ARM GAS  C:\Users\GEORGE~1\AppData\Local\Temp\cciGalBF.s 			page 16


 659 00e0 07       		.uleb128 0x7
 660 00e1 B4030000 		.4byte	.LASF20
 661 00e5 01       		.byte	0x1
 662 00e6 26       		.byte	0x26
 663 00e7 ED000000 		.4byte	0xed
 664 00eb 02       		.byte	0x2
 665 00ec 00       		.byte	0
 666 00ed 08       		.uleb128 0x8
 667 00ee 81000000 		.4byte	0x81
 668 00f2 FD000000 		.4byte	0xfd
 669 00f6 09       		.uleb128 0x9
 670 00f7 B5000000 		.4byte	0xb5
 671 00fb 3F       		.byte	0x3f
 672 00fc 00       		.byte	0
 673 00fd 0A       		.uleb128 0xa
 674 00fe 9F010000 		.4byte	.LASF21
 675 0102 01       		.byte	0x1
 676 0103 2B       		.byte	0x2b
 677 0104 00000000 		.4byte	.LFB63
 678 0108 4C000000 		.4byte	.LFE63-.LFB63
 679 010c 01       		.uleb128 0x1
 680 010d 9C       		.byte	0x9c
 681 010e 59010000 		.4byte	0x159
 682 0112 0B       		.uleb128 0xb
 683 0113 08000000 		.4byte	.LVL0
 684 0117 38040000 		.4byte	0x438
 685 011b 25010000 		.4byte	0x125
 686 011f 0C       		.uleb128 0xc
 687 0120 01       		.uleb128 0x1
 688 0121 50       		.byte	0x50
 689 0122 01       		.uleb128 0x1
 690 0123 31       		.byte	0x31
 691 0124 00       		.byte	0
 692 0125 0D       		.uleb128 0xd
 693 0126 14000000 		.4byte	.LVL1
 694 012a 43040000 		.4byte	0x443
 695 012e 0D       		.uleb128 0xd
 696 012f 24000000 		.4byte	.LVL2
 697 0133 4E040000 		.4byte	0x44e
 698 0137 0D       		.uleb128 0xd
 699 0138 2C000000 		.4byte	.LVL3
 700 013c 59040000 		.4byte	0x459
 701 0140 0D       		.uleb128 0xd
 702 0141 34000000 		.4byte	.LVL4
 703 0145 64040000 		.4byte	0x464
 704 0149 0E       		.uleb128 0xe
 705 014a 3E000000 		.4byte	.LVL5
 706 014e 38040000 		.4byte	0x438
 707 0152 0C       		.uleb128 0xc
 708 0153 01       		.uleb128 0x1
 709 0154 50       		.byte	0x50
 710 0155 01       		.uleb128 0x1
 711 0156 30       		.byte	0x30
 712 0157 00       		.byte	0
 713 0158 00       		.byte	0
 714 0159 0A       		.uleb128 0xa
 715 015a 99020000 		.4byte	.LASF22
ARM GAS  C:\Users\GEORGE~1\AppData\Local\Temp\cciGalBF.s 			page 17


 716 015e 01       		.byte	0x1
 717 015f 3A       		.byte	0x3a
 718 0160 00000000 		.4byte	.LFB64
 719 0164 54000000 		.4byte	.LFE64-.LFB64
 720 0168 01       		.uleb128 0x1
 721 0169 9C       		.byte	0x9c
 722 016a 94010000 		.4byte	0x194
 723 016e 0F       		.uleb128 0xf
 724 016f 6900     		.ascii	"i\000"
 725 0171 01       		.byte	0x1
 726 0172 3C       		.byte	0x3c
 727 0173 81000000 		.4byte	0x81
 728 0177 00000000 		.4byte	.LLST0
 729 017b 0D       		.uleb128 0xd
 730 017c 3E000000 		.4byte	.LVL11
 731 0180 64040000 		.4byte	0x464
 732 0184 0E       		.uleb128 0xe
 733 0185 44000000 		.4byte	.LVL12
 734 0189 38040000 		.4byte	0x438
 735 018d 0C       		.uleb128 0xc
 736 018e 01       		.uleb128 0x1
 737 018f 50       		.byte	0x50
 738 0190 01       		.uleb128 0x1
 739 0191 30       		.byte	0x30
 740 0192 00       		.byte	0
 741 0193 00       		.byte	0
 742 0194 0A       		.uleb128 0xa
 743 0195 34030000 		.4byte	.LASF23
 744 0199 01       		.byte	0x1
 745 019a 52       		.byte	0x52
 746 019b 00000000 		.4byte	.LFB65
 747 019f 64000000 		.4byte	.LFE65-.LFB65
 748 01a3 01       		.uleb128 0x1
 749 01a4 9C       		.byte	0x9c
 750 01a5 D8010000 		.4byte	0x1d8
 751 01a9 0B       		.uleb128 0xb
 752 01aa 08000000 		.4byte	.LVL13
 753 01ae 6F040000 		.4byte	0x46f
 754 01b2 BC010000 		.4byte	0x1bc
 755 01b6 0C       		.uleb128 0xc
 756 01b7 01       		.uleb128 0x1
 757 01b8 50       		.byte	0x50
 758 01b9 01       		.uleb128 0x1
 759 01ba 30       		.byte	0x30
 760 01bb 00       		.byte	0
 761 01bc 0D       		.uleb128 0xd
 762 01bd 1A000000 		.4byte	.LVL14
 763 01c1 7A040000 		.4byte	0x47a
 764 01c5 0D       		.uleb128 0xd
 765 01c6 2A000000 		.4byte	.LVL15
 766 01ca 7A040000 		.4byte	0x47a
 767 01ce 0D       		.uleb128 0xd
 768 01cf 52000000 		.4byte	.LVL16
 769 01d3 85040000 		.4byte	0x485
 770 01d7 00       		.byte	0
 771 01d8 10       		.uleb128 0x10
 772 01d9 A4000000 		.4byte	.LASF72
ARM GAS  C:\Users\GEORGE~1\AppData\Local\Temp\cciGalBF.s 			page 18


 773 01dd 01       		.byte	0x1
 774 01de 67       		.byte	0x67
 775 01df 68000000 		.4byte	0x68
 776 01e3 00000000 		.4byte	.LFB66
 777 01e7 44010000 		.4byte	.LFE66-.LFB66
 778 01eb 01       		.uleb128 0x1
 779 01ec 9C       		.byte	0x9c
 780 01ed 0A030000 		.4byte	0x30a
 781 01f1 0B       		.uleb128 0xb
 782 01f2 08000000 		.4byte	.LVL17
 783 01f6 90040000 		.4byte	0x490
 784 01fa 04020000 		.4byte	0x204
 785 01fe 0C       		.uleb128 0xc
 786 01ff 01       		.uleb128 0x1
 787 0200 50       		.byte	0x50
 788 0201 01       		.uleb128 0x1
 789 0202 30       		.byte	0x30
 790 0203 00       		.byte	0
 791 0204 0B       		.uleb128 0xb
 792 0205 0E000000 		.4byte	.LVL18
 793 0209 9B040000 		.4byte	0x49b
 794 020d 17020000 		.4byte	0x217
 795 0211 0C       		.uleb128 0xc
 796 0212 01       		.uleb128 0x1
 797 0213 50       		.byte	0x50
 798 0214 01       		.uleb128 0x1
 799 0215 30       		.byte	0x30
 800 0216 00       		.byte	0
 801 0217 0D       		.uleb128 0xd
 802 0218 12000000 		.4byte	.LVL19
 803 021c A6040000 		.4byte	0x4a6
 804 0220 0D       		.uleb128 0xd
 805 0221 16000000 		.4byte	.LVL20
 806 0225 B1040000 		.4byte	0x4b1
 807 0229 0D       		.uleb128 0xd
 808 022a 1A000000 		.4byte	.LVL21
 809 022e BC040000 		.4byte	0x4bc
 810 0232 0D       		.uleb128 0xd
 811 0233 1E000000 		.4byte	.LVL22
 812 0237 C7040000 		.4byte	0x4c7
 813 023b 0D       		.uleb128 0xd
 814 023c 22000000 		.4byte	.LVL23
 815 0240 D2040000 		.4byte	0x4d2
 816 0244 0B       		.uleb128 0xb
 817 0245 28000000 		.4byte	.LVL24
 818 0249 DD040000 		.4byte	0x4dd
 819 024d 5B020000 		.4byte	0x25b
 820 0251 0C       		.uleb128 0xc
 821 0252 01       		.uleb128 0x1
 822 0253 50       		.byte	0x50
 823 0254 05       		.uleb128 0x5
 824 0255 03       		.byte	0x3
 825 0256 00000000 		.4byte	TimerInterrupt
 826 025a 00       		.byte	0
 827 025b 0D       		.uleb128 0xd
 828 025c 2C000000 		.4byte	.LVL25
 829 0260 E8040000 		.4byte	0x4e8
ARM GAS  C:\Users\GEORGE~1\AppData\Local\Temp\cciGalBF.s 			page 19


 830 0264 0D       		.uleb128 0xd
 831 0265 30000000 		.4byte	.LVL26
 832 0269 F3040000 		.4byte	0x4f3
 833 026d 0D       		.uleb128 0xd
 834 026e 34000000 		.4byte	.LVL27
 835 0272 FE040000 		.4byte	0x4fe
 836 0276 0D       		.uleb128 0xd
 837 0277 38000000 		.4byte	.LVL28
 838 027b 09050000 		.4byte	0x509
 839 027f 0B       		.uleb128 0xb
 840 0280 3E000000 		.4byte	.LVL29
 841 0284 14050000 		.4byte	0x514
 842 0288 92020000 		.4byte	0x292
 843 028c 0C       		.uleb128 0xc
 844 028d 01       		.uleb128 0x1
 845 028e 50       		.byte	0x50
 846 028f 01       		.uleb128 0x1
 847 0290 31       		.byte	0x31
 848 0291 00       		.byte	0
 849 0292 0D       		.uleb128 0xd
 850 0293 42000000 		.4byte	.LVL30
 851 0297 1F050000 		.4byte	0x51f
 852 029b 0B       		.uleb128 0xb
 853 029c 48000000 		.4byte	.LVL31
 854 02a0 2A050000 		.4byte	0x52a
 855 02a4 B2020000 		.4byte	0x2b2
 856 02a8 0C       		.uleb128 0xc
 857 02a9 01       		.uleb128 0x1
 858 02aa 50       		.byte	0x50
 859 02ab 05       		.uleb128 0x5
 860 02ac 03       		.byte	0x3
 861 02ad 00000000 		.4byte	ByteReceived
 862 02b1 00       		.byte	0
 863 02b2 0D       		.uleb128 0xd
 864 02b3 4C000000 		.4byte	.LVL32
 865 02b7 35050000 		.4byte	0x535
 866 02bb 0D       		.uleb128 0xd
 867 02bc 50000000 		.4byte	.LVL33
 868 02c0 40050000 		.4byte	0x540
 869 02c4 0B       		.uleb128 0xb
 870 02c5 56000000 		.4byte	.LVL34
 871 02c9 4B050000 		.4byte	0x54b
 872 02cd DB020000 		.4byte	0x2db
 873 02d1 0C       		.uleb128 0xc
 874 02d2 01       		.uleb128 0x1
 875 02d3 50       		.byte	0x50
 876 02d4 05       		.uleb128 0x5
 877 02d5 03       		.byte	0x3
 878 02d6 00000000 		.4byte	CommandReceived
 879 02da 00       		.byte	0
 880 02db 0D       		.uleb128 0xd
 881 02dc 5A000000 		.4byte	.LVL35
 882 02e0 56050000 		.4byte	0x556
 883 02e4 0D       		.uleb128 0xd
 884 02e5 60000000 		.4byte	.LVL36
 885 02e9 61050000 		.4byte	0x561
 886 02ed 0D       		.uleb128 0xd
ARM GAS  C:\Users\GEORGE~1\AppData\Local\Temp\cciGalBF.s 			page 20


 887 02ee B8000000 		.4byte	.LVL37
 888 02f2 C7040000 		.4byte	0x4c7
 889 02f6 0E       		.uleb128 0xe
 890 02f7 20010000 		.4byte	.LVL38
 891 02fb 6C050000 		.4byte	0x56c
 892 02ff 0C       		.uleb128 0xc
 893 0300 01       		.uleb128 0x1
 894 0301 50       		.byte	0x50
 895 0302 05       		.uleb128 0x5
 896 0303 03       		.byte	0x3
 897 0304 00000000 		.4byte	TransmitBuffer
 898 0308 00       		.byte	0
 899 0309 00       		.byte	0
 900 030a 11       		.uleb128 0x11
 901 030b 87040000 		.4byte	.LASF24
 902 030f 05       		.byte	0x5
 903 0310 1207     		.2byte	0x712
 904 0312 16030000 		.4byte	0x316
 905 0316 12       		.uleb128 0x12
 906 0317 76000000 		.4byte	0x76
 907 031b 13       		.uleb128 0x13
 908 031c 6900     		.ascii	"i\000"
 909 031e 01       		.byte	0x1
 910 031f 0E       		.byte	0xe
 911 0320 81000000 		.4byte	0x81
 912 0324 05       		.uleb128 0x5
 913 0325 03       		.byte	0x3
 914 0326 00000000 		.4byte	i
 915 032a 14       		.uleb128 0x14
 916 032b CE010000 		.4byte	.LASF25
 917 032f 01       		.byte	0x1
 918 0330 10       		.byte	0x10
 919 0331 81000000 		.4byte	0x81
 920 0335 05       		.uleb128 0x5
 921 0336 03       		.byte	0x3
 922 0337 00000000 		.4byte	ByteCount
 923 033b 14       		.uleb128 0x14
 924 033c 5F040000 		.4byte	.LASF26
 925 0340 01       		.byte	0x1
 926 0341 12       		.byte	0x12
 927 0342 81000000 		.4byte	0x81
 928 0346 05       		.uleb128 0x5
 929 0347 03       		.byte	0x3
 930 0348 00000000 		.4byte	firstbyte
 931 034c 14       		.uleb128 0x14
 932 034d DF030000 		.4byte	.LASF27
 933 0351 01       		.byte	0x1
 934 0352 13       		.byte	0x13
 935 0353 81000000 		.4byte	0x81
 936 0357 05       		.uleb128 0x5
 937 0358 03       		.byte	0x3
 938 0359 00000000 		.4byte	CommandReady
 939 035d 14       		.uleb128 0x14
 940 035e DE020000 		.4byte	.LASF28
 941 0362 01       		.byte	0x1
 942 0363 14       		.byte	0x14
 943 0364 81000000 		.4byte	0x81
ARM GAS  C:\Users\GEORGE~1\AppData\Local\Temp\cciGalBF.s 			page 21


 944 0368 05       		.uleb128 0x5
 945 0369 03       		.byte	0x3
 946 036a 00000000 		.4byte	Count
 947 036e 14       		.uleb128 0x14
 948 036f 47040000 		.4byte	.LASF29
 949 0373 01       		.byte	0x1
 950 0374 15       		.byte	0x15
 951 0375 81000000 		.4byte	0x81
 952 0379 05       		.uleb128 0x5
 953 037a 03       		.byte	0x3
 954 037b 00000000 		.4byte	Status
 955 037f 08       		.uleb128 0x8
 956 0380 81000000 		.4byte	0x81
 957 0384 8F030000 		.4byte	0x38f
 958 0388 09       		.uleb128 0x9
 959 0389 B5000000 		.4byte	0xb5
 960 038d 41       		.byte	0x41
 961 038e 00       		.byte	0
 962 038f 14       		.uleb128 0x14
 963 0390 20030000 		.4byte	.LASF30
 964 0394 01       		.byte	0x1
 965 0395 17       		.byte	0x17
 966 0396 7F030000 		.4byte	0x37f
 967 039a 05       		.uleb128 0x5
 968 039b 03       		.byte	0x3
 969 039c 00000000 		.4byte	ReceivedBuffer
 970 03a0 14       		.uleb128 0x14
 971 03a1 A9000000 		.4byte	.LASF31
 972 03a5 01       		.byte	0x1
 973 03a6 18       		.byte	0x18
 974 03a7 7F030000 		.4byte	0x37f
 975 03ab 05       		.uleb128 0x5
 976 03ac 03       		.byte	0x3
 977 03ad 00000000 		.4byte	TransmitBuffer
 978 03b1 08       		.uleb128 0x8
 979 03b2 8D000000 		.4byte	0x8d
 980 03b6 C1030000 		.4byte	0x3c1
 981 03ba 09       		.uleb128 0x9
 982 03bb B5000000 		.4byte	0xb5
 983 03bf 1F       		.byte	0x1f
 984 03c0 00       		.byte	0
 985 03c1 14       		.uleb128 0x14
 986 03c2 27020000 		.4byte	.LASF32
 987 03c6 01       		.byte	0x1
 988 03c7 1B       		.byte	0x1b
 989 03c8 B1030000 		.4byte	0x3b1
 990 03cc 05       		.uleb128 0x5
 991 03cd 03       		.byte	0x3
 992 03ce 00000000 		.4byte	PingOutput
 993 03d2 14       		.uleb128 0x14
 994 03d3 AC010000 		.4byte	.LASF33
 995 03d7 01       		.byte	0x1
 996 03d8 1C       		.byte	0x1c
 997 03d9 B1030000 		.4byte	0x3b1
 998 03dd 05       		.uleb128 0x5
 999 03de 03       		.byte	0x3
 1000 03df 00000000 		.4byte	PongOutput
ARM GAS  C:\Users\GEORGE~1\AppData\Local\Temp\cciGalBF.s 			page 22


 1001 03e3 14       		.uleb128 0x14
 1002 03e4 9A010000 		.4byte	.LASF34
 1003 03e8 01       		.byte	0x1
 1004 03e9 1E       		.byte	0x1e
 1005 03ea 81000000 		.4byte	0x81
 1006 03ee 05       		.uleb128 0x5
 1007 03ef 03       		.byte	0x3
 1008 03f0 00000000 		.4byte	ping
 1009 03f4 14       		.uleb128 0x14
 1010 03f5 D4020000 		.4byte	.LASF35
 1011 03f9 01       		.byte	0x1
 1012 03fa 1F       		.byte	0x1f
 1013 03fb 81000000 		.4byte	0x81
 1014 03ff 05       		.uleb128 0x5
 1015 0400 03       		.byte	0x3
 1016 0401 00000000 		.4byte	datacount
 1017 0405 14       		.uleb128 0x14
 1018 0406 7D040000 		.4byte	.LASF36
 1019 040a 01       		.byte	0x1
 1020 040b 20       		.byte	0x20
 1021 040c 81000000 		.4byte	0x81
 1022 0410 05       		.uleb128 0x5
 1023 0411 03       		.byte	0x3
 1024 0412 00000000 		.4byte	dataready
 1025 0416 14       		.uleb128 0x14
 1026 0417 11030000 		.4byte	.LASF37
 1027 041b 01       		.byte	0x1
 1028 041c 27       		.byte	0x27
 1029 041d BC000000 		.4byte	0xbc
 1030 0421 05       		.uleb128 0x5
 1031 0422 03       		.byte	0x3
 1032 0423 00000000 		.4byte	Command_Packet
 1033 0427 14       		.uleb128 0x14
 1034 0428 4C010000 		.4byte	.LASF38
 1035 042c 01       		.byte	0x1
 1036 042d 29       		.byte	0x29
 1037 042e BC000000 		.4byte	0xbc
 1038 0432 05       		.uleb128 0x5
 1039 0433 03       		.byte	0x3
 1040 0434 00000000 		.4byte	Transmit_Packet
 1041 0438 15       		.uleb128 0x15
 1042 0439 03010000 		.4byte	.LASF39
 1043 043d 03010000 		.4byte	.LASF39
 1044 0441 06       		.byte	0x6
 1045 0442 2F       		.byte	0x2f
 1046 0443 15       		.uleb128 0x15
 1047 0444 12010000 		.4byte	.LASF40
 1048 0448 12010000 		.4byte	.LASF40
 1049 044c 07       		.byte	0x7
 1050 044d 72       		.byte	0x72
 1051 044e 15       		.uleb128 0x15
 1052 044f 32020000 		.4byte	.LASF41
 1053 0453 32020000 		.4byte	.LASF41
 1054 0457 08       		.byte	0x8
 1055 0458 63       		.byte	0x63
 1056 0459 15       		.uleb128 0x15
 1057 045a 8E030000 		.4byte	.LASF42
ARM GAS  C:\Users\GEORGE~1\AppData\Local\Temp\cciGalBF.s 			page 23


 1058 045e 8E030000 		.4byte	.LASF42
 1059 0462 08       		.byte	0x8
 1060 0463 5D       		.byte	0x5d
 1061 0464 15       		.uleb128 0x15
 1062 0465 2D010000 		.4byte	.LASF43
 1063 0469 2D010000 		.4byte	.LASF43
 1064 046d 08       		.byte	0x8
 1065 046e 52       		.byte	0x52
 1066 046f 15       		.uleb128 0x15
 1067 0470 FC030000 		.4byte	.LASF44
 1068 0474 FC030000 		.4byte	.LASF44
 1069 0478 09       		.byte	0x9
 1070 0479 3F       		.byte	0x3f
 1071 047a 15       		.uleb128 0x15
 1072 047b 6F010000 		.4byte	.LASF45
 1073 047f 6F010000 		.4byte	.LASF45
 1074 0483 09       		.byte	0x9
 1075 0484 41       		.byte	0x41
 1076 0485 15       		.uleb128 0x15
 1077 0486 CE000000 		.4byte	.LASF46
 1078 048a CE000000 		.4byte	.LASF46
 1079 048e 0A       		.byte	0xa
 1080 048f 5E       		.byte	0x5e
 1081 0490 15       		.uleb128 0x15
 1082 0491 EC030000 		.4byte	.LASF47
 1083 0495 EC030000 		.4byte	.LASF47
 1084 0499 0B       		.byte	0xb
 1085 049a 2F       		.byte	0x2f
 1086 049b 15       		.uleb128 0x15
 1087 049c 2A050000 		.4byte	.LASF48
 1088 04a0 2A050000 		.4byte	.LASF48
 1089 04a4 0C       		.byte	0xc
 1090 04a5 2F       		.byte	0x2f
 1091 04a6 15       		.uleb128 0x15
 1092 04a7 F0000000 		.4byte	.LASF49
 1093 04ab F0000000 		.4byte	.LASF49
 1094 04af 07       		.byte	0x7
 1095 04b0 54       		.byte	0x54
 1096 04b1 15       		.uleb128 0x15
 1097 04b2 4E040000 		.4byte	.LASF50
 1098 04b6 4E040000 		.4byte	.LASF50
 1099 04ba 0D       		.byte	0xd
 1100 04bb 67       		.byte	0x67
 1101 04bc 15       		.uleb128 0x15
 1102 04bd FE020000 		.4byte	.LASF51
 1103 04c1 FE020000 		.4byte	.LASF51
 1104 04c5 09       		.byte	0x9
 1105 04c6 3A       		.byte	0x3a
 1106 04c7 15       		.uleb128 0x15
 1107 04c8 A6030000 		.4byte	.LASF52
 1108 04cc A6030000 		.4byte	.LASF52
 1109 04d0 0A       		.byte	0xa
 1110 04d1 5A       		.byte	0x5a
 1111 04d2 15       		.uleb128 0x15
 1112 04d3 01020000 		.4byte	.LASF53
 1113 04d7 01020000 		.4byte	.LASF53
 1114 04db 0E       		.byte	0xe
ARM GAS  C:\Users\GEORGE~1\AppData\Local\Temp\cciGalBF.s 			page 24


 1115 04dc 17       		.byte	0x17
 1116 04dd 15       		.uleb128 0x15
 1117 04de D8010000 		.4byte	.LASF54
 1118 04e2 D8010000 		.4byte	.LASF54
 1119 04e6 0E       		.byte	0xe
 1120 04e7 18       		.byte	0x18
 1121 04e8 15       		.uleb128 0x15
 1122 04e9 19040000 		.4byte	.LASF55
 1123 04ed 19040000 		.4byte	.LASF55
 1124 04f1 0A       		.byte	0xa
 1125 04f2 5B       		.byte	0x5b
 1126 04f3 15       		.uleb128 0x15
 1127 04f4 4B030000 		.4byte	.LASF56
 1128 04f8 4B030000 		.4byte	.LASF56
 1129 04fc 0F       		.byte	0xf
 1130 04fd 23       		.byte	0x23
 1131 04fe 15       		.uleb128 0x15
 1132 04ff EF010000 		.4byte	.LASF57
 1133 0503 EF010000 		.4byte	.LASF57
 1134 0507 08       		.byte	0x8
 1135 0508 4F       		.byte	0x4f
 1136 0509 15       		.uleb128 0x15
 1137 050a 15000000 		.4byte	.LASF58
 1138 050e 15000000 		.4byte	.LASF58
 1139 0512 08       		.byte	0x8
 1140 0513 71       		.byte	0x71
 1141 0514 15       		.uleb128 0x15
 1142 0515 65020000 		.4byte	.LASF59
 1143 0519 65020000 		.4byte	.LASF59
 1144 051d 08       		.byte	0x8
 1145 051e 51       		.byte	0x51
 1146 051f 15       		.uleb128 0x15
 1147 0520 5C010000 		.4byte	.LASF60
 1148 0524 5C010000 		.4byte	.LASF60
 1149 0528 10       		.byte	0x10
 1150 0529 17       		.byte	0x17
 1151 052a 15       		.uleb128 0x15
 1152 052b 00000000 		.4byte	.LASF61
 1153 052f 00000000 		.4byte	.LASF61
 1154 0533 10       		.byte	0x10
 1155 0534 18       		.byte	0x18
 1156 0535 15       		.uleb128 0x15
 1157 0536 69040000 		.4byte	.LASF62
 1158 053a 69040000 		.4byte	.LASF62
 1159 053e 10       		.byte	0x10
 1160 053f 23       		.byte	0x23
 1161 0540 15       		.uleb128 0x15
 1162 0541 B8000000 		.4byte	.LASF63
 1163 0545 B8000000 		.4byte	.LASF63
 1164 0549 11       		.byte	0x11
 1165 054a 17       		.byte	0x17
 1166 054b 15       		.uleb128 0x15
 1167 054c 76030000 		.4byte	.LASF64
 1168 0550 76030000 		.4byte	.LASF64
 1169 0554 11       		.byte	0x11
 1170 0555 18       		.byte	0x18
 1171 0556 15       		.uleb128 0x15
ARM GAS  C:\Users\GEORGE~1\AppData\Local\Temp\cciGalBF.s 			page 25


 1172 0557 30040000 		.4byte	.LASF65
 1173 055b 30040000 		.4byte	.LASF65
 1174 055f 11       		.byte	0x11
 1175 0560 23       		.byte	0x23
 1176 0561 15       		.uleb128 0x15
 1177 0562 E4020000 		.4byte	.LASF66
 1178 0566 E4020000 		.4byte	.LASF66
 1179 056a 09       		.byte	0x9
 1180 056b 3D       		.byte	0x3d
 1181 056c 15       		.uleb128 0x15
 1182 056d C2030000 		.4byte	.LASF67
 1183 0571 C2030000 		.4byte	.LASF67
 1184 0575 07       		.byte	0x7
 1185 0576 8C       		.byte	0x8c
 1186 0577 00       		.byte	0
 1187              		.section	.debug_abbrev,"",%progbits
 1188              	.Ldebug_abbrev0:
 1189 0000 01       		.uleb128 0x1
 1190 0001 11       		.uleb128 0x11
 1191 0002 01       		.byte	0x1
 1192 0003 25       		.uleb128 0x25
 1193 0004 0E       		.uleb128 0xe
 1194 0005 13       		.uleb128 0x13
 1195 0006 0B       		.uleb128 0xb
 1196 0007 03       		.uleb128 0x3
 1197 0008 0E       		.uleb128 0xe
 1198 0009 1B       		.uleb128 0x1b
 1199 000a 0E       		.uleb128 0xe
 1200 000b 55       		.uleb128 0x55
 1201 000c 17       		.uleb128 0x17
 1202 000d 11       		.uleb128 0x11
 1203 000e 01       		.uleb128 0x1
 1204 000f 10       		.uleb128 0x10
 1205 0010 17       		.uleb128 0x17
 1206 0011 00       		.byte	0
 1207 0012 00       		.byte	0
 1208 0013 02       		.uleb128 0x2
 1209 0014 24       		.uleb128 0x24
 1210 0015 00       		.byte	0
 1211 0016 0B       		.uleb128 0xb
 1212 0017 0B       		.uleb128 0xb
 1213 0018 3E       		.uleb128 0x3e
 1214 0019 0B       		.uleb128 0xb
 1215 001a 03       		.uleb128 0x3
 1216 001b 0E       		.uleb128 0xe
 1217 001c 00       		.byte	0
 1218 001d 00       		.byte	0
 1219 001e 03       		.uleb128 0x3
 1220 001f 16       		.uleb128 0x16
 1221 0020 00       		.byte	0
 1222 0021 03       		.uleb128 0x3
 1223 0022 0E       		.uleb128 0xe
 1224 0023 3A       		.uleb128 0x3a
 1225 0024 0B       		.uleb128 0xb
 1226 0025 3B       		.uleb128 0x3b
 1227 0026 0B       		.uleb128 0xb
 1228 0027 49       		.uleb128 0x49
ARM GAS  C:\Users\GEORGE~1\AppData\Local\Temp\cciGalBF.s 			page 26


 1229 0028 13       		.uleb128 0x13
 1230 0029 00       		.byte	0
 1231 002a 00       		.byte	0
 1232 002b 04       		.uleb128 0x4
 1233 002c 24       		.uleb128 0x24
 1234 002d 00       		.byte	0
 1235 002e 0B       		.uleb128 0xb
 1236 002f 0B       		.uleb128 0xb
 1237 0030 3E       		.uleb128 0x3e
 1238 0031 0B       		.uleb128 0xb
 1239 0032 03       		.uleb128 0x3
 1240 0033 08       		.uleb128 0x8
 1241 0034 00       		.byte	0
 1242 0035 00       		.byte	0
 1243 0036 05       		.uleb128 0x5
 1244 0037 16       		.uleb128 0x16
 1245 0038 00       		.byte	0
 1246 0039 03       		.uleb128 0x3
 1247 003a 0E       		.uleb128 0xe
 1248 003b 3A       		.uleb128 0x3a
 1249 003c 0B       		.uleb128 0xb
 1250 003d 3B       		.uleb128 0x3b
 1251 003e 05       		.uleb128 0x5
 1252 003f 49       		.uleb128 0x49
 1253 0040 13       		.uleb128 0x13
 1254 0041 00       		.byte	0
 1255 0042 00       		.byte	0
 1256 0043 06       		.uleb128 0x6
 1257 0044 13       		.uleb128 0x13
 1258 0045 01       		.byte	0x1
 1259 0046 03       		.uleb128 0x3
 1260 0047 0E       		.uleb128 0xe
 1261 0048 0B       		.uleb128 0xb
 1262 0049 0B       		.uleb128 0xb
 1263 004a 3A       		.uleb128 0x3a
 1264 004b 0B       		.uleb128 0xb
 1265 004c 3B       		.uleb128 0x3b
 1266 004d 0B       		.uleb128 0xb
 1267 004e 01       		.uleb128 0x1
 1268 004f 13       		.uleb128 0x13
 1269 0050 00       		.byte	0
 1270 0051 00       		.byte	0
 1271 0052 07       		.uleb128 0x7
 1272 0053 0D       		.uleb128 0xd
 1273 0054 00       		.byte	0
 1274 0055 03       		.uleb128 0x3
 1275 0056 0E       		.uleb128 0xe
 1276 0057 3A       		.uleb128 0x3a
 1277 0058 0B       		.uleb128 0xb
 1278 0059 3B       		.uleb128 0x3b
 1279 005a 0B       		.uleb128 0xb
 1280 005b 49       		.uleb128 0x49
 1281 005c 13       		.uleb128 0x13
 1282 005d 38       		.uleb128 0x38
 1283 005e 0B       		.uleb128 0xb
 1284 005f 00       		.byte	0
 1285 0060 00       		.byte	0
ARM GAS  C:\Users\GEORGE~1\AppData\Local\Temp\cciGalBF.s 			page 27


 1286 0061 08       		.uleb128 0x8
 1287 0062 01       		.uleb128 0x1
 1288 0063 01       		.byte	0x1
 1289 0064 49       		.uleb128 0x49
 1290 0065 13       		.uleb128 0x13
 1291 0066 01       		.uleb128 0x1
 1292 0067 13       		.uleb128 0x13
 1293 0068 00       		.byte	0
 1294 0069 00       		.byte	0
 1295 006a 09       		.uleb128 0x9
 1296 006b 21       		.uleb128 0x21
 1297 006c 00       		.byte	0
 1298 006d 49       		.uleb128 0x49
 1299 006e 13       		.uleb128 0x13
 1300 006f 2F       		.uleb128 0x2f
 1301 0070 0B       		.uleb128 0xb
 1302 0071 00       		.byte	0
 1303 0072 00       		.byte	0
 1304 0073 0A       		.uleb128 0xa
 1305 0074 2E       		.uleb128 0x2e
 1306 0075 01       		.byte	0x1
 1307 0076 3F       		.uleb128 0x3f
 1308 0077 19       		.uleb128 0x19
 1309 0078 03       		.uleb128 0x3
 1310 0079 0E       		.uleb128 0xe
 1311 007a 3A       		.uleb128 0x3a
 1312 007b 0B       		.uleb128 0xb
 1313 007c 3B       		.uleb128 0x3b
 1314 007d 0B       		.uleb128 0xb
 1315 007e 27       		.uleb128 0x27
 1316 007f 19       		.uleb128 0x19
 1317 0080 11       		.uleb128 0x11
 1318 0081 01       		.uleb128 0x1
 1319 0082 12       		.uleb128 0x12
 1320 0083 06       		.uleb128 0x6
 1321 0084 40       		.uleb128 0x40
 1322 0085 18       		.uleb128 0x18
 1323 0086 9742     		.uleb128 0x2117
 1324 0088 19       		.uleb128 0x19
 1325 0089 01       		.uleb128 0x1
 1326 008a 13       		.uleb128 0x13
 1327 008b 00       		.byte	0
 1328 008c 00       		.byte	0
 1329 008d 0B       		.uleb128 0xb
 1330 008e 898201   		.uleb128 0x4109
 1331 0091 01       		.byte	0x1
 1332 0092 11       		.uleb128 0x11
 1333 0093 01       		.uleb128 0x1
 1334 0094 31       		.uleb128 0x31
 1335 0095 13       		.uleb128 0x13
 1336 0096 01       		.uleb128 0x1
 1337 0097 13       		.uleb128 0x13
 1338 0098 00       		.byte	0
 1339 0099 00       		.byte	0
 1340 009a 0C       		.uleb128 0xc
 1341 009b 8A8201   		.uleb128 0x410a
 1342 009e 00       		.byte	0
ARM GAS  C:\Users\GEORGE~1\AppData\Local\Temp\cciGalBF.s 			page 28


 1343 009f 02       		.uleb128 0x2
 1344 00a0 18       		.uleb128 0x18
 1345 00a1 9142     		.uleb128 0x2111
 1346 00a3 18       		.uleb128 0x18
 1347 00a4 00       		.byte	0
 1348 00a5 00       		.byte	0
 1349 00a6 0D       		.uleb128 0xd
 1350 00a7 898201   		.uleb128 0x4109
 1351 00aa 00       		.byte	0
 1352 00ab 11       		.uleb128 0x11
 1353 00ac 01       		.uleb128 0x1
 1354 00ad 31       		.uleb128 0x31
 1355 00ae 13       		.uleb128 0x13
 1356 00af 00       		.byte	0
 1357 00b0 00       		.byte	0
 1358 00b1 0E       		.uleb128 0xe
 1359 00b2 898201   		.uleb128 0x4109
 1360 00b5 01       		.byte	0x1
 1361 00b6 11       		.uleb128 0x11
 1362 00b7 01       		.uleb128 0x1
 1363 00b8 31       		.uleb128 0x31
 1364 00b9 13       		.uleb128 0x13
 1365 00ba 00       		.byte	0
 1366 00bb 00       		.byte	0
 1367 00bc 0F       		.uleb128 0xf
 1368 00bd 34       		.uleb128 0x34
 1369 00be 00       		.byte	0
 1370 00bf 03       		.uleb128 0x3
 1371 00c0 08       		.uleb128 0x8
 1372 00c1 3A       		.uleb128 0x3a
 1373 00c2 0B       		.uleb128 0xb
 1374 00c3 3B       		.uleb128 0x3b
 1375 00c4 0B       		.uleb128 0xb
 1376 00c5 49       		.uleb128 0x49
 1377 00c6 13       		.uleb128 0x13
 1378 00c7 02       		.uleb128 0x2
 1379 00c8 17       		.uleb128 0x17
 1380 00c9 00       		.byte	0
 1381 00ca 00       		.byte	0
 1382 00cb 10       		.uleb128 0x10
 1383 00cc 2E       		.uleb128 0x2e
 1384 00cd 01       		.byte	0x1
 1385 00ce 3F       		.uleb128 0x3f
 1386 00cf 19       		.uleb128 0x19
 1387 00d0 03       		.uleb128 0x3
 1388 00d1 0E       		.uleb128 0xe
 1389 00d2 3A       		.uleb128 0x3a
 1390 00d3 0B       		.uleb128 0xb
 1391 00d4 3B       		.uleb128 0x3b
 1392 00d5 0B       		.uleb128 0xb
 1393 00d6 27       		.uleb128 0x27
 1394 00d7 19       		.uleb128 0x19
 1395 00d8 49       		.uleb128 0x49
 1396 00d9 13       		.uleb128 0x13
 1397 00da 8701     		.uleb128 0x87
 1398 00dc 19       		.uleb128 0x19
 1399 00dd 11       		.uleb128 0x11
ARM GAS  C:\Users\GEORGE~1\AppData\Local\Temp\cciGalBF.s 			page 29


 1400 00de 01       		.uleb128 0x1
 1401 00df 12       		.uleb128 0x12
 1402 00e0 06       		.uleb128 0x6
 1403 00e1 40       		.uleb128 0x40
 1404 00e2 18       		.uleb128 0x18
 1405 00e3 9742     		.uleb128 0x2117
 1406 00e5 19       		.uleb128 0x19
 1407 00e6 01       		.uleb128 0x1
 1408 00e7 13       		.uleb128 0x13
 1409 00e8 00       		.byte	0
 1410 00e9 00       		.byte	0
 1411 00ea 11       		.uleb128 0x11
 1412 00eb 34       		.uleb128 0x34
 1413 00ec 00       		.byte	0
 1414 00ed 03       		.uleb128 0x3
 1415 00ee 0E       		.uleb128 0xe
 1416 00ef 3A       		.uleb128 0x3a
 1417 00f0 0B       		.uleb128 0xb
 1418 00f1 3B       		.uleb128 0x3b
 1419 00f2 05       		.uleb128 0x5
 1420 00f3 49       		.uleb128 0x49
 1421 00f4 13       		.uleb128 0x13
 1422 00f5 3F       		.uleb128 0x3f
 1423 00f6 19       		.uleb128 0x19
 1424 00f7 3C       		.uleb128 0x3c
 1425 00f8 19       		.uleb128 0x19
 1426 00f9 00       		.byte	0
 1427 00fa 00       		.byte	0
 1428 00fb 12       		.uleb128 0x12
 1429 00fc 35       		.uleb128 0x35
 1430 00fd 00       		.byte	0
 1431 00fe 49       		.uleb128 0x49
 1432 00ff 13       		.uleb128 0x13
 1433 0100 00       		.byte	0
 1434 0101 00       		.byte	0
 1435 0102 13       		.uleb128 0x13
 1436 0103 34       		.uleb128 0x34
 1437 0104 00       		.byte	0
 1438 0105 03       		.uleb128 0x3
 1439 0106 08       		.uleb128 0x8
 1440 0107 3A       		.uleb128 0x3a
 1441 0108 0B       		.uleb128 0xb
 1442 0109 3B       		.uleb128 0x3b
 1443 010a 0B       		.uleb128 0xb
 1444 010b 49       		.uleb128 0x49
 1445 010c 13       		.uleb128 0x13
 1446 010d 3F       		.uleb128 0x3f
 1447 010e 19       		.uleb128 0x19
 1448 010f 02       		.uleb128 0x2
 1449 0110 18       		.uleb128 0x18
 1450 0111 00       		.byte	0
 1451 0112 00       		.byte	0
 1452 0113 14       		.uleb128 0x14
 1453 0114 34       		.uleb128 0x34
 1454 0115 00       		.byte	0
 1455 0116 03       		.uleb128 0x3
 1456 0117 0E       		.uleb128 0xe
ARM GAS  C:\Users\GEORGE~1\AppData\Local\Temp\cciGalBF.s 			page 30


 1457 0118 3A       		.uleb128 0x3a
 1458 0119 0B       		.uleb128 0xb
 1459 011a 3B       		.uleb128 0x3b
 1460 011b 0B       		.uleb128 0xb
 1461 011c 49       		.uleb128 0x49
 1462 011d 13       		.uleb128 0x13
 1463 011e 3F       		.uleb128 0x3f
 1464 011f 19       		.uleb128 0x19
 1465 0120 02       		.uleb128 0x2
 1466 0121 18       		.uleb128 0x18
 1467 0122 00       		.byte	0
 1468 0123 00       		.byte	0
 1469 0124 15       		.uleb128 0x15
 1470 0125 2E       		.uleb128 0x2e
 1471 0126 00       		.byte	0
 1472 0127 3F       		.uleb128 0x3f
 1473 0128 19       		.uleb128 0x19
 1474 0129 3C       		.uleb128 0x3c
 1475 012a 19       		.uleb128 0x19
 1476 012b 6E       		.uleb128 0x6e
 1477 012c 0E       		.uleb128 0xe
 1478 012d 03       		.uleb128 0x3
 1479 012e 0E       		.uleb128 0xe
 1480 012f 3A       		.uleb128 0x3a
 1481 0130 0B       		.uleb128 0xb
 1482 0131 3B       		.uleb128 0x3b
 1483 0132 0B       		.uleb128 0xb
 1484 0133 00       		.byte	0
 1485 0134 00       		.byte	0
 1486 0135 00       		.byte	0
 1487              		.section	.debug_loc,"",%progbits
 1488              	.Ldebug_loc0:
 1489              	.LLST0:
 1490 0000 14000000 		.4byte	.LVL6
 1491 0004 18000000 		.4byte	.LVL7
 1492 0008 0200     		.2byte	0x2
 1493 000a 30       		.byte	0x30
 1494 000b 9F       		.byte	0x9f
 1495 000c 18000000 		.4byte	.LVL7
 1496 0010 26000000 		.4byte	.LVL8
 1497 0014 0100     		.2byte	0x1
 1498 0016 53       		.byte	0x53
 1499 0017 28000000 		.4byte	.LVL9
 1500 001b 30000000 		.4byte	.LVL10
 1501 001f 0100     		.2byte	0x1
 1502 0021 53       		.byte	0x53
 1503 0022 00000000 		.4byte	0
 1504 0026 00000000 		.4byte	0
 1505              		.section	.debug_aranges,"",%progbits
 1506 0000 34000000 		.4byte	0x34
 1507 0004 0200     		.2byte	0x2
 1508 0006 00000000 		.4byte	.Ldebug_info0
 1509 000a 04       		.byte	0x4
 1510 000b 00       		.byte	0
 1511 000c 0000     		.2byte	0
 1512 000e 0000     		.2byte	0
 1513 0010 00000000 		.4byte	.LFB63
ARM GAS  C:\Users\GEORGE~1\AppData\Local\Temp\cciGalBF.s 			page 31


 1514 0014 4C000000 		.4byte	.LFE63-.LFB63
 1515 0018 00000000 		.4byte	.LFB64
 1516 001c 54000000 		.4byte	.LFE64-.LFB64
 1517 0020 00000000 		.4byte	.LFB65
 1518 0024 64000000 		.4byte	.LFE65-.LFB65
 1519 0028 00000000 		.4byte	.LFB66
 1520 002c 44010000 		.4byte	.LFE66-.LFB66
 1521 0030 00000000 		.4byte	0
 1522 0034 00000000 		.4byte	0
 1523              		.section	.debug_ranges,"",%progbits
 1524              	.Ldebug_ranges0:
 1525 0000 00000000 		.4byte	.LFB63
 1526 0004 4C000000 		.4byte	.LFE63
 1527 0008 00000000 		.4byte	.LFB64
 1528 000c 54000000 		.4byte	.LFE64
 1529 0010 00000000 		.4byte	.LFB65
 1530 0014 64000000 		.4byte	.LFE65
 1531 0018 00000000 		.4byte	.LFB66
 1532 001c 44010000 		.4byte	.LFE66
 1533 0020 00000000 		.4byte	0
 1534 0024 00000000 		.4byte	0
 1535              		.section	.debug_line,"",%progbits
 1536              	.Ldebug_line0:
 1537 0000 FA020000 		.section	.debug_str,"MS",%progbits,1
 1537      02002002 
 1537      00000201 
 1537      FB0E0D00 
 1537      01010101 
 1538              	.LASF61:
 1539 0000 42797465 		.ascii	"ByteReceived_StartEx\000"
 1539      52656365 
 1539      69766564 
 1539      5F537461 
 1539      72744578 
 1540              	.LASF58:
 1541 0015 42797465 		.ascii	"ByteCounter_Enable\000"
 1541      436F756E 
 1541      7465725F 
 1541      456E6162 
 1541      6C6500
 1542              	.LASF2:
 1543 0028 73686F72 		.ascii	"short int\000"
 1543      7420696E 
 1543      7400
 1544              	.LASF17:
 1545 0032 73697A65 		.ascii	"sizetype\000"
 1545      74797065 
 1545      00
 1546              	.LASF70:
 1547 003b 433A5C55 		.ascii	"C:\\Users\\George Anwar\\Documents\\UC Berkeley\\ME"
 1547      73657273 
 1547      5C47656F 
 1547      72676520 
 1547      416E7761 
 1548 0069 31333520 		.ascii	"135 Spring 2020\\PSOC Creator\\ME135_235\\EmulatedS"
 1548      53707269 
 1548      6E672032 
ARM GAS  C:\Users\GEORGE~1\AppData\Local\Temp\cciGalBF.s 			page 32


 1548      3032305C 
 1548      50534F43 
 1549 0099 636F7065 		.ascii	"cope.cydsn\000"
 1549      2E637964 
 1549      736E00
 1550              	.LASF72:
 1551 00a4 6D61696E 		.ascii	"main\000"
 1551      00
 1552              	.LASF31:
 1553 00a9 5472616E 		.ascii	"TransmitBuffer\000"
 1553      736D6974 
 1553      42756666 
 1553      657200
 1554              	.LASF63:
 1555 00b8 436F6D6D 		.ascii	"CommandReceived_Start\000"
 1555      616E6452 
 1555      65636569 
 1555      7665645F 
 1555      53746172 
 1556              	.LASF46:
 1557 00ce 54696D65 		.ascii	"Timer_1_ReadStatusRegister\000"
 1557      725F315F 
 1557      52656164 
 1557      53746174 
 1557      75735265 
 1558              	.LASF12:
 1559 00e9 75696E74 		.ascii	"uint16\000"
 1559      313600
 1560              	.LASF49:
 1561 00f0 4C616256 		.ascii	"LabVIEW_UART_Start\000"
 1561      4945575F 
 1561      55415254 
 1561      5F537461 
 1561      727400
 1562              	.LASF39:
 1563 0103 4C454444 		.ascii	"LEDDrive_Write\000"
 1563      72697665 
 1563      5F577269 
 1563      746500
 1564              	.LASF40:
 1565 0112 4C616256 		.ascii	"LabVIEW_UART_GetByte\000"
 1565      4945575F 
 1565      55415254 
 1565      5F476574 
 1565      42797465 
 1566              	.LASF11:
 1567 0127 75696E74 		.ascii	"uint8\000"
 1567      3800
 1568              	.LASF43:
 1569 012d 42797465 		.ascii	"ByteCounter_ReadStatusRegister\000"
 1569      436F756E 
 1569      7465725F 
 1569      52656164 
 1569      53746174 
 1570              	.LASF38:
 1571 014c 5472616E 		.ascii	"Transmit_Packet\000"
 1571      736D6974 
ARM GAS  C:\Users\GEORGE~1\AppData\Local\Temp\cciGalBF.s 			page 33


 1571      5F506163 
 1571      6B657400 
 1572              	.LASF60:
 1573 015c 42797465 		.ascii	"ByteReceived_Start\000"
 1573      52656365 
 1573      69766564 
 1573      5F537461 
 1573      727400
 1574              	.LASF45:
 1575 016f 4144435F 		.ascii	"ADC_DelSig_1_GetResult16\000"
 1575      44656C53 
 1575      69675F31 
 1575      5F476574 
 1575      52657375 
 1576              	.LASF0:
 1577 0188 7369676E 		.ascii	"signed char\000"
 1577      65642063 
 1577      68617200 
 1578              	.LASF13:
 1579 0194 666C6F61 		.ascii	"float\000"
 1579      7400
 1580              	.LASF34:
 1581 019a 70696E67 		.ascii	"ping\000"
 1581      00
 1582              	.LASF21:
 1583 019f 42797465 		.ascii	"ByteReceived\000"
 1583      52656365 
 1583      69766564 
 1583      00
 1584              	.LASF33:
 1585 01ac 506F6E67 		.ascii	"PongOutput\000"
 1585      4F757470 
 1585      757400
 1586              	.LASF6:
 1587 01b7 6C6F6E67 		.ascii	"long long int\000"
 1587      206C6F6E 
 1587      6720696E 
 1587      7400
 1588              	.LASF4:
 1589 01c5 6C6F6E67 		.ascii	"long int\000"
 1589      20696E74 
 1589      00
 1590              	.LASF25:
 1591 01ce 42797465 		.ascii	"ByteCount\000"
 1591      436F756E 
 1591      7400
 1592              	.LASF54:
 1593 01d8 54696D65 		.ascii	"TimerInterrupt_StartEx\000"
 1593      72496E74 
 1593      65727275 
 1593      70745F53 
 1593      74617274 
 1594              	.LASF57:
 1595 01ef 42797465 		.ascii	"ByteCounter_Start\000"
 1595      436F756E 
 1595      7465725F 
 1595      53746172 
ARM GAS  C:\Users\GEORGE~1\AppData\Local\Temp\cciGalBF.s 			page 34


 1595      7400
 1596              	.LASF53:
 1597 0201 54696D65 		.ascii	"TimerInterrupt_Start\000"
 1597      72496E74 
 1597      65727275 
 1597      70745F53 
 1597      74617274 
 1598              	.LASF71:
 1599 0216 636F6D6D 		.ascii	"command_protocol\000"
 1599      616E645F 
 1599      70726F74 
 1599      6F636F6C 
 1599      00
 1600              	.LASF32:
 1601 0227 50696E67 		.ascii	"PingOutput\000"
 1601      4F757470 
 1601      757400
 1602              	.LASF41:
 1603 0232 42797465 		.ascii	"ByteCounter_WriteCompare\000"
 1603      436F756E 
 1603      7465725F 
 1603      57726974 
 1603      65436F6D 
 1604              	.LASF16:
 1605 024b 6C6F6E67 		.ascii	"long double\000"
 1605      20646F75 
 1605      626C6500 
 1606              	.LASF1:
 1607 0257 756E7369 		.ascii	"unsigned char\000"
 1607      676E6564 
 1607      20636861 
 1607      7200
 1608              	.LASF59:
 1609 0265 42797465 		.ascii	"ByteCounter_SetInterruptMode\000"
 1609      436F756E 
 1609      7465725F 
 1609      53657449 
 1609      6E746572 
 1610              	.LASF7:
 1611 0282 6C6F6E67 		.ascii	"long long unsigned int\000"
 1611      206C6F6E 
 1611      6720756E 
 1611      7369676E 
 1611      65642069 
 1612              	.LASF22:
 1613 0299 436F6D6D 		.ascii	"CommandReceived\000"
 1613      616E6452 
 1613      65636569 
 1613      76656400 
 1614              	.LASF8:
 1615 02a9 756E7369 		.ascii	"unsigned int\000"
 1615      676E6564 
 1615      20696E74 
 1615      00
 1616              	.LASF18:
 1617 02b6 7061636B 		.ascii	"packet_size\000"
 1617      65745F73 
ARM GAS  C:\Users\GEORGE~1\AppData\Local\Temp\cciGalBF.s 			page 35


 1617      697A6500 
 1618              	.LASF5:
 1619 02c2 6C6F6E67 		.ascii	"long unsigned int\000"
 1619      20756E73 
 1619      69676E65 
 1619      6420696E 
 1619      7400
 1620              	.LASF35:
 1621 02d4 64617461 		.ascii	"datacount\000"
 1621      636F756E 
 1621      7400
 1622              	.LASF28:
 1623 02de 436F756E 		.ascii	"Count\000"
 1623      7400
 1624              	.LASF66:
 1625 02e4 4144435F 		.ascii	"ADC_DelSig_1_StartConvert\000"
 1625      44656C53 
 1625      69675F31 
 1625      5F537461 
 1625      7274436F 
 1626              	.LASF51:
 1627 02fe 4144435F 		.ascii	"ADC_DelSig_1_Start\000"
 1627      44656C53 
 1627      69675F31 
 1627      5F537461 
 1627      727400
 1628              	.LASF37:
 1629 0311 436F6D6D 		.ascii	"Command_Packet\000"
 1629      616E645F 
 1629      5061636B 
 1629      657400
 1630              	.LASF30:
 1631 0320 52656365 		.ascii	"ReceivedBuffer\000"
 1631      69766564 
 1631      42756666 
 1631      657200
 1632              	.LASF15:
 1633 032f 63686172 		.ascii	"char\000"
 1633      00
 1634              	.LASF23:
 1635 0334 54696D65 		.ascii	"TimerInterrupt\000"
 1635      72496E74 
 1635      65727275 
 1635      707400
 1636              	.LASF10:
 1637 0343 696E7433 		.ascii	"int32_t\000"
 1637      325F7400 
 1638              	.LASF56:
 1639 034b 4144435F 		.ascii	"ADC_DelSig_1_IRQ_Enable\000"
 1639      44656C53 
 1639      69675F31 
 1639      5F495251 
 1639      5F456E61 
 1640              	.LASF3:
 1641 0363 73686F72 		.ascii	"short unsigned int\000"
 1641      7420756E 
 1641      7369676E 
ARM GAS  C:\Users\GEORGE~1\AppData\Local\Temp\cciGalBF.s 			page 36


 1641      65642069 
 1641      6E7400
 1642              	.LASF64:
 1643 0376 436F6D6D 		.ascii	"CommandReceived_StartEx\000"
 1643      616E6452 
 1643      65636569 
 1643      7665645F 
 1643      53746172 
 1644              	.LASF42:
 1645 038e 42797465 		.ascii	"ByteCounter_ReadCounter\000"
 1645      436F756E 
 1645      7465725F 
 1645      52656164 
 1645      436F756E 
 1646              	.LASF52:
 1647 03a6 54696D65 		.ascii	"Timer_1_Start\000"
 1647      725F315F 
 1647      53746172 
 1647      7400
 1648              	.LASF20:
 1649 03b4 62756666 		.ascii	"buffer\000"
 1649      657200
 1650              	.LASF69:
 1651 03bb 6D61696E 		.ascii	"main.c\000"
 1651      2E6300
 1652              	.LASF67:
 1653 03c2 4C616256 		.ascii	"LabVIEW_UART_PutArray\000"
 1653      4945575F 
 1653      55415254 
 1653      5F507574 
 1653      41727261 
 1654              	.LASF14:
 1655 03d8 646F7562 		.ascii	"double\000"
 1655      6C6500
 1656              	.LASF27:
 1657 03df 436F6D6D 		.ascii	"CommandReady\000"
 1657      616E6452 
 1657      65616479 
 1657      00
 1658              	.LASF47:
 1659 03ec 55415254 		.ascii	"UARTReset_Write\000"
 1659      52657365 
 1659      745F5772 
 1659      69746500 
 1660              	.LASF44:
 1661 03fc 4144435F 		.ascii	"ADC_DelSig_1_IsEndConversion\000"
 1661      44656C53 
 1661      69675F31 
 1661      5F497345 
 1661      6E64436F 
 1662              	.LASF55:
 1663 0419 54696D65 		.ascii	"Timer_1_Stop\000"
 1663      725F315F 
 1663      53746F70 
 1663      00
 1664              	.LASF9:
 1665 0426 5F5F696E 		.ascii	"__int32_t\000"
ARM GAS  C:\Users\GEORGE~1\AppData\Local\Temp\cciGalBF.s 			page 37


 1665      7433325F 
 1665      7400
 1666              	.LASF65:
 1667 0430 436F6D6D 		.ascii	"CommandReceived_Enable\000"
 1667      616E6452 
 1667      65636569 
 1667      7665645F 
 1667      456E6162 
 1668              	.LASF29:
 1669 0447 53746174 		.ascii	"Status\000"
 1669      757300
 1670              	.LASF50:
 1671 044e 57617665 		.ascii	"WaveDAC8_1_Start\000"
 1671      44414338 
 1671      5F315F53 
 1671      74617274 
 1671      00
 1672              	.LASF26:
 1673 045f 66697273 		.ascii	"firstbyte\000"
 1673      74627974 
 1673      6500
 1674              	.LASF62:
 1675 0469 42797465 		.ascii	"ByteReceived_Enable\000"
 1675      52656365 
 1675      69766564 
 1675      5F456E61 
 1675      626C6500 
 1676              	.LASF36:
 1677 047d 64617461 		.ascii	"dataready\000"
 1677      72656164 
 1677      7900
 1678              	.LASF24:
 1679 0487 49544D5F 		.ascii	"ITM_RxBuffer\000"
 1679      52784275 
 1679      66666572 
 1679      00
 1680              	.LASF68:
 1681 0494 474E5520 		.ascii	"GNU C11 5.4.1 20160609 (release) [ARM/embedded-5-br"
 1681      43313120 
 1681      352E342E 
 1681      31203230 
 1681      31363036 
 1682 04c7 616E6368 		.ascii	"anch revision 237715] -mcpu=cortex-m3 -mthumb -g -O"
 1682      20726576 
 1682      6973696F 
 1682      6E203233 
 1682      37373135 
 1683 04fa 67202D66 		.ascii	"g -ffunction-sections -ffat-lto-objects\000"
 1683      66756E63 
 1683      74696F6E 
 1683      2D736563 
 1683      74696F6E 
 1684              	.LASF19:
 1685 0522 636F6D6D 		.ascii	"command\000"
 1685      616E6400 
 1686              	.LASF48:
 1687 052a 42797465 		.ascii	"ByteCountReset_Write\000"
ARM GAS  C:\Users\GEORGE~1\AppData\Local\Temp\cciGalBF.s 			page 38


 1687      436F756E 
 1687      74526573 
 1687      65745F57 
 1687      72697465 
 1688              		.ident	"GCC: (GNU Tools for ARM Embedded Processors) 5.4.1 20160609 (release) [ARM/embedded-5-bran
