ARM GAS  C:\Users\GEORGE~1\AppData\Local\Temp\ccou1bHS.s 			page 1


   1              		.syntax unified
   2              		.cpu cortex-m3
   3              		.fpu softvfp
   4              		.eabi_attribute 20, 1
   5              		.eabi_attribute 21, 1
   6              		.eabi_attribute 23, 3
   7              		.eabi_attribute 24, 1
   8              		.eabi_attribute 25, 1
   9              		.eabi_attribute 26, 1
  10              		.eabi_attribute 30, 1
  11              		.eabi_attribute 34, 1
  12              		.eabi_attribute 18, 4
  13              		.thumb
  14              		.syntax unified
  15              		.file	"main.c"
  16              		.text
  17              	.Ltext0:
  18              		.cfi_sections	.debug_frame
  19              		.section	.text.main,"ax",%progbits
  20              		.align	2
  21              		.global	main
  22              		.thumb
  23              		.thumb_func
  24              		.type	main, %function
  25              	main:
  26              	.LFB63:
  27              		.file 1 "main.c"
   1:main.c        **** /* ========================================
   2:main.c        ****  *
   3:main.c        ****  * Copyright YOUR COMPANY, THE YEAR
   4:main.c        ****  * All Rights Reserved
   5:main.c        ****  * UNPUBLISHED, LICENSED SOFTWARE.
   6:main.c        ****  *
   7:main.c        ****  * CONFIDENTIAL AND PROPRIETARY INFORMATION
   8:main.c        ****  * WHICH IS THE PROPERTY OF your company.
   9:main.c        ****  *
  10:main.c        ****  * ========================================
  11:main.c        **** */
  12:main.c        **** #include "project.h"
  13:main.c        **** 
  14:main.c        **** 
  15:main.c        **** union SPIset
  16:main.c        **** {
  17:main.c        ****     uint8 data[4];
  18:main.c        ****     int32 number;
  19:main.c        **** } SPI_data;
  20:main.c        **** 
  21:main.c        **** union SPIset RTD_data;
  22:main.c        **** 
  23:main.c        **** uint8 byte0;
  24:main.c        **** uint8 byte1;
  25:main.c        **** uint8 byte2;
  26:main.c        **** uint8 byte3;
  27:main.c        **** 
  28:main.c        **** 
  29:main.c        **** 
  30:main.c        **** 
ARM GAS  C:\Users\GEORGE~1\AppData\Local\Temp\ccou1bHS.s 			page 2


  31:main.c        **** 
  32:main.c        **** int main(void)
  33:main.c        **** {
  28              		.loc 1 33 0
  29              		.cfi_startproc
  30              		@ Volatile: function does not return.
  31              		@ args = 0, pretend = 0, frame = 0
  32              		@ frame_needed = 0, uses_anonymous_args = 0
  33 0000 08B5     		push	{r3, lr}
  34              		.cfi_def_cfa_offset 8
  35              		.cfi_offset 3, -8
  36              		.cfi_offset 14, -4
  34:main.c        ****     CyGlobalIntEnable; /* Enable global interrupts. */
  37              		.loc 1 34 0
  38              		.syntax unified
  39              	@ 34 "main.c" 1
  40 0002 62B6     		CPSIE   i
  41              	@ 0 "" 2
  42              		.thumb
  43              		.syntax unified
  44              	.L2:
  35:main.c        **** 
  36:main.c        ****     /* Place your initialization/startup code here (e.g. MyInst_Start()) */
  37:main.c        **** 
  38:main.c        ****     for(;;)
  39:main.c        ****     {
  40:main.c        ****         /* Place your application code here. */
  41:main.c        ****         
  42:main.c        ****         RTD_data.number = RTD_data.number + 255;
  45              		.loc 1 42 0 discriminator 1
  46 0004 094C     		ldr	r4, .L4
  47 0006 2368     		ldr	r3, [r4]
  48 0008 FF33     		adds	r3, r3, #255
  49 000a 2360     		str	r3, [r4]
  43:main.c        ****         
  44:main.c        ****         CyDelay(100);
  50              		.loc 1 44 0 discriminator 1
  51 000c 6420     		movs	r0, #100
  52 000e FFF7FEFF 		bl	CyDelay
  53              	.LVL0:
  45:main.c        ****         
  46:main.c        ****         byte0 = RTD_data.data[0];
  54              		.loc 1 46 0 discriminator 1
  55 0012 2278     		ldrb	r2, [r4]	@ zero_extendqisi2
  56 0014 064B     		ldr	r3, .L4+4
  57 0016 1A70     		strb	r2, [r3]
  47:main.c        ****         byte1 = RTD_data.data[1];
  58              		.loc 1 47 0 discriminator 1
  59 0018 6278     		ldrb	r2, [r4, #1]	@ zero_extendqisi2
  60 001a 064B     		ldr	r3, .L4+8
  61 001c 1A70     		strb	r2, [r3]
  48:main.c        ****         byte2 = RTD_data.data[2];
  62              		.loc 1 48 0 discriminator 1
  63 001e A278     		ldrb	r2, [r4, #2]	@ zero_extendqisi2
  64 0020 054B     		ldr	r3, .L4+12
  65 0022 1A70     		strb	r2, [r3]
  49:main.c        ****         byte3 = RTD_data.data[3];
ARM GAS  C:\Users\GEORGE~1\AppData\Local\Temp\ccou1bHS.s 			page 3


  66              		.loc 1 49 0 discriminator 1
  67 0024 E278     		ldrb	r2, [r4, #3]	@ zero_extendqisi2
  68 0026 054B     		ldr	r3, .L4+16
  69 0028 1A70     		strb	r2, [r3]
  70 002a EBE7     		b	.L2
  71              	.L5:
  72              		.align	2
  73              	.L4:
  74 002c 00000000 		.word	RTD_data
  75 0030 00000000 		.word	byte0
  76 0034 00000000 		.word	byte1
  77 0038 00000000 		.word	byte2
  78 003c 00000000 		.word	byte3
  79              		.cfi_endproc
  80              	.LFE63:
  81              		.size	main, .-main
  82              		.comm	byte3,1,1
  83              		.comm	byte2,1,1
  84              		.comm	byte1,1,1
  85              		.comm	byte0,1,1
  86              		.comm	RTD_data,4,4
  87              		.comm	SPI_data,4,4
  88              		.text
  89              	.Letext0:
  90              		.file 2 "c:\\program files (x86)\\cypress\\psoc creator\\4.2\\psoc creator\\import\\gnu\\arm\\5.4.
  91              		.file 3 "c:\\program files (x86)\\cypress\\psoc creator\\4.2\\psoc creator\\import\\gnu\\arm\\5.4.
  92              		.file 4 "Generated_Source\\PSoC5/cytypes.h"
  93              		.file 5 "Generated_Source\\PSoC5/core_cm3.h"
  94              		.file 6 "Generated_Source\\PSoC5/CyLib.h"
  95              		.section	.debug_info,"",%progbits
  96              	.Ldebug_info0:
  97 0000 98010000 		.4byte	0x198
  98 0004 0400     		.2byte	0x4
  99 0006 00000000 		.4byte	.Ldebug_abbrev0
 100 000a 04       		.byte	0x4
 101 000b 01       		.uleb128 0x1
 102 000c 46000000 		.4byte	.LASF27
 103 0010 0C       		.byte	0xc
 104 0011 61010000 		.4byte	.LASF28
 105 0015 A4010000 		.4byte	.LASF29
 106 0019 00000000 		.4byte	.Ldebug_ranges0+0
 107 001d 00000000 		.4byte	0
 108 0021 00000000 		.4byte	.Ldebug_line0
 109 0025 02       		.uleb128 0x2
 110 0026 01       		.byte	0x1
 111 0027 06       		.byte	0x6
 112 0028 98010000 		.4byte	.LASF0
 113 002c 02       		.uleb128 0x2
 114 002d 01       		.byte	0x1
 115 002e 08       		.byte	0x8
 116 002f 38000000 		.4byte	.LASF1
 117 0033 02       		.uleb128 0x2
 118 0034 02       		.byte	0x2
 119 0035 05       		.byte	0x5
 120 0036 6D010000 		.4byte	.LASF2
 121 003a 02       		.uleb128 0x2
 122 003b 02       		.byte	0x2
ARM GAS  C:\Users\GEORGE~1\AppData\Local\Temp\ccou1bHS.s 			page 4


 123 003c 07       		.byte	0x7
 124 003d 13000000 		.4byte	.LASF3
 125 0041 03       		.uleb128 0x3
 126 0042 09000000 		.4byte	.LASF9
 127 0046 02       		.byte	0x2
 128 0047 3F       		.byte	0x3f
 129 0048 4C000000 		.4byte	0x4c
 130 004c 02       		.uleb128 0x2
 131 004d 04       		.byte	0x4
 132 004e 05       		.byte	0x5
 133 004f 83010000 		.4byte	.LASF4
 134 0053 02       		.uleb128 0x2
 135 0054 04       		.byte	0x4
 136 0055 07       		.byte	0x7
 137 0056 D4000000 		.4byte	.LASF5
 138 005a 02       		.uleb128 0x2
 139 005b 08       		.byte	0x8
 140 005c 05       		.byte	0x5
 141 005d 53010000 		.4byte	.LASF6
 142 0061 02       		.uleb128 0x2
 143 0062 08       		.byte	0x8
 144 0063 07       		.byte	0x7
 145 0064 24010000 		.4byte	.LASF7
 146 0068 04       		.uleb128 0x4
 147 0069 04       		.byte	0x4
 148 006a 05       		.byte	0x5
 149 006b 696E7400 		.ascii	"int\000"
 150 006f 02       		.uleb128 0x2
 151 0070 04       		.byte	0x4
 152 0071 07       		.byte	0x7
 153 0072 17010000 		.4byte	.LASF8
 154 0076 03       		.uleb128 0x3
 155 0077 42010000 		.4byte	.LASF10
 156 007b 03       		.byte	0x3
 157 007c 2C       		.byte	0x2c
 158 007d 41000000 		.4byte	0x41
 159 0081 05       		.uleb128 0x5
 160 0082 77010000 		.4byte	.LASF11
 161 0086 04       		.byte	0x4
 162 0087 E401     		.2byte	0x1e4
 163 0089 2C000000 		.4byte	0x2c
 164 008d 05       		.uleb128 0x5
 165 008e EC000000 		.4byte	.LASF12
 166 0092 04       		.byte	0x4
 167 0093 E901     		.2byte	0x1e9
 168 0095 4C000000 		.4byte	0x4c
 169 0099 02       		.uleb128 0x2
 170 009a 04       		.byte	0x4
 171 009b 04       		.byte	0x4
 172 009c 2D000000 		.4byte	.LASF13
 173 00a0 02       		.uleb128 0x2
 174 00a1 08       		.byte	0x8
 175 00a2 04       		.byte	0x4
 176 00a3 26000000 		.4byte	.LASF14
 177 00a7 02       		.uleb128 0x2
 178 00a8 01       		.byte	0x1
 179 00a9 08       		.byte	0x8
ARM GAS  C:\Users\GEORGE~1\AppData\Local\Temp\ccou1bHS.s 			page 5


 180 00aa 68010000 		.4byte	.LASF15
 181 00ae 02       		.uleb128 0x2
 182 00af 08       		.byte	0x8
 183 00b0 04       		.byte	0x4
 184 00b1 8C010000 		.4byte	.LASF16
 185 00b5 02       		.uleb128 0x2
 186 00b6 04       		.byte	0x4
 187 00b7 07       		.byte	0x7
 188 00b8 4A010000 		.4byte	.LASF17
 189 00bc 06       		.uleb128 0x6
 190 00bd 0B010000 		.4byte	.LASF30
 191 00c1 04       		.byte	0x4
 192 00c2 01       		.byte	0x1
 193 00c3 0F       		.byte	0xf
 194 00c4 DF000000 		.4byte	0xdf
 195 00c8 07       		.uleb128 0x7
 196 00c9 33000000 		.4byte	.LASF18
 197 00cd 01       		.byte	0x1
 198 00ce 11       		.byte	0x11
 199 00cf DF000000 		.4byte	0xdf
 200 00d3 07       		.uleb128 0x7
 201 00d4 3B010000 		.4byte	.LASF19
 202 00d8 01       		.byte	0x1
 203 00d9 12       		.byte	0x12
 204 00da 8D000000 		.4byte	0x8d
 205 00de 00       		.byte	0
 206 00df 08       		.uleb128 0x8
 207 00e0 81000000 		.4byte	0x81
 208 00e4 EF000000 		.4byte	0xef
 209 00e8 09       		.uleb128 0x9
 210 00e9 B5000000 		.4byte	0xb5
 211 00ed 03       		.byte	0x3
 212 00ee 00       		.byte	0
 213 00ef 0A       		.uleb128 0xa
 214 00f0 12010000 		.4byte	.LASF31
 215 00f4 01       		.byte	0x1
 216 00f5 20       		.byte	0x20
 217 00f6 68000000 		.4byte	0x68
 218 00fa 00000000 		.4byte	.LFB63
 219 00fe 40000000 		.4byte	.LFE63-.LFB63
 220 0102 01       		.uleb128 0x1
 221 0103 9C       		.byte	0x9c
 222 0104 19010000 		.4byte	0x119
 223 0108 0B       		.uleb128 0xb
 224 0109 12000000 		.4byte	.LVL0
 225 010d 90010000 		.4byte	0x190
 226 0111 0C       		.uleb128 0xc
 227 0112 01       		.uleb128 0x1
 228 0113 50       		.byte	0x50
 229 0114 02       		.uleb128 0x2
 230 0115 08       		.byte	0x8
 231 0116 64       		.byte	0x64
 232 0117 00       		.byte	0
 233 0118 00       		.byte	0
 234 0119 0D       		.uleb128 0xd
 235 011a FE000000 		.4byte	.LASF20
 236 011e 05       		.byte	0x5
ARM GAS  C:\Users\GEORGE~1\AppData\Local\Temp\ccou1bHS.s 			page 6


 237 011f 1207     		.2byte	0x712
 238 0121 25010000 		.4byte	0x125
 239 0125 0E       		.uleb128 0xe
 240 0126 76000000 		.4byte	0x76
 241 012a 0F       		.uleb128 0xf
 242 012b 00000000 		.4byte	.LASF21
 243 012f 01       		.byte	0x1
 244 0130 13       		.byte	0x13
 245 0131 BC000000 		.4byte	0xbc
 246 0135 05       		.uleb128 0x5
 247 0136 03       		.byte	0x3
 248 0137 00000000 		.4byte	SPI_data
 249 013b 0F       		.uleb128 0xf
 250 013c 05020000 		.4byte	.LASF22
 251 0140 01       		.byte	0x1
 252 0141 15       		.byte	0x15
 253 0142 BC000000 		.4byte	0xbc
 254 0146 05       		.uleb128 0x5
 255 0147 03       		.byte	0x3
 256 0148 00000000 		.4byte	RTD_data
 257 014c 0F       		.uleb128 0xf
 258 014d E6000000 		.4byte	.LASF23
 259 0151 01       		.byte	0x1
 260 0152 17       		.byte	0x17
 261 0153 81000000 		.4byte	0x81
 262 0157 05       		.uleb128 0x5
 263 0158 03       		.byte	0x3
 264 0159 00000000 		.4byte	byte0
 265 015d 0F       		.uleb128 0xf
 266 015e 7D010000 		.4byte	.LASF24
 267 0162 01       		.byte	0x1
 268 0163 18       		.byte	0x18
 269 0164 81000000 		.4byte	0x81
 270 0168 05       		.uleb128 0x5
 271 0169 03       		.byte	0x3
 272 016a 00000000 		.4byte	byte1
 273 016e 0F       		.uleb128 0xf
 274 016f F2000000 		.4byte	.LASF25
 275 0173 01       		.byte	0x1
 276 0174 19       		.byte	0x19
 277 0175 81000000 		.4byte	0x81
 278 0179 05       		.uleb128 0x5
 279 017a 03       		.byte	0x3
 280 017b 00000000 		.4byte	byte2
 281 017f 0F       		.uleb128 0xf
 282 0180 F8000000 		.4byte	.LASF26
 283 0184 01       		.byte	0x1
 284 0185 1A       		.byte	0x1a
 285 0186 81000000 		.4byte	0x81
 286 018a 05       		.uleb128 0x5
 287 018b 03       		.byte	0x3
 288 018c 00000000 		.4byte	byte3
 289 0190 10       		.uleb128 0x10
 290 0191 0E020000 		.4byte	.LASF32
 291 0195 0E020000 		.4byte	.LASF32
 292 0199 06       		.byte	0x6
 293 019a 76       		.byte	0x76
ARM GAS  C:\Users\GEORGE~1\AppData\Local\Temp\ccou1bHS.s 			page 7


 294 019b 00       		.byte	0
 295              		.section	.debug_abbrev,"",%progbits
 296              	.Ldebug_abbrev0:
 297 0000 01       		.uleb128 0x1
 298 0001 11       		.uleb128 0x11
 299 0002 01       		.byte	0x1
 300 0003 25       		.uleb128 0x25
 301 0004 0E       		.uleb128 0xe
 302 0005 13       		.uleb128 0x13
 303 0006 0B       		.uleb128 0xb
 304 0007 03       		.uleb128 0x3
 305 0008 0E       		.uleb128 0xe
 306 0009 1B       		.uleb128 0x1b
 307 000a 0E       		.uleb128 0xe
 308 000b 55       		.uleb128 0x55
 309 000c 17       		.uleb128 0x17
 310 000d 11       		.uleb128 0x11
 311 000e 01       		.uleb128 0x1
 312 000f 10       		.uleb128 0x10
 313 0010 17       		.uleb128 0x17
 314 0011 00       		.byte	0
 315 0012 00       		.byte	0
 316 0013 02       		.uleb128 0x2
 317 0014 24       		.uleb128 0x24
 318 0015 00       		.byte	0
 319 0016 0B       		.uleb128 0xb
 320 0017 0B       		.uleb128 0xb
 321 0018 3E       		.uleb128 0x3e
 322 0019 0B       		.uleb128 0xb
 323 001a 03       		.uleb128 0x3
 324 001b 0E       		.uleb128 0xe
 325 001c 00       		.byte	0
 326 001d 00       		.byte	0
 327 001e 03       		.uleb128 0x3
 328 001f 16       		.uleb128 0x16
 329 0020 00       		.byte	0
 330 0021 03       		.uleb128 0x3
 331 0022 0E       		.uleb128 0xe
 332 0023 3A       		.uleb128 0x3a
 333 0024 0B       		.uleb128 0xb
 334 0025 3B       		.uleb128 0x3b
 335 0026 0B       		.uleb128 0xb
 336 0027 49       		.uleb128 0x49
 337 0028 13       		.uleb128 0x13
 338 0029 00       		.byte	0
 339 002a 00       		.byte	0
 340 002b 04       		.uleb128 0x4
 341 002c 24       		.uleb128 0x24
 342 002d 00       		.byte	0
 343 002e 0B       		.uleb128 0xb
 344 002f 0B       		.uleb128 0xb
 345 0030 3E       		.uleb128 0x3e
 346 0031 0B       		.uleb128 0xb
 347 0032 03       		.uleb128 0x3
 348 0033 08       		.uleb128 0x8
 349 0034 00       		.byte	0
 350 0035 00       		.byte	0
ARM GAS  C:\Users\GEORGE~1\AppData\Local\Temp\ccou1bHS.s 			page 8


 351 0036 05       		.uleb128 0x5
 352 0037 16       		.uleb128 0x16
 353 0038 00       		.byte	0
 354 0039 03       		.uleb128 0x3
 355 003a 0E       		.uleb128 0xe
 356 003b 3A       		.uleb128 0x3a
 357 003c 0B       		.uleb128 0xb
 358 003d 3B       		.uleb128 0x3b
 359 003e 05       		.uleb128 0x5
 360 003f 49       		.uleb128 0x49
 361 0040 13       		.uleb128 0x13
 362 0041 00       		.byte	0
 363 0042 00       		.byte	0
 364 0043 06       		.uleb128 0x6
 365 0044 17       		.uleb128 0x17
 366 0045 01       		.byte	0x1
 367 0046 03       		.uleb128 0x3
 368 0047 0E       		.uleb128 0xe
 369 0048 0B       		.uleb128 0xb
 370 0049 0B       		.uleb128 0xb
 371 004a 3A       		.uleb128 0x3a
 372 004b 0B       		.uleb128 0xb
 373 004c 3B       		.uleb128 0x3b
 374 004d 0B       		.uleb128 0xb
 375 004e 01       		.uleb128 0x1
 376 004f 13       		.uleb128 0x13
 377 0050 00       		.byte	0
 378 0051 00       		.byte	0
 379 0052 07       		.uleb128 0x7
 380 0053 0D       		.uleb128 0xd
 381 0054 00       		.byte	0
 382 0055 03       		.uleb128 0x3
 383 0056 0E       		.uleb128 0xe
 384 0057 3A       		.uleb128 0x3a
 385 0058 0B       		.uleb128 0xb
 386 0059 3B       		.uleb128 0x3b
 387 005a 0B       		.uleb128 0xb
 388 005b 49       		.uleb128 0x49
 389 005c 13       		.uleb128 0x13
 390 005d 00       		.byte	0
 391 005e 00       		.byte	0
 392 005f 08       		.uleb128 0x8
 393 0060 01       		.uleb128 0x1
 394 0061 01       		.byte	0x1
 395 0062 49       		.uleb128 0x49
 396 0063 13       		.uleb128 0x13
 397 0064 01       		.uleb128 0x1
 398 0065 13       		.uleb128 0x13
 399 0066 00       		.byte	0
 400 0067 00       		.byte	0
 401 0068 09       		.uleb128 0x9
 402 0069 21       		.uleb128 0x21
 403 006a 00       		.byte	0
 404 006b 49       		.uleb128 0x49
 405 006c 13       		.uleb128 0x13
 406 006d 2F       		.uleb128 0x2f
 407 006e 0B       		.uleb128 0xb
ARM GAS  C:\Users\GEORGE~1\AppData\Local\Temp\ccou1bHS.s 			page 9


 408 006f 00       		.byte	0
 409 0070 00       		.byte	0
 410 0071 0A       		.uleb128 0xa
 411 0072 2E       		.uleb128 0x2e
 412 0073 01       		.byte	0x1
 413 0074 3F       		.uleb128 0x3f
 414 0075 19       		.uleb128 0x19
 415 0076 03       		.uleb128 0x3
 416 0077 0E       		.uleb128 0xe
 417 0078 3A       		.uleb128 0x3a
 418 0079 0B       		.uleb128 0xb
 419 007a 3B       		.uleb128 0x3b
 420 007b 0B       		.uleb128 0xb
 421 007c 27       		.uleb128 0x27
 422 007d 19       		.uleb128 0x19
 423 007e 49       		.uleb128 0x49
 424 007f 13       		.uleb128 0x13
 425 0080 8701     		.uleb128 0x87
 426 0082 19       		.uleb128 0x19
 427 0083 11       		.uleb128 0x11
 428 0084 01       		.uleb128 0x1
 429 0085 12       		.uleb128 0x12
 430 0086 06       		.uleb128 0x6
 431 0087 40       		.uleb128 0x40
 432 0088 18       		.uleb128 0x18
 433 0089 9742     		.uleb128 0x2117
 434 008b 19       		.uleb128 0x19
 435 008c 01       		.uleb128 0x1
 436 008d 13       		.uleb128 0x13
 437 008e 00       		.byte	0
 438 008f 00       		.byte	0
 439 0090 0B       		.uleb128 0xb
 440 0091 898201   		.uleb128 0x4109
 441 0094 01       		.byte	0x1
 442 0095 11       		.uleb128 0x11
 443 0096 01       		.uleb128 0x1
 444 0097 31       		.uleb128 0x31
 445 0098 13       		.uleb128 0x13
 446 0099 00       		.byte	0
 447 009a 00       		.byte	0
 448 009b 0C       		.uleb128 0xc
 449 009c 8A8201   		.uleb128 0x410a
 450 009f 00       		.byte	0
 451 00a0 02       		.uleb128 0x2
 452 00a1 18       		.uleb128 0x18
 453 00a2 9142     		.uleb128 0x2111
 454 00a4 18       		.uleb128 0x18
 455 00a5 00       		.byte	0
 456 00a6 00       		.byte	0
 457 00a7 0D       		.uleb128 0xd
 458 00a8 34       		.uleb128 0x34
 459 00a9 00       		.byte	0
 460 00aa 03       		.uleb128 0x3
 461 00ab 0E       		.uleb128 0xe
 462 00ac 3A       		.uleb128 0x3a
 463 00ad 0B       		.uleb128 0xb
 464 00ae 3B       		.uleb128 0x3b
ARM GAS  C:\Users\GEORGE~1\AppData\Local\Temp\ccou1bHS.s 			page 10


 465 00af 05       		.uleb128 0x5
 466 00b0 49       		.uleb128 0x49
 467 00b1 13       		.uleb128 0x13
 468 00b2 3F       		.uleb128 0x3f
 469 00b3 19       		.uleb128 0x19
 470 00b4 3C       		.uleb128 0x3c
 471 00b5 19       		.uleb128 0x19
 472 00b6 00       		.byte	0
 473 00b7 00       		.byte	0
 474 00b8 0E       		.uleb128 0xe
 475 00b9 35       		.uleb128 0x35
 476 00ba 00       		.byte	0
 477 00bb 49       		.uleb128 0x49
 478 00bc 13       		.uleb128 0x13
 479 00bd 00       		.byte	0
 480 00be 00       		.byte	0
 481 00bf 0F       		.uleb128 0xf
 482 00c0 34       		.uleb128 0x34
 483 00c1 00       		.byte	0
 484 00c2 03       		.uleb128 0x3
 485 00c3 0E       		.uleb128 0xe
 486 00c4 3A       		.uleb128 0x3a
 487 00c5 0B       		.uleb128 0xb
 488 00c6 3B       		.uleb128 0x3b
 489 00c7 0B       		.uleb128 0xb
 490 00c8 49       		.uleb128 0x49
 491 00c9 13       		.uleb128 0x13
 492 00ca 3F       		.uleb128 0x3f
 493 00cb 19       		.uleb128 0x19
 494 00cc 02       		.uleb128 0x2
 495 00cd 18       		.uleb128 0x18
 496 00ce 00       		.byte	0
 497 00cf 00       		.byte	0
 498 00d0 10       		.uleb128 0x10
 499 00d1 2E       		.uleb128 0x2e
 500 00d2 00       		.byte	0
 501 00d3 3F       		.uleb128 0x3f
 502 00d4 19       		.uleb128 0x19
 503 00d5 3C       		.uleb128 0x3c
 504 00d6 19       		.uleb128 0x19
 505 00d7 6E       		.uleb128 0x6e
 506 00d8 0E       		.uleb128 0xe
 507 00d9 03       		.uleb128 0x3
 508 00da 0E       		.uleb128 0xe
 509 00db 3A       		.uleb128 0x3a
 510 00dc 0B       		.uleb128 0xb
 511 00dd 3B       		.uleb128 0x3b
 512 00de 0B       		.uleb128 0xb
 513 00df 00       		.byte	0
 514 00e0 00       		.byte	0
 515 00e1 00       		.byte	0
 516              		.section	.debug_aranges,"",%progbits
 517 0000 1C000000 		.4byte	0x1c
 518 0004 0200     		.2byte	0x2
 519 0006 00000000 		.4byte	.Ldebug_info0
 520 000a 04       		.byte	0x4
 521 000b 00       		.byte	0
ARM GAS  C:\Users\GEORGE~1\AppData\Local\Temp\ccou1bHS.s 			page 11


 522 000c 0000     		.2byte	0
 523 000e 0000     		.2byte	0
 524 0010 00000000 		.4byte	.LFB63
 525 0014 40000000 		.4byte	.LFE63-.LFB63
 526 0018 00000000 		.4byte	0
 527 001c 00000000 		.4byte	0
 528              		.section	.debug_ranges,"",%progbits
 529              	.Ldebug_ranges0:
 530 0000 00000000 		.4byte	.LFB63
 531 0004 40000000 		.4byte	.LFE63
 532 0008 00000000 		.4byte	0
 533 000c 00000000 		.4byte	0
 534              		.section	.debug_line,"",%progbits
 535              	.Ldebug_line0:
 536 0000 8B010000 		.section	.debug_str,"MS",%progbits,1
 536      02005701 
 536      00000201 
 536      FB0E0D00 
 536      01010101 
 537              	.LASF21:
 538 0000 5350495F 		.ascii	"SPI_data\000"
 538      64617461 
 538      00
 539              	.LASF9:
 540 0009 5F5F696E 		.ascii	"__int32_t\000"
 540      7433325F 
 540      7400
 541              	.LASF3:
 542 0013 73686F72 		.ascii	"short unsigned int\000"
 542      7420756E 
 542      7369676E 
 542      65642069 
 542      6E7400
 543              	.LASF14:
 544 0026 646F7562 		.ascii	"double\000"
 544      6C6500
 545              	.LASF13:
 546 002d 666C6F61 		.ascii	"float\000"
 546      7400
 547              	.LASF18:
 548 0033 64617461 		.ascii	"data\000"
 548      00
 549              	.LASF1:
 550 0038 756E7369 		.ascii	"unsigned char\000"
 550      676E6564 
 550      20636861 
 550      7200
 551              	.LASF27:
 552 0046 474E5520 		.ascii	"GNU C11 5.4.1 20160609 (release) [ARM/embedded-5-br"
 552      43313120 
 552      352E342E 
 552      31203230 
 552      31363036 
 553 0079 616E6368 		.ascii	"anch revision 237715] -mcpu=cortex-m3 -mthumb -g -O"
 553      20726576 
 553      6973696F 
 553      6E203233 
ARM GAS  C:\Users\GEORGE~1\AppData\Local\Temp\ccou1bHS.s 			page 12


 553      37373135 
 554 00ac 67202D66 		.ascii	"g -ffunction-sections -ffat-lto-objects\000"
 554      66756E63 
 554      74696F6E 
 554      2D736563 
 554      74696F6E 
 555              	.LASF5:
 556 00d4 6C6F6E67 		.ascii	"long unsigned int\000"
 556      20756E73 
 556      69676E65 
 556      6420696E 
 556      7400
 557              	.LASF23:
 558 00e6 62797465 		.ascii	"byte0\000"
 558      3000
 559              	.LASF12:
 560 00ec 696E7433 		.ascii	"int32\000"
 560      3200
 561              	.LASF25:
 562 00f2 62797465 		.ascii	"byte2\000"
 562      3200
 563              	.LASF26:
 564 00f8 62797465 		.ascii	"byte3\000"
 564      3300
 565              	.LASF20:
 566 00fe 49544D5F 		.ascii	"ITM_RxBuffer\000"
 566      52784275 
 566      66666572 
 566      00
 567              	.LASF30:
 568 010b 53504973 		.ascii	"SPIset\000"
 568      657400
 569              	.LASF31:
 570 0112 6D61696E 		.ascii	"main\000"
 570      00
 571              	.LASF8:
 572 0117 756E7369 		.ascii	"unsigned int\000"
 572      676E6564 
 572      20696E74 
 572      00
 573              	.LASF7:
 574 0124 6C6F6E67 		.ascii	"long long unsigned int\000"
 574      206C6F6E 
 574      6720756E 
 574      7369676E 
 574      65642069 
 575              	.LASF19:
 576 013b 6E756D62 		.ascii	"number\000"
 576      657200
 577              	.LASF10:
 578 0142 696E7433 		.ascii	"int32_t\000"
 578      325F7400 
 579              	.LASF17:
 580 014a 73697A65 		.ascii	"sizetype\000"
 580      74797065 
 580      00
 581              	.LASF6:
ARM GAS  C:\Users\GEORGE~1\AppData\Local\Temp\ccou1bHS.s 			page 13


 582 0153 6C6F6E67 		.ascii	"long long int\000"
 582      206C6F6E 
 582      6720696E 
 582      7400
 583              	.LASF28:
 584 0161 6D61696E 		.ascii	"main.c\000"
 584      2E6300
 585              	.LASF15:
 586 0168 63686172 		.ascii	"char\000"
 586      00
 587              	.LASF2:
 588 016d 73686F72 		.ascii	"short int\000"
 588      7420696E 
 588      7400
 589              	.LASF11:
 590 0177 75696E74 		.ascii	"uint8\000"
 590      3800
 591              	.LASF24:
 592 017d 62797465 		.ascii	"byte1\000"
 592      3100
 593              	.LASF4:
 594 0183 6C6F6E67 		.ascii	"long int\000"
 594      20696E74 
 594      00
 595              	.LASF16:
 596 018c 6C6F6E67 		.ascii	"long double\000"
 596      20646F75 
 596      626C6500 
 597              	.LASF0:
 598 0198 7369676E 		.ascii	"signed char\000"
 598      65642063 
 598      68617200 
 599              	.LASF29:
 600 01a4 433A5C55 		.ascii	"C:\\Users\\George Anwar\\Documents\\UC Berkeley\\ME"
 600      73657273 
 600      5C47656F 
 600      72676520 
 600      416E7761 
 601 01d2 31333520 		.ascii	"135 Spring 2020\\PSOC Creator\\ME135_235\\Union.cyd"
 601      53707269 
 601      6E672032 
 601      3032305C 
 601      50534F43 
 602 0202 736E00   		.ascii	"sn\000"
 603              	.LASF22:
 604 0205 5254445F 		.ascii	"RTD_data\000"
 604      64617461 
 604      00
 605              	.LASF32:
 606 020e 43794465 		.ascii	"CyDelay\000"
 606      6C617900 
 607              		.ident	"GCC: (GNU Tools for ARM Embedded Processors) 5.4.1 20160609 (release) [ARM/embedded-5-bran
