--------------- Build Started: 05/09/2020 14:09:07 Project: CommandInterpreter, Configuration: ARM GCC 5.4-2016-q2-update Debug ---------------
cydsfit.exe -.appdatapath "C:\Users\shawn\AppData\Local\Cypress Semiconductor\PSoC Creator\4.2" -.fdsnotice -.fdswarpdepfile=warp_dependencies.txt -.fdselabdepfile=elab_dependencies.txt -.fdsbldfile=generated_files.txt -.fdsreffile=referenced_files.txt -p "C:\Users\shawn\Desktop\PSOC testing\CommandInterpreter.cydsn\CommandInterpreter.cyprj" -d CY8C5888LTI-LP097 -s "C:\Users\shawn\Desktop\PSOC testing\CommandInterpreter.cydsn\Generated_Source\PSoC5" -- -yv2 -q10 -ygs -o2 -v3 -.fftcfgtype=LE
Elaborating Design...
HDL Generation...
Synthesis...
Tech Mapping...
Analog Placement...
Analog Routing...
Analog Code Generation...
Digital Placement...
Digital Routing...
Bitstream Generation...
Bitstream Verification...
Static timing analysis...
Warning: sta.M0019: CommandInterpreter_timing.html: Warning-1366: Setup time violation found in a path from clock ( UART1_IntClock ) to clock ( Clock_1 ). (File=C:\Users\shawn\Desktop\PSOC testing\CommandInterpreter.cydsn\CommandInterpreter_timing.html)
API Generation...
Dependency Generation...
Cleanup...
The compile step is up to date, no work needs to be done.
The link step is up to date, no work needs to be done.
--------------- Build Succeeded: 05/09/2020 14:09:16 ---------------
