ARM GAS  C:\Users\GEORGE~1\AppData\Local\Temp\ccDnZ8l5.s 			page 1


   1              		.syntax unified
   2              		.cpu cortex-m3
   3              		.fpu softvfp
   4              		.eabi_attribute 20, 1
   5              		.eabi_attribute 21, 1
   6              		.eabi_attribute 23, 3
   7              		.eabi_attribute 24, 1
   8              		.eabi_attribute 25, 1
   9              		.eabi_attribute 26, 1
  10              		.eabi_attribute 30, 1
  11              		.eabi_attribute 34, 1
  12              		.eabi_attribute 18, 4
  13              		.thumb
  14              		.syntax unified
  15              		.file	"cymetadata.c"
  16              		.text
  17              	.Ltext0:
  18              		.cfi_sections	.debug_frame
  19              		.global	cy_metadata
  20              		.global	cy_meta_flashprotect
  21              		.global	cy_meta_wonvl
  22              		.global	cy_meta_custnvl
  23              		.global	cy_meta_configecc
  24              		.section	.cyconfigecc,"a",%progbits
  25              		.align	2
  26              		.type	cy_meta_configecc, %object
  27              		.size	cy_meta_configecc, 768
  28              	cy_meta_configecc:
  29 0000 02       		.byte	2
  30 0001 52       		.byte	82
  31 0002 00       		.byte	0
  32 0003 40       		.byte	64
  33 0004 01       		.byte	1
  34 0005 64       		.byte	100
  35 0006 00       		.byte	0
  36 0007 40       		.byte	64
  37 0008 02       		.byte	2
  38 0009 65       		.byte	101
  39 000a 00       		.byte	0
  40 000b 40       		.byte	64
  41 000c 68       		.byte	104
  42 000d 08       		.byte	8
  43 000e 01       		.byte	1
  44 000f 40       		.byte	64
  45 0010 39       		.byte	57
  46 0011 09       		.byte	9
  47 0012 01       		.byte	1
  48 0013 40       		.byte	64
  49 0014 0B       		.byte	11
  50 0015 19       		.byte	25
  51 0016 01       		.byte	1
  52 0017 40       		.byte	64
  53 0018 19       		.byte	25
  54 0019 1A       		.byte	26
  55 001a 01       		.byte	1
  56 001b 40       		.byte	64
  57 001c 49       		.byte	73
ARM GAS  C:\Users\GEORGE~1\AppData\Local\Temp\ccDnZ8l5.s 			page 2


  58 001d 1B       		.byte	27
  59 001e 01       		.byte	1
  60 001f 40       		.byte	64
  61 0020 02       		.byte	2
  62 0021 47       		.byte	71
  63 0022 01       		.byte	1
  64 0023 40       		.byte	64
  65 0024 04       		.byte	4
  66 0025 4C       		.byte	76
  67 0026 01       		.byte	1
  68 0027 40       		.byte	64
  69 0028 02       		.byte	2
  70 0029 4D       		.byte	77
  71 002a 01       		.byte	1
  72 002b 40       		.byte	64
  73 002c 04       		.byte	4
  74 002d 50       		.byte	80
  75 002e 01       		.byte	1
  76 002f 40       		.byte	64
  77 0030 08       		.byte	8
  78 0031 80       		.byte	-128
  79 0032 09       		.byte	9
  80 0033 80       		.byte	-128
  81 0034 88       		.byte	-120
  82 0035 0F       		.byte	15
  83 0036 8A       		.byte	-118
  84 0037 38       		.byte	56
  85 0038 8B       		.byte	-117
  86 0039 72       		.byte	114
  87 003a 04       		.byte	4
  88 003b 13       		.byte	19
  89 003c 06       		.byte	6
  90 003d 64       		.byte	100
  91 003e 08       		.byte	8
  92 003f 13       		.byte	19
  93 0040 09       		.byte	9
  94 0041 19       		.byte	25
  95 0042 0A       		.byte	10
  96 0043 2C       		.byte	44
  97 0044 0D       		.byte	13
  98 0045 01       		.byte	1
  99 0046 0E       		.byte	14
 100 0047 48       		.byte	72
 101 0048 12       		.byte	18
 102 0049 40       		.byte	64
 103 004a 15       		.byte	21
 104 004b 10       		.byte	16
 105 004c 17       		.byte	23
 106 004d 0C       		.byte	12
 107 004e 18       		.byte	24
 108 004f 03       		.byte	3
 109 0050 1A       		.byte	26
 110 0051 14       		.byte	20
 111 0052 1B       		.byte	27
 112 0053 02       		.byte	2
 113 0054 24       		.byte	36
 114 0055 4A       		.byte	74
ARM GAS  C:\Users\GEORGE~1\AppData\Local\Temp\ccDnZ8l5.s 			page 3


 115 0056 25       		.byte	37
 116 0057 19       		.byte	25
 117 0058 26       		.byte	38
 118 0059 34       		.byte	52
 119 005a 2A       		.byte	42
 120 005b 35       		.byte	53
 121 005c 2D       		.byte	45
 122 005d 08       		.byte	8
 123 005e 2F       		.byte	47
 124 005f 14       		.byte	20
 125 0060 30       		.byte	48
 126 0061 10       		.byte	16
 127 0062 32       		.byte	50
 128 0063 68       		.byte	104
 129 0064 33       		.byte	51
 130 0065 18       		.byte	24
 131 0066 34       		.byte	52
 132 0067 0F       		.byte	15
 133 0068 35       		.byte	53
 134 0069 06       		.byte	6
 135 006a 37       		.byte	55
 136 006b 01       		.byte	1
 137 006c 3A       		.byte	58
 138 006d 28       		.byte	40
 139 006e 3E       		.byte	62
 140 006f 01       		.byte	1
 141 0070 3F       		.byte	63
 142 0071 10       		.byte	16
 143 0072 40       		.byte	64
 144 0073 26       		.byte	38
 145 0074 41       		.byte	65
 146 0075 03       		.byte	3
 147 0076 45       		.byte	69
 148 0077 0C       		.byte	12
 149 0078 46       		.byte	70
 150 0079 CB       		.byte	-53
 151 007a 47       		.byte	71
 152 007b E0       		.byte	-32
 153 007c 48       		.byte	72
 154 007d 2D       		.byte	45
 155 007e 49       		.byte	73
 156 007f FF       		.byte	-1
 157 0080 4A       		.byte	74
 158 0081 FF       		.byte	-1
 159 0082 4B       		.byte	75
 160 0083 FF       		.byte	-1
 161 0084 4E       		.byte	78
 162 0085 F0       		.byte	-16
 163 0086 4F       		.byte	79
 164 0087 44       		.byte	68
 165 0088 50       		.byte	80
 166 0089 0C       		.byte	12
 167 008a 54       		.byte	84
 168 008b 01       		.byte	1
 169 008c 58       		.byte	88
 170 008d 04       		.byte	4
 171 008e 59       		.byte	89
ARM GAS  C:\Users\GEORGE~1\AppData\Local\Temp\ccDnZ8l5.s 			page 4


 172 008f 04       		.byte	4
 173 0090 5A       		.byte	90
 174 0091 04       		.byte	4
 175 0092 5B       		.byte	91
 176 0093 04       		.byte	4
 177 0094 5F       		.byte	95
 178 0095 01       		.byte	1
 179 0096 66       		.byte	102
 180 0097 C0       		.byte	-64
 181 0098 6A       		.byte	106
 182 0099 40       		.byte	64
 183 009a 6B       		.byte	107
 184 009b 02       		.byte	2
 185 009c 80       		.byte	-128
 186 009d 40       		.byte	64
 187 009e 82       		.byte	-126
 188 009f 20       		.byte	32
 189 00a0 84       		.byte	-124
 190 00a1 E0       		.byte	-32
 191 00a2 85       		.byte	-123
 192 00a3 2C       		.byte	44
 193 00a4 87       		.byte	-121
 194 00a5 43       		.byte	67
 195 00a6 88       		.byte	-120
 196 00a7 0C       		.byte	12
 197 00a8 89       		.byte	-119
 198 00a9 80       		.byte	-128
 199 00aa 8A       		.byte	-118
 200 00ab 11       		.byte	17
 201 00ac 8B       		.byte	-117
 202 00ad 13       		.byte	19
 203 00ae 8C       		.byte	-116
 204 00af 09       		.byte	9
 205 00b0 8E       		.byte	-114
 206 00b1 10       		.byte	16
 207 00b2 8F       		.byte	-113
 208 00b3 0C       		.byte	12
 209 00b4 90       		.byte	-112
 210 00b5 20       		.byte	32
 211 00b6 92       		.byte	-110
 212 00b7 C0       		.byte	-64
 213 00b8 93       		.byte	-109
 214 00b9 08       		.byte	8
 215 00ba 94       		.byte	-108
 216 00bb E0       		.byte	-32
 217 00bc 98       		.byte	-104
 218 00bd 10       		.byte	16
 219 00be 99       		.byte	-103
 220 00bf 71       		.byte	113
 221 00c0 9A       		.byte	-102
 222 00c1 0C       		.byte	12
 223 00c2 9B       		.byte	-101
 224 00c3 06       		.byte	6
 225 00c4 9E       		.byte	-98
 226 00c5 03       		.byte	3
 227 00c6 A0       		.byte	-96
 228 00c7 14       		.byte	20
ARM GAS  C:\Users\GEORGE~1\AppData\Local\Temp\ccDnZ8l5.s 			page 5


 229 00c8 A4       		.byte	-92
 230 00c9 1C       		.byte	28
 231 00ca A5       		.byte	-91
 232 00cb 71       		.byte	113
 233 00cc A6       		.byte	-90
 234 00cd 02       		.byte	2
 235 00ce A7       		.byte	-89
 236 00cf 0E       		.byte	14
 237 00d0 A8       		.byte	-88
 238 00d1 80       		.byte	-128
 239 00d2 AA       		.byte	-86
 240 00d3 20       		.byte	32
 241 00d4 AC       		.byte	-84
 242 00d5 10       		.byte	16
 243 00d6 B1       		.byte	-79
 244 00d7 C0       		.byte	-64
 245 00d8 B3       		.byte	-77
 246 00d9 0F       		.byte	15
 247 00da B4       		.byte	-76
 248 00db E0       		.byte	-32
 249 00dc B5       		.byte	-75
 250 00dd 30       		.byte	48
 251 00de B6       		.byte	-74
 252 00df 1F       		.byte	31
 253 00e0 B9       		.byte	-71
 254 00e1 22       		.byte	34
 255 00e2 BB       		.byte	-69
 256 00e3 08       		.byte	8
 257 00e4 BF       		.byte	-65
 258 00e5 10       		.byte	16
 259 00e6 C0       		.byte	-64
 260 00e7 02       		.byte	2
 261 00e8 C7       		.byte	-57
 262 00e9 40       		.byte	64
 263 00ea C9       		.byte	-55
 264 00eb FF       		.byte	-1
 265 00ec CA       		.byte	-54
 266 00ed 07       		.byte	7
 267 00ee CB       		.byte	-53
 268 00ef FF       		.byte	-1
 269 00f0 CC       		.byte	-52
 270 00f1 40       		.byte	64
 271 00f2 CD       		.byte	-51
 272 00f3 20       		.byte	32
 273 00f4 CE       		.byte	-50
 274 00f5 F0       		.byte	-16
 275 00f6 CF       		.byte	-49
 276 00f7 05       		.byte	5
 277 00f8 D0       		.byte	-48
 278 00f9 08       		.byte	8
 279 00fa D8       		.byte	-40
 280 00fb 04       		.byte	4
 281 00fc D9       		.byte	-39
 282 00fd 04       		.byte	4
 283 00fe DA       		.byte	-38
 284 00ff 04       		.byte	4
 285 0100 DF       		.byte	-33
ARM GAS  C:\Users\GEORGE~1\AppData\Local\Temp\ccDnZ8l5.s 			page 6


 286 0101 01       		.byte	1
 287 0102 E0       		.byte	-32
 288 0103 40       		.byte	64
 289 0104 E1       		.byte	-31
 290 0105 A8       		.byte	-88
 291 0106 E2       		.byte	-30
 292 0107 40       		.byte	64
 293 0108 E3       		.byte	-29
 294 0109 20       		.byte	32
 295 010a 00       		.byte	0
 296 010b 60       		.byte	96
 297 010c 01       		.byte	1
 298 010d 06       		.byte	6
 299 010e 04       		.byte	4
 300 010f 40       		.byte	64
 301 0110 05       		.byte	5
 302 0111 14       		.byte	20
 303 0112 09       		.byte	9
 304 0113 01       		.byte	1
 305 0114 0A       		.byte	10
 306 0115 15       		.byte	21
 307 0116 0C       		.byte	12
 308 0117 02       		.byte	2
 309 0118 0F       		.byte	15
 310 0119 08       		.byte	8
 311 011a 10       		.byte	16
 312 011b 12       		.byte	18
 313 011c 12       		.byte	18
 314 011d 48       		.byte	72
 315 011e 14       		.byte	20
 316 011f 10       		.byte	16
 317 0120 15       		.byte	21
 318 0121 18       		.byte	24
 319 0122 19       		.byte	25
 320 0123 20       		.byte	32
 321 0124 1A       		.byte	26
 322 0125 01       		.byte	1
 323 0126 1C       		.byte	28
 324 0127 20       		.byte	32
 325 0128 1D       		.byte	29
 326 0129 1C       		.byte	28
 327 012a 1E       		.byte	30
 328 012b 44       		.byte	68
 329 012c 20       		.byte	32
 330 012d 44       		.byte	68
 331 012e 21       		.byte	33
 332 012f 04       		.byte	4
 333 0130 26       		.byte	38
 334 0131 08       		.byte	8
 335 0132 27       		.byte	39
 336 0133 0A       		.byte	10
 337 0134 29       		.byte	41
 338 0135 04       		.byte	4
 339 0136 2F       		.byte	47
 340 0137 21       		.byte	33
 341 0138 30       		.byte	48
 342 0139 02       		.byte	2
ARM GAS  C:\Users\GEORGE~1\AppData\Local\Temp\ccDnZ8l5.s 			page 7


 343 013a 31       		.byte	49
 344 013b 10       		.byte	16
 345 013c 33       		.byte	51
 346 013d 10       		.byte	16
 347 013e 34       		.byte	52
 348 013f 24       		.byte	36
 349 0140 35       		.byte	53
 350 0141 20       		.byte	32
 351 0142 36       		.byte	54
 352 0143 08       		.byte	8
 353 0144 38       		.byte	56
 354 0145 60       		.byte	96
 355 0146 39       		.byte	57
 356 0147 18       		.byte	24
 357 0148 3D       		.byte	61
 358 0149 40       		.byte	64
 359 014a 3E       		.byte	62
 360 014b 10       		.byte	16
 361 014c 40       		.byte	64
 362 014d 04       		.byte	4
 363 014e 45       		.byte	69
 364 014f 08       		.byte	8
 365 0150 47       		.byte	71
 366 0151 10       		.byte	16
 367 0152 4D       		.byte	77
 368 0153 10       		.byte	16
 369 0154 4F       		.byte	79
 370 0155 08       		.byte	8
 371 0156 50       		.byte	80
 372 0157 12       		.byte	18
 373 0158 56       		.byte	86
 374 0159 40       		.byte	64
 375 015a 57       		.byte	87
 376 015b 12       		.byte	18
 377 015c 5D       		.byte	93
 378 015d 08       		.byte	8
 379 015e 5E       		.byte	94
 380 015f 42       		.byte	66
 381 0160 5F       		.byte	95
 382 0161 10       		.byte	16
 383 0162 63       		.byte	99
 384 0163 30       		.byte	48
 385 0164 7A       		.byte	122
 386 0165 01       		.byte	1
 387 0166 7B       		.byte	123
 388 0167 02       		.byte	2
 389 0168 8D       		.byte	-115
 390 0169 21       		.byte	33
 391 016a C0       		.byte	-64
 392 016b EF       		.byte	-17
 393 016c C2       		.byte	-62
 394 016d 5F       		.byte	95
 395 016e C4       		.byte	-60
 396 016f 6F       		.byte	111
 397 0170 CA       		.byte	-54
 398 0171 52       		.byte	82
 399 0172 CC       		.byte	-52
ARM GAS  C:\Users\GEORGE~1\AppData\Local\Temp\ccDnZ8l5.s 			page 8


 400 0173 65       		.byte	101
 401 0174 CE       		.byte	-50
 402 0175 3E       		.byte	62
 403 0176 D0       		.byte	-48
 404 0177 64       		.byte	100
 405 0178 D2       		.byte	-46
 406 0179 20       		.byte	32
 407 017a D6       		.byte	-42
 408 017b F0       		.byte	-16
 409 017c 92       		.byte	-110
 410 017d 01       		.byte	1
 411 017e 95       		.byte	-107
 412 017f 44       		.byte	68
 413 0180 96       		.byte	-106
 414 0181 10       		.byte	16
 415 0182 98       		.byte	-104
 416 0183 24       		.byte	36
 417 0184 99       		.byte	-103
 418 0185 02       		.byte	2
 419 0186 9B       		.byte	-101
 420 0187 0A       		.byte	10
 421 0188 9D       		.byte	-99
 422 0189 08       		.byte	8
 423 018a A3       		.byte	-93
 424 018b 02       		.byte	2
 425 018c A7       		.byte	-89
 426 018d 20       		.byte	32
 427 018e B5       		.byte	-75
 428 018f 02       		.byte	2
 429 0190 B7       		.byte	-73
 430 0191 01       		.byte	1
 431 0192 02       		.byte	2
 432 0193 01       		.byte	1
 433 0194 06       		.byte	6
 434 0195 01       		.byte	1
 435 0196 0B       		.byte	11
 436 0197 02       		.byte	2
 437 0198 0C       		.byte	12
 438 0199 04       		.byte	4
 439 019a 12       		.byte	18
 440 019b 02       		.byte	2
 441 019c 13       		.byte	19
 442 019d 02       		.byte	2
 443 019e 18       		.byte	24
 444 019f 01       		.byte	1
 445 01a0 1C       		.byte	28
 446 01a1 08       		.byte	8
 447 01a2 23       		.byte	35
 448 01a3 01       		.byte	1
 449 01a4 2A       		.byte	42
 450 01a5 02       		.byte	2
 451 01a6 2C       		.byte	44
 452 01a7 01       		.byte	1
 453 01a8 30       		.byte	48
 454 01a9 02       		.byte	2
 455 01aa 32       		.byte	50
 456 01ab 04       		.byte	4
ARM GAS  C:\Users\GEORGE~1\AppData\Local\Temp\ccDnZ8l5.s 			page 9


 457 01ac 34       		.byte	52
 458 01ad 08       		.byte	8
 459 01ae 35       		.byte	53
 460 01af 02       		.byte	2
 461 01b0 36       		.byte	54
 462 01b1 01       		.byte	1
 463 01b2 37       		.byte	55
 464 01b3 01       		.byte	1
 465 01b4 38       		.byte	56
 466 01b5 80       		.byte	-128
 467 01b6 3E       		.byte	62
 468 01b7 15       		.byte	21
 469 01b8 3F       		.byte	63
 470 01b9 10       		.byte	16
 471 01ba 54       		.byte	84
 472 01bb 18       		.byte	24
 473 01bc 58       		.byte	88
 474 01bd 04       		.byte	4
 475 01be 59       		.byte	89
 476 01bf 04       		.byte	4
 477 01c0 5B       		.byte	91
 478 01c1 04       		.byte	4
 479 01c2 5F       		.byte	95
 480 01c3 01       		.byte	1
 481 01c4 00       		.byte	0
 482 01c5 02       		.byte	2
 483 01c6 03       		.byte	3
 484 01c7 12       		.byte	18
 485 01c8 05       		.byte	5
 486 01c9 42       		.byte	66
 487 01ca 07       		.byte	7
 488 01cb 24       		.byte	36
 489 01cc 0A       		.byte	10
 490 01cd 85       		.byte	-123
 491 01ce 0C       		.byte	12
 492 01cf 45       		.byte	69
 493 01d0 0E       		.byte	14
 494 01d1 44       		.byte	68
 495 01d2 0F       		.byte	15
 496 01d3 80       		.byte	-128
 497 01d4 10       		.byte	16
 498 01d5 01       		.byte	1
 499 01d6 11       		.byte	17
 500 01d7 20       		.byte	32
 501 01d8 14       		.byte	20
 502 01d9 20       		.byte	32
 503 01da 15       		.byte	21
 504 01db 10       		.byte	16
 505 01dc 16       		.byte	22
 506 01dd 01       		.byte	1
 507 01de 17       		.byte	23
 508 01df 10       		.byte	16
 509 01e0 19       		.byte	25
 510 01e1 08       		.byte	8
 511 01e2 1A       		.byte	26
 512 01e3 0A       		.byte	10
 513 01e4 1B       		.byte	27
ARM GAS  C:\Users\GEORGE~1\AppData\Local\Temp\ccDnZ8l5.s 			page 10


 514 01e5 01       		.byte	1
 515 01e6 1C       		.byte	28
 516 01e7 02       		.byte	2
 517 01e8 1D       		.byte	29
 518 01e9 40       		.byte	64
 519 01ea 1E       		.byte	30
 520 01eb 64       		.byte	100
 521 01ec 23       		.byte	35
 522 01ed 05       		.byte	5
 523 01ee 25       		.byte	37
 524 01ef 10       		.byte	16
 525 01f0 27       		.byte	39
 526 01f1 11       		.byte	17
 527 01f2 29       		.byte	41
 528 01f3 02       		.byte	2
 529 01f4 2D       		.byte	45
 530 01f5 12       		.byte	18
 531 01f6 2E       		.byte	46
 532 01f7 44       		.byte	68
 533 01f8 32       		.byte	50
 534 01f9 01       		.byte	1
 535 01fa 34       		.byte	52
 536 01fb 24       		.byte	36
 537 01fc 35       		.byte	53
 538 01fd 40       		.byte	64
 539 01fe 37       		.byte	55
 540 01ff 02       		.byte	2
 541 0200 3A       		.byte	58
 542 0201 10       		.byte	16
 543 0202 3C       		.byte	60
 544 0203 80       		.byte	-128
 545 0204 3E       		.byte	62
 546 0205 28       		.byte	40
 547 0206 3F       		.byte	63
 548 0207 01       		.byte	1
 549 0208 44       		.byte	68
 550 0209 40       		.byte	64
 551 020a 45       		.byte	69
 552 020b 10       		.byte	16
 553 020c 47       		.byte	71
 554 020d 0A       		.byte	10
 555 020e 4C       		.byte	76
 556 020f 08       		.byte	8
 557 0210 4E       		.byte	78
 558 0211 40       		.byte	64
 559 0212 4F       		.byte	79
 560 0213 80       		.byte	-128
 561 0214 56       		.byte	86
 562 0215 10       		.byte	16
 563 0216 5B       		.byte	91
 564 0217 01       		.byte	1
 565 0218 5E       		.byte	94
 566 0219 20       		.byte	32
 567 021a 63       		.byte	99
 568 021b 06       		.byte	6
 569 021c 6D       		.byte	109
 570 021d 44       		.byte	68
ARM GAS  C:\Users\GEORGE~1\AppData\Local\Temp\ccDnZ8l5.s 			page 11


 571 021e 6E       		.byte	110
 572 021f 10       		.byte	16
 573 0220 6F       		.byte	111
 574 0221 20       		.byte	32
 575 0222 74       		.byte	116
 576 0223 40       		.byte	64
 577 0224 76       		.byte	118
 578 0225 29       		.byte	41
 579 0226 77       		.byte	119
 580 0227 24       		.byte	36
 581 0228 86       		.byte	-122
 582 0229 04       		.byte	4
 583 022a 88       		.byte	-120
 584 022b 08       		.byte	8
 585 022c 8A       		.byte	-118
 586 022d 04       		.byte	4
 587 022e 92       		.byte	-110
 588 022f 01       		.byte	1
 589 0230 95       		.byte	-107
 590 0231 44       		.byte	68
 591 0232 96       		.byte	-106
 592 0233 10       		.byte	16
 593 0234 98       		.byte	-104
 594 0235 24       		.byte	36
 595 0236 99       		.byte	-103
 596 0237 02       		.byte	2
 597 0238 9B       		.byte	-101
 598 0239 0A       		.byte	10
 599 023a 9D       		.byte	-99
 600 023b 08       		.byte	8
 601 023c A3       		.byte	-93
 602 023d 02       		.byte	2
 603 023e A7       		.byte	-89
 604 023f 20       		.byte	32
 605 0240 C0       		.byte	-64
 606 0241 FD       		.byte	-3
 607 0242 C2       		.byte	-62
 608 0243 FB       		.byte	-5
 609 0244 C4       		.byte	-60
 610 0245 E3       		.byte	-29
 611 0246 CA       		.byte	-54
 612 0247 F1       		.byte	-15
 613 0248 CC       		.byte	-52
 614 0249 F1       		.byte	-15
 615 024a CE       		.byte	-50
 616 024b F4       		.byte	-12
 617 024c D0       		.byte	-48
 618 024d E0       		.byte	-32
 619 024e D2       		.byte	-46
 620 024f 30       		.byte	48
 621 0250 D6       		.byte	-42
 622 0251 21       		.byte	33
 623 0252 D8       		.byte	-40
 624 0253 0C       		.byte	12
 625 0254 E4       		.byte	-28
 626 0255 08       		.byte	8
 627 0256 01       		.byte	1
ARM GAS  C:\Users\GEORGE~1\AppData\Local\Temp\ccDnZ8l5.s 			page 12


 628 0257 08       		.byte	8
 629 0258 C0       		.byte	-64
 630 0259 08       		.byte	8
 631 025a 67       		.byte	103
 632 025b 08       		.byte	8
 633 025c B5       		.byte	-75
 634 025d 08       		.byte	8
 635 025e D8       		.byte	-40
 636 025f 01       		.byte	1
 637 0260 EA       		.byte	-22
 638 0261 02       		.byte	2
 639 0262 87       		.byte	-121
 640 0263 04       		.byte	4
 641 0264 97       		.byte	-105
 642 0265 08       		.byte	8
 643 0266 00       		.byte	0
 644 0267 01       		.byte	1
 645 0268 0C       		.byte	12
 646 0269 01       		.byte	1
 647 026a 10       		.byte	16
 648 026b 01       		.byte	1
 649 026c 1C       		.byte	28
 650 026d 01       		.byte	1
 651 026e 00       		.byte	0
 652 026f 00       		.byte	0
 653 0270 01       		.byte	1
 654 0271 00       		.byte	0
 655 0272 00       		.byte	0
 656 0273 04       		.byte	4
 657 0274 0C       		.byte	12
 658 0275 08       		.byte	8
 659 0276 00       		.byte	0
 660 0277 00       		.byte	0
 661 0278 04       		.byte	4
 662 0279 18       		.byte	24
 663 027a 00       		.byte	0
 664 027b 00       		.byte	0
 665 027c 1F       		.byte	31
 666 027d 10       		.byte	16
 667 027e 20       		.byte	32
 668 027f 00       		.byte	0
 669 0280 3F       		.byte	63
 670 0281 00       		.byte	0
 671 0282 00       		.byte	0
 672 0283 E3       		.byte	-29
 673 0284 02       		.byte	2
 674 0285 80       		.byte	-128
 675 0286 00       		.byte	0
 676 0287 00       		.byte	0
 677 0288 33       		.byte	51
 678 0289 C0       		.byte	-64
 679 028a 0C       		.byte	12
 680 028b 00       		.byte	0
 681 028c 00       		.byte	0
 682 028d 1C       		.byte	28
 683 028e 23       		.byte	35
 684 028f E1       		.byte	-31
ARM GAS  C:\Users\GEORGE~1\AppData\Local\Temp\ccDnZ8l5.s 			page 13


 685 0290 00       		.byte	0
 686 0291 44       		.byte	68
 687 0292 00       		.byte	0
 688 0293 00       		.byte	0
 689 0294 03       		.byte	3
 690 0295 E7       		.byte	-25
 691 0296 00       		.byte	0
 692 0297 18       		.byte	24
 693 0298 1C       		.byte	28
 694 0299 3C       		.byte	60
 695 029a 23       		.byte	35
 696 029b C2       		.byte	-62
 697 029c 08       		.byte	8
 698 029d FF       		.byte	-1
 699 029e 00       		.byte	0
 700 029f 00       		.byte	0
 701 02a0 00       		.byte	0
 702 02a1 00       		.byte	0
 703 02a2 10       		.byte	16
 704 02a3 1F       		.byte	31
 705 02a4 0F       		.byte	15
 706 02a5 38       		.byte	56
 707 02a6 2C       		.byte	44
 708 02a7 C0       		.byte	-64
 709 02a8 00       		.byte	0
 710 02a9 00       		.byte	0
 711 02aa A2       		.byte	-94
 712 02ab 08       		.byte	8
 713 02ac 00       		.byte	0
 714 02ad 00       		.byte	0
 715 02ae 04       		.byte	4
 716 02af 00       		.byte	0
 717 02b0 64       		.byte	100
 718 02b1 05       		.byte	5
 719 02b2 02       		.byte	2
 720 02b3 00       		.byte	0
 721 02b4 03       		.byte	3
 722 02b5 C0       		.byte	-64
 723 02b6 E0       		.byte	-32
 724 02b7 00       		.byte	0
 725 02b8 0A       		.byte	10
 726 02b9 FF       		.byte	-1
 727 02ba FF       		.byte	-1
 728 02bb FF       		.byte	-1
 729 02bc 62       		.byte	98
 730 02bd A0       		.byte	-96
 731 02be F0       		.byte	-16
 732 02bf 41       		.byte	65
 733 02c0 0C       		.byte	12
 734 02c1 00       		.byte	0
 735 02c2 00       		.byte	0
 736 02c3 00       		.byte	0
 737 02c4 00       		.byte	0
 738 02c5 00       		.byte	0
 739 02c6 02       		.byte	2
 740 02c7 11       		.byte	17
 741 02c8 04       		.byte	4
ARM GAS  C:\Users\GEORGE~1\AppData\Local\Temp\ccDnZ8l5.s 			page 14


 742 02c9 04       		.byte	4
 743 02ca 04       		.byte	4
 744 02cb 04       		.byte	4
 745 02cc 00       		.byte	0
 746 02cd 00       		.byte	0
 747 02ce 00       		.byte	0
 748 02cf 01       		.byte	1
 749 02d0 00       		.byte	0
 750 02d1 00       		.byte	0
 751 02d2 00       		.byte	0
 752 02d3 00       		.byte	0
 753 02d4 00       		.byte	0
 754 02d5 00       		.byte	0
 755 02d6 40       		.byte	64
 756 02d7 02       		.byte	2
 757 02d8 00       		.byte	0
 758 02d9 10       		.byte	16
 759 02da 30       		.byte	48
 760 02db 10       		.byte	16
 761 02dc 00       		.byte	0
 762 02dd 10       		.byte	16
 763 02de 10       		.byte	16
 764 02df 12       		.byte	18
 765 02e0 00       		.byte	0
 766 02e1 00       		.byte	0
 767 02e2 00       		.byte	0
 768 02e3 00       		.byte	0
 769 02e4 00       		.byte	0
 770 02e5 00       		.byte	0
 771 02e6 00       		.byte	0
 772 02e7 00       		.byte	0
 773 02e8 00       		.byte	0
 774 02e9 00       		.byte	0
 775 02ea 00       		.byte	0
 776 02eb 00       		.byte	0
 777 02ec 00       		.byte	0
 778 02ed 00       		.byte	0
 779 02ee 00       		.byte	0
 780 02ef 00       		.byte	0
 781 02f0 80       		.byte	-128
 782 02f1 00       		.byte	0
 783 02f2 00       		.byte	0
 784 02f3 8B       		.byte	-117
 785 02f4 8B       		.byte	-117
 786 02f5 00       		.byte	0
 787 02f6 80       		.byte	-128
 788 02f7 00       		.byte	0
 789 02f8 40       		.byte	64
 790 02f9 00       		.byte	0
 791 02fa 00       		.byte	0
 792 02fb 00       		.byte	0
 793 02fc 01       		.byte	1
 794 02fd 00       		.byte	0
 795 02fe 18       		.byte	24
 796 02ff 01       		.byte	1
 797              		.section	.cywolatch,"a",%progbits
 798              		.align	2
ARM GAS  C:\Users\GEORGE~1\AppData\Local\Temp\ccDnZ8l5.s 			page 15


 799              		.type	cy_meta_wonvl, %object
 800              		.size	cy_meta_wonvl, 4
 801              	cy_meta_wonvl:
 802 0000 BC       		.byte	-68
 803 0001 90       		.byte	-112
 804 0002 AC       		.byte	-84
 805 0003 AF       		.byte	-81
 806              		.section	.cycustnvl,"a",%progbits
 807              		.align	2
 808              		.type	cy_meta_custnvl, %object
 809              		.size	cy_meta_custnvl, 4
 810              	cy_meta_custnvl:
 811 0000 00       		.byte	0
 812 0001 00       		.byte	0
 813 0002 40       		.byte	64
 814 0003 05       		.byte	5
 815              		.section	.cymeta,"a",%progbits
 816              		.align	2
 817              		.type	cy_metadata, %object
 818              		.size	cy_metadata, 12
 819              	cy_metadata:
 820 0000 00       		.byte	0
 821 0001 01       		.byte	1
 822 0002 2E       		.byte	46
 823 0003 16       		.byte	22
 824 0004 10       		.byte	16
 825 0005 69       		.byte	105
 826 0006 00       		.byte	0
 827 0007 01       		.byte	1
 828 0008 00       		.byte	0
 829 0009 00       		.byte	0
 830 000a 00       		.byte	0
 831 000b 00       		.byte	0
 832              		.section	.cyflashprotect,"a",%progbits
 833              		.align	2
 834              		.type	cy_meta_flashprotect, %object
 835              		.size	cy_meta_flashprotect, 256
 836              	cy_meta_flashprotect:
 837 0000 00000000 		.space	256
 837      00000000 
 837      00000000 
 837      00000000 
 837      00000000 
 838              		.text
 839              	.Letext0:
 840              		.file 1 "c:\\program files (x86)\\cypress\\psoc creator\\4.2\\psoc creator\\import\\gnu\\arm\\5.4.
 841              		.file 2 "c:\\program files (x86)\\cypress\\psoc creator\\4.2\\psoc creator\\import\\gnu\\arm\\5.4.
 842              		.file 3 "Generated_Source\\PSoC5\\cymetadata.c"
 843              		.section	.debug_info,"",%progbits
 844              	.Ldebug_info0:
 845 0000 31010000 		.4byte	0x131
 846 0004 0400     		.2byte	0x4
 847 0006 00000000 		.4byte	.Ldebug_abbrev0
 848 000a 04       		.byte	0x4
 849 000b 01       		.uleb128 0x1
 850 000c 24000000 		.4byte	.LASF17
 851 0010 0C       		.byte	0xc
ARM GAS  C:\Users\GEORGE~1\AppData\Local\Temp\ccDnZ8l5.s 			page 16


 852 0011 E8010000 		.4byte	.LASF18
 853 0015 06010000 		.4byte	.LASF19
 854 0019 00000000 		.4byte	.Ldebug_line0
 855 001d 02       		.uleb128 0x2
 856 001e 01       		.byte	0x1
 857 001f 06       		.byte	0x6
 858 0020 DC010000 		.4byte	.LASF0
 859 0024 03       		.uleb128 0x3
 860 0025 00000000 		.4byte	.LASF9
 861 0029 01       		.byte	0x1
 862 002a 1D       		.byte	0x1d
 863 002b 2F000000 		.4byte	0x2f
 864 002f 02       		.uleb128 0x2
 865 0030 01       		.byte	0x1
 866 0031 08       		.byte	0x8
 867 0032 16000000 		.4byte	.LASF1
 868 0036 02       		.uleb128 0x2
 869 0037 02       		.byte	0x2
 870 0038 05       		.byte	0x5
 871 0039 C9010000 		.4byte	.LASF2
 872 003d 02       		.uleb128 0x2
 873 003e 02       		.byte	0x2
 874 003f 07       		.byte	0x7
 875 0040 C4000000 		.4byte	.LASF3
 876 0044 02       		.uleb128 0x2
 877 0045 04       		.byte	0x4
 878 0046 05       		.byte	0x5
 879 0047 D3010000 		.4byte	.LASF4
 880 004b 02       		.uleb128 0x2
 881 004c 04       		.byte	0x4
 882 004d 07       		.byte	0x7
 883 004e B2000000 		.4byte	.LASF5
 884 0052 02       		.uleb128 0x2
 885 0053 08       		.byte	0x8
 886 0054 05       		.byte	0x5
 887 0055 BB010000 		.4byte	.LASF6
 888 0059 02       		.uleb128 0x2
 889 005a 08       		.byte	0x8
 890 005b 07       		.byte	0x7
 891 005c 70010000 		.4byte	.LASF7
 892 0060 04       		.uleb128 0x4
 893 0061 04       		.byte	0x4
 894 0062 05       		.byte	0x5
 895 0063 696E7400 		.ascii	"int\000"
 896 0067 02       		.uleb128 0x2
 897 0068 04       		.byte	0x4
 898 0069 07       		.byte	0x7
 899 006a F9000000 		.4byte	.LASF8
 900 006e 03       		.uleb128 0x3
 901 006f 87010000 		.4byte	.LASF10
 902 0073 02       		.byte	0x2
 903 0074 18       		.byte	0x18
 904 0075 24000000 		.4byte	0x24
 905 0079 05       		.uleb128 0x5
 906 007a 91000000 		.4byte	0x91
 907 007e 8A000000 		.4byte	0x8a
 908 0082 06       		.uleb128 0x6
ARM GAS  C:\Users\GEORGE~1\AppData\Local\Temp\ccDnZ8l5.s 			page 17


 909 0083 8A000000 		.4byte	0x8a
 910 0087 FF02     		.2byte	0x2ff
 911 0089 00       		.byte	0
 912 008a 02       		.uleb128 0x2
 913 008b 04       		.byte	0x4
 914 008c 07       		.byte	0x7
 915 008d B2010000 		.4byte	.LASF11
 916 0091 07       		.uleb128 0x7
 917 0092 6E000000 		.4byte	0x6e
 918 0096 08       		.uleb128 0x8
 919 0097 E7000000 		.4byte	.LASF12
 920 009b 03       		.byte	0x3
 921 009c 1F       		.byte	0x1f
 922 009d A7000000 		.4byte	0xa7
 923 00a1 05       		.uleb128 0x5
 924 00a2 03       		.byte	0x3
 925 00a3 00000000 		.4byte	cy_meta_configecc
 926 00a7 07       		.uleb128 0x7
 927 00a8 79000000 		.4byte	0x79
 928 00ac 05       		.uleb128 0x5
 929 00ad 91000000 		.4byte	0x91
 930 00b1 BC000000 		.4byte	0xbc
 931 00b5 09       		.uleb128 0x9
 932 00b6 8A000000 		.4byte	0x8a
 933 00ba 03       		.byte	0x3
 934 00bb 00       		.byte	0
 935 00bc 08       		.uleb128 0x8
 936 00bd D7000000 		.4byte	.LASF13
 937 00c1 03       		.byte	0x3
 938 00c2 8C       		.byte	0x8c
 939 00c3 CD000000 		.4byte	0xcd
 940 00c7 05       		.uleb128 0x5
 941 00c8 03       		.byte	0x3
 942 00c9 00000000 		.4byte	cy_meta_custnvl
 943 00cd 07       		.uleb128 0x7
 944 00ce AC000000 		.4byte	0xac
 945 00d2 08       		.uleb128 0x8
 946 00d3 A4010000 		.4byte	.LASF14
 947 00d7 03       		.byte	0x3
 948 00d8 9A       		.byte	0x9a
 949 00d9 E3000000 		.4byte	0xe3
 950 00dd 05       		.uleb128 0x5
 951 00de 03       		.byte	0x3
 952 00df 00000000 		.4byte	cy_meta_wonvl
 953 00e3 07       		.uleb128 0x7
 954 00e4 AC000000 		.4byte	0xac
 955 00e8 05       		.uleb128 0x5
 956 00e9 91000000 		.4byte	0x91
 957 00ed F8000000 		.4byte	0xf8
 958 00f1 09       		.uleb128 0x9
 959 00f2 8A000000 		.4byte	0x8a
 960 00f6 FF       		.byte	0xff
 961 00f7 00       		.byte	0
 962 00f8 08       		.uleb128 0x8
 963 00f9 8F010000 		.4byte	.LASF15
 964 00fd 03       		.byte	0x3
 965 00fe A8       		.byte	0xa8
ARM GAS  C:\Users\GEORGE~1\AppData\Local\Temp\ccDnZ8l5.s 			page 18


 966 00ff 09010000 		.4byte	0x109
 967 0103 05       		.uleb128 0x5
 968 0104 03       		.byte	0x3
 969 0105 00000000 		.4byte	cy_meta_flashprotect
 970 0109 07       		.uleb128 0x7
 971 010a E8000000 		.4byte	0xe8
 972 010e 05       		.uleb128 0x5
 973 010f 91000000 		.4byte	0x91
 974 0113 1E010000 		.4byte	0x11e
 975 0117 09       		.uleb128 0x9
 976 0118 8A000000 		.4byte	0x8a
 977 011c 0B       		.byte	0xb
 978 011d 00       		.byte	0
 979 011e 08       		.uleb128 0x8
 980 011f 0A000000 		.4byte	.LASF16
 981 0123 03       		.byte	0x3
 982 0124 D5       		.byte	0xd5
 983 0125 2F010000 		.4byte	0x12f
 984 0129 05       		.uleb128 0x5
 985 012a 03       		.byte	0x3
 986 012b 00000000 		.4byte	cy_metadata
 987 012f 07       		.uleb128 0x7
 988 0130 0E010000 		.4byte	0x10e
 989 0134 00       		.byte	0
 990              		.section	.debug_abbrev,"",%progbits
 991              	.Ldebug_abbrev0:
 992 0000 01       		.uleb128 0x1
 993 0001 11       		.uleb128 0x11
 994 0002 01       		.byte	0x1
 995 0003 25       		.uleb128 0x25
 996 0004 0E       		.uleb128 0xe
 997 0005 13       		.uleb128 0x13
 998 0006 0B       		.uleb128 0xb
 999 0007 03       		.uleb128 0x3
 1000 0008 0E       		.uleb128 0xe
 1001 0009 1B       		.uleb128 0x1b
 1002 000a 0E       		.uleb128 0xe
 1003 000b 10       		.uleb128 0x10
 1004 000c 17       		.uleb128 0x17
 1005 000d 00       		.byte	0
 1006 000e 00       		.byte	0
 1007 000f 02       		.uleb128 0x2
 1008 0010 24       		.uleb128 0x24
 1009 0011 00       		.byte	0
 1010 0012 0B       		.uleb128 0xb
 1011 0013 0B       		.uleb128 0xb
 1012 0014 3E       		.uleb128 0x3e
 1013 0015 0B       		.uleb128 0xb
 1014 0016 03       		.uleb128 0x3
 1015 0017 0E       		.uleb128 0xe
 1016 0018 00       		.byte	0
 1017 0019 00       		.byte	0
 1018 001a 03       		.uleb128 0x3
 1019 001b 16       		.uleb128 0x16
 1020 001c 00       		.byte	0
 1021 001d 03       		.uleb128 0x3
 1022 001e 0E       		.uleb128 0xe
ARM GAS  C:\Users\GEORGE~1\AppData\Local\Temp\ccDnZ8l5.s 			page 19


 1023 001f 3A       		.uleb128 0x3a
 1024 0020 0B       		.uleb128 0xb
 1025 0021 3B       		.uleb128 0x3b
 1026 0022 0B       		.uleb128 0xb
 1027 0023 49       		.uleb128 0x49
 1028 0024 13       		.uleb128 0x13
 1029 0025 00       		.byte	0
 1030 0026 00       		.byte	0
 1031 0027 04       		.uleb128 0x4
 1032 0028 24       		.uleb128 0x24
 1033 0029 00       		.byte	0
 1034 002a 0B       		.uleb128 0xb
 1035 002b 0B       		.uleb128 0xb
 1036 002c 3E       		.uleb128 0x3e
 1037 002d 0B       		.uleb128 0xb
 1038 002e 03       		.uleb128 0x3
 1039 002f 08       		.uleb128 0x8
 1040 0030 00       		.byte	0
 1041 0031 00       		.byte	0
 1042 0032 05       		.uleb128 0x5
 1043 0033 01       		.uleb128 0x1
 1044 0034 01       		.byte	0x1
 1045 0035 49       		.uleb128 0x49
 1046 0036 13       		.uleb128 0x13
 1047 0037 01       		.uleb128 0x1
 1048 0038 13       		.uleb128 0x13
 1049 0039 00       		.byte	0
 1050 003a 00       		.byte	0
 1051 003b 06       		.uleb128 0x6
 1052 003c 21       		.uleb128 0x21
 1053 003d 00       		.byte	0
 1054 003e 49       		.uleb128 0x49
 1055 003f 13       		.uleb128 0x13
 1056 0040 2F       		.uleb128 0x2f
 1057 0041 05       		.uleb128 0x5
 1058 0042 00       		.byte	0
 1059 0043 00       		.byte	0
 1060 0044 07       		.uleb128 0x7
 1061 0045 26       		.uleb128 0x26
 1062 0046 00       		.byte	0
 1063 0047 49       		.uleb128 0x49
 1064 0048 13       		.uleb128 0x13
 1065 0049 00       		.byte	0
 1066 004a 00       		.byte	0
 1067 004b 08       		.uleb128 0x8
 1068 004c 34       		.uleb128 0x34
 1069 004d 00       		.byte	0
 1070 004e 03       		.uleb128 0x3
 1071 004f 0E       		.uleb128 0xe
 1072 0050 3A       		.uleb128 0x3a
 1073 0051 0B       		.uleb128 0xb
 1074 0052 3B       		.uleb128 0x3b
 1075 0053 0B       		.uleb128 0xb
 1076 0054 49       		.uleb128 0x49
 1077 0055 13       		.uleb128 0x13
 1078 0056 3F       		.uleb128 0x3f
 1079 0057 19       		.uleb128 0x19
ARM GAS  C:\Users\GEORGE~1\AppData\Local\Temp\ccDnZ8l5.s 			page 20


 1080 0058 02       		.uleb128 0x2
 1081 0059 18       		.uleb128 0x18
 1082 005a 00       		.byte	0
 1083 005b 00       		.byte	0
 1084 005c 09       		.uleb128 0x9
 1085 005d 21       		.uleb128 0x21
 1086 005e 00       		.byte	0
 1087 005f 49       		.uleb128 0x49
 1088 0060 13       		.uleb128 0x13
 1089 0061 2F       		.uleb128 0x2f
 1090 0062 0B       		.uleb128 0xb
 1091 0063 00       		.byte	0
 1092 0064 00       		.byte	0
 1093 0065 00       		.byte	0
 1094              		.section	.debug_aranges,"",%progbits
 1095 0000 14000000 		.4byte	0x14
 1096 0004 0200     		.2byte	0x2
 1097 0006 00000000 		.4byte	.Ldebug_info0
 1098 000a 04       		.byte	0x4
 1099 000b 00       		.byte	0
 1100 000c 0000     		.2byte	0
 1101 000e 0000     		.2byte	0
 1102 0010 00000000 		.4byte	0
 1103 0014 00000000 		.4byte	0
 1104              		.section	.debug_line,"",%progbits
 1105              	.Ldebug_line0:
 1106 0000 3D010000 		.section	.debug_str,"MS",%progbits,1
 1106      02003701 
 1106      00000201 
 1106      FB0E0D00 
 1106      01010101 
 1107              	.LASF9:
 1108 0000 5F5F7569 		.ascii	"__uint8_t\000"
 1108      6E74385F 
 1108      7400
 1109              	.LASF16:
 1110 000a 63795F6D 		.ascii	"cy_metadata\000"
 1110      65746164 
 1110      61746100 
 1111              	.LASF1:
 1112 0016 756E7369 		.ascii	"unsigned char\000"
 1112      676E6564 
 1112      20636861 
 1112      7200
 1113              	.LASF17:
 1114 0024 474E5520 		.ascii	"GNU C11 5.4.1 20160609 (release) [ARM/embedded-5-br"
 1114      43313120 
 1114      352E342E 
 1114      31203230 
 1114      31363036 
 1115 0057 616E6368 		.ascii	"anch revision 237715] -mcpu=cortex-m3 -mthumb -g -O"
 1115      20726576 
 1115      6973696F 
 1115      6E203233 
 1115      37373135 
 1116 008a 67202D66 		.ascii	"g -ffunction-sections -ffat-lto-objects\000"
 1116      66756E63 
ARM GAS  C:\Users\GEORGE~1\AppData\Local\Temp\ccDnZ8l5.s 			page 21


 1116      74696F6E 
 1116      2D736563 
 1116      74696F6E 
 1117              	.LASF5:
 1118 00b2 6C6F6E67 		.ascii	"long unsigned int\000"
 1118      20756E73 
 1118      69676E65 
 1118      6420696E 
 1118      7400
 1119              	.LASF3:
 1120 00c4 73686F72 		.ascii	"short unsigned int\000"
 1120      7420756E 
 1120      7369676E 
 1120      65642069 
 1120      6E7400
 1121              	.LASF13:
 1122 00d7 63795F6D 		.ascii	"cy_meta_custnvl\000"
 1122      6574615F 
 1122      63757374 
 1122      6E766C00 
 1123              	.LASF12:
 1124 00e7 63795F6D 		.ascii	"cy_meta_configecc\000"
 1124      6574615F 
 1124      636F6E66 
 1124      69676563 
 1124      6300
 1125              	.LASF8:
 1126 00f9 756E7369 		.ascii	"unsigned int\000"
 1126      676E6564 
 1126      20696E74 
 1126      00
 1127              	.LASF19:
 1128 0106 433A5C55 		.ascii	"C:\\Users\\George Anwar\\Documents\\UC Berkeley\\ME"
 1128      73657273 
 1128      5C47656F 
 1128      72676520 
 1128      416E7761 
 1129 0134 31333520 		.ascii	"135 Spring 2020\\PSOC Creator\\ME135_235\\PIXY2Inte"
 1129      53707269 
 1129      6E672032 
 1129      3032305C 
 1129      50534F43 
 1130 0164 72666163 		.ascii	"rface.cydsn\000"
 1130      652E6379 
 1130      64736E00 
 1131              	.LASF7:
 1132 0170 6C6F6E67 		.ascii	"long long unsigned int\000"
 1132      206C6F6E 
 1132      6720756E 
 1132      7369676E 
 1132      65642069 
 1133              	.LASF10:
 1134 0187 75696E74 		.ascii	"uint8_t\000"
 1134      385F7400 
 1135              	.LASF15:
 1136 018f 63795F6D 		.ascii	"cy_meta_flashprotect\000"
 1136      6574615F 
ARM GAS  C:\Users\GEORGE~1\AppData\Local\Temp\ccDnZ8l5.s 			page 22


 1136      666C6173 
 1136      6870726F 
 1136      74656374 
 1137              	.LASF14:
 1138 01a4 63795F6D 		.ascii	"cy_meta_wonvl\000"
 1138      6574615F 
 1138      776F6E76 
 1138      6C00
 1139              	.LASF11:
 1140 01b2 73697A65 		.ascii	"sizetype\000"
 1140      74797065 
 1140      00
 1141              	.LASF6:
 1142 01bb 6C6F6E67 		.ascii	"long long int\000"
 1142      206C6F6E 
 1142      6720696E 
 1142      7400
 1143              	.LASF2:
 1144 01c9 73686F72 		.ascii	"short int\000"
 1144      7420696E 
 1144      7400
 1145              	.LASF4:
 1146 01d3 6C6F6E67 		.ascii	"long int\000"
 1146      20696E74 
 1146      00
 1147              	.LASF0:
 1148 01dc 7369676E 		.ascii	"signed char\000"
 1148      65642063 
 1148      68617200 
 1149              	.LASF18:
 1150 01e8 47656E65 		.ascii	"Generated_Source\\PSoC5\\cymetadata.c\000"
 1150      72617465 
 1150      645F536F 
 1150      75726365 
 1150      5C50536F 
 1151              		.ident	"GCC: (GNU Tools for ARM Embedded Processors) 5.4.1 20160609 (release) [ARM/embedded-5-bran
