#***************************************************************************

#sjplacer

#Version:            1.1

#Build Date:         Dec  5 2017 15:35:27

#File Generated:     Apr 23 2020 22:33:07

#Purpose:            

#Copyright (C) 2010-2011 by Softjin Technologies Pvt Ltd. All rights reserved.

#***************************************************************************

Executing : C:\Program Files (x86)\Cypress\PSoC Creator\4.2\PSoC Creator\bin/sjplacer.exe --proj-name EmulatedStepperMotor --netlist-vh2 EmulatedStepperMotor_p.vh2 --arch p35_udb4x6 --arch-file C:\Program Files (x86)\Cypress\PSoC Creator\4.2\PSoC Creator\dev\arch/udbdsi_4x6_24.cydata --ip-file C:\Program Files (x86)\Cypress\PSoC Creator\4.2\PSoC Creator\dev\psoc5/psoc5lp/ip_blocks.cydata --rrg-file C:\Program Files (x86)\Cypress\PSoC Creator\4.2\PSoC Creator\dev\psoc5/psoc5lp/route_arch-rrg.cydata --irq-file C:\Program Files (x86)\Cypress\PSoC Creator\4.2\PSoC Creator\dev\psoc5/psoc5lp/irqconn.cydata --drq-file C:\Program Files (x86)\Cypress\PSoC Creator\4.2\PSoC Creator\dev\psoc5/psoc5lp/dmaconn.cydata --dsi-conn-file C:\Program Files (x86)\Cypress\PSoC Creator\4.2\PSoC Creator\dev\psoc5/psoc5lp/dsiconn.cydata --pins-file pins_68-QFN.xml --lib-file EmulatedStepperMotor_p.lib --sdc-file EmulatedStepperMotor.sdc --io-pcf EmulatedStepperMotor.pci --outdir .

		Softjin Techologies Placer, Version 1.1

Build Date : Dec  5 2017	15:33:41

D2004: Option and Settings Summary
=============================================================
Netlist vh2 file          - EmulatedStepperMotor_p.vh2
Architecture file         - C:\Program Files (x86)\Cypress\PSoC Creator\4.2\PSoC Creator\dev\arch/udbdsi_4x6_24.cydata
Package                   - 
Defparam file             - 
SDC file                  - EmulatedStepperMotor.sdc
Output directory          - .
Timing library            - EmulatedStepperMotor_p.lib
IO Placement file         - EmulatedStepperMotor.pci

D2050: Starting reading inputs for placer
=============================================================
D2065: Reading netlist file : "EmulatedStepperMotor_p.vh2"
D2065: Reading arch file : "C:\Program Files (x86)\Cypress\PSoC Creator\4.2\PSoC Creator\dev\arch/udbdsi_4x6_24.cydata"
D2051: Reading of inputs for placer completed successfully

D2053: Starting placement of the design
=============================================================

Phase 2
Phase 3

Design Statistics after Packing
    Number of Combinational MCs 	:	20
    Number of Sequential MCs    	:	34
    Number of DPs               	:	14
    Number of Controls          	:	11
    Number of Status            	:	6
    Number of SyncCells         	:	0
    Number of count7cells       	:	1

Device Utilization Summary after Packing
    Macrocells                  :	54/192
    UDBS                        :	17/24
    IOs                         :	7/72


D2088: Phase 3, elapsed time : 0.0 (sec)

Phase 4
D2088: Phase 4, elapsed time : 0.0 (sec)

Phase 5
D2088: Phase 5, elapsed time : 0.0 (sec)

Phase 6

######################################################################
Placement Timing Summary

The timing summary is based on estimated routing delays after
placement. For final timing report, please carry out the timing
analysis after routing.
======================================================================

######################################################################
                     Clock Summary 
======================================================================
Number of clocks: 10
Clock: Clock_1              | Frequency:  22.5 MHz | Target:  12.0 MHz
Clock: Clock_2              | Frequency:  59.7 MHz | Target:  24.0 MHz
Clock: Clock_3              | Frequency:  31.8 MHz | Target:  12.0 MHz
Clock: CyBUS_CLK            | Frequency:  32.7 MHz | Target:  24.0 MHz
Clock: CyILO                | Frequency: N/A       | Target:   0.0 MHz
Clock: CyIMO                | Frequency: N/A       | Target:   3.0 MHz
Clock: CyMASTER_CLK         | Frequency:  22.5 MHz | Target:  24.0 MHz
Clock: CyPLL_OUT            | Frequency: N/A       | Target:  24.0 MHz
Clock: LabVIEW_UART_IntClock | Frequency:  22.5 MHz | Target:   0.9 MHz
Clock: timer_clock          | Frequency:  34.9 MHz | Target:   1.0 MHz

======================================================================
                     End of Clock Summary
######################################################################

D2088: Phase 6, elapsed time : 0.1 (sec)

Phase 7
######################################################################
                     Clock Summary 
======================================================================
Number of clocks: 10
Clock: Clock_1              | Frequency:  23.2 MHz | Target:  12.0 MHz
Clock: Clock_2              | Frequency:  59.7 MHz | Target:  24.0 MHz
Clock: Clock_3              | Frequency:  32.7 MHz | Target:  12.0 MHz
Clock: CyBUS_CLK            | Frequency:   1.6 MHz | Target:  24.0 MHz
Clock: CyILO                | Frequency: N/A       | Target:   0.0 MHz
Clock: CyIMO                | Frequency: N/A       | Target:   3.0 MHz
Clock: CyMASTER_CLK         | Frequency:  23.2 MHz | Target:  24.0 MHz
Clock: CyPLL_OUT            | Frequency: N/A       | Target:  24.0 MHz
Clock: LabVIEW_UART_IntClock | Frequency:   1.6 MHz | Target:   0.9 MHz
Clock: timer_clock          | Frequency:   2.3 MHz | Target:   1.0 MHz

======================================================================
                     End of Clock Summary
######################################################################
D2088: Phase 7, elapsed time : 1.0 (sec)

Final Design Statistics
    Number of Combinational MCs 	:	20
    Number of Sequential MCs    	:	34
    Number of DPs               	:	14
    Number of Controls          	:	11
    Number of Status            	:	6
    Number of SyncCells         	:	0
    Number of count7cells       	:	1
    Number of IOs       	:	7

Device Utilization Summary
    Macrocells                  :	54/192
    IOs                         :	7/72



######################################################################
Placement Timing Summary

The timing summary is based on estimated routing delays after
placement. For final timing report, please carry out the timing
analysis after routing.
======================================================================


######################################################################
                     Clock Summary 
======================================================================
Number of clocks: 10
Clock: Clock_1              | Frequency:  25.8 MHz | Target:  12.0 MHz
Clock: Clock_2              | Frequency:  54.1 MHz | Target:  24.0 MHz
Clock: Clock_3              | Frequency:  32.3 MHz | Target:  12.0 MHz
Clock: CyBUS_CLK            | Frequency:   1.7 MHz | Target:  24.0 MHz
Clock: CyILO                | Frequency: N/A       | Target:   0.0 MHz
Clock: CyIMO                | Frequency: N/A       | Target:   3.0 MHz
Clock: CyMASTER_CLK         | Frequency:  25.8 MHz | Target:  24.0 MHz
Clock: CyPLL_OUT            | Frequency: N/A       | Target:  24.0 MHz
Clock: LabVIEW_UART_IntClock | Frequency:   1.7 MHz | Target:   0.9 MHz
Clock: timer_clock          | Frequency:   2.3 MHz | Target:   1.0 MHz

======================================================================
                     End of Clock Summary
######################################################################

Phase 8
D2088: Phase 8, elapsed time : 0.0 (sec)

D2054: Placement of the design completed successfully

I2076: Total run-time: 1.8 sec.

