ARM GAS  C:\Users\GEORGE~1\AppData\Local\Temp\ccutLrSK.s 			page 1


   1              		.syntax unified
   2              		.cpu cortex-m3
   3              		.fpu softvfp
   4              		.eabi_attribute 20, 1
   5              		.eabi_attribute 21, 1
   6              		.eabi_attribute 23, 3
   7              		.eabi_attribute 24, 1
   8              		.eabi_attribute 25, 1
   9              		.eabi_attribute 26, 1
  10              		.eabi_attribute 30, 1
  11              		.eabi_attribute 34, 1
  12              		.eabi_attribute 18, 4
  13              		.thumb
  14              		.syntax unified
  15              		.file	"cymetadata.c"
  16              		.text
  17              	.Ltext0:
  18              		.cfi_sections	.debug_frame
  19              		.global	cy_metadata
  20              		.global	cy_meta_flashprotect
  21              		.global	cy_meta_wonvl
  22              		.global	cy_meta_custnvl
  23              		.global	cy_meta_configecc
  24              		.section	.cyconfigecc,"a",%progbits
  25              		.align	2
  26              		.type	cy_meta_configecc, %object
  27              		.size	cy_meta_configecc, 2560
  28              	cy_meta_configecc:
  29 0000 03       		.byte	3
  30 0001 52       		.byte	82
  31 0002 00       		.byte	0
  32 0003 40       		.byte	64
  33 0004 07       		.byte	7
  34 0005 64       		.byte	100
  35 0006 00       		.byte	0
  36 0007 40       		.byte	64
  37 0008 05       		.byte	5
  38 0009 65       		.byte	101
  39 000a 00       		.byte	0
  40 000b 40       		.byte	64
  41 000c 01       		.byte	1
  42 000d 01       		.byte	1
  43 000e 01       		.byte	1
  44 000f 40       		.byte	64
  45 0010 04       		.byte	4
  46 0011 04       		.byte	4
  47 0012 01       		.byte	1
  48 0013 40       		.byte	64
  49 0014 05       		.byte	5
  50 0015 05       		.byte	5
  51 0016 01       		.byte	1
  52 0017 40       		.byte	64
  53 0018 53       		.byte	83
  54 0019 06       		.byte	6
  55 001a 01       		.byte	1
  56 001b 40       		.byte	64
  57 001c 2C       		.byte	44
ARM GAS  C:\Users\GEORGE~1\AppData\Local\Temp\ccutLrSK.s 			page 2


  58 001d 07       		.byte	7
  59 001e 01       		.byte	1
  60 001f 40       		.byte	64
  61 0020 4A       		.byte	74
  62 0021 08       		.byte	8
  63 0022 01       		.byte	1
  64 0023 40       		.byte	64
  65 0024 34       		.byte	52
  66 0025 09       		.byte	9
  67 0026 01       		.byte	1
  68 0027 40       		.byte	64
  69 0028 4F       		.byte	79
  70 0029 0A       		.byte	10
  71 002a 01       		.byte	1
  72 002b 40       		.byte	64
  73 002c 34       		.byte	52
  74 002d 0B       		.byte	11
  75 002e 01       		.byte	1
  76 002f 40       		.byte	64
  77 0030 4A       		.byte	74
  78 0031 0C       		.byte	12
  79 0032 01       		.byte	1
  80 0033 40       		.byte	64
  81 0034 26       		.byte	38
  82 0035 0D       		.byte	13
  83 0036 01       		.byte	1
  84 0037 40       		.byte	64
  85 0038 45       		.byte	69
  86 0039 0E       		.byte	14
  87 003a 01       		.byte	1
  88 003b 40       		.byte	64
  89 003c 26       		.byte	38
  90 003d 0F       		.byte	15
  91 003e 01       		.byte	1
  92 003f 40       		.byte	64
  93 0040 52       		.byte	82
  94 0041 14       		.byte	20
  95 0042 01       		.byte	1
  96 0043 40       		.byte	64
  97 0044 3A       		.byte	58
  98 0045 15       		.byte	21
  99 0046 01       		.byte	1
 100 0047 40       		.byte	64
 101 0048 37       		.byte	55
 102 0049 16       		.byte	22
 103 004a 01       		.byte	1
 104 004b 40       		.byte	64
 105 004c 2A       		.byte	42
 106 004d 17       		.byte	23
 107 004e 01       		.byte	1
 108 004f 40       		.byte	64
 109 0050 4B       		.byte	75
 110 0051 18       		.byte	24
 111 0052 01       		.byte	1
 112 0053 40       		.byte	64
 113 0054 41       		.byte	65
 114 0055 19       		.byte	25
ARM GAS  C:\Users\GEORGE~1\AppData\Local\Temp\ccutLrSK.s 			page 3


 115 0056 01       		.byte	1
 116 0057 40       		.byte	64
 117 0058 3D       		.byte	61
 118 0059 1B       		.byte	27
 119 005a 01       		.byte	1
 120 005b 40       		.byte	64
 121 005c 07       		.byte	7
 122 005d 40       		.byte	64
 123 005e 01       		.byte	1
 124 005f 40       		.byte	64
 125 0060 05       		.byte	5
 126 0061 41       		.byte	65
 127 0062 01       		.byte	1
 128 0063 40       		.byte	64
 129 0064 08       		.byte	8
 130 0065 42       		.byte	66
 131 0066 01       		.byte	1
 132 0067 40       		.byte	64
 133 0068 03       		.byte	3
 134 0069 43       		.byte	67
 135 006a 01       		.byte	1
 136 006b 40       		.byte	64
 137 006c 04       		.byte	4
 138 006d 45       		.byte	69
 139 006e 01       		.byte	1
 140 006f 40       		.byte	64
 141 0070 04       		.byte	4
 142 0071 46       		.byte	70
 143 0072 01       		.byte	1
 144 0073 40       		.byte	64
 145 0074 06       		.byte	6
 146 0075 48       		.byte	72
 147 0076 01       		.byte	1
 148 0077 40       		.byte	64
 149 0078 04       		.byte	4
 150 0079 49       		.byte	73
 151 007a 01       		.byte	1
 152 007b 40       		.byte	64
 153 007c 07       		.byte	7
 154 007d 4D       		.byte	77
 155 007e 01       		.byte	1
 156 007f 40       		.byte	64
 157 0080 0B       		.byte	11
 158 0081 50       		.byte	80
 159 0082 01       		.byte	1
 160 0083 40       		.byte	64
 161 0084 01       		.byte	1
 162 0085 51       		.byte	81
 163 0086 01       		.byte	1
 164 0087 40       		.byte	64
 165 0088 00       		.byte	0
 166 0089 40       		.byte	64
 167 008a 10       		.byte	16
 168 008b 01       		.byte	1
 169 008c 11       		.byte	17
 170 008d 01       		.byte	1
 171 008e 76       		.byte	118
ARM GAS  C:\Users\GEORGE~1\AppData\Local\Temp\ccutLrSK.s 			page 4


 172 008f 01       		.byte	1
 173 0090 7C       		.byte	124
 174 0091 01       		.byte	1
 175 0092 7F       		.byte	127
 176 0093 01       		.byte	1
 177 0094 87       		.byte	-121
 178 0095 2D       		.byte	45
 179 0096 89       		.byte	-119
 180 0097 72       		.byte	114
 181 0098 8B       		.byte	-117
 182 0099 0D       		.byte	13
 183 009a 8F       		.byte	-113
 184 009b 67       		.byte	103
 185 009c 78       		.byte	120
 186 009d 01       		.byte	1
 187 009e 7A       		.byte	122
 188 009f 01       		.byte	1
 189 00a0 87       		.byte	-121
 190 00a1 0F       		.byte	15
 191 00a2 88       		.byte	-120
 192 00a3 67       		.byte	103
 193 00a4 8A       		.byte	-118
 194 00a5 38       		.byte	56
 195 00a6 E2       		.byte	-30
 196 00a7 08       		.byte	8
 197 00a8 38       		.byte	56
 198 00a9 20       		.byte	32
 199 00aa 3E       		.byte	62
 200 00ab 10       		.byte	16
 201 00ac 58       		.byte	88
 202 00ad 04       		.byte	4
 203 00ae 5F       		.byte	95
 204 00af 01       		.byte	1
 205 00b0 1B       		.byte	27
 206 00b1 20       		.byte	32
 207 00b2 83       		.byte	-125
 208 00b3 20       		.byte	32
 209 00b4 E4       		.byte	-28
 210 00b5 04       		.byte	4
 211 00b6 E6       		.byte	-26
 212 00b7 40       		.byte	64
 213 00b8 EE       		.byte	-18
 214 00b9 01       		.byte	1
 215 00ba 12       		.byte	18
 216 00bb 01       		.byte	1
 217 00bc 1F       		.byte	31
 218 00bd 01       		.byte	1
 219 00be 21       		.byte	33
 220 00bf 01       		.byte	1
 221 00c0 28       		.byte	40
 222 00c1 03       		.byte	3
 223 00c2 2E       		.byte	46
 224 00c3 02       		.byte	2
 225 00c4 30       		.byte	48
 226 00c5 03       		.byte	3
 227 00c6 31       		.byte	49
 228 00c7 01       		.byte	1
ARM GAS  C:\Users\GEORGE~1\AppData\Local\Temp\ccutLrSK.s 			page 5


 229 00c8 40       		.byte	64
 230 00c9 50       		.byte	80
 231 00ca 41       		.byte	65
 232 00cb 02       		.byte	2
 233 00cc 49       		.byte	73
 234 00cd FF       		.byte	-1
 235 00ce 4A       		.byte	74
 236 00cf FF       		.byte	-1
 237 00d0 4B       		.byte	75
 238 00d1 FF       		.byte	-1
 239 00d2 4D       		.byte	77
 240 00d3 A0       		.byte	-96
 241 00d4 4F       		.byte	79
 242 00d5 04       		.byte	4
 243 00d6 50       		.byte	80
 244 00d7 18       		.byte	24
 245 00d8 58       		.byte	88
 246 00d9 04       		.byte	4
 247 00da 59       		.byte	89
 248 00db 04       		.byte	4
 249 00dc 5A       		.byte	90
 250 00dd 04       		.byte	4
 251 00de 5B       		.byte	91
 252 00df 04       		.byte	4
 253 00e0 5C       		.byte	92
 254 00e1 39       		.byte	57
 255 00e2 5D       		.byte	93
 256 00e3 09       		.byte	9
 257 00e4 5F       		.byte	95
 258 00e5 01       		.byte	1
 259 00e6 60       		.byte	96
 260 00e7 40       		.byte	64
 261 00e8 62       		.byte	98
 262 00e9 C0       		.byte	-64
 263 00ea 64       		.byte	100
 264 00eb 40       		.byte	64
 265 00ec 65       		.byte	101
 266 00ed 40       		.byte	64
 267 00ee 66       		.byte	102
 268 00ef C0       		.byte	-64
 269 00f0 68       		.byte	104
 270 00f1 C0       		.byte	-64
 271 00f2 6A       		.byte	106
 272 00f3 C0       		.byte	-64
 273 00f4 6C       		.byte	108
 274 00f5 C0       		.byte	-64
 275 00f6 6E       		.byte	110
 276 00f7 C0       		.byte	-64
 277 00f8 8C       		.byte	-116
 278 00f9 18       		.byte	24
 279 00fa 8D       		.byte	-115
 280 00fb 0F       		.byte	15
 281 00fc 8E       		.byte	-114
 282 00fd 02       		.byte	2
 283 00fe 91       		.byte	-111
 284 00ff 0C       		.byte	12
 285 0100 92       		.byte	-110
ARM GAS  C:\Users\GEORGE~1\AppData\Local\Temp\ccutLrSK.s 			page 6


 286 0101 01       		.byte	1
 287 0102 9B       		.byte	-101
 288 0103 0A       		.byte	10
 289 0104 9E       		.byte	-98
 290 0105 1C       		.byte	28
 291 0106 9F       		.byte	-97
 292 0107 05       		.byte	5
 293 0108 A1       		.byte	-95
 294 0109 10       		.byte	16
 295 010a A2       		.byte	-94
 296 010b 08       		.byte	8
 297 010c A6       		.byte	-90
 298 010d 10       		.byte	16
 299 010e AA       		.byte	-86
 300 010f 04       		.byte	4
 301 0110 B0       		.byte	-80
 302 0111 18       		.byte	24
 303 0112 B1       		.byte	-79
 304 0113 03       		.byte	3
 305 0114 B2       		.byte	-78
 306 0115 04       		.byte	4
 307 0116 B4       		.byte	-76
 308 0117 02       		.byte	2
 309 0118 B5       		.byte	-75
 310 0119 10       		.byte	16
 311 011a B6       		.byte	-74
 312 011b 01       		.byte	1
 313 011c B7       		.byte	-73
 314 011d 0C       		.byte	12
 315 011e BE       		.byte	-66
 316 011f 04       		.byte	4
 317 0120 BF       		.byte	-65
 318 0121 10       		.byte	16
 319 0122 C0       		.byte	-64
 320 0123 10       		.byte	16
 321 0124 C1       		.byte	-63
 322 0125 06       		.byte	6
 323 0126 C5       		.byte	-59
 324 0127 D1       		.byte	-47
 325 0128 C7       		.byte	-57
 326 0129 02       		.byte	2
 327 012a C8       		.byte	-56
 328 012b 17       		.byte	23
 329 012c C9       		.byte	-55
 330 012d FF       		.byte	-1
 331 012e CA       		.byte	-54
 332 012f FF       		.byte	-1
 333 0130 CB       		.byte	-53
 334 0131 FF       		.byte	-1
 335 0132 CD       		.byte	-51
 336 0133 AF       		.byte	-81
 337 0134 CE       		.byte	-50
 338 0135 0F       		.byte	15
 339 0136 CF       		.byte	-49
 340 0137 04       		.byte	4
 341 0138 D0       		.byte	-48
 342 0139 18       		.byte	24
ARM GAS  C:\Users\GEORGE~1\AppData\Local\Temp\ccutLrSK.s 			page 7


 343 013a D2       		.byte	-46
 344 013b 80       		.byte	-128
 345 013c D4       		.byte	-44
 346 013d 25       		.byte	37
 347 013e D6       		.byte	-42
 348 013f 04       		.byte	4
 349 0140 D8       		.byte	-40
 350 0141 04       		.byte	4
 351 0142 D9       		.byte	-39
 352 0143 04       		.byte	4
 353 0144 DA       		.byte	-38
 354 0145 04       		.byte	4
 355 0146 DB       		.byte	-37
 356 0147 04       		.byte	4
 357 0148 DC       		.byte	-36
 358 0149 99       		.byte	-103
 359 014a DD       		.byte	-35
 360 014b 99       		.byte	-103
 361 014c DF       		.byte	-33
 362 014d 01       		.byte	1
 363 014e E0       		.byte	-32
 364 014f 40       		.byte	64
 365 0150 E2       		.byte	-30
 366 0151 C0       		.byte	-64
 367 0152 E4       		.byte	-28
 368 0153 40       		.byte	64
 369 0154 E5       		.byte	-27
 370 0155 40       		.byte	64
 371 0156 E6       		.byte	-26
 372 0157 C0       		.byte	-64
 373 0158 E8       		.byte	-24
 374 0159 C0       		.byte	-64
 375 015a EA       		.byte	-22
 376 015b C0       		.byte	-64
 377 015c EC       		.byte	-20
 378 015d C0       		.byte	-64
 379 015e EE       		.byte	-18
 380 015f C0       		.byte	-64
 381 0160 01       		.byte	1
 382 0161 40       		.byte	64
 383 0162 0A       		.byte	10
 384 0163 41       		.byte	65
 385 0164 0E       		.byte	14
 386 0165 80       		.byte	-128
 387 0166 10       		.byte	16
 388 0167 A0       		.byte	-96
 389 0168 12       		.byte	18
 390 0169 04       		.byte	4
 391 016a 15       		.byte	21
 392 016b 40       		.byte	64
 393 016c 16       		.byte	22
 394 016d 04       		.byte	4
 395 016e 18       		.byte	24
 396 016f 04       		.byte	4
 397 0170 19       		.byte	25
 398 0171 04       		.byte	4
 399 0172 1A       		.byte	26
ARM GAS  C:\Users\GEORGE~1\AppData\Local\Temp\ccutLrSK.s 			page 8


 400 0173 01       		.byte	1
 401 0174 1B       		.byte	27
 402 0175 41       		.byte	65
 403 0176 1E       		.byte	30
 404 0177 80       		.byte	-128
 405 0178 21       		.byte	33
 406 0179 02       		.byte	2
 407 017a 22       		.byte	34
 408 017b 40       		.byte	64
 409 017c 23       		.byte	35
 410 017d 04       		.byte	4
 411 017e 27       		.byte	39
 412 017f 80       		.byte	-128
 413 0180 28       		.byte	40
 414 0181 80       		.byte	-128
 415 0182 2F       		.byte	47
 416 0183 80       		.byte	-128
 417 0184 30       		.byte	48
 418 0185 A0       		.byte	-96
 419 0186 31       		.byte	49
 420 0187 02       		.byte	2
 421 0188 37       		.byte	55
 422 0189 80       		.byte	-128
 423 018a 39       		.byte	57
 424 018b 40       		.byte	64
 425 018c 42       		.byte	66
 426 018d 01       		.byte	1
 427 018e 46       		.byte	70
 428 018f 04       		.byte	4
 429 0190 48       		.byte	72
 430 0191 28       		.byte	40
 431 0192 49       		.byte	73
 432 0193 01       		.byte	1
 433 0194 4F       		.byte	79
 434 0195 80       		.byte	-128
 435 0196 50       		.byte	80
 436 0197 88       		.byte	-120
 437 0198 52       		.byte	82
 438 0199 04       		.byte	4
 439 019a 59       		.byte	89
 440 019b 05       		.byte	5
 441 019c 5A       		.byte	90
 442 019d 80       		.byte	-128
 443 019e 60       		.byte	96
 444 019f 84       		.byte	-124
 445 01a0 6D       		.byte	109
 446 01a1 40       		.byte	64
 447 01a2 72       		.byte	114
 448 01a3 40       		.byte	64
 449 01a4 C0       		.byte	-64
 450 01a5 01       		.byte	1
 451 01a6 C2       		.byte	-62
 452 01a7 19       		.byte	25
 453 01a8 C4       		.byte	-60
 454 01a9 CE       		.byte	-50
 455 01aa CA       		.byte	-54
 456 01ab 81       		.byte	-127
ARM GAS  C:\Users\GEORGE~1\AppData\Local\Temp\ccutLrSK.s 			page 9


 457 01ac CC       		.byte	-52
 458 01ad 1D       		.byte	29
 459 01ae CE       		.byte	-50
 460 01af 08       		.byte	8
 461 01b0 D0       		.byte	-48
 462 01b1 28       		.byte	40
 463 01b2 D2       		.byte	-46
 464 01b3 14       		.byte	20
 465 01b4 D6       		.byte	-42
 466 01b5 0B       		.byte	11
 467 01b6 D8       		.byte	-40
 468 01b7 05       		.byte	5
 469 01b8 40       		.byte	64
 470 01b9 16       		.byte	22
 471 01ba 49       		.byte	73
 472 01bb FF       		.byte	-1
 473 01bc 4A       		.byte	74
 474 01bd FF       		.byte	-1
 475 01be 4B       		.byte	75
 476 01bf FF       		.byte	-1
 477 01c0 4F       		.byte	79
 478 01c1 01       		.byte	1
 479 01c2 50       		.byte	80
 480 01c3 18       		.byte	24
 481 01c4 52       		.byte	82
 482 01c5 80       		.byte	-128
 483 01c6 5A       		.byte	90
 484 01c7 04       		.byte	4
 485 01c8 5B       		.byte	91
 486 01c9 04       		.byte	4
 487 01ca 5D       		.byte	93
 488 01cb 10       		.byte	16
 489 01cc 5F       		.byte	95
 490 01cd 01       		.byte	1
 491 01ce 60       		.byte	96
 492 01cf 40       		.byte	64
 493 01d0 62       		.byte	98
 494 01d1 40       		.byte	64
 495 01d2 64       		.byte	100
 496 01d3 40       		.byte	64
 497 01d4 65       		.byte	101
 498 01d5 40       		.byte	64
 499 01d6 66       		.byte	102
 500 01d7 80       		.byte	-128
 501 01d8 68       		.byte	104
 502 01d9 80       		.byte	-128
 503 01da 6A       		.byte	106
 504 01db 80       		.byte	-128
 505 01dc 6C       		.byte	108
 506 01dd 80       		.byte	-128
 507 01de 6E       		.byte	110
 508 01df 80       		.byte	-128
 509 01e0 80       		.byte	-128
 510 01e1 03       		.byte	3
 511 01e2 84       		.byte	-124
 512 01e3 02       		.byte	2
 513 01e4 85       		.byte	-123
ARM GAS  C:\Users\GEORGE~1\AppData\Local\Temp\ccutLrSK.s 			page 10


 514 01e5 01       		.byte	1
 515 01e6 88       		.byte	-120
 516 01e7 18       		.byte	24
 517 01e8 89       		.byte	-119
 518 01e9 01       		.byte	1
 519 01ea 8A       		.byte	-118
 520 01eb 03       		.byte	3
 521 01ec 8C       		.byte	-116
 522 01ed 1B       		.byte	27
 523 01ee 8D       		.byte	-115
 524 01ef 02       		.byte	2
 525 01f0 90       		.byte	-112
 526 01f1 01       		.byte	1
 527 01f2 91       		.byte	-111
 528 01f3 01       		.byte	1
 529 01f4 94       		.byte	-108
 530 01f5 1B       		.byte	27
 531 01f6 95       		.byte	-107
 532 01f7 02       		.byte	2
 533 01f8 98       		.byte	-104
 534 01f9 03       		.byte	3
 535 01fa 9A       		.byte	-102
 536 01fb 1C       		.byte	28
 537 01fc 9C       		.byte	-100
 538 01fd 03       		.byte	3
 539 01fe 9E       		.byte	-98
 540 01ff 04       		.byte	4
 541 0200 A0       		.byte	-96
 542 0201 10       		.byte	16
 543 0202 A1       		.byte	-95
 544 0203 02       		.byte	2
 545 0204 A4       		.byte	-92
 546 0205 08       		.byte	8
 547 0206 A8       		.byte	-88
 548 0207 18       		.byte	24
 549 0208 A9       		.byte	-87
 550 0209 02       		.byte	2
 551 020a AE       		.byte	-82
 552 020b 03       		.byte	3
 553 020c B0       		.byte	-80
 554 020d 1F       		.byte	31
 555 020e B1       		.byte	-79
 556 020f 01       		.byte	1
 557 0210 B3       		.byte	-77
 558 0211 02       		.byte	2
 559 0212 BA       		.byte	-70
 560 0213 02       		.byte	2
 561 0214 BF       		.byte	-65
 562 0215 04       		.byte	4
 563 0216 C0       		.byte	-64
 564 0217 13       		.byte	19
 565 0218 C9       		.byte	-55
 566 0219 FF       		.byte	-1
 567 021a CA       		.byte	-54
 568 021b FF       		.byte	-1
 569 021c CB       		.byte	-53
 570 021d FF       		.byte	-1
ARM GAS  C:\Users\GEORGE~1\AppData\Local\Temp\ccutLrSK.s 			page 11


 571 021e CD       		.byte	-51
 572 021f 83       		.byte	-125
 573 0220 CE       		.byte	-50
 574 0221 03       		.byte	3
 575 0222 CF       		.byte	-49
 576 0223 01       		.byte	1
 577 0224 D0       		.byte	-48
 578 0225 18       		.byte	24
 579 0226 D6       		.byte	-42
 580 0227 02       		.byte	2
 581 0228 D7       		.byte	-41
 582 0229 12       		.byte	18
 583 022a D8       		.byte	-40
 584 022b 04       		.byte	4
 585 022c D9       		.byte	-39
 586 022d 04       		.byte	4
 587 022e DA       		.byte	-38
 588 022f 04       		.byte	4
 589 0230 DB       		.byte	-37
 590 0231 04       		.byte	4
 591 0232 DC       		.byte	-36
 592 0233 33       		.byte	51
 593 0234 DD       		.byte	-35
 594 0235 30       		.byte	48
 595 0236 DE       		.byte	-34
 596 0237 08       		.byte	8
 597 0238 DF       		.byte	-33
 598 0239 01       		.byte	1
 599 023a E0       		.byte	-32
 600 023b 40       		.byte	64
 601 023c E2       		.byte	-30
 602 023d 40       		.byte	64
 603 023e E4       		.byte	-28
 604 023f 40       		.byte	64
 605 0240 E5       		.byte	-27
 606 0241 40       		.byte	64
 607 0242 E6       		.byte	-26
 608 0243 80       		.byte	-128
 609 0244 E8       		.byte	-24
 610 0245 80       		.byte	-128
 611 0246 EA       		.byte	-22
 612 0247 80       		.byte	-128
 613 0248 EC       		.byte	-20
 614 0249 80       		.byte	-128
 615 024a EE       		.byte	-18
 616 024b 80       		.byte	-128
 617 024c 00       		.byte	0
 618 024d 44       		.byte	68
 619 024e 01       		.byte	1
 620 024f 20       		.byte	32
 621 0250 03       		.byte	3
 622 0251 80       		.byte	-128
 623 0252 08       		.byte	8
 624 0253 A8       		.byte	-88
 625 0254 09       		.byte	9
 626 0255 09       		.byte	9
 627 0256 10       		.byte	16
ARM GAS  C:\Users\GEORGE~1\AppData\Local\Temp\ccutLrSK.s 			page 12


 628 0257 80       		.byte	-128
 629 0258 12       		.byte	18
 630 0259 02       		.byte	2
 631 025a 13       		.byte	19
 632 025b 14       		.byte	20
 633 025c 19       		.byte	25
 634 025d 02       		.byte	2
 635 025e 22       		.byte	34
 636 025f 06       		.byte	6
 637 0260 29       		.byte	41
 638 0261 32       		.byte	50
 639 0262 2A       		.byte	42
 640 0263 02       		.byte	2
 641 0264 31       		.byte	49
 642 0265 08       		.byte	8
 643 0266 33       		.byte	51
 644 0267 01       		.byte	1
 645 0268 38       		.byte	56
 646 0269 40       		.byte	64
 647 026a 39       		.byte	57
 648 026b 14       		.byte	20
 649 026c 3A       		.byte	58
 650 026d 40       		.byte	64
 651 026e 40       		.byte	64
 652 026f 02       		.byte	2
 653 0270 42       		.byte	66
 654 0271 20       		.byte	32
 655 0272 44       		.byte	68
 656 0273 02       		.byte	2
 657 0274 45       		.byte	69
 658 0275 40       		.byte	64
 659 0276 4F       		.byte	79
 660 0277 20       		.byte	32
 661 0278 5A       		.byte	90
 662 0279 08       		.byte	8
 663 027a 69       		.byte	105
 664 027b 14       		.byte	20
 665 027c 6B       		.byte	107
 666 027d 01       		.byte	1
 667 027e 70       		.byte	112
 668 027f 80       		.byte	-128
 669 0280 72       		.byte	114
 670 0281 08       		.byte	8
 671 0282 73       		.byte	115
 672 0283 14       		.byte	20
 673 0284 76       		.byte	118
 674 0285 80       		.byte	-128
 675 0286 78       		.byte	120
 676 0287 80       		.byte	-128
 677 0288 8C       		.byte	-116
 678 0289 20       		.byte	32
 679 028a 8E       		.byte	-114
 680 028b 02       		.byte	2
 681 028c 90       		.byte	-112
 682 028d C2       		.byte	-62
 683 028e 96       		.byte	-106
 684 028f 80       		.byte	-128
ARM GAS  C:\Users\GEORGE~1\AppData\Local\Temp\ccutLrSK.s 			page 13


 685 0290 97       		.byte	-105
 686 0291 10       		.byte	16
 687 0292 9A       		.byte	-102
 688 0293 20       		.byte	32
 689 0294 9D       		.byte	-99
 690 0295 33       		.byte	51
 691 0296 9E       		.byte	-98
 692 0297 08       		.byte	8
 693 0298 A1       		.byte	-95
 694 0299 48       		.byte	72
 695 029a A3       		.byte	-93
 696 029b 10       		.byte	16
 697 029c A4       		.byte	-92
 698 029d 80       		.byte	-128
 699 029e A6       		.byte	-90
 700 029f 02       		.byte	2
 701 02a0 C0       		.byte	-64
 702 02a1 0F       		.byte	15
 703 02a2 C2       		.byte	-62
 704 02a3 0F       		.byte	15
 705 02a4 C4       		.byte	-60
 706 02a5 0F       		.byte	15
 707 02a6 CA       		.byte	-54
 708 02a7 05       		.byte	5
 709 02a8 CC       		.byte	-52
 710 02a9 03       		.byte	3
 711 02aa CE       		.byte	-50
 712 02ab 0E       		.byte	14
 713 02ac D0       		.byte	-48
 714 02ad 1A       		.byte	26
 715 02ae D2       		.byte	-46
 716 02af 20       		.byte	32
 717 02b0 D6       		.byte	-42
 718 02b1 02       		.byte	2
 719 02b2 DE       		.byte	-34
 720 02b3 08       		.byte	8
 721 02b4 04       		.byte	4
 722 02b5 02       		.byte	2
 723 02b6 05       		.byte	5
 724 02b7 01       		.byte	1
 725 02b8 08       		.byte	8
 726 02b9 07       		.byte	7
 727 02ba 09       		.byte	9
 728 02bb 03       		.byte	3
 729 02bc 0C       		.byte	12
 730 02bd 06       		.byte	6
 731 02be 0D       		.byte	13
 732 02bf 03       		.byte	3
 733 02c0 0E       		.byte	14
 734 02c1 01       		.byte	1
 735 02c2 0F       		.byte	15
 736 02c3 0C       		.byte	12
 737 02c4 10       		.byte	16
 738 02c5 07       		.byte	7
 739 02c6 13       		.byte	19
 740 02c7 08       		.byte	8
 741 02c8 14       		.byte	20
ARM GAS  C:\Users\GEORGE~1\AppData\Local\Temp\ccutLrSK.s 			page 14


 742 02c9 06       		.byte	6
 743 02ca 15       		.byte	21
 744 02cb 0B       		.byte	11
 745 02cc 19       		.byte	25
 746 02cd 03       		.byte	3
 747 02ce 1B       		.byte	27
 748 02cf 08       		.byte	8
 749 02d0 1C       		.byte	28
 750 02d1 01       		.byte	1
 751 02d2 1D       		.byte	29
 752 02d3 02       		.byte	2
 753 02d4 1E       		.byte	30
 754 02d5 06       		.byte	6
 755 02d6 20       		.byte	32
 756 02d7 04       		.byte	4
 757 02d8 21       		.byte	33
 758 02d9 08       		.byte	8
 759 02da 23       		.byte	35
 760 02db 03       		.byte	3
 761 02dc 28       		.byte	40
 762 02dd 07       		.byte	7
 763 02de 2D       		.byte	45
 764 02df 03       		.byte	3
 765 02e0 2E       		.byte	46
 766 02e1 01       		.byte	1
 767 02e2 2F       		.byte	47
 768 02e3 04       		.byte	4
 769 02e4 30       		.byte	48
 770 02e5 07       		.byte	7
 771 02e6 31       		.byte	49
 772 02e7 0F       		.byte	15
 773 02e8 3B       		.byte	59
 774 02e9 02       		.byte	2
 775 02ea 40       		.byte	64
 776 02eb 53       		.byte	83
 777 02ec 49       		.byte	73
 778 02ed FF       		.byte	-1
 779 02ee 4A       		.byte	74
 780 02ef FF       		.byte	-1
 781 02f0 4B       		.byte	75
 782 02f1 FF       		.byte	-1
 783 02f2 4D       		.byte	77
 784 02f3 83       		.byte	-125
 785 02f4 4E       		.byte	78
 786 02f5 03       		.byte	3
 787 02f6 4F       		.byte	79
 788 02f7 01       		.byte	1
 789 02f8 50       		.byte	80
 790 02f9 18       		.byte	24
 791 02fa 58       		.byte	88
 792 02fb 04       		.byte	4
 793 02fc 59       		.byte	89
 794 02fd 04       		.byte	4
 795 02fe 5A       		.byte	90
 796 02ff 04       		.byte	4
 797 0300 5B       		.byte	91
 798 0301 04       		.byte	4
ARM GAS  C:\Users\GEORGE~1\AppData\Local\Temp\ccutLrSK.s 			page 15


 799 0302 5C       		.byte	92
 800 0303 33       		.byte	51
 801 0304 5F       		.byte	95
 802 0305 01       		.byte	1
 803 0306 60       		.byte	96
 804 0307 40       		.byte	64
 805 0308 62       		.byte	98
 806 0309 40       		.byte	64
 807 030a 64       		.byte	100
 808 030b 40       		.byte	64
 809 030c 65       		.byte	101
 810 030d 40       		.byte	64
 811 030e 66       		.byte	102
 812 030f 80       		.byte	-128
 813 0310 68       		.byte	104
 814 0311 80       		.byte	-128
 815 0312 6A       		.byte	106
 816 0313 80       		.byte	-128
 817 0314 6C       		.byte	108
 818 0315 80       		.byte	-128
 819 0316 6E       		.byte	110
 820 0317 80       		.byte	-128
 821 0318 8B       		.byte	-117
 822 0319 01       		.byte	1
 823 031a AF       		.byte	-81
 824 031b 01       		.byte	1
 825 031c B1       		.byte	-79
 826 031d 01       		.byte	1
 827 031e BF       		.byte	-65
 828 031f 01       		.byte	1
 829 0320 C0       		.byte	-64
 830 0321 16       		.byte	22
 831 0322 C5       		.byte	-59
 832 0323 EC       		.byte	-20
 833 0324 C6       		.byte	-58
 834 0325 20       		.byte	32
 835 0326 C8       		.byte	-56
 836 0327 0B       		.byte	11
 837 0328 C9       		.byte	-55
 838 0329 FF       		.byte	-1
 839 032a CA       		.byte	-54
 840 032b FF       		.byte	-1
 841 032c CB       		.byte	-53
 842 032d FF       		.byte	-1
 843 032e CD       		.byte	-51
 844 032f 83       		.byte	-125
 845 0330 CE       		.byte	-50
 846 0331 03       		.byte	3
 847 0332 CF       		.byte	-49
 848 0333 01       		.byte	1
 849 0334 D0       		.byte	-48
 850 0335 18       		.byte	24
 851 0336 D4       		.byte	-44
 852 0337 01       		.byte	1
 853 0338 D9       		.byte	-39
 854 0339 04       		.byte	4
 855 033a DA       		.byte	-38
ARM GAS  C:\Users\GEORGE~1\AppData\Local\Temp\ccutLrSK.s 			page 16


 856 033b 04       		.byte	4
 857 033c DB       		.byte	-37
 858 033d 04       		.byte	4
 859 033e DF       		.byte	-33
 860 033f 01       		.byte	1
 861 0340 E0       		.byte	-32
 862 0341 40       		.byte	64
 863 0342 E2       		.byte	-30
 864 0343 40       		.byte	64
 865 0344 E4       		.byte	-28
 866 0345 40       		.byte	64
 867 0346 E5       		.byte	-27
 868 0347 40       		.byte	64
 869 0348 E6       		.byte	-26
 870 0349 80       		.byte	-128
 871 034a E8       		.byte	-24
 872 034b 80       		.byte	-128
 873 034c EA       		.byte	-22
 874 034d 80       		.byte	-128
 875 034e EC       		.byte	-20
 876 034f 80       		.byte	-128
 877 0350 EE       		.byte	-18
 878 0351 80       		.byte	-128
 879 0352 00       		.byte	0
 880 0353 40       		.byte	64
 881 0354 01       		.byte	1
 882 0355 24       		.byte	36
 883 0356 08       		.byte	8
 884 0357 42       		.byte	66
 885 0358 0A       		.byte	10
 886 0359 80       		.byte	-128
 887 035a 0B       		.byte	11
 888 035b 10       		.byte	16
 889 035c 10       		.byte	16
 890 035d 84       		.byte	-124
 891 035e 12       		.byte	18
 892 035f 02       		.byte	2
 893 0360 18       		.byte	24
 894 0361 80       		.byte	-128
 895 0362 20       		.byte	32
 896 0363 40       		.byte	64
 897 0364 27       		.byte	39
 898 0365 80       		.byte	-128
 899 0366 28       		.byte	40
 900 0367 42       		.byte	66
 901 0368 29       		.byte	41
 902 0369 02       		.byte	2
 903 036a 2C       		.byte	44
 904 036b 02       		.byte	2
 905 036c 30       		.byte	48
 906 036d 84       		.byte	-124
 907 036e 31       		.byte	49
 908 036f 18       		.byte	24
 909 0370 32       		.byte	50
 910 0371 02       		.byte	2
 911 0372 38       		.byte	56
 912 0373 40       		.byte	64
ARM GAS  C:\Users\GEORGE~1\AppData\Local\Temp\ccutLrSK.s 			page 17


 913 0374 39       		.byte	57
 914 0375 04       		.byte	4
 915 0376 3A       		.byte	58
 916 0377 08       		.byte	8
 917 0378 3B       		.byte	59
 918 0379 10       		.byte	16
 919 037a 3F       		.byte	63
 920 037b 20       		.byte	32
 921 037c 42       		.byte	66
 922 037d 20       		.byte	32
 923 037e 45       		.byte	69
 924 037f 40       		.byte	64
 925 0380 48       		.byte	72
 926 0381 02       		.byte	2
 927 0382 4D       		.byte	77
 928 0383 08       		.byte	8
 929 0384 4F       		.byte	79
 930 0385 21       		.byte	33
 931 0386 54       		.byte	84
 932 0387 10       		.byte	16
 933 0388 56       		.byte	86
 934 0389 20       		.byte	32
 935 038a 57       		.byte	87
 936 038b 10       		.byte	16
 937 038c 5D       		.byte	93
 938 038d 08       		.byte	8
 939 038e 5F       		.byte	95
 940 038f 81       		.byte	-127
 941 0390 69       		.byte	105
 942 0391 80       		.byte	-128
 943 0392 80       		.byte	-128
 944 0393 01       		.byte	1
 945 0394 8D       		.byte	-115
 946 0395 41       		.byte	65
 947 0396 94       		.byte	-108
 948 0397 02       		.byte	2
 949 0398 9C       		.byte	-100
 950 0399 02       		.byte	2
 951 039a A0       		.byte	-96
 952 039b 02       		.byte	2
 953 039c A1       		.byte	-95
 954 039d 48       		.byte	72
 955 039e A4       		.byte	-92
 956 039f 10       		.byte	16
 957 03a0 A9       		.byte	-87
 958 03a1 40       		.byte	64
 959 03a2 AA       		.byte	-86
 960 03a3 40       		.byte	64
 961 03a4 C0       		.byte	-64
 962 03a5 07       		.byte	7
 963 03a6 C2       		.byte	-62
 964 03a7 0D       		.byte	13
 965 03a8 C4       		.byte	-60
 966 03a9 0B       		.byte	11
 967 03aa CA       		.byte	-54
 968 03ab 19       		.byte	25
 969 03ac CC       		.byte	-52
ARM GAS  C:\Users\GEORGE~1\AppData\Local\Temp\ccutLrSK.s 			page 18


 970 03ad 0F       		.byte	15
 971 03ae CE       		.byte	-50
 972 03af 2E       		.byte	46
 973 03b0 D0       		.byte	-48
 974 03b1 12       		.byte	18
 975 03b2 D2       		.byte	-46
 976 03b3 28       		.byte	40
 977 03b4 D6       		.byte	-42
 978 03b5 D0       		.byte	-48
 979 03b6 E6       		.byte	-26
 980 03b7 40       		.byte	64
 981 03b8 EC       		.byte	-20
 982 03b9 04       		.byte	4
 983 03ba 0D       		.byte	13
 984 03bb 02       		.byte	2
 985 03bc 12       		.byte	18
 986 03bd 01       		.byte	1
 987 03be 1D       		.byte	29
 988 03bf 02       		.byte	2
 989 03c0 1E       		.byte	30
 990 03c1 01       		.byte	1
 991 03c2 28       		.byte	40
 992 03c3 01       		.byte	1
 993 03c4 2F       		.byte	47
 994 03c5 01       		.byte	1
 995 03c6 33       		.byte	51
 996 03c7 01       		.byte	1
 997 03c8 36       		.byte	54
 998 03c9 01       		.byte	1
 999 03ca 37       		.byte	55
 1000 03cb 02       		.byte	2
 1001 03cc 39       		.byte	57
 1002 03cd 80       		.byte	-128
 1003 03ce 3E       		.byte	62
 1004 03cf 40       		.byte	64
 1005 03d0 3F       		.byte	63
 1006 03d1 40       		.byte	64
 1007 03d2 40       		.byte	64
 1008 03d3 14       		.byte	20
 1009 03d4 41       		.byte	65
 1010 03d5 05       		.byte	5
 1011 03d6 49       		.byte	73
 1012 03d7 FF       		.byte	-1
 1013 03d8 4A       		.byte	74
 1014 03d9 FF       		.byte	-1
 1015 03da 4B       		.byte	75
 1016 03db FF       		.byte	-1
 1017 03dc 4D       		.byte	77
 1018 03dd A0       		.byte	-96
 1019 03de 4F       		.byte	79
 1020 03df 01       		.byte	1
 1021 03e0 50       		.byte	80
 1022 03e1 18       		.byte	24
 1023 03e2 58       		.byte	88
 1024 03e3 04       		.byte	4
 1025 03e4 59       		.byte	89
 1026 03e5 04       		.byte	4
ARM GAS  C:\Users\GEORGE~1\AppData\Local\Temp\ccutLrSK.s 			page 19


 1027 03e6 5A       		.byte	90
 1028 03e7 04       		.byte	4
 1029 03e8 5B       		.byte	91
 1030 03e9 04       		.byte	4
 1031 03ea 5C       		.byte	92
 1032 03eb 20       		.byte	32
 1033 03ec 5D       		.byte	93
 1034 03ed 02       		.byte	2
 1035 03ee 5F       		.byte	95
 1036 03ef 01       		.byte	1
 1037 03f0 60       		.byte	96
 1038 03f1 40       		.byte	64
 1039 03f2 62       		.byte	98
 1040 03f3 80       		.byte	-128
 1041 03f4 64       		.byte	100
 1042 03f5 40       		.byte	64
 1043 03f6 65       		.byte	101
 1044 03f7 40       		.byte	64
 1045 03f8 66       		.byte	102
 1046 03f9 80       		.byte	-128
 1047 03fa 68       		.byte	104
 1048 03fb 40       		.byte	64
 1049 03fc 6A       		.byte	106
 1050 03fd 50       		.byte	80
 1051 03fe 6B       		.byte	107
 1052 03ff A8       		.byte	-88
 1053 0400 6C       		.byte	108
 1054 0401 40       		.byte	64
 1055 0402 6D       		.byte	109
 1056 0403 20       		.byte	32
 1057 0404 6E       		.byte	110
 1058 0405 50       		.byte	80
 1059 0406 6F       		.byte	111
 1060 0407 A8       		.byte	-88
 1061 0408 8A       		.byte	-118
 1062 0409 01       		.byte	1
 1063 040a 97       		.byte	-105
 1064 040b 01       		.byte	1
 1065 040c AD       		.byte	-83
 1066 040d 01       		.byte	1
 1067 040e AE       		.byte	-82
 1068 040f 01       		.byte	1
 1069 0410 B0       		.byte	-80
 1070 0411 01       		.byte	1
 1071 0412 B3       		.byte	-77
 1072 0413 01       		.byte	1
 1073 0414 B6       		.byte	-74
 1074 0415 01       		.byte	1
 1075 0416 C0       		.byte	-64
 1076 0417 14       		.byte	20
 1077 0418 C1       		.byte	-63
 1078 0419 05       		.byte	5
 1079 041a C9       		.byte	-55
 1080 041b FF       		.byte	-1
 1081 041c CA       		.byte	-54
 1082 041d FF       		.byte	-1
 1083 041e CB       		.byte	-53
ARM GAS  C:\Users\GEORGE~1\AppData\Local\Temp\ccutLrSK.s 			page 20


 1084 041f FF       		.byte	-1
 1085 0420 CD       		.byte	-51
 1086 0421 AF       		.byte	-81
 1087 0422 CE       		.byte	-50
 1088 0423 07       		.byte	7
 1089 0424 CF       		.byte	-49
 1090 0425 01       		.byte	1
 1091 0426 D0       		.byte	-48
 1092 0427 18       		.byte	24
 1093 0428 D8       		.byte	-40
 1094 0429 04       		.byte	4
 1095 042a D9       		.byte	-39
 1096 042b 04       		.byte	4
 1097 042c DA       		.byte	-38
 1098 042d 04       		.byte	4
 1099 042e DB       		.byte	-37
 1100 042f 04       		.byte	4
 1101 0430 DC       		.byte	-36
 1102 0431 30       		.byte	48
 1103 0432 DD       		.byte	-35
 1104 0433 02       		.byte	2
 1105 0434 DF       		.byte	-33
 1106 0435 01       		.byte	1
 1107 0436 E0       		.byte	-32
 1108 0437 40       		.byte	64
 1109 0438 E2       		.byte	-30
 1110 0439 80       		.byte	-128
 1111 043a E4       		.byte	-28
 1112 043b 40       		.byte	64
 1113 043c E5       		.byte	-27
 1114 043d 40       		.byte	64
 1115 043e E6       		.byte	-26
 1116 043f 80       		.byte	-128
 1117 0440 E8       		.byte	-24
 1118 0441 40       		.byte	64
 1119 0442 EA       		.byte	-22
 1120 0443 50       		.byte	80
 1121 0444 EB       		.byte	-21
 1122 0445 A8       		.byte	-88
 1123 0446 EC       		.byte	-20
 1124 0447 40       		.byte	64
 1125 0448 ED       		.byte	-19
 1126 0449 20       		.byte	32
 1127 044a EE       		.byte	-18
 1128 044b 50       		.byte	80
 1129 044c EF       		.byte	-17
 1130 044d A8       		.byte	-88
 1131 044e 00       		.byte	0
 1132 044f 20       		.byte	32
 1133 0450 0E       		.byte	14
 1134 0451 81       		.byte	-127
 1135 0452 10       		.byte	16
 1136 0453 02       		.byte	2
 1137 0454 17       		.byte	23
 1138 0455 10       		.byte	16
 1139 0456 19       		.byte	25
 1140 0457 80       		.byte	-128
ARM GAS  C:\Users\GEORGE~1\AppData\Local\Temp\ccutLrSK.s 			page 21


 1141 0458 1A       		.byte	26
 1142 0459 81       		.byte	-127
 1143 045a 1D       		.byte	29
 1144 045b 80       		.byte	-128
 1145 045c 21       		.byte	33
 1146 045d 08       		.byte	8
 1147 045e 27       		.byte	39
 1148 045f 13       		.byte	19
 1149 0460 28       		.byte	40
 1150 0461 02       		.byte	2
 1151 0462 2D       		.byte	45
 1152 0463 80       		.byte	-128
 1153 0464 31       		.byte	49
 1154 0465 08       		.byte	8
 1155 0466 36       		.byte	54
 1156 0467 80       		.byte	-128
 1157 0468 3E       		.byte	62
 1158 0469 40       		.byte	64
 1159 046a 41       		.byte	65
 1160 046b 80       		.byte	-128
 1161 046c 43       		.byte	67
 1162 046d 01       		.byte	1
 1163 046e 45       		.byte	69
 1164 046f 80       		.byte	-128
 1165 0470 47       		.byte	71
 1166 0471 02       		.byte	2
 1167 0472 4A       		.byte	74
 1168 0473 02       		.byte	2
 1169 0474 4C       		.byte	76
 1170 0475 01       		.byte	1
 1171 0476 4E       		.byte	78
 1172 0477 02       		.byte	2
 1173 0478 69       		.byte	105
 1174 0479 40       		.byte	64
 1175 047a 6C       		.byte	108
 1176 047b 02       		.byte	2
 1177 047c 6D       		.byte	109
 1178 047d 80       		.byte	-128
 1179 047e 6E       		.byte	110
 1180 047f 80       		.byte	-128
 1181 0480 92       		.byte	-110
 1182 0481 40       		.byte	64
 1183 0482 9F       		.byte	-97
 1184 0483 01       		.byte	1
 1185 0484 A2       		.byte	-94
 1186 0485 80       		.byte	-128
 1187 0486 A5       		.byte	-91
 1188 0487 80       		.byte	-128
 1189 0488 A6       		.byte	-90
 1190 0489 02       		.byte	2
 1191 048a C0       		.byte	-64
 1192 048b 02       		.byte	2
 1193 048c C2       		.byte	-62
 1194 048d 90       		.byte	-112
 1195 048e C4       		.byte	-60
 1196 048f 41       		.byte	65
 1197 0490 CA       		.byte	-54
ARM GAS  C:\Users\GEORGE~1\AppData\Local\Temp\ccutLrSK.s 			page 22


 1198 0491 18       		.byte	24
 1199 0492 CC       		.byte	-52
 1200 0493 12       		.byte	18
 1201 0494 CE       		.byte	-50
 1202 0495 10       		.byte	16
 1203 0496 D0       		.byte	-48
 1204 0497 99       		.byte	-103
 1205 0498 D2       		.byte	-46
 1206 0499 18       		.byte	24
 1207 049a 40       		.byte	64
 1208 049b 14       		.byte	20
 1209 049c 41       		.byte	65
 1210 049d 05       		.byte	5
 1211 049e 49       		.byte	73
 1212 049f FF       		.byte	-1
 1213 04a0 4A       		.byte	74
 1214 04a1 FF       		.byte	-1
 1215 04a2 4B       		.byte	75
 1216 04a3 FF       		.byte	-1
 1217 04a4 4D       		.byte	77
 1218 04a5 AF       		.byte	-81
 1219 04a6 4E       		.byte	78
 1220 04a7 07       		.byte	7
 1221 04a8 4F       		.byte	79
 1222 04a9 01       		.byte	1
 1223 04aa 50       		.byte	80
 1224 04ab 18       		.byte	24
 1225 04ac 5A       		.byte	90
 1226 04ad 04       		.byte	4
 1227 04ae 5D       		.byte	93
 1228 04af 02       		.byte	2
 1229 04b0 5F       		.byte	95
 1230 04b1 01       		.byte	1
 1231 04b2 60       		.byte	96
 1232 04b3 40       		.byte	64
 1233 04b4 62       		.byte	98
 1234 04b5 80       		.byte	-128
 1235 04b6 64       		.byte	100
 1236 04b7 40       		.byte	64
 1237 04b8 65       		.byte	101
 1238 04b9 40       		.byte	64
 1239 04ba 66       		.byte	102
 1240 04bb 80       		.byte	-128
 1241 04bc 68       		.byte	104
 1242 04bd 40       		.byte	64
 1243 04be 6A       		.byte	106
 1244 04bf 50       		.byte	80
 1245 04c0 6B       		.byte	107
 1246 04c1 A8       		.byte	-88
 1247 04c2 6C       		.byte	108
 1248 04c3 40       		.byte	64
 1249 04c4 6D       		.byte	109
 1250 04c5 20       		.byte	32
 1251 04c6 6E       		.byte	110
 1252 04c7 50       		.byte	80
 1253 04c8 6F       		.byte	111
 1254 04c9 A8       		.byte	-88
ARM GAS  C:\Users\GEORGE~1\AppData\Local\Temp\ccutLrSK.s 			page 23


 1255 04ca 83       		.byte	-125
 1256 04cb 02       		.byte	2
 1257 04cc 8C       		.byte	-116
 1258 04cd 01       		.byte	1
 1259 04ce 92       		.byte	-110
 1260 04cf 02       		.byte	2
 1261 04d0 9E       		.byte	-98
 1262 04d1 01       		.byte	1
 1263 04d2 A8       		.byte	-88
 1264 04d3 02       		.byte	2
 1265 04d4 AF       		.byte	-81
 1266 04d5 01       		.byte	1
 1267 04d6 B0       		.byte	-80
 1268 04d7 01       		.byte	1
 1269 04d8 B3       		.byte	-77
 1270 04d9 01       		.byte	1
 1271 04da B4       		.byte	-76
 1272 04db 02       		.byte	2
 1273 04dc B7       		.byte	-73
 1274 04dd 02       		.byte	2
 1275 04de BE       		.byte	-66
 1276 04df 11       		.byte	17
 1277 04e0 C0       		.byte	-64
 1278 04e1 14       		.byte	20
 1279 04e2 C1       		.byte	-63
 1280 04e3 05       		.byte	5
 1281 04e4 C5       		.byte	-59
 1282 04e5 4C       		.byte	76
 1283 04e6 C6       		.byte	-58
 1284 04e7 20       		.byte	32
 1285 04e8 C7       		.byte	-57
 1286 04e9 0E       		.byte	14
 1287 04ea C8       		.byte	-56
 1288 04eb 3B       		.byte	59
 1289 04ec C9       		.byte	-55
 1290 04ed FF       		.byte	-1
 1291 04ee CA       		.byte	-54
 1292 04ef FF       		.byte	-1
 1293 04f0 CB       		.byte	-53
 1294 04f1 FF       		.byte	-1
 1295 04f2 CD       		.byte	-51
 1296 04f3 AF       		.byte	-81
 1297 04f4 CE       		.byte	-50
 1298 04f5 07       		.byte	7
 1299 04f6 CF       		.byte	-49
 1300 04f7 01       		.byte	1
 1301 04f8 D0       		.byte	-48
 1302 04f9 18       		.byte	24
 1303 04fa D4       		.byte	-44
 1304 04fb 07       		.byte	7
 1305 04fc D6       		.byte	-42
 1306 04fd 04       		.byte	4
 1307 04fe D8       		.byte	-40
 1308 04ff 04       		.byte	4
 1309 0500 D9       		.byte	-39
 1310 0501 04       		.byte	4
 1311 0502 DA       		.byte	-38
ARM GAS  C:\Users\GEORGE~1\AppData\Local\Temp\ccutLrSK.s 			page 24


 1312 0503 04       		.byte	4
 1313 0504 DB       		.byte	-37
 1314 0505 04       		.byte	4
 1315 0506 DC       		.byte	-36
 1316 0507 20       		.byte	32
 1317 0508 DD       		.byte	-35
 1318 0509 22       		.byte	34
 1319 050a DF       		.byte	-33
 1320 050b 05       		.byte	5
 1321 050c E0       		.byte	-32
 1322 050d 40       		.byte	64
 1323 050e E2       		.byte	-30
 1324 050f 80       		.byte	-128
 1325 0510 E4       		.byte	-28
 1326 0511 40       		.byte	64
 1327 0512 E5       		.byte	-27
 1328 0513 40       		.byte	64
 1329 0514 E6       		.byte	-26
 1330 0515 80       		.byte	-128
 1331 0516 E8       		.byte	-24
 1332 0517 40       		.byte	64
 1333 0518 EA       		.byte	-22
 1334 0519 50       		.byte	80
 1335 051a EB       		.byte	-21
 1336 051b A8       		.byte	-88
 1337 051c EC       		.byte	-20
 1338 051d 40       		.byte	64
 1339 051e ED       		.byte	-19
 1340 051f 20       		.byte	32
 1341 0520 EE       		.byte	-18
 1342 0521 50       		.byte	80
 1343 0522 EF       		.byte	-17
 1344 0523 A8       		.byte	-88
 1345 0524 07       		.byte	7
 1346 0525 02       		.byte	2
 1347 0526 0C       		.byte	12
 1348 0527 02       		.byte	2
 1349 0528 0F       		.byte	15
 1350 0529 02       		.byte	2
 1351 052a 17       		.byte	23
 1352 052b 10       		.byte	16
 1353 052c 1E       		.byte	30
 1354 052d 88       		.byte	-120
 1355 052e 26       		.byte	38
 1356 052f 80       		.byte	-128
 1357 0530 27       		.byte	39
 1358 0531 12       		.byte	18
 1359 0532 2C       		.byte	44
 1360 0533 02       		.byte	2
 1361 0534 3F       		.byte	63
 1362 0535 02       		.byte	2
 1363 0536 41       		.byte	65
 1364 0537 80       		.byte	-128
 1365 0538 43       		.byte	67
 1366 0539 01       		.byte	1
 1367 053a 45       		.byte	69
 1368 053b 80       		.byte	-128
ARM GAS  C:\Users\GEORGE~1\AppData\Local\Temp\ccutLrSK.s 			page 25


 1369 053c 47       		.byte	71
 1370 053d 01       		.byte	1
 1371 053e 4A       		.byte	74
 1372 053f 02       		.byte	2
 1373 0540 4E       		.byte	78
 1374 0541 02       		.byte	2
 1375 0542 4F       		.byte	79
 1376 0543 06       		.byte	6
 1377 0544 54       		.byte	84
 1378 0545 02       		.byte	2
 1379 0546 56       		.byte	86
 1380 0547 08       		.byte	8
 1381 0548 57       		.byte	87
 1382 0549 10       		.byte	16
 1383 054a 5E       		.byte	94
 1384 054b 88       		.byte	-120
 1385 054c 5F       		.byte	95
 1386 054d 10       		.byte	16
 1387 054e 63       		.byte	99
 1388 054f 30       		.byte	48
 1389 0550 66       		.byte	102
 1390 0551 08       		.byte	8
 1391 0552 67       		.byte	103
 1392 0553 84       		.byte	-124
 1393 0554 6E       		.byte	110
 1394 0555 40       		.byte	64
 1395 0556 6F       		.byte	111
 1396 0557 02       		.byte	2
 1397 0558 7F       		.byte	127
 1398 0559 02       		.byte	2
 1399 055a 87       		.byte	-121
 1400 055b 40       		.byte	64
 1401 055c C0       		.byte	-64
 1402 055d 80       		.byte	-128
 1403 055e C2       		.byte	-62
 1404 055f 90       		.byte	-112
 1405 0560 C4       		.byte	-60
 1406 0561 40       		.byte	64
 1407 0562 CA       		.byte	-54
 1408 0563 10       		.byte	16
 1409 0564 CE       		.byte	-50
 1410 0565 80       		.byte	-128
 1411 0566 D0       		.byte	-48
 1412 0567 99       		.byte	-103
 1413 0568 D2       		.byte	-46
 1414 0569 18       		.byte	24
 1415 056a D6       		.byte	-42
 1416 056b 70       		.byte	112
 1417 056c D8       		.byte	-40
 1418 056d E0       		.byte	-32
 1419 056e DE       		.byte	-34
 1420 056f 10       		.byte	16
 1421 0570 00       		.byte	0
 1422 0571 1F       		.byte	31
 1423 0572 01       		.byte	1
 1424 0573 06       		.byte	6
 1425 0574 03       		.byte	3
ARM GAS  C:\Users\GEORGE~1\AppData\Local\Temp\ccutLrSK.s 			page 26


 1426 0575 10       		.byte	16
 1427 0576 04       		.byte	4
 1428 0577 09       		.byte	9
 1429 0578 06       		.byte	6
 1430 0579 10       		.byte	16
 1431 057a 07       		.byte	7
 1432 057b 12       		.byte	18
 1433 057c 0A       		.byte	10
 1434 057d 03       		.byte	3
 1435 057e 10       		.byte	16
 1436 057f 10       		.byte	16
 1437 0580 12       		.byte	18
 1438 0581 0C       		.byte	12
 1439 0582 14       		.byte	20
 1440 0583 1C       		.byte	28
 1441 0584 15       		.byte	21
 1442 0585 06       		.byte	6
 1443 0586 16       		.byte	22
 1444 0587 02       		.byte	2
 1445 0588 17       		.byte	23
 1446 0589 10       		.byte	16
 1447 058a 1B       		.byte	27
 1448 058b 20       		.byte	32
 1449 058c 1D       		.byte	29
 1450 058d 06       		.byte	6
 1451 058e 1F       		.byte	31
 1452 058f 38       		.byte	56
 1453 0590 20       		.byte	32
 1454 0591 0C       		.byte	12
 1455 0592 21       		.byte	33
 1456 0593 06       		.byte	6
 1457 0594 22       		.byte	34
 1458 0595 11       		.byte	17
 1459 0596 23       		.byte	35
 1460 0597 08       		.byte	8
 1461 0598 24       		.byte	36
 1462 0599 14       		.byte	20
 1463 059a 25       		.byte	37
 1464 059b 01       		.byte	1
 1465 059c 28       		.byte	40
 1466 059d 10       		.byte	16
 1467 059e 29       		.byte	41
 1468 059f 24       		.byte	36
 1469 05a0 2B       		.byte	43
 1470 05a1 10       		.byte	16
 1471 05a2 33       		.byte	51
 1472 05a3 01       		.byte	1
 1473 05a4 34       		.byte	52
 1474 05a5 1F       		.byte	31
 1475 05a6 37       		.byte	55
 1476 05a7 3E       		.byte	62
 1477 05a8 3B       		.byte	59
 1478 05a9 80       		.byte	-128
 1479 05aa 3F       		.byte	63
 1480 05ab 04       		.byte	4
 1481 05ac 40       		.byte	64
 1482 05ad 12       		.byte	18
ARM GAS  C:\Users\GEORGE~1\AppData\Local\Temp\ccutLrSK.s 			page 27


 1483 05ae 41       		.byte	65
 1484 05af 05       		.byte	5
 1485 05b0 45       		.byte	69
 1486 05b1 0B       		.byte	11
 1487 05b2 46       		.byte	70
 1488 05b3 E0       		.byte	-32
 1489 05b4 47       		.byte	71
 1490 05b5 0C       		.byte	12
 1491 05b6 48       		.byte	72
 1492 05b7 19       		.byte	25
 1493 05b8 49       		.byte	73
 1494 05b9 FF       		.byte	-1
 1495 05ba 4A       		.byte	74
 1496 05bb FF       		.byte	-1
 1497 05bc 4B       		.byte	75
 1498 05bd FF       		.byte	-1
 1499 05be 4E       		.byte	78
 1500 05bf F0       		.byte	-16
 1501 05c0 4F       		.byte	79
 1502 05c1 44       		.byte	68
 1503 05c2 50       		.byte	80
 1504 05c3 0C       		.byte	12
 1505 05c4 58       		.byte	88
 1506 05c5 04       		.byte	4
 1507 05c6 59       		.byte	89
 1508 05c7 04       		.byte	4
 1509 05c8 5A       		.byte	90
 1510 05c9 04       		.byte	4
 1511 05ca 5C       		.byte	92
 1512 05cb 33       		.byte	51
 1513 05cc 5D       		.byte	93
 1514 05cd 03       		.byte	3
 1515 05ce 5F       		.byte	95
 1516 05cf 09       		.byte	9
 1517 05d0 66       		.byte	102
 1518 05d1 C0       		.byte	-64
 1519 05d2 6A       		.byte	106
 1520 05d3 40       		.byte	64
 1521 05d4 6B       		.byte	107
 1522 05d5 02       		.byte	2
 1523 05d6 81       		.byte	-127
 1524 05d7 03       		.byte	3
 1525 05d8 87       		.byte	-121
 1526 05d9 01       		.byte	1
 1527 05da 89       		.byte	-119
 1528 05db 02       		.byte	2
 1529 05dc 92       		.byte	-110
 1530 05dd 01       		.byte	1
 1531 05de 9D       		.byte	-99
 1532 05df 03       		.byte	3
 1533 05e0 AC       		.byte	-84
 1534 05e1 01       		.byte	1
 1535 05e2 B0       		.byte	-80
 1536 05e3 01       		.byte	1
 1537 05e4 B1       		.byte	-79
 1538 05e5 03       		.byte	3
 1539 05e6 B9       		.byte	-71
ARM GAS  C:\Users\GEORGE~1\AppData\Local\Temp\ccutLrSK.s 			page 28


 1540 05e7 02       		.byte	2
 1541 05e8 BF       		.byte	-65
 1542 05e9 01       		.byte	1
 1543 05ea C0       		.byte	-64
 1544 05eb 01       		.byte	1
 1545 05ec C6       		.byte	-58
 1546 05ed 40       		.byte	64
 1547 05ee C9       		.byte	-55
 1548 05ef FF       		.byte	-1
 1549 05f0 CA       		.byte	-54
 1550 05f1 07       		.byte	7
 1551 05f2 CB       		.byte	-53
 1552 05f3 FF       		.byte	-1
 1553 05f4 CC       		.byte	-52
 1554 05f5 40       		.byte	64
 1555 05f6 CD       		.byte	-51
 1556 05f7 20       		.byte	32
 1557 05f8 CE       		.byte	-50
 1558 05f9 F0       		.byte	-16
 1559 05fa CF       		.byte	-49
 1560 05fb 05       		.byte	5
 1561 05fc D0       		.byte	-48
 1562 05fd 08       		.byte	8
 1563 05fe D8       		.byte	-40
 1564 05ff 04       		.byte	4
 1565 0600 D9       		.byte	-39
 1566 0601 04       		.byte	4
 1567 0602 DA       		.byte	-38
 1568 0603 04       		.byte	4
 1569 0604 DB       		.byte	-37
 1570 0605 04       		.byte	4
 1571 0606 DC       		.byte	-36
 1572 0607 03       		.byte	3
 1573 0608 DD       		.byte	-35
 1574 0609 03       		.byte	3
 1575 060a DF       		.byte	-33
 1576 060b 09       		.byte	9
 1577 060c E0       		.byte	-32
 1578 060d 40       		.byte	64
 1579 060e E1       		.byte	-31
 1580 060f A8       		.byte	-88
 1581 0610 E2       		.byte	-30
 1582 0611 40       		.byte	64
 1583 0612 E3       		.byte	-29
 1584 0613 20       		.byte	32
 1585 0614 01       		.byte	1
 1586 0615 20       		.byte	32
 1587 0616 02       		.byte	2
 1588 0617 04       		.byte	4
 1589 0618 03       		.byte	3
 1590 0619 90       		.byte	-112
 1591 061a 0A       		.byte	10
 1592 061b 90       		.byte	-112
 1593 061c 0E       		.byte	14
 1594 061d 80       		.byte	-128
 1595 061e 10       		.byte	16
 1596 061f 20       		.byte	32
ARM GAS  C:\Users\GEORGE~1\AppData\Local\Temp\ccutLrSK.s 			page 29


 1597 0620 11       		.byte	17
 1598 0621 20       		.byte	32
 1599 0622 13       		.byte	19
 1600 0623 01       		.byte	1
 1601 0624 16       		.byte	22
 1602 0625 02       		.byte	2
 1603 0626 19       		.byte	25
 1604 0627 20       		.byte	32
 1605 0628 1E       		.byte	30
 1606 0629 80       		.byte	-128
 1607 062a 20       		.byte	32
 1608 062b 20       		.byte	32
 1609 062c 21       		.byte	33
 1610 062d 40       		.byte	64
 1611 062e 22       		.byte	34
 1612 062f C0       		.byte	-64
 1613 0630 27       		.byte	39
 1614 0631 80       		.byte	-128
 1615 0632 2A       		.byte	42
 1616 0633 26       		.byte	38
 1617 0634 31       		.byte	49
 1618 0635 08       		.byte	8
 1619 0636 32       		.byte	50
 1620 0637 40       		.byte	64
 1621 0638 33       		.byte	51
 1622 0639 10       		.byte	16
 1623 063a 36       		.byte	54
 1624 063b 80       		.byte	-128
 1625 063c 3B       		.byte	59
 1626 063d 05       		.byte	5
 1627 063e 3C       		.byte	60
 1628 063f 02       		.byte	2
 1629 0640 3E       		.byte	62
 1630 0641 34       		.byte	52
 1631 0642 3F       		.byte	63
 1632 0643 05       		.byte	5
 1633 0644 41       		.byte	65
 1634 0645 40       		.byte	64
 1635 0646 42       		.byte	66
 1636 0647 04       		.byte	4
 1637 0648 47       		.byte	71
 1638 0649 80       		.byte	-128
 1639 064a 48       		.byte	72
 1640 064b 21       		.byte	33
 1641 064c 4F       		.byte	79
 1642 064d 04       		.byte	4
 1643 064e 51       		.byte	81
 1644 064f 08       		.byte	8
 1645 0650 53       		.byte	83
 1646 0651 10       		.byte	16
 1647 0652 55       		.byte	85
 1648 0653 10       		.byte	16
 1649 0654 57       		.byte	87
 1650 0655 10       		.byte	16
 1651 0656 6F       		.byte	111
 1652 0657 01       		.byte	1
 1653 0658 7B       		.byte	123
ARM GAS  C:\Users\GEORGE~1\AppData\Local\Temp\ccutLrSK.s 			page 30


 1654 0659 80       		.byte	-128
 1655 065a 7F       		.byte	127
 1656 065b 80       		.byte	-128
 1657 065c 84       		.byte	-124
 1658 065d 10       		.byte	16
 1659 065e 86       		.byte	-122
 1660 065f 02       		.byte	2
 1661 0660 87       		.byte	-121
 1662 0661 81       		.byte	-127
 1663 0662 92       		.byte	-110
 1664 0663 10       		.byte	16
 1665 0664 93       		.byte	-109
 1666 0665 01       		.byte	1
 1667 0666 97       		.byte	-105
 1668 0667 24       		.byte	36
 1669 0668 9B       		.byte	-101
 1670 0669 10       		.byte	16
 1671 066a A5       		.byte	-91
 1672 066b 08       		.byte	8
 1673 066c A6       		.byte	-90
 1674 066d 80       		.byte	-128
 1675 066e A7       		.byte	-89
 1676 066f 90       		.byte	-112
 1677 0670 AF       		.byte	-81
 1678 0671 12       		.byte	18
 1679 0672 C0       		.byte	-64
 1680 0673 0E       		.byte	14
 1681 0674 C2       		.byte	-62
 1682 0675 1C       		.byte	28
 1683 0676 C4       		.byte	-60
 1684 0677 8E       		.byte	-114
 1685 0678 CA       		.byte	-54
 1686 0679 07       		.byte	7
 1687 067a CC       		.byte	-52
 1688 067b 1E       		.byte	30
 1689 067c CE       		.byte	-50
 1690 067d E3       		.byte	-29
 1691 067e D0       		.byte	-48
 1692 067f 1C       		.byte	28
 1693 0680 D2       		.byte	-46
 1694 0681 08       		.byte	8
 1695 0682 DE       		.byte	-34
 1696 0683 81       		.byte	-127
 1697 0684 E0       		.byte	-32
 1698 0685 08       		.byte	8
 1699 0686 E6       		.byte	-26
 1700 0687 08       		.byte	8
 1701 0688 01       		.byte	1
 1702 0689 01       		.byte	1
 1703 068a 04       		.byte	4
 1704 068b 0C       		.byte	12
 1705 068c 05       		.byte	5
 1706 068d 02       		.byte	2
 1707 068e 06       		.byte	6
 1708 068f 13       		.byte	19
 1709 0690 10       		.byte	16
 1710 0691 1F       		.byte	31
ARM GAS  C:\Users\GEORGE~1\AppData\Local\Temp\ccutLrSK.s 			page 31


 1711 0692 16       		.byte	22
 1712 0693 08       		.byte	8
 1713 0694 18       		.byte	24
 1714 0695 10       		.byte	16
 1715 0696 1C       		.byte	28
 1716 0697 01       		.byte	1
 1717 0698 1D       		.byte	29
 1718 0699 01       		.byte	1
 1719 069a 1E       		.byte	30
 1720 069b 0E       		.byte	14
 1721 069c 20       		.byte	32
 1722 069d 02       		.byte	2
 1723 069e 22       		.byte	34
 1724 069f 05       		.byte	5
 1725 06a0 2A       		.byte	42
 1726 06a1 0C       		.byte	12
 1727 06a2 2B       		.byte	43
 1728 06a3 01       		.byte	1
 1729 06a4 32       		.byte	50
 1730 06a5 1F       		.byte	31
 1731 06a6 33       		.byte	51
 1732 06a7 03       		.byte	3
 1733 06a8 39       		.byte	57
 1734 06a9 08       		.byte	8
 1735 06aa 58       		.byte	88
 1736 06ab 04       		.byte	4
 1737 06ac 59       		.byte	89
 1738 06ad 04       		.byte	4
 1739 06ae 5C       		.byte	92
 1740 06af 33       		.byte	51
 1741 06b0 5F       		.byte	95
 1742 06b1 01       		.byte	1
 1743 06b2 80       		.byte	-128
 1744 06b3 01       		.byte	1
 1745 06b4 83       		.byte	-125
 1746 06b5 1C       		.byte	28
 1747 06b6 87       		.byte	-121
 1748 06b7 08       		.byte	8
 1749 06b8 88       		.byte	-120
 1750 06b9 04       		.byte	4
 1751 06ba 89       		.byte	-119
 1752 06bb 01       		.byte	1
 1753 06bc 8C       		.byte	-116
 1754 06bd 06       		.byte	6
 1755 06be 8F       		.byte	-113
 1756 06bf 0A       		.byte	10
 1757 06c0 90       		.byte	-112
 1758 06c1 02       		.byte	2
 1759 06c2 95       		.byte	-107
 1760 06c3 12       		.byte	18
 1761 06c4 96       		.byte	-106
 1762 06c5 01       		.byte	1
 1763 06c6 97       		.byte	-105
 1764 06c7 08       		.byte	8
 1765 06c8 9A       		.byte	-102
 1766 06c9 01       		.byte	1
 1767 06ca 9B       		.byte	-101
ARM GAS  C:\Users\GEORGE~1\AppData\Local\Temp\ccutLrSK.s 			page 32


 1768 06cb 12       		.byte	18
 1769 06cc A0       		.byte	-96
 1770 06cd 01       		.byte	1
 1771 06ce A1       		.byte	-95
 1772 06cf 02       		.byte	2
 1773 06d0 A3       		.byte	-93
 1774 06d1 04       		.byte	4
 1775 06d2 A6       		.byte	-90
 1776 06d3 01       		.byte	1
 1777 06d4 A7       		.byte	-89
 1778 06d5 10       		.byte	16
 1779 06d6 B0       		.byte	-80
 1780 06d7 02       		.byte	2
 1781 06d8 B3       		.byte	-77
 1782 06d9 01       		.byte	1
 1783 06da B4       		.byte	-76
 1784 06db 04       		.byte	4
 1785 06dc B6       		.byte	-74
 1786 06dd 01       		.byte	1
 1787 06de B7       		.byte	-73
 1788 06df 1E       		.byte	30
 1789 06e0 B8       		.byte	-72
 1790 06e1 22       		.byte	34
 1791 06e2 BB       		.byte	-69
 1792 06e3 80       		.byte	-128
 1793 06e4 BE       		.byte	-66
 1794 06e5 40       		.byte	64
 1795 06e6 BF       		.byte	-65
 1796 06e7 04       		.byte	4
 1797 06e8 D4       		.byte	-44
 1798 06e9 01       		.byte	1
 1799 06ea D8       		.byte	-40
 1800 06eb 04       		.byte	4
 1801 06ec D9       		.byte	-39
 1802 06ed 04       		.byte	4
 1803 06ee DB       		.byte	-37
 1804 06ef 04       		.byte	4
 1805 06f0 DC       		.byte	-36
 1806 06f1 39       		.byte	57
 1807 06f2 DD       		.byte	-35
 1808 06f3 30       		.byte	48
 1809 06f4 DF       		.byte	-33
 1810 06f5 05       		.byte	5
 1811 06f6 01       		.byte	1
 1812 06f7 60       		.byte	96
 1813 06f8 02       		.byte	2
 1814 06f9 C0       		.byte	-64
 1815 06fa 05       		.byte	5
 1816 06fb 04       		.byte	4
 1817 06fc 09       		.byte	9
 1818 06fd 08       		.byte	8
 1819 06fe 0A       		.byte	10
 1820 06ff 60       		.byte	96
 1821 0700 0B       		.byte	11
 1822 0701 08       		.byte	8
 1823 0702 0F       		.byte	15
 1824 0703 A5       		.byte	-91
ARM GAS  C:\Users\GEORGE~1\AppData\Local\Temp\ccutLrSK.s 			page 33


 1825 0704 13       		.byte	19
 1826 0705 05       		.byte	5
 1827 0706 16       		.byte	22
 1828 0707 40       		.byte	64
 1829 0708 17       		.byte	23
 1830 0709 10       		.byte	16
 1831 070a 19       		.byte	25
 1832 070b A0       		.byte	-96
 1833 070c 1A       		.byte	26
 1834 070d 40       		.byte	64
 1835 070e 1D       		.byte	29
 1836 070f 04       		.byte	4
 1837 0710 1E       		.byte	30
 1838 0711 10       		.byte	16
 1839 0712 1F       		.byte	31
 1840 0713 04       		.byte	4
 1841 0714 22       		.byte	34
 1842 0715 04       		.byte	4
 1843 0716 23       		.byte	35
 1844 0717 01       		.byte	1
 1845 0718 27       		.byte	39
 1846 0719 10       		.byte	16
 1847 071a 2B       		.byte	43
 1848 071b D0       		.byte	-48
 1849 071c 2F       		.byte	47
 1850 071d 04       		.byte	4
 1851 071e 31       		.byte	49
 1852 071f 04       		.byte	4
 1853 0720 33       		.byte	51
 1854 0721 10       		.byte	16
 1855 0722 36       		.byte	54
 1856 0723 80       		.byte	-128
 1857 0724 3A       		.byte	58
 1858 0725 40       		.byte	64
 1859 0726 3B       		.byte	59
 1860 0727 25       		.byte	37
 1861 0728 3F       		.byte	63
 1862 0729 05       		.byte	5
 1863 072a 59       		.byte	89
 1864 072b 80       		.byte	-128
 1865 072c 5A       		.byte	90
 1866 072d 28       		.byte	40
 1867 072e 5B       		.byte	91
 1868 072f 02       		.byte	2
 1869 0730 7B       		.byte	123
 1870 0731 80       		.byte	-128
 1871 0732 91       		.byte	-111
 1872 0733 40       		.byte	64
 1873 0734 A7       		.byte	-89
 1874 0735 80       		.byte	-128
 1875 0736 AF       		.byte	-81
 1876 0737 05       		.byte	5
 1877 0738 C0       		.byte	-64
 1878 0739 2B       		.byte	43
 1879 073a C2       		.byte	-62
 1880 073b FE       		.byte	-2
 1881 073c C4       		.byte	-60
ARM GAS  C:\Users\GEORGE~1\AppData\Local\Temp\ccutLrSK.s 			page 34


 1882 073d 5C       		.byte	92
 1883 073e CA       		.byte	-54
 1884 073f 23       		.byte	35
 1885 0740 CC       		.byte	-52
 1886 0741 16       		.byte	22
 1887 0742 CE       		.byte	-50
 1888 0743 CF       		.byte	-49
 1889 0744 D6       		.byte	-42
 1890 0745 0F       		.byte	15
 1891 0746 DE       		.byte	-34
 1892 0747 01       		.byte	1
 1893 0748 E2       		.byte	-30
 1894 0749 08       		.byte	8
 1895 074a 02       		.byte	2
 1896 074b 0C       		.byte	12
 1897 074c 03       		.byte	3
 1898 074d 01       		.byte	1
 1899 074e 0C       		.byte	12
 1900 074f 01       		.byte	1
 1901 0750 11       		.byte	17
 1902 0751 04       		.byte	4
 1903 0752 12       		.byte	18
 1904 0753 02       		.byte	2
 1905 0754 14       		.byte	20
 1906 0755 08       		.byte	8
 1907 0756 1D       		.byte	29
 1908 0757 04       		.byte	4
 1909 0758 1E       		.byte	30
 1910 0759 01       		.byte	1
 1911 075a 22       		.byte	34
 1912 075b 08       		.byte	8
 1913 075c 25       		.byte	37
 1914 075d 02       		.byte	2
 1915 075e 2F       		.byte	47
 1916 075f 02       		.byte	2
 1917 0760 30       		.byte	48
 1918 0761 01       		.byte	1
 1919 0762 32       		.byte	50
 1920 0763 04       		.byte	4
 1921 0764 33       		.byte	51
 1922 0765 04       		.byte	4
 1923 0766 34       		.byte	52
 1924 0767 02       		.byte	2
 1925 0768 35       		.byte	53
 1926 0769 02       		.byte	2
 1927 076a 36       		.byte	54
 1928 076b 08       		.byte	8
 1929 076c 37       		.byte	55
 1930 076d 01       		.byte	1
 1931 076e 39       		.byte	57
 1932 076f 08       		.byte	8
 1933 0770 3E       		.byte	62
 1934 0771 41       		.byte	65
 1935 0772 3F       		.byte	63
 1936 0773 14       		.byte	20
 1937 0774 40       		.byte	64
 1938 0775 12       		.byte	18
ARM GAS  C:\Users\GEORGE~1\AppData\Local\Temp\ccutLrSK.s 			page 35


 1939 0776 41       		.byte	65
 1940 0777 05       		.byte	5
 1941 0778 45       		.byte	69
 1942 0779 42       		.byte	66
 1943 077a 46       		.byte	70
 1944 077b C0       		.byte	-64
 1945 077c 47       		.byte	71
 1946 077d 0E       		.byte	14
 1947 077e 48       		.byte	72
 1948 077f 3B       		.byte	59
 1949 0780 49       		.byte	73
 1950 0781 FF       		.byte	-1
 1951 0782 4A       		.byte	74
 1952 0783 FF       		.byte	-1
 1953 0784 4B       		.byte	75
 1954 0785 FF       		.byte	-1
 1955 0786 4D       		.byte	77
 1956 0787 A0       		.byte	-96
 1957 0788 4F       		.byte	79
 1958 0789 01       		.byte	1
 1959 078a 50       		.byte	80
 1960 078b 18       		.byte	24
 1961 078c 54       		.byte	84
 1962 078d 07       		.byte	7
 1963 078e 56       		.byte	86
 1964 078f 04       		.byte	4
 1965 0790 58       		.byte	88
 1966 0791 04       		.byte	4
 1967 0792 59       		.byte	89
 1968 0793 04       		.byte	4
 1969 0794 5A       		.byte	90
 1970 0795 04       		.byte	4
 1971 0796 5B       		.byte	91
 1972 0797 04       		.byte	4
 1973 0798 5C       		.byte	92
 1974 0799 11       		.byte	17
 1975 079a 5D       		.byte	93
 1976 079b 11       		.byte	17
 1977 079c 5F       		.byte	95
 1978 079d 05       		.byte	5
 1979 079e 60       		.byte	96
 1980 079f 40       		.byte	64
 1981 07a0 62       		.byte	98
 1982 07a1 80       		.byte	-128
 1983 07a2 64       		.byte	100
 1984 07a3 40       		.byte	64
 1985 07a4 65       		.byte	101
 1986 07a5 40       		.byte	64
 1987 07a6 66       		.byte	102
 1988 07a7 80       		.byte	-128
 1989 07a8 68       		.byte	104
 1990 07a9 40       		.byte	64
 1991 07aa 6A       		.byte	106
 1992 07ab 50       		.byte	80
 1993 07ac 6B       		.byte	107
 1994 07ad A8       		.byte	-88
 1995 07ae 6C       		.byte	108
ARM GAS  C:\Users\GEORGE~1\AppData\Local\Temp\ccutLrSK.s 			page 36


 1996 07af 40       		.byte	64
 1997 07b0 6D       		.byte	109
 1998 07b1 20       		.byte	32
 1999 07b2 6E       		.byte	110
 2000 07b3 50       		.byte	80
 2001 07b4 6F       		.byte	111
 2002 07b5 A8       		.byte	-88
 2003 07b6 80       		.byte	-128
 2004 07b7 03       		.byte	3
 2005 07b8 84       		.byte	-124
 2006 07b9 52       		.byte	82
 2007 07ba 86       		.byte	-122
 2008 07bb 24       		.byte	36
 2009 07bc 8A       		.byte	-118
 2010 07bd 03       		.byte	3
 2011 07be 8C       		.byte	-116
 2012 07bf 07       		.byte	7
 2013 07c0 8E       		.byte	-114
 2014 07c1 18       		.byte	24
 2015 07c2 90       		.byte	-112
 2016 07c3 29       		.byte	41
 2017 07c4 92       		.byte	-110
 2018 07c5 C4       		.byte	-60
 2019 07c6 94       		.byte	-108
 2020 07c7 03       		.byte	3
 2021 07c8 9C       		.byte	-100
 2022 07c9 FF       		.byte	-1
 2023 07ca A2       		.byte	-94
 2024 07cb 03       		.byte	3
 2025 07cc A4       		.byte	-92
 2026 07cd 7C       		.byte	124
 2027 07ce A8       		.byte	-88
 2028 07cf 7C       		.byte	124
 2029 07d0 AE       		.byte	-82
 2030 07d1 03       		.byte	3
 2031 07d2 B0       		.byte	-80
 2032 07d3 03       		.byte	3
 2033 07d4 B2       		.byte	-78
 2034 07d5 80       		.byte	-128
 2035 07d6 B4       		.byte	-76
 2036 07d7 60       		.byte	96
 2037 07d8 B6       		.byte	-74
 2038 07d9 1C       		.byte	28
 2039 07da D8       		.byte	-40
 2040 07db 04       		.byte	4
 2041 07dc DC       		.byte	-36
 2042 07dd 03       		.byte	3
 2043 07de DF       		.byte	-33
 2044 07df 01       		.byte	1
 2045 07e0 00       		.byte	0
 2046 07e1 04       		.byte	4
 2047 07e2 01       		.byte	1
 2048 07e3 A0       		.byte	-96
 2049 07e4 03       		.byte	3
 2050 07e5 40       		.byte	64
 2051 07e6 05       		.byte	5
 2052 07e7 01       		.byte	1
ARM GAS  C:\Users\GEORGE~1\AppData\Local\Temp\ccutLrSK.s 			page 37


 2053 07e8 07       		.byte	7
 2054 07e9 02       		.byte	2
 2055 07ea 08       		.byte	8
 2056 07eb 88       		.byte	-120
 2057 07ec 09       		.byte	9
 2058 07ed 01       		.byte	1
 2059 07ee 0C       		.byte	12
 2060 07ef 02       		.byte	2
 2061 07f0 0E       		.byte	14
 2062 07f1 20       		.byte	32
 2063 07f2 0F       		.byte	15
 2064 07f3 01       		.byte	1
 2065 07f4 11       		.byte	17
 2066 07f5 14       		.byte	20
 2067 07f6 12       		.byte	18
 2068 07f7 42       		.byte	66
 2069 07f8 16       		.byte	22
 2070 07f9 80       		.byte	-128
 2071 07fa 18       		.byte	24
 2072 07fb 04       		.byte	4
 2073 07fc 19       		.byte	25
 2074 07fd 82       		.byte	-126
 2075 07fe 1B       		.byte	27
 2076 07ff 98       		.byte	-104
 2077 0800 1D       		.byte	29
 2078 0801 80       		.byte	-128
 2079 0802 1E       		.byte	30
 2080 0803 60       		.byte	96
 2081 0804 1F       		.byte	31
 2082 0805 10       		.byte	16
 2083 0806 26       		.byte	38
 2084 0807 80       		.byte	-128
 2085 0808 27       		.byte	39
 2086 0809 2A       		.byte	42
 2087 080a 2C       		.byte	44
 2088 080b 02       		.byte	2
 2089 080c 2F       		.byte	47
 2090 080d 10       		.byte	16
 2091 080e 36       		.byte	54
 2092 080f 80       		.byte	-128
 2093 0810 37       		.byte	55
 2094 0811 01       		.byte	1
 2095 0812 3F       		.byte	63
 2096 0813 01       		.byte	1
 2097 0814 45       		.byte	69
 2098 0815 80       		.byte	-128
 2099 0816 47       		.byte	71
 2100 0817 20       		.byte	32
 2101 0818 4C       		.byte	76
 2102 0819 01       		.byte	1
 2103 081a 4E       		.byte	78
 2104 081b 10       		.byte	16
 2105 081c 4F       		.byte	79
 2106 081d 01       		.byte	1
 2107 081e 54       		.byte	84
 2108 081f 02       		.byte	2
 2109 0820 56       		.byte	86
ARM GAS  C:\Users\GEORGE~1\AppData\Local\Temp\ccutLrSK.s 			page 38


 2110 0821 18       		.byte	24
 2111 0822 5A       		.byte	90
 2112 0823 30       		.byte	48
 2113 0824 5E       		.byte	94
 2114 0825 50       		.byte	80
 2115 0826 5F       		.byte	95
 2116 0827 08       		.byte	8
 2117 0828 66       		.byte	102
 2118 0829 18       		.byte	24
 2119 082a 67       		.byte	103
 2120 082b 80       		.byte	-128
 2121 082c 6F       		.byte	111
 2122 082d 03       		.byte	3
 2123 082e 7F       		.byte	127
 2124 082f 02       		.byte	2
 2125 0830 87       		.byte	-121
 2126 0831 40       		.byte	64
 2127 0832 90       		.byte	-112
 2128 0833 82       		.byte	-126
 2129 0834 91       		.byte	-111
 2130 0835 14       		.byte	20
 2131 0836 93       		.byte	-109
 2132 0837 14       		.byte	20
 2133 0838 94       		.byte	-108
 2134 0839 04       		.byte	4
 2135 083a 96       		.byte	-106
 2136 083b 80       		.byte	-128
 2137 083c 98       		.byte	-104
 2138 083d 08       		.byte	8
 2139 083e 9A       		.byte	-102
 2140 083f C2       		.byte	-62
 2141 0840 9C       		.byte	-100
 2142 0841 80       		.byte	-128
 2143 0842 9D       		.byte	-99
 2144 0843 21       		.byte	33
 2145 0844 A0       		.byte	-96
 2146 0845 80       		.byte	-128
 2147 0846 A2       		.byte	-94
 2148 0847 02       		.byte	2
 2149 0848 A5       		.byte	-91
 2150 0849 01       		.byte	1
 2151 084a A7       		.byte	-89
 2152 084b 80       		.byte	-128
 2153 084c C0       		.byte	-64
 2154 084d 9F       		.byte	-97
 2155 084e C2       		.byte	-62
 2156 084f BD       		.byte	-67
 2157 0850 C4       		.byte	-60
 2158 0851 1F       		.byte	31
 2159 0852 CA       		.byte	-54
 2160 0853 50       		.byte	80
 2161 0854 CC       		.byte	-52
 2162 0855 90       		.byte	-112
 2163 0856 CE       		.byte	-50
 2164 0857 80       		.byte	-128
 2165 0858 D0       		.byte	-48
 2166 0859 30       		.byte	48
ARM GAS  C:\Users\GEORGE~1\AppData\Local\Temp\ccutLrSK.s 			page 39


 2167 085a D2       		.byte	-46
 2168 085b 10       		.byte	16
 2169 085c D6       		.byte	-42
 2170 085d 70       		.byte	112
 2171 085e D8       		.byte	-40
 2172 085f E0       		.byte	-32
 2173 0860 DE       		.byte	-34
 2174 0861 10       		.byte	16
 2175 0862 02       		.byte	2
 2176 0863 42       		.byte	66
 2177 0864 03       		.byte	3
 2178 0865 28       		.byte	40
 2179 0866 08       		.byte	8
 2180 0867 80       		.byte	-128
 2181 0868 09       		.byte	9
 2182 0869 01       		.byte	1
 2183 086a 0A       		.byte	10
 2184 086b 24       		.byte	36
 2185 086c 10       		.byte	16
 2186 086d 80       		.byte	-128
 2187 086e 11       		.byte	17
 2188 086f 40       		.byte	64
 2189 0870 13       		.byte	19
 2190 0871 14       		.byte	20
 2191 0872 19       		.byte	25
 2192 0873 30       		.byte	48
 2193 0874 1A       		.byte	26
 2194 0875 80       		.byte	-128
 2195 0876 1B       		.byte	27
 2196 0877 21       		.byte	33
 2197 0878 20       		.byte	32
 2198 0879 04       		.byte	4
 2199 087a 21       		.byte	33
 2200 087b 82       		.byte	-126
 2201 087c 22       		.byte	34
 2202 087d 08       		.byte	8
 2203 087e 28       		.byte	40
 2204 087f 08       		.byte	8
 2205 0880 2A       		.byte	42
 2206 0881 40       		.byte	64
 2207 0882 2B       		.byte	43
 2208 0883 90       		.byte	-112
 2209 0884 31       		.byte	49
 2210 0885 12       		.byte	18
 2211 0886 33       		.byte	51
 2212 0887 40       		.byte	64
 2213 0888 38       		.byte	56
 2214 0889 AA       		.byte	-86
 2215 088a 3A       		.byte	58
 2216 088b 80       		.byte	-128
 2217 088c 40       		.byte	64
 2218 088d 08       		.byte	8
 2219 088e 42       		.byte	66
 2220 088f 86       		.byte	-122
 2221 0890 43       		.byte	67
 2222 0891 40       		.byte	64
 2223 0892 4A       		.byte	74
ARM GAS  C:\Users\GEORGE~1\AppData\Local\Temp\ccutLrSK.s 			page 40


 2224 0893 0A       		.byte	10
 2225 0894 50       		.byte	80
 2226 0895 11       		.byte	17
 2227 0896 59       		.byte	89
 2228 0897 02       		.byte	2
 2229 0898 60       		.byte	96
 2230 0899 04       		.byte	4
 2231 089a 61       		.byte	97
 2232 089b 81       		.byte	-127
 2233 089c 69       		.byte	105
 2234 089d 40       		.byte	64
 2235 089e 78       		.byte	120
 2236 089f 80       		.byte	-128
 2237 08a0 7B       		.byte	123
 2238 08a1 01       		.byte	1
 2239 08a2 87       		.byte	-121
 2240 08a3 01       		.byte	1
 2241 08a4 8C       		.byte	-116
 2242 08a5 04       		.byte	4
 2243 08a6 8D       		.byte	-115
 2244 08a7 01       		.byte	1
 2245 08a8 8E       		.byte	-114
 2246 08a9 12       		.byte	18
 2247 08aa 90       		.byte	-112
 2248 08ab 80       		.byte	-128
 2249 08ac 93       		.byte	-109
 2250 08ad 14       		.byte	20
 2251 08ae 96       		.byte	-106
 2252 08af 80       		.byte	-128
 2253 08b0 98       		.byte	-104
 2254 08b1 08       		.byte	8
 2255 08b2 99       		.byte	-103
 2256 08b3 02       		.byte	2
 2257 08b4 9A       		.byte	-102
 2258 08b5 42       		.byte	66
 2259 08b6 9C       		.byte	-100
 2260 08b7 80       		.byte	-128
 2261 08b8 9D       		.byte	-99
 2262 08b9 21       		.byte	33
 2263 08ba 9F       		.byte	-97
 2264 08bb 40       		.byte	64
 2265 08bc A0       		.byte	-96
 2266 08bd 80       		.byte	-128
 2267 08be A2       		.byte	-94
 2268 08bf 02       		.byte	2
 2269 08c0 A3       		.byte	-93
 2270 08c1 98       		.byte	-104
 2271 08c2 A5       		.byte	-91
 2272 08c3 01       		.byte	1
 2273 08c4 C0       		.byte	-64
 2274 08c5 0F       		.byte	15
 2275 08c6 C2       		.byte	-62
 2276 08c7 0F       		.byte	15
 2277 08c8 C4       		.byte	-60
 2278 08c9 0F       		.byte	15
 2279 08ca CA       		.byte	-54
 2280 08cb 0F       		.byte	15
ARM GAS  C:\Users\GEORGE~1\AppData\Local\Temp\ccutLrSK.s 			page 41


 2281 08cc CC       		.byte	-52
 2282 08cd 0D       		.byte	13
 2283 08ce CE       		.byte	-50
 2284 08cf 0F       		.byte	15
 2285 08d0 D0       		.byte	-48
 2286 08d1 0D       		.byte	13
 2287 08d2 D2       		.byte	-46
 2288 08d3 0C       		.byte	12
 2289 08d4 D6       		.byte	-42
 2290 08d5 01       		.byte	1
 2291 08d6 D8       		.byte	-40
 2292 08d7 0D       		.byte	13
 2293 08d8 DE       		.byte	-34
 2294 08d9 08       		.byte	8
 2295 08da E0       		.byte	-32
 2296 08db 08       		.byte	8
 2297 08dc 31       		.byte	49
 2298 08dd 20       		.byte	32
 2299 08de 33       		.byte	51
 2300 08df 01       		.byte	1
 2301 08e0 35       		.byte	53
 2302 08e1 80       		.byte	-128
 2303 08e2 37       		.byte	55
 2304 08e3 08       		.byte	8
 2305 08e4 87       		.byte	-121
 2306 08e5 08       		.byte	8
 2307 08e6 CC       		.byte	-52
 2308 08e7 F0       		.byte	-16
 2309 08e8 E2       		.byte	-30
 2310 08e9 10       		.byte	16
 2311 08ea 5F       		.byte	95
 2312 08eb 02       		.byte	2
 2313 08ec 9D       		.byte	-99
 2314 08ed 80       		.byte	-128
 2315 08ee 9F       		.byte	-97
 2316 08ef 01       		.byte	1
 2317 08f0 A5       		.byte	-91
 2318 08f1 20       		.byte	32
 2319 08f2 D6       		.byte	-42
 2320 08f3 80       		.byte	-128
 2321 08f4 53       		.byte	83
 2322 08f5 80       		.byte	-128
 2323 08f6 8D       		.byte	-115
 2324 08f7 20       		.byte	32
 2325 08f8 9D       		.byte	-99
 2326 08f9 80       		.byte	-128
 2327 08fa 9F       		.byte	-97
 2328 08fb 01       		.byte	1
 2329 08fc A5       		.byte	-91
 2330 08fd 20       		.byte	32
 2331 08fe AB       		.byte	-85
 2332 08ff 02       		.byte	2
 2333 0900 D4       		.byte	-44
 2334 0901 20       		.byte	32
 2335 0902 EE       		.byte	-18
 2336 0903 80       		.byte	-128
 2337 0904 9D       		.byte	-99
ARM GAS  C:\Users\GEORGE~1\AppData\Local\Temp\ccutLrSK.s 			page 42


 2338 0905 80       		.byte	-128
 2339 0906 9F       		.byte	-97
 2340 0907 01       		.byte	1
 2341 0908 A7       		.byte	-89
 2342 0909 80       		.byte	-128
 2343 090a 50       		.byte	80
 2344 090b 08       		.byte	8
 2345 090c 5C       		.byte	92
 2346 090d 40       		.byte	64
 2347 090e D4       		.byte	-44
 2348 090f 04       		.byte	4
 2349 0910 D6       		.byte	-42
 2350 0911 04       		.byte	4
 2351 0912 8C       		.byte	-116
 2352 0913 08       		.byte	8
 2353 0914 A4       		.byte	-92
 2354 0915 08       		.byte	8
 2355 0916 A8       		.byte	-88
 2356 0917 40       		.byte	64
 2357 0918 E4       		.byte	-28
 2358 0919 08       		.byte	8
 2359 091a 85       		.byte	-123
 2360 091b 80       		.byte	-128
 2361 091c 9D       		.byte	-99
 2362 091d 80       		.byte	-128
 2363 091e AF       		.byte	-81
 2364 091f 81       		.byte	-127
 2365 0920 E2       		.byte	-30
 2366 0921 10       		.byte	16
 2367 0922 EA       		.byte	-22
 2368 0923 40       		.byte	64
 2369 0924 EE       		.byte	-18
 2370 0925 10       		.byte	16
 2371 0926 77       		.byte	119
 2372 0927 80       		.byte	-128
 2373 0928 87       		.byte	-121
 2374 0929 80       		.byte	-128
 2375 092a DE       		.byte	-34
 2376 092b 20       		.byte	32
 2377 092c E2       		.byte	-30
 2378 092d 40       		.byte	64
 2379 092e 12       		.byte	18
 2380 092f 20       		.byte	32
 2381 0930 74       		.byte	116
 2382 0931 02       		.byte	2
 2383 0932 84       		.byte	-124
 2384 0933 02       		.byte	2
 2385 0934 8E       		.byte	-114
 2386 0935 20       		.byte	32
 2387 0936 C4       		.byte	-60
 2388 0937 08       		.byte	8
 2389 0938 DE       		.byte	-34
 2390 0939 04       		.byte	4
 2391 093a E2       		.byte	-30
 2392 093b 08       		.byte	8
 2393 093c 00       		.byte	0
 2394 093d 0F       		.byte	15
ARM GAS  C:\Users\GEORGE~1\AppData\Local\Temp\ccutLrSK.s 			page 43


 2395 093e 01       		.byte	1
 2396 093f 01       		.byte	1
 2397 0940 0A       		.byte	10
 2398 0941 08       		.byte	8
 2399 0942 0B       		.byte	11
 2400 0943 01       		.byte	1
 2401 0944 0C       		.byte	12
 2402 0945 0B       		.byte	11
 2403 0946 0E       		.byte	14
 2404 0947 0D       		.byte	13
 2405 0948 10       		.byte	16
 2406 0949 0A       		.byte	10
 2407 094a 11       		.byte	17
 2408 094b 01       		.byte	1
 2409 094c 1A       		.byte	26
 2410 094d 08       		.byte	8
 2411 094e 1B       		.byte	27
 2412 094f 01       		.byte	1
 2413 0950 1C       		.byte	28
 2414 0951 0A       		.byte	10
 2415 0952 00       		.byte	0
 2416 0953 FF       		.byte	-1
 2417 0954 82       		.byte	-126
 2418 0955 88       		.byte	-120
 2419 0956 00       		.byte	0
 2420 0957 00       		.byte	0
 2421 0958 40       		.byte	64
 2422 0959 00       		.byte	0
 2423 095a 00       		.byte	0
 2424 095b 00       		.byte	0
 2425 095c 0E       		.byte	14
 2426 095d 00       		.byte	0
 2427 095e 01       		.byte	1
 2428 095f 10       		.byte	16
 2429 0960 0E       		.byte	14
 2430 0961 00       		.byte	0
 2431 0962 30       		.byte	48
 2432 0963 04       		.byte	4
 2433 0964 00       		.byte	0
 2434 0965 00       		.byte	0
 2435 0966 02       		.byte	2
 2436 0967 08       		.byte	8
 2437 0968 00       		.byte	0
 2438 0969 00       		.byte	0
 2439 096a 21       		.byte	33
 2440 096b 08       		.byte	8
 2441 096c 02       		.byte	2
 2442 096d 00       		.byte	0
 2443 096e 00       		.byte	0
 2444 096f 10       		.byte	16
 2445 0970 23       		.byte	35
 2446 0971 00       		.byte	0
 2447 0972 0C       		.byte	12
 2448 0973 00       		.byte	0
 2449 0974 2F       		.byte	47
 2450 0975 00       		.byte	0
 2451 0976 00       		.byte	0
ARM GAS  C:\Users\GEORGE~1\AppData\Local\Temp\ccutLrSK.s 			page 44


 2452 0977 01       		.byte	1
 2453 0978 0F       		.byte	15
 2454 0979 01       		.byte	1
 2455 097a 10       		.byte	16
 2456 097b 00       		.byte	0
 2457 097c 08       		.byte	8
 2458 097d 00       		.byte	0
 2459 097e 00       		.byte	0
 2460 097f 02       		.byte	2
 2461 0980 04       		.byte	4
 2462 0981 00       		.byte	0
 2463 0982 00       		.byte	0
 2464 0983 04       		.byte	4
 2465 0984 0C       		.byte	12
 2466 0985 01       		.byte	1
 2467 0986 00       		.byte	0
 2468 0987 00       		.byte	0
 2469 0988 00       		.byte	0
 2470 0989 00       		.byte	0
 2471 098a 40       		.byte	64
 2472 098b 01       		.byte	1
 2473 098c 40       		.byte	64
 2474 098d 01       		.byte	1
 2475 098e 00       		.byte	0
 2476 098f 06       		.byte	6
 2477 0990 3F       		.byte	63
 2478 0991 10       		.byte	16
 2479 0992 00       		.byte	0
 2480 0993 08       		.byte	8
 2481 0994 00       		.byte	0
 2482 0995 02       		.byte	2
 2483 0996 20       		.byte	32
 2484 0997 00       		.byte	0
 2485 0998 00       		.byte	0
 2486 0999 00       		.byte	0
 2487 099a 00       		.byte	0
 2488 099b 54       		.byte	84
 2489 099c 15       		.byte	21
 2490 099d 02       		.byte	2
 2491 099e 04       		.byte	4
 2492 099f 00       		.byte	0
 2493 09a0 06       		.byte	6
 2494 09a1 00       		.byte	0
 2495 09a2 C0       		.byte	-64
 2496 09a3 E0       		.byte	-32
 2497 09a4 28       		.byte	40
 2498 09a5 FF       		.byte	-1
 2499 09a6 FF       		.byte	-1
 2500 09a7 FF       		.byte	-1
 2501 09a8 62       		.byte	98
 2502 09a9 A0       		.byte	-96
 2503 09aa F0       		.byte	-16
 2504 09ab 41       		.byte	65
 2505 09ac 0C       		.byte	12
 2506 09ad 00       		.byte	0
 2507 09ae 00       		.byte	0
 2508 09af 00       		.byte	0
ARM GAS  C:\Users\GEORGE~1\AppData\Local\Temp\ccutLrSK.s 			page 45


 2509 09b0 18       		.byte	24
 2510 09b1 00       		.byte	0
 2511 09b2 04       		.byte	4
 2512 09b3 00       		.byte	0
 2513 09b4 04       		.byte	4
 2514 09b5 04       		.byte	4
 2515 09b6 04       		.byte	4
 2516 09b7 04       		.byte	4
 2517 09b8 33       		.byte	51
 2518 09b9 33       		.byte	51
 2519 09ba 00       		.byte	0
 2520 09bb 0D       		.byte	13
 2521 09bc 00       		.byte	0
 2522 09bd 00       		.byte	0
 2523 09be 00       		.byte	0
 2524 09bf 00       		.byte	0
 2525 09c0 00       		.byte	0
 2526 09c1 00       		.byte	0
 2527 09c2 40       		.byte	64
 2528 09c3 02       		.byte	2
 2529 09c4 00       		.byte	0
 2530 09c5 10       		.byte	16
 2531 09c6 30       		.byte	48
 2532 09c7 10       		.byte	16
 2533 09c8 00       		.byte	0
 2534 09c9 10       		.byte	16
 2535 09ca 10       		.byte	16
 2536 09cb 12       		.byte	18
 2537 09cc 00       		.byte	0
 2538 09cd 00       		.byte	0
 2539 09ce 00       		.byte	0
 2540 09cf 00       		.byte	0
 2541 09d0 00       		.byte	0
 2542 09d1 00       		.byte	0
 2543 09d2 00       		.byte	0
 2544 09d3 00       		.byte	0
 2545 09d4 00       		.byte	0
 2546 09d5 00       		.byte	0
 2547 09d6 00       		.byte	0
 2548 09d7 00       		.byte	0
 2549 09d8 00       		.byte	0
 2550 09d9 00       		.byte	0
 2551 09da 00       		.byte	0
 2552 09db 00       		.byte	0
 2553 09dc 00       		.byte	0
 2554 09dd 40       		.byte	64
 2555 09de 40       		.byte	64
 2556 09df 00       		.byte	0
 2557 09e0 40       		.byte	64
 2558 09e1 00       		.byte	0
 2559 09e2 00       		.byte	0
 2560 09e3 00       		.byte	0
 2561 09e4 80       		.byte	-128
 2562 09e5 00       		.byte	0
 2563 09e6 40       		.byte	64
 2564 09e7 8A       		.byte	-118
 2565 09e8 8A       		.byte	-118
ARM GAS  C:\Users\GEORGE~1\AppData\Local\Temp\ccutLrSK.s 			page 46


 2566 09e9 00       		.byte	0
 2567 09ea 8A       		.byte	-118
 2568 09eb 00       		.byte	0
 2569 09ec 00       		.byte	0
 2570 09ed 00       		.byte	0
 2571 09ee 00       		.byte	0
 2572 09ef 00       		.byte	0
 2573 09f0 00       		.byte	0
 2574 09f1 0B       		.byte	11
 2575 09f2 0B       		.byte	11
 2576 09f3 00       		.byte	0
 2577 09f4 00       		.byte	0
 2578 09f5 00       		.byte	0
 2579 09f6 00       		.byte	0
 2580 09f7 00       		.byte	0
 2581 09f8 00       		.byte	0
 2582 09f9 03       		.byte	3
 2583 09fa 03       		.byte	3
 2584 09fb 00       		.byte	0
 2585 09fc 03       		.byte	3
 2586 09fd 00       		.byte	0
 2587 09fe 00       		.byte	0
 2588 09ff 00       		.byte	0
 2589              		.section	.cywolatch,"a",%progbits
 2590              		.align	2
 2591              		.type	cy_meta_wonvl, %object
 2592              		.size	cy_meta_wonvl, 4
 2593              	cy_meta_wonvl:
 2594 0000 BC       		.byte	-68
 2595 0001 90       		.byte	-112
 2596 0002 AC       		.byte	-84
 2597 0003 AF       		.byte	-81
 2598              		.section	.cycustnvl,"a",%progbits
 2599              		.align	2
 2600              		.type	cy_meta_custnvl, %object
 2601              		.size	cy_meta_custnvl, 4
 2602              	cy_meta_custnvl:
 2603 0000 00       		.byte	0
 2604 0001 00       		.byte	0
 2605 0002 40       		.byte	64
 2606 0003 05       		.byte	5
 2607              		.section	.cymeta,"a",%progbits
 2608              		.align	2
 2609              		.type	cy_metadata, %object
 2610              		.size	cy_metadata, 12
 2611              	cy_metadata:
 2612 0000 00       		.byte	0
 2613 0001 01       		.byte	1
 2614 0002 2E       		.byte	46
 2615 0003 16       		.byte	22
 2616 0004 10       		.byte	16
 2617 0005 69       		.byte	105
 2618 0006 00       		.byte	0
 2619 0007 01       		.byte	1
 2620 0008 00       		.byte	0
 2621 0009 00       		.byte	0
 2622 000a 00       		.byte	0
ARM GAS  C:\Users\GEORGE~1\AppData\Local\Temp\ccutLrSK.s 			page 47


 2623 000b 00       		.byte	0
 2624              		.section	.cyflashprotect,"a",%progbits
 2625              		.align	2
 2626              		.type	cy_meta_flashprotect, %object
 2627              		.size	cy_meta_flashprotect, 256
 2628              	cy_meta_flashprotect:
 2629 0000 00000000 		.space	256
 2629      00000000 
 2629      00000000 
 2629      00000000 
 2629      00000000 
 2630              		.text
 2631              	.Letext0:
 2632              		.file 1 "c:\\program files (x86)\\cypress\\psoc creator\\4.2\\psoc creator\\import\\gnu\\arm\\5.4.
 2633              		.file 2 "c:\\program files (x86)\\cypress\\psoc creator\\4.2\\psoc creator\\import\\gnu\\arm\\5.4.
 2634              		.file 3 "Generated_Source\\PSoC5\\cymetadata.c"
 2635              		.section	.debug_info,"",%progbits
 2636              	.Ldebug_info0:
 2637 0000 35010000 		.4byte	0x135
 2638 0004 0400     		.2byte	0x4
 2639 0006 00000000 		.4byte	.Ldebug_abbrev0
 2640 000a 04       		.byte	0x4
 2641 000b 01       		.uleb128 0x1
 2642 000c 92000000 		.4byte	.LASF17
 2643 0010 0C       		.byte	0xc
 2644 0011 EC010000 		.4byte	.LASF18
 2645 0015 0A000000 		.4byte	.LASF19
 2646 0019 00000000 		.4byte	.Ldebug_line0
 2647 001d 02       		.uleb128 0x2
 2648 001e 01       		.byte	0x1
 2649 001f 06       		.byte	0x6
 2650 0020 E0010000 		.4byte	.LASF0
 2651 0024 03       		.uleb128 0x3
 2652 0025 00000000 		.4byte	.LASF9
 2653 0029 01       		.byte	0x1
 2654 002a 1D       		.byte	0x1d
 2655 002b 2F000000 		.4byte	0x2f
 2656 002f 02       		.uleb128 0x2
 2657 0030 01       		.byte	0x1
 2658 0031 08       		.byte	0x8
 2659 0032 84000000 		.4byte	.LASF1
 2660 0036 02       		.uleb128 0x2
 2661 0037 02       		.byte	0x2
 2662 0038 05       		.byte	0x5
 2663 0039 CD010000 		.4byte	.LASF2
 2664 003d 02       		.uleb128 0x2
 2665 003e 02       		.byte	0x2
 2666 003f 07       		.byte	0x7
 2667 0040 32010000 		.4byte	.LASF3
 2668 0044 02       		.uleb128 0x2
 2669 0045 04       		.byte	0x4
 2670 0046 05       		.byte	0x5
 2671 0047 D7010000 		.4byte	.LASF4
 2672 004b 02       		.uleb128 0x2
 2673 004c 04       		.byte	0x4
 2674 004d 07       		.byte	0x7
 2675 004e 20010000 		.4byte	.LASF5
ARM GAS  C:\Users\GEORGE~1\AppData\Local\Temp\ccutLrSK.s 			page 48


 2676 0052 02       		.uleb128 0x2
 2677 0053 08       		.byte	0x8
 2678 0054 05       		.byte	0x5
 2679 0055 BF010000 		.4byte	.LASF6
 2680 0059 02       		.uleb128 0x2
 2681 005a 08       		.byte	0x8
 2682 005b 07       		.byte	0x7
 2683 005c 74010000 		.4byte	.LASF7
 2684 0060 04       		.uleb128 0x4
 2685 0061 04       		.byte	0x4
 2686 0062 05       		.byte	0x5
 2687 0063 696E7400 		.ascii	"int\000"
 2688 0067 02       		.uleb128 0x2
 2689 0068 04       		.byte	0x4
 2690 0069 07       		.byte	0x7
 2691 006a 67010000 		.4byte	.LASF8
 2692 006e 03       		.uleb128 0x3
 2693 006f 8B010000 		.4byte	.LASF10
 2694 0073 02       		.byte	0x2
 2695 0074 18       		.byte	0x18
 2696 0075 24000000 		.4byte	0x24
 2697 0079 05       		.uleb128 0x5
 2698 007a 91000000 		.4byte	0x91
 2699 007e 8A000000 		.4byte	0x8a
 2700 0082 06       		.uleb128 0x6
 2701 0083 8A000000 		.4byte	0x8a
 2702 0087 FF09     		.2byte	0x9ff
 2703 0089 00       		.byte	0
 2704 008a 02       		.uleb128 0x2
 2705 008b 04       		.byte	0x4
 2706 008c 07       		.byte	0x7
 2707 008d B6010000 		.4byte	.LASF11
 2708 0091 07       		.uleb128 0x7
 2709 0092 6E000000 		.4byte	0x6e
 2710 0096 08       		.uleb128 0x8
 2711 0097 55010000 		.4byte	.LASF12
 2712 009b 03       		.byte	0x3
 2713 009c 1F       		.byte	0x1f
 2714 009d A7000000 		.4byte	0xa7
 2715 00a1 05       		.uleb128 0x5
 2716 00a2 03       		.byte	0x3
 2717 00a3 00000000 		.4byte	cy_meta_configecc
 2718 00a7 07       		.uleb128 0x7
 2719 00a8 79000000 		.4byte	0x79
 2720 00ac 05       		.uleb128 0x5
 2721 00ad 91000000 		.4byte	0x91
 2722 00b1 BC000000 		.4byte	0xbc
 2723 00b5 09       		.uleb128 0x9
 2724 00b6 8A000000 		.4byte	0x8a
 2725 00ba 03       		.byte	0x3
 2726 00bb 00       		.byte	0
 2727 00bc 0A       		.uleb128 0xa
 2728 00bd 45010000 		.4byte	.LASF13
 2729 00c1 03       		.byte	0x3
 2730 00c2 6C01     		.2byte	0x16c
 2731 00c4 CE000000 		.4byte	0xce
 2732 00c8 05       		.uleb128 0x5
ARM GAS  C:\Users\GEORGE~1\AppData\Local\Temp\ccutLrSK.s 			page 49


 2733 00c9 03       		.byte	0x3
 2734 00ca 00000000 		.4byte	cy_meta_custnvl
 2735 00ce 07       		.uleb128 0x7
 2736 00cf AC000000 		.4byte	0xac
 2737 00d3 0A       		.uleb128 0xa
 2738 00d4 A8010000 		.4byte	.LASF14
 2739 00d8 03       		.byte	0x3
 2740 00d9 7A01     		.2byte	0x17a
 2741 00db E5000000 		.4byte	0xe5
 2742 00df 05       		.uleb128 0x5
 2743 00e0 03       		.byte	0x3
 2744 00e1 00000000 		.4byte	cy_meta_wonvl
 2745 00e5 07       		.uleb128 0x7
 2746 00e6 AC000000 		.4byte	0xac
 2747 00ea 05       		.uleb128 0x5
 2748 00eb 91000000 		.4byte	0x91
 2749 00ef FA000000 		.4byte	0xfa
 2750 00f3 09       		.uleb128 0x9
 2751 00f4 8A000000 		.4byte	0x8a
 2752 00f8 FF       		.byte	0xff
 2753 00f9 00       		.byte	0
 2754 00fa 0A       		.uleb128 0xa
 2755 00fb 93010000 		.4byte	.LASF15
 2756 00ff 03       		.byte	0x3
 2757 0100 8801     		.2byte	0x188
 2758 0102 0C010000 		.4byte	0x10c
 2759 0106 05       		.uleb128 0x5
 2760 0107 03       		.byte	0x3
 2761 0108 00000000 		.4byte	cy_meta_flashprotect
 2762 010c 07       		.uleb128 0x7
 2763 010d EA000000 		.4byte	0xea
 2764 0111 05       		.uleb128 0x5
 2765 0112 91000000 		.4byte	0x91
 2766 0116 21010000 		.4byte	0x121
 2767 011a 09       		.uleb128 0x9
 2768 011b 8A000000 		.4byte	0x8a
 2769 011f 0B       		.byte	0xb
 2770 0120 00       		.byte	0
 2771 0121 0A       		.uleb128 0xa
 2772 0122 78000000 		.4byte	.LASF16
 2773 0126 03       		.byte	0x3
 2774 0127 B501     		.2byte	0x1b5
 2775 0129 33010000 		.4byte	0x133
 2776 012d 05       		.uleb128 0x5
 2777 012e 03       		.byte	0x3
 2778 012f 00000000 		.4byte	cy_metadata
 2779 0133 07       		.uleb128 0x7
 2780 0134 11010000 		.4byte	0x111
 2781 0138 00       		.byte	0
 2782              		.section	.debug_abbrev,"",%progbits
 2783              	.Ldebug_abbrev0:
 2784 0000 01       		.uleb128 0x1
 2785 0001 11       		.uleb128 0x11
 2786 0002 01       		.byte	0x1
 2787 0003 25       		.uleb128 0x25
 2788 0004 0E       		.uleb128 0xe
 2789 0005 13       		.uleb128 0x13
ARM GAS  C:\Users\GEORGE~1\AppData\Local\Temp\ccutLrSK.s 			page 50


 2790 0006 0B       		.uleb128 0xb
 2791 0007 03       		.uleb128 0x3
 2792 0008 0E       		.uleb128 0xe
 2793 0009 1B       		.uleb128 0x1b
 2794 000a 0E       		.uleb128 0xe
 2795 000b 10       		.uleb128 0x10
 2796 000c 17       		.uleb128 0x17
 2797 000d 00       		.byte	0
 2798 000e 00       		.byte	0
 2799 000f 02       		.uleb128 0x2
 2800 0010 24       		.uleb128 0x24
 2801 0011 00       		.byte	0
 2802 0012 0B       		.uleb128 0xb
 2803 0013 0B       		.uleb128 0xb
 2804 0014 3E       		.uleb128 0x3e
 2805 0015 0B       		.uleb128 0xb
 2806 0016 03       		.uleb128 0x3
 2807 0017 0E       		.uleb128 0xe
 2808 0018 00       		.byte	0
 2809 0019 00       		.byte	0
 2810 001a 03       		.uleb128 0x3
 2811 001b 16       		.uleb128 0x16
 2812 001c 00       		.byte	0
 2813 001d 03       		.uleb128 0x3
 2814 001e 0E       		.uleb128 0xe
 2815 001f 3A       		.uleb128 0x3a
 2816 0020 0B       		.uleb128 0xb
 2817 0021 3B       		.uleb128 0x3b
 2818 0022 0B       		.uleb128 0xb
 2819 0023 49       		.uleb128 0x49
 2820 0024 13       		.uleb128 0x13
 2821 0025 00       		.byte	0
 2822 0026 00       		.byte	0
 2823 0027 04       		.uleb128 0x4
 2824 0028 24       		.uleb128 0x24
 2825 0029 00       		.byte	0
 2826 002a 0B       		.uleb128 0xb
 2827 002b 0B       		.uleb128 0xb
 2828 002c 3E       		.uleb128 0x3e
 2829 002d 0B       		.uleb128 0xb
 2830 002e 03       		.uleb128 0x3
 2831 002f 08       		.uleb128 0x8
 2832 0030 00       		.byte	0
 2833 0031 00       		.byte	0
 2834 0032 05       		.uleb128 0x5
 2835 0033 01       		.uleb128 0x1
 2836 0034 01       		.byte	0x1
 2837 0035 49       		.uleb128 0x49
 2838 0036 13       		.uleb128 0x13
 2839 0037 01       		.uleb128 0x1
 2840 0038 13       		.uleb128 0x13
 2841 0039 00       		.byte	0
 2842 003a 00       		.byte	0
 2843 003b 06       		.uleb128 0x6
 2844 003c 21       		.uleb128 0x21
 2845 003d 00       		.byte	0
 2846 003e 49       		.uleb128 0x49
ARM GAS  C:\Users\GEORGE~1\AppData\Local\Temp\ccutLrSK.s 			page 51


 2847 003f 13       		.uleb128 0x13
 2848 0040 2F       		.uleb128 0x2f
 2849 0041 05       		.uleb128 0x5
 2850 0042 00       		.byte	0
 2851 0043 00       		.byte	0
 2852 0044 07       		.uleb128 0x7
 2853 0045 26       		.uleb128 0x26
 2854 0046 00       		.byte	0
 2855 0047 49       		.uleb128 0x49
 2856 0048 13       		.uleb128 0x13
 2857 0049 00       		.byte	0
 2858 004a 00       		.byte	0
 2859 004b 08       		.uleb128 0x8
 2860 004c 34       		.uleb128 0x34
 2861 004d 00       		.byte	0
 2862 004e 03       		.uleb128 0x3
 2863 004f 0E       		.uleb128 0xe
 2864 0050 3A       		.uleb128 0x3a
 2865 0051 0B       		.uleb128 0xb
 2866 0052 3B       		.uleb128 0x3b
 2867 0053 0B       		.uleb128 0xb
 2868 0054 49       		.uleb128 0x49
 2869 0055 13       		.uleb128 0x13
 2870 0056 3F       		.uleb128 0x3f
 2871 0057 19       		.uleb128 0x19
 2872 0058 02       		.uleb128 0x2
 2873 0059 18       		.uleb128 0x18
 2874 005a 00       		.byte	0
 2875 005b 00       		.byte	0
 2876 005c 09       		.uleb128 0x9
 2877 005d 21       		.uleb128 0x21
 2878 005e 00       		.byte	0
 2879 005f 49       		.uleb128 0x49
 2880 0060 13       		.uleb128 0x13
 2881 0061 2F       		.uleb128 0x2f
 2882 0062 0B       		.uleb128 0xb
 2883 0063 00       		.byte	0
 2884 0064 00       		.byte	0
 2885 0065 0A       		.uleb128 0xa
 2886 0066 34       		.uleb128 0x34
 2887 0067 00       		.byte	0
 2888 0068 03       		.uleb128 0x3
 2889 0069 0E       		.uleb128 0xe
 2890 006a 3A       		.uleb128 0x3a
 2891 006b 0B       		.uleb128 0xb
 2892 006c 3B       		.uleb128 0x3b
 2893 006d 05       		.uleb128 0x5
 2894 006e 49       		.uleb128 0x49
 2895 006f 13       		.uleb128 0x13
 2896 0070 3F       		.uleb128 0x3f
 2897 0071 19       		.uleb128 0x19
 2898 0072 02       		.uleb128 0x2
 2899 0073 18       		.uleb128 0x18
 2900 0074 00       		.byte	0
 2901 0075 00       		.byte	0
 2902 0076 00       		.byte	0
 2903              		.section	.debug_aranges,"",%progbits
ARM GAS  C:\Users\GEORGE~1\AppData\Local\Temp\ccutLrSK.s 			page 52


 2904 0000 14000000 		.4byte	0x14
 2905 0004 0200     		.2byte	0x2
 2906 0006 00000000 		.4byte	.Ldebug_info0
 2907 000a 04       		.byte	0x4
 2908 000b 00       		.byte	0
 2909 000c 0000     		.2byte	0
 2910 000e 0000     		.2byte	0
 2911 0010 00000000 		.4byte	0
 2912 0014 00000000 		.4byte	0
 2913              		.section	.debug_line,"",%progbits
 2914              	.Ldebug_line0:
 2915 0000 3D010000 		.section	.debug_str,"MS",%progbits,1
 2915      02003701 
 2915      00000201 
 2915      FB0E0D00 
 2915      01010101 
 2916              	.LASF9:
 2917 0000 5F5F7569 		.ascii	"__uint8_t\000"
 2917      6E74385F 
 2917      7400
 2918              	.LASF19:
 2919 000a 433A5C55 		.ascii	"C:\\Users\\George Anwar\\Documents\\UC Berkeley\\ME"
 2919      73657273 
 2919      5C47656F 
 2919      72676520 
 2919      416E7761 
 2920 0038 31333520 		.ascii	"135 Spring 2020\\PSOC Creator\\ME135_235\\EmulatedP"
 2920      53707269 
 2920      6E672032 
 2920      3032305C 
 2920      50534F43 
 2921 0068 574D4443 		.ascii	"WMDCMotor.cydsn\000"
 2921      4D6F746F 
 2921      722E6379 
 2921      64736E00 
 2922              	.LASF16:
 2923 0078 63795F6D 		.ascii	"cy_metadata\000"
 2923      65746164 
 2923      61746100 
 2924              	.LASF1:
 2925 0084 756E7369 		.ascii	"unsigned char\000"
 2925      676E6564 
 2925      20636861 
 2925      7200
 2926              	.LASF17:
 2927 0092 474E5520 		.ascii	"GNU C11 5.4.1 20160609 (release) [ARM/embedded-5-br"
 2927      43313120 
 2927      352E342E 
 2927      31203230 
 2927      31363036 
 2928 00c5 616E6368 		.ascii	"anch revision 237715] -mcpu=cortex-m3 -mthumb -g -O"
 2928      20726576 
 2928      6973696F 
 2928      6E203233 
 2928      37373135 
 2929 00f8 67202D66 		.ascii	"g -ffunction-sections -ffat-lto-objects\000"
 2929      66756E63 
ARM GAS  C:\Users\GEORGE~1\AppData\Local\Temp\ccutLrSK.s 			page 53


 2929      74696F6E 
 2929      2D736563 
 2929      74696F6E 
 2930              	.LASF5:
 2931 0120 6C6F6E67 		.ascii	"long unsigned int\000"
 2931      20756E73 
 2931      69676E65 
 2931      6420696E 
 2931      7400
 2932              	.LASF3:
 2933 0132 73686F72 		.ascii	"short unsigned int\000"
 2933      7420756E 
 2933      7369676E 
 2933      65642069 
 2933      6E7400
 2934              	.LASF13:
 2935 0145 63795F6D 		.ascii	"cy_meta_custnvl\000"
 2935      6574615F 
 2935      63757374 
 2935      6E766C00 
 2936              	.LASF12:
 2937 0155 63795F6D 		.ascii	"cy_meta_configecc\000"
 2937      6574615F 
 2937      636F6E66 
 2937      69676563 
 2937      6300
 2938              	.LASF8:
 2939 0167 756E7369 		.ascii	"unsigned int\000"
 2939      676E6564 
 2939      20696E74 
 2939      00
 2940              	.LASF7:
 2941 0174 6C6F6E67 		.ascii	"long long unsigned int\000"
 2941      206C6F6E 
 2941      6720756E 
 2941      7369676E 
 2941      65642069 
 2942              	.LASF10:
 2943 018b 75696E74 		.ascii	"uint8_t\000"
 2943      385F7400 
 2944              	.LASF15:
 2945 0193 63795F6D 		.ascii	"cy_meta_flashprotect\000"
 2945      6574615F 
 2945      666C6173 
 2945      6870726F 
 2945      74656374 
 2946              	.LASF14:
 2947 01a8 63795F6D 		.ascii	"cy_meta_wonvl\000"
 2947      6574615F 
 2947      776F6E76 
 2947      6C00
 2948              	.LASF11:
 2949 01b6 73697A65 		.ascii	"sizetype\000"
 2949      74797065 
 2949      00
 2950              	.LASF6:
 2951 01bf 6C6F6E67 		.ascii	"long long int\000"
ARM GAS  C:\Users\GEORGE~1\AppData\Local\Temp\ccutLrSK.s 			page 54


 2951      206C6F6E 
 2951      6720696E 
 2951      7400
 2952              	.LASF2:
 2953 01cd 73686F72 		.ascii	"short int\000"
 2953      7420696E 
 2953      7400
 2954              	.LASF4:
 2955 01d7 6C6F6E67 		.ascii	"long int\000"
 2955      20696E74 
 2955      00
 2956              	.LASF0:
 2957 01e0 7369676E 		.ascii	"signed char\000"
 2957      65642063 
 2957      68617200 
 2958              	.LASF18:
 2959 01ec 47656E65 		.ascii	"Generated_Source\\PSoC5\\cymetadata.c\000"
 2959      72617465 
 2959      645F536F 
 2959      75726365 
 2959      5C50536F 
 2960              		.ident	"GCC: (GNU Tools for ARM Embedded Processors) 5.4.1 20160609 (release) [ARM/embedded-5-bran
