ARM GAS  C:\Users\GEORGE~1\AppData\Local\Temp\ccFPsJ7B.s 			page 1


   1              		.syntax unified
   2              		.cpu cortex-m3
   3              		.fpu softvfp
   4              		.eabi_attribute 20, 1
   5              		.eabi_attribute 21, 1
   6              		.eabi_attribute 23, 3
   7              		.eabi_attribute 24, 1
   8              		.eabi_attribute 25, 1
   9              		.eabi_attribute 26, 1
  10              		.eabi_attribute 30, 1
  11              		.eabi_attribute 34, 1
  12              		.eabi_attribute 18, 4
  13              		.thumb
  14              		.syntax unified
  15              		.file	"cymetadata.c"
  16              		.text
  17              	.Ltext0:
  18              		.cfi_sections	.debug_frame
  19              		.global	cy_metadata
  20              		.global	cy_meta_flashprotect
  21              		.global	cy_meta_wonvl
  22              		.global	cy_meta_custnvl
  23              		.global	cy_meta_configecc
  24              		.section	.cyconfigecc,"a",%progbits
  25              		.align	2
  26              		.type	cy_meta_configecc, %object
  27              		.size	cy_meta_configecc, 1260
  28              	cy_meta_configecc:
  29 0000 04       		.byte	4
  30 0001 52       		.byte	82
  31 0002 00       		.byte	0
  32 0003 40       		.byte	64
  33 0004 01       		.byte	1
  34 0005 64       		.byte	100
  35 0006 00       		.byte	0
  36 0007 40       		.byte	64
  37 0008 05       		.byte	5
  38 0009 65       		.byte	101
  39 000a 00       		.byte	0
  40 000b 40       		.byte	64
  41 000c 70       		.byte	112
  42 000d 08       		.byte	8
  43 000e 01       		.byte	1
  44 000f 40       		.byte	64
  45 0010 40       		.byte	64
  46 0011 09       		.byte	9
  47 0012 01       		.byte	1
  48 0013 40       		.byte	64
  49 0014 03       		.byte	3
  50 0015 15       		.byte	21
  51 0016 01       		.byte	1
  52 0017 40       		.byte	64
  53 0018 04       		.byte	4
  54 0019 16       		.byte	22
  55 001a 01       		.byte	1
  56 001b 40       		.byte	64
  57 001c 02       		.byte	2
ARM GAS  C:\Users\GEORGE~1\AppData\Local\Temp\ccFPsJ7B.s 			page 2


  58 001d 17       		.byte	23
  59 001e 01       		.byte	1
  60 001f 40       		.byte	64
  61 0020 17       		.byte	23
  62 0021 18       		.byte	24
  63 0022 01       		.byte	1
  64 0023 40       		.byte	64
  65 0024 44       		.byte	68
  66 0025 19       		.byte	25
  67 0026 01       		.byte	1
  68 0027 40       		.byte	64
  69 0028 5F       		.byte	95
  70 0029 1A       		.byte	26
  71 002a 01       		.byte	1
  72 002b 40       		.byte	64
  73 002c 54       		.byte	84
  74 002d 1B       		.byte	27
  75 002e 01       		.byte	1
  76 002f 40       		.byte	64
  77 0030 03       		.byte	3
  78 0031 40       		.byte	64
  79 0032 01       		.byte	1
  80 0033 40       		.byte	64
  81 0034 02       		.byte	2
  82 0035 41       		.byte	65
  83 0036 01       		.byte	1
  84 0037 40       		.byte	64
  85 0038 02       		.byte	2
  86 0039 42       		.byte	66
  87 003a 01       		.byte	1
  88 003b 40       		.byte	64
  89 003c 02       		.byte	2
  90 003d 43       		.byte	67
  91 003e 01       		.byte	1
  92 003f 40       		.byte	64
  93 0040 02       		.byte	2
  94 0041 45       		.byte	69
  95 0042 01       		.byte	1
  96 0043 40       		.byte	64
  97 0044 01       		.byte	1
  98 0045 46       		.byte	70
  99 0046 01       		.byte	1
 100 0047 40       		.byte	64
 101 0048 03       		.byte	3
 102 0049 47       		.byte	71
 103 004a 01       		.byte	1
 104 004b 40       		.byte	64
 105 004c 04       		.byte	4
 106 004d 48       		.byte	72
 107 004e 01       		.byte	1
 108 004f 40       		.byte	64
 109 0050 03       		.byte	3
 110 0051 49       		.byte	73
 111 0052 01       		.byte	1
 112 0053 40       		.byte	64
 113 0054 03       		.byte	3
 114 0055 4C       		.byte	76
ARM GAS  C:\Users\GEORGE~1\AppData\Local\Temp\ccFPsJ7B.s 			page 3


 115 0056 01       		.byte	1
 116 0057 40       		.byte	64
 117 0058 07       		.byte	7
 118 0059 4D       		.byte	77
 119 005a 01       		.byte	1
 120 005b 40       		.byte	64
 121 005c 04       		.byte	4
 122 005d 50       		.byte	80
 123 005e 01       		.byte	1
 124 005f 40       		.byte	64
 125 0060 01       		.byte	1
 126 0061 51       		.byte	81
 127 0062 01       		.byte	1
 128 0063 40       		.byte	64
 129 0064 10       		.byte	16
 130 0065 02       		.byte	2
 131 0066 11       		.byte	17
 132 0067 02       		.byte	2
 133 0068 61       		.byte	97
 134 0069 80       		.byte	-128
 135 006a 64       		.byte	100
 136 006b 40       		.byte	64
 137 006c 88       		.byte	-120
 138 006d 0F       		.byte	15
 139 006e 78       		.byte	120
 140 006f 01       		.byte	1
 141 0070 79       		.byte	121
 142 0071 01       		.byte	1
 143 0072 89       		.byte	-119
 144 0073 38       		.byte	56
 145 0074 8A       		.byte	-118
 146 0075 67       		.byte	103
 147 0076 8B       		.byte	-117
 148 0077 72       		.byte	114
 149 0078 01       		.byte	1
 150 0079 40       		.byte	64
 151 007a 04       		.byte	4
 152 007b 23       		.byte	35
 153 007c 06       		.byte	6
 154 007d 08       		.byte	8
 155 007e 07       		.byte	7
 156 007f 20       		.byte	32
 157 0080 08       		.byte	8
 158 0081 23       		.byte	35
 159 0082 0A       		.byte	10
 160 0083 1C       		.byte	28
 161 0084 0B       		.byte	11
 162 0085 0C       		.byte	12
 163 0086 0C       		.byte	12
 164 0087 83       		.byte	-125
 165 0088 0E       		.byte	14
 166 0089 04       		.byte	4
 167 008a 11       		.byte	17
 168 008b 1F       		.byte	31
 169 008c 14       		.byte	20
 170 008d 40       		.byte	64
 171 008e 15       		.byte	21
ARM GAS  C:\Users\GEORGE~1\AppData\Local\Temp\ccFPsJ7B.s 			page 4


 172 008f 22       		.byte	34
 173 0090 16       		.byte	22
 174 0091 09       		.byte	9
 175 0092 17       		.byte	23
 176 0093 05       		.byte	5
 177 0094 18       		.byte	24
 178 0095 03       		.byte	3
 179 0096 19       		.byte	25
 180 0097 21       		.byte	33
 181 0098 1A       		.byte	26
 182 0099 08       		.byte	8
 183 009a 1B       		.byte	27
 184 009b 0E       		.byte	14
 185 009c 1D       		.byte	29
 186 009d 0C       		.byte	12
 187 009e 1E       		.byte	30
 188 009f 80       		.byte	-128
 189 00a0 1F       		.byte	31
 190 00a1 33       		.byte	51
 191 00a2 20       		.byte	32
 192 00a3 12       		.byte	18
 193 00a4 22       		.byte	34
 194 00a5 28       		.byte	40
 195 00a6 25       		.byte	37
 196 00a7 10       		.byte	16
 197 00a8 26       		.byte	38
 198 00a9 10       		.byte	16
 199 00aa 27       		.byte	39
 200 00ab 20       		.byte	32
 201 00ac 2B       		.byte	43
 202 00ad 08       		.byte	8
 203 00ae 32       		.byte	50
 204 00af 60       		.byte	96
 205 00b0 33       		.byte	51
 206 00b1 20       		.byte	32
 207 00b2 34       		.byte	52
 208 00b3 1F       		.byte	31
 209 00b4 35       		.byte	53
 210 00b5 40       		.byte	64
 211 00b6 36       		.byte	54
 212 00b7 80       		.byte	-128
 213 00b8 37       		.byte	55
 214 00b9 1F       		.byte	31
 215 00ba 38       		.byte	56
 216 00bb 08       		.byte	8
 217 00bc 3A       		.byte	58
 218 00bd 20       		.byte	32
 219 00be 3F       		.byte	63
 220 00bf 14       		.byte	20
 221 00c0 40       		.byte	64
 222 00c1 23       		.byte	35
 223 00c2 41       		.byte	65
 224 00c3 06       		.byte	6
 225 00c4 45       		.byte	69
 226 00c5 EC       		.byte	-20
 227 00c6 47       		.byte	71
 228 00c7 0B       		.byte	11
ARM GAS  C:\Users\GEORGE~1\AppData\Local\Temp\ccFPsJ7B.s 			page 5


 229 00c8 48       		.byte	72
 230 00c9 13       		.byte	19
 231 00ca 49       		.byte	73
 232 00cb FF       		.byte	-1
 233 00cc 4A       		.byte	74
 234 00cd FF       		.byte	-1
 235 00ce 4B       		.byte	75
 236 00cf FF       		.byte	-1
 237 00d0 4E       		.byte	78
 238 00d1 F0       		.byte	-16
 239 00d2 4F       		.byte	79
 240 00d3 44       		.byte	68
 241 00d4 50       		.byte	80
 242 00d5 0C       		.byte	12
 243 00d6 54       		.byte	84
 244 00d7 01       		.byte	1
 245 00d8 58       		.byte	88
 246 00d9 04       		.byte	4
 247 00da 59       		.byte	89
 248 00db 04       		.byte	4
 249 00dc 5A       		.byte	90
 250 00dd 04       		.byte	4
 251 00de 5B       		.byte	91
 252 00df 04       		.byte	4
 253 00e0 5C       		.byte	92
 254 00e1 11       		.byte	17
 255 00e2 5D       		.byte	93
 256 00e3 11       		.byte	17
 257 00e4 5F       		.byte	95
 258 00e5 0D       		.byte	13
 259 00e6 66       		.byte	102
 260 00e7 C0       		.byte	-64
 261 00e8 6A       		.byte	106
 262 00e9 40       		.byte	64
 263 00ea 6B       		.byte	107
 264 00eb 02       		.byte	2
 265 00ec 84       		.byte	-124
 266 00ed 30       		.byte	48
 267 00ee 85       		.byte	-123
 268 00ef 14       		.byte	20
 269 00f0 86       		.byte	-122
 270 00f1 0E       		.byte	14
 271 00f2 89       		.byte	-119
 272 00f3 09       		.byte	9
 273 00f4 8A       		.byte	-118
 274 00f5 09       		.byte	9
 275 00f6 8B       		.byte	-117
 276 00f7 10       		.byte	16
 277 00f8 8C       		.byte	-116
 278 00f9 01       		.byte	1
 279 00fa 8E       		.byte	-114
 280 00fb 02       		.byte	2
 281 00fc 91       		.byte	-111
 282 00fd 20       		.byte	32
 283 00fe 93       		.byte	-109
 284 00ff 03       		.byte	3
 285 0100 95       		.byte	-107
ARM GAS  C:\Users\GEORGE~1\AppData\Local\Temp\ccFPsJ7B.s 			page 6


 286 0101 10       		.byte	16
 287 0102 98       		.byte	-104
 288 0103 30       		.byte	48
 289 0104 99       		.byte	-103
 290 0105 10       		.byte	16
 291 0106 9A       		.byte	-102
 292 0107 05       		.byte	5
 293 0108 9B       		.byte	-101
 294 0109 0C       		.byte	12
 295 010a 9D       		.byte	-99
 296 010b 1C       		.byte	28
 297 010c 9F       		.byte	-97
 298 010d 02       		.byte	2
 299 010e A0       		.byte	-96
 300 010f 29       		.byte	41
 301 0110 A1       		.byte	-95
 302 0111 1F       		.byte	31
 303 0112 A2       		.byte	-94
 304 0113 04       		.byte	4
 305 0114 A6       		.byte	-90
 306 0115 14       		.byte	20
 307 0116 A9       		.byte	-87
 308 0117 0C       		.byte	12
 309 0118 AA       		.byte	-86
 310 0119 08       		.byte	8
 311 011a AB       		.byte	-85
 312 011b 11       		.byte	17
 313 011c B0       		.byte	-80
 314 011d 30       		.byte	48
 315 011e B1       		.byte	-79
 316 011f 1F       		.byte	31
 317 0120 B4       		.byte	-76
 318 0121 0F       		.byte	15
 319 0122 B7       		.byte	-73
 320 0123 20       		.byte	32
 321 0124 B8       		.byte	-72
 322 0125 02       		.byte	2
 323 0126 BA       		.byte	-70
 324 0127 20       		.byte	32
 325 0128 BE       		.byte	-66
 326 0129 01       		.byte	1
 327 012a BF       		.byte	-65
 328 012b 40       		.byte	64
 329 012c C0       		.byte	-64
 330 012d 04       		.byte	4
 331 012e C7       		.byte	-57
 332 012f 04       		.byte	4
 333 0130 C9       		.byte	-55
 334 0131 FF       		.byte	-1
 335 0132 CA       		.byte	-54
 336 0133 07       		.byte	7
 337 0134 CB       		.byte	-53
 338 0135 FF       		.byte	-1
 339 0136 CC       		.byte	-52
 340 0137 40       		.byte	64
 341 0138 CD       		.byte	-51
 342 0139 20       		.byte	32
ARM GAS  C:\Users\GEORGE~1\AppData\Local\Temp\ccFPsJ7B.s 			page 7


 343 013a CE       		.byte	-50
 344 013b F0       		.byte	-16
 345 013c CF       		.byte	-49
 346 013d 05       		.byte	5
 347 013e D0       		.byte	-48
 348 013f 08       		.byte	8
 349 0140 D2       		.byte	-46
 350 0141 80       		.byte	-128
 351 0142 D8       		.byte	-40
 352 0143 04       		.byte	4
 353 0144 D9       		.byte	-39
 354 0145 04       		.byte	4
 355 0146 DA       		.byte	-38
 356 0147 04       		.byte	4
 357 0148 DB       		.byte	-37
 358 0149 04       		.byte	4
 359 014a DC       		.byte	-36
 360 014b 11       		.byte	17
 361 014c DD       		.byte	-35
 362 014d 01       		.byte	1
 363 014e DF       		.byte	-33
 364 014f 09       		.byte	9
 365 0150 E0       		.byte	-32
 366 0151 40       		.byte	64
 367 0152 E1       		.byte	-31
 368 0153 A8       		.byte	-88
 369 0154 E2       		.byte	-30
 370 0155 40       		.byte	64
 371 0156 E3       		.byte	-29
 372 0157 20       		.byte	32
 373 0158 00       		.byte	0
 374 0159 14       		.byte	20
 375 015a 02       		.byte	2
 376 015b 02       		.byte	2
 377 015c 04       		.byte	4
 378 015d 04       		.byte	4
 379 015e 05       		.byte	5
 380 015f 10       		.byte	16
 381 0160 07       		.byte	7
 382 0161 01       		.byte	1
 383 0162 09       		.byte	9
 384 0163 20       		.byte	32
 385 0164 0E       		.byte	14
 386 0165 21       		.byte	33
 387 0166 0F       		.byte	15
 388 0167 08       		.byte	8
 389 0168 10       		.byte	16
 390 0169 28       		.byte	40
 391 016a 11       		.byte	17
 392 016b 08       		.byte	8
 393 016c 13       		.byte	19
 394 016d 02       		.byte	2
 395 016e 16       		.byte	22
 396 016f 10       		.byte	16
 397 0170 17       		.byte	23
 398 0171 02       		.byte	2
 399 0172 18       		.byte	24
ARM GAS  C:\Users\GEORGE~1\AppData\Local\Temp\ccFPsJ7B.s 			page 8


 400 0173 44       		.byte	68
 401 0174 19       		.byte	25
 402 0175 20       		.byte	32
 403 0176 1C       		.byte	28
 404 0177 10       		.byte	16
 405 0178 1D       		.byte	29
 406 0179 30       		.byte	48
 407 017a 1E       		.byte	30
 408 017b 09       		.byte	9
 409 017c 21       		.byte	33
 410 017d 02       		.byte	2
 411 017e 22       		.byte	34
 412 017f 40       		.byte	64
 413 0180 26       		.byte	38
 414 0181 88       		.byte	-120
 415 0182 27       		.byte	39
 416 0183 0A       		.byte	10
 417 0184 28       		.byte	40
 418 0185 80       		.byte	-128
 419 0186 29       		.byte	41
 420 0187 20       		.byte	32
 421 0188 2C       		.byte	44
 422 0189 28       		.byte	40
 423 018a 30       		.byte	48
 424 018b 08       		.byte	8
 425 018c 31       		.byte	49
 426 018d 22       		.byte	34
 427 018e 32       		.byte	50
 428 018f 80       		.byte	-128
 429 0190 35       		.byte	53
 430 0191 20       		.byte	32
 431 0192 36       		.byte	54
 432 0193 86       		.byte	-122
 433 0194 37       		.byte	55
 434 0195 01       		.byte	1
 435 0196 38       		.byte	56
 436 0197 10       		.byte	16
 437 0198 3A       		.byte	58
 438 0199 54       		.byte	84
 439 019a 3B       		.byte	59
 440 019b 40       		.byte	64
 441 019c 3C       		.byte	60
 442 019d 10       		.byte	16
 443 019e 3F       		.byte	63
 444 019f 0A       		.byte	10
 445 01a0 40       		.byte	64
 446 01a1 40       		.byte	64
 447 01a2 45       		.byte	69
 448 01a3 24       		.byte	36
 449 01a4 48       		.byte	72
 450 01a5 20       		.byte	32
 451 01a6 4A       		.byte	74
 452 01a7 10       		.byte	16
 453 01a8 4D       		.byte	77
 454 01a9 21       		.byte	33
 455 01aa 4F       		.byte	79
 456 01ab 0A       		.byte	10
ARM GAS  C:\Users\GEORGE~1\AppData\Local\Temp\ccFPsJ7B.s 			page 9


 457 01ac 50       		.byte	80
 458 01ad 08       		.byte	8
 459 01ae 56       		.byte	86
 460 01af 04       		.byte	4
 461 01b0 5C       		.byte	92
 462 01b1 20       		.byte	32
 463 01b2 5D       		.byte	93
 464 01b3 01       		.byte	1
 465 01b4 5E       		.byte	94
 466 01b5 40       		.byte	64
 467 01b6 5F       		.byte	95
 468 01b7 08       		.byte	8
 469 01b8 6F       		.byte	111
 470 01b9 02       		.byte	2
 471 01ba 73       		.byte	115
 472 01bb 40       		.byte	64
 473 01bc 78       		.byte	120
 474 01bd 80       		.byte	-128
 475 01be 7C       		.byte	124
 476 01bf 80       		.byte	-128
 477 01c0 7E       		.byte	126
 478 01c1 03       		.byte	3
 479 01c2 8E       		.byte	-114
 480 01c3 40       		.byte	64
 481 01c4 C0       		.byte	-64
 482 01c5 E7       		.byte	-25
 483 01c6 C2       		.byte	-62
 484 01c7 E2       		.byte	-30
 485 01c8 C4       		.byte	-60
 486 01c9 3E       		.byte	62
 487 01ca CA       		.byte	-54
 488 01cb 65       		.byte	101
 489 01cc CC       		.byte	-52
 490 01cd FF       		.byte	-1
 491 01ce CE       		.byte	-50
 492 01cf E6       		.byte	-26
 493 01d0 D0       		.byte	-48
 494 01d1 61       		.byte	97
 495 01d2 D2       		.byte	-46
 496 01d3 20       		.byte	32
 497 01d4 D6       		.byte	-42
 498 01d5 F0       		.byte	-16
 499 01d6 DE       		.byte	-34
 500 01d7 18       		.byte	24
 501 01d8 8C       		.byte	-116
 502 01d9 40       		.byte	64
 503 01da 90       		.byte	-112
 504 01db 40       		.byte	64
 505 01dc E2       		.byte	-30
 506 01dd 02       		.byte	2
 507 01de 39       		.byte	57
 508 01df 02       		.byte	2
 509 01e0 3F       		.byte	63
 510 01e1 01       		.byte	1
 511 01e2 59       		.byte	89
 512 01e3 04       		.byte	4
 513 01e4 5F       		.byte	95
ARM GAS  C:\Users\GEORGE~1\AppData\Local\Temp\ccFPsJ7B.s 			page 10


 514 01e5 01       		.byte	1
 515 01e6 24       		.byte	36
 516 01e7 40       		.byte	64
 517 01e8 E6       		.byte	-26
 518 01e9 01       		.byte	1
 519 01ea 81       		.byte	-127
 520 01eb 01       		.byte	1
 521 01ec 82       		.byte	-126
 522 01ed 02       		.byte	2
 523 01ee 86       		.byte	-122
 524 01ef 02       		.byte	2
 525 01f0 92       		.byte	-110
 526 01f1 08       		.byte	8
 527 01f2 96       		.byte	-106
 528 01f3 04       		.byte	4
 529 01f4 A2       		.byte	-94
 530 01f5 04       		.byte	4
 531 01f6 A3       		.byte	-93
 532 01f7 03       		.byte	3
 533 01f8 A6       		.byte	-90
 534 01f9 01       		.byte	1
 535 01fa B0       		.byte	-80
 536 01fb 03       		.byte	3
 537 01fc B1       		.byte	-79
 538 01fd 02       		.byte	2
 539 01fe B3       		.byte	-77
 540 01ff 01       		.byte	1
 541 0200 B4       		.byte	-76
 542 0201 04       		.byte	4
 543 0202 B6       		.byte	-74
 544 0203 08       		.byte	8
 545 0204 BE       		.byte	-66
 546 0205 11       		.byte	17
 547 0206 BF       		.byte	-65
 548 0207 04       		.byte	4
 549 0208 D4       		.byte	-44
 550 0209 18       		.byte	24
 551 020a D6       		.byte	-42
 552 020b 04       		.byte	4
 553 020c D8       		.byte	-40
 554 020d 04       		.byte	4
 555 020e D9       		.byte	-39
 556 020f 04       		.byte	4
 557 0210 DB       		.byte	-37
 558 0211 04       		.byte	4
 559 0212 DC       		.byte	-36
 560 0213 01       		.byte	1
 561 0214 DD       		.byte	-35
 562 0215 10       		.byte	16
 563 0216 DF       		.byte	-33
 564 0217 05       		.byte	5
 565 0218 00       		.byte	0
 566 0219 02       		.byte	2
 567 021a 02       		.byte	2
 568 021b 20       		.byte	32
 569 021c 05       		.byte	5
 570 021d 01       		.byte	1
ARM GAS  C:\Users\GEORGE~1\AppData\Local\Temp\ccFPsJ7B.s 			page 11


 571 021e 06       		.byte	6
 572 021f 08       		.byte	8
 573 0220 07       		.byte	7
 574 0221 20       		.byte	32
 575 0222 09       		.byte	9
 576 0223 08       		.byte	8
 577 0224 0A       		.byte	10
 578 0225 80       		.byte	-128
 579 0226 0D       		.byte	13
 580 0227 04       		.byte	4
 581 0228 0E       		.byte	14
 582 0229 06       		.byte	6
 583 022a 0F       		.byte	15
 584 022b 40       		.byte	64
 585 022c 10       		.byte	16
 586 022d 80       		.byte	-128
 587 022e 11       		.byte	17
 588 022f 08       		.byte	8
 589 0230 14       		.byte	20
 590 0231 01       		.byte	1
 591 0232 16       		.byte	22
 592 0233 A1       		.byte	-95
 593 0234 17       		.byte	23
 594 0235 10       		.byte	16
 595 0236 18       		.byte	24
 596 0237 84       		.byte	-124
 597 0238 1A       		.byte	26
 598 0239 03       		.byte	3
 599 023a 1D       		.byte	29
 600 023b 29       		.byte	41
 601 023c 1E       		.byte	30
 602 023d 04       		.byte	4
 603 023e 21       		.byte	33
 604 023f 01       		.byte	1
 605 0240 22       		.byte	34
 606 0241 04       		.byte	4
 607 0242 25       		.byte	37
 608 0243 50       		.byte	80
 609 0244 26       		.byte	38
 610 0245 08       		.byte	8
 611 0246 27       		.byte	39
 612 0247 90       		.byte	-112
 613 0248 29       		.byte	41
 614 0249 02       		.byte	2
 615 024a 2C       		.byte	44
 616 024b 01       		.byte	1
 617 024c 2E       		.byte	46
 618 024d 09       		.byte	9
 619 024e 2F       		.byte	47
 620 024f 08       		.byte	8
 621 0250 35       		.byte	53
 622 0251 01       		.byte	1
 623 0252 36       		.byte	54
 624 0253 08       		.byte	8
 625 0254 37       		.byte	55
 626 0255 A0       		.byte	-96
 627 0256 38       		.byte	56
ARM GAS  C:\Users\GEORGE~1\AppData\Local\Temp\ccFPsJ7B.s 			page 12


 628 0257 80       		.byte	-128
 629 0258 39       		.byte	57
 630 0259 42       		.byte	66
 631 025a 3D       		.byte	61
 632 025b 82       		.byte	-126
 633 025c 3E       		.byte	62
 634 025d 24       		.byte	36
 635 025e 3F       		.byte	63
 636 025f 10       		.byte	16
 637 0260 45       		.byte	69
 638 0261 61       		.byte	97
 639 0262 48       		.byte	72
 640 0263 01       		.byte	1
 641 0264 4B       		.byte	75
 642 0265 40       		.byte	64
 643 0266 4C       		.byte	76
 644 0267 80       		.byte	-128
 645 0268 4D       		.byte	77
 646 0269 40       		.byte	64
 647 026a 4F       		.byte	79
 648 026b 10       		.byte	16
 649 026c 57       		.byte	87
 650 026d 08       		.byte	8
 651 026e 5B       		.byte	91
 652 026f 01       		.byte	1
 653 0270 60       		.byte	96
 654 0271 84       		.byte	-124
 655 0272 63       		.byte	99
 656 0273 01       		.byte	1
 657 0274 6A       		.byte	106
 658 0275 80       		.byte	-128
 659 0276 6E       		.byte	110
 660 0277 40       		.byte	64
 661 0278 79       		.byte	121
 662 0279 08       		.byte	8
 663 027a 7E       		.byte	126
 664 027b 01       		.byte	1
 665 027c 80       		.byte	-128
 666 027d 80       		.byte	-128
 667 027e 96       		.byte	-106
 668 027f 02       		.byte	2
 669 0280 9A       		.byte	-102
 670 0281 40       		.byte	64
 671 0282 A8       		.byte	-88
 672 0283 20       		.byte	32
 673 0284 AB       		.byte	-85
 674 0285 04       		.byte	4
 675 0286 B3       		.byte	-77
 676 0287 02       		.byte	2
 677 0288 B6       		.byte	-74
 678 0289 48       		.byte	72
 679 028a C0       		.byte	-64
 680 028b 7C       		.byte	124
 681 028c C2       		.byte	-62
 682 028d FC       		.byte	-4
 683 028e C4       		.byte	-60
 684 028f FC       		.byte	-4
ARM GAS  C:\Users\GEORGE~1\AppData\Local\Temp\ccFPsJ7B.s 			page 13


 685 0290 CA       		.byte	-54
 686 0291 F1       		.byte	-15
 687 0292 CC       		.byte	-52
 688 0293 F0       		.byte	-16
 689 0294 CE       		.byte	-50
 690 0295 F1       		.byte	-15
 691 0296 D0       		.byte	-48
 692 0297 B0       		.byte	-80
 693 0298 D2       		.byte	-46
 694 0299 30       		.byte	48
 695 029a D6       		.byte	-42
 696 029b 01       		.byte	1
 697 029c D8       		.byte	-40
 698 029d 0D       		.byte	13
 699 029e DE       		.byte	-34
 700 029f 12       		.byte	18
 701 02a0 08       		.byte	8
 702 02a1 02       		.byte	2
 703 02a2 0C       		.byte	12
 704 02a3 04       		.byte	4
 705 02a4 0F       		.byte	15
 706 02a5 03       		.byte	3
 707 02a6 10       		.byte	16
 708 02a7 04       		.byte	4
 709 02a8 11       		.byte	17
 710 02a9 02       		.byte	2
 711 02aa 1E       		.byte	30
 712 02ab 03       		.byte	3
 713 02ac 22       		.byte	34
 714 02ad 02       		.byte	2
 715 02ae 31       		.byte	49
 716 02af 01       		.byte	1
 717 02b0 32       		.byte	50
 718 02b1 01       		.byte	1
 719 02b2 34       		.byte	52
 720 02b3 04       		.byte	4
 721 02b4 36       		.byte	54
 722 02b5 02       		.byte	2
 723 02b6 37       		.byte	55
 724 02b7 02       		.byte	2
 725 02b8 38       		.byte	56
 726 02b9 20       		.byte	32
 727 02ba 3E       		.byte	62
 728 02bb 50       		.byte	80
 729 02bc 3F       		.byte	63
 730 02bd 40       		.byte	64
 731 02be 40       		.byte	64
 732 02bf 12       		.byte	18
 733 02c0 41       		.byte	65
 734 02c1 03       		.byte	3
 735 02c2 45       		.byte	69
 736 02c3 02       		.byte	2
 737 02c4 46       		.byte	70
 738 02c5 C4       		.byte	-60
 739 02c6 47       		.byte	71
 740 02c7 0E       		.byte	14
 741 02c8 48       		.byte	72
ARM GAS  C:\Users\GEORGE~1\AppData\Local\Temp\ccFPsJ7B.s 			page 14


 742 02c9 1F       		.byte	31
 743 02ca 49       		.byte	73
 744 02cb FF       		.byte	-1
 745 02cc 4A       		.byte	74
 746 02cd FF       		.byte	-1
 747 02ce 4B       		.byte	75
 748 02cf FF       		.byte	-1
 749 02d0 4D       		.byte	77
 750 02d1 A0       		.byte	-96
 751 02d2 4F       		.byte	79
 752 02d3 01       		.byte	1
 753 02d4 50       		.byte	80
 754 02d5 18       		.byte	24
 755 02d6 54       		.byte	84
 756 02d7 07       		.byte	7
 757 02d8 56       		.byte	86
 758 02d9 04       		.byte	4
 759 02da 58       		.byte	88
 760 02db 04       		.byte	4
 761 02dc 59       		.byte	89
 762 02dd 04       		.byte	4
 763 02de 5A       		.byte	90
 764 02df 04       		.byte	4
 765 02e0 5B       		.byte	91
 766 02e1 04       		.byte	4
 767 02e2 5F       		.byte	95
 768 02e3 05       		.byte	5
 769 02e4 60       		.byte	96
 770 02e5 40       		.byte	64
 771 02e6 62       		.byte	98
 772 02e7 80       		.byte	-128
 773 02e8 64       		.byte	100
 774 02e9 40       		.byte	64
 775 02ea 65       		.byte	101
 776 02eb 40       		.byte	64
 777 02ec 66       		.byte	102
 778 02ed 80       		.byte	-128
 779 02ee 68       		.byte	104
 780 02ef 40       		.byte	64
 781 02f0 6A       		.byte	106
 782 02f1 50       		.byte	80
 783 02f2 6B       		.byte	107
 784 02f3 A8       		.byte	-88
 785 02f4 6C       		.byte	108
 786 02f5 40       		.byte	64
 787 02f6 6D       		.byte	109
 788 02f7 20       		.byte	32
 789 02f8 6E       		.byte	110
 790 02f9 50       		.byte	80
 791 02fa 6F       		.byte	111
 792 02fb A8       		.byte	-88
 793 02fc 80       		.byte	-128
 794 02fd 38       		.byte	56
 795 02fe 81       		.byte	-127
 796 02ff 29       		.byte	41
 797 0300 82       		.byte	-126
 798 0301 03       		.byte	3
ARM GAS  C:\Users\GEORGE~1\AppData\Local\Temp\ccFPsJ7B.s 			page 15


 799 0302 83       		.byte	-125
 800 0303 44       		.byte	68
 801 0304 84       		.byte	-124
 802 0305 18       		.byte	24
 803 0306 85       		.byte	-123
 804 0307 FC       		.byte	-4
 805 0308 88       		.byte	-120
 806 0309 08       		.byte	8
 807 030a 89       		.byte	-119
 808 030b FC       		.byte	-4
 809 030c 8C       		.byte	-116
 810 030d 10       		.byte	16
 811 030e 8D       		.byte	-115
 812 030f 80       		.byte	-128
 813 0310 90       		.byte	-112
 814 0311 03       		.byte	3
 815 0312 93       		.byte	-109
 816 0313 03       		.byte	3
 817 0314 94       		.byte	-108
 818 0315 23       		.byte	35
 819 0316 95       		.byte	-107
 820 0317 52       		.byte	82
 821 0318 96       		.byte	-106
 822 0319 1C       		.byte	28
 823 031a 97       		.byte	-105
 824 031b 24       		.byte	36
 825 031c 98       		.byte	-104
 826 031d 3B       		.byte	59
 827 031e 9B       		.byte	-101
 828 031f 03       		.byte	3
 829 0320 9C       		.byte	-100
 830 0321 43       		.byte	67
 831 0322 9D       		.byte	-99
 832 0323 07       		.byte	7
 833 0324 9E       		.byte	-98
 834 0325 04       		.byte	4
 835 0326 9F       		.byte	-97
 836 0327 18       		.byte	24
 837 0328 A1       		.byte	-95
 838 0329 7F       		.byte	127
 839 032a A2       		.byte	-94
 840 032b 03       		.byte	3
 841 032c A4       		.byte	-92
 842 032d 02       		.byte	2
 843 032e A5       		.byte	-91
 844 032f 03       		.byte	3
 845 0330 A8       		.byte	-88
 846 0331 3B       		.byte	59
 847 0332 A9       		.byte	-87
 848 0333 03       		.byte	3
 849 0334 AC       		.byte	-84
 850 0335 01       		.byte	1
 851 0336 AE       		.byte	-82
 852 0337 40       		.byte	64
 853 0338 AF       		.byte	-81
 854 0339 03       		.byte	3
 855 033a B1       		.byte	-79
ARM GAS  C:\Users\GEORGE~1\AppData\Local\Temp\ccFPsJ7B.s 			page 16


 856 033b 80       		.byte	-128
 857 033c B2       		.byte	-78
 858 033d 1F       		.byte	31
 859 033e B3       		.byte	-77
 860 033f 1C       		.byte	28
 861 0340 B4       		.byte	-76
 862 0341 20       		.byte	32
 863 0342 B5       		.byte	-75
 864 0343 60       		.byte	96
 865 0344 B6       		.byte	-74
 866 0345 40       		.byte	64
 867 0346 B7       		.byte	-73
 868 0347 03       		.byte	3
 869 0348 BA       		.byte	-70
 870 0349 08       		.byte	8
 871 034a BE       		.byte	-66
 872 034b 10       		.byte	16
 873 034c D6       		.byte	-42
 874 034d 02       		.byte	2
 875 034e D7       		.byte	-41
 876 034f 12       		.byte	18
 877 0350 D8       		.byte	-40
 878 0351 04       		.byte	4
 879 0352 D9       		.byte	-39
 880 0353 04       		.byte	4
 881 0354 DB       		.byte	-37
 882 0355 04       		.byte	4
 883 0356 DC       		.byte	-36
 884 0357 11       		.byte	17
 885 0358 DD       		.byte	-35
 886 0359 10       		.byte	16
 887 035a DE       		.byte	-34
 888 035b 08       		.byte	8
 889 035c DF       		.byte	-33
 890 035d 01       		.byte	1
 891 035e 00       		.byte	0
 892 035f 90       		.byte	-112
 893 0360 05       		.byte	5
 894 0361 01       		.byte	1
 895 0362 06       		.byte	6
 896 0363 09       		.byte	9
 897 0364 07       		.byte	7
 898 0365 20       		.byte	32
 899 0366 08       		.byte	8
 900 0367 82       		.byte	-126
 901 0368 0A       		.byte	10
 902 0369 40       		.byte	64
 903 036a 0C       		.byte	12
 904 036b 20       		.byte	32
 905 036c 0D       		.byte	13
 906 036d 20       		.byte	32
 907 036e 0E       		.byte	14
 908 036f 21       		.byte	33
 909 0370 0F       		.byte	15
 910 0371 90       		.byte	-112
 911 0372 12       		.byte	18
 912 0373 40       		.byte	64
ARM GAS  C:\Users\GEORGE~1\AppData\Local\Temp\ccFPsJ7B.s 			page 17


 913 0374 16       		.byte	22
 914 0375 82       		.byte	-126
 915 0376 17       		.byte	23
 916 0377 18       		.byte	24
 917 0378 18       		.byte	24
 918 0379 15       		.byte	21
 919 037a 1E       		.byte	30
 920 037b 2A       		.byte	42
 921 037c 1F       		.byte	31
 922 037d 04       		.byte	4
 923 037e 20       		.byte	32
 924 037f 80       		.byte	-128
 925 0380 21       		.byte	33
 926 0381 02       		.byte	2
 927 0382 22       		.byte	34
 928 0383 40       		.byte	64
 929 0384 25       		.byte	37
 930 0385 05       		.byte	5
 931 0386 26       		.byte	38
 932 0387 20       		.byte	32
 933 0388 27       		.byte	39
 934 0389 09       		.byte	9
 935 038a 2C       		.byte	44
 936 038b 20       		.byte	32
 937 038c 2E       		.byte	46
 938 038d 81       		.byte	-127
 939 038e 2F       		.byte	47
 940 038f 04       		.byte	4
 941 0390 31       		.byte	49
 942 0391 02       		.byte	2
 943 0392 35       		.byte	53
 944 0393 81       		.byte	-127
 945 0394 37       		.byte	55
 946 0395 18       		.byte	24
 947 0396 38       		.byte	56
 948 0397 80       		.byte	-128
 949 0398 3D       		.byte	61
 950 0399 54       		.byte	84
 951 039a 3E       		.byte	62
 952 039b 02       		.byte	2
 953 039c 40       		.byte	64
 954 039d 25       		.byte	37
 955 039e 45       		.byte	69
 956 039f 01       		.byte	1
 957 03a0 46       		.byte	70
 958 03a1 80       		.byte	-128
 959 03a2 49       		.byte	73
 960 03a3 06       		.byte	6
 961 03a4 50       		.byte	80
 962 03a5 40       		.byte	64
 963 03a6 51       		.byte	81
 964 03a7 08       		.byte	8
 965 03a8 52       		.byte	82
 966 03a9 10       		.byte	16
 967 03aa 58       		.byte	88
 968 03ab 10       		.byte	16
 969 03ac 5A       		.byte	90
ARM GAS  C:\Users\GEORGE~1\AppData\Local\Temp\ccFPsJ7B.s 			page 18


 970 03ad 88       		.byte	-120
 971 03ae 5E       		.byte	94
 972 03af 08       		.byte	8
 973 03b0 61       		.byte	97
 974 03b1 08       		.byte	8
 975 03b2 62       		.byte	98
 976 03b3 12       		.byte	18
 977 03b4 64       		.byte	100
 978 03b5 10       		.byte	16
 979 03b6 65       		.byte	101
 980 03b7 04       		.byte	4
 981 03b8 6D       		.byte	109
 982 03b9 54       		.byte	84
 983 03ba 76       		.byte	118
 984 03bb 09       		.byte	9
 985 03bc 77       		.byte	119
 986 03bd 20       		.byte	32
 987 03be 78       		.byte	120
 988 03bf 02       		.byte	2
 989 03c0 7E       		.byte	126
 990 03c1 01       		.byte	1
 991 03c2 86       		.byte	-122
 992 03c3 02       		.byte	2
 993 03c4 88       		.byte	-120
 994 03c5 01       		.byte	1
 995 03c6 8A       		.byte	-118
 996 03c7 02       		.byte	2
 997 03c8 8C       		.byte	-116
 998 03c9 20       		.byte	32
 999 03ca 8D       		.byte	-115
 1000 03cb 84       		.byte	-124
 1001 03cc 8F       		.byte	-113
 1002 03cd 40       		.byte	64
 1003 03ce 92       		.byte	-110
 1004 03cf 4B       		.byte	75
 1005 03d0 97       		.byte	-105
 1006 03d1 10       		.byte	16
 1007 03d2 98       		.byte	-104
 1008 03d3 80       		.byte	-128
 1009 03d4 99       		.byte	-103
 1010 03d5 01       		.byte	1
 1011 03d6 9A       		.byte	-102
 1012 03d7 40       		.byte	64
 1013 03d8 9B       		.byte	-101
 1014 03d9 10       		.byte	16
 1015 03da 9D       		.byte	-99
 1016 03db 02       		.byte	2
 1017 03dc 9E       		.byte	-98
 1018 03dd 89       		.byte	-119
 1019 03de 9F       		.byte	-97
 1020 03df 21       		.byte	33
 1021 03e0 A1       		.byte	-95
 1022 03e1 20       		.byte	32
 1023 03e2 A4       		.byte	-92
 1024 03e3 01       		.byte	1
 1025 03e4 A5       		.byte	-91
 1026 03e5 05       		.byte	5
ARM GAS  C:\Users\GEORGE~1\AppData\Local\Temp\ccFPsJ7B.s 			page 19


 1027 03e6 A6       		.byte	-90
 1028 03e7 21       		.byte	33
 1029 03e8 B1       		.byte	-79
 1030 03e9 04       		.byte	4
 1031 03ea B2       		.byte	-78
 1032 03eb 01       		.byte	1
 1033 03ec B5       		.byte	-75
 1034 03ed 10       		.byte	16
 1035 03ee B7       		.byte	-73
 1036 03ef 01       		.byte	1
 1037 03f0 C0       		.byte	-64
 1038 03f1 F3       		.byte	-13
 1039 03f2 C2       		.byte	-62
 1040 03f3 F9       		.byte	-7
 1041 03f4 C4       		.byte	-60
 1042 03f5 F8       		.byte	-8
 1043 03f6 CA       		.byte	-54
 1044 03f7 F0       		.byte	-16
 1045 03f8 CC       		.byte	-52
 1046 03f9 F1       		.byte	-15
 1047 03fa CE       		.byte	-50
 1048 03fb F8       		.byte	-8
 1049 03fc D0       		.byte	-48
 1050 03fd 0E       		.byte	14
 1051 03fe D6       		.byte	-42
 1052 03ff 4E       		.byte	78
 1053 0400 D8       		.byte	-40
 1054 0401 07       		.byte	7
 1055 0402 DE       		.byte	-34
 1056 0403 11       		.byte	17
 1057 0404 E0       		.byte	-32
 1058 0405 40       		.byte	64
 1059 0406 32       		.byte	50
 1060 0407 40       		.byte	64
 1061 0408 37       		.byte	55
 1062 0409 80       		.byte	-128
 1063 040a CC       		.byte	-52
 1064 040b 30       		.byte	48
 1065 040c 96       		.byte	-106
 1066 040d 80       		.byte	-128
 1067 040e 9F       		.byte	-97
 1068 040f 80       		.byte	-128
 1069 0410 96       		.byte	-106
 1070 0411 80       		.byte	-128
 1071 0412 9F       		.byte	-97
 1072 0413 80       		.byte	-128
 1073 0414 96       		.byte	-106
 1074 0415 80       		.byte	-128
 1075 0416 9F       		.byte	-97
 1076 0417 80       		.byte	-128
 1077 0418 5D       		.byte	93
 1078 0419 80       		.byte	-128
 1079 041a D6       		.byte	-42
 1080 041b 04       		.byte	4
 1081 041c 9D       		.byte	-99
 1082 041d 80       		.byte	-128
 1083 041e 8E       		.byte	-114
ARM GAS  C:\Users\GEORGE~1\AppData\Local\Temp\ccFPsJ7B.s 			page 20


 1084 041f 01       		.byte	1
 1085 0420 9D       		.byte	-99
 1086 0421 80       		.byte	-128
 1087 0422 E0       		.byte	-32
 1088 0423 08       		.byte	8
 1089 0424 82       		.byte	-126
 1090 0425 40       		.byte	64
 1091 0426 96       		.byte	-106
 1092 0427 80       		.byte	-128
 1093 0428 9F       		.byte	-97
 1094 0429 80       		.byte	-128
 1095 042a E6       		.byte	-26
 1096 042b 80       		.byte	-128
 1097 042c 87       		.byte	-121
 1098 042d 80       		.byte	-128
 1099 042e 9F       		.byte	-97
 1100 042f 80       		.byte	-128
 1101 0430 E2       		.byte	-30
 1102 0431 40       		.byte	64
 1103 0432 A2       		.byte	-94
 1104 0433 01       		.byte	1
 1105 0434 B1       		.byte	-79
 1106 0435 80       		.byte	-128
 1107 0436 EC       		.byte	-20
 1108 0437 01       		.byte	1
 1109 0438 10       		.byte	16
 1110 0439 40       		.byte	64
 1111 043a 7A       		.byte	122
 1112 043b 01       		.byte	1
 1113 043c 88       		.byte	-120
 1114 043d 40       		.byte	64
 1115 043e A2       		.byte	-94
 1116 043f 01       		.byte	1
 1117 0440 C4       		.byte	-60
 1118 0441 08       		.byte	8
 1119 0442 DC       		.byte	-36
 1120 0443 01       		.byte	1
 1121 0444 E2       		.byte	-30
 1122 0445 01       		.byte	1
 1123 0446 00       		.byte	0
 1124 0447 03       		.byte	3
 1125 0448 0C       		.byte	12
 1126 0449 03       		.byte	3
 1127 044a 10       		.byte	16
 1128 044b 03       		.byte	3
 1129 044c 1C       		.byte	28
 1130 044d 03       		.byte	3
 1131 044e 00       		.byte	0
 1132 044f 0F       		.byte	15
 1133 0450 0E       		.byte	14
 1134 0451 00       		.byte	0
 1135 0452 70       		.byte	112
 1136 0453 30       		.byte	48
 1137 0454 0C       		.byte	12
 1138 0455 36       		.byte	54
 1139 0456 00       		.byte	0
 1140 0457 00       		.byte	0
ARM GAS  C:\Users\GEORGE~1\AppData\Local\Temp\ccFPsJ7B.s 			page 21


 1141 0458 04       		.byte	4
 1142 0459 30       		.byte	48
 1143 045a 00       		.byte	0
 1144 045b 06       		.byte	6
 1145 045c 00       		.byte	0
 1146 045d 00       		.byte	0
 1147 045e 00       		.byte	0
 1148 045f 01       		.byte	1
 1149 0460 02       		.byte	2
 1150 0461 26       		.byte	38
 1151 0462 00       		.byte	0
 1152 0463 10       		.byte	16
 1153 0464 8F       		.byte	-113
 1154 0465 06       		.byte	6
 1155 0466 10       		.byte	16
 1156 0467 38       		.byte	56
 1157 0468 6F       		.byte	111
 1158 0469 06       		.byte	6
 1159 046a 80       		.byte	-128
 1160 046b 00       		.byte	0
 1161 046c 00       		.byte	0
 1162 046d 00       		.byte	0
 1163 046e 02       		.byte	2
 1164 046f 40       		.byte	64
 1165 0470 00       		.byte	0
 1166 0471 66       		.byte	102
 1167 0472 21       		.byte	33
 1168 0473 08       		.byte	8
 1169 0474 63       		.byte	99
 1170 0475 02       		.byte	2
 1171 0476 0C       		.byte	12
 1172 0477 00       		.byte	0
 1173 0478 0E       		.byte	14
 1174 0479 00       		.byte	0
 1175 047a 41       		.byte	65
 1176 047b 01       		.byte	1
 1177 047c 08       		.byte	8
 1178 047d 04       		.byte	4
 1179 047e 00       		.byte	0
 1180 047f 00       		.byte	0
 1181 0480 3F       		.byte	63
 1182 0481 40       		.byte	64
 1183 0482 40       		.byte	64
 1184 0483 1E       		.byte	30
 1185 0484 80       		.byte	-128
 1186 0485 01       		.byte	1
 1187 0486 00       		.byte	0
 1188 0487 26       		.byte	38
 1189 0488 08       		.byte	8
 1190 0489 00       		.byte	0
 1191 048a 02       		.byte	2
 1192 048b 08       		.byte	8
 1193 048c 00       		.byte	0
 1194 048d 00       		.byte	0
 1195 048e 00       		.byte	0
 1196 048f 10       		.byte	16
 1197 0490 64       		.byte	100
ARM GAS  C:\Users\GEORGE~1\AppData\Local\Temp\ccFPsJ7B.s 			page 22


 1198 0491 02       		.byte	2
 1199 0492 01       		.byte	1
 1200 0493 00       		.byte	0
 1201 0494 05       		.byte	5
 1202 0495 E0       		.byte	-32
 1203 0496 00       		.byte	0
 1204 0497 0C       		.byte	12
 1205 0498 12       		.byte	18
 1206 0499 FF       		.byte	-1
 1207 049a FF       		.byte	-1
 1208 049b FF       		.byte	-1
 1209 049c 62       		.byte	98
 1210 049d A0       		.byte	-96
 1211 049e F0       		.byte	-16
 1212 049f 41       		.byte	65
 1213 04a0 0C       		.byte	12
 1214 04a1 00       		.byte	0
 1215 04a2 00       		.byte	0
 1216 04a3 00       		.byte	0
 1217 04a4 00       		.byte	0
 1218 04a5 00       		.byte	0
 1219 04a6 00       		.byte	0
 1220 04a7 00       		.byte	0
 1221 04a8 04       		.byte	4
 1222 04a9 04       		.byte	4
 1223 04aa 04       		.byte	4
 1224 04ab 04       		.byte	4
 1225 04ac 11       		.byte	17
 1226 04ad 01       		.byte	1
 1227 04ae 00       		.byte	0
 1228 04af 09       		.byte	9
 1229 04b0 00       		.byte	0
 1230 04b1 00       		.byte	0
 1231 04b2 00       		.byte	0
 1232 04b3 00       		.byte	0
 1233 04b4 00       		.byte	0
 1234 04b5 00       		.byte	0
 1235 04b6 40       		.byte	64
 1236 04b7 02       		.byte	2
 1237 04b8 00       		.byte	0
 1238 04b9 10       		.byte	16
 1239 04ba 30       		.byte	48
 1240 04bb 10       		.byte	16
 1241 04bc 00       		.byte	0
 1242 04bd 10       		.byte	16
 1243 04be 10       		.byte	16
 1244 04bf 12       		.byte	18
 1245 04c0 00       		.byte	0
 1246 04c1 00       		.byte	0
 1247 04c2 00       		.byte	0
 1248 04c3 00       		.byte	0
 1249 04c4 00       		.byte	0
 1250 04c5 00       		.byte	0
 1251 04c6 00       		.byte	0
 1252 04c7 00       		.byte	0
 1253 04c8 00       		.byte	0
 1254 04c9 00       		.byte	0
ARM GAS  C:\Users\GEORGE~1\AppData\Local\Temp\ccFPsJ7B.s 			page 23


 1255 04ca 00       		.byte	0
 1256 04cb 00       		.byte	0
 1257 04cc 00       		.byte	0
 1258 04cd 00       		.byte	0
 1259 04ce 00       		.byte	0
 1260 04cf 00       		.byte	0
 1261 04d0 80       		.byte	-128
 1262 04d1 00       		.byte	0
 1263 04d2 40       		.byte	64
 1264 04d3 80       		.byte	-128
 1265 04d4 80       		.byte	-128
 1266 04d5 00       		.byte	0
 1267 04d6 80       		.byte	-128
 1268 04d7 00       		.byte	0
 1269 04d8 00       		.byte	0
 1270 04d9 00       		.byte	0
 1271 04da 00       		.byte	0
 1272 04db 00       		.byte	0
 1273 04dc 00       		.byte	0
 1274 04dd 0B       		.byte	11
 1275 04de 0B       		.byte	11
 1276 04df 00       		.byte	0
 1277 04e0 00       		.byte	0
 1278 04e1 00       		.byte	0
 1279 04e2 00       		.byte	0
 1280 04e3 00       		.byte	0
 1281 04e4 00       		.byte	0
 1282 04e5 02       		.byte	2
 1283 04e6 02       		.byte	2
 1284 04e7 00       		.byte	0
 1285 04e8 02       		.byte	2
 1286 04e9 00       		.byte	0
 1287 04ea 00       		.byte	0
 1288 04eb 00       		.byte	0
 1289              		.section	.cywolatch,"a",%progbits
 1290              		.align	2
 1291              		.type	cy_meta_wonvl, %object
 1292              		.size	cy_meta_wonvl, 4
 1293              	cy_meta_wonvl:
 1294 0000 BC       		.byte	-68
 1295 0001 90       		.byte	-112
 1296 0002 AC       		.byte	-84
 1297 0003 AF       		.byte	-81
 1298              		.section	.cycustnvl,"a",%progbits
 1299              		.align	2
 1300              		.type	cy_meta_custnvl, %object
 1301              		.size	cy_meta_custnvl, 4
 1302              	cy_meta_custnvl:
 1303 0000 00       		.byte	0
 1304 0001 00       		.byte	0
 1305 0002 40       		.byte	64
 1306 0003 05       		.byte	5
 1307              		.section	.cymeta,"a",%progbits
 1308              		.align	2
 1309              		.type	cy_metadata, %object
 1310              		.size	cy_metadata, 12
 1311              	cy_metadata:
ARM GAS  C:\Users\GEORGE~1\AppData\Local\Temp\ccFPsJ7B.s 			page 24


 1312 0000 00       		.byte	0
 1313 0001 01       		.byte	1
 1314 0002 2E       		.byte	46
 1315 0003 16       		.byte	22
 1316 0004 10       		.byte	16
 1317 0005 69       		.byte	105
 1318 0006 00       		.byte	0
 1319 0007 01       		.byte	1
 1320 0008 00       		.byte	0
 1321 0009 00       		.byte	0
 1322 000a 00       		.byte	0
 1323 000b 00       		.byte	0
 1324              		.section	.cyflashprotect,"a",%progbits
 1325              		.align	2
 1326              		.type	cy_meta_flashprotect, %object
 1327              		.size	cy_meta_flashprotect, 256
 1328              	cy_meta_flashprotect:
 1329 0000 00000000 		.space	256
 1329      00000000 
 1329      00000000 
 1329      00000000 
 1329      00000000 
 1330              		.text
 1331              	.Letext0:
 1332              		.file 1 "c:\\program files (x86)\\cypress\\psoc creator\\4.2\\psoc creator\\import\\gnu\\arm\\5.4.
 1333              		.file 2 "c:\\program files (x86)\\cypress\\psoc creator\\4.2\\psoc creator\\import\\gnu\\arm\\5.4.
 1334              		.file 3 "Generated_Source\\PSoC5\\cymetadata.c"
 1335              		.section	.debug_info,"",%progbits
 1336              	.Ldebug_info0:
 1337 0000 32010000 		.4byte	0x132
 1338 0004 0400     		.2byte	0x4
 1339 0006 00000000 		.4byte	.Ldebug_abbrev0
 1340 000a 04       		.byte	0x4
 1341 000b 01       		.uleb128 0x1
 1342 000c 24000000 		.4byte	.LASF17
 1343 0010 0C       		.byte	0xc
 1344 0011 EC010000 		.4byte	.LASF18
 1345 0015 69010000 		.4byte	.LASF19
 1346 0019 00000000 		.4byte	.Ldebug_line0
 1347 001d 02       		.uleb128 0x2
 1348 001e 01       		.byte	0x1
 1349 001f 06       		.byte	0x6
 1350 0020 E0010000 		.4byte	.LASF0
 1351 0024 03       		.uleb128 0x3
 1352 0025 00000000 		.4byte	.LASF9
 1353 0029 01       		.byte	0x1
 1354 002a 1D       		.byte	0x1d
 1355 002b 2F000000 		.4byte	0x2f
 1356 002f 02       		.uleb128 0x2
 1357 0030 01       		.byte	0x1
 1358 0031 08       		.byte	0x8
 1359 0032 16000000 		.4byte	.LASF1
 1360 0036 02       		.uleb128 0x2
 1361 0037 02       		.byte	0x2
 1362 0038 05       		.byte	0x5
 1363 0039 D7000000 		.4byte	.LASF2
 1364 003d 02       		.uleb128 0x2
ARM GAS  C:\Users\GEORGE~1\AppData\Local\Temp\ccFPsJ7B.s 			page 25


 1365 003e 02       		.byte	0x2
 1366 003f 07       		.byte	0x7
 1367 0040 C4000000 		.4byte	.LASF3
 1368 0044 02       		.uleb128 0x2
 1369 0045 04       		.byte	0x4
 1370 0046 05       		.byte	0x5
 1371 0047 D7010000 		.4byte	.LASF4
 1372 004b 02       		.uleb128 0x2
 1373 004c 04       		.byte	0x4
 1374 004d 07       		.byte	0x7
 1375 004e B2000000 		.4byte	.LASF5
 1376 0052 02       		.uleb128 0x2
 1377 0053 08       		.byte	0x8
 1378 0054 05       		.byte	0x5
 1379 0055 5B010000 		.4byte	.LASF6
 1380 0059 02       		.uleb128 0x2
 1381 005a 08       		.byte	0x8
 1382 005b 07       		.byte	0x7
 1383 005c 10010000 		.4byte	.LASF7
 1384 0060 04       		.uleb128 0x4
 1385 0061 04       		.byte	0x4
 1386 0062 05       		.byte	0x5
 1387 0063 696E7400 		.ascii	"int\000"
 1388 0067 02       		.uleb128 0x2
 1389 0068 04       		.byte	0x4
 1390 0069 07       		.byte	0x7
 1391 006a 03010000 		.4byte	.LASF8
 1392 006e 03       		.uleb128 0x3
 1393 006f 27010000 		.4byte	.LASF10
 1394 0073 02       		.byte	0x2
 1395 0074 18       		.byte	0x18
 1396 0075 24000000 		.4byte	0x24
 1397 0079 05       		.uleb128 0x5
 1398 007a 91000000 		.4byte	0x91
 1399 007e 8A000000 		.4byte	0x8a
 1400 0082 06       		.uleb128 0x6
 1401 0083 8A000000 		.4byte	0x8a
 1402 0087 EB04     		.2byte	0x4eb
 1403 0089 00       		.byte	0
 1404 008a 02       		.uleb128 0x2
 1405 008b 04       		.byte	0x4
 1406 008c 07       		.byte	0x7
 1407 008d 52010000 		.4byte	.LASF11
 1408 0091 07       		.uleb128 0x7
 1409 0092 6E000000 		.4byte	0x6e
 1410 0096 08       		.uleb128 0x8
 1411 0097 F1000000 		.4byte	.LASF12
 1412 009b 03       		.byte	0x3
 1413 009c 1F       		.byte	0x1f
 1414 009d A7000000 		.4byte	0xa7
 1415 00a1 05       		.uleb128 0x5
 1416 00a2 03       		.byte	0x3
 1417 00a3 00000000 		.4byte	cy_meta_configecc
 1418 00a7 07       		.uleb128 0x7
 1419 00a8 79000000 		.4byte	0x79
 1420 00ac 05       		.uleb128 0x5
 1421 00ad 91000000 		.4byte	0x91
ARM GAS  C:\Users\GEORGE~1\AppData\Local\Temp\ccFPsJ7B.s 			page 26


 1422 00b1 BC000000 		.4byte	0xbc
 1423 00b5 09       		.uleb128 0x9
 1424 00b6 8A000000 		.4byte	0x8a
 1425 00ba 03       		.byte	0x3
 1426 00bb 00       		.byte	0
 1427 00bc 08       		.uleb128 0x8
 1428 00bd E1000000 		.4byte	.LASF13
 1429 00c1 03       		.byte	0x3
 1430 00c2 CA       		.byte	0xca
 1431 00c3 CD000000 		.4byte	0xcd
 1432 00c7 05       		.uleb128 0x5
 1433 00c8 03       		.byte	0x3
 1434 00c9 00000000 		.4byte	cy_meta_custnvl
 1435 00cd 07       		.uleb128 0x7
 1436 00ce AC000000 		.4byte	0xac
 1437 00d2 08       		.uleb128 0x8
 1438 00d3 44010000 		.4byte	.LASF14
 1439 00d7 03       		.byte	0x3
 1440 00d8 D8       		.byte	0xd8
 1441 00d9 E3000000 		.4byte	0xe3
 1442 00dd 05       		.uleb128 0x5
 1443 00de 03       		.byte	0x3
 1444 00df 00000000 		.4byte	cy_meta_wonvl
 1445 00e3 07       		.uleb128 0x7
 1446 00e4 AC000000 		.4byte	0xac
 1447 00e8 05       		.uleb128 0x5
 1448 00e9 91000000 		.4byte	0x91
 1449 00ed F8000000 		.4byte	0xf8
 1450 00f1 09       		.uleb128 0x9
 1451 00f2 8A000000 		.4byte	0x8a
 1452 00f6 FF       		.byte	0xff
 1453 00f7 00       		.byte	0
 1454 00f8 08       		.uleb128 0x8
 1455 00f9 2F010000 		.4byte	.LASF15
 1456 00fd 03       		.byte	0x3
 1457 00fe E6       		.byte	0xe6
 1458 00ff 09010000 		.4byte	0x109
 1459 0103 05       		.uleb128 0x5
 1460 0104 03       		.byte	0x3
 1461 0105 00000000 		.4byte	cy_meta_flashprotect
 1462 0109 07       		.uleb128 0x7
 1463 010a E8000000 		.4byte	0xe8
 1464 010e 05       		.uleb128 0x5
 1465 010f 91000000 		.4byte	0x91
 1466 0113 1E010000 		.4byte	0x11e
 1467 0117 09       		.uleb128 0x9
 1468 0118 8A000000 		.4byte	0x8a
 1469 011c 0B       		.byte	0xb
 1470 011d 00       		.byte	0
 1471 011e 0A       		.uleb128 0xa
 1472 011f 0A000000 		.4byte	.LASF16
 1473 0123 03       		.byte	0x3
 1474 0124 1301     		.2byte	0x113
 1475 0126 30010000 		.4byte	0x130
 1476 012a 05       		.uleb128 0x5
 1477 012b 03       		.byte	0x3
 1478 012c 00000000 		.4byte	cy_metadata
ARM GAS  C:\Users\GEORGE~1\AppData\Local\Temp\ccFPsJ7B.s 			page 27


 1479 0130 07       		.uleb128 0x7
 1480 0131 0E010000 		.4byte	0x10e
 1481 0135 00       		.byte	0
 1482              		.section	.debug_abbrev,"",%progbits
 1483              	.Ldebug_abbrev0:
 1484 0000 01       		.uleb128 0x1
 1485 0001 11       		.uleb128 0x11
 1486 0002 01       		.byte	0x1
 1487 0003 25       		.uleb128 0x25
 1488 0004 0E       		.uleb128 0xe
 1489 0005 13       		.uleb128 0x13
 1490 0006 0B       		.uleb128 0xb
 1491 0007 03       		.uleb128 0x3
 1492 0008 0E       		.uleb128 0xe
 1493 0009 1B       		.uleb128 0x1b
 1494 000a 0E       		.uleb128 0xe
 1495 000b 10       		.uleb128 0x10
 1496 000c 17       		.uleb128 0x17
 1497 000d 00       		.byte	0
 1498 000e 00       		.byte	0
 1499 000f 02       		.uleb128 0x2
 1500 0010 24       		.uleb128 0x24
 1501 0011 00       		.byte	0
 1502 0012 0B       		.uleb128 0xb
 1503 0013 0B       		.uleb128 0xb
 1504 0014 3E       		.uleb128 0x3e
 1505 0015 0B       		.uleb128 0xb
 1506 0016 03       		.uleb128 0x3
 1507 0017 0E       		.uleb128 0xe
 1508 0018 00       		.byte	0
 1509 0019 00       		.byte	0
 1510 001a 03       		.uleb128 0x3
 1511 001b 16       		.uleb128 0x16
 1512 001c 00       		.byte	0
 1513 001d 03       		.uleb128 0x3
 1514 001e 0E       		.uleb128 0xe
 1515 001f 3A       		.uleb128 0x3a
 1516 0020 0B       		.uleb128 0xb
 1517 0021 3B       		.uleb128 0x3b
 1518 0022 0B       		.uleb128 0xb
 1519 0023 49       		.uleb128 0x49
 1520 0024 13       		.uleb128 0x13
 1521 0025 00       		.byte	0
 1522 0026 00       		.byte	0
 1523 0027 04       		.uleb128 0x4
 1524 0028 24       		.uleb128 0x24
 1525 0029 00       		.byte	0
 1526 002a 0B       		.uleb128 0xb
 1527 002b 0B       		.uleb128 0xb
 1528 002c 3E       		.uleb128 0x3e
 1529 002d 0B       		.uleb128 0xb
 1530 002e 03       		.uleb128 0x3
 1531 002f 08       		.uleb128 0x8
 1532 0030 00       		.byte	0
 1533 0031 00       		.byte	0
 1534 0032 05       		.uleb128 0x5
 1535 0033 01       		.uleb128 0x1
ARM GAS  C:\Users\GEORGE~1\AppData\Local\Temp\ccFPsJ7B.s 			page 28


 1536 0034 01       		.byte	0x1
 1537 0035 49       		.uleb128 0x49
 1538 0036 13       		.uleb128 0x13
 1539 0037 01       		.uleb128 0x1
 1540 0038 13       		.uleb128 0x13
 1541 0039 00       		.byte	0
 1542 003a 00       		.byte	0
 1543 003b 06       		.uleb128 0x6
 1544 003c 21       		.uleb128 0x21
 1545 003d 00       		.byte	0
 1546 003e 49       		.uleb128 0x49
 1547 003f 13       		.uleb128 0x13
 1548 0040 2F       		.uleb128 0x2f
 1549 0041 05       		.uleb128 0x5
 1550 0042 00       		.byte	0
 1551 0043 00       		.byte	0
 1552 0044 07       		.uleb128 0x7
 1553 0045 26       		.uleb128 0x26
 1554 0046 00       		.byte	0
 1555 0047 49       		.uleb128 0x49
 1556 0048 13       		.uleb128 0x13
 1557 0049 00       		.byte	0
 1558 004a 00       		.byte	0
 1559 004b 08       		.uleb128 0x8
 1560 004c 34       		.uleb128 0x34
 1561 004d 00       		.byte	0
 1562 004e 03       		.uleb128 0x3
 1563 004f 0E       		.uleb128 0xe
 1564 0050 3A       		.uleb128 0x3a
 1565 0051 0B       		.uleb128 0xb
 1566 0052 3B       		.uleb128 0x3b
 1567 0053 0B       		.uleb128 0xb
 1568 0054 49       		.uleb128 0x49
 1569 0055 13       		.uleb128 0x13
 1570 0056 3F       		.uleb128 0x3f
 1571 0057 19       		.uleb128 0x19
 1572 0058 02       		.uleb128 0x2
 1573 0059 18       		.uleb128 0x18
 1574 005a 00       		.byte	0
 1575 005b 00       		.byte	0
 1576 005c 09       		.uleb128 0x9
 1577 005d 21       		.uleb128 0x21
 1578 005e 00       		.byte	0
 1579 005f 49       		.uleb128 0x49
 1580 0060 13       		.uleb128 0x13
 1581 0061 2F       		.uleb128 0x2f
 1582 0062 0B       		.uleb128 0xb
 1583 0063 00       		.byte	0
 1584 0064 00       		.byte	0
 1585 0065 0A       		.uleb128 0xa
 1586 0066 34       		.uleb128 0x34
 1587 0067 00       		.byte	0
 1588 0068 03       		.uleb128 0x3
 1589 0069 0E       		.uleb128 0xe
 1590 006a 3A       		.uleb128 0x3a
 1591 006b 0B       		.uleb128 0xb
 1592 006c 3B       		.uleb128 0x3b
ARM GAS  C:\Users\GEORGE~1\AppData\Local\Temp\ccFPsJ7B.s 			page 29


 1593 006d 05       		.uleb128 0x5
 1594 006e 49       		.uleb128 0x49
 1595 006f 13       		.uleb128 0x13
 1596 0070 3F       		.uleb128 0x3f
 1597 0071 19       		.uleb128 0x19
 1598 0072 02       		.uleb128 0x2
 1599 0073 18       		.uleb128 0x18
 1600 0074 00       		.byte	0
 1601 0075 00       		.byte	0
 1602 0076 00       		.byte	0
 1603              		.section	.debug_aranges,"",%progbits
 1604 0000 14000000 		.4byte	0x14
 1605 0004 0200     		.2byte	0x2
 1606 0006 00000000 		.4byte	.Ldebug_info0
 1607 000a 04       		.byte	0x4
 1608 000b 00       		.byte	0
 1609 000c 0000     		.2byte	0
 1610 000e 0000     		.2byte	0
 1611 0010 00000000 		.4byte	0
 1612 0014 00000000 		.4byte	0
 1613              		.section	.debug_line,"",%progbits
 1614              	.Ldebug_line0:
 1615 0000 3D010000 		.section	.debug_str,"MS",%progbits,1
 1615      02003701 
 1615      00000201 
 1615      FB0E0D00 
 1615      01010101 
 1616              	.LASF9:
 1617 0000 5F5F7569 		.ascii	"__uint8_t\000"
 1617      6E74385F 
 1617      7400
 1618              	.LASF16:
 1619 000a 63795F6D 		.ascii	"cy_metadata\000"
 1619      65746164 
 1619      61746100 
 1620              	.LASF1:
 1621 0016 756E7369 		.ascii	"unsigned char\000"
 1621      676E6564 
 1621      20636861 
 1621      7200
 1622              	.LASF17:
 1623 0024 474E5520 		.ascii	"GNU C11 5.4.1 20160609 (release) [ARM/embedded-5-br"
 1623      43313120 
 1623      352E342E 
 1623      31203230 
 1623      31363036 
 1624 0057 616E6368 		.ascii	"anch revision 237715] -mcpu=cortex-m3 -mthumb -g -O"
 1624      20726576 
 1624      6973696F 
 1624      6E203233 
 1624      37373135 
 1625 008a 67202D66 		.ascii	"g -ffunction-sections -ffat-lto-objects\000"
 1625      66756E63 
 1625      74696F6E 
 1625      2D736563 
 1625      74696F6E 
 1626              	.LASF5:
ARM GAS  C:\Users\GEORGE~1\AppData\Local\Temp\ccFPsJ7B.s 			page 30


 1627 00b2 6C6F6E67 		.ascii	"long unsigned int\000"
 1627      20756E73 
 1627      69676E65 
 1627      6420696E 
 1627      7400
 1628              	.LASF3:
 1629 00c4 73686F72 		.ascii	"short unsigned int\000"
 1629      7420756E 
 1629      7369676E 
 1629      65642069 
 1629      6E7400
 1630              	.LASF2:
 1631 00d7 73686F72 		.ascii	"short int\000"
 1631      7420696E 
 1631      7400
 1632              	.LASF13:
 1633 00e1 63795F6D 		.ascii	"cy_meta_custnvl\000"
 1633      6574615F 
 1633      63757374 
 1633      6E766C00 
 1634              	.LASF12:
 1635 00f1 63795F6D 		.ascii	"cy_meta_configecc\000"
 1635      6574615F 
 1635      636F6E66 
 1635      69676563 
 1635      6300
 1636              	.LASF8:
 1637 0103 756E7369 		.ascii	"unsigned int\000"
 1637      676E6564 
 1637      20696E74 
 1637      00
 1638              	.LASF7:
 1639 0110 6C6F6E67 		.ascii	"long long unsigned int\000"
 1639      206C6F6E 
 1639      6720756E 
 1639      7369676E 
 1639      65642069 
 1640              	.LASF10:
 1641 0127 75696E74 		.ascii	"uint8_t\000"
 1641      385F7400 
 1642              	.LASF15:
 1643 012f 63795F6D 		.ascii	"cy_meta_flashprotect\000"
 1643      6574615F 
 1643      666C6173 
 1643      6870726F 
 1643      74656374 
 1644              	.LASF14:
 1645 0144 63795F6D 		.ascii	"cy_meta_wonvl\000"
 1645      6574615F 
 1645      776F6E76 
 1645      6C00
 1646              	.LASF11:
 1647 0152 73697A65 		.ascii	"sizetype\000"
 1647      74797065 
 1647      00
 1648              	.LASF6:
 1649 015b 6C6F6E67 		.ascii	"long long int\000"
ARM GAS  C:\Users\GEORGE~1\AppData\Local\Temp\ccFPsJ7B.s 			page 31


 1649      206C6F6E 
 1649      6720696E 
 1649      7400
 1650              	.LASF19:
 1651 0169 433A5C55 		.ascii	"C:\\Users\\George Anwar\\Documents\\UC Berkeley\\ME"
 1651      73657273 
 1651      5C47656F 
 1651      72676520 
 1651      416E7761 
 1652 0197 31333520 		.ascii	"135 Spring 2020\\PSOC Creator\\ME135_235\\CommandIn"
 1652      53707269 
 1652      6E672032 
 1652      3032305C 
 1652      50534F43 
 1653 01c7 74657270 		.ascii	"terpreter.cydsn\000"
 1653      72657465 
 1653      722E6379 
 1653      64736E00 
 1654              	.LASF4:
 1655 01d7 6C6F6E67 		.ascii	"long int\000"
 1655      20696E74 
 1655      00
 1656              	.LASF0:
 1657 01e0 7369676E 		.ascii	"signed char\000"
 1657      65642063 
 1657      68617200 
 1658              	.LASF18:
 1659 01ec 47656E65 		.ascii	"Generated_Source\\PSoC5\\cymetadata.c\000"
 1659      72617465 
 1659      645F536F 
 1659      75726365 
 1659      5C50536F 
 1660              		.ident	"GCC: (GNU Tools for ARM Embedded Processors) 5.4.1 20160609 (release) [ARM/embedded-5-bran
