ARM GAS  C:\Users\shawn\AppData\Local\Temp\cczSgDho.s 			page 1


   1              		.syntax unified
   2              		.cpu cortex-m3
   3              		.fpu softvfp
   4              		.eabi_attribute 20, 1
   5              		.eabi_attribute 21, 1
   6              		.eabi_attribute 23, 3
   7              		.eabi_attribute 24, 1
   8              		.eabi_attribute 25, 1
   9              		.eabi_attribute 26, 1
  10              		.eabi_attribute 30, 1
  11              		.eabi_attribute 34, 1
  12              		.eabi_attribute 18, 4
  13              		.thumb
  14              		.syntax unified
  15              		.file	"main.c"
  16              		.text
  17              	.Ltext0:
  18              		.cfi_sections	.debug_frame
  19              		.section	.text.ByteReceived,"ax",%progbits
  20              		.align	2
  21              		.global	ByteReceived
  22              		.thumb
  23              		.thumb_func
  24              		.type	ByteReceived, %function
  25              	ByteReceived:
  26              	.LFB63:
  27              		.file 1 "main.c"
   1:main.c        **** /* ========================================
   2:main.c        ****  *
   3:main.c        ****  * Copyright YOUR COMPANY, THE YEAR
   4:main.c        ****  * All Rights Reserved
   5:main.c        ****  * UNPUBLISHED, LICENSED SOFTWARE.
   6:main.c        ****  *
   7:main.c        ****  * CONFIDENTIAL AND PROPRIETARY INFORMATION
   8:main.c        ****  * WHICH IS THE PROPERTY OF your company.
   9:main.c        ****  *
  10:main.c        ****  * ========================================
  11:main.c        **** */
  12:main.c        **** #include "project.h"
  13:main.c        **** 
  14:main.c        **** uint8 ByteCount = 0;
  15:main.c        **** uint8 firstbyte = 0;
  16:main.c        **** uint8 CommandReady = 0;
  17:main.c        **** uint8 Count = 0;
  18:main.c        **** uint8 Status;
  19:main.c        **** 
  20:main.c        **** uint8 ReceivedBuffer[66];
  21:main.c        **** uint8 TransmitBuffer[66];
  22:main.c        **** 
  23:main.c        **** struct command_protocol
  24:main.c        **** {
  25:main.c        ****     uint8 packet_size;
  26:main.c        ****     uint8 command;
  27:main.c        ****     uint8 buffer[64];
  28:main.c        **** } Command_Packet;
  29:main.c        **** 
  30:main.c        **** struct command_protocol Transmit_Packet;
ARM GAS  C:\Users\shawn\AppData\Local\Temp\cczSgDho.s 			page 2


  31:main.c        **** 
  32:main.c        **** CY_ISR(ByteReceived)
  33:main.c        **** { 
  28              		.loc 1 33 0
  29              		.cfi_startproc
  30              		@ args = 0, pretend = 0, frame = 0
  31              		@ frame_needed = 0, uses_anonymous_args = 0
  32 0000 38B5     		push	{r3, r4, r5, lr}
  33              		.cfi_def_cfa_offset 16
  34              		.cfi_offset 3, -16
  35              		.cfi_offset 4, -12
  36              		.cfi_offset 5, -8
  37              		.cfi_offset 14, -4
  34:main.c        ****     LEDDrive_Write(1);
  38              		.loc 1 34 0
  39 0002 0120     		movs	r0, #1
  40 0004 FFF7FEFF 		bl	LEDDrive_Write
  41              	.LVL0:
  35:main.c        ****     ReceivedBuffer[ByteCount++] = (uint8) (LabVIEW_UART_GetByte()&0x00ff);
  42              		.loc 1 35 0
  43 0008 0D4C     		ldr	r4, .L4
  44 000a 2578     		ldrb	r5, [r4]	@ zero_extendqisi2
  45 000c 6B1C     		adds	r3, r5, #1
  46 000e 2370     		strb	r3, [r4]
  47 0010 FFF7FEFF 		bl	LabVIEW_UART_GetByte
  48              	.LVL1:
  49 0014 0B4B     		ldr	r3, .L4+4
  50 0016 5855     		strb	r0, [r3, r5]
  36:main.c        ****     if(firstbyte == 0)
  51              		.loc 1 36 0
  52 0018 6378     		ldrb	r3, [r4, #1]	@ zero_extendqisi2
  53 001a 2BB9     		cbnz	r3, .L2
  37:main.c        ****     {
  38:main.c        ****         ByteCounter_WriteCompare(ReceivedBuffer[0]);
  54              		.loc 1 38 0
  55 001c 094B     		ldr	r3, .L4+4
  56 001e 1878     		ldrb	r0, [r3]	@ zero_extendqisi2
  57 0020 FFF7FEFF 		bl	ByteCounter_WriteCompare
  58              	.LVL2:
  39:main.c        ****         firstbyte = 1;
  59              		.loc 1 39 0
  60 0024 0122     		movs	r2, #1
  61 0026 6270     		strb	r2, [r4, #1]
  62              	.L2:
  40:main.c        ****    
  41:main.c        ****     }
  42:main.c        ****     Count = ByteCounter_ReadCounter();
  63              		.loc 1 42 0
  64 0028 FFF7FEFF 		bl	ByteCounter_ReadCounter
  65              	.LVL3:
  66 002c 044B     		ldr	r3, .L4
  67 002e 9870     		strb	r0, [r3, #2]
  43:main.c        ****     Status = ByteCounter_ReadStatusRegister();
  68              		.loc 1 43 0
  69 0030 FFF7FEFF 		bl	ByteCounter_ReadStatusRegister
  70              	.LVL4:
  71 0034 044B     		ldr	r3, .L4+8
ARM GAS  C:\Users\shawn\AppData\Local\Temp\cczSgDho.s 			page 3


  72 0036 1870     		strb	r0, [r3]
  44:main.c        ****     LEDDrive_Write(0);
  73              		.loc 1 44 0
  74 0038 0020     		movs	r0, #0
  75 003a FFF7FEFF 		bl	LEDDrive_Write
  76              	.LVL5:
  77 003e 38BD     		pop	{r3, r4, r5, pc}
  78              	.L5:
  79              		.align	2
  80              	.L4:
  81 0040 00000000 		.word	.LANCHOR0
  82 0044 00000000 		.word	ReceivedBuffer
  83 0048 00000000 		.word	Status
  84              		.cfi_endproc
  85              	.LFE63:
  86              		.size	ByteReceived, .-ByteReceived
  87              		.section	.text.CommandReceived,"ax",%progbits
  88              		.align	2
  89              		.global	CommandReceived
  90              		.thumb
  91              		.thumb_func
  92              		.type	CommandReceived, %function
  93              	CommandReceived:
  94              	.LFB64:
  45:main.c        ****     
  46:main.c        **** }
  47:main.c        **** 
  48:main.c        **** CY_ISR(CommandReceived)
  49:main.c        **** {
  95              		.loc 1 49 0
  96              		.cfi_startproc
  97              		@ args = 0, pretend = 0, frame = 0
  98              		@ frame_needed = 0, uses_anonymous_args = 0
  99 0000 08B5     		push	{r3, lr}
 100              		.cfi_def_cfa_offset 8
 101              		.cfi_offset 3, -8
 102              		.cfi_offset 14, -4
  50:main.c        ****     uint8 i;
  51:main.c        ****     
  52:main.c        ****     if(CommandReady == 0)
 103              		.loc 1 52 0
 104 0002 114B     		ldr	r3, .L11
 105 0004 DB78     		ldrb	r3, [r3, #3]	@ zero_extendqisi2
 106 0006 C3B9     		cbnz	r3, .L7
  53:main.c        ****     {
  54:main.c        ****         Command_Packet.packet_size = ReceivedBuffer[0];
 107              		.loc 1 54 0
 108 0008 104A     		ldr	r2, .L11+4
 109 000a 1078     		ldrb	r0, [r2]	@ zero_extendqisi2
 110 000c 104B     		ldr	r3, .L11+8
 111 000e 1870     		strb	r0, [r3]
  55:main.c        ****         Command_Packet.command = ReceivedBuffer[1];
 112              		.loc 1 55 0
 113 0010 5278     		ldrb	r2, [r2, #1]	@ zero_extendqisi2
 114 0012 5A70     		strb	r2, [r3, #1]
 115              	.LVL6:
  56:main.c        ****     
ARM GAS  C:\Users\shawn\AppData\Local\Temp\cczSgDho.s 			page 4


  57:main.c        ****         for(i=0;i<(Command_Packet.packet_size - 2);i++)
 116              		.loc 1 57 0
 117 0014 0023     		movs	r3, #0
 118 0016 07E0     		b	.L8
 119              	.LVL7:
 120              	.L9:
  58:main.c        ****         {
  59:main.c        ****             Command_Packet.buffer[i] =  ReceivedBuffer[i+2];
 121              		.loc 1 59 0 discriminator 3
 122 0018 9A1C     		adds	r2, r3, #2
 123 001a 0C49     		ldr	r1, .L11+4
 124 001c 895C     		ldrb	r1, [r1, r2]	@ zero_extendqisi2
 125 001e 0C4A     		ldr	r2, .L11+8
 126 0020 1A44     		add	r2, r2, r3
 127 0022 9170     		strb	r1, [r2, #2]
  57:main.c        ****         {
 128              		.loc 1 57 0 discriminator 3
 129 0024 0133     		adds	r3, r3, #1
 130              	.LVL8:
 131 0026 DBB2     		uxtb	r3, r3
 132              	.LVL9:
 133              	.L8:
  57:main.c        ****         {
 134              		.loc 1 57 0 is_stmt 0 discriminator 1
 135 0028 821E     		subs	r2, r0, #2
 136 002a 9342     		cmp	r3, r2
 137 002c F4DB     		blt	.L9
  60:main.c        ****         }
  61:main.c        ****     
  62:main.c        ****         firstbyte = 0;
 138              		.loc 1 62 0 is_stmt 1
 139 002e 064B     		ldr	r3, .L11
 140              	.LVL10:
 141 0030 0022     		movs	r2, #0
 142 0032 5A70     		strb	r2, [r3, #1]
  63:main.c        ****         CommandReady = 1;
 143              		.loc 1 63 0
 144 0034 0121     		movs	r1, #1
 145 0036 D970     		strb	r1, [r3, #3]
  64:main.c        ****         ByteCount = 0;
 146              		.loc 1 64 0
 147 0038 1A70     		strb	r2, [r3]
 148              	.L7:
  65:main.c        ****     }
  66:main.c        ****     ByteCounter_ReadStatusRegister();
 149              		.loc 1 66 0
 150 003a FFF7FEFF 		bl	ByteCounter_ReadStatusRegister
 151              	.LVL11:
  67:main.c        ****     LEDDrive_Write(0);
 152              		.loc 1 67 0
 153 003e 0020     		movs	r0, #0
 154 0040 FFF7FEFF 		bl	LEDDrive_Write
 155              	.LVL12:
 156 0044 08BD     		pop	{r3, pc}
 157              	.L12:
 158 0046 00BF     		.align	2
 159              	.L11:
ARM GAS  C:\Users\shawn\AppData\Local\Temp\cczSgDho.s 			page 5


 160 0048 00000000 		.word	.LANCHOR0
 161 004c 00000000 		.word	ReceivedBuffer
 162 0050 00000000 		.word	Command_Packet
 163              		.cfi_endproc
 164              	.LFE64:
 165              		.size	CommandReceived, .-CommandReceived
 166              		.section	.text.main,"ax",%progbits
 167              		.align	2
 168              		.global	main
 169              		.thumb
 170              		.thumb_func
 171              		.type	main, %function
 172              	main:
 173              	.LFB65:
  68:main.c        **** }
  69:main.c        **** 
  70:main.c        **** int main(void)
  71:main.c        **** {
 174              		.loc 1 71 0
 175              		.cfi_startproc
 176              		@ args = 0, pretend = 0, frame = 0
 177              		@ frame_needed = 0, uses_anonymous_args = 0
 178 0000 10B5     		push	{r4, lr}
 179              		.cfi_def_cfa_offset 8
 180              		.cfi_offset 4, -8
 181              		.cfi_offset 14, -4
  72:main.c        ****     uint8 i;
  73:main.c        ****     
  74:main.c        ****     UARTReset_Write(0);
 182              		.loc 1 74 0
 183 0002 0020     		movs	r0, #0
 184 0004 FFF7FEFF 		bl	UARTReset_Write
 185              	.LVL13:
  75:main.c        ****     ByteCountReset_Write(0);
 186              		.loc 1 75 0
 187 0008 0020     		movs	r0, #0
 188 000a FFF7FEFF 		bl	ByteCountReset_Write
 189              	.LVL14:
  76:main.c        ****     
  77:main.c        ****     LabVIEW_UART_Start();
 190              		.loc 1 77 0
 191 000e FFF7FEFF 		bl	LabVIEW_UART_Start
 192              	.LVL15:
  78:main.c        ****     
  79:main.c        ****     
  80:main.c        ****     ByteCounter_Start();
 193              		.loc 1 80 0
 194 0012 FFF7FEFF 		bl	ByteCounter_Start
 195              	.LVL16:
  81:main.c        ****     ByteCounter_Enable();
 196              		.loc 1 81 0
 197 0016 FFF7FEFF 		bl	ByteCounter_Enable
 198              	.LVL17:
  82:main.c        ****     ByteCounter_SetInterruptMode(ByteCounter_STATUS_CMP_INT_EN_MASK);
 199              		.loc 1 82 0
 200 001a 0120     		movs	r0, #1
 201 001c FFF7FEFF 		bl	ByteCounter_SetInterruptMode
ARM GAS  C:\Users\shawn\AppData\Local\Temp\cczSgDho.s 			page 6


 202              	.LVL18:
  83:main.c        ****        
  84:main.c        ****     ByteReceived_Start();
 203              		.loc 1 84 0
 204 0020 FFF7FEFF 		bl	ByteReceived_Start
 205              	.LVL19:
  85:main.c        ****     ByteReceived_StartEx(ByteReceived);
 206              		.loc 1 85 0
 207 0024 1A48     		ldr	r0, .L21
 208 0026 FFF7FEFF 		bl	ByteReceived_StartEx
 209              	.LVL20:
  86:main.c        ****     ByteReceived_Enable();
 210              		.loc 1 86 0
 211 002a FFF7FEFF 		bl	ByteReceived_Enable
 212              	.LVL21:
  87:main.c        ****     
  88:main.c        ****     CommandReceived_Start();
 213              		.loc 1 88 0
 214 002e FFF7FEFF 		bl	CommandReceived_Start
 215              	.LVL22:
  89:main.c        ****     CommandReceived_StartEx(CommandReceived);
 216              		.loc 1 89 0
 217 0032 1848     		ldr	r0, .L21+4
 218 0034 FFF7FEFF 		bl	CommandReceived_StartEx
 219              	.LVL23:
  90:main.c        ****     CommandReceived_Enable();
 220              		.loc 1 90 0
 221 0038 FFF7FEFF 		bl	CommandReceived_Enable
 222              	.LVL24:
  91:main.c        ****     
  92:main.c        ****    
  93:main.c        ****     
  94:main.c        ****     CyGlobalIntEnable; /* Enable global interrupts. */
 223              		.loc 1 94 0
 224              		.syntax unified
 225              	@ 94 "main.c" 1
 226 003c 62B6     		CPSIE   i
 227              	@ 0 "" 2
 228              		.thumb
 229              		.syntax unified
 230              	.L14:
  95:main.c        **** 
  96:main.c        ****     /* Place your initialization/startup code here (e.g. MyInst_Start()) */
  97:main.c        **** 
  98:main.c        ****     //LabVIEW_UART_PutString("PSOC Started\r\n");
  99:main.c        ****     
 100:main.c        ****     for(;;)
 101:main.c        ****     {
 102:main.c        ****         /* Place your application code here. */
 103:main.c        ****         
 104:main.c        ****         if(CommandReady)
 231              		.loc 1 104 0
 232 003e 164B     		ldr	r3, .L21+8
 233 0040 DB78     		ldrb	r3, [r3, #3]	@ zero_extendqisi2
 234 0042 002B     		cmp	r3, #0
 235 0044 FBD0     		beq	.L14
 105:main.c        ****         {
ARM GAS  C:\Users\shawn\AppData\Local\Temp\cczSgDho.s 			page 7


 106:main.c        ****             switch(Command_Packet.command)
 236              		.loc 1 106 0
 237 0046 154B     		ldr	r3, .L21+12
 238 0048 5B78     		ldrb	r3, [r3, #1]	@ zero_extendqisi2
 239 004a 052B     		cmp	r3, #5
 240 004c 19D1     		bne	.L15
 107:main.c        ****             {
 108:main.c        ****                 case 5:
 109:main.c        ****                     Transmit_Packet.command = Command_Packet.command;
 241              		.loc 1 109 0
 242 004e 1449     		ldr	r1, .L21+16
 243 0050 4B70     		strb	r3, [r1, #1]
 110:main.c        ****                     TransmitBuffer[1] = Transmit_Packet.command;
 244              		.loc 1 110 0
 245 0052 144A     		ldr	r2, .L21+20
 246 0054 5370     		strb	r3, [r2, #1]
 111:main.c        ****                     Transmit_Packet.packet_size = Command_Packet.packet_size;
 247              		.loc 1 111 0
 248 0056 114B     		ldr	r3, .L21+12
 249 0058 1C78     		ldrb	r4, [r3]	@ zero_extendqisi2
 250 005a 0C70     		strb	r4, [r1]
 112:main.c        ****                     TransmitBuffer[0] = Transmit_Packet.packet_size;
 251              		.loc 1 112 0
 252 005c 1470     		strb	r4, [r2]
 253              	.LVL25:
 113:main.c        ****                     for(i=0;i<Transmit_Packet.packet_size;i++)
 254              		.loc 1 113 0
 255 005e 0023     		movs	r3, #0
 256 0060 0AE0     		b	.L17
 257              	.LVL26:
 258              	.L18:
 114:main.c        ****                     {
 115:main.c        ****                             Transmit_Packet.buffer[i+2] = Command_Packet.buffer[i];
 259              		.loc 1 115 0 discriminator 3
 260 0062 991C     		adds	r1, r3, #2
 261 0064 0D4A     		ldr	r2, .L21+12
 262 0066 1A44     		add	r2, r2, r3
 263 0068 9078     		ldrb	r0, [r2, #2]	@ zero_extendqisi2
 264 006a 0D4A     		ldr	r2, .L21+16
 265 006c 0A44     		add	r2, r2, r1
 266 006e 9070     		strb	r0, [r2, #2]
 116:main.c        ****                             TransmitBuffer[i+2] = Transmit_Packet.buffer[i+2];
 267              		.loc 1 116 0 discriminator 3
 268 0070 0C4A     		ldr	r2, .L21+20
 269 0072 5054     		strb	r0, [r2, r1]
 113:main.c        ****                     for(i=0;i<Transmit_Packet.packet_size;i++)
 270              		.loc 1 113 0 discriminator 3
 271 0074 0133     		adds	r3, r3, #1
 272              	.LVL27:
 273 0076 DBB2     		uxtb	r3, r3
 274              	.LVL28:
 275              	.L17:
 113:main.c        ****                     for(i=0;i<Transmit_Packet.packet_size;i++)
 276              		.loc 1 113 0 is_stmt 0 discriminator 1
 277 0078 A342     		cmp	r3, r4
 278 007a F2D3     		bcc	.L18
 117:main.c        ****                     }
ARM GAS  C:\Users\shawn\AppData\Local\Temp\cczSgDho.s 			page 8


 118:main.c        ****                     CommandReady = 0;
 279              		.loc 1 118 0 is_stmt 1
 280 007c 0022     		movs	r2, #0
 281 007e 064B     		ldr	r3, .L21+8
 282              	.LVL29:
 283 0080 DA70     		strb	r2, [r3, #3]
 284              	.L15:
 119:main.c        ****                 break;
 120:main.c        ****                 default:
 121:main.c        ****                 break;
 122:main.c        ****             }
 123:main.c        ****             LabVIEW_UART_PutArray(TransmitBuffer,Transmit_Packet.packet_size);
 285              		.loc 1 123 0
 286 0082 074B     		ldr	r3, .L21+16
 287 0084 1978     		ldrb	r1, [r3]	@ zero_extendqisi2
 288 0086 0748     		ldr	r0, .L21+20
 289 0088 FFF7FEFF 		bl	LabVIEW_UART_PutArray
 290              	.LVL30:
 291 008c D7E7     		b	.L14
 292              	.L22:
 293 008e 00BF     		.align	2
 294              	.L21:
 295 0090 00000000 		.word	ByteReceived
 296 0094 00000000 		.word	CommandReceived
 297 0098 00000000 		.word	.LANCHOR0
 298 009c 00000000 		.word	Command_Packet
 299 00a0 00000000 		.word	Transmit_Packet
 300 00a4 00000000 		.word	TransmitBuffer
 301              		.cfi_endproc
 302              	.LFE65:
 303              		.size	main, .-main
 304              		.comm	Transmit_Packet,66,4
 305              		.comm	Command_Packet,66,4
 306              		.comm	TransmitBuffer,66,4
 307              		.comm	ReceivedBuffer,66,4
 308              		.comm	Status,1,1
 309              		.global	Count
 310              		.global	CommandReady
 311              		.global	firstbyte
 312              		.global	ByteCount
 313              		.bss
 314              		.set	.LANCHOR0,. + 0
 315              		.type	ByteCount, %object
 316              		.size	ByteCount, 1
 317              	ByteCount:
 318 0000 00       		.space	1
 319              		.type	firstbyte, %object
 320              		.size	firstbyte, 1
 321              	firstbyte:
 322 0001 00       		.space	1
 323              		.type	Count, %object
 324              		.size	Count, 1
 325              	Count:
 326 0002 00       		.space	1
 327              		.type	CommandReady, %object
 328              		.size	CommandReady, 1
 329              	CommandReady:
ARM GAS  C:\Users\shawn\AppData\Local\Temp\cczSgDho.s 			page 9


 330 0003 00       		.space	1
 331              		.text
 332              	.Letext0:
 333              		.file 2 "c:\\program files (x86)\\cypress\\psoc creator\\4.2\\psoc creator\\import\\gnu\\arm\\5.4.
 334              		.file 3 "c:\\program files (x86)\\cypress\\psoc creator\\4.2\\psoc creator\\import\\gnu\\arm\\5.4.
 335              		.file 4 "Generated_Source\\PSoC5/cytypes.h"
 336              		.file 5 "Generated_Source\\PSoC5/core_cm3.h"
 337              		.file 6 "Generated_Source\\PSoC5/LEDDrive.h"
 338              		.file 7 "Generated_Source\\PSoC5/LabVIEW_UART.h"
 339              		.file 8 "Generated_Source\\PSoC5/ByteCounter.h"
 340              		.file 9 "Generated_Source\\PSoC5/UARTReset.h"
 341              		.file 10 "Generated_Source\\PSoC5/ByteCountReset.h"
 342              		.file 11 "Generated_Source\\PSoC5/ByteReceived.h"
 343              		.file 12 "Generated_Source\\PSoC5/CommandReceived.h"
 344              		.section	.debug_info,"",%progbits
 345              	.Ldebug_info0:
 346 0000 E5030000 		.4byte	0x3e5
 347 0004 0400     		.2byte	0x4
 348 0006 00000000 		.4byte	.Ldebug_abbrev0
 349 000a 04       		.byte	0x4
 350 000b 01       		.uleb128 0x1
 351 000c 96000000 		.4byte	.LASF50
 352 0010 0C       		.byte	0xc
 353 0011 14030000 		.4byte	.LASF51
 354 0015 57020000 		.4byte	.LASF52
 355 0019 00000000 		.4byte	.Ldebug_ranges0+0
 356 001d 00000000 		.4byte	0
 357 0021 00000000 		.4byte	.Ldebug_line0
 358 0025 02       		.uleb128 0x2
 359 0026 01       		.byte	0x1
 360 0027 06       		.byte	0x6
 361 0028 CC030000 		.4byte	.LASF0
 362 002c 02       		.uleb128 0x2
 363 002d 01       		.byte	0x1
 364 002e 08       		.byte	0x8
 365 002f 88000000 		.4byte	.LASF1
 366 0033 02       		.uleb128 0x2
 367 0034 02       		.byte	0x2
 368 0035 05       		.byte	0x5
 369 0036 61030000 		.4byte	.LASF2
 370 003a 02       		.uleb128 0x2
 371 003b 02       		.byte	0x2
 372 003c 07       		.byte	0x7
 373 003d 36010000 		.4byte	.LASF3
 374 0041 03       		.uleb128 0x3
 375 0042 2C000000 		.4byte	.LASF9
 376 0046 02       		.byte	0x2
 377 0047 3F       		.byte	0x3f
 378 0048 4C000000 		.4byte	0x4c
 379 004c 02       		.uleb128 0x2
 380 004d 04       		.byte	0x4
 381 004e 05       		.byte	0x5
 382 004f 3D000000 		.4byte	.LASF4
 383 0053 02       		.uleb128 0x2
 384 0054 04       		.byte	0x4
 385 0055 07       		.byte	0x7
 386 0056 24010000 		.4byte	.LASF5
ARM GAS  C:\Users\shawn\AppData\Local\Temp\cczSgDho.s 			page 10


 387 005a 02       		.uleb128 0x2
 388 005b 08       		.byte	0x8
 389 005c 05       		.byte	0x5
 390 005d 06030000 		.4byte	.LASF6
 391 0061 02       		.uleb128 0x2
 392 0062 08       		.byte	0x8
 393 0063 07       		.byte	0x7
 394 0064 FE010000 		.4byte	.LASF7
 395 0068 04       		.uleb128 0x4
 396 0069 04       		.byte	0x4
 397 006a 05       		.byte	0x5
 398 006b 696E7400 		.ascii	"int\000"
 399 006f 02       		.uleb128 0x2
 400 0070 04       		.byte	0x4
 401 0071 07       		.byte	0x7
 402 0072 F1010000 		.4byte	.LASF8
 403 0076 03       		.uleb128 0x3
 404 0077 74000000 		.4byte	.LASF10
 405 007b 03       		.byte	0x3
 406 007c 2C       		.byte	0x2c
 407 007d 41000000 		.4byte	0x41
 408 0081 05       		.uleb128 0x5
 409 0082 72030000 		.4byte	.LASF11
 410 0086 04       		.byte	0x4
 411 0087 E401     		.2byte	0x1e4
 412 0089 2C000000 		.4byte	0x2c
 413 008d 02       		.uleb128 0x2
 414 008e 04       		.byte	0x4
 415 008f 04       		.byte	0x4
 416 0090 7C000000 		.4byte	.LASF12
 417 0094 02       		.uleb128 0x2
 418 0095 08       		.byte	0x8
 419 0096 04       		.byte	0x4
 420 0097 6D000000 		.4byte	.LASF13
 421 009b 02       		.uleb128 0x2
 422 009c 01       		.byte	0x1
 423 009d 08       		.byte	0x8
 424 009e BB030000 		.4byte	.LASF14
 425 00a2 02       		.uleb128 0x2
 426 00a3 08       		.byte	0x8
 427 00a4 04       		.byte	0x4
 428 00a5 C0030000 		.4byte	.LASF15
 429 00a9 02       		.uleb128 0x2
 430 00aa 04       		.byte	0x4
 431 00ab 07       		.byte	0x7
 432 00ac FD020000 		.4byte	.LASF16
 433 00b0 06       		.uleb128 0x6
 434 00b1 46020000 		.4byte	.LASF53
 435 00b5 42       		.byte	0x42
 436 00b6 01       		.byte	0x1
 437 00b7 17       		.byte	0x17
 438 00b8 E1000000 		.4byte	0xe1
 439 00bc 07       		.uleb128 0x7
 440 00bd 46000000 		.4byte	.LASF17
 441 00c1 01       		.byte	0x1
 442 00c2 19       		.byte	0x19
 443 00c3 81000000 		.4byte	0x81
ARM GAS  C:\Users\shawn\AppData\Local\Temp\cczSgDho.s 			page 11


 444 00c7 00       		.byte	0
 445 00c8 07       		.uleb128 0x7
 446 00c9 52000000 		.4byte	.LASF18
 447 00cd 01       		.byte	0x1
 448 00ce 1A       		.byte	0x1a
 449 00cf 81000000 		.4byte	0x81
 450 00d3 01       		.byte	0x1
 451 00d4 07       		.uleb128 0x7
 452 00d5 6B030000 		.4byte	.LASF19
 453 00d9 01       		.byte	0x1
 454 00da 1B       		.byte	0x1b
 455 00db E1000000 		.4byte	0xe1
 456 00df 02       		.byte	0x2
 457 00e0 00       		.byte	0
 458 00e1 08       		.uleb128 0x8
 459 00e2 81000000 		.4byte	0x81
 460 00e6 F1000000 		.4byte	0xf1
 461 00ea 09       		.uleb128 0x9
 462 00eb A9000000 		.4byte	0xa9
 463 00ef 3F       		.byte	0x3f
 464 00f0 00       		.byte	0
 465 00f1 0A       		.uleb128 0xa
 466 00f2 A4030000 		.4byte	.LASF20
 467 00f6 01       		.byte	0x1
 468 00f7 20       		.byte	0x20
 469 00f8 00000000 		.4byte	.LFB63
 470 00fc 4C000000 		.4byte	.LFE63-.LFB63
 471 0100 01       		.uleb128 0x1
 472 0101 9C       		.byte	0x9c
 473 0102 4D010000 		.4byte	0x14d
 474 0106 0B       		.uleb128 0xb
 475 0107 08000000 		.4byte	.LVL0
 476 010b 22030000 		.4byte	0x322
 477 010f 19010000 		.4byte	0x119
 478 0113 0C       		.uleb128 0xc
 479 0114 01       		.uleb128 0x1
 480 0115 50       		.byte	0x50
 481 0116 01       		.uleb128 0x1
 482 0117 31       		.byte	0x31
 483 0118 00       		.byte	0
 484 0119 0D       		.uleb128 0xd
 485 011a 14000000 		.4byte	.LVL1
 486 011e 2D030000 		.4byte	0x32d
 487 0122 0D       		.uleb128 0xd
 488 0123 24000000 		.4byte	.LVL2
 489 0127 38030000 		.4byte	0x338
 490 012b 0D       		.uleb128 0xd
 491 012c 2C000000 		.4byte	.LVL3
 492 0130 43030000 		.4byte	0x343
 493 0134 0D       		.uleb128 0xd
 494 0135 34000000 		.4byte	.LVL4
 495 0139 4E030000 		.4byte	0x34e
 496 013d 0E       		.uleb128 0xe
 497 013e 3E000000 		.4byte	.LVL5
 498 0142 22030000 		.4byte	0x322
 499 0146 0C       		.uleb128 0xc
 500 0147 01       		.uleb128 0x1
ARM GAS  C:\Users\shawn\AppData\Local\Temp\cczSgDho.s 			page 12


 501 0148 50       		.byte	0x50
 502 0149 01       		.uleb128 0x1
 503 014a 30       		.byte	0x30
 504 014b 00       		.byte	0
 505 014c 00       		.byte	0
 506 014d 0A       		.uleb128 0xa
 507 014e 66010000 		.4byte	.LASF21
 508 0152 01       		.byte	0x1
 509 0153 30       		.byte	0x30
 510 0154 00000000 		.4byte	.LFB64
 511 0158 54000000 		.4byte	.LFE64-.LFB64
 512 015c 01       		.uleb128 0x1
 513 015d 9C       		.byte	0x9c
 514 015e 88010000 		.4byte	0x188
 515 0162 0F       		.uleb128 0xf
 516 0163 6900     		.ascii	"i\000"
 517 0165 01       		.byte	0x1
 518 0166 32       		.byte	0x32
 519 0167 81000000 		.4byte	0x81
 520 016b 00000000 		.4byte	.LLST0
 521 016f 0D       		.uleb128 0xd
 522 0170 3E000000 		.4byte	.LVL11
 523 0174 4E030000 		.4byte	0x34e
 524 0178 0E       		.uleb128 0xe
 525 0179 44000000 		.4byte	.LVL12
 526 017d 22030000 		.4byte	0x322
 527 0181 0C       		.uleb128 0xc
 528 0182 01       		.uleb128 0x1
 529 0183 50       		.byte	0x50
 530 0184 01       		.uleb128 0x1
 531 0185 30       		.byte	0x30
 532 0186 00       		.byte	0
 533 0187 00       		.byte	0
 534 0188 10       		.uleb128 0x10
 535 0189 AA010000 		.4byte	.LASF54
 536 018d 01       		.byte	0x1
 537 018e 46       		.byte	0x46
 538 018f 68000000 		.4byte	0x68
 539 0193 00000000 		.4byte	.LFB65
 540 0197 A8000000 		.4byte	.LFE65-.LFB65
 541 019b 01       		.uleb128 0x1
 542 019c 9C       		.byte	0x9c
 543 019d 68020000 		.4byte	0x268
 544 01a1 0F       		.uleb128 0xf
 545 01a2 6900     		.ascii	"i\000"
 546 01a4 01       		.byte	0x1
 547 01a5 48       		.byte	0x48
 548 01a6 81000000 		.4byte	0x81
 549 01aa 2A000000 		.4byte	.LLST1
 550 01ae 0B       		.uleb128 0xb
 551 01af 08000000 		.4byte	.LVL13
 552 01b3 59030000 		.4byte	0x359
 553 01b7 C1010000 		.4byte	0x1c1
 554 01bb 0C       		.uleb128 0xc
 555 01bc 01       		.uleb128 0x1
 556 01bd 50       		.byte	0x50
 557 01be 01       		.uleb128 0x1
ARM GAS  C:\Users\shawn\AppData\Local\Temp\cczSgDho.s 			page 13


 558 01bf 30       		.byte	0x30
 559 01c0 00       		.byte	0
 560 01c1 0B       		.uleb128 0xb
 561 01c2 0E000000 		.4byte	.LVL14
 562 01c6 64030000 		.4byte	0x364
 563 01ca D4010000 		.4byte	0x1d4
 564 01ce 0C       		.uleb128 0xc
 565 01cf 01       		.uleb128 0x1
 566 01d0 50       		.byte	0x50
 567 01d1 01       		.uleb128 0x1
 568 01d2 30       		.byte	0x30
 569 01d3 00       		.byte	0
 570 01d4 0D       		.uleb128 0xd
 571 01d5 12000000 		.4byte	.LVL15
 572 01d9 6F030000 		.4byte	0x36f
 573 01dd 0D       		.uleb128 0xd
 574 01de 16000000 		.4byte	.LVL16
 575 01e2 7A030000 		.4byte	0x37a
 576 01e6 0D       		.uleb128 0xd
 577 01e7 1A000000 		.4byte	.LVL17
 578 01eb 85030000 		.4byte	0x385
 579 01ef 0B       		.uleb128 0xb
 580 01f0 20000000 		.4byte	.LVL18
 581 01f4 90030000 		.4byte	0x390
 582 01f8 02020000 		.4byte	0x202
 583 01fc 0C       		.uleb128 0xc
 584 01fd 01       		.uleb128 0x1
 585 01fe 50       		.byte	0x50
 586 01ff 01       		.uleb128 0x1
 587 0200 31       		.byte	0x31
 588 0201 00       		.byte	0
 589 0202 0D       		.uleb128 0xd
 590 0203 24000000 		.4byte	.LVL19
 591 0207 9B030000 		.4byte	0x39b
 592 020b 0B       		.uleb128 0xb
 593 020c 2A000000 		.4byte	.LVL20
 594 0210 A6030000 		.4byte	0x3a6
 595 0214 22020000 		.4byte	0x222
 596 0218 0C       		.uleb128 0xc
 597 0219 01       		.uleb128 0x1
 598 021a 50       		.byte	0x50
 599 021b 05       		.uleb128 0x5
 600 021c 03       		.byte	0x3
 601 021d 00000000 		.4byte	ByteReceived
 602 0221 00       		.byte	0
 603 0222 0D       		.uleb128 0xd
 604 0223 2E000000 		.4byte	.LVL21
 605 0227 B1030000 		.4byte	0x3b1
 606 022b 0D       		.uleb128 0xd
 607 022c 32000000 		.4byte	.LVL22
 608 0230 BC030000 		.4byte	0x3bc
 609 0234 0B       		.uleb128 0xb
 610 0235 38000000 		.4byte	.LVL23
 611 0239 C7030000 		.4byte	0x3c7
 612 023d 4B020000 		.4byte	0x24b
 613 0241 0C       		.uleb128 0xc
 614 0242 01       		.uleb128 0x1
ARM GAS  C:\Users\shawn\AppData\Local\Temp\cczSgDho.s 			page 14


 615 0243 50       		.byte	0x50
 616 0244 05       		.uleb128 0x5
 617 0245 03       		.byte	0x3
 618 0246 00000000 		.4byte	CommandReceived
 619 024a 00       		.byte	0
 620 024b 0D       		.uleb128 0xd
 621 024c 3C000000 		.4byte	.LVL24
 622 0250 D2030000 		.4byte	0x3d2
 623 0254 0E       		.uleb128 0xe
 624 0255 8C000000 		.4byte	.LVL30
 625 0259 DD030000 		.4byte	0x3dd
 626 025d 0C       		.uleb128 0xc
 627 025e 01       		.uleb128 0x1
 628 025f 50       		.byte	0x50
 629 0260 05       		.uleb128 0x5
 630 0261 03       		.byte	0x3
 631 0262 00000000 		.4byte	TransmitBuffer
 632 0266 00       		.byte	0
 633 0267 00       		.byte	0
 634 0268 11       		.uleb128 0x11
 635 0269 59010000 		.4byte	.LASF22
 636 026d 05       		.byte	0x5
 637 026e 1207     		.2byte	0x712
 638 0270 74020000 		.4byte	0x274
 639 0274 12       		.uleb128 0x12
 640 0275 76000000 		.4byte	0x76
 641 0279 13       		.uleb128 0x13
 642 027a 22000000 		.4byte	.LASF23
 643 027e 01       		.byte	0x1
 644 027f 0E       		.byte	0xe
 645 0280 81000000 		.4byte	0x81
 646 0284 05       		.uleb128 0x5
 647 0285 03       		.byte	0x3
 648 0286 00000000 		.4byte	ByteCount
 649 028a 13       		.uleb128 0x13
 650 028b B1030000 		.4byte	.LASF24
 651 028f 01       		.byte	0x1
 652 0290 0F       		.byte	0xf
 653 0291 81000000 		.4byte	0x81
 654 0295 05       		.uleb128 0x5
 655 0296 03       		.byte	0x3
 656 0297 00000000 		.4byte	firstbyte
 657 029b 13       		.uleb128 0x13
 658 029c 00000000 		.4byte	.LASF25
 659 02a0 01       		.byte	0x1
 660 02a1 10       		.byte	0x10
 661 02a2 81000000 		.4byte	0x81
 662 02a6 05       		.uleb128 0x5
 663 02a7 03       		.byte	0x3
 664 02a8 00000000 		.4byte	CommandReady
 665 02ac 13       		.uleb128 0x13
 666 02ad 82000000 		.4byte	.LASF26
 667 02b1 01       		.byte	0x1
 668 02b2 11       		.byte	0x11
 669 02b3 81000000 		.4byte	0x81
 670 02b7 05       		.uleb128 0x5
 671 02b8 03       		.byte	0x3
ARM GAS  C:\Users\shawn\AppData\Local\Temp\cczSgDho.s 			page 15


 672 02b9 00000000 		.4byte	Count
 673 02bd 13       		.uleb128 0x13
 674 02be 36000000 		.4byte	.LASF27
 675 02c2 01       		.byte	0x1
 676 02c3 12       		.byte	0x12
 677 02c4 81000000 		.4byte	0x81
 678 02c8 05       		.uleb128 0x5
 679 02c9 03       		.byte	0x3
 680 02ca 00000000 		.4byte	Status
 681 02ce 08       		.uleb128 0x8
 682 02cf 81000000 		.4byte	0x81
 683 02d3 DE020000 		.4byte	0x2de
 684 02d7 09       		.uleb128 0x9
 685 02d8 A9000000 		.4byte	0xa9
 686 02dc 41       		.byte	0x41
 687 02dd 00       		.byte	0
 688 02de 13       		.uleb128 0x13
 689 02df 27020000 		.4byte	.LASF28
 690 02e3 01       		.byte	0x1
 691 02e4 14       		.byte	0x14
 692 02e5 CE020000 		.4byte	0x2ce
 693 02e9 05       		.uleb128 0x5
 694 02ea 03       		.byte	0x3
 695 02eb 00000000 		.4byte	ReceivedBuffer
 696 02ef 13       		.uleb128 0x13
 697 02f0 EE020000 		.4byte	.LASF29
 698 02f4 01       		.byte	0x1
 699 02f5 15       		.byte	0x15
 700 02f6 CE020000 		.4byte	0x2ce
 701 02fa 05       		.uleb128 0x5
 702 02fb 03       		.byte	0x3
 703 02fc 00000000 		.4byte	TransmitBuffer
 704 0300 13       		.uleb128 0x13
 705 0301 85010000 		.4byte	.LASF30
 706 0305 01       		.byte	0x1
 707 0306 1C       		.byte	0x1c
 708 0307 B0000000 		.4byte	0xb0
 709 030b 05       		.uleb128 0x5
 710 030c 03       		.byte	0x3
 711 030d 00000000 		.4byte	Command_Packet
 712 0311 13       		.uleb128 0x13
 713 0312 49010000 		.4byte	.LASF31
 714 0316 01       		.byte	0x1
 715 0317 1E       		.byte	0x1e
 716 0318 B0000000 		.4byte	0xb0
 717 031c 05       		.uleb128 0x5
 718 031d 03       		.byte	0x3
 719 031e 00000000 		.4byte	Transmit_Packet
 720 0322 14       		.uleb128 0x14
 721 0323 76010000 		.4byte	.LASF32
 722 0327 76010000 		.4byte	.LASF32
 723 032b 06       		.byte	0x6
 724 032c 2F       		.byte	0x2f
 725 032d 14       		.uleb128 0x14
 726 032e 2F030000 		.4byte	.LASF33
 727 0332 2F030000 		.4byte	.LASF33
 728 0336 07       		.byte	0x7
ARM GAS  C:\Users\shawn\AppData\Local\Temp\cczSgDho.s 			page 16


 729 0337 72       		.byte	0x72
 730 0338 14       		.uleb128 0x14
 731 0339 78030000 		.4byte	.LASF34
 732 033d 78030000 		.4byte	.LASF34
 733 0341 08       		.byte	0x8
 734 0342 63       		.byte	0x63
 735 0343 14       		.uleb128 0x14
 736 0344 C2010000 		.4byte	.LASF35
 737 0348 C2010000 		.4byte	.LASF35
 738 034c 08       		.byte	0x8
 739 034d 5D       		.byte	0x5d
 740 034e 14       		.uleb128 0x14
 741 034f 06040000 		.4byte	.LASF36
 742 0353 06040000 		.4byte	.LASF36
 743 0357 08       		.byte	0x8
 744 0358 52       		.byte	0x52
 745 0359 14       		.uleb128 0x14
 746 035a 36020000 		.4byte	.LASF37
 747 035e 36020000 		.4byte	.LASF37
 748 0362 09       		.byte	0x9
 749 0363 2F       		.byte	0x2f
 750 0364 14       		.uleb128 0x14
 751 0365 D9020000 		.4byte	.LASF38
 752 0369 D9020000 		.4byte	.LASF38
 753 036d 0A       		.byte	0xa
 754 036e 2F       		.byte	0x2f
 755 036f 14       		.uleb128 0x14
 756 0370 AF010000 		.4byte	.LASF39
 757 0374 AF010000 		.4byte	.LASF39
 758 0378 07       		.byte	0x7
 759 0379 54       		.byte	0x54
 760 037a 14       		.uleb128 0x14
 761 037b 15020000 		.4byte	.LASF40
 762 037f 15020000 		.4byte	.LASF40
 763 0383 08       		.byte	0x8
 764 0384 4F       		.byte	0x4f
 765 0385 14       		.uleb128 0x14
 766 0386 91030000 		.4byte	.LASF41
 767 038a 91030000 		.4byte	.LASF41
 768 038e 08       		.byte	0x8
 769 038f 71       		.byte	0x71
 770 0390 14       		.uleb128 0x14
 771 0391 44030000 		.4byte	.LASF42
 772 0395 44030000 		.4byte	.LASF42
 773 0399 08       		.byte	0x8
 774 039a 51       		.byte	0x51
 775 039b 14       		.uleb128 0x14
 776 039c 5A000000 		.4byte	.LASF43
 777 03a0 5A000000 		.4byte	.LASF43
 778 03a4 0B       		.byte	0xb
 779 03a5 17       		.byte	0x17
 780 03a6 14       		.uleb128 0x14
 781 03a7 0D000000 		.4byte	.LASF44
 782 03ab 0D000000 		.4byte	.LASF44
 783 03af 0B       		.byte	0xb
 784 03b0 18       		.byte	0x18
 785 03b1 14       		.uleb128 0x14
ARM GAS  C:\Users\shawn\AppData\Local\Temp\cczSgDho.s 			page 17


 786 03b2 1B030000 		.4byte	.LASF45
 787 03b6 1B030000 		.4byte	.LASF45
 788 03ba 0B       		.byte	0xb
 789 03bb 23       		.byte	0x23
 790 03bc 14       		.uleb128 0x14
 791 03bd 94010000 		.4byte	.LASF46
 792 03c1 94010000 		.4byte	.LASF46
 793 03c5 0C       		.byte	0xc
 794 03c6 17       		.byte	0x17
 795 03c7 14       		.uleb128 0x14
 796 03c8 D8030000 		.4byte	.LASF47
 797 03cc D8030000 		.4byte	.LASF47
 798 03d0 0C       		.byte	0xc
 799 03d1 18       		.byte	0x18
 800 03d2 14       		.uleb128 0x14
 801 03d3 DA010000 		.4byte	.LASF48
 802 03d7 DA010000 		.4byte	.LASF48
 803 03db 0C       		.byte	0xc
 804 03dc 23       		.byte	0x23
 805 03dd 14       		.uleb128 0x14
 806 03de F0030000 		.4byte	.LASF49
 807 03e2 F0030000 		.4byte	.LASF49
 808 03e6 07       		.byte	0x7
 809 03e7 8C       		.byte	0x8c
 810 03e8 00       		.byte	0
 811              		.section	.debug_abbrev,"",%progbits
 812              	.Ldebug_abbrev0:
 813 0000 01       		.uleb128 0x1
 814 0001 11       		.uleb128 0x11
 815 0002 01       		.byte	0x1
 816 0003 25       		.uleb128 0x25
 817 0004 0E       		.uleb128 0xe
 818 0005 13       		.uleb128 0x13
 819 0006 0B       		.uleb128 0xb
 820 0007 03       		.uleb128 0x3
 821 0008 0E       		.uleb128 0xe
 822 0009 1B       		.uleb128 0x1b
 823 000a 0E       		.uleb128 0xe
 824 000b 55       		.uleb128 0x55
 825 000c 17       		.uleb128 0x17
 826 000d 11       		.uleb128 0x11
 827 000e 01       		.uleb128 0x1
 828 000f 10       		.uleb128 0x10
 829 0010 17       		.uleb128 0x17
 830 0011 00       		.byte	0
 831 0012 00       		.byte	0
 832 0013 02       		.uleb128 0x2
 833 0014 24       		.uleb128 0x24
 834 0015 00       		.byte	0
 835 0016 0B       		.uleb128 0xb
 836 0017 0B       		.uleb128 0xb
 837 0018 3E       		.uleb128 0x3e
 838 0019 0B       		.uleb128 0xb
 839 001a 03       		.uleb128 0x3
 840 001b 0E       		.uleb128 0xe
 841 001c 00       		.byte	0
 842 001d 00       		.byte	0
ARM GAS  C:\Users\shawn\AppData\Local\Temp\cczSgDho.s 			page 18


 843 001e 03       		.uleb128 0x3
 844 001f 16       		.uleb128 0x16
 845 0020 00       		.byte	0
 846 0021 03       		.uleb128 0x3
 847 0022 0E       		.uleb128 0xe
 848 0023 3A       		.uleb128 0x3a
 849 0024 0B       		.uleb128 0xb
 850 0025 3B       		.uleb128 0x3b
 851 0026 0B       		.uleb128 0xb
 852 0027 49       		.uleb128 0x49
 853 0028 13       		.uleb128 0x13
 854 0029 00       		.byte	0
 855 002a 00       		.byte	0
 856 002b 04       		.uleb128 0x4
 857 002c 24       		.uleb128 0x24
 858 002d 00       		.byte	0
 859 002e 0B       		.uleb128 0xb
 860 002f 0B       		.uleb128 0xb
 861 0030 3E       		.uleb128 0x3e
 862 0031 0B       		.uleb128 0xb
 863 0032 03       		.uleb128 0x3
 864 0033 08       		.uleb128 0x8
 865 0034 00       		.byte	0
 866 0035 00       		.byte	0
 867 0036 05       		.uleb128 0x5
 868 0037 16       		.uleb128 0x16
 869 0038 00       		.byte	0
 870 0039 03       		.uleb128 0x3
 871 003a 0E       		.uleb128 0xe
 872 003b 3A       		.uleb128 0x3a
 873 003c 0B       		.uleb128 0xb
 874 003d 3B       		.uleb128 0x3b
 875 003e 05       		.uleb128 0x5
 876 003f 49       		.uleb128 0x49
 877 0040 13       		.uleb128 0x13
 878 0041 00       		.byte	0
 879 0042 00       		.byte	0
 880 0043 06       		.uleb128 0x6
 881 0044 13       		.uleb128 0x13
 882 0045 01       		.byte	0x1
 883 0046 03       		.uleb128 0x3
 884 0047 0E       		.uleb128 0xe
 885 0048 0B       		.uleb128 0xb
 886 0049 0B       		.uleb128 0xb
 887 004a 3A       		.uleb128 0x3a
 888 004b 0B       		.uleb128 0xb
 889 004c 3B       		.uleb128 0x3b
 890 004d 0B       		.uleb128 0xb
 891 004e 01       		.uleb128 0x1
 892 004f 13       		.uleb128 0x13
 893 0050 00       		.byte	0
 894 0051 00       		.byte	0
 895 0052 07       		.uleb128 0x7
 896 0053 0D       		.uleb128 0xd
 897 0054 00       		.byte	0
 898 0055 03       		.uleb128 0x3
 899 0056 0E       		.uleb128 0xe
ARM GAS  C:\Users\shawn\AppData\Local\Temp\cczSgDho.s 			page 19


 900 0057 3A       		.uleb128 0x3a
 901 0058 0B       		.uleb128 0xb
 902 0059 3B       		.uleb128 0x3b
 903 005a 0B       		.uleb128 0xb
 904 005b 49       		.uleb128 0x49
 905 005c 13       		.uleb128 0x13
 906 005d 38       		.uleb128 0x38
 907 005e 0B       		.uleb128 0xb
 908 005f 00       		.byte	0
 909 0060 00       		.byte	0
 910 0061 08       		.uleb128 0x8
 911 0062 01       		.uleb128 0x1
 912 0063 01       		.byte	0x1
 913 0064 49       		.uleb128 0x49
 914 0065 13       		.uleb128 0x13
 915 0066 01       		.uleb128 0x1
 916 0067 13       		.uleb128 0x13
 917 0068 00       		.byte	0
 918 0069 00       		.byte	0
 919 006a 09       		.uleb128 0x9
 920 006b 21       		.uleb128 0x21
 921 006c 00       		.byte	0
 922 006d 49       		.uleb128 0x49
 923 006e 13       		.uleb128 0x13
 924 006f 2F       		.uleb128 0x2f
 925 0070 0B       		.uleb128 0xb
 926 0071 00       		.byte	0
 927 0072 00       		.byte	0
 928 0073 0A       		.uleb128 0xa
 929 0074 2E       		.uleb128 0x2e
 930 0075 01       		.byte	0x1
 931 0076 3F       		.uleb128 0x3f
 932 0077 19       		.uleb128 0x19
 933 0078 03       		.uleb128 0x3
 934 0079 0E       		.uleb128 0xe
 935 007a 3A       		.uleb128 0x3a
 936 007b 0B       		.uleb128 0xb
 937 007c 3B       		.uleb128 0x3b
 938 007d 0B       		.uleb128 0xb
 939 007e 27       		.uleb128 0x27
 940 007f 19       		.uleb128 0x19
 941 0080 11       		.uleb128 0x11
 942 0081 01       		.uleb128 0x1
 943 0082 12       		.uleb128 0x12
 944 0083 06       		.uleb128 0x6
 945 0084 40       		.uleb128 0x40
 946 0085 18       		.uleb128 0x18
 947 0086 9742     		.uleb128 0x2117
 948 0088 19       		.uleb128 0x19
 949 0089 01       		.uleb128 0x1
 950 008a 13       		.uleb128 0x13
 951 008b 00       		.byte	0
 952 008c 00       		.byte	0
 953 008d 0B       		.uleb128 0xb
 954 008e 898201   		.uleb128 0x4109
 955 0091 01       		.byte	0x1
 956 0092 11       		.uleb128 0x11
ARM GAS  C:\Users\shawn\AppData\Local\Temp\cczSgDho.s 			page 20


 957 0093 01       		.uleb128 0x1
 958 0094 31       		.uleb128 0x31
 959 0095 13       		.uleb128 0x13
 960 0096 01       		.uleb128 0x1
 961 0097 13       		.uleb128 0x13
 962 0098 00       		.byte	0
 963 0099 00       		.byte	0
 964 009a 0C       		.uleb128 0xc
 965 009b 8A8201   		.uleb128 0x410a
 966 009e 00       		.byte	0
 967 009f 02       		.uleb128 0x2
 968 00a0 18       		.uleb128 0x18
 969 00a1 9142     		.uleb128 0x2111
 970 00a3 18       		.uleb128 0x18
 971 00a4 00       		.byte	0
 972 00a5 00       		.byte	0
 973 00a6 0D       		.uleb128 0xd
 974 00a7 898201   		.uleb128 0x4109
 975 00aa 00       		.byte	0
 976 00ab 11       		.uleb128 0x11
 977 00ac 01       		.uleb128 0x1
 978 00ad 31       		.uleb128 0x31
 979 00ae 13       		.uleb128 0x13
 980 00af 00       		.byte	0
 981 00b0 00       		.byte	0
 982 00b1 0E       		.uleb128 0xe
 983 00b2 898201   		.uleb128 0x4109
 984 00b5 01       		.byte	0x1
 985 00b6 11       		.uleb128 0x11
 986 00b7 01       		.uleb128 0x1
 987 00b8 31       		.uleb128 0x31
 988 00b9 13       		.uleb128 0x13
 989 00ba 00       		.byte	0
 990 00bb 00       		.byte	0
 991 00bc 0F       		.uleb128 0xf
 992 00bd 34       		.uleb128 0x34
 993 00be 00       		.byte	0
 994 00bf 03       		.uleb128 0x3
 995 00c0 08       		.uleb128 0x8
 996 00c1 3A       		.uleb128 0x3a
 997 00c2 0B       		.uleb128 0xb
 998 00c3 3B       		.uleb128 0x3b
 999 00c4 0B       		.uleb128 0xb
 1000 00c5 49       		.uleb128 0x49
 1001 00c6 13       		.uleb128 0x13
 1002 00c7 02       		.uleb128 0x2
 1003 00c8 17       		.uleb128 0x17
 1004 00c9 00       		.byte	0
 1005 00ca 00       		.byte	0
 1006 00cb 10       		.uleb128 0x10
 1007 00cc 2E       		.uleb128 0x2e
 1008 00cd 01       		.byte	0x1
 1009 00ce 3F       		.uleb128 0x3f
 1010 00cf 19       		.uleb128 0x19
 1011 00d0 03       		.uleb128 0x3
 1012 00d1 0E       		.uleb128 0xe
 1013 00d2 3A       		.uleb128 0x3a
ARM GAS  C:\Users\shawn\AppData\Local\Temp\cczSgDho.s 			page 21


 1014 00d3 0B       		.uleb128 0xb
 1015 00d4 3B       		.uleb128 0x3b
 1016 00d5 0B       		.uleb128 0xb
 1017 00d6 27       		.uleb128 0x27
 1018 00d7 19       		.uleb128 0x19
 1019 00d8 49       		.uleb128 0x49
 1020 00d9 13       		.uleb128 0x13
 1021 00da 8701     		.uleb128 0x87
 1022 00dc 19       		.uleb128 0x19
 1023 00dd 11       		.uleb128 0x11
 1024 00de 01       		.uleb128 0x1
 1025 00df 12       		.uleb128 0x12
 1026 00e0 06       		.uleb128 0x6
 1027 00e1 40       		.uleb128 0x40
 1028 00e2 18       		.uleb128 0x18
 1029 00e3 9742     		.uleb128 0x2117
 1030 00e5 19       		.uleb128 0x19
 1031 00e6 01       		.uleb128 0x1
 1032 00e7 13       		.uleb128 0x13
 1033 00e8 00       		.byte	0
 1034 00e9 00       		.byte	0
 1035 00ea 11       		.uleb128 0x11
 1036 00eb 34       		.uleb128 0x34
 1037 00ec 00       		.byte	0
 1038 00ed 03       		.uleb128 0x3
 1039 00ee 0E       		.uleb128 0xe
 1040 00ef 3A       		.uleb128 0x3a
 1041 00f0 0B       		.uleb128 0xb
 1042 00f1 3B       		.uleb128 0x3b
 1043 00f2 05       		.uleb128 0x5
 1044 00f3 49       		.uleb128 0x49
 1045 00f4 13       		.uleb128 0x13
 1046 00f5 3F       		.uleb128 0x3f
 1047 00f6 19       		.uleb128 0x19
 1048 00f7 3C       		.uleb128 0x3c
 1049 00f8 19       		.uleb128 0x19
 1050 00f9 00       		.byte	0
 1051 00fa 00       		.byte	0
 1052 00fb 12       		.uleb128 0x12
 1053 00fc 35       		.uleb128 0x35
 1054 00fd 00       		.byte	0
 1055 00fe 49       		.uleb128 0x49
 1056 00ff 13       		.uleb128 0x13
 1057 0100 00       		.byte	0
 1058 0101 00       		.byte	0
 1059 0102 13       		.uleb128 0x13
 1060 0103 34       		.uleb128 0x34
 1061 0104 00       		.byte	0
 1062 0105 03       		.uleb128 0x3
 1063 0106 0E       		.uleb128 0xe
 1064 0107 3A       		.uleb128 0x3a
 1065 0108 0B       		.uleb128 0xb
 1066 0109 3B       		.uleb128 0x3b
 1067 010a 0B       		.uleb128 0xb
 1068 010b 49       		.uleb128 0x49
 1069 010c 13       		.uleb128 0x13
 1070 010d 3F       		.uleb128 0x3f
ARM GAS  C:\Users\shawn\AppData\Local\Temp\cczSgDho.s 			page 22


 1071 010e 19       		.uleb128 0x19
 1072 010f 02       		.uleb128 0x2
 1073 0110 18       		.uleb128 0x18
 1074 0111 00       		.byte	0
 1075 0112 00       		.byte	0
 1076 0113 14       		.uleb128 0x14
 1077 0114 2E       		.uleb128 0x2e
 1078 0115 00       		.byte	0
 1079 0116 3F       		.uleb128 0x3f
 1080 0117 19       		.uleb128 0x19
 1081 0118 3C       		.uleb128 0x3c
 1082 0119 19       		.uleb128 0x19
 1083 011a 6E       		.uleb128 0x6e
 1084 011b 0E       		.uleb128 0xe
 1085 011c 03       		.uleb128 0x3
 1086 011d 0E       		.uleb128 0xe
 1087 011e 3A       		.uleb128 0x3a
 1088 011f 0B       		.uleb128 0xb
 1089 0120 3B       		.uleb128 0x3b
 1090 0121 0B       		.uleb128 0xb
 1091 0122 00       		.byte	0
 1092 0123 00       		.byte	0
 1093 0124 00       		.byte	0
 1094              		.section	.debug_loc,"",%progbits
 1095              	.Ldebug_loc0:
 1096              	.LLST0:
 1097 0000 14000000 		.4byte	.LVL6
 1098 0004 18000000 		.4byte	.LVL7
 1099 0008 0200     		.2byte	0x2
 1100 000a 30       		.byte	0x30
 1101 000b 9F       		.byte	0x9f
 1102 000c 18000000 		.4byte	.LVL7
 1103 0010 26000000 		.4byte	.LVL8
 1104 0014 0100     		.2byte	0x1
 1105 0016 53       		.byte	0x53
 1106 0017 28000000 		.4byte	.LVL9
 1107 001b 30000000 		.4byte	.LVL10
 1108 001f 0100     		.2byte	0x1
 1109 0021 53       		.byte	0x53
 1110 0022 00000000 		.4byte	0
 1111 0026 00000000 		.4byte	0
 1112              	.LLST1:
 1113 002a 5E000000 		.4byte	.LVL25
 1114 002e 62000000 		.4byte	.LVL26
 1115 0032 0200     		.2byte	0x2
 1116 0034 30       		.byte	0x30
 1117 0035 9F       		.byte	0x9f
 1118 0036 62000000 		.4byte	.LVL26
 1119 003a 76000000 		.4byte	.LVL27
 1120 003e 0100     		.2byte	0x1
 1121 0040 53       		.byte	0x53
 1122 0041 78000000 		.4byte	.LVL28
 1123 0045 80000000 		.4byte	.LVL29
 1124 0049 0100     		.2byte	0x1
 1125 004b 53       		.byte	0x53
 1126 004c 00000000 		.4byte	0
 1127 0050 00000000 		.4byte	0
ARM GAS  C:\Users\shawn\AppData\Local\Temp\cczSgDho.s 			page 23


 1128              		.section	.debug_aranges,"",%progbits
 1129 0000 2C000000 		.4byte	0x2c
 1130 0004 0200     		.2byte	0x2
 1131 0006 00000000 		.4byte	.Ldebug_info0
 1132 000a 04       		.byte	0x4
 1133 000b 00       		.byte	0
 1134 000c 0000     		.2byte	0
 1135 000e 0000     		.2byte	0
 1136 0010 00000000 		.4byte	.LFB63
 1137 0014 4C000000 		.4byte	.LFE63-.LFB63
 1138 0018 00000000 		.4byte	.LFB64
 1139 001c 54000000 		.4byte	.LFE64-.LFB64
 1140 0020 00000000 		.4byte	.LFB65
 1141 0024 A8000000 		.4byte	.LFE65-.LFB65
 1142 0028 00000000 		.4byte	0
 1143 002c 00000000 		.4byte	0
 1144              		.section	.debug_ranges,"",%progbits
 1145              	.Ldebug_ranges0:
 1146 0000 00000000 		.4byte	.LFB63
 1147 0004 4C000000 		.4byte	.LFE63
 1148 0008 00000000 		.4byte	.LFB64
 1149 000c 54000000 		.4byte	.LFE64
 1150 0010 00000000 		.4byte	.LFB65
 1151 0014 A8000000 		.4byte	.LFE65
 1152 0018 00000000 		.4byte	0
 1153 001c 00000000 		.4byte	0
 1154              		.section	.debug_line,"",%progbits
 1155              	.Ldebug_line0:
 1156 0000 4B020000 		.section	.debug_str,"MS",%progbits,1
 1156      0200C701 
 1156      00000201 
 1156      FB0E0D00 
 1156      01010101 
 1157              	.LASF25:
 1158 0000 436F6D6D 		.ascii	"CommandReady\000"
 1158      616E6452 
 1158      65616479 
 1158      00
 1159              	.LASF44:
 1160 000d 42797465 		.ascii	"ByteReceived_StartEx\000"
 1160      52656365 
 1160      69766564 
 1160      5F537461 
 1160      72744578 
 1161              	.LASF23:
 1162 0022 42797465 		.ascii	"ByteCount\000"
 1162      436F756E 
 1162      7400
 1163              	.LASF9:
 1164 002c 5F5F696E 		.ascii	"__int32_t\000"
 1164      7433325F 
 1164      7400
 1165              	.LASF27:
 1166 0036 53746174 		.ascii	"Status\000"
 1166      757300
 1167              	.LASF4:
 1168 003d 6C6F6E67 		.ascii	"long int\000"
ARM GAS  C:\Users\shawn\AppData\Local\Temp\cczSgDho.s 			page 24


 1168      20696E74 
 1168      00
 1169              	.LASF17:
 1170 0046 7061636B 		.ascii	"packet_size\000"
 1170      65745F73 
 1170      697A6500 
 1171              	.LASF18:
 1172 0052 636F6D6D 		.ascii	"command\000"
 1172      616E6400 
 1173              	.LASF43:
 1174 005a 42797465 		.ascii	"ByteReceived_Start\000"
 1174      52656365 
 1174      69766564 
 1174      5F537461 
 1174      727400
 1175              	.LASF13:
 1176 006d 646F7562 		.ascii	"double\000"
 1176      6C6500
 1177              	.LASF10:
 1178 0074 696E7433 		.ascii	"int32_t\000"
 1178      325F7400 
 1179              	.LASF12:
 1180 007c 666C6F61 		.ascii	"float\000"
 1180      7400
 1181              	.LASF26:
 1182 0082 436F756E 		.ascii	"Count\000"
 1182      7400
 1183              	.LASF1:
 1184 0088 756E7369 		.ascii	"unsigned char\000"
 1184      676E6564 
 1184      20636861 
 1184      7200
 1185              	.LASF50:
 1186 0096 474E5520 		.ascii	"GNU C11 5.4.1 20160609 (release) [ARM/embedded-5-br"
 1186      43313120 
 1186      352E342E 
 1186      31203230 
 1186      31363036 
 1187 00c9 616E6368 		.ascii	"anch revision 237715] -mcpu=cortex-m3 -mthumb -g -O"
 1187      20726576 
 1187      6973696F 
 1187      6E203233 
 1187      37373135 
 1188 00fc 67202D66 		.ascii	"g -ffunction-sections -ffat-lto-objects\000"
 1188      66756E63 
 1188      74696F6E 
 1188      2D736563 
 1188      74696F6E 
 1189              	.LASF5:
 1190 0124 6C6F6E67 		.ascii	"long unsigned int\000"
 1190      20756E73 
 1190      69676E65 
 1190      6420696E 
 1190      7400
 1191              	.LASF3:
 1192 0136 73686F72 		.ascii	"short unsigned int\000"
 1192      7420756E 
ARM GAS  C:\Users\shawn\AppData\Local\Temp\cczSgDho.s 			page 25


 1192      7369676E 
 1192      65642069 
 1192      6E7400
 1193              	.LASF31:
 1194 0149 5472616E 		.ascii	"Transmit_Packet\000"
 1194      736D6974 
 1194      5F506163 
 1194      6B657400 
 1195              	.LASF22:
 1196 0159 49544D5F 		.ascii	"ITM_RxBuffer\000"
 1196      52784275 
 1196      66666572 
 1196      00
 1197              	.LASF21:
 1198 0166 436F6D6D 		.ascii	"CommandReceived\000"
 1198      616E6452 
 1198      65636569 
 1198      76656400 
 1199              	.LASF32:
 1200 0176 4C454444 		.ascii	"LEDDrive_Write\000"
 1200      72697665 
 1200      5F577269 
 1200      746500
 1201              	.LASF30:
 1202 0185 436F6D6D 		.ascii	"Command_Packet\000"
 1202      616E645F 
 1202      5061636B 
 1202      657400
 1203              	.LASF46:
 1204 0194 436F6D6D 		.ascii	"CommandReceived_Start\000"
 1204      616E6452 
 1204      65636569 
 1204      7665645F 
 1204      53746172 
 1205              	.LASF54:
 1206 01aa 6D61696E 		.ascii	"main\000"
 1206      00
 1207              	.LASF39:
 1208 01af 4C616256 		.ascii	"LabVIEW_UART_Start\000"
 1208      4945575F 
 1208      55415254 
 1208      5F537461 
 1208      727400
 1209              	.LASF35:
 1210 01c2 42797465 		.ascii	"ByteCounter_ReadCounter\000"
 1210      436F756E 
 1210      7465725F 
 1210      52656164 
 1210      436F756E 
 1211              	.LASF48:
 1212 01da 436F6D6D 		.ascii	"CommandReceived_Enable\000"
 1212      616E6452 
 1212      65636569 
 1212      7665645F 
 1212      456E6162 
 1213              	.LASF8:
 1214 01f1 756E7369 		.ascii	"unsigned int\000"
ARM GAS  C:\Users\shawn\AppData\Local\Temp\cczSgDho.s 			page 26


 1214      676E6564 
 1214      20696E74 
 1214      00
 1215              	.LASF7:
 1216 01fe 6C6F6E67 		.ascii	"long long unsigned int\000"
 1216      206C6F6E 
 1216      6720756E 
 1216      7369676E 
 1216      65642069 
 1217              	.LASF40:
 1218 0215 42797465 		.ascii	"ByteCounter_Start\000"
 1218      436F756E 
 1218      7465725F 
 1218      53746172 
 1218      7400
 1219              	.LASF28:
 1220 0227 52656365 		.ascii	"ReceivedBuffer\000"
 1220      69766564 
 1220      42756666 
 1220      657200
 1221              	.LASF37:
 1222 0236 55415254 		.ascii	"UARTReset_Write\000"
 1222      52657365 
 1222      745F5772 
 1222      69746500 
 1223              	.LASF53:
 1224 0246 636F6D6D 		.ascii	"command_protocol\000"
 1224      616E645F 
 1224      70726F74 
 1224      6F636F6C 
 1224      00
 1225              	.LASF52:
 1226 0257 433A5C55 		.ascii	"C:\\Users\\shawn\\Desktop\\Real-Time-Estimation-and"
 1226      73657273 
 1226      5C736861 
 1226      776E5C44 
 1226      65736B74 
 1227 0286 2D436F6E 		.ascii	"-Control-For-Satellite-Orbit-Stabilization\\Lab6\\M"
 1227      74726F6C 
 1227      2D466F72 
 1227      2D536174 
 1227      656C6C69 
 1228 02b7 45313335 		.ascii	"E135_235\\CommandInterpreter.cydsn\000"
 1228      5F323335 
 1228      5C436F6D 
 1228      6D616E64 
 1228      496E7465 
 1229              	.LASF38:
 1230 02d9 42797465 		.ascii	"ByteCountReset_Write\000"
 1230      436F756E 
 1230      74526573 
 1230      65745F57 
 1230      72697465 
 1231              	.LASF29:
 1232 02ee 5472616E 		.ascii	"TransmitBuffer\000"
 1232      736D6974 
 1232      42756666 
ARM GAS  C:\Users\shawn\AppData\Local\Temp\cczSgDho.s 			page 27


 1232      657200
 1233              	.LASF16:
 1234 02fd 73697A65 		.ascii	"sizetype\000"
 1234      74797065 
 1234      00
 1235              	.LASF6:
 1236 0306 6C6F6E67 		.ascii	"long long int\000"
 1236      206C6F6E 
 1236      6720696E 
 1236      7400
 1237              	.LASF51:
 1238 0314 6D61696E 		.ascii	"main.c\000"
 1238      2E6300
 1239              	.LASF45:
 1240 031b 42797465 		.ascii	"ByteReceived_Enable\000"
 1240      52656365 
 1240      69766564 
 1240      5F456E61 
 1240      626C6500 
 1241              	.LASF33:
 1242 032f 4C616256 		.ascii	"LabVIEW_UART_GetByte\000"
 1242      4945575F 
 1242      55415254 
 1242      5F476574 
 1242      42797465 
 1243              	.LASF42:
 1244 0344 42797465 		.ascii	"ByteCounter_SetInterruptMode\000"
 1244      436F756E 
 1244      7465725F 
 1244      53657449 
 1244      6E746572 
 1245              	.LASF2:
 1246 0361 73686F72 		.ascii	"short int\000"
 1246      7420696E 
 1246      7400
 1247              	.LASF19:
 1248 036b 62756666 		.ascii	"buffer\000"
 1248      657200
 1249              	.LASF11:
 1250 0372 75696E74 		.ascii	"uint8\000"
 1250      3800
 1251              	.LASF34:
 1252 0378 42797465 		.ascii	"ByteCounter_WriteCompare\000"
 1252      436F756E 
 1252      7465725F 
 1252      57726974 
 1252      65436F6D 
 1253              	.LASF41:
 1254 0391 42797465 		.ascii	"ByteCounter_Enable\000"
 1254      436F756E 
 1254      7465725F 
 1254      456E6162 
 1254      6C6500
 1255              	.LASF20:
 1256 03a4 42797465 		.ascii	"ByteReceived\000"
 1256      52656365 
 1256      69766564 
ARM GAS  C:\Users\shawn\AppData\Local\Temp\cczSgDho.s 			page 28


 1256      00
 1257              	.LASF24:
 1258 03b1 66697273 		.ascii	"firstbyte\000"
 1258      74627974 
 1258      6500
 1259              	.LASF14:
 1260 03bb 63686172 		.ascii	"char\000"
 1260      00
 1261              	.LASF15:
 1262 03c0 6C6F6E67 		.ascii	"long double\000"
 1262      20646F75 
 1262      626C6500 
 1263              	.LASF0:
 1264 03cc 7369676E 		.ascii	"signed char\000"
 1264      65642063 
 1264      68617200 
 1265              	.LASF47:
 1266 03d8 436F6D6D 		.ascii	"CommandReceived_StartEx\000"
 1266      616E6452 
 1266      65636569 
 1266      7665645F 
 1266      53746172 
 1267              	.LASF49:
 1268 03f0 4C616256 		.ascii	"LabVIEW_UART_PutArray\000"
 1268      4945575F 
 1268      55415254 
 1268      5F507574 
 1268      41727261 
 1269              	.LASF36:
 1270 0406 42797465 		.ascii	"ByteCounter_ReadStatusRegister\000"
 1270      436F756E 
 1270      7465725F 
 1270      52656164 
 1270      53746174 
 1271              		.ident	"GCC: (GNU Tools for ARM Embedded Processors) 5.4.1 20160609 (release) [ARM/embedded-5-bran
