ARM GAS  C:\Users\GEORGE~1\AppData\Local\Temp\ccc5jYmb.s 			page 1


   1              		.syntax unified
   2              		.cpu cortex-m3
   3              		.fpu softvfp
   4              		.eabi_attribute 20, 1
   5              		.eabi_attribute 21, 1
   6              		.eabi_attribute 23, 3
   7              		.eabi_attribute 24, 1
   8              		.eabi_attribute 25, 1
   9              		.eabi_attribute 26, 1
  10              		.eabi_attribute 30, 1
  11              		.eabi_attribute 34, 1
  12              		.eabi_attribute 18, 4
  13              		.thumb
  14              		.syntax unified
  15              		.file	"main.c"
  16              		.text
  17              	.Ltext0:
  18              		.cfi_sections	.debug_frame
  19              		.section	.text.main,"ax",%progbits
  20              		.align	2
  21              		.global	main
  22              		.thumb
  23              		.thumb_func
  24              		.type	main, %function
  25              	main:
  26              	.LFB63:
  27              		.file 1 "main.c"
   1:main.c        **** /* ========================================
   2:main.c        ****  *
   3:main.c        ****  * Copyright YOUR COMPANY, THE YEAR
   4:main.c        ****  * All Rights Reserved
   5:main.c        ****  * UNPUBLISHED, LICENSED SOFTWARE.
   6:main.c        ****  *
   7:main.c        ****  * CONFIDENTIAL AND PROPRIETARY INFORMATION
   8:main.c        ****  * WHICH IS THE PROPERTY OF your company.
   9:main.c        ****  *
  10:main.c        ****  * ========================================
  11:main.c        **** */
  12:main.c        **** #include "project.h"
  13:main.c        **** 
  14:main.c        **** uint8 transmitbuffer[16];
  15:main.c        **** uint8 Data[128];
  16:main.c        **** uint8 i=0;
  17:main.c        **** uint16 Rcount;
  18:main.c        **** 
  19:main.c        **** uint8 Status;
  20:main.c        **** 
  21:main.c        **** int main(void)
  22:main.c        **** {
  28              		.loc 1 22 0
  29              		.cfi_startproc
  30              		@ Volatile: function does not return.
  31              		@ args = 0, pretend = 0, frame = 0
  32              		@ frame_needed = 0, uses_anonymous_args = 0
  33 0000 08B5     		push	{r3, lr}
  34              		.cfi_def_cfa_offset 8
  35              		.cfi_offset 3, -8
ARM GAS  C:\Users\GEORGE~1\AppData\Local\Temp\ccc5jYmb.s 			page 2


  36              		.cfi_offset 14, -4
  23:main.c        ****     UART_1_Start();
  37              		.loc 1 23 0
  38 0002 FFF7FEFF 		bl	UART_1_Start
  39              	.LVL0:
  24:main.c        ****     
  25:main.c        ****     
  26:main.c        ****     VDAC8_1_Start();
  40              		.loc 1 26 0
  41 0006 FFF7FEFF 		bl	VDAC8_1_Start
  42              	.LVL1:
  27:main.c        ****     Comp_1_Start();
  43              		.loc 1 27 0
  44 000a FFF7FEFF 		bl	Comp_1_Start
  45              	.LVL2:
  28:main.c        ****     
  29:main.c        ****     CyGlobalIntEnable; /* Enable global interrupts. */
  46              		.loc 1 29 0
  47              		.syntax unified
  48              	@ 29 "main.c" 1
  49 000e 62B6     		CPSIE   i
  50              	@ 0 "" 2
  30:main.c        ****     
  31:main.c        ****     transmitbuffer[0] = 0xae;  // first byte of no_checksum_sync (little endian -> least-significan
  51              		.loc 1 31 0
  52              		.thumb
  53              		.syntax unified
  54 0010 134B     		ldr	r3, .L6
  55 0012 AE22     		movs	r2, #174
  56 0014 1A70     		strb	r2, [r3]
  32:main.c        ****     transmitbuffer[1] = 0xc1;  // second byte of no_checksum_sync
  57              		.loc 1 32 0
  58 0016 C122     		movs	r2, #193
  59 0018 5A70     		strb	r2, [r3, #1]
  33:main.c        ****     transmitbuffer[2] = 0x0e;  // this is the version request type
  60              		.loc 1 33 0
  61 001a 0E22     		movs	r2, #14
  62 001c 9A70     		strb	r2, [r3, #2]
  34:main.c        ****     transmitbuffer[3] = 0x00;  // data_length is 0
  63              		.loc 1 34 0
  64 001e 0022     		movs	r2, #0
  65 0020 DA70     		strb	r2, [r3, #3]
  66              	.L4:
  35:main.c        **** 
  36:main.c        ****     /* Place your initialization/startup code here (e.g. MyInst_Start()) */
  37:main.c        ****   
  38:main.c        ****     while(1)
  39:main.c        ****     {
  40:main.c        ****         UART_1_PutArray(transmitbuffer, 0x04);
  67              		.loc 1 40 0
  68 0022 0421     		movs	r1, #4
  69 0024 0E48     		ldr	r0, .L6
  70 0026 FFF7FEFF 		bl	UART_1_PutArray
  71              	.LVL3:
  41:main.c        ****     
  42:main.c        ****         for(i=0;i<22;i++)
  72              		.loc 1 42 0
ARM GAS  C:\Users\GEORGE~1\AppData\Local\Temp\ccc5jYmb.s 			page 3


  73 002a 0022     		movs	r2, #0
  74 002c 0D4B     		ldr	r3, .L6+4
  75 002e 1A70     		strb	r2, [r3]
  76 0030 0CE0     		b	.L2
  77              	.L3:
  43:main.c        ****         {
  44:main.c        ****             while(UART_1_ReadRxStatus() != UART_1_RX_STS_FIFO_NOTEMPTY);
  78              		.loc 1 44 0 discriminator 1
  79 0032 FFF7FEFF 		bl	UART_1_ReadRxStatus
  80              	.LVL4:
  81 0036 2028     		cmp	r0, #32
  82 0038 FBD1     		bne	.L3
  45:main.c        ****         
  46:main.c        ****             Data[i] = UART_1_GetChar();
  83              		.loc 1 46 0 discriminator 2
  84 003a 0A4C     		ldr	r4, .L6+4
  85 003c 2578     		ldrb	r5, [r4]	@ zero_extendqisi2
  86 003e FFF7FEFF 		bl	UART_1_GetChar
  87              	.LVL5:
  88 0042 094B     		ldr	r3, .L6+8
  89 0044 5855     		strb	r0, [r3, r5]
  42:main.c        ****         {
  90              		.loc 1 42 0 discriminator 2
  91 0046 2378     		ldrb	r3, [r4]	@ zero_extendqisi2
  92 0048 0133     		adds	r3, r3, #1
  93 004a 2370     		strb	r3, [r4]
  94              	.L2:
  42:main.c        ****         {
  95              		.loc 1 42 0 is_stmt 0 discriminator 1
  96 004c 054B     		ldr	r3, .L6+4
  97 004e 1B78     		ldrb	r3, [r3]	@ zero_extendqisi2
  98 0050 152B     		cmp	r3, #21
  99 0052 EED9     		bls	.L3
  47:main.c        ****         }
  48:main.c        ****     CyDelayUs(1500);
 100              		.loc 1 48 0 is_stmt 1
 101 0054 40F2DC50 		movw	r0, #1500
 102 0058 FFF7FEFF 		bl	CyDelayUs
 103              	.LVL6:
  49:main.c        ****     }
 104              		.loc 1 49 0
 105 005c E1E7     		b	.L4
 106              	.L7:
 107 005e 00BF     		.align	2
 108              	.L6:
 109 0060 00000000 		.word	transmitbuffer
 110 0064 00000000 		.word	.LANCHOR0
 111 0068 00000000 		.word	Data
 112              		.cfi_endproc
 113              	.LFE63:
 114              		.size	main, .-main
 115              		.comm	Status,1,1
 116              		.comm	Rcount,2,2
 117              		.global	i
 118              		.comm	Data,128,4
 119              		.comm	transmitbuffer,16,4
 120              		.bss
ARM GAS  C:\Users\GEORGE~1\AppData\Local\Temp\ccc5jYmb.s 			page 4


 121              		.set	.LANCHOR0,. + 0
 122              		.type	i, %object
 123              		.size	i, 1
 124              	i:
 125 0000 00       		.space	1
 126              		.text
 127              	.Letext0:
 128              		.file 2 "c:\\program files (x86)\\cypress\\psoc creator\\4.2\\psoc creator\\import\\gnu\\arm\\5.4.
 129              		.file 3 "c:\\program files (x86)\\cypress\\psoc creator\\4.2\\psoc creator\\import\\gnu\\arm\\5.4.
 130              		.file 4 "Generated_Source\\PSoC5/cytypes.h"
 131              		.file 5 "Generated_Source\\PSoC5/core_cm3.h"
 132              		.file 6 "Generated_Source\\PSoC5/UART_1.h"
 133              		.file 7 "Generated_Source\\PSoC5/CyLib.h"
 134              		.section	.debug_info,"",%progbits
 135              	.Ldebug_info0:
 136 0000 20020000 		.4byte	0x220
 137 0004 0400     		.2byte	0x4
 138 0006 00000000 		.4byte	.Ldebug_abbrev0
 139 000a 04       		.byte	0x4
 140 000b 01       		.uleb128 0x1
 141 000c 8F000000 		.4byte	.LASF30
 142 0010 0C       		.byte	0xc
 143 0011 EF010000 		.4byte	.LASF31
 144 0015 2B000000 		.4byte	.LASF32
 145 0019 00000000 		.4byte	.Ldebug_ranges0+0
 146 001d 00000000 		.4byte	0
 147 0021 00000000 		.4byte	.Ldebug_line0
 148 0025 02       		.uleb128 0x2
 149 0026 01       		.byte	0x1
 150 0027 06       		.byte	0x6
 151 0028 2F020000 		.4byte	.LASF0
 152 002c 02       		.uleb128 0x2
 153 002d 01       		.byte	0x1
 154 002e 08       		.byte	0x8
 155 002f 4F010000 		.4byte	.LASF1
 156 0033 02       		.uleb128 0x2
 157 0034 02       		.byte	0x2
 158 0035 05       		.byte	0x5
 159 0036 FB010000 		.4byte	.LASF2
 160 003a 02       		.uleb128 0x2
 161 003b 02       		.byte	0x2
 162 003c 07       		.byte	0x7
 163 003d 2F010000 		.4byte	.LASF3
 164 0041 03       		.uleb128 0x3
 165 0042 0D000000 		.4byte	.LASF9
 166 0046 02       		.byte	0x2
 167 0047 3F       		.byte	0x3f
 168 0048 4C000000 		.4byte	0x4c
 169 004c 02       		.uleb128 0x2
 170 004d 04       		.byte	0x4
 171 004e 05       		.byte	0x5
 172 004f 0B020000 		.4byte	.LASF4
 173 0053 02       		.uleb128 0x2
 174 0054 04       		.byte	0x4
 175 0055 07       		.byte	0x7
 176 0056 1D010000 		.4byte	.LASF5
 177 005a 02       		.uleb128 0x2
ARM GAS  C:\Users\GEORGE~1\AppData\Local\Temp\ccc5jYmb.s 			page 5


 178 005b 08       		.byte	0x8
 179 005c 05       		.byte	0x5
 180 005d E1010000 		.4byte	.LASF6
 181 0061 02       		.uleb128 0x2
 182 0062 08       		.byte	0x8
 183 0063 07       		.byte	0x7
 184 0064 9A010000 		.4byte	.LASF7
 185 0068 04       		.uleb128 0x4
 186 0069 04       		.byte	0x4
 187 006a 05       		.byte	0x5
 188 006b 696E7400 		.ascii	"int\000"
 189 006f 02       		.uleb128 0x2
 190 0070 04       		.byte	0x4
 191 0071 07       		.byte	0x7
 192 0072 8D010000 		.4byte	.LASF8
 193 0076 03       		.uleb128 0x3
 194 0077 D0010000 		.4byte	.LASF10
 195 007b 03       		.byte	0x3
 196 007c 2C       		.byte	0x2c
 197 007d 41000000 		.4byte	0x41
 198 0081 05       		.uleb128 0x5
 199 0082 05020000 		.4byte	.LASF11
 200 0086 04       		.byte	0x4
 201 0087 E401     		.2byte	0x1e4
 202 0089 2C000000 		.4byte	0x2c
 203 008d 05       		.uleb128 0x5
 204 008e 72010000 		.4byte	.LASF12
 205 0092 04       		.byte	0x4
 206 0093 E501     		.2byte	0x1e5
 207 0095 3A000000 		.4byte	0x3a
 208 0099 02       		.uleb128 0x2
 209 009a 04       		.byte	0x4
 210 009b 04       		.byte	0x4
 211 009c 25000000 		.4byte	.LASF13
 212 00a0 02       		.uleb128 0x2
 213 00a1 08       		.byte	0x8
 214 00a2 04       		.byte	0x4
 215 00a3 6B010000 		.4byte	.LASF14
 216 00a7 02       		.uleb128 0x2
 217 00a8 01       		.byte	0x1
 218 00a9 08       		.byte	0x8
 219 00aa F6010000 		.4byte	.LASF15
 220 00ae 02       		.uleb128 0x2
 221 00af 08       		.byte	0x8
 222 00b0 04       		.byte	0x4
 223 00b1 14020000 		.4byte	.LASF16
 224 00b5 02       		.uleb128 0x2
 225 00b6 04       		.byte	0x4
 226 00b7 07       		.byte	0x7
 227 00b8 D8010000 		.4byte	.LASF17
 228 00bc 06       		.uleb128 0x6
 229 00bd 7E010000 		.4byte	.LASF33
 230 00c1 01       		.byte	0x1
 231 00c2 15       		.byte	0x15
 232 00c3 68000000 		.4byte	0x68
 233 00c7 00000000 		.4byte	.LFB63
 234 00cb 6C000000 		.4byte	.LFE63-.LFB63
ARM GAS  C:\Users\GEORGE~1\AppData\Local\Temp\ccc5jYmb.s 			page 6


 235 00cf 01       		.uleb128 0x1
 236 00d0 9C       		.byte	0x9c
 237 00d1 52010000 		.4byte	0x152
 238 00d5 07       		.uleb128 0x7
 239 00d6 5D010000 		.4byte	.LASF18
 240 00da 01       		.byte	0x1
 241 00db 1A       		.byte	0x1a
 242 00dc 68000000 		.4byte	0x68
 243 00e0 E6000000 		.4byte	0xe6
 244 00e4 08       		.uleb128 0x8
 245 00e5 00       		.byte	0
 246 00e6 07       		.uleb128 0x7
 247 00e7 4F020000 		.4byte	.LASF19
 248 00eb 01       		.byte	0x1
 249 00ec 1B       		.byte	0x1b
 250 00ed 68000000 		.4byte	0x68
 251 00f1 F7000000 		.4byte	0xf7
 252 00f5 08       		.uleb128 0x8
 253 00f6 00       		.byte	0
 254 00f7 09       		.uleb128 0x9
 255 00f8 06000000 		.4byte	.LVL0
 256 00fc D6010000 		.4byte	0x1d6
 257 0100 09       		.uleb128 0x9
 258 0101 0A000000 		.4byte	.LVL1
 259 0105 E1010000 		.4byte	0x1e1
 260 0109 09       		.uleb128 0x9
 261 010a 0E000000 		.4byte	.LVL2
 262 010e EC010000 		.4byte	0x1ec
 263 0112 0A       		.uleb128 0xa
 264 0113 2A000000 		.4byte	.LVL3
 265 0117 F7010000 		.4byte	0x1f7
 266 011b 2E010000 		.4byte	0x12e
 267 011f 0B       		.uleb128 0xb
 268 0120 01       		.uleb128 0x1
 269 0121 50       		.byte	0x50
 270 0122 05       		.uleb128 0x5
 271 0123 03       		.byte	0x3
 272 0124 00000000 		.4byte	transmitbuffer
 273 0128 0B       		.uleb128 0xb
 274 0129 01       		.uleb128 0x1
 275 012a 51       		.byte	0x51
 276 012b 01       		.uleb128 0x1
 277 012c 34       		.byte	0x34
 278 012d 00       		.byte	0
 279 012e 09       		.uleb128 0x9
 280 012f 36000000 		.4byte	.LVL4
 281 0133 02020000 		.4byte	0x202
 282 0137 09       		.uleb128 0x9
 283 0138 42000000 		.4byte	.LVL5
 284 013c 0D020000 		.4byte	0x20d
 285 0140 0C       		.uleb128 0xc
 286 0141 5C000000 		.4byte	.LVL6
 287 0145 18020000 		.4byte	0x218
 288 0149 0B       		.uleb128 0xb
 289 014a 01       		.uleb128 0x1
 290 014b 50       		.byte	0x50
 291 014c 03       		.uleb128 0x3
ARM GAS  C:\Users\GEORGE~1\AppData\Local\Temp\ccc5jYmb.s 			page 7


 292 014d 0A       		.byte	0xa
 293 014e DC05     		.2byte	0x5dc
 294 0150 00       		.byte	0
 295 0151 00       		.byte	0
 296 0152 0D       		.uleb128 0xd
 297 0153 42010000 		.4byte	.LASF20
 298 0157 05       		.byte	0x5
 299 0158 1207     		.2byte	0x712
 300 015a 5E010000 		.4byte	0x15e
 301 015e 0E       		.uleb128 0xe
 302 015f 76000000 		.4byte	0x76
 303 0163 0F       		.uleb128 0xf
 304 0164 81000000 		.4byte	0x81
 305 0168 73010000 		.4byte	0x173
 306 016c 10       		.uleb128 0x10
 307 016d B5000000 		.4byte	0xb5
 308 0171 0F       		.byte	0xf
 309 0172 00       		.byte	0
 310 0173 11       		.uleb128 0x11
 311 0174 20020000 		.4byte	.LASF21
 312 0178 01       		.byte	0x1
 313 0179 0E       		.byte	0xe
 314 017a 63010000 		.4byte	0x163
 315 017e 05       		.uleb128 0x5
 316 017f 03       		.byte	0x3
 317 0180 00000000 		.4byte	transmitbuffer
 318 0184 0F       		.uleb128 0xf
 319 0185 81000000 		.4byte	0x81
 320 0189 94010000 		.4byte	0x194
 321 018d 10       		.uleb128 0x10
 322 018e B5000000 		.4byte	0xb5
 323 0192 7F       		.byte	0x7f
 324 0193 00       		.byte	0
 325 0194 11       		.uleb128 0x11
 326 0195 79010000 		.4byte	.LASF22
 327 0199 01       		.byte	0x1
 328 019a 0F       		.byte	0xf
 329 019b 84010000 		.4byte	0x184
 330 019f 05       		.uleb128 0x5
 331 01a0 03       		.byte	0x3
 332 01a1 00000000 		.4byte	Data
 333 01a5 12       		.uleb128 0x12
 334 01a6 6900     		.ascii	"i\000"
 335 01a8 01       		.byte	0x1
 336 01a9 10       		.byte	0x10
 337 01aa 81000000 		.4byte	0x81
 338 01ae 05       		.uleb128 0x5
 339 01af 03       		.byte	0x3
 340 01b0 00000000 		.4byte	i
 341 01b4 11       		.uleb128 0x11
 342 01b5 1E000000 		.4byte	.LASF23
 343 01b9 01       		.byte	0x1
 344 01ba 11       		.byte	0x11
 345 01bb 8D000000 		.4byte	0x8d
 346 01bf 05       		.uleb128 0x5
 347 01c0 03       		.byte	0x3
 348 01c1 00000000 		.4byte	Rcount
ARM GAS  C:\Users\GEORGE~1\AppData\Local\Temp\ccc5jYmb.s 			page 8


 349 01c5 11       		.uleb128 0x11
 350 01c6 17000000 		.4byte	.LASF24
 351 01ca 01       		.byte	0x1
 352 01cb 13       		.byte	0x13
 353 01cc 81000000 		.4byte	0x81
 354 01d0 05       		.uleb128 0x5
 355 01d1 03       		.byte	0x3
 356 01d2 00000000 		.4byte	Status
 357 01d6 13       		.uleb128 0x13
 358 01d7 00000000 		.4byte	.LASF25
 359 01db 00000000 		.4byte	.LASF25
 360 01df 06       		.byte	0x6
 361 01e0 54       		.byte	0x54
 362 01e1 13       		.uleb128 0x13
 363 01e2 5D010000 		.4byte	.LASF18
 364 01e6 5D010000 		.4byte	.LASF18
 365 01ea 01       		.byte	0x1
 366 01eb 1A       		.byte	0x1a
 367 01ec 13       		.uleb128 0x13
 368 01ed 4F020000 		.4byte	.LASF19
 369 01f1 4F020000 		.4byte	.LASF19
 370 01f5 01       		.byte	0x1
 371 01f6 1B       		.byte	0x1b
 372 01f7 13       		.uleb128 0x13
 373 01f8 B1010000 		.4byte	.LASF26
 374 01fc B1010000 		.4byte	.LASF26
 375 0200 06       		.byte	0x6
 376 0201 8C       		.byte	0x8c
 377 0202 13       		.uleb128 0x13
 378 0203 3B020000 		.4byte	.LASF27
 379 0207 3B020000 		.4byte	.LASF27
 380 020b 06       		.byte	0x6
 381 020c 70       		.byte	0x70
 382 020d 13       		.uleb128 0x13
 383 020e C1010000 		.4byte	.LASF28
 384 0212 C1010000 		.4byte	.LASF28
 385 0216 06       		.byte	0x6
 386 0217 71       		.byte	0x71
 387 0218 13       		.uleb128 0x13
 388 0219 83010000 		.4byte	.LASF29
 389 021d 83010000 		.4byte	.LASF29
 390 0221 07       		.byte	0x7
 391 0222 77       		.byte	0x77
 392 0223 00       		.byte	0
 393              		.section	.debug_abbrev,"",%progbits
 394              	.Ldebug_abbrev0:
 395 0000 01       		.uleb128 0x1
 396 0001 11       		.uleb128 0x11
 397 0002 01       		.byte	0x1
 398 0003 25       		.uleb128 0x25
 399 0004 0E       		.uleb128 0xe
 400 0005 13       		.uleb128 0x13
 401 0006 0B       		.uleb128 0xb
 402 0007 03       		.uleb128 0x3
 403 0008 0E       		.uleb128 0xe
 404 0009 1B       		.uleb128 0x1b
 405 000a 0E       		.uleb128 0xe
ARM GAS  C:\Users\GEORGE~1\AppData\Local\Temp\ccc5jYmb.s 			page 9


 406 000b 55       		.uleb128 0x55
 407 000c 17       		.uleb128 0x17
 408 000d 11       		.uleb128 0x11
 409 000e 01       		.uleb128 0x1
 410 000f 10       		.uleb128 0x10
 411 0010 17       		.uleb128 0x17
 412 0011 00       		.byte	0
 413 0012 00       		.byte	0
 414 0013 02       		.uleb128 0x2
 415 0014 24       		.uleb128 0x24
 416 0015 00       		.byte	0
 417 0016 0B       		.uleb128 0xb
 418 0017 0B       		.uleb128 0xb
 419 0018 3E       		.uleb128 0x3e
 420 0019 0B       		.uleb128 0xb
 421 001a 03       		.uleb128 0x3
 422 001b 0E       		.uleb128 0xe
 423 001c 00       		.byte	0
 424 001d 00       		.byte	0
 425 001e 03       		.uleb128 0x3
 426 001f 16       		.uleb128 0x16
 427 0020 00       		.byte	0
 428 0021 03       		.uleb128 0x3
 429 0022 0E       		.uleb128 0xe
 430 0023 3A       		.uleb128 0x3a
 431 0024 0B       		.uleb128 0xb
 432 0025 3B       		.uleb128 0x3b
 433 0026 0B       		.uleb128 0xb
 434 0027 49       		.uleb128 0x49
 435 0028 13       		.uleb128 0x13
 436 0029 00       		.byte	0
 437 002a 00       		.byte	0
 438 002b 04       		.uleb128 0x4
 439 002c 24       		.uleb128 0x24
 440 002d 00       		.byte	0
 441 002e 0B       		.uleb128 0xb
 442 002f 0B       		.uleb128 0xb
 443 0030 3E       		.uleb128 0x3e
 444 0031 0B       		.uleb128 0xb
 445 0032 03       		.uleb128 0x3
 446 0033 08       		.uleb128 0x8
 447 0034 00       		.byte	0
 448 0035 00       		.byte	0
 449 0036 05       		.uleb128 0x5
 450 0037 16       		.uleb128 0x16
 451 0038 00       		.byte	0
 452 0039 03       		.uleb128 0x3
 453 003a 0E       		.uleb128 0xe
 454 003b 3A       		.uleb128 0x3a
 455 003c 0B       		.uleb128 0xb
 456 003d 3B       		.uleb128 0x3b
 457 003e 05       		.uleb128 0x5
 458 003f 49       		.uleb128 0x49
 459 0040 13       		.uleb128 0x13
 460 0041 00       		.byte	0
 461 0042 00       		.byte	0
 462 0043 06       		.uleb128 0x6
ARM GAS  C:\Users\GEORGE~1\AppData\Local\Temp\ccc5jYmb.s 			page 10


 463 0044 2E       		.uleb128 0x2e
 464 0045 01       		.byte	0x1
 465 0046 3F       		.uleb128 0x3f
 466 0047 19       		.uleb128 0x19
 467 0048 03       		.uleb128 0x3
 468 0049 0E       		.uleb128 0xe
 469 004a 3A       		.uleb128 0x3a
 470 004b 0B       		.uleb128 0xb
 471 004c 3B       		.uleb128 0x3b
 472 004d 0B       		.uleb128 0xb
 473 004e 27       		.uleb128 0x27
 474 004f 19       		.uleb128 0x19
 475 0050 49       		.uleb128 0x49
 476 0051 13       		.uleb128 0x13
 477 0052 8701     		.uleb128 0x87
 478 0054 19       		.uleb128 0x19
 479 0055 11       		.uleb128 0x11
 480 0056 01       		.uleb128 0x1
 481 0057 12       		.uleb128 0x12
 482 0058 06       		.uleb128 0x6
 483 0059 40       		.uleb128 0x40
 484 005a 18       		.uleb128 0x18
 485 005b 9742     		.uleb128 0x2117
 486 005d 19       		.uleb128 0x19
 487 005e 01       		.uleb128 0x1
 488 005f 13       		.uleb128 0x13
 489 0060 00       		.byte	0
 490 0061 00       		.byte	0
 491 0062 07       		.uleb128 0x7
 492 0063 2E       		.uleb128 0x2e
 493 0064 01       		.byte	0x1
 494 0065 3F       		.uleb128 0x3f
 495 0066 19       		.uleb128 0x19
 496 0067 03       		.uleb128 0x3
 497 0068 0E       		.uleb128 0xe
 498 0069 3A       		.uleb128 0x3a
 499 006a 0B       		.uleb128 0xb
 500 006b 3B       		.uleb128 0x3b
 501 006c 0B       		.uleb128 0xb
 502 006d 49       		.uleb128 0x49
 503 006e 13       		.uleb128 0x13
 504 006f 3C       		.uleb128 0x3c
 505 0070 19       		.uleb128 0x19
 506 0071 01       		.uleb128 0x1
 507 0072 13       		.uleb128 0x13
 508 0073 00       		.byte	0
 509 0074 00       		.byte	0
 510 0075 08       		.uleb128 0x8
 511 0076 18       		.uleb128 0x18
 512 0077 00       		.byte	0
 513 0078 00       		.byte	0
 514 0079 00       		.byte	0
 515 007a 09       		.uleb128 0x9
 516 007b 898201   		.uleb128 0x4109
 517 007e 00       		.byte	0
 518 007f 11       		.uleb128 0x11
 519 0080 01       		.uleb128 0x1
ARM GAS  C:\Users\GEORGE~1\AppData\Local\Temp\ccc5jYmb.s 			page 11


 520 0081 31       		.uleb128 0x31
 521 0082 13       		.uleb128 0x13
 522 0083 00       		.byte	0
 523 0084 00       		.byte	0
 524 0085 0A       		.uleb128 0xa
 525 0086 898201   		.uleb128 0x4109
 526 0089 01       		.byte	0x1
 527 008a 11       		.uleb128 0x11
 528 008b 01       		.uleb128 0x1
 529 008c 31       		.uleb128 0x31
 530 008d 13       		.uleb128 0x13
 531 008e 01       		.uleb128 0x1
 532 008f 13       		.uleb128 0x13
 533 0090 00       		.byte	0
 534 0091 00       		.byte	0
 535 0092 0B       		.uleb128 0xb
 536 0093 8A8201   		.uleb128 0x410a
 537 0096 00       		.byte	0
 538 0097 02       		.uleb128 0x2
 539 0098 18       		.uleb128 0x18
 540 0099 9142     		.uleb128 0x2111
 541 009b 18       		.uleb128 0x18
 542 009c 00       		.byte	0
 543 009d 00       		.byte	0
 544 009e 0C       		.uleb128 0xc
 545 009f 898201   		.uleb128 0x4109
 546 00a2 01       		.byte	0x1
 547 00a3 11       		.uleb128 0x11
 548 00a4 01       		.uleb128 0x1
 549 00a5 31       		.uleb128 0x31
 550 00a6 13       		.uleb128 0x13
 551 00a7 00       		.byte	0
 552 00a8 00       		.byte	0
 553 00a9 0D       		.uleb128 0xd
 554 00aa 34       		.uleb128 0x34
 555 00ab 00       		.byte	0
 556 00ac 03       		.uleb128 0x3
 557 00ad 0E       		.uleb128 0xe
 558 00ae 3A       		.uleb128 0x3a
 559 00af 0B       		.uleb128 0xb
 560 00b0 3B       		.uleb128 0x3b
 561 00b1 05       		.uleb128 0x5
 562 00b2 49       		.uleb128 0x49
 563 00b3 13       		.uleb128 0x13
 564 00b4 3F       		.uleb128 0x3f
 565 00b5 19       		.uleb128 0x19
 566 00b6 3C       		.uleb128 0x3c
 567 00b7 19       		.uleb128 0x19
 568 00b8 00       		.byte	0
 569 00b9 00       		.byte	0
 570 00ba 0E       		.uleb128 0xe
 571 00bb 35       		.uleb128 0x35
 572 00bc 00       		.byte	0
 573 00bd 49       		.uleb128 0x49
 574 00be 13       		.uleb128 0x13
 575 00bf 00       		.byte	0
 576 00c0 00       		.byte	0
ARM GAS  C:\Users\GEORGE~1\AppData\Local\Temp\ccc5jYmb.s 			page 12


 577 00c1 0F       		.uleb128 0xf
 578 00c2 01       		.uleb128 0x1
 579 00c3 01       		.byte	0x1
 580 00c4 49       		.uleb128 0x49
 581 00c5 13       		.uleb128 0x13
 582 00c6 01       		.uleb128 0x1
 583 00c7 13       		.uleb128 0x13
 584 00c8 00       		.byte	0
 585 00c9 00       		.byte	0
 586 00ca 10       		.uleb128 0x10
 587 00cb 21       		.uleb128 0x21
 588 00cc 00       		.byte	0
 589 00cd 49       		.uleb128 0x49
 590 00ce 13       		.uleb128 0x13
 591 00cf 2F       		.uleb128 0x2f
 592 00d0 0B       		.uleb128 0xb
 593 00d1 00       		.byte	0
 594 00d2 00       		.byte	0
 595 00d3 11       		.uleb128 0x11
 596 00d4 34       		.uleb128 0x34
 597 00d5 00       		.byte	0
 598 00d6 03       		.uleb128 0x3
 599 00d7 0E       		.uleb128 0xe
 600 00d8 3A       		.uleb128 0x3a
 601 00d9 0B       		.uleb128 0xb
 602 00da 3B       		.uleb128 0x3b
 603 00db 0B       		.uleb128 0xb
 604 00dc 49       		.uleb128 0x49
 605 00dd 13       		.uleb128 0x13
 606 00de 3F       		.uleb128 0x3f
 607 00df 19       		.uleb128 0x19
 608 00e0 02       		.uleb128 0x2
 609 00e1 18       		.uleb128 0x18
 610 00e2 00       		.byte	0
 611 00e3 00       		.byte	0
 612 00e4 12       		.uleb128 0x12
 613 00e5 34       		.uleb128 0x34
 614 00e6 00       		.byte	0
 615 00e7 03       		.uleb128 0x3
 616 00e8 08       		.uleb128 0x8
 617 00e9 3A       		.uleb128 0x3a
 618 00ea 0B       		.uleb128 0xb
 619 00eb 3B       		.uleb128 0x3b
 620 00ec 0B       		.uleb128 0xb
 621 00ed 49       		.uleb128 0x49
 622 00ee 13       		.uleb128 0x13
 623 00ef 3F       		.uleb128 0x3f
 624 00f0 19       		.uleb128 0x19
 625 00f1 02       		.uleb128 0x2
 626 00f2 18       		.uleb128 0x18
 627 00f3 00       		.byte	0
 628 00f4 00       		.byte	0
 629 00f5 13       		.uleb128 0x13
 630 00f6 2E       		.uleb128 0x2e
 631 00f7 00       		.byte	0
 632 00f8 3F       		.uleb128 0x3f
 633 00f9 19       		.uleb128 0x19
ARM GAS  C:\Users\GEORGE~1\AppData\Local\Temp\ccc5jYmb.s 			page 13


 634 00fa 3C       		.uleb128 0x3c
 635 00fb 19       		.uleb128 0x19
 636 00fc 6E       		.uleb128 0x6e
 637 00fd 0E       		.uleb128 0xe
 638 00fe 03       		.uleb128 0x3
 639 00ff 0E       		.uleb128 0xe
 640 0100 3A       		.uleb128 0x3a
 641 0101 0B       		.uleb128 0xb
 642 0102 3B       		.uleb128 0x3b
 643 0103 0B       		.uleb128 0xb
 644 0104 00       		.byte	0
 645 0105 00       		.byte	0
 646 0106 00       		.byte	0
 647              		.section	.debug_aranges,"",%progbits
 648 0000 1C000000 		.4byte	0x1c
 649 0004 0200     		.2byte	0x2
 650 0006 00000000 		.4byte	.Ldebug_info0
 651 000a 04       		.byte	0x4
 652 000b 00       		.byte	0
 653 000c 0000     		.2byte	0
 654 000e 0000     		.2byte	0
 655 0010 00000000 		.4byte	.LFB63
 656 0014 6C000000 		.4byte	.LFE63-.LFB63
 657 0018 00000000 		.4byte	0
 658 001c 00000000 		.4byte	0
 659              		.section	.debug_ranges,"",%progbits
 660              	.Ldebug_ranges0:
 661 0000 00000000 		.4byte	.LFB63
 662 0004 6C000000 		.4byte	.LFE63
 663 0008 00000000 		.4byte	0
 664 000c 00000000 		.4byte	0
 665              		.section	.debug_line,"",%progbits
 666              	.Ldebug_line0:
 667 0000 9A010000 		.section	.debug_str,"MS",%progbits,1
 667      02006301 
 667      00000201 
 667      FB0E0D00 
 667      01010101 
 668              	.LASF25:
 669 0000 55415254 		.ascii	"UART_1_Start\000"
 669      5F315F53 
 669      74617274 
 669      00
 670              	.LASF9:
 671 000d 5F5F696E 		.ascii	"__int32_t\000"
 671      7433325F 
 671      7400
 672              	.LASF24:
 673 0017 53746174 		.ascii	"Status\000"
 673      757300
 674              	.LASF23:
 675 001e 52636F75 		.ascii	"Rcount\000"
 675      6E7400
 676              	.LASF13:
 677 0025 666C6F61 		.ascii	"float\000"
 677      7400
 678              	.LASF32:
ARM GAS  C:\Users\GEORGE~1\AppData\Local\Temp\ccc5jYmb.s 			page 14


 679 002b 433A5C55 		.ascii	"C:\\Users\\George Anwar\\Documents\\UC Berkeley\\ME"
 679      73657273 
 679      5C47656F 
 679      72676520 
 679      416E7761 
 680 0059 31333520 		.ascii	"135 Spring 2020\\PSOC Creator\\ME135_235\\PIXY2I2C."
 680      53707269 
 680      6E672032 
 680      3032305C 
 680      50534F43 
 681 0089 63796473 		.ascii	"cydsn\000"
 681      6E00
 682              	.LASF30:
 683 008f 474E5520 		.ascii	"GNU C11 5.4.1 20160609 (release) [ARM/embedded-5-br"
 683      43313120 
 683      352E342E 
 683      31203230 
 683      31363036 
 684 00c2 616E6368 		.ascii	"anch revision 237715] -mcpu=cortex-m3 -mthumb -g -O"
 684      20726576 
 684      6973696F 
 684      6E203233 
 684      37373135 
 685 00f5 67202D66 		.ascii	"g -ffunction-sections -ffat-lto-objects\000"
 685      66756E63 
 685      74696F6E 
 685      2D736563 
 685      74696F6E 
 686              	.LASF5:
 687 011d 6C6F6E67 		.ascii	"long unsigned int\000"
 687      20756E73 
 687      69676E65 
 687      6420696E 
 687      7400
 688              	.LASF3:
 689 012f 73686F72 		.ascii	"short unsigned int\000"
 689      7420756E 
 689      7369676E 
 689      65642069 
 689      6E7400
 690              	.LASF20:
 691 0142 49544D5F 		.ascii	"ITM_RxBuffer\000"
 691      52784275 
 691      66666572 
 691      00
 692              	.LASF1:
 693 014f 756E7369 		.ascii	"unsigned char\000"
 693      676E6564 
 693      20636861 
 693      7200
 694              	.LASF18:
 695 015d 56444143 		.ascii	"VDAC8_1_Start\000"
 695      385F315F 
 695      53746172 
 695      7400
 696              	.LASF14:
 697 016b 646F7562 		.ascii	"double\000"
ARM GAS  C:\Users\GEORGE~1\AppData\Local\Temp\ccc5jYmb.s 			page 15


 697      6C6500
 698              	.LASF12:
 699 0172 75696E74 		.ascii	"uint16\000"
 699      313600
 700              	.LASF22:
 701 0179 44617461 		.ascii	"Data\000"
 701      00
 702              	.LASF33:
 703 017e 6D61696E 		.ascii	"main\000"
 703      00
 704              	.LASF29:
 705 0183 43794465 		.ascii	"CyDelayUs\000"
 705      6C617955 
 705      7300
 706              	.LASF8:
 707 018d 756E7369 		.ascii	"unsigned int\000"
 707      676E6564 
 707      20696E74 
 707      00
 708              	.LASF7:
 709 019a 6C6F6E67 		.ascii	"long long unsigned int\000"
 709      206C6F6E 
 709      6720756E 
 709      7369676E 
 709      65642069 
 710              	.LASF26:
 711 01b1 55415254 		.ascii	"UART_1_PutArray\000"
 711      5F315F50 
 711      75744172 
 711      72617900 
 712              	.LASF28:
 713 01c1 55415254 		.ascii	"UART_1_GetChar\000"
 713      5F315F47 
 713      65744368 
 713      617200
 714              	.LASF10:
 715 01d0 696E7433 		.ascii	"int32_t\000"
 715      325F7400 
 716              	.LASF17:
 717 01d8 73697A65 		.ascii	"sizetype\000"
 717      74797065 
 717      00
 718              	.LASF6:
 719 01e1 6C6F6E67 		.ascii	"long long int\000"
 719      206C6F6E 
 719      6720696E 
 719      7400
 720              	.LASF31:
 721 01ef 6D61696E 		.ascii	"main.c\000"
 721      2E6300
 722              	.LASF15:
 723 01f6 63686172 		.ascii	"char\000"
 723      00
 724              	.LASF2:
 725 01fb 73686F72 		.ascii	"short int\000"
 725      7420696E 
 725      7400
ARM GAS  C:\Users\GEORGE~1\AppData\Local\Temp\ccc5jYmb.s 			page 16


 726              	.LASF11:
 727 0205 75696E74 		.ascii	"uint8\000"
 727      3800
 728              	.LASF4:
 729 020b 6C6F6E67 		.ascii	"long int\000"
 729      20696E74 
 729      00
 730              	.LASF16:
 731 0214 6C6F6E67 		.ascii	"long double\000"
 731      20646F75 
 731      626C6500 
 732              	.LASF21:
 733 0220 7472616E 		.ascii	"transmitbuffer\000"
 733      736D6974 
 733      62756666 
 733      657200
 734              	.LASF0:
 735 022f 7369676E 		.ascii	"signed char\000"
 735      65642063 
 735      68617200 
 736              	.LASF27:
 737 023b 55415254 		.ascii	"UART_1_ReadRxStatus\000"
 737      5F315F52 
 737      65616452 
 737      78537461 
 737      74757300 
 738              	.LASF19:
 739 024f 436F6D70 		.ascii	"Comp_1_Start\000"
 739      5F315F53 
 739      74617274 
 739      00
 740              		.ident	"GCC: (GNU Tools for ARM Embedded Processors) 5.4.1 20160609 (release) [ARM/embedded-5-bran
