ARM GAS  C:\Users\GEORGE~1\AppData\Local\Temp\cczB7MeH.s 			page 1


   1              		.syntax unified
   2              		.cpu cortex-m3
   3              		.fpu softvfp
   4              		.eabi_attribute 20, 1
   5              		.eabi_attribute 21, 1
   6              		.eabi_attribute 23, 3
   7              		.eabi_attribute 24, 1
   8              		.eabi_attribute 25, 1
   9              		.eabi_attribute 26, 1
  10              		.eabi_attribute 30, 1
  11              		.eabi_attribute 34, 1
  12              		.eabi_attribute 18, 4
  13              		.thumb
  14              		.syntax unified
  15              		.file	"StepperCount.c"
  16              		.text
  17              	.Ltext0:
  18              		.cfi_sections	.debug_frame
  19              		.section	.text.StepperCount_Enable,"ax",%progbits
  20              		.align	2
  21              		.global	StepperCount_Enable
  22              		.thumb
  23              		.thumb_func
  24              		.type	StepperCount_Enable, %function
  25              	StepperCount_Enable:
  26              	.LFB1:
  27              		.file 1 "Generated_Source\\PSoC5\\StepperCount.c"
   1:Generated_Source\PSoC5/StepperCount.c **** /*******************************************************************************
   2:Generated_Source\PSoC5/StepperCount.c **** * File Name: StepperCount.c  
   3:Generated_Source\PSoC5/StepperCount.c **** * Version 3.0
   4:Generated_Source\PSoC5/StepperCount.c **** *
   5:Generated_Source\PSoC5/StepperCount.c **** *  Description:
   6:Generated_Source\PSoC5/StepperCount.c **** *     The Counter component consists of a 8, 16, 24 or 32-bit counter with
   7:Generated_Source\PSoC5/StepperCount.c **** *     a selectable period between 2 and 2^Width - 1.  
   8:Generated_Source\PSoC5/StepperCount.c **** *
   9:Generated_Source\PSoC5/StepperCount.c **** *   Note:
  10:Generated_Source\PSoC5/StepperCount.c **** *     None
  11:Generated_Source\PSoC5/StepperCount.c **** *
  12:Generated_Source\PSoC5/StepperCount.c **** ********************************************************************************
  13:Generated_Source\PSoC5/StepperCount.c **** * Copyright 2008-2012, Cypress Semiconductor Corporation.  All rights reserved.
  14:Generated_Source\PSoC5/StepperCount.c **** * You may use this file only in accordance with the license, terms, conditions, 
  15:Generated_Source\PSoC5/StepperCount.c **** * disclaimers, and limitations in the end user license agreement accompanying 
  16:Generated_Source\PSoC5/StepperCount.c **** * the software package with which this file was provided.
  17:Generated_Source\PSoC5/StepperCount.c **** *******************************************************************************/
  18:Generated_Source\PSoC5/StepperCount.c **** 
  19:Generated_Source\PSoC5/StepperCount.c **** #include "StepperCount.h"
  20:Generated_Source\PSoC5/StepperCount.c **** 
  21:Generated_Source\PSoC5/StepperCount.c **** uint8 StepperCount_initVar = 0u;
  22:Generated_Source\PSoC5/StepperCount.c **** 
  23:Generated_Source\PSoC5/StepperCount.c **** 
  24:Generated_Source\PSoC5/StepperCount.c **** /*******************************************************************************
  25:Generated_Source\PSoC5/StepperCount.c **** * Function Name: StepperCount_Init
  26:Generated_Source\PSoC5/StepperCount.c **** ********************************************************************************
  27:Generated_Source\PSoC5/StepperCount.c **** * Summary:
  28:Generated_Source\PSoC5/StepperCount.c **** *     Initialize to the schematic state
  29:Generated_Source\PSoC5/StepperCount.c **** * 
  30:Generated_Source\PSoC5/StepperCount.c **** * Parameters:  
ARM GAS  C:\Users\GEORGE~1\AppData\Local\Temp\cczB7MeH.s 			page 2


  31:Generated_Source\PSoC5/StepperCount.c **** *  void  
  32:Generated_Source\PSoC5/StepperCount.c **** *
  33:Generated_Source\PSoC5/StepperCount.c **** * Return: 
  34:Generated_Source\PSoC5/StepperCount.c **** *  void
  35:Generated_Source\PSoC5/StepperCount.c **** *
  36:Generated_Source\PSoC5/StepperCount.c **** *******************************************************************************/
  37:Generated_Source\PSoC5/StepperCount.c **** void StepperCount_Init(void) 
  38:Generated_Source\PSoC5/StepperCount.c **** {
  39:Generated_Source\PSoC5/StepperCount.c ****         #if (!StepperCount_UsingFixedFunction && !StepperCount_ControlRegRemoved)
  40:Generated_Source\PSoC5/StepperCount.c ****             uint8 ctrl;
  41:Generated_Source\PSoC5/StepperCount.c ****         #endif /* (!StepperCount_UsingFixedFunction && !StepperCount_ControlRegRemoved) */
  42:Generated_Source\PSoC5/StepperCount.c ****         
  43:Generated_Source\PSoC5/StepperCount.c ****         #if(!StepperCount_UsingFixedFunction) 
  44:Generated_Source\PSoC5/StepperCount.c ****             /* Interrupt State Backup for Critical Region*/
  45:Generated_Source\PSoC5/StepperCount.c ****             uint8 StepperCount_interruptState;
  46:Generated_Source\PSoC5/StepperCount.c ****         #endif /* (!StepperCount_UsingFixedFunction) */
  47:Generated_Source\PSoC5/StepperCount.c ****         
  48:Generated_Source\PSoC5/StepperCount.c ****         #if (StepperCount_UsingFixedFunction)
  49:Generated_Source\PSoC5/StepperCount.c ****             /* Clear all bits but the enable bit (if it's already set for Timer operation */
  50:Generated_Source\PSoC5/StepperCount.c ****             StepperCount_CONTROL &= StepperCount_CTRL_ENABLE;
  51:Generated_Source\PSoC5/StepperCount.c ****             
  52:Generated_Source\PSoC5/StepperCount.c ****             /* Clear the mode bits for continuous run mode */
  53:Generated_Source\PSoC5/StepperCount.c ****             #if (CY_PSOC5A)
  54:Generated_Source\PSoC5/StepperCount.c ****                 StepperCount_CONTROL2 &= ((uint8)(~StepperCount_CTRL_MODE_MASK));
  55:Generated_Source\PSoC5/StepperCount.c ****             #endif /* (CY_PSOC5A) */
  56:Generated_Source\PSoC5/StepperCount.c ****             #if (CY_PSOC3 || CY_PSOC5LP)
  57:Generated_Source\PSoC5/StepperCount.c ****                 StepperCount_CONTROL3 &= ((uint8)(~StepperCount_CTRL_MODE_MASK));                
  58:Generated_Source\PSoC5/StepperCount.c ****             #endif /* (CY_PSOC3 || CY_PSOC5LP) */
  59:Generated_Source\PSoC5/StepperCount.c ****             /* Check if One Shot mode is enabled i.e. RunMode !=0*/
  60:Generated_Source\PSoC5/StepperCount.c ****             #if (StepperCount_RunModeUsed != 0x0u)
  61:Generated_Source\PSoC5/StepperCount.c ****                 /* Set 3rd bit of Control register to enable one shot mode */
  62:Generated_Source\PSoC5/StepperCount.c ****                 StepperCount_CONTROL |= StepperCount_ONESHOT;
  63:Generated_Source\PSoC5/StepperCount.c ****             #endif /* (StepperCount_RunModeUsed != 0x0u) */
  64:Generated_Source\PSoC5/StepperCount.c ****             
  65:Generated_Source\PSoC5/StepperCount.c ****             /* Set the IRQ to use the status register interrupts */
  66:Generated_Source\PSoC5/StepperCount.c ****             StepperCount_CONTROL2 |= StepperCount_CTRL2_IRQ_SEL;
  67:Generated_Source\PSoC5/StepperCount.c ****             
  68:Generated_Source\PSoC5/StepperCount.c ****             /* Clear and Set SYNCTC and SYNCCMP bits of RT1 register */
  69:Generated_Source\PSoC5/StepperCount.c ****             StepperCount_RT1 &= ((uint8)(~StepperCount_RT1_MASK));
  70:Generated_Source\PSoC5/StepperCount.c ****             StepperCount_RT1 |= StepperCount_SYNC;     
  71:Generated_Source\PSoC5/StepperCount.c ****                     
  72:Generated_Source\PSoC5/StepperCount.c ****             /*Enable DSI Sync all all inputs of the Timer*/
  73:Generated_Source\PSoC5/StepperCount.c ****             StepperCount_RT1 &= ((uint8)(~StepperCount_SYNCDSI_MASK));
  74:Generated_Source\PSoC5/StepperCount.c ****             StepperCount_RT1 |= StepperCount_SYNCDSI_EN;
  75:Generated_Source\PSoC5/StepperCount.c **** 
  76:Generated_Source\PSoC5/StepperCount.c ****         #else
  77:Generated_Source\PSoC5/StepperCount.c ****             #if(!StepperCount_ControlRegRemoved)
  78:Generated_Source\PSoC5/StepperCount.c ****             /* Set the default compare mode defined in the parameter */
  79:Generated_Source\PSoC5/StepperCount.c ****             ctrl = StepperCount_CONTROL & ((uint8)(~StepperCount_CTRL_CMPMODE_MASK));
  80:Generated_Source\PSoC5/StepperCount.c ****             StepperCount_CONTROL = ctrl | StepperCount_DEFAULT_COMPARE_MODE;
  81:Generated_Source\PSoC5/StepperCount.c ****             
  82:Generated_Source\PSoC5/StepperCount.c ****             /* Set the default capture mode defined in the parameter */
  83:Generated_Source\PSoC5/StepperCount.c ****             ctrl = StepperCount_CONTROL & ((uint8)(~StepperCount_CTRL_CAPMODE_MASK));
  84:Generated_Source\PSoC5/StepperCount.c ****             
  85:Generated_Source\PSoC5/StepperCount.c ****             #if( 0 != StepperCount_CAPTURE_MODE_CONF)
  86:Generated_Source\PSoC5/StepperCount.c ****                 StepperCount_CONTROL = ctrl | StepperCount_DEFAULT_CAPTURE_MODE;
  87:Generated_Source\PSoC5/StepperCount.c ****             #else
ARM GAS  C:\Users\GEORGE~1\AppData\Local\Temp\cczB7MeH.s 			page 3


  88:Generated_Source\PSoC5/StepperCount.c ****                 StepperCount_CONTROL = ctrl;
  89:Generated_Source\PSoC5/StepperCount.c ****             #endif /* 0 != StepperCount_CAPTURE_MODE */ 
  90:Generated_Source\PSoC5/StepperCount.c ****             
  91:Generated_Source\PSoC5/StepperCount.c ****             #endif /* (!StepperCount_ControlRegRemoved) */
  92:Generated_Source\PSoC5/StepperCount.c ****         #endif /* (StepperCount_UsingFixedFunction) */
  93:Generated_Source\PSoC5/StepperCount.c ****         
  94:Generated_Source\PSoC5/StepperCount.c ****         /* Clear all data in the FIFO's */
  95:Generated_Source\PSoC5/StepperCount.c ****         #if (!StepperCount_UsingFixedFunction)
  96:Generated_Source\PSoC5/StepperCount.c ****             StepperCount_ClearFIFO();
  97:Generated_Source\PSoC5/StepperCount.c ****         #endif /* (!StepperCount_UsingFixedFunction) */
  98:Generated_Source\PSoC5/StepperCount.c ****         
  99:Generated_Source\PSoC5/StepperCount.c ****         /* Set Initial values from Configuration */
 100:Generated_Source\PSoC5/StepperCount.c ****         StepperCount_WritePeriod(StepperCount_INIT_PERIOD_VALUE);
 101:Generated_Source\PSoC5/StepperCount.c ****         #if (!(StepperCount_UsingFixedFunction && (CY_PSOC5A)))
 102:Generated_Source\PSoC5/StepperCount.c ****             StepperCount_WriteCounter(StepperCount_INIT_COUNTER_VALUE);
 103:Generated_Source\PSoC5/StepperCount.c ****         #endif /* (!(StepperCount_UsingFixedFunction && (CY_PSOC5A))) */
 104:Generated_Source\PSoC5/StepperCount.c ****         StepperCount_SetInterruptMode(StepperCount_INIT_INTERRUPTS_MASK);
 105:Generated_Source\PSoC5/StepperCount.c ****         
 106:Generated_Source\PSoC5/StepperCount.c ****         #if (!StepperCount_UsingFixedFunction)
 107:Generated_Source\PSoC5/StepperCount.c ****             /* Read the status register to clear the unwanted interrupts */
 108:Generated_Source\PSoC5/StepperCount.c ****             (void)StepperCount_ReadStatusRegister();
 109:Generated_Source\PSoC5/StepperCount.c ****             /* Set the compare value (only available to non-fixed function implementation */
 110:Generated_Source\PSoC5/StepperCount.c ****             StepperCount_WriteCompare(StepperCount_INIT_COMPARE_VALUE);
 111:Generated_Source\PSoC5/StepperCount.c ****             /* Use the interrupt output of the status register for IRQ output */
 112:Generated_Source\PSoC5/StepperCount.c ****             
 113:Generated_Source\PSoC5/StepperCount.c ****             /* CyEnterCriticalRegion and CyExitCriticalRegion are used to mark following region cri
 114:Generated_Source\PSoC5/StepperCount.c ****             /* Enter Critical Region*/
 115:Generated_Source\PSoC5/StepperCount.c ****             StepperCount_interruptState = CyEnterCriticalSection();
 116:Generated_Source\PSoC5/StepperCount.c ****             
 117:Generated_Source\PSoC5/StepperCount.c ****             StepperCount_STATUS_AUX_CTRL |= StepperCount_STATUS_ACTL_INT_EN_MASK;
 118:Generated_Source\PSoC5/StepperCount.c ****             
 119:Generated_Source\PSoC5/StepperCount.c ****             /* Exit Critical Region*/
 120:Generated_Source\PSoC5/StepperCount.c ****             CyExitCriticalSection(StepperCount_interruptState);
 121:Generated_Source\PSoC5/StepperCount.c ****             
 122:Generated_Source\PSoC5/StepperCount.c ****         #endif /* (!StepperCount_UsingFixedFunction) */
 123:Generated_Source\PSoC5/StepperCount.c **** }
 124:Generated_Source\PSoC5/StepperCount.c **** 
 125:Generated_Source\PSoC5/StepperCount.c **** 
 126:Generated_Source\PSoC5/StepperCount.c **** /*******************************************************************************
 127:Generated_Source\PSoC5/StepperCount.c **** * Function Name: StepperCount_Enable
 128:Generated_Source\PSoC5/StepperCount.c **** ********************************************************************************
 129:Generated_Source\PSoC5/StepperCount.c **** * Summary:
 130:Generated_Source\PSoC5/StepperCount.c **** *     Enable the Counter
 131:Generated_Source\PSoC5/StepperCount.c **** * 
 132:Generated_Source\PSoC5/StepperCount.c **** * Parameters:  
 133:Generated_Source\PSoC5/StepperCount.c **** *  void  
 134:Generated_Source\PSoC5/StepperCount.c **** *
 135:Generated_Source\PSoC5/StepperCount.c **** * Return: 
 136:Generated_Source\PSoC5/StepperCount.c **** *  void
 137:Generated_Source\PSoC5/StepperCount.c **** *
 138:Generated_Source\PSoC5/StepperCount.c **** * Side Effects: 
 139:Generated_Source\PSoC5/StepperCount.c **** *   If the Enable mode is set to Hardware only then this function has no effect 
 140:Generated_Source\PSoC5/StepperCount.c **** *   on the operation of the counter.
 141:Generated_Source\PSoC5/StepperCount.c **** *
 142:Generated_Source\PSoC5/StepperCount.c **** *******************************************************************************/
 143:Generated_Source\PSoC5/StepperCount.c **** void StepperCount_Enable(void) 
 144:Generated_Source\PSoC5/StepperCount.c **** {
ARM GAS  C:\Users\GEORGE~1\AppData\Local\Temp\cczB7MeH.s 			page 4


  28              		.loc 1 144 0
  29              		.cfi_startproc
  30              		@ args = 0, pretend = 0, frame = 0
  31              		@ frame_needed = 0, uses_anonymous_args = 0
  32              		@ link register save eliminated.
  33 0000 7047     		bx	lr
  34              		.cfi_endproc
  35              	.LFE1:
  36              		.size	StepperCount_Enable, .-StepperCount_Enable
  37 0002 00BF     		.section	.text.StepperCount_Stop,"ax",%progbits
  38              		.align	2
  39              		.global	StepperCount_Stop
  40              		.thumb
  41              		.thumb_func
  42              		.type	StepperCount_Stop, %function
  43              	StepperCount_Stop:
  44              	.LFB3:
 145:Generated_Source\PSoC5/StepperCount.c ****     /* Globally Enable the Fixed Function Block chosen */
 146:Generated_Source\PSoC5/StepperCount.c ****     #if (StepperCount_UsingFixedFunction)
 147:Generated_Source\PSoC5/StepperCount.c ****         StepperCount_GLOBAL_ENABLE |= StepperCount_BLOCK_EN_MASK;
 148:Generated_Source\PSoC5/StepperCount.c ****         StepperCount_GLOBAL_STBY_ENABLE |= StepperCount_BLOCK_STBY_EN_MASK;
 149:Generated_Source\PSoC5/StepperCount.c ****     #endif /* (StepperCount_UsingFixedFunction) */  
 150:Generated_Source\PSoC5/StepperCount.c ****         
 151:Generated_Source\PSoC5/StepperCount.c ****     /* Enable the counter from the control register  */
 152:Generated_Source\PSoC5/StepperCount.c ****     /* If Fixed Function then make sure Mode is set correctly */
 153:Generated_Source\PSoC5/StepperCount.c ****     /* else make sure reset is clear */
 154:Generated_Source\PSoC5/StepperCount.c ****     #if(!StepperCount_ControlRegRemoved || StepperCount_UsingFixedFunction)
 155:Generated_Source\PSoC5/StepperCount.c ****         StepperCount_CONTROL |= StepperCount_CTRL_ENABLE;                
 156:Generated_Source\PSoC5/StepperCount.c ****     #endif /* (!StepperCount_ControlRegRemoved || StepperCount_UsingFixedFunction) */
 157:Generated_Source\PSoC5/StepperCount.c ****     
 158:Generated_Source\PSoC5/StepperCount.c **** }
 159:Generated_Source\PSoC5/StepperCount.c **** 
 160:Generated_Source\PSoC5/StepperCount.c **** 
 161:Generated_Source\PSoC5/StepperCount.c **** /*******************************************************************************
 162:Generated_Source\PSoC5/StepperCount.c **** * Function Name: StepperCount_Start
 163:Generated_Source\PSoC5/StepperCount.c **** ********************************************************************************
 164:Generated_Source\PSoC5/StepperCount.c **** * Summary:
 165:Generated_Source\PSoC5/StepperCount.c **** *  Enables the counter for operation 
 166:Generated_Source\PSoC5/StepperCount.c **** *
 167:Generated_Source\PSoC5/StepperCount.c **** * Parameters:  
 168:Generated_Source\PSoC5/StepperCount.c **** *  void  
 169:Generated_Source\PSoC5/StepperCount.c **** *
 170:Generated_Source\PSoC5/StepperCount.c **** * Return: 
 171:Generated_Source\PSoC5/StepperCount.c **** *  void
 172:Generated_Source\PSoC5/StepperCount.c **** *
 173:Generated_Source\PSoC5/StepperCount.c **** * Global variables:
 174:Generated_Source\PSoC5/StepperCount.c **** *  StepperCount_initVar: Is modified when this function is called for the  
 175:Generated_Source\PSoC5/StepperCount.c **** *   first time. Is used to ensure that initialization happens only once.
 176:Generated_Source\PSoC5/StepperCount.c **** *
 177:Generated_Source\PSoC5/StepperCount.c **** *******************************************************************************/
 178:Generated_Source\PSoC5/StepperCount.c **** void StepperCount_Start(void) 
 179:Generated_Source\PSoC5/StepperCount.c **** {
 180:Generated_Source\PSoC5/StepperCount.c ****     if(StepperCount_initVar == 0u)
 181:Generated_Source\PSoC5/StepperCount.c ****     {
 182:Generated_Source\PSoC5/StepperCount.c ****         StepperCount_Init();
 183:Generated_Source\PSoC5/StepperCount.c ****         
 184:Generated_Source\PSoC5/StepperCount.c ****         StepperCount_initVar = 1u; /* Clear this bit for Initialization */        
ARM GAS  C:\Users\GEORGE~1\AppData\Local\Temp\cczB7MeH.s 			page 5


 185:Generated_Source\PSoC5/StepperCount.c ****     }
 186:Generated_Source\PSoC5/StepperCount.c ****     
 187:Generated_Source\PSoC5/StepperCount.c ****     /* Enable the Counter */
 188:Generated_Source\PSoC5/StepperCount.c ****     StepperCount_Enable();        
 189:Generated_Source\PSoC5/StepperCount.c **** }
 190:Generated_Source\PSoC5/StepperCount.c **** 
 191:Generated_Source\PSoC5/StepperCount.c **** 
 192:Generated_Source\PSoC5/StepperCount.c **** /*******************************************************************************
 193:Generated_Source\PSoC5/StepperCount.c **** * Function Name: StepperCount_Stop
 194:Generated_Source\PSoC5/StepperCount.c **** ********************************************************************************
 195:Generated_Source\PSoC5/StepperCount.c **** * Summary:
 196:Generated_Source\PSoC5/StepperCount.c **** * Halts the counter, but does not change any modes or disable interrupts.
 197:Generated_Source\PSoC5/StepperCount.c **** *
 198:Generated_Source\PSoC5/StepperCount.c **** * Parameters:  
 199:Generated_Source\PSoC5/StepperCount.c **** *  void  
 200:Generated_Source\PSoC5/StepperCount.c **** *
 201:Generated_Source\PSoC5/StepperCount.c **** * Return: 
 202:Generated_Source\PSoC5/StepperCount.c **** *  void
 203:Generated_Source\PSoC5/StepperCount.c **** *
 204:Generated_Source\PSoC5/StepperCount.c **** * Side Effects: If the Enable mode is set to Hardware only then this function
 205:Generated_Source\PSoC5/StepperCount.c **** *               has no effect on the operation of the counter.
 206:Generated_Source\PSoC5/StepperCount.c **** *
 207:Generated_Source\PSoC5/StepperCount.c **** *******************************************************************************/
 208:Generated_Source\PSoC5/StepperCount.c **** void StepperCount_Stop(void) 
 209:Generated_Source\PSoC5/StepperCount.c **** {
  45              		.loc 1 209 0
  46              		.cfi_startproc
  47              		@ args = 0, pretend = 0, frame = 0
  48              		@ frame_needed = 0, uses_anonymous_args = 0
  49              		@ link register save eliminated.
  50 0000 7047     		bx	lr
  51              		.cfi_endproc
  52              	.LFE3:
  53              		.size	StepperCount_Stop, .-StepperCount_Stop
  54 0002 00BF     		.section	.text.StepperCount_SetInterruptMode,"ax",%progbits
  55              		.align	2
  56              		.global	StepperCount_SetInterruptMode
  57              		.thumb
  58              		.thumb_func
  59              		.type	StepperCount_SetInterruptMode, %function
  60              	StepperCount_SetInterruptMode:
  61              	.LFB4:
 210:Generated_Source\PSoC5/StepperCount.c ****     /* Disable Counter */
 211:Generated_Source\PSoC5/StepperCount.c ****     #if(!StepperCount_ControlRegRemoved || StepperCount_UsingFixedFunction)
 212:Generated_Source\PSoC5/StepperCount.c ****         StepperCount_CONTROL &= ((uint8)(~StepperCount_CTRL_ENABLE));        
 213:Generated_Source\PSoC5/StepperCount.c ****     #endif /* (!StepperCount_ControlRegRemoved || StepperCount_UsingFixedFunction) */
 214:Generated_Source\PSoC5/StepperCount.c ****     
 215:Generated_Source\PSoC5/StepperCount.c ****     /* Globally disable the Fixed Function Block chosen */
 216:Generated_Source\PSoC5/StepperCount.c ****     #if (StepperCount_UsingFixedFunction)
 217:Generated_Source\PSoC5/StepperCount.c ****         StepperCount_GLOBAL_ENABLE &= ((uint8)(~StepperCount_BLOCK_EN_MASK));
 218:Generated_Source\PSoC5/StepperCount.c ****         StepperCount_GLOBAL_STBY_ENABLE &= ((uint8)(~StepperCount_BLOCK_STBY_EN_MASK));
 219:Generated_Source\PSoC5/StepperCount.c ****     #endif /* (StepperCount_UsingFixedFunction) */
 220:Generated_Source\PSoC5/StepperCount.c **** }
 221:Generated_Source\PSoC5/StepperCount.c **** 
 222:Generated_Source\PSoC5/StepperCount.c **** 
 223:Generated_Source\PSoC5/StepperCount.c **** /*******************************************************************************
 224:Generated_Source\PSoC5/StepperCount.c **** * Function Name: StepperCount_SetInterruptMode
ARM GAS  C:\Users\GEORGE~1\AppData\Local\Temp\cczB7MeH.s 			page 6


 225:Generated_Source\PSoC5/StepperCount.c **** ********************************************************************************
 226:Generated_Source\PSoC5/StepperCount.c **** * Summary:
 227:Generated_Source\PSoC5/StepperCount.c **** * Configures which interrupt sources are enabled to generate the final interrupt
 228:Generated_Source\PSoC5/StepperCount.c **** *
 229:Generated_Source\PSoC5/StepperCount.c **** * Parameters:  
 230:Generated_Source\PSoC5/StepperCount.c **** *  InterruptsMask: This parameter is an or'd collection of the status bits
 231:Generated_Source\PSoC5/StepperCount.c **** *                   which will be allowed to generate the counters interrupt.   
 232:Generated_Source\PSoC5/StepperCount.c **** *
 233:Generated_Source\PSoC5/StepperCount.c **** * Return: 
 234:Generated_Source\PSoC5/StepperCount.c **** *  void
 235:Generated_Source\PSoC5/StepperCount.c **** *
 236:Generated_Source\PSoC5/StepperCount.c **** *******************************************************************************/
 237:Generated_Source\PSoC5/StepperCount.c **** void StepperCount_SetInterruptMode(uint8 interruptsMask) 
 238:Generated_Source\PSoC5/StepperCount.c **** {
  62              		.loc 1 238 0
  63              		.cfi_startproc
  64              		@ args = 0, pretend = 0, frame = 0
  65              		@ frame_needed = 0, uses_anonymous_args = 0
  66              		@ link register save eliminated.
  67              	.LVL0:
 239:Generated_Source\PSoC5/StepperCount.c ****     StepperCount_STATUS_MASK = interruptsMask;
  68              		.loc 1 239 0
  69 0000 014B     		ldr	r3, .L4
  70 0002 1870     		strb	r0, [r3]
  71 0004 7047     		bx	lr
  72              	.L5:
  73 0006 00BF     		.align	2
  74              	.L4:
  75 0008 8F640040 		.word	1073767567
  76              		.cfi_endproc
  77              	.LFE4:
  78              		.size	StepperCount_SetInterruptMode, .-StepperCount_SetInterruptMode
  79              		.section	.text.StepperCount_ReadStatusRegister,"ax",%progbits
  80              		.align	2
  81              		.global	StepperCount_ReadStatusRegister
  82              		.thumb
  83              		.thumb_func
  84              		.type	StepperCount_ReadStatusRegister, %function
  85              	StepperCount_ReadStatusRegister:
  86              	.LFB5:
 240:Generated_Source\PSoC5/StepperCount.c **** }
 241:Generated_Source\PSoC5/StepperCount.c **** 
 242:Generated_Source\PSoC5/StepperCount.c **** 
 243:Generated_Source\PSoC5/StepperCount.c **** /*******************************************************************************
 244:Generated_Source\PSoC5/StepperCount.c **** * Function Name: StepperCount_ReadStatusRegister
 245:Generated_Source\PSoC5/StepperCount.c **** ********************************************************************************
 246:Generated_Source\PSoC5/StepperCount.c **** * Summary:
 247:Generated_Source\PSoC5/StepperCount.c **** *   Reads the status register and returns it's state. This function should use
 248:Generated_Source\PSoC5/StepperCount.c **** *       defined types for the bit-field information as the bits in this
 249:Generated_Source\PSoC5/StepperCount.c **** *       register may be permuteable.
 250:Generated_Source\PSoC5/StepperCount.c **** *
 251:Generated_Source\PSoC5/StepperCount.c **** * Parameters:  
 252:Generated_Source\PSoC5/StepperCount.c **** *  void
 253:Generated_Source\PSoC5/StepperCount.c **** *
 254:Generated_Source\PSoC5/StepperCount.c **** * Return: 
 255:Generated_Source\PSoC5/StepperCount.c **** *  (uint8) The contents of the status register
 256:Generated_Source\PSoC5/StepperCount.c **** *
ARM GAS  C:\Users\GEORGE~1\AppData\Local\Temp\cczB7MeH.s 			page 7


 257:Generated_Source\PSoC5/StepperCount.c **** * Side Effects:
 258:Generated_Source\PSoC5/StepperCount.c **** *   Status register bits may be clear on read. 
 259:Generated_Source\PSoC5/StepperCount.c **** *
 260:Generated_Source\PSoC5/StepperCount.c **** *******************************************************************************/
 261:Generated_Source\PSoC5/StepperCount.c **** uint8   StepperCount_ReadStatusRegister(void) 
 262:Generated_Source\PSoC5/StepperCount.c **** {
  87              		.loc 1 262 0
  88              		.cfi_startproc
  89              		@ args = 0, pretend = 0, frame = 0
  90              		@ frame_needed = 0, uses_anonymous_args = 0
  91              		@ link register save eliminated.
 263:Generated_Source\PSoC5/StepperCount.c ****     return StepperCount_STATUS;
  92              		.loc 1 263 0
  93 0000 014B     		ldr	r3, .L7
  94 0002 1878     		ldrb	r0, [r3]	@ zero_extendqisi2
 264:Generated_Source\PSoC5/StepperCount.c **** }
  95              		.loc 1 264 0
  96 0004 7047     		bx	lr
  97              	.L8:
  98 0006 00BF     		.align	2
  99              	.L7:
 100 0008 6F640040 		.word	1073767535
 101              		.cfi_endproc
 102              	.LFE5:
 103              		.size	StepperCount_ReadStatusRegister, .-StepperCount_ReadStatusRegister
 104              		.section	.text.StepperCount_WriteCounter,"ax",%progbits
 105              		.align	2
 106              		.global	StepperCount_WriteCounter
 107              		.thumb
 108              		.thumb_func
 109              		.type	StepperCount_WriteCounter, %function
 110              	StepperCount_WriteCounter:
 111              	.LFB6:
 265:Generated_Source\PSoC5/StepperCount.c **** 
 266:Generated_Source\PSoC5/StepperCount.c **** 
 267:Generated_Source\PSoC5/StepperCount.c **** #if(!StepperCount_ControlRegRemoved)
 268:Generated_Source\PSoC5/StepperCount.c **** /*******************************************************************************
 269:Generated_Source\PSoC5/StepperCount.c **** * Function Name: StepperCount_ReadControlRegister
 270:Generated_Source\PSoC5/StepperCount.c **** ********************************************************************************
 271:Generated_Source\PSoC5/StepperCount.c **** * Summary:
 272:Generated_Source\PSoC5/StepperCount.c **** *   Reads the control register and returns it's state. This function should use
 273:Generated_Source\PSoC5/StepperCount.c **** *       defined types for the bit-field information as the bits in this
 274:Generated_Source\PSoC5/StepperCount.c **** *       register may be permuteable.
 275:Generated_Source\PSoC5/StepperCount.c **** *
 276:Generated_Source\PSoC5/StepperCount.c **** * Parameters:  
 277:Generated_Source\PSoC5/StepperCount.c **** *  void
 278:Generated_Source\PSoC5/StepperCount.c **** *
 279:Generated_Source\PSoC5/StepperCount.c **** * Return: 
 280:Generated_Source\PSoC5/StepperCount.c **** *  (uint8) The contents of the control register
 281:Generated_Source\PSoC5/StepperCount.c **** *
 282:Generated_Source\PSoC5/StepperCount.c **** *******************************************************************************/
 283:Generated_Source\PSoC5/StepperCount.c **** uint8   StepperCount_ReadControlRegister(void) 
 284:Generated_Source\PSoC5/StepperCount.c **** {
 285:Generated_Source\PSoC5/StepperCount.c ****     return StepperCount_CONTROL;
 286:Generated_Source\PSoC5/StepperCount.c **** }
 287:Generated_Source\PSoC5/StepperCount.c **** 
 288:Generated_Source\PSoC5/StepperCount.c **** 
ARM GAS  C:\Users\GEORGE~1\AppData\Local\Temp\cczB7MeH.s 			page 8


 289:Generated_Source\PSoC5/StepperCount.c **** /*******************************************************************************
 290:Generated_Source\PSoC5/StepperCount.c **** * Function Name: StepperCount_WriteControlRegister
 291:Generated_Source\PSoC5/StepperCount.c **** ********************************************************************************
 292:Generated_Source\PSoC5/StepperCount.c **** * Summary:
 293:Generated_Source\PSoC5/StepperCount.c **** *   Sets the bit-field of the control register.  This function should use
 294:Generated_Source\PSoC5/StepperCount.c **** *       defined types for the bit-field information as the bits in this
 295:Generated_Source\PSoC5/StepperCount.c **** *       register may be permuteable.
 296:Generated_Source\PSoC5/StepperCount.c **** *
 297:Generated_Source\PSoC5/StepperCount.c **** * Parameters:  
 298:Generated_Source\PSoC5/StepperCount.c **** *  void
 299:Generated_Source\PSoC5/StepperCount.c **** *
 300:Generated_Source\PSoC5/StepperCount.c **** * Return: 
 301:Generated_Source\PSoC5/StepperCount.c **** *  (uint8) The contents of the control register
 302:Generated_Source\PSoC5/StepperCount.c **** *
 303:Generated_Source\PSoC5/StepperCount.c **** *******************************************************************************/
 304:Generated_Source\PSoC5/StepperCount.c **** void    StepperCount_WriteControlRegister(uint8 control) 
 305:Generated_Source\PSoC5/StepperCount.c **** {
 306:Generated_Source\PSoC5/StepperCount.c ****     StepperCount_CONTROL = control;
 307:Generated_Source\PSoC5/StepperCount.c **** }
 308:Generated_Source\PSoC5/StepperCount.c **** 
 309:Generated_Source\PSoC5/StepperCount.c **** #endif  /* (!StepperCount_ControlRegRemoved) */
 310:Generated_Source\PSoC5/StepperCount.c **** 
 311:Generated_Source\PSoC5/StepperCount.c **** 
 312:Generated_Source\PSoC5/StepperCount.c **** #if (!(StepperCount_UsingFixedFunction && (CY_PSOC5A)))
 313:Generated_Source\PSoC5/StepperCount.c **** /*******************************************************************************
 314:Generated_Source\PSoC5/StepperCount.c **** * Function Name: StepperCount_WriteCounter
 315:Generated_Source\PSoC5/StepperCount.c **** ********************************************************************************
 316:Generated_Source\PSoC5/StepperCount.c **** * Summary:
 317:Generated_Source\PSoC5/StepperCount.c **** *   This funtion is used to set the counter to a specific value
 318:Generated_Source\PSoC5/StepperCount.c **** *
 319:Generated_Source\PSoC5/StepperCount.c **** * Parameters:  
 320:Generated_Source\PSoC5/StepperCount.c **** *  counter:  New counter value. 
 321:Generated_Source\PSoC5/StepperCount.c **** *
 322:Generated_Source\PSoC5/StepperCount.c **** * Return: 
 323:Generated_Source\PSoC5/StepperCount.c **** *  void 
 324:Generated_Source\PSoC5/StepperCount.c **** *
 325:Generated_Source\PSoC5/StepperCount.c **** *******************************************************************************/
 326:Generated_Source\PSoC5/StepperCount.c **** void StepperCount_WriteCounter(uint32 counter) \
 327:Generated_Source\PSoC5/StepperCount.c ****                                    
 328:Generated_Source\PSoC5/StepperCount.c **** {
 112              		.loc 1 328 0
 113              		.cfi_startproc
 114              		@ args = 0, pretend = 0, frame = 0
 115              		@ frame_needed = 0, uses_anonymous_args = 0
 116              		@ link register save eliminated.
 117              	.LVL1:
 329:Generated_Source\PSoC5/StepperCount.c ****     #if(StepperCount_UsingFixedFunction)
 330:Generated_Source\PSoC5/StepperCount.c ****         /* assert if block is already enabled */
 331:Generated_Source\PSoC5/StepperCount.c ****         CYASSERT (0u == (StepperCount_GLOBAL_ENABLE & StepperCount_BLOCK_EN_MASK));
 332:Generated_Source\PSoC5/StepperCount.c ****         /* If block is disabled, enable it and then write the counter */
 333:Generated_Source\PSoC5/StepperCount.c ****         StepperCount_GLOBAL_ENABLE |= StepperCount_BLOCK_EN_MASK;
 334:Generated_Source\PSoC5/StepperCount.c ****         CY_SET_REG16(StepperCount_COUNTER_LSB_PTR, (uint16)counter);
 335:Generated_Source\PSoC5/StepperCount.c ****         StepperCount_GLOBAL_ENABLE &= ((uint8)(~StepperCount_BLOCK_EN_MASK));
 336:Generated_Source\PSoC5/StepperCount.c ****     #else
 337:Generated_Source\PSoC5/StepperCount.c ****         CY_SET_REG32(StepperCount_COUNTER_LSB_PTR, counter);
 118              		.loc 1 337 0
 119 0000 014B     		ldr	r3, .L10
ARM GAS  C:\Users\GEORGE~1\AppData\Local\Temp\cczB7MeH.s 			page 9


 120 0002 1860     		str	r0, [r3]
 121 0004 7047     		bx	lr
 122              	.L11:
 123 0006 00BF     		.align	2
 124              	.L10:
 125 0008 0C640040 		.word	1073767436
 126              		.cfi_endproc
 127              	.LFE6:
 128              		.size	StepperCount_WriteCounter, .-StepperCount_WriteCounter
 129              		.section	.text.StepperCount_ReadCounter,"ax",%progbits
 130              		.align	2
 131              		.global	StepperCount_ReadCounter
 132              		.thumb
 133              		.thumb_func
 134              		.type	StepperCount_ReadCounter, %function
 135              	StepperCount_ReadCounter:
 136              	.LFB7:
 338:Generated_Source\PSoC5/StepperCount.c ****     #endif /* (StepperCount_UsingFixedFunction) */
 339:Generated_Source\PSoC5/StepperCount.c **** }
 340:Generated_Source\PSoC5/StepperCount.c **** #endif /* (!(StepperCount_UsingFixedFunction && (CY_PSOC5A))) */
 341:Generated_Source\PSoC5/StepperCount.c **** 
 342:Generated_Source\PSoC5/StepperCount.c **** 
 343:Generated_Source\PSoC5/StepperCount.c **** /*******************************************************************************
 344:Generated_Source\PSoC5/StepperCount.c **** * Function Name: StepperCount_ReadCounter
 345:Generated_Source\PSoC5/StepperCount.c **** ********************************************************************************
 346:Generated_Source\PSoC5/StepperCount.c **** * Summary:
 347:Generated_Source\PSoC5/StepperCount.c **** * Returns the current value of the counter.  It doesn't matter
 348:Generated_Source\PSoC5/StepperCount.c **** * if the counter is enabled or running.
 349:Generated_Source\PSoC5/StepperCount.c **** *
 350:Generated_Source\PSoC5/StepperCount.c **** * Parameters:  
 351:Generated_Source\PSoC5/StepperCount.c **** *  void:  
 352:Generated_Source\PSoC5/StepperCount.c **** *
 353:Generated_Source\PSoC5/StepperCount.c **** * Return: 
 354:Generated_Source\PSoC5/StepperCount.c **** *  (uint32) The present value of the counter.
 355:Generated_Source\PSoC5/StepperCount.c **** *
 356:Generated_Source\PSoC5/StepperCount.c **** *******************************************************************************/
 357:Generated_Source\PSoC5/StepperCount.c **** uint32 StepperCount_ReadCounter(void) 
 358:Generated_Source\PSoC5/StepperCount.c **** {
 137              		.loc 1 358 0
 138              		.cfi_startproc
 139              		@ args = 0, pretend = 0, frame = 0
 140              		@ frame_needed = 0, uses_anonymous_args = 0
 141              		@ link register save eliminated.
 359:Generated_Source\PSoC5/StepperCount.c ****     /* Force capture by reading Accumulator */
 360:Generated_Source\PSoC5/StepperCount.c ****     /* Must first do a software capture to be able to read the counter */
 361:Generated_Source\PSoC5/StepperCount.c ****     /* It is up to the user code to make sure there isn't already captured data in the FIFO */
 362:Generated_Source\PSoC5/StepperCount.c ****     #if(StepperCount_UsingFixedFunction)
 363:Generated_Source\PSoC5/StepperCount.c **** 		(void)CY_GET_REG16(StepperCount_COUNTER_LSB_PTR);
 364:Generated_Source\PSoC5/StepperCount.c **** 	#else
 365:Generated_Source\PSoC5/StepperCount.c **** 		(void)CY_GET_REG8(StepperCount_COUNTER_LSB_PTR_8BIT);
 142              		.loc 1 365 0
 143 0000 024B     		ldr	r3, .L13
 144 0002 1B78     		ldrb	r3, [r3]	@ zero_extendqisi2
 366:Generated_Source\PSoC5/StepperCount.c **** 	#endif/* (StepperCount_UsingFixedFunction) */
 367:Generated_Source\PSoC5/StepperCount.c ****     
 368:Generated_Source\PSoC5/StepperCount.c ****     /* Read the data from the FIFO (or capture register for Fixed Function)*/
 369:Generated_Source\PSoC5/StepperCount.c ****     #if(StepperCount_UsingFixedFunction)
ARM GAS  C:\Users\GEORGE~1\AppData\Local\Temp\cczB7MeH.s 			page 10


 370:Generated_Source\PSoC5/StepperCount.c ****         return ((uint32)CY_GET_REG16(StepperCount_STATICCOUNT_LSB_PTR));
 371:Generated_Source\PSoC5/StepperCount.c ****     #else
 372:Generated_Source\PSoC5/StepperCount.c ****         return (CY_GET_REG32(StepperCount_STATICCOUNT_LSB_PTR));
 145              		.loc 1 372 0
 146 0004 024B     		ldr	r3, .L13+4
 147 0006 1868     		ldr	r0, [r3]
 373:Generated_Source\PSoC5/StepperCount.c ****     #endif /* (StepperCount_UsingFixedFunction) */
 374:Generated_Source\PSoC5/StepperCount.c **** }
 148              		.loc 1 374 0
 149 0008 7047     		bx	lr
 150              	.L14:
 151 000a 00BF     		.align	2
 152              	.L13:
 153 000c 0C640040 		.word	1073767436
 154 0010 4C640040 		.word	1073767500
 155              		.cfi_endproc
 156              	.LFE7:
 157              		.size	StepperCount_ReadCounter, .-StepperCount_ReadCounter
 158              		.section	.text.StepperCount_ReadCapture,"ax",%progbits
 159              		.align	2
 160              		.global	StepperCount_ReadCapture
 161              		.thumb
 162              		.thumb_func
 163              		.type	StepperCount_ReadCapture, %function
 164              	StepperCount_ReadCapture:
 165              	.LFB8:
 375:Generated_Source\PSoC5/StepperCount.c **** 
 376:Generated_Source\PSoC5/StepperCount.c **** 
 377:Generated_Source\PSoC5/StepperCount.c **** /*******************************************************************************
 378:Generated_Source\PSoC5/StepperCount.c **** * Function Name: StepperCount_ReadCapture
 379:Generated_Source\PSoC5/StepperCount.c **** ********************************************************************************
 380:Generated_Source\PSoC5/StepperCount.c **** * Summary:
 381:Generated_Source\PSoC5/StepperCount.c **** *   This function returns the last value captured.
 382:Generated_Source\PSoC5/StepperCount.c **** *
 383:Generated_Source\PSoC5/StepperCount.c **** * Parameters:  
 384:Generated_Source\PSoC5/StepperCount.c **** *  void
 385:Generated_Source\PSoC5/StepperCount.c **** *
 386:Generated_Source\PSoC5/StepperCount.c **** * Return: 
 387:Generated_Source\PSoC5/StepperCount.c **** *  (uint32) Present Capture value.
 388:Generated_Source\PSoC5/StepperCount.c **** *
 389:Generated_Source\PSoC5/StepperCount.c **** *******************************************************************************/
 390:Generated_Source\PSoC5/StepperCount.c **** uint32 StepperCount_ReadCapture(void) 
 391:Generated_Source\PSoC5/StepperCount.c **** {
 166              		.loc 1 391 0
 167              		.cfi_startproc
 168              		@ args = 0, pretend = 0, frame = 0
 169              		@ frame_needed = 0, uses_anonymous_args = 0
 170              		@ link register save eliminated.
 392:Generated_Source\PSoC5/StepperCount.c ****     #if(StepperCount_UsingFixedFunction)
 393:Generated_Source\PSoC5/StepperCount.c ****         return ((uint32)CY_GET_REG16(StepperCount_STATICCOUNT_LSB_PTR));
 394:Generated_Source\PSoC5/StepperCount.c ****     #else
 395:Generated_Source\PSoC5/StepperCount.c ****         return (CY_GET_REG32(StepperCount_STATICCOUNT_LSB_PTR));
 171              		.loc 1 395 0
 172 0000 014B     		ldr	r3, .L16
 173 0002 1868     		ldr	r0, [r3]
 396:Generated_Source\PSoC5/StepperCount.c ****     #endif /* (StepperCount_UsingFixedFunction) */
 397:Generated_Source\PSoC5/StepperCount.c **** }
ARM GAS  C:\Users\GEORGE~1\AppData\Local\Temp\cczB7MeH.s 			page 11


 174              		.loc 1 397 0
 175 0004 7047     		bx	lr
 176              	.L17:
 177 0006 00BF     		.align	2
 178              	.L16:
 179 0008 4C640040 		.word	1073767500
 180              		.cfi_endproc
 181              	.LFE8:
 182              		.size	StepperCount_ReadCapture, .-StepperCount_ReadCapture
 183              		.section	.text.StepperCount_WritePeriod,"ax",%progbits
 184              		.align	2
 185              		.global	StepperCount_WritePeriod
 186              		.thumb
 187              		.thumb_func
 188              		.type	StepperCount_WritePeriod, %function
 189              	StepperCount_WritePeriod:
 190              	.LFB9:
 398:Generated_Source\PSoC5/StepperCount.c **** 
 399:Generated_Source\PSoC5/StepperCount.c **** 
 400:Generated_Source\PSoC5/StepperCount.c **** /*******************************************************************************
 401:Generated_Source\PSoC5/StepperCount.c **** * Function Name: StepperCount_WritePeriod
 402:Generated_Source\PSoC5/StepperCount.c **** ********************************************************************************
 403:Generated_Source\PSoC5/StepperCount.c **** * Summary:
 404:Generated_Source\PSoC5/StepperCount.c **** * Changes the period of the counter.  The new period 
 405:Generated_Source\PSoC5/StepperCount.c **** * will be loaded the next time terminal count is detected.
 406:Generated_Source\PSoC5/StepperCount.c **** *
 407:Generated_Source\PSoC5/StepperCount.c **** * Parameters:  
 408:Generated_Source\PSoC5/StepperCount.c **** *  period: (uint32) A value of 0 will result in
 409:Generated_Source\PSoC5/StepperCount.c **** *         the counter remaining at zero.  
 410:Generated_Source\PSoC5/StepperCount.c **** *
 411:Generated_Source\PSoC5/StepperCount.c **** * Return: 
 412:Generated_Source\PSoC5/StepperCount.c **** *  void
 413:Generated_Source\PSoC5/StepperCount.c **** *
 414:Generated_Source\PSoC5/StepperCount.c **** *******************************************************************************/
 415:Generated_Source\PSoC5/StepperCount.c **** void StepperCount_WritePeriod(uint32 period) 
 416:Generated_Source\PSoC5/StepperCount.c **** {
 191              		.loc 1 416 0
 192              		.cfi_startproc
 193              		@ args = 0, pretend = 0, frame = 0
 194              		@ frame_needed = 0, uses_anonymous_args = 0
 195              		@ link register save eliminated.
 196              	.LVL2:
 417:Generated_Source\PSoC5/StepperCount.c ****     #if(StepperCount_UsingFixedFunction)
 418:Generated_Source\PSoC5/StepperCount.c ****         CY_SET_REG16(StepperCount_PERIOD_LSB_PTR,(uint16)period);
 419:Generated_Source\PSoC5/StepperCount.c ****     #else
 420:Generated_Source\PSoC5/StepperCount.c ****         CY_SET_REG32(StepperCount_PERIOD_LSB_PTR, period);
 197              		.loc 1 420 0
 198 0000 014B     		ldr	r3, .L19
 199 0002 1860     		str	r0, [r3]
 200 0004 7047     		bx	lr
 201              	.L20:
 202 0006 00BF     		.align	2
 203              	.L19:
 204 0008 2C640040 		.word	1073767468
 205              		.cfi_endproc
 206              	.LFE9:
 207              		.size	StepperCount_WritePeriod, .-StepperCount_WritePeriod
ARM GAS  C:\Users\GEORGE~1\AppData\Local\Temp\cczB7MeH.s 			page 12


 208              		.section	.text.StepperCount_ReadPeriod,"ax",%progbits
 209              		.align	2
 210              		.global	StepperCount_ReadPeriod
 211              		.thumb
 212              		.thumb_func
 213              		.type	StepperCount_ReadPeriod, %function
 214              	StepperCount_ReadPeriod:
 215              	.LFB10:
 421:Generated_Source\PSoC5/StepperCount.c ****     #endif /* (StepperCount_UsingFixedFunction) */
 422:Generated_Source\PSoC5/StepperCount.c **** }
 423:Generated_Source\PSoC5/StepperCount.c **** 
 424:Generated_Source\PSoC5/StepperCount.c **** 
 425:Generated_Source\PSoC5/StepperCount.c **** /*******************************************************************************
 426:Generated_Source\PSoC5/StepperCount.c **** * Function Name: StepperCount_ReadPeriod
 427:Generated_Source\PSoC5/StepperCount.c **** ********************************************************************************
 428:Generated_Source\PSoC5/StepperCount.c **** * Summary:
 429:Generated_Source\PSoC5/StepperCount.c **** * Reads the current period value without affecting counter operation.
 430:Generated_Source\PSoC5/StepperCount.c **** *
 431:Generated_Source\PSoC5/StepperCount.c **** * Parameters:  
 432:Generated_Source\PSoC5/StepperCount.c **** *  void:  
 433:Generated_Source\PSoC5/StepperCount.c **** *
 434:Generated_Source\PSoC5/StepperCount.c **** * Return: 
 435:Generated_Source\PSoC5/StepperCount.c **** *  (uint32) Present period value.
 436:Generated_Source\PSoC5/StepperCount.c **** *
 437:Generated_Source\PSoC5/StepperCount.c **** *******************************************************************************/
 438:Generated_Source\PSoC5/StepperCount.c **** uint32 StepperCount_ReadPeriod(void) 
 439:Generated_Source\PSoC5/StepperCount.c **** {
 216              		.loc 1 439 0
 217              		.cfi_startproc
 218              		@ args = 0, pretend = 0, frame = 0
 219              		@ frame_needed = 0, uses_anonymous_args = 0
 220              		@ link register save eliminated.
 440:Generated_Source\PSoC5/StepperCount.c ****     #if(StepperCount_UsingFixedFunction)
 441:Generated_Source\PSoC5/StepperCount.c ****         return ((uint32)CY_GET_REG16(StepperCount_PERIOD_LSB_PTR));
 442:Generated_Source\PSoC5/StepperCount.c ****     #else
 443:Generated_Source\PSoC5/StepperCount.c ****         return (CY_GET_REG32(StepperCount_PERIOD_LSB_PTR));
 221              		.loc 1 443 0
 222 0000 014B     		ldr	r3, .L22
 223 0002 1868     		ldr	r0, [r3]
 444:Generated_Source\PSoC5/StepperCount.c ****     #endif /* (StepperCount_UsingFixedFunction) */
 445:Generated_Source\PSoC5/StepperCount.c **** }
 224              		.loc 1 445 0
 225 0004 7047     		bx	lr
 226              	.L23:
 227 0006 00BF     		.align	2
 228              	.L22:
 229 0008 2C640040 		.word	1073767468
 230              		.cfi_endproc
 231              	.LFE10:
 232              		.size	StepperCount_ReadPeriod, .-StepperCount_ReadPeriod
 233              		.section	.text.StepperCount_WriteCompare,"ax",%progbits
 234              		.align	2
 235              		.global	StepperCount_WriteCompare
 236              		.thumb
 237              		.thumb_func
 238              		.type	StepperCount_WriteCompare, %function
 239              	StepperCount_WriteCompare:
ARM GAS  C:\Users\GEORGE~1\AppData\Local\Temp\cczB7MeH.s 			page 13


 240              	.LFB11:
 446:Generated_Source\PSoC5/StepperCount.c **** 
 447:Generated_Source\PSoC5/StepperCount.c **** 
 448:Generated_Source\PSoC5/StepperCount.c **** #if (!StepperCount_UsingFixedFunction)
 449:Generated_Source\PSoC5/StepperCount.c **** /*******************************************************************************
 450:Generated_Source\PSoC5/StepperCount.c **** * Function Name: StepperCount_WriteCompare
 451:Generated_Source\PSoC5/StepperCount.c **** ********************************************************************************
 452:Generated_Source\PSoC5/StepperCount.c **** * Summary:
 453:Generated_Source\PSoC5/StepperCount.c **** * Changes the compare value.  The compare output will 
 454:Generated_Source\PSoC5/StepperCount.c **** * reflect the new value on the next UDB clock.  The compare output will be 
 455:Generated_Source\PSoC5/StepperCount.c **** * driven high when the present counter value compares true based on the 
 456:Generated_Source\PSoC5/StepperCount.c **** * configured compare mode setting. 
 457:Generated_Source\PSoC5/StepperCount.c **** *
 458:Generated_Source\PSoC5/StepperCount.c **** * Parameters:  
 459:Generated_Source\PSoC5/StepperCount.c **** *  Compare:  New compare value. 
 460:Generated_Source\PSoC5/StepperCount.c **** *
 461:Generated_Source\PSoC5/StepperCount.c **** * Return: 
 462:Generated_Source\PSoC5/StepperCount.c **** *  void
 463:Generated_Source\PSoC5/StepperCount.c **** *
 464:Generated_Source\PSoC5/StepperCount.c **** *******************************************************************************/
 465:Generated_Source\PSoC5/StepperCount.c **** void StepperCount_WriteCompare(uint32 compare) \
 466:Generated_Source\PSoC5/StepperCount.c ****                                    
 467:Generated_Source\PSoC5/StepperCount.c **** {
 241              		.loc 1 467 0
 242              		.cfi_startproc
 243              		@ args = 0, pretend = 0, frame = 0
 244              		@ frame_needed = 0, uses_anonymous_args = 0
 245              		@ link register save eliminated.
 246              	.LVL3:
 468:Generated_Source\PSoC5/StepperCount.c ****     #if(StepperCount_UsingFixedFunction)
 469:Generated_Source\PSoC5/StepperCount.c ****         CY_SET_REG16(StepperCount_COMPARE_LSB_PTR, (uint16)compare);
 470:Generated_Source\PSoC5/StepperCount.c ****     #else
 471:Generated_Source\PSoC5/StepperCount.c ****         CY_SET_REG32(StepperCount_COMPARE_LSB_PTR, compare);
 247              		.loc 1 471 0
 248 0000 014B     		ldr	r3, .L25
 249 0002 1860     		str	r0, [r3]
 250 0004 7047     		bx	lr
 251              	.L26:
 252 0006 00BF     		.align	2
 253              	.L25:
 254 0008 3C640040 		.word	1073767484
 255              		.cfi_endproc
 256              	.LFE11:
 257              		.size	StepperCount_WriteCompare, .-StepperCount_WriteCompare
 258              		.section	.text.StepperCount_ReadCompare,"ax",%progbits
 259              		.align	2
 260              		.global	StepperCount_ReadCompare
 261              		.thumb
 262              		.thumb_func
 263              		.type	StepperCount_ReadCompare, %function
 264              	StepperCount_ReadCompare:
 265              	.LFB12:
 472:Generated_Source\PSoC5/StepperCount.c ****     #endif /* (StepperCount_UsingFixedFunction) */
 473:Generated_Source\PSoC5/StepperCount.c **** }
 474:Generated_Source\PSoC5/StepperCount.c **** 
 475:Generated_Source\PSoC5/StepperCount.c **** 
 476:Generated_Source\PSoC5/StepperCount.c **** /*******************************************************************************
ARM GAS  C:\Users\GEORGE~1\AppData\Local\Temp\cczB7MeH.s 			page 14


 477:Generated_Source\PSoC5/StepperCount.c **** * Function Name: StepperCount_ReadCompare
 478:Generated_Source\PSoC5/StepperCount.c **** ********************************************************************************
 479:Generated_Source\PSoC5/StepperCount.c **** * Summary:
 480:Generated_Source\PSoC5/StepperCount.c **** * Returns the compare value.
 481:Generated_Source\PSoC5/StepperCount.c **** *
 482:Generated_Source\PSoC5/StepperCount.c **** * Parameters:  
 483:Generated_Source\PSoC5/StepperCount.c **** *  void:
 484:Generated_Source\PSoC5/StepperCount.c **** *
 485:Generated_Source\PSoC5/StepperCount.c **** * Return: 
 486:Generated_Source\PSoC5/StepperCount.c **** *  (uint32) Present compare value.
 487:Generated_Source\PSoC5/StepperCount.c **** *
 488:Generated_Source\PSoC5/StepperCount.c **** *******************************************************************************/
 489:Generated_Source\PSoC5/StepperCount.c **** uint32 StepperCount_ReadCompare(void) 
 490:Generated_Source\PSoC5/StepperCount.c **** {
 266              		.loc 1 490 0
 267              		.cfi_startproc
 268              		@ args = 0, pretend = 0, frame = 0
 269              		@ frame_needed = 0, uses_anonymous_args = 0
 270              		@ link register save eliminated.
 491:Generated_Source\PSoC5/StepperCount.c ****     return (CY_GET_REG32(StepperCount_COMPARE_LSB_PTR));
 271              		.loc 1 491 0
 272 0000 014B     		ldr	r3, .L28
 273 0002 1868     		ldr	r0, [r3]
 492:Generated_Source\PSoC5/StepperCount.c **** }
 274              		.loc 1 492 0
 275 0004 7047     		bx	lr
 276              	.L29:
 277 0006 00BF     		.align	2
 278              	.L28:
 279 0008 3C640040 		.word	1073767484
 280              		.cfi_endproc
 281              	.LFE12:
 282              		.size	StepperCount_ReadCompare, .-StepperCount_ReadCompare
 283              		.section	.text.StepperCount_ClearFIFO,"ax",%progbits
 284              		.align	2
 285              		.global	StepperCount_ClearFIFO
 286              		.thumb
 287              		.thumb_func
 288              		.type	StepperCount_ClearFIFO, %function
 289              	StepperCount_ClearFIFO:
 290              	.LFB13:
 493:Generated_Source\PSoC5/StepperCount.c **** 
 494:Generated_Source\PSoC5/StepperCount.c **** 
 495:Generated_Source\PSoC5/StepperCount.c **** #if (StepperCount_COMPARE_MODE_SOFTWARE)
 496:Generated_Source\PSoC5/StepperCount.c **** /*******************************************************************************
 497:Generated_Source\PSoC5/StepperCount.c **** * Function Name: StepperCount_SetCompareMode
 498:Generated_Source\PSoC5/StepperCount.c **** ********************************************************************************
 499:Generated_Source\PSoC5/StepperCount.c **** * Summary:
 500:Generated_Source\PSoC5/StepperCount.c **** *  Sets the software controlled Compare Mode.
 501:Generated_Source\PSoC5/StepperCount.c **** *
 502:Generated_Source\PSoC5/StepperCount.c **** * Parameters:
 503:Generated_Source\PSoC5/StepperCount.c **** *  compareMode:  Compare Mode Enumerated Type.
 504:Generated_Source\PSoC5/StepperCount.c **** *
 505:Generated_Source\PSoC5/StepperCount.c **** * Return:
 506:Generated_Source\PSoC5/StepperCount.c **** *  void
 507:Generated_Source\PSoC5/StepperCount.c **** *
 508:Generated_Source\PSoC5/StepperCount.c **** *******************************************************************************/
ARM GAS  C:\Users\GEORGE~1\AppData\Local\Temp\cczB7MeH.s 			page 15


 509:Generated_Source\PSoC5/StepperCount.c **** void StepperCount_SetCompareMode(uint8 compareMode) 
 510:Generated_Source\PSoC5/StepperCount.c **** {
 511:Generated_Source\PSoC5/StepperCount.c ****     /* Clear the compare mode bits in the control register */
 512:Generated_Source\PSoC5/StepperCount.c ****     StepperCount_CONTROL &= ((uint8)(~StepperCount_CTRL_CMPMODE_MASK));
 513:Generated_Source\PSoC5/StepperCount.c ****     
 514:Generated_Source\PSoC5/StepperCount.c ****     /* Write the new setting */
 515:Generated_Source\PSoC5/StepperCount.c ****     StepperCount_CONTROL |= compareMode;
 516:Generated_Source\PSoC5/StepperCount.c **** }
 517:Generated_Source\PSoC5/StepperCount.c **** #endif  /* (StepperCount_COMPARE_MODE_SOFTWARE) */
 518:Generated_Source\PSoC5/StepperCount.c **** 
 519:Generated_Source\PSoC5/StepperCount.c **** 
 520:Generated_Source\PSoC5/StepperCount.c **** #if (StepperCount_CAPTURE_MODE_SOFTWARE)
 521:Generated_Source\PSoC5/StepperCount.c **** /*******************************************************************************
 522:Generated_Source\PSoC5/StepperCount.c **** * Function Name: StepperCount_SetCaptureMode
 523:Generated_Source\PSoC5/StepperCount.c **** ********************************************************************************
 524:Generated_Source\PSoC5/StepperCount.c **** * Summary:
 525:Generated_Source\PSoC5/StepperCount.c **** *  Sets the software controlled Capture Mode.
 526:Generated_Source\PSoC5/StepperCount.c **** *
 527:Generated_Source\PSoC5/StepperCount.c **** * Parameters:
 528:Generated_Source\PSoC5/StepperCount.c **** *  captureMode:  Capture Mode Enumerated Type.
 529:Generated_Source\PSoC5/StepperCount.c **** *
 530:Generated_Source\PSoC5/StepperCount.c **** * Return:
 531:Generated_Source\PSoC5/StepperCount.c **** *  void
 532:Generated_Source\PSoC5/StepperCount.c **** *
 533:Generated_Source\PSoC5/StepperCount.c **** *******************************************************************************/
 534:Generated_Source\PSoC5/StepperCount.c **** void StepperCount_SetCaptureMode(uint8 captureMode) 
 535:Generated_Source\PSoC5/StepperCount.c **** {
 536:Generated_Source\PSoC5/StepperCount.c ****     /* Clear the capture mode bits in the control register */
 537:Generated_Source\PSoC5/StepperCount.c ****     StepperCount_CONTROL &= ((uint8)(~StepperCount_CTRL_CAPMODE_MASK));
 538:Generated_Source\PSoC5/StepperCount.c ****     
 539:Generated_Source\PSoC5/StepperCount.c ****     /* Write the new setting */
 540:Generated_Source\PSoC5/StepperCount.c ****     StepperCount_CONTROL |= ((uint8)((uint8)captureMode << StepperCount_CTRL_CAPMODE0_SHIFT));
 541:Generated_Source\PSoC5/StepperCount.c **** }
 542:Generated_Source\PSoC5/StepperCount.c **** #endif  /* (StepperCount_CAPTURE_MODE_SOFTWARE) */
 543:Generated_Source\PSoC5/StepperCount.c **** 
 544:Generated_Source\PSoC5/StepperCount.c **** 
 545:Generated_Source\PSoC5/StepperCount.c **** /*******************************************************************************
 546:Generated_Source\PSoC5/StepperCount.c **** * Function Name: StepperCount_ClearFIFO
 547:Generated_Source\PSoC5/StepperCount.c **** ********************************************************************************
 548:Generated_Source\PSoC5/StepperCount.c **** * Summary:
 549:Generated_Source\PSoC5/StepperCount.c **** *   This function clears all capture data from the capture FIFO
 550:Generated_Source\PSoC5/StepperCount.c **** *
 551:Generated_Source\PSoC5/StepperCount.c **** * Parameters:  
 552:Generated_Source\PSoC5/StepperCount.c **** *  void:
 553:Generated_Source\PSoC5/StepperCount.c **** *
 554:Generated_Source\PSoC5/StepperCount.c **** * Return: 
 555:Generated_Source\PSoC5/StepperCount.c **** *  None
 556:Generated_Source\PSoC5/StepperCount.c **** *
 557:Generated_Source\PSoC5/StepperCount.c **** *******************************************************************************/
 558:Generated_Source\PSoC5/StepperCount.c **** void StepperCount_ClearFIFO(void) 
 559:Generated_Source\PSoC5/StepperCount.c **** {
 291              		.loc 1 559 0
 292              		.cfi_startproc
 293              		@ args = 0, pretend = 0, frame = 0
 294              		@ frame_needed = 0, uses_anonymous_args = 0
 295 0000 08B5     		push	{r3, lr}
 296              		.cfi_def_cfa_offset 8
ARM GAS  C:\Users\GEORGE~1\AppData\Local\Temp\cczB7MeH.s 			page 16


 297              		.cfi_offset 3, -8
 298              		.cfi_offset 14, -4
 560:Generated_Source\PSoC5/StepperCount.c **** 
 561:Generated_Source\PSoC5/StepperCount.c ****     while(0u != (StepperCount_ReadStatusRegister() & StepperCount_STATUS_FIFONEMP))
 299              		.loc 1 561 0
 300 0002 01E0     		b	.L31
 301              	.L32:
 562:Generated_Source\PSoC5/StepperCount.c ****     {
 563:Generated_Source\PSoC5/StepperCount.c ****         (void)StepperCount_ReadCapture();
 302              		.loc 1 563 0
 303 0004 FFF7FEFF 		bl	StepperCount_ReadCapture
 304              	.LVL4:
 305              	.L31:
 561:Generated_Source\PSoC5/StepperCount.c ****     {
 306              		.loc 1 561 0
 307 0008 FFF7FEFF 		bl	StepperCount_ReadStatusRegister
 308              	.LVL5:
 309 000c 10F0400F 		tst	r0, #64
 310 0010 F8D1     		bne	.L32
 564:Generated_Source\PSoC5/StepperCount.c ****     }
 565:Generated_Source\PSoC5/StepperCount.c **** 
 566:Generated_Source\PSoC5/StepperCount.c **** }
 311              		.loc 1 566 0
 312 0012 08BD     		pop	{r3, pc}
 313              		.cfi_endproc
 314              	.LFE13:
 315              		.size	StepperCount_ClearFIFO, .-StepperCount_ClearFIFO
 316              		.section	.text.StepperCount_Init,"ax",%progbits
 317              		.align	2
 318              		.global	StepperCount_Init
 319              		.thumb
 320              		.thumb_func
 321              		.type	StepperCount_Init, %function
 322              	StepperCount_Init:
 323              	.LFB0:
  38:Generated_Source\PSoC5/StepperCount.c ****         #if (!StepperCount_UsingFixedFunction && !StepperCount_ControlRegRemoved)
 324              		.loc 1 38 0
 325              		.cfi_startproc
 326              		@ args = 0, pretend = 0, frame = 0
 327              		@ frame_needed = 0, uses_anonymous_args = 0
 328 0000 08B5     		push	{r3, lr}
 329              		.cfi_def_cfa_offset 8
 330              		.cfi_offset 3, -8
 331              		.cfi_offset 14, -4
  96:Generated_Source\PSoC5/StepperCount.c ****         #endif /* (!StepperCount_UsingFixedFunction) */
 332              		.loc 1 96 0
 333 0002 FFF7FEFF 		bl	StepperCount_ClearFIFO
 334              	.LVL6:
 100:Generated_Source\PSoC5/StepperCount.c ****         #if (!(StepperCount_UsingFixedFunction && (CY_PSOC5A)))
 335              		.loc 1 100 0
 336 0006 6FF00100 		mvn	r0, #1
 337 000a FFF7FEFF 		bl	StepperCount_WritePeriod
 338              	.LVL7:
 102:Generated_Source\PSoC5/StepperCount.c ****         #endif /* (!(StepperCount_UsingFixedFunction && (CY_PSOC5A))) */
 339              		.loc 1 102 0
 340 000e 0020     		movs	r0, #0
 341 0010 FFF7FEFF 		bl	StepperCount_WriteCounter
ARM GAS  C:\Users\GEORGE~1\AppData\Local\Temp\cczB7MeH.s 			page 17


 342              	.LVL8:
 104:Generated_Source\PSoC5/StepperCount.c ****         
 343              		.loc 1 104 0
 344 0014 0120     		movs	r0, #1
 345 0016 FFF7FEFF 		bl	StepperCount_SetInterruptMode
 346              	.LVL9:
 108:Generated_Source\PSoC5/StepperCount.c ****             /* Set the compare value (only available to non-fixed function implementation */
 347              		.loc 1 108 0
 348 001a FFF7FEFF 		bl	StepperCount_ReadStatusRegister
 349              	.LVL10:
 110:Generated_Source\PSoC5/StepperCount.c ****             /* Use the interrupt output of the status register for IRQ output */
 350              		.loc 1 110 0
 351 001e 8020     		movs	r0, #128
 352 0020 FFF7FEFF 		bl	StepperCount_WriteCompare
 353              	.LVL11:
 115:Generated_Source\PSoC5/StepperCount.c ****             
 354              		.loc 1 115 0
 355 0024 FFF7FEFF 		bl	CyEnterCriticalSection
 356              	.LVL12:
 117:Generated_Source\PSoC5/StepperCount.c ****             
 357              		.loc 1 117 0
 358 0028 034A     		ldr	r2, .L36
 359 002a 1378     		ldrb	r3, [r2]	@ zero_extendqisi2
 360 002c 43F01003 		orr	r3, r3, #16
 361 0030 1370     		strb	r3, [r2]
 120:Generated_Source\PSoC5/StepperCount.c ****             
 362              		.loc 1 120 0
 363 0032 FFF7FEFF 		bl	CyExitCriticalSection
 364              	.LVL13:
 365 0036 08BD     		pop	{r3, pc}
 366              	.L37:
 367              		.align	2
 368              	.L36:
 369 0038 9F640040 		.word	1073767583
 370              		.cfi_endproc
 371              	.LFE0:
 372              		.size	StepperCount_Init, .-StepperCount_Init
 373              		.section	.text.StepperCount_Start,"ax",%progbits
 374              		.align	2
 375              		.global	StepperCount_Start
 376              		.thumb
 377              		.thumb_func
 378              		.type	StepperCount_Start, %function
 379              	StepperCount_Start:
 380              	.LFB2:
 179:Generated_Source\PSoC5/StepperCount.c ****     if(StepperCount_initVar == 0u)
 381              		.loc 1 179 0
 382              		.cfi_startproc
 383              		@ args = 0, pretend = 0, frame = 0
 384              		@ frame_needed = 0, uses_anonymous_args = 0
 385 0000 08B5     		push	{r3, lr}
 386              		.cfi_def_cfa_offset 8
 387              		.cfi_offset 3, -8
 388              		.cfi_offset 14, -4
 180:Generated_Source\PSoC5/StepperCount.c ****     {
 389              		.loc 1 180 0
 390 0002 044B     		ldr	r3, .L41
ARM GAS  C:\Users\GEORGE~1\AppData\Local\Temp\cczB7MeH.s 			page 18


 391 0004 1B78     		ldrb	r3, [r3]	@ zero_extendqisi2
 392 0006 23B9     		cbnz	r3, .L38
 182:Generated_Source\PSoC5/StepperCount.c ****         
 393              		.loc 1 182 0
 394 0008 FFF7FEFF 		bl	StepperCount_Init
 395              	.LVL14:
 184:Generated_Source\PSoC5/StepperCount.c ****     }
 396              		.loc 1 184 0
 397 000c 0122     		movs	r2, #1
 398 000e 014B     		ldr	r3, .L41
 399 0010 1A70     		strb	r2, [r3]
 400              	.L38:
 401 0012 08BD     		pop	{r3, pc}
 402              	.L42:
 403              		.align	2
 404              	.L41:
 405 0014 00000000 		.word	.LANCHOR0
 406              		.cfi_endproc
 407              	.LFE2:
 408              		.size	StepperCount_Start, .-StepperCount_Start
 409              		.global	StepperCount_initVar
 410              		.bss
 411              		.set	.LANCHOR0,. + 0
 412              		.type	StepperCount_initVar, %object
 413              		.size	StepperCount_initVar, 1
 414              	StepperCount_initVar:
 415 0000 00       		.space	1
 416              		.text
 417              	.Letext0:
 418              		.file 2 "Generated_Source\\PSoC5\\cytypes.h"
 419              		.file 3 "Generated_Source\\PSoC5\\CyLib.h"
 420              		.section	.debug_info,"",%progbits
 421              	.Ldebug_info0:
 422 0000 ED020000 		.4byte	0x2ed
 423 0004 0400     		.2byte	0x4
 424 0006 00000000 		.4byte	.Ldebug_abbrev0
 425 000a 04       		.byte	0x4
 426 000b 01       		.uleb128 0x1
 427 000c 79000000 		.4byte	.LASF38
 428 0010 0C       		.byte	0xc
 429 0011 EC020000 		.4byte	.LASF39
 430 0015 DA010000 		.4byte	.LASF40
 431 0019 00000000 		.4byte	.Ldebug_ranges0+0
 432 001d 00000000 		.4byte	0
 433 0021 00000000 		.4byte	.Ldebug_line0
 434 0025 02       		.uleb128 0x2
 435 0026 01       		.byte	0x1
 436 0027 06       		.byte	0x6
 437 0028 60030000 		.4byte	.LASF0
 438 002c 02       		.uleb128 0x2
 439 002d 01       		.byte	0x1
 440 002e 08       		.byte	0x8
 441 002f 6B000000 		.4byte	.LASF1
 442 0033 02       		.uleb128 0x2
 443 0034 02       		.byte	0x2
 444 0035 05       		.byte	0x5
 445 0036 24030000 		.4byte	.LASF2
ARM GAS  C:\Users\GEORGE~1\AppData\Local\Temp\cczB7MeH.s 			page 19


 446 003a 02       		.uleb128 0x2
 447 003b 02       		.byte	0x2
 448 003c 07       		.byte	0x7
 449 003d 33000000 		.4byte	.LASF3
 450 0041 02       		.uleb128 0x2
 451 0042 04       		.byte	0x4
 452 0043 05       		.byte	0x5
 453 0044 2E030000 		.4byte	.LASF4
 454 0048 02       		.uleb128 0x2
 455 0049 04       		.byte	0x4
 456 004a 07       		.byte	0x7
 457 004b 26010000 		.4byte	.LASF5
 458 004f 02       		.uleb128 0x2
 459 0050 08       		.byte	0x8
 460 0051 05       		.byte	0x5
 461 0052 C5020000 		.4byte	.LASF6
 462 0056 02       		.uleb128 0x2
 463 0057 08       		.byte	0x8
 464 0058 07       		.byte	0x7
 465 0059 54000000 		.4byte	.LASF7
 466 005d 03       		.uleb128 0x3
 467 005e 04       		.byte	0x4
 468 005f 05       		.byte	0x5
 469 0060 696E7400 		.ascii	"int\000"
 470 0064 02       		.uleb128 0x2
 471 0065 04       		.byte	0x4
 472 0066 07       		.byte	0x7
 473 0067 4A020000 		.4byte	.LASF8
 474 006b 04       		.uleb128 0x4
 475 006c 38010000 		.4byte	.LASF9
 476 0070 02       		.byte	0x2
 477 0071 E401     		.2byte	0x1e4
 478 0073 2C000000 		.4byte	0x2c
 479 0077 04       		.uleb128 0x4
 480 0078 BC010000 		.4byte	.LASF10
 481 007c 02       		.byte	0x2
 482 007d E601     		.2byte	0x1e6
 483 007f 48000000 		.4byte	0x48
 484 0083 02       		.uleb128 0x2
 485 0084 04       		.byte	0x4
 486 0085 04       		.byte	0x4
 487 0086 46000000 		.4byte	.LASF11
 488 008a 02       		.uleb128 0x2
 489 008b 08       		.byte	0x8
 490 008c 04       		.byte	0x4
 491 008d A0010000 		.4byte	.LASF12
 492 0091 02       		.uleb128 0x2
 493 0092 01       		.byte	0x1
 494 0093 08       		.byte	0x8
 495 0094 37030000 		.4byte	.LASF13
 496 0098 04       		.uleb128 0x4
 497 0099 07010000 		.4byte	.LASF14
 498 009d 02       		.byte	0x2
 499 009e 8E02     		.2byte	0x28e
 500 00a0 A4000000 		.4byte	0xa4
 501 00a4 05       		.uleb128 0x5
 502 00a5 6B000000 		.4byte	0x6b
ARM GAS  C:\Users\GEORGE~1\AppData\Local\Temp\cczB7MeH.s 			page 20


 503 00a9 04       		.uleb128 0x4
 504 00aa 00000000 		.4byte	.LASF15
 505 00ae 02       		.byte	0x2
 506 00af 9002     		.2byte	0x290
 507 00b1 B5000000 		.4byte	0xb5
 508 00b5 05       		.uleb128 0x5
 509 00b6 77000000 		.4byte	0x77
 510 00ba 02       		.uleb128 0x2
 511 00bb 08       		.byte	0x8
 512 00bc 04       		.byte	0x4
 513 00bd 54030000 		.4byte	.LASF16
 514 00c1 02       		.uleb128 0x2
 515 00c2 04       		.byte	0x4
 516 00c3 07       		.byte	0x7
 517 00c4 A9020000 		.4byte	.LASF17
 518 00c8 06       		.uleb128 0x6
 519 00c9 8D030000 		.4byte	.LASF18
 520 00cd 01       		.byte	0x1
 521 00ce 8F       		.byte	0x8f
 522 00cf 00000000 		.4byte	.LFB1
 523 00d3 02000000 		.4byte	.LFE1-.LFB1
 524 00d7 01       		.uleb128 0x1
 525 00d8 9C       		.byte	0x9c
 526 00d9 06       		.uleb128 0x6
 527 00da 12030000 		.4byte	.LASF19
 528 00de 01       		.byte	0x1
 529 00df D0       		.byte	0xd0
 530 00e0 00000000 		.4byte	.LFB3
 531 00e4 02000000 		.4byte	.LFE3-.LFB3
 532 00e8 01       		.uleb128 0x1
 533 00e9 9C       		.byte	0x9c
 534 00ea 07       		.uleb128 0x7
 535 00eb 3E010000 		.4byte	.LASF20
 536 00ef 01       		.byte	0x1
 537 00f0 ED       		.byte	0xed
 538 00f1 00000000 		.4byte	.LFB4
 539 00f5 0C000000 		.4byte	.LFE4-.LFB4
 540 00f9 01       		.uleb128 0x1
 541 00fa 9C       		.byte	0x9c
 542 00fb 0D010000 		.4byte	0x10d
 543 00ff 08       		.uleb128 0x8
 544 0100 1D000000 		.4byte	.LASF22
 545 0104 01       		.byte	0x1
 546 0105 ED       		.byte	0xed
 547 0106 6B000000 		.4byte	0x6b
 548 010a 01       		.uleb128 0x1
 549 010b 50       		.byte	0x50
 550 010c 00       		.byte	0
 551 010d 09       		.uleb128 0x9
 552 010e 6D020000 		.4byte	.LASF24
 553 0112 01       		.byte	0x1
 554 0113 0501     		.2byte	0x105
 555 0115 6B000000 		.4byte	0x6b
 556 0119 00000000 		.4byte	.LFB5
 557 011d 0C000000 		.4byte	.LFE5-.LFB5
 558 0121 01       		.uleb128 0x1
 559 0122 9C       		.byte	0x9c
ARM GAS  C:\Users\GEORGE~1\AppData\Local\Temp\cczB7MeH.s 			page 21


 560 0123 0A       		.uleb128 0xa
 561 0124 0C010000 		.4byte	.LASF21
 562 0128 01       		.byte	0x1
 563 0129 4601     		.2byte	0x146
 564 012b 00000000 		.4byte	.LFB6
 565 012f 0C000000 		.4byte	.LFE6-.LFB6
 566 0133 01       		.uleb128 0x1
 567 0134 9C       		.byte	0x9c
 568 0135 48010000 		.4byte	0x148
 569 0139 0B       		.uleb128 0xb
 570 013a 4C000000 		.4byte	.LASF23
 571 013e 01       		.byte	0x1
 572 013f 4601     		.2byte	0x146
 573 0141 77000000 		.4byte	0x77
 574 0145 01       		.uleb128 0x1
 575 0146 50       		.byte	0x50
 576 0147 00       		.byte	0
 577 0148 09       		.uleb128 0x9
 578 0149 D3020000 		.4byte	.LASF25
 579 014d 01       		.byte	0x1
 580 014e 6501     		.2byte	0x165
 581 0150 77000000 		.4byte	0x77
 582 0154 00000000 		.4byte	.LFB7
 583 0158 14000000 		.4byte	.LFE7-.LFB7
 584 015c 01       		.uleb128 0x1
 585 015d 9C       		.byte	0x9c
 586 015e 09       		.uleb128 0x9
 587 015f 75010000 		.4byte	.LASF26
 588 0163 01       		.byte	0x1
 589 0164 8601     		.2byte	0x186
 590 0166 77000000 		.4byte	0x77
 591 016a 00000000 		.4byte	.LFB8
 592 016e 0C000000 		.4byte	.LFE8-.LFB8
 593 0172 01       		.uleb128 0x1
 594 0173 9C       		.byte	0x9c
 595 0174 0A       		.uleb128 0xa
 596 0175 74030000 		.4byte	.LASF27
 597 0179 01       		.byte	0x1
 598 017a 9F01     		.2byte	0x19f
 599 017c 00000000 		.4byte	.LFB9
 600 0180 0C000000 		.4byte	.LFE9-.LFB9
 601 0184 01       		.uleb128 0x1
 602 0185 9C       		.byte	0x9c
 603 0186 99010000 		.4byte	0x199
 604 018a 0B       		.uleb128 0xb
 605 018b 2C000000 		.4byte	.LASF28
 606 018f 01       		.byte	0x1
 607 0190 9F01     		.2byte	0x19f
 608 0192 77000000 		.4byte	0x77
 609 0196 01       		.uleb128 0x1
 610 0197 50       		.byte	0x50
 611 0198 00       		.byte	0
 612 0199 09       		.uleb128 0x9
 613 019a 3C030000 		.4byte	.LASF29
 614 019e 01       		.byte	0x1
 615 019f B601     		.2byte	0x1b6
 616 01a1 77000000 		.4byte	0x77
ARM GAS  C:\Users\GEORGE~1\AppData\Local\Temp\cczB7MeH.s 			page 22


 617 01a5 00000000 		.4byte	.LFB10
 618 01a9 0C000000 		.4byte	.LFE10-.LFB10
 619 01ad 01       		.uleb128 0x1
 620 01ae 9C       		.byte	0x9c
 621 01af 0A       		.uleb128 0xa
 622 01b0 A1030000 		.4byte	.LASF30
 623 01b4 01       		.byte	0x1
 624 01b5 D101     		.2byte	0x1d1
 625 01b7 00000000 		.4byte	.LFB11
 626 01bb 0C000000 		.4byte	.LFE11-.LFB11
 627 01bf 01       		.uleb128 0x1
 628 01c0 9C       		.byte	0x9c
 629 01c1 D4010000 		.4byte	0x1d4
 630 01c5 0B       		.uleb128 0xb
 631 01c6 6C030000 		.4byte	.LASF31
 632 01ca 01       		.byte	0x1
 633 01cb D101     		.2byte	0x1d1
 634 01cd 77000000 		.4byte	0x77
 635 01d1 01       		.uleb128 0x1
 636 01d2 50       		.byte	0x50
 637 01d3 00       		.byte	0
 638 01d4 09       		.uleb128 0x9
 639 01d5 5C010000 		.4byte	.LASF32
 640 01d9 01       		.byte	0x1
 641 01da E901     		.2byte	0x1e9
 642 01dc 77000000 		.4byte	0x77
 643 01e0 00000000 		.4byte	.LFB12
 644 01e4 0C000000 		.4byte	.LFE12-.LFB12
 645 01e8 01       		.uleb128 0x1
 646 01e9 9C       		.byte	0x9c
 647 01ea 0A       		.uleb128 0xa
 648 01eb 06000000 		.4byte	.LASF33
 649 01ef 01       		.byte	0x1
 650 01f0 2E02     		.2byte	0x22e
 651 01f2 00000000 		.4byte	.LFB13
 652 01f6 14000000 		.4byte	.LFE13-.LFB13
 653 01fa 01       		.uleb128 0x1
 654 01fb 9C       		.byte	0x9c
 655 01fc 13020000 		.4byte	0x213
 656 0200 0C       		.uleb128 0xc
 657 0201 08000000 		.4byte	.LVL4
 658 0205 5E010000 		.4byte	0x15e
 659 0209 0C       		.uleb128 0xc
 660 020a 0C000000 		.4byte	.LVL5
 661 020e 0D010000 		.4byte	0x10d
 662 0212 00       		.byte	0
 663 0213 07       		.uleb128 0x7
 664 0214 8E010000 		.4byte	.LASF34
 665 0218 01       		.byte	0x1
 666 0219 25       		.byte	0x25
 667 021a 00000000 		.4byte	.LFB0
 668 021e 3C000000 		.4byte	.LFE0-.LFB0
 669 0222 01       		.uleb128 0x1
 670 0223 9C       		.byte	0x9c
 671 0224 AA020000 		.4byte	0x2aa
 672 0228 0D       		.uleb128 0xd
 673 0229 8D020000 		.4byte	.LASF41
ARM GAS  C:\Users\GEORGE~1\AppData\Local\Temp\cczB7MeH.s 			page 23


 674 022d 01       		.byte	0x1
 675 022e 2D       		.byte	0x2d
 676 022f 6B000000 		.4byte	0x6b
 677 0233 00000000 		.4byte	.LLST0
 678 0237 0C       		.uleb128 0xc
 679 0238 06000000 		.4byte	.LVL6
 680 023c EA010000 		.4byte	0x1ea
 681 0240 0E       		.uleb128 0xe
 682 0241 0E000000 		.4byte	.LVL7
 683 0245 74010000 		.4byte	0x174
 684 0249 54020000 		.4byte	0x254
 685 024d 0F       		.uleb128 0xf
 686 024e 01       		.uleb128 0x1
 687 024f 50       		.byte	0x50
 688 0250 02       		.uleb128 0x2
 689 0251 09       		.byte	0x9
 690 0252 FE       		.byte	0xfe
 691 0253 00       		.byte	0
 692 0254 0E       		.uleb128 0xe
 693 0255 14000000 		.4byte	.LVL8
 694 0259 23010000 		.4byte	0x123
 695 025d 67020000 		.4byte	0x267
 696 0261 0F       		.uleb128 0xf
 697 0262 01       		.uleb128 0x1
 698 0263 50       		.byte	0x50
 699 0264 01       		.uleb128 0x1
 700 0265 30       		.byte	0x30
 701 0266 00       		.byte	0
 702 0267 0E       		.uleb128 0xe
 703 0268 1A000000 		.4byte	.LVL9
 704 026c EA000000 		.4byte	0xea
 705 0270 7A020000 		.4byte	0x27a
 706 0274 0F       		.uleb128 0xf
 707 0275 01       		.uleb128 0x1
 708 0276 50       		.byte	0x50
 709 0277 01       		.uleb128 0x1
 710 0278 31       		.byte	0x31
 711 0279 00       		.byte	0
 712 027a 0C       		.uleb128 0xc
 713 027b 1E000000 		.4byte	.LVL10
 714 027f 0D010000 		.4byte	0x10d
 715 0283 0E       		.uleb128 0xe
 716 0284 24000000 		.4byte	.LVL11
 717 0288 AF010000 		.4byte	0x1af
 718 028c 97020000 		.4byte	0x297
 719 0290 0F       		.uleb128 0xf
 720 0291 01       		.uleb128 0x1
 721 0292 50       		.byte	0x50
 722 0293 02       		.uleb128 0x2
 723 0294 08       		.byte	0x8
 724 0295 80       		.byte	0x80
 725 0296 00       		.byte	0
 726 0297 0C       		.uleb128 0xc
 727 0298 28000000 		.4byte	.LVL12
 728 029c DA020000 		.4byte	0x2da
 729 02a0 0C       		.uleb128 0xc
 730 02a1 36000000 		.4byte	.LVL13
ARM GAS  C:\Users\GEORGE~1\AppData\Local\Temp\cczB7MeH.s 			page 24


 731 02a5 E5020000 		.4byte	0x2e5
 732 02a9 00       		.byte	0
 733 02aa 07       		.uleb128 0x7
 734 02ab B2020000 		.4byte	.LASF35
 735 02af 01       		.byte	0x1
 736 02b0 B2       		.byte	0xb2
 737 02b1 00000000 		.4byte	.LFB2
 738 02b5 18000000 		.4byte	.LFE2-.LFB2
 739 02b9 01       		.uleb128 0x1
 740 02ba 9C       		.byte	0x9c
 741 02bb C9020000 		.4byte	0x2c9
 742 02bf 0C       		.uleb128 0xc
 743 02c0 0C000000 		.4byte	.LVL14
 744 02c4 13020000 		.4byte	0x213
 745 02c8 00       		.byte	0
 746 02c9 10       		.uleb128 0x10
 747 02ca A7010000 		.4byte	.LASF42
 748 02ce 01       		.byte	0x1
 749 02cf 15       		.byte	0x15
 750 02d0 6B000000 		.4byte	0x6b
 751 02d4 05       		.uleb128 0x5
 752 02d5 03       		.byte	0x3
 753 02d6 00000000 		.4byte	StepperCount_initVar
 754 02da 11       		.uleb128 0x11
 755 02db C3010000 		.4byte	.LASF36
 756 02df C3010000 		.4byte	.LASF36
 757 02e3 03       		.byte	0x3
 758 02e4 7D       		.byte	0x7d
 759 02e5 11       		.uleb128 0x11
 760 02e6 57020000 		.4byte	.LASF37
 761 02ea 57020000 		.4byte	.LASF37
 762 02ee 03       		.byte	0x3
 763 02ef 7E       		.byte	0x7e
 764 02f0 00       		.byte	0
 765              		.section	.debug_abbrev,"",%progbits
 766              	.Ldebug_abbrev0:
 767 0000 01       		.uleb128 0x1
 768 0001 11       		.uleb128 0x11
 769 0002 01       		.byte	0x1
 770 0003 25       		.uleb128 0x25
 771 0004 0E       		.uleb128 0xe
 772 0005 13       		.uleb128 0x13
 773 0006 0B       		.uleb128 0xb
 774 0007 03       		.uleb128 0x3
 775 0008 0E       		.uleb128 0xe
 776 0009 1B       		.uleb128 0x1b
 777 000a 0E       		.uleb128 0xe
 778 000b 55       		.uleb128 0x55
 779 000c 17       		.uleb128 0x17
 780 000d 11       		.uleb128 0x11
 781 000e 01       		.uleb128 0x1
 782 000f 10       		.uleb128 0x10
 783 0010 17       		.uleb128 0x17
 784 0011 00       		.byte	0
 785 0012 00       		.byte	0
 786 0013 02       		.uleb128 0x2
 787 0014 24       		.uleb128 0x24
ARM GAS  C:\Users\GEORGE~1\AppData\Local\Temp\cczB7MeH.s 			page 25


 788 0015 00       		.byte	0
 789 0016 0B       		.uleb128 0xb
 790 0017 0B       		.uleb128 0xb
 791 0018 3E       		.uleb128 0x3e
 792 0019 0B       		.uleb128 0xb
 793 001a 03       		.uleb128 0x3
 794 001b 0E       		.uleb128 0xe
 795 001c 00       		.byte	0
 796 001d 00       		.byte	0
 797 001e 03       		.uleb128 0x3
 798 001f 24       		.uleb128 0x24
 799 0020 00       		.byte	0
 800 0021 0B       		.uleb128 0xb
 801 0022 0B       		.uleb128 0xb
 802 0023 3E       		.uleb128 0x3e
 803 0024 0B       		.uleb128 0xb
 804 0025 03       		.uleb128 0x3
 805 0026 08       		.uleb128 0x8
 806 0027 00       		.byte	0
 807 0028 00       		.byte	0
 808 0029 04       		.uleb128 0x4
 809 002a 16       		.uleb128 0x16
 810 002b 00       		.byte	0
 811 002c 03       		.uleb128 0x3
 812 002d 0E       		.uleb128 0xe
 813 002e 3A       		.uleb128 0x3a
 814 002f 0B       		.uleb128 0xb
 815 0030 3B       		.uleb128 0x3b
 816 0031 05       		.uleb128 0x5
 817 0032 49       		.uleb128 0x49
 818 0033 13       		.uleb128 0x13
 819 0034 00       		.byte	0
 820 0035 00       		.byte	0
 821 0036 05       		.uleb128 0x5
 822 0037 35       		.uleb128 0x35
 823 0038 00       		.byte	0
 824 0039 49       		.uleb128 0x49
 825 003a 13       		.uleb128 0x13
 826 003b 00       		.byte	0
 827 003c 00       		.byte	0
 828 003d 06       		.uleb128 0x6
 829 003e 2E       		.uleb128 0x2e
 830 003f 00       		.byte	0
 831 0040 3F       		.uleb128 0x3f
 832 0041 19       		.uleb128 0x19
 833 0042 03       		.uleb128 0x3
 834 0043 0E       		.uleb128 0xe
 835 0044 3A       		.uleb128 0x3a
 836 0045 0B       		.uleb128 0xb
 837 0046 3B       		.uleb128 0x3b
 838 0047 0B       		.uleb128 0xb
 839 0048 27       		.uleb128 0x27
 840 0049 19       		.uleb128 0x19
 841 004a 11       		.uleb128 0x11
 842 004b 01       		.uleb128 0x1
 843 004c 12       		.uleb128 0x12
 844 004d 06       		.uleb128 0x6
ARM GAS  C:\Users\GEORGE~1\AppData\Local\Temp\cczB7MeH.s 			page 26


 845 004e 40       		.uleb128 0x40
 846 004f 18       		.uleb128 0x18
 847 0050 9742     		.uleb128 0x2117
 848 0052 19       		.uleb128 0x19
 849 0053 00       		.byte	0
 850 0054 00       		.byte	0
 851 0055 07       		.uleb128 0x7
 852 0056 2E       		.uleb128 0x2e
 853 0057 01       		.byte	0x1
 854 0058 3F       		.uleb128 0x3f
 855 0059 19       		.uleb128 0x19
 856 005a 03       		.uleb128 0x3
 857 005b 0E       		.uleb128 0xe
 858 005c 3A       		.uleb128 0x3a
 859 005d 0B       		.uleb128 0xb
 860 005e 3B       		.uleb128 0x3b
 861 005f 0B       		.uleb128 0xb
 862 0060 27       		.uleb128 0x27
 863 0061 19       		.uleb128 0x19
 864 0062 11       		.uleb128 0x11
 865 0063 01       		.uleb128 0x1
 866 0064 12       		.uleb128 0x12
 867 0065 06       		.uleb128 0x6
 868 0066 40       		.uleb128 0x40
 869 0067 18       		.uleb128 0x18
 870 0068 9742     		.uleb128 0x2117
 871 006a 19       		.uleb128 0x19
 872 006b 01       		.uleb128 0x1
 873 006c 13       		.uleb128 0x13
 874 006d 00       		.byte	0
 875 006e 00       		.byte	0
 876 006f 08       		.uleb128 0x8
 877 0070 05       		.uleb128 0x5
 878 0071 00       		.byte	0
 879 0072 03       		.uleb128 0x3
 880 0073 0E       		.uleb128 0xe
 881 0074 3A       		.uleb128 0x3a
 882 0075 0B       		.uleb128 0xb
 883 0076 3B       		.uleb128 0x3b
 884 0077 0B       		.uleb128 0xb
 885 0078 49       		.uleb128 0x49
 886 0079 13       		.uleb128 0x13
 887 007a 02       		.uleb128 0x2
 888 007b 18       		.uleb128 0x18
 889 007c 00       		.byte	0
 890 007d 00       		.byte	0
 891 007e 09       		.uleb128 0x9
 892 007f 2E       		.uleb128 0x2e
 893 0080 00       		.byte	0
 894 0081 3F       		.uleb128 0x3f
 895 0082 19       		.uleb128 0x19
 896 0083 03       		.uleb128 0x3
 897 0084 0E       		.uleb128 0xe
 898 0085 3A       		.uleb128 0x3a
 899 0086 0B       		.uleb128 0xb
 900 0087 3B       		.uleb128 0x3b
 901 0088 05       		.uleb128 0x5
ARM GAS  C:\Users\GEORGE~1\AppData\Local\Temp\cczB7MeH.s 			page 27


 902 0089 27       		.uleb128 0x27
 903 008a 19       		.uleb128 0x19
 904 008b 49       		.uleb128 0x49
 905 008c 13       		.uleb128 0x13
 906 008d 11       		.uleb128 0x11
 907 008e 01       		.uleb128 0x1
 908 008f 12       		.uleb128 0x12
 909 0090 06       		.uleb128 0x6
 910 0091 40       		.uleb128 0x40
 911 0092 18       		.uleb128 0x18
 912 0093 9742     		.uleb128 0x2117
 913 0095 19       		.uleb128 0x19
 914 0096 00       		.byte	0
 915 0097 00       		.byte	0
 916 0098 0A       		.uleb128 0xa
 917 0099 2E       		.uleb128 0x2e
 918 009a 01       		.byte	0x1
 919 009b 3F       		.uleb128 0x3f
 920 009c 19       		.uleb128 0x19
 921 009d 03       		.uleb128 0x3
 922 009e 0E       		.uleb128 0xe
 923 009f 3A       		.uleb128 0x3a
 924 00a0 0B       		.uleb128 0xb
 925 00a1 3B       		.uleb128 0x3b
 926 00a2 05       		.uleb128 0x5
 927 00a3 27       		.uleb128 0x27
 928 00a4 19       		.uleb128 0x19
 929 00a5 11       		.uleb128 0x11
 930 00a6 01       		.uleb128 0x1
 931 00a7 12       		.uleb128 0x12
 932 00a8 06       		.uleb128 0x6
 933 00a9 40       		.uleb128 0x40
 934 00aa 18       		.uleb128 0x18
 935 00ab 9742     		.uleb128 0x2117
 936 00ad 19       		.uleb128 0x19
 937 00ae 01       		.uleb128 0x1
 938 00af 13       		.uleb128 0x13
 939 00b0 00       		.byte	0
 940 00b1 00       		.byte	0
 941 00b2 0B       		.uleb128 0xb
 942 00b3 05       		.uleb128 0x5
 943 00b4 00       		.byte	0
 944 00b5 03       		.uleb128 0x3
 945 00b6 0E       		.uleb128 0xe
 946 00b7 3A       		.uleb128 0x3a
 947 00b8 0B       		.uleb128 0xb
 948 00b9 3B       		.uleb128 0x3b
 949 00ba 05       		.uleb128 0x5
 950 00bb 49       		.uleb128 0x49
 951 00bc 13       		.uleb128 0x13
 952 00bd 02       		.uleb128 0x2
 953 00be 18       		.uleb128 0x18
 954 00bf 00       		.byte	0
 955 00c0 00       		.byte	0
 956 00c1 0C       		.uleb128 0xc
 957 00c2 898201   		.uleb128 0x4109
 958 00c5 00       		.byte	0
ARM GAS  C:\Users\GEORGE~1\AppData\Local\Temp\cczB7MeH.s 			page 28


 959 00c6 11       		.uleb128 0x11
 960 00c7 01       		.uleb128 0x1
 961 00c8 31       		.uleb128 0x31
 962 00c9 13       		.uleb128 0x13
 963 00ca 00       		.byte	0
 964 00cb 00       		.byte	0
 965 00cc 0D       		.uleb128 0xd
 966 00cd 34       		.uleb128 0x34
 967 00ce 00       		.byte	0
 968 00cf 03       		.uleb128 0x3
 969 00d0 0E       		.uleb128 0xe
 970 00d1 3A       		.uleb128 0x3a
 971 00d2 0B       		.uleb128 0xb
 972 00d3 3B       		.uleb128 0x3b
 973 00d4 0B       		.uleb128 0xb
 974 00d5 49       		.uleb128 0x49
 975 00d6 13       		.uleb128 0x13
 976 00d7 02       		.uleb128 0x2
 977 00d8 17       		.uleb128 0x17
 978 00d9 00       		.byte	0
 979 00da 00       		.byte	0
 980 00db 0E       		.uleb128 0xe
 981 00dc 898201   		.uleb128 0x4109
 982 00df 01       		.byte	0x1
 983 00e0 11       		.uleb128 0x11
 984 00e1 01       		.uleb128 0x1
 985 00e2 31       		.uleb128 0x31
 986 00e3 13       		.uleb128 0x13
 987 00e4 01       		.uleb128 0x1
 988 00e5 13       		.uleb128 0x13
 989 00e6 00       		.byte	0
 990 00e7 00       		.byte	0
 991 00e8 0F       		.uleb128 0xf
 992 00e9 8A8201   		.uleb128 0x410a
 993 00ec 00       		.byte	0
 994 00ed 02       		.uleb128 0x2
 995 00ee 18       		.uleb128 0x18
 996 00ef 9142     		.uleb128 0x2111
 997 00f1 18       		.uleb128 0x18
 998 00f2 00       		.byte	0
 999 00f3 00       		.byte	0
 1000 00f4 10       		.uleb128 0x10
 1001 00f5 34       		.uleb128 0x34
 1002 00f6 00       		.byte	0
 1003 00f7 03       		.uleb128 0x3
 1004 00f8 0E       		.uleb128 0xe
 1005 00f9 3A       		.uleb128 0x3a
 1006 00fa 0B       		.uleb128 0xb
 1007 00fb 3B       		.uleb128 0x3b
 1008 00fc 0B       		.uleb128 0xb
 1009 00fd 49       		.uleb128 0x49
 1010 00fe 13       		.uleb128 0x13
 1011 00ff 3F       		.uleb128 0x3f
 1012 0100 19       		.uleb128 0x19
 1013 0101 02       		.uleb128 0x2
 1014 0102 18       		.uleb128 0x18
 1015 0103 00       		.byte	0
ARM GAS  C:\Users\GEORGE~1\AppData\Local\Temp\cczB7MeH.s 			page 29


 1016 0104 00       		.byte	0
 1017 0105 11       		.uleb128 0x11
 1018 0106 2E       		.uleb128 0x2e
 1019 0107 00       		.byte	0
 1020 0108 3F       		.uleb128 0x3f
 1021 0109 19       		.uleb128 0x19
 1022 010a 3C       		.uleb128 0x3c
 1023 010b 19       		.uleb128 0x19
 1024 010c 6E       		.uleb128 0x6e
 1025 010d 0E       		.uleb128 0xe
 1026 010e 03       		.uleb128 0x3
 1027 010f 0E       		.uleb128 0xe
 1028 0110 3A       		.uleb128 0x3a
 1029 0111 0B       		.uleb128 0xb
 1030 0112 3B       		.uleb128 0x3b
 1031 0113 0B       		.uleb128 0xb
 1032 0114 00       		.byte	0
 1033 0115 00       		.byte	0
 1034 0116 00       		.byte	0
 1035              		.section	.debug_loc,"",%progbits
 1036              	.Ldebug_loc0:
 1037              	.LLST0:
 1038 0000 28000000 		.4byte	.LVL12
 1039 0004 35000000 		.4byte	.LVL13-1
 1040 0008 0100     		.2byte	0x1
 1041 000a 50       		.byte	0x50
 1042 000b 00000000 		.4byte	0
 1043 000f 00000000 		.4byte	0
 1044              		.section	.debug_aranges,"",%progbits
 1045 0000 84000000 		.4byte	0x84
 1046 0004 0200     		.2byte	0x2
 1047 0006 00000000 		.4byte	.Ldebug_info0
 1048 000a 04       		.byte	0x4
 1049 000b 00       		.byte	0
 1050 000c 0000     		.2byte	0
 1051 000e 0000     		.2byte	0
 1052 0010 00000000 		.4byte	.LFB1
 1053 0014 02000000 		.4byte	.LFE1-.LFB1
 1054 0018 00000000 		.4byte	.LFB3
 1055 001c 02000000 		.4byte	.LFE3-.LFB3
 1056 0020 00000000 		.4byte	.LFB4
 1057 0024 0C000000 		.4byte	.LFE4-.LFB4
 1058 0028 00000000 		.4byte	.LFB5
 1059 002c 0C000000 		.4byte	.LFE5-.LFB5
 1060 0030 00000000 		.4byte	.LFB6
 1061 0034 0C000000 		.4byte	.LFE6-.LFB6
 1062 0038 00000000 		.4byte	.LFB7
 1063 003c 14000000 		.4byte	.LFE7-.LFB7
 1064 0040 00000000 		.4byte	.LFB8
 1065 0044 0C000000 		.4byte	.LFE8-.LFB8
 1066 0048 00000000 		.4byte	.LFB9
 1067 004c 0C000000 		.4byte	.LFE9-.LFB9
 1068 0050 00000000 		.4byte	.LFB10
 1069 0054 0C000000 		.4byte	.LFE10-.LFB10
 1070 0058 00000000 		.4byte	.LFB11
 1071 005c 0C000000 		.4byte	.LFE11-.LFB11
 1072 0060 00000000 		.4byte	.LFB12
ARM GAS  C:\Users\GEORGE~1\AppData\Local\Temp\cczB7MeH.s 			page 30


 1073 0064 0C000000 		.4byte	.LFE12-.LFB12
 1074 0068 00000000 		.4byte	.LFB13
 1075 006c 14000000 		.4byte	.LFE13-.LFB13
 1076 0070 00000000 		.4byte	.LFB0
 1077 0074 3C000000 		.4byte	.LFE0-.LFB0
 1078 0078 00000000 		.4byte	.LFB2
 1079 007c 18000000 		.4byte	.LFE2-.LFB2
 1080 0080 00000000 		.4byte	0
 1081 0084 00000000 		.4byte	0
 1082              		.section	.debug_ranges,"",%progbits
 1083              	.Ldebug_ranges0:
 1084 0000 00000000 		.4byte	.LFB1
 1085 0004 02000000 		.4byte	.LFE1
 1086 0008 00000000 		.4byte	.LFB3
 1087 000c 02000000 		.4byte	.LFE3
 1088 0010 00000000 		.4byte	.LFB4
 1089 0014 0C000000 		.4byte	.LFE4
 1090 0018 00000000 		.4byte	.LFB5
 1091 001c 0C000000 		.4byte	.LFE5
 1092 0020 00000000 		.4byte	.LFB6
 1093 0024 0C000000 		.4byte	.LFE6
 1094 0028 00000000 		.4byte	.LFB7
 1095 002c 14000000 		.4byte	.LFE7
 1096 0030 00000000 		.4byte	.LFB8
 1097 0034 0C000000 		.4byte	.LFE8
 1098 0038 00000000 		.4byte	.LFB9
 1099 003c 0C000000 		.4byte	.LFE9
 1100 0040 00000000 		.4byte	.LFB10
 1101 0044 0C000000 		.4byte	.LFE10
 1102 0048 00000000 		.4byte	.LFB11
 1103 004c 0C000000 		.4byte	.LFE11
 1104 0050 00000000 		.4byte	.LFB12
 1105 0054 0C000000 		.4byte	.LFE12
 1106 0058 00000000 		.4byte	.LFB13
 1107 005c 14000000 		.4byte	.LFE13
 1108 0060 00000000 		.4byte	.LFB0
 1109 0064 3C000000 		.4byte	.LFE0
 1110 0068 00000000 		.4byte	.LFB2
 1111 006c 18000000 		.4byte	.LFE2
 1112 0070 00000000 		.4byte	0
 1113 0074 00000000 		.4byte	0
 1114              		.section	.debug_line,"",%progbits
 1115              	.Ldebug_line0:
 1116 0000 5C010000 		.section	.debug_str,"MS",%progbits,1
 1116      02005400 
 1116      00000201 
 1116      FB0E0D00 
 1116      01010101 
 1117              	.LASF15:
 1118 0000 72656733 		.ascii	"reg32\000"
 1118      3200
 1119              	.LASF33:
 1120 0006 53746570 		.ascii	"StepperCount_ClearFIFO\000"
 1120      70657243 
 1120      6F756E74 
 1120      5F436C65 
 1120      61724649 
ARM GAS  C:\Users\GEORGE~1\AppData\Local\Temp\cczB7MeH.s 			page 31


 1121              	.LASF22:
 1122 001d 696E7465 		.ascii	"interruptsMask\000"
 1122      72727570 
 1122      74734D61 
 1122      736B00
 1123              	.LASF28:
 1124 002c 70657269 		.ascii	"period\000"
 1124      6F6400
 1125              	.LASF3:
 1126 0033 73686F72 		.ascii	"short unsigned int\000"
 1126      7420756E 
 1126      7369676E 
 1126      65642069 
 1126      6E7400
 1127              	.LASF11:
 1128 0046 666C6F61 		.ascii	"float\000"
 1128      7400
 1129              	.LASF23:
 1130 004c 636F756E 		.ascii	"counter\000"
 1130      74657200 
 1131              	.LASF7:
 1132 0054 6C6F6E67 		.ascii	"long long unsigned int\000"
 1132      206C6F6E 
 1132      6720756E 
 1132      7369676E 
 1132      65642069 
 1133              	.LASF1:
 1134 006b 756E7369 		.ascii	"unsigned char\000"
 1134      676E6564 
 1134      20636861 
 1134      7200
 1135              	.LASF38:
 1136 0079 474E5520 		.ascii	"GNU C11 5.4.1 20160609 (release) [ARM/embedded-5-br"
 1136      43313120 
 1136      352E342E 
 1136      31203230 
 1136      31363036 
 1137 00ac 616E6368 		.ascii	"anch revision 237715] -mcpu=cortex-m3 -mthumb -g -O"
 1137      20726576 
 1137      6973696F 
 1137      6E203233 
 1137      37373135 
 1138 00df 67202D66 		.ascii	"g -ffunction-sections -ffat-lto-objects\000"
 1138      66756E63 
 1138      74696F6E 
 1138      2D736563 
 1138      74696F6E 
 1139              	.LASF14:
 1140 0107 72656738 		.ascii	"reg8\000"
 1140      00
 1141              	.LASF21:
 1142 010c 53746570 		.ascii	"StepperCount_WriteCounter\000"
 1142      70657243 
 1142      6F756E74 
 1142      5F577269 
 1142      7465436F 
 1143              	.LASF5:
ARM GAS  C:\Users\GEORGE~1\AppData\Local\Temp\cczB7MeH.s 			page 32


 1144 0126 6C6F6E67 		.ascii	"long unsigned int\000"
 1144      20756E73 
 1144      69676E65 
 1144      6420696E 
 1144      7400
 1145              	.LASF9:
 1146 0138 75696E74 		.ascii	"uint8\000"
 1146      3800
 1147              	.LASF20:
 1148 013e 53746570 		.ascii	"StepperCount_SetInterruptMode\000"
 1148      70657243 
 1148      6F756E74 
 1148      5F536574 
 1148      496E7465 
 1149              	.LASF32:
 1150 015c 53746570 		.ascii	"StepperCount_ReadCompare\000"
 1150      70657243 
 1150      6F756E74 
 1150      5F526561 
 1150      64436F6D 
 1151              	.LASF26:
 1152 0175 53746570 		.ascii	"StepperCount_ReadCapture\000"
 1152      70657243 
 1152      6F756E74 
 1152      5F526561 
 1152      64436170 
 1153              	.LASF34:
 1154 018e 53746570 		.ascii	"StepperCount_Init\000"
 1154      70657243 
 1154      6F756E74 
 1154      5F496E69 
 1154      7400
 1155              	.LASF12:
 1156 01a0 646F7562 		.ascii	"double\000"
 1156      6C6500
 1157              	.LASF42:
 1158 01a7 53746570 		.ascii	"StepperCount_initVar\000"
 1158      70657243 
 1158      6F756E74 
 1158      5F696E69 
 1158      74566172 
 1159              	.LASF10:
 1160 01bc 75696E74 		.ascii	"uint32\000"
 1160      333200
 1161              	.LASF36:
 1162 01c3 4379456E 		.ascii	"CyEnterCriticalSection\000"
 1162      74657243 
 1162      72697469 
 1162      63616C53 
 1162      65637469 
 1163              	.LASF40:
 1164 01da 433A5C55 		.ascii	"C:\\Users\\George Anwar\\Documents\\UC Berkeley\\ME"
 1164      73657273 
 1164      5C47656F 
 1164      72676520 
 1164      416E7761 
 1165 0208 31333520 		.ascii	"135 Spring 2020\\PSOC Creator\\ME135_235\\EmulatedS"
ARM GAS  C:\Users\GEORGE~1\AppData\Local\Temp\cczB7MeH.s 			page 33


 1165      53707269 
 1165      6E672032 
 1165      3032305C 
 1165      50534F43 
 1166 0238 74657070 		.ascii	"tepperMotor.cydsn\000"
 1166      65724D6F 
 1166      746F722E 
 1166      63796473 
 1166      6E00
 1167              	.LASF8:
 1168 024a 756E7369 		.ascii	"unsigned int\000"
 1168      676E6564 
 1168      20696E74 
 1168      00
 1169              	.LASF37:
 1170 0257 43794578 		.ascii	"CyExitCriticalSection\000"
 1170      69744372 
 1170      69746963 
 1170      616C5365 
 1170      6374696F 
 1171              	.LASF24:
 1172 026d 53746570 		.ascii	"StepperCount_ReadStatusRegister\000"
 1172      70657243 
 1172      6F756E74 
 1172      5F526561 
 1172      64537461 
 1173              	.LASF41:
 1174 028d 53746570 		.ascii	"StepperCount_interruptState\000"
 1174      70657243 
 1174      6F756E74 
 1174      5F696E74 
 1174      65727275 
 1175              	.LASF17:
 1176 02a9 73697A65 		.ascii	"sizetype\000"
 1176      74797065 
 1176      00
 1177              	.LASF35:
 1178 02b2 53746570 		.ascii	"StepperCount_Start\000"
 1178      70657243 
 1178      6F756E74 
 1178      5F537461 
 1178      727400
 1179              	.LASF6:
 1180 02c5 6C6F6E67 		.ascii	"long long int\000"
 1180      206C6F6E 
 1180      6720696E 
 1180      7400
 1181              	.LASF25:
 1182 02d3 53746570 		.ascii	"StepperCount_ReadCounter\000"
 1182      70657243 
 1182      6F756E74 
 1182      5F526561 
 1182      64436F75 
 1183              	.LASF39:
 1184 02ec 47656E65 		.ascii	"Generated_Source\\PSoC5\\StepperCount.c\000"
 1184      72617465 
 1184      645F536F 
ARM GAS  C:\Users\GEORGE~1\AppData\Local\Temp\cczB7MeH.s 			page 34


 1184      75726365 
 1184      5C50536F 
 1185              	.LASF19:
 1186 0312 53746570 		.ascii	"StepperCount_Stop\000"
 1186      70657243 
 1186      6F756E74 
 1186      5F53746F 
 1186      7000
 1187              	.LASF2:
 1188 0324 73686F72 		.ascii	"short int\000"
 1188      7420696E 
 1188      7400
 1189              	.LASF4:
 1190 032e 6C6F6E67 		.ascii	"long int\000"
 1190      20696E74 
 1190      00
 1191              	.LASF13:
 1192 0337 63686172 		.ascii	"char\000"
 1192      00
 1193              	.LASF29:
 1194 033c 53746570 		.ascii	"StepperCount_ReadPeriod\000"
 1194      70657243 
 1194      6F756E74 
 1194      5F526561 
 1194      64506572 
 1195              	.LASF16:
 1196 0354 6C6F6E67 		.ascii	"long double\000"
 1196      20646F75 
 1196      626C6500 
 1197              	.LASF0:
 1198 0360 7369676E 		.ascii	"signed char\000"
 1198      65642063 
 1198      68617200 
 1199              	.LASF31:
 1200 036c 636F6D70 		.ascii	"compare\000"
 1200      61726500 
 1201              	.LASF27:
 1202 0374 53746570 		.ascii	"StepperCount_WritePeriod\000"
 1202      70657243 
 1202      6F756E74 
 1202      5F577269 
 1202      74655065 
 1203              	.LASF18:
 1204 038d 53746570 		.ascii	"StepperCount_Enable\000"
 1204      70657243 
 1204      6F756E74 
 1204      5F456E61 
 1204      626C6500 
 1205              	.LASF30:
 1206 03a1 53746570 		.ascii	"StepperCount_WriteCompare\000"
 1206      70657243 
 1206      6F756E74 
 1206      5F577269 
 1206      7465436F 
 1207              		.ident	"GCC: (GNU Tools for ARM Embedded Processors) 5.4.1 20160609 (release) [ARM/embedded-5-bran
