ARM GAS  C:\Users\GEORGE~1\AppData\Local\Temp\ccMqmUwa.s 			page 1


   1              		.syntax unified
   2              		.cpu cortex-m3
   3              		.fpu softvfp
   4              		.eabi_attribute 20, 1
   5              		.eabi_attribute 21, 1
   6              		.eabi_attribute 23, 3
   7              		.eabi_attribute 24, 1
   8              		.eabi_attribute 25, 1
   9              		.eabi_attribute 26, 1
  10              		.eabi_attribute 30, 1
  11              		.eabi_attribute 34, 1
  12              		.eabi_attribute 18, 4
  13              		.thumb
  14              		.syntax unified
  15              		.file	"cymetadata.c"
  16              		.text
  17              	.Ltext0:
  18              		.cfi_sections	.debug_frame
  19              		.global	cy_metadata
  20              		.global	cy_meta_flashprotect
  21              		.global	cy_meta_wonvl
  22              		.global	cy_meta_custnvl
  23              		.global	cy_meta_configecc
  24              		.section	.cyconfigecc,"a",%progbits
  25              		.align	2
  26              		.type	cy_meta_configecc, %object
  27              		.size	cy_meta_configecc, 1960
  28              	cy_meta_configecc:
  29 0000 01       		.byte	1
  30 0001 52       		.byte	82
  31 0002 00       		.byte	0
  32 0003 40       		.byte	64
  33 0004 01       		.byte	1
  34 0005 5A       		.byte	90
  35 0006 00       		.byte	0
  36 0007 40       		.byte	64
  37 0008 05       		.byte	5
  38 0009 64       		.byte	100
  39 000a 00       		.byte	0
  40 000b 40       		.byte	64
  41 000c 02       		.byte	2
  42 000d 65       		.byte	101
  43 000e 00       		.byte	0
  44 000f 40       		.byte	64
  45 0010 02       		.byte	2
  46 0011 05       		.byte	5
  47 0012 01       		.byte	1
  48 0013 40       		.byte	64
  49 0014 02       		.byte	2
  50 0015 07       		.byte	7
  51 0016 01       		.byte	1
  52 0017 40       		.byte	64
  53 0018 60       		.byte	96
  54 0019 08       		.byte	8
  55 001a 01       		.byte	1
  56 001b 40       		.byte	64
  57 001c 48       		.byte	72
ARM GAS  C:\Users\GEORGE~1\AppData\Local\Temp\ccMqmUwa.s 			page 2


  58 001d 09       		.byte	9
  59 001e 01       		.byte	1
  60 001f 40       		.byte	64
  61 0020 5D       		.byte	93
  62 0021 0A       		.byte	10
  63 0022 01       		.byte	1
  64 0023 40       		.byte	64
  65 0024 4C       		.byte	76
  66 0025 0B       		.byte	11
  67 0026 01       		.byte	1
  68 0027 40       		.byte	64
  69 0028 5C       		.byte	92
  70 0029 0C       		.byte	12
  71 002a 01       		.byte	1
  72 002b 40       		.byte	64
  73 002c 39       		.byte	57
  74 002d 0D       		.byte	13
  75 002e 01       		.byte	1
  76 002f 40       		.byte	64
  77 0030 04       		.byte	4
  78 0031 16       		.byte	22
  79 0032 01       		.byte	1
  80 0033 40       		.byte	64
  81 0034 05       		.byte	5
  82 0035 17       		.byte	23
  83 0036 01       		.byte	1
  84 0037 40       		.byte	64
  85 0038 4F       		.byte	79
  86 0039 18       		.byte	24
  87 003a 01       		.byte	1
  88 003b 40       		.byte	64
  89 003c 4A       		.byte	74
  90 003d 19       		.byte	25
  91 003e 01       		.byte	1
  92 003f 40       		.byte	64
  93 0040 56       		.byte	86
  94 0041 1A       		.byte	26
  95 0042 01       		.byte	1
  96 0043 40       		.byte	64
  97 0044 4D       		.byte	77
  98 0045 1B       		.byte	27
  99 0046 01       		.byte	1
 100 0047 40       		.byte	64
 101 0048 06       		.byte	6
 102 0049 40       		.byte	64
 103 004a 01       		.byte	1
 104 004b 40       		.byte	64
 105 004c 04       		.byte	4
 106 004d 41       		.byte	65
 107 004e 01       		.byte	1
 108 004f 40       		.byte	64
 109 0050 07       		.byte	7
 110 0051 42       		.byte	66
 111 0052 01       		.byte	1
 112 0053 40       		.byte	64
 113 0054 06       		.byte	6
 114 0055 43       		.byte	67
ARM GAS  C:\Users\GEORGE~1\AppData\Local\Temp\ccMqmUwa.s 			page 3


 115 0056 01       		.byte	1
 116 0057 40       		.byte	64
 117 0058 02       		.byte	2
 118 0059 44       		.byte	68
 119 005a 01       		.byte	1
 120 005b 40       		.byte	64
 121 005c 05       		.byte	5
 122 005d 45       		.byte	69
 123 005e 01       		.byte	1
 124 005f 40       		.byte	64
 125 0060 04       		.byte	4
 126 0061 46       		.byte	70
 127 0062 01       		.byte	1
 128 0063 40       		.byte	64
 129 0064 05       		.byte	5
 130 0065 47       		.byte	71
 131 0066 01       		.byte	1
 132 0067 40       		.byte	64
 133 0068 05       		.byte	5
 134 0069 48       		.byte	72
 135 006a 01       		.byte	1
 136 006b 40       		.byte	64
 137 006c 01       		.byte	1
 138 006d 4C       		.byte	76
 139 006e 01       		.byte	1
 140 006f 40       		.byte	64
 141 0070 08       		.byte	8
 142 0071 4D       		.byte	77
 143 0072 01       		.byte	1
 144 0073 40       		.byte	64
 145 0074 0A       		.byte	10
 146 0075 50       		.byte	80
 147 0076 01       		.byte	1
 148 0077 40       		.byte	64
 149 0078 02       		.byte	2
 150 0079 51       		.byte	81
 151 007a 01       		.byte	1
 152 007b 40       		.byte	64
 153 007c 11       		.byte	17
 154 007d 02       		.byte	2
 155 007e 9F       		.byte	-97
 156 007f 01       		.byte	1
 157 0080 7A       		.byte	122
 158 0081 01       		.byte	1
 159 0082 88       		.byte	-120
 160 0083 72       		.byte	114
 161 0084 8A       		.byte	-118
 162 0085 67       		.byte	103
 163 0086 8B       		.byte	-117
 164 0087 0D       		.byte	13
 165 0088 8C       		.byte	-116
 166 0089 0F       		.byte	15
 167 008a 79       		.byte	121
 168 008b 01       		.byte	1
 169 008c 89       		.byte	-119
 170 008d 38       		.byte	56
 171 008e E2       		.byte	-30
ARM GAS  C:\Users\GEORGE~1\AppData\Local\Temp\ccMqmUwa.s 			page 4


 172 008f 08       		.byte	8
 173 0090 E6       		.byte	-26
 174 0091 10       		.byte	16
 175 0092 E4       		.byte	-28
 176 0093 04       		.byte	4
 177 0094 E8       		.byte	-24
 178 0095 04       		.byte	4
 179 0096 02       		.byte	2
 180 0097 01       		.byte	1
 181 0098 05       		.byte	5
 182 0099 07       		.byte	7
 183 009a 09       		.byte	9
 184 009b 07       		.byte	7
 185 009c 0C       		.byte	12
 186 009d 0C       		.byte	12
 187 009e 0F       		.byte	15
 188 009f 08       		.byte	8
 189 00a0 10       		.byte	16
 190 00a1 04       		.byte	4
 191 00a2 11       		.byte	17
 192 00a3 07       		.byte	7
 193 00a4 12       		.byte	18
 194 00a5 08       		.byte	8
 195 00a6 14       		.byte	20
 196 00a7 02       		.byte	2
 197 00a8 15       		.byte	21
 198 00a9 01       		.byte	1
 199 00aa 17       		.byte	23
 200 00ab 06       		.byte	6
 201 00ac 18       		.byte	24
 202 00ad 08       		.byte	8
 203 00ae 1A       		.byte	26
 204 00af 04       		.byte	4
 205 00b0 1C       		.byte	28
 206 00b1 03       		.byte	3
 207 00b2 1F       		.byte	31
 208 00b3 08       		.byte	8
 209 00b4 20       		.byte	32
 210 00b5 03       		.byte	3
 211 00b6 24       		.byte	36
 212 00b7 1C       		.byte	28
 213 00b8 25       		.byte	37
 214 00b9 08       		.byte	8
 215 00ba 28       		.byte	40
 216 00bb 1C       		.byte	28
 217 00bc 29       		.byte	41
 218 00bd 04       		.byte	4
 219 00be 2B       		.byte	43
 220 00bf 01       		.byte	1
 221 00c0 2C       		.byte	44
 222 00c1 10       		.byte	16
 223 00c2 2D       		.byte	45
 224 00c3 02       		.byte	2
 225 00c4 2F       		.byte	47
 226 00c5 01       		.byte	1
 227 00c6 30       		.byte	48
 228 00c7 03       		.byte	3
ARM GAS  C:\Users\GEORGE~1\AppData\Local\Temp\ccMqmUwa.s 			page 5


 229 00c8 31       		.byte	49
 230 00c9 08       		.byte	8
 231 00ca 32       		.byte	50
 232 00cb 10       		.byte	16
 233 00cc 34       		.byte	52
 234 00cd 0C       		.byte	12
 235 00ce 35       		.byte	53
 236 00cf 07       		.byte	7
 237 00d0 38       		.byte	56
 238 00d1 02       		.byte	2
 239 00d2 3E       		.byte	62
 240 00d3 01       		.byte	1
 241 00d4 3F       		.byte	63
 242 00d5 01       		.byte	1
 243 00d6 40       		.byte	64
 244 00d7 53       		.byte	83
 245 00d8 49       		.byte	73
 246 00d9 FF       		.byte	-1
 247 00da 4A       		.byte	74
 248 00db FF       		.byte	-1
 249 00dc 4B       		.byte	75
 250 00dd FF       		.byte	-1
 251 00de 4F       		.byte	79
 252 00df 01       		.byte	1
 253 00e0 50       		.byte	80
 254 00e1 18       		.byte	24
 255 00e2 56       		.byte	86
 256 00e3 02       		.byte	2
 257 00e4 57       		.byte	87
 258 00e5 10       		.byte	16
 259 00e6 58       		.byte	88
 260 00e7 04       		.byte	4
 261 00e8 59       		.byte	89
 262 00e9 04       		.byte	4
 263 00ea 5A       		.byte	90
 264 00eb 04       		.byte	4
 265 00ec 5B       		.byte	91
 266 00ed 04       		.byte	4
 267 00ee 5C       		.byte	92
 268 00ef 11       		.byte	17
 269 00f0 5D       		.byte	93
 270 00f1 19       		.byte	25
 271 00f2 5E       		.byte	94
 272 00f3 08       		.byte	8
 273 00f4 5F       		.byte	95
 274 00f5 01       		.byte	1
 275 00f6 60       		.byte	96
 276 00f7 40       		.byte	64
 277 00f8 62       		.byte	98
 278 00f9 40       		.byte	64
 279 00fa 64       		.byte	100
 280 00fb 40       		.byte	64
 281 00fc 65       		.byte	101
 282 00fd 40       		.byte	64
 283 00fe 66       		.byte	102
 284 00ff 80       		.byte	-128
 285 0100 68       		.byte	104
ARM GAS  C:\Users\GEORGE~1\AppData\Local\Temp\ccMqmUwa.s 			page 6


 286 0101 80       		.byte	-128
 287 0102 6A       		.byte	106
 288 0103 80       		.byte	-128
 289 0104 6C       		.byte	108
 290 0105 80       		.byte	-128
 291 0106 6E       		.byte	110
 292 0107 80       		.byte	-128
 293 0108 84       		.byte	-124
 294 0109 02       		.byte	2
 295 010a 8E       		.byte	-114
 296 010b 03       		.byte	3
 297 010c 8F       		.byte	-113
 298 010d 01       		.byte	1
 299 010e 91       		.byte	-111
 300 010f 02       		.byte	2
 301 0110 92       		.byte	-110
 302 0111 04       		.byte	4
 303 0112 95       		.byte	-107
 304 0113 01       		.byte	1
 305 0114 9F       		.byte	-97
 306 0115 02       		.byte	2
 307 0116 B0       		.byte	-80
 308 0117 02       		.byte	2
 309 0118 B2       		.byte	-78
 310 0119 04       		.byte	4
 311 011a B3       		.byte	-77
 312 011b 01       		.byte	1
 313 011c B4       		.byte	-76
 314 011d 01       		.byte	1
 315 011e B7       		.byte	-73
 316 011f 02       		.byte	2
 317 0120 BE       		.byte	-66
 318 0121 01       		.byte	1
 319 0122 BF       		.byte	-65
 320 0123 04       		.byte	4
 321 0124 C0       		.byte	-64
 322 0125 53       		.byte	83
 323 0126 C9       		.byte	-55
 324 0127 FF       		.byte	-1
 325 0128 CA       		.byte	-54
 326 0129 FF       		.byte	-1
 327 012a CB       		.byte	-53
 328 012b FF       		.byte	-1
 329 012c CD       		.byte	-51
 330 012d 83       		.byte	-125
 331 012e CE       		.byte	-50
 332 012f 03       		.byte	3
 333 0130 CF       		.byte	-49
 334 0131 01       		.byte	1
 335 0132 D0       		.byte	-48
 336 0133 18       		.byte	24
 337 0134 D2       		.byte	-46
 338 0135 80       		.byte	-128
 339 0136 D8       		.byte	-40
 340 0137 04       		.byte	4
 341 0138 D9       		.byte	-39
 342 0139 04       		.byte	4
ARM GAS  C:\Users\GEORGE~1\AppData\Local\Temp\ccMqmUwa.s 			page 7


 343 013a DA       		.byte	-38
 344 013b 04       		.byte	4
 345 013c DB       		.byte	-37
 346 013d 04       		.byte	4
 347 013e DC       		.byte	-36
 348 013f 19       		.byte	25
 349 0140 DD       		.byte	-35
 350 0141 99       		.byte	-103
 351 0142 DF       		.byte	-33
 352 0143 01       		.byte	1
 353 0144 E0       		.byte	-32
 354 0145 40       		.byte	64
 355 0146 E2       		.byte	-30
 356 0147 40       		.byte	64
 357 0148 E4       		.byte	-28
 358 0149 40       		.byte	64
 359 014a E5       		.byte	-27
 360 014b 40       		.byte	64
 361 014c E6       		.byte	-26
 362 014d 80       		.byte	-128
 363 014e E8       		.byte	-24
 364 014f 80       		.byte	-128
 365 0150 EA       		.byte	-22
 366 0151 80       		.byte	-128
 367 0152 EC       		.byte	-20
 368 0153 80       		.byte	-128
 369 0154 EE       		.byte	-18
 370 0155 80       		.byte	-128
 371 0156 00       		.byte	0
 372 0157 84       		.byte	-124
 373 0158 05       		.byte	5
 374 0159 01       		.byte	1
 375 015a 06       		.byte	6
 376 015b 40       		.byte	64
 377 015c 07       		.byte	7
 378 015d 01       		.byte	1
 379 015e 0B       		.byte	11
 380 015f 80       		.byte	-128
 381 0160 0C       		.byte	12
 382 0161 01       		.byte	1
 383 0162 0D       		.byte	13
 384 0163 A0       		.byte	-96
 385 0164 0E       		.byte	14
 386 0165 20       		.byte	32
 387 0166 15       		.byte	21
 388 0167 42       		.byte	66
 389 0168 17       		.byte	23
 390 0169 14       		.byte	20
 391 016a 18       		.byte	24
 392 016b 04       		.byte	4
 393 016c 19       		.byte	25
 394 016d 04       		.byte	4
 395 016e 1A       		.byte	26
 396 016f 80       		.byte	-128
 397 0170 1C       		.byte	28
 398 0171 10       		.byte	16
 399 0172 1D       		.byte	29
ARM GAS  C:\Users\GEORGE~1\AppData\Local\Temp\ccMqmUwa.s 			page 8


 400 0173 22       		.byte	34
 401 0174 22       		.byte	34
 402 0175 84       		.byte	-124
 403 0176 23       		.byte	35
 404 0177 02       		.byte	2
 405 0178 24       		.byte	36
 406 0179 40       		.byte	64
 407 017a 27       		.byte	39
 408 017b 08       		.byte	8
 409 017c 2C       		.byte	44
 410 017d 05       		.byte	5
 411 017e 2F       		.byte	47
 412 017f 10       		.byte	16
 413 0180 31       		.byte	49
 414 0181 04       		.byte	4
 415 0182 32       		.byte	50
 416 0183 80       		.byte	-128
 417 0184 33       		.byte	51
 418 0185 02       		.byte	2
 419 0186 34       		.byte	52
 420 0187 80       		.byte	-128
 421 0188 37       		.byte	55
 422 0189 09       		.byte	9
 423 018a 38       		.byte	56
 424 018b 90       		.byte	-112
 425 018c 39       		.byte	57
 426 018d 20       		.byte	32
 427 018e 3B       		.byte	59
 428 018f 80       		.byte	-128
 429 0190 3D       		.byte	61
 430 0191 20       		.byte	32
 431 0192 3E       		.byte	62
 432 0193 84       		.byte	-124
 433 0194 42       		.byte	66
 434 0195 20       		.byte	32
 435 0196 44       		.byte	68
 436 0197 04       		.byte	4
 437 0198 45       		.byte	69
 438 0199 20       		.byte	32
 439 019a 46       		.byte	70
 440 019b 10       		.byte	16
 441 019c 4B       		.byte	75
 442 019d 40       		.byte	64
 443 019e 4F       		.byte	79
 444 019f 40       		.byte	64
 445 01a0 5E       		.byte	94
 446 01a1 40       		.byte	64
 447 01a2 6D       		.byte	109
 448 01a3 60       		.byte	96
 449 01a4 6E       		.byte	110
 450 01a5 04       		.byte	4
 451 01a6 6F       		.byte	111
 452 01a7 14       		.byte	20
 453 01a8 73       		.byte	115
 454 01a9 40       		.byte	64
 455 01aa 74       		.byte	116
 456 01ab A4       		.byte	-92
ARM GAS  C:\Users\GEORGE~1\AppData\Local\Temp\ccMqmUwa.s 			page 9


 457 01ac 7F       		.byte	127
 458 01ad 02       		.byte	2
 459 01ae 90       		.byte	-112
 460 01af 80       		.byte	-128
 461 01b0 91       		.byte	-111
 462 01b1 02       		.byte	2
 463 01b2 94       		.byte	-108
 464 01b3 44       		.byte	68
 465 01b4 96       		.byte	-106
 466 01b5 88       		.byte	-120
 467 01b6 97       		.byte	-105
 468 01b7 40       		.byte	64
 469 01b8 9A       		.byte	-102
 470 01b9 30       		.byte	48
 471 01ba 9B       		.byte	-101
 472 01bb 01       		.byte	1
 473 01bc 9D       		.byte	-99
 474 01bd 01       		.byte	1
 475 01be 9E       		.byte	-98
 476 01bf 40       		.byte	64
 477 01c0 A0       		.byte	-96
 478 01c1 40       		.byte	64
 479 01c2 A1       		.byte	-95
 480 01c3 80       		.byte	-128
 481 01c4 A2       		.byte	-94
 482 01c5 10       		.byte	16
 483 01c6 A3       		.byte	-93
 484 01c7 08       		.byte	8
 485 01c8 A5       		.byte	-91
 486 01c9 08       		.byte	8
 487 01ca A7       		.byte	-89
 488 01cb 02       		.byte	2
 489 01cc B0       		.byte	-80
 490 01cd 84       		.byte	-124
 491 01ce C0       		.byte	-64
 492 01cf 95       		.byte	-107
 493 01d0 C2       		.byte	-62
 494 01d1 F8       		.byte	-8
 495 01d2 C4       		.byte	-60
 496 01d3 F0       		.byte	-16
 497 01d4 CA       		.byte	-54
 498 01d5 70       		.byte	112
 499 01d6 CC       		.byte	-52
 500 01d7 DB       		.byte	-37
 501 01d8 CE       		.byte	-50
 502 01d9 78       		.byte	120
 503 01da D0       		.byte	-48
 504 01db 42       		.byte	66
 505 01dc D2       		.byte	-46
 506 01dd 18       		.byte	24
 507 01de D6       		.byte	-42
 508 01df 10       		.byte	16
 509 01e0 DE       		.byte	-34
 510 01e1 10       		.byte	16
 511 01e2 E4       		.byte	-28
 512 01e3 04       		.byte	4
 513 01e4 E8       		.byte	-24
ARM GAS  C:\Users\GEORGE~1\AppData\Local\Temp\ccMqmUwa.s 			page 10


 514 01e5 04       		.byte	4
 515 01e6 00       		.byte	0
 516 01e7 01       		.byte	1
 517 01e8 04       		.byte	4
 518 01e9 08       		.byte	8
 519 01ea 0A       		.byte	10
 520 01eb 04       		.byte	4
 521 01ec 0C       		.byte	12
 522 01ed 04       		.byte	4
 523 01ee 10       		.byte	16
 524 01ef 08       		.byte	8
 525 01f0 1C       		.byte	28
 526 01f1 01       		.byte	1
 527 01f2 20       		.byte	32
 528 01f3 02       		.byte	2
 529 01f4 2A       		.byte	42
 530 01f5 01       		.byte	1
 531 01f6 32       		.byte	50
 532 01f7 04       		.byte	4
 533 01f8 34       		.byte	52
 534 01f9 08       		.byte	8
 535 01fa 36       		.byte	54
 536 01fb 03       		.byte	3
 537 01fc 38       		.byte	56
 538 01fd A0       		.byte	-96
 539 01fe 3E       		.byte	62
 540 01ff 10       		.byte	16
 541 0200 40       		.byte	64
 542 0201 53       		.byte	83
 543 0202 49       		.byte	73
 544 0203 FF       		.byte	-1
 545 0204 4A       		.byte	74
 546 0205 FF       		.byte	-1
 547 0206 4B       		.byte	75
 548 0207 FF       		.byte	-1
 549 0208 4D       		.byte	77
 550 0209 83       		.byte	-125
 551 020a 4E       		.byte	78
 552 020b 03       		.byte	3
 553 020c 4F       		.byte	79
 554 020d 01       		.byte	1
 555 020e 50       		.byte	80
 556 020f 18       		.byte	24
 557 0210 54       		.byte	84
 558 0211 07       		.byte	7
 559 0212 56       		.byte	86
 560 0213 04       		.byte	4
 561 0214 58       		.byte	88
 562 0215 04       		.byte	4
 563 0216 5A       		.byte	90
 564 0217 04       		.byte	4
 565 0218 5B       		.byte	91
 566 0219 04       		.byte	4
 567 021a 5C       		.byte	92
 568 021b 01       		.byte	1
 569 021c 5D       		.byte	93
 570 021d 99       		.byte	-103
ARM GAS  C:\Users\GEORGE~1\AppData\Local\Temp\ccMqmUwa.s 			page 11


 571 021e 5F       		.byte	95
 572 021f 05       		.byte	5
 573 0220 60       		.byte	96
 574 0221 40       		.byte	64
 575 0222 62       		.byte	98
 576 0223 40       		.byte	64
 577 0224 64       		.byte	100
 578 0225 40       		.byte	64
 579 0226 65       		.byte	101
 580 0227 40       		.byte	64
 581 0228 66       		.byte	102
 582 0229 80       		.byte	-128
 583 022a 68       		.byte	104
 584 022b 80       		.byte	-128
 585 022c 6A       		.byte	106
 586 022d 80       		.byte	-128
 587 022e 6C       		.byte	108
 588 022f 80       		.byte	-128
 589 0230 6E       		.byte	110
 590 0231 80       		.byte	-128
 591 0232 81       		.byte	-127
 592 0233 02       		.byte	2
 593 0234 82       		.byte	-126
 594 0235 04       		.byte	4
 595 0236 83       		.byte	-125
 596 0237 05       		.byte	5
 597 0238 86       		.byte	-122
 598 0239 10       		.byte	16
 599 023a 8A       		.byte	-118
 600 023b 08       		.byte	8
 601 023c 8C       		.byte	-116
 602 023d 01       		.byte	1
 603 023e 8E       		.byte	-114
 604 023f 02       		.byte	2
 605 0240 8F       		.byte	-113
 606 0241 0C       		.byte	12
 607 0242 91       		.byte	-111
 608 0243 10       		.byte	16
 609 0244 92       		.byte	-110
 610 0245 10       		.byte	16
 611 0246 94       		.byte	-108
 612 0247 09       		.byte	9
 613 0248 96       		.byte	-106
 614 0249 04       		.byte	4
 615 024a 97       		.byte	-105
 616 024b 08       		.byte	8
 617 024c 99       		.byte	-103
 618 024d 0C       		.byte	12
 619 024e 9B       		.byte	-101
 620 024f 13       		.byte	19
 621 0250 9E       		.byte	-98
 622 0251 09       		.byte	9
 623 0252 A1       		.byte	-95
 624 0253 01       		.byte	1
 625 0254 A2       		.byte	-94
 626 0255 05       		.byte	5
 627 0256 A3       		.byte	-93
ARM GAS  C:\Users\GEORGE~1\AppData\Local\Temp\ccMqmUwa.s 			page 12


 628 0257 0E       		.byte	14
 629 0258 AD       		.byte	-83
 630 0259 1F       		.byte	31
 631 025a AE       		.byte	-82
 632 025b 0E       		.byte	14
 633 025c B4       		.byte	-76
 634 025d 10       		.byte	16
 635 025e B5       		.byte	-75
 636 025f 1F       		.byte	31
 637 0260 B6       		.byte	-74
 638 0261 0F       		.byte	15
 639 0262 BA       		.byte	-70
 640 0263 80       		.byte	-128
 641 0264 BE       		.byte	-66
 642 0265 10       		.byte	16
 643 0266 C0       		.byte	-64
 644 0267 53       		.byte	83
 645 0268 C5       		.byte	-59
 646 0269 EC       		.byte	-20
 647 026a C6       		.byte	-58
 648 026b 20       		.byte	32
 649 026c C8       		.byte	-56
 650 026d 0B       		.byte	11
 651 026e C9       		.byte	-55
 652 026f FF       		.byte	-1
 653 0270 CA       		.byte	-54
 654 0271 FF       		.byte	-1
 655 0272 CB       		.byte	-53
 656 0273 FF       		.byte	-1
 657 0274 CD       		.byte	-51
 658 0275 83       		.byte	-125
 659 0276 CE       		.byte	-50
 660 0277 03       		.byte	3
 661 0278 CF       		.byte	-49
 662 0279 01       		.byte	1
 663 027a D0       		.byte	-48
 664 027b 18       		.byte	24
 665 027c D4       		.byte	-44
 666 027d 01       		.byte	1
 667 027e D6       		.byte	-42
 668 027f 04       		.byte	4
 669 0280 D8       		.byte	-40
 670 0281 04       		.byte	4
 671 0282 D9       		.byte	-39
 672 0283 04       		.byte	4
 673 0284 DA       		.byte	-38
 674 0285 04       		.byte	4
 675 0286 DB       		.byte	-37
 676 0287 04       		.byte	4
 677 0288 DC       		.byte	-36
 678 0289 11       		.byte	17
 679 028a DD       		.byte	-35
 680 028b 99       		.byte	-103
 681 028c DF       		.byte	-33
 682 028d 01       		.byte	1
 683 028e E0       		.byte	-32
 684 028f 40       		.byte	64
ARM GAS  C:\Users\GEORGE~1\AppData\Local\Temp\ccMqmUwa.s 			page 13


 685 0290 E2       		.byte	-30
 686 0291 40       		.byte	64
 687 0292 E4       		.byte	-28
 688 0293 40       		.byte	64
 689 0294 E5       		.byte	-27
 690 0295 40       		.byte	64
 691 0296 E6       		.byte	-26
 692 0297 80       		.byte	-128
 693 0298 E8       		.byte	-24
 694 0299 80       		.byte	-128
 695 029a EA       		.byte	-22
 696 029b 80       		.byte	-128
 697 029c EC       		.byte	-20
 698 029d 80       		.byte	-128
 699 029e EE       		.byte	-18
 700 029f 80       		.byte	-128
 701 02a0 00       		.byte	0
 702 02a1 14       		.byte	20
 703 02a2 01       		.byte	1
 704 02a3 01       		.byte	1
 705 02a4 03       		.byte	3
 706 02a5 03       		.byte	3
 707 02a6 06       		.byte	6
 708 02a7 60       		.byte	96
 709 02a8 07       		.byte	7
 710 02a9 05       		.byte	5
 711 02aa 08       		.byte	8
 712 02ab 02       		.byte	2
 713 02ac 09       		.byte	9
 714 02ad 80       		.byte	-128
 715 02ae 0A       		.byte	10
 716 02af 40       		.byte	64
 717 02b0 0E       		.byte	14
 718 02b1 21       		.byte	33
 719 02b2 0F       		.byte	15
 720 02b3 40       		.byte	64
 721 02b4 11       		.byte	17
 722 02b5 20       		.byte	32
 723 02b6 12       		.byte	18
 724 02b7 40       		.byte	64
 725 02b8 15       		.byte	21
 726 02b9 02       		.byte	2
 727 02ba 16       		.byte	22
 728 02bb 02       		.byte	2
 729 02bc 18       		.byte	24
 730 02bd 10       		.byte	16
 731 02be 1A       		.byte	26
 732 02bf 07       		.byte	7
 733 02c0 1B       		.byte	27
 734 02c1 40       		.byte	64
 735 02c2 1C       		.byte	28
 736 02c3 08       		.byte	8
 737 02c4 1D       		.byte	29
 738 02c5 80       		.byte	-128
 739 02c6 25       		.byte	37
 740 02c7 10       		.byte	16
 741 02c8 26       		.byte	38
ARM GAS  C:\Users\GEORGE~1\AppData\Local\Temp\ccMqmUwa.s 			page 14


 742 02c9 10       		.byte	16
 743 02ca 2E       		.byte	46
 744 02cb 02       		.byte	2
 745 02cc 2F       		.byte	47
 746 02cd 02       		.byte	2
 747 02ce 31       		.byte	49
 748 02cf 08       		.byte	8
 749 02d0 33       		.byte	51
 750 02d1 04       		.byte	4
 751 02d2 35       		.byte	53
 752 02d3 01       		.byte	1
 753 02d4 36       		.byte	54
 754 02d5 10       		.byte	16
 755 02d6 37       		.byte	55
 756 02d7 04       		.byte	4
 757 02d8 39       		.byte	57
 758 02d9 03       		.byte	3
 759 02da 3D       		.byte	61
 760 02db 01       		.byte	1
 761 02dc 3F       		.byte	63
 762 02dd 80       		.byte	-128
 763 02de 42       		.byte	66
 764 02df 20       		.byte	32
 765 02e0 46       		.byte	70
 766 02e1 20       		.byte	32
 767 02e2 4B       		.byte	75
 768 02e3 40       		.byte	64
 769 02e4 4D       		.byte	77
 770 02e5 06       		.byte	6
 771 02e6 4F       		.byte	79
 772 02e7 40       		.byte	64
 773 02e8 56       		.byte	86
 774 02e9 30       		.byte	48
 775 02ea 59       		.byte	89
 776 02eb 20       		.byte	32
 777 02ec 5A       		.byte	90
 778 02ed 88       		.byte	-120
 779 02ee 5C       		.byte	92
 780 02ef 80       		.byte	-128
 781 02f0 5D       		.byte	93
 782 02f1 06       		.byte	6
 783 02f2 61       		.byte	97
 784 02f3 04       		.byte	4
 785 02f4 62       		.byte	98
 786 02f5 22       		.byte	34
 787 02f6 67       		.byte	103
 788 02f7 80       		.byte	-128
 789 02f8 6A       		.byte	106
 790 02f9 40       		.byte	64
 791 02fa 78       		.byte	120
 792 02fb 02       		.byte	2
 793 02fc 87       		.byte	-121
 794 02fd 40       		.byte	64
 795 02fe 8E       		.byte	-114
 796 02ff 02       		.byte	2
 797 0300 90       		.byte	-112
 798 0301 80       		.byte	-128
ARM GAS  C:\Users\GEORGE~1\AppData\Local\Temp\ccMqmUwa.s 			page 15


 799 0302 91       		.byte	-111
 800 0303 02       		.byte	2
 801 0304 94       		.byte	-108
 802 0305 40       		.byte	64
 803 0306 96       		.byte	-106
 804 0307 06       		.byte	6
 805 0308 99       		.byte	-103
 806 0309 24       		.byte	36
 807 030a 9A       		.byte	-102
 808 030b 02       		.byte	2
 809 030c 9E       		.byte	-98
 810 030d 40       		.byte	64
 811 030e A0       		.byte	-96
 812 030f 40       		.byte	64
 813 0310 A2       		.byte	-94
 814 0311 20       		.byte	32
 815 0312 A3       		.byte	-93
 816 0313 08       		.byte	8
 817 0314 A5       		.byte	-91
 818 0315 88       		.byte	-120
 819 0316 A6       		.byte	-90
 820 0317 10       		.byte	16
 821 0318 A7       		.byte	-89
 822 0319 02       		.byte	2
 823 031a A8       		.byte	-88
 824 031b 20       		.byte	32
 825 031c AE       		.byte	-82
 826 031d 21       		.byte	33
 827 031e C0       		.byte	-64
 828 031f FF       		.byte	-1
 829 0320 C2       		.byte	-62
 830 0321 B9       		.byte	-71
 831 0322 C4       		.byte	-60
 832 0323 9A       		.byte	-102
 833 0324 CA       		.byte	-54
 834 0325 90       		.byte	-112
 835 0326 CC       		.byte	-52
 836 0327 E0       		.byte	-32
 837 0328 CE       		.byte	-50
 838 0329 90       		.byte	-112
 839 032a D0       		.byte	-48
 840 032b 42       		.byte	66
 841 032c D2       		.byte	-46
 842 032d 18       		.byte	24
 843 032e D6       		.byte	-42
 844 032f DE       		.byte	-34
 845 0330 D8       		.byte	-40
 846 0331 87       		.byte	-121
 847 0332 DE       		.byte	-34
 848 0333 01       		.byte	1
 849 0334 E6       		.byte	-26
 850 0335 10       		.byte	16
 851 0336 EE       		.byte	-18
 852 0337 04       		.byte	4
 853 0338 00       		.byte	0
 854 0339 12       		.byte	18
 855 033a 02       		.byte	2
ARM GAS  C:\Users\GEORGE~1\AppData\Local\Temp\ccMqmUwa.s 			page 16


 856 033b 20       		.byte	32
 857 033c 03       		.byte	3
 858 033d 01       		.byte	1
 859 033e 04       		.byte	4
 860 033f 01       		.byte	1
 861 0340 07       		.byte	7
 862 0341 01       		.byte	1
 863 0342 0A       		.byte	10
 864 0343 06       		.byte	6
 865 0344 10       		.byte	16
 866 0345 20       		.byte	32
 867 0346 11       		.byte	17
 868 0347 01       		.byte	1
 869 0348 12       		.byte	18
 870 0349 18       		.byte	24
 871 034a 14       		.byte	20
 872 034b 20       		.byte	32
 873 034c 17       		.byte	23
 874 034d 02       		.byte	2
 875 034e 1B       		.byte	27
 876 034f 01       		.byte	1
 877 0350 1C       		.byte	28
 878 0351 28       		.byte	40
 879 0352 20       		.byte	32
 880 0353 3E       		.byte	62
 881 0354 21       		.byte	33
 882 0355 01       		.byte	1
 883 0356 24       		.byte	36
 884 0357 38       		.byte	56
 885 0358 26       		.byte	38
 886 0359 04       		.byte	4
 887 035a 2C       		.byte	44
 888 035b 18       		.byte	24
 889 035c 2D       		.byte	45
 890 035d 02       		.byte	2
 891 035e 2E       		.byte	46
 892 035f 22       		.byte	34
 893 0360 32       		.byte	50
 894 0361 3E       		.byte	62
 895 0362 34       		.byte	52
 896 0363 01       		.byte	1
 897 0364 35       		.byte	53
 898 0365 02       		.byte	2
 899 0366 37       		.byte	55
 900 0367 01       		.byte	1
 901 0368 3E       		.byte	62
 902 0369 10       		.byte	16
 903 036a 3F       		.byte	63
 904 036b 40       		.byte	64
 905 036c 40       		.byte	64
 906 036d 54       		.byte	84
 907 036e 41       		.byte	65
 908 036f 01       		.byte	1
 909 0370 46       		.byte	70
 910 0371 E0       		.byte	-32
 911 0372 47       		.byte	71
 912 0373 BC       		.byte	-68
ARM GAS  C:\Users\GEORGE~1\AppData\Local\Temp\ccMqmUwa.s 			page 17


 913 0374 48       		.byte	72
 914 0375 38       		.byte	56
 915 0376 49       		.byte	73
 916 0377 FF       		.byte	-1
 917 0378 4A       		.byte	74
 918 0379 FF       		.byte	-1
 919 037a 4B       		.byte	75
 920 037b FF       		.byte	-1
 921 037c 4E       		.byte	78
 922 037d F0       		.byte	-16
 923 037e 4F       		.byte	79
 924 037f 44       		.byte	68
 925 0380 50       		.byte	80
 926 0381 0C       		.byte	12
 927 0382 54       		.byte	84
 928 0383 01       		.byte	1
 929 0384 58       		.byte	88
 930 0385 04       		.byte	4
 931 0386 59       		.byte	89
 932 0387 04       		.byte	4
 933 0388 5A       		.byte	90
 934 0389 04       		.byte	4
 935 038a 5B       		.byte	91
 936 038b 04       		.byte	4
 937 038c 5C       		.byte	92
 938 038d 11       		.byte	17
 939 038e 5D       		.byte	93
 940 038f 11       		.byte	17
 941 0390 5F       		.byte	95
 942 0391 0D       		.byte	13
 943 0392 66       		.byte	102
 944 0393 C0       		.byte	-64
 945 0394 6A       		.byte	106
 946 0395 40       		.byte	64
 947 0396 6B       		.byte	107
 948 0397 02       		.byte	2
 949 0398 81       		.byte	-127
 950 0399 03       		.byte	3
 951 039a 83       		.byte	-125
 952 039b 1C       		.byte	28
 953 039c 85       		.byte	-123
 954 039d 03       		.byte	3
 955 039e 87       		.byte	-121
 956 039f 08       		.byte	8
 957 03a0 8F       		.byte	-113
 958 03a1 09       		.byte	9
 959 03a2 93       		.byte	-109
 960 03a3 10       		.byte	16
 961 03a4 99       		.byte	-103
 962 03a5 12       		.byte	18
 963 03a6 9B       		.byte	-101
 964 03a7 08       		.byte	8
 965 03a8 9D       		.byte	-99
 966 03a9 03       		.byte	3
 967 03aa 9F       		.byte	-97
 968 03ab 08       		.byte	8
 969 03ac AD       		.byte	-83
ARM GAS  C:\Users\GEORGE~1\AppData\Local\Temp\ccMqmUwa.s 			page 18


 970 03ad 03       		.byte	3
 971 03ae AF       		.byte	-81
 972 03af 04       		.byte	4
 973 03b0 B1       		.byte	-79
 974 03b1 1F       		.byte	31
 975 03b2 BB       		.byte	-69
 976 03b3 02       		.byte	2
 977 03b4 C0       		.byte	-64
 978 03b5 42       		.byte	66
 979 03b6 C1       		.byte	-63
 980 03b7 03       		.byte	3
 981 03b8 C5       		.byte	-59
 982 03b9 4E       		.byte	78
 983 03ba C6       		.byte	-58
 984 03bb C0       		.byte	-64
 985 03bc C7       		.byte	-57
 986 03bd 02       		.byte	2
 987 03be C8       		.byte	-56
 988 03bf 1F       		.byte	31
 989 03c0 C9       		.byte	-55
 990 03c1 FF       		.byte	-1
 991 03c2 CA       		.byte	-54
 992 03c3 FF       		.byte	-1
 993 03c4 CB       		.byte	-53
 994 03c5 FF       		.byte	-1
 995 03c6 CD       		.byte	-51
 996 03c7 A0       		.byte	-96
 997 03c8 CF       		.byte	-49
 998 03c9 01       		.byte	1
 999 03ca D0       		.byte	-48
 1000 03cb 18       		.byte	24
 1001 03cc D9       		.byte	-39
 1002 03cd 04       		.byte	4
 1003 03ce DA       		.byte	-38
 1004 03cf 04       		.byte	4
 1005 03d0 DB       		.byte	-37
 1006 03d1 04       		.byte	4
 1007 03d2 DC       		.byte	-36
 1008 03d3 10       		.byte	16
 1009 03d4 DD       		.byte	-35
 1010 03d5 09       		.byte	9
 1011 03d6 DF       		.byte	-33
 1012 03d7 01       		.byte	1
 1013 03d8 E0       		.byte	-32
 1014 03d9 40       		.byte	64
 1015 03da E2       		.byte	-30
 1016 03db 80       		.byte	-128
 1017 03dc E4       		.byte	-28
 1018 03dd 40       		.byte	64
 1019 03de E5       		.byte	-27
 1020 03df 40       		.byte	64
 1021 03e0 E6       		.byte	-26
 1022 03e1 80       		.byte	-128
 1023 03e2 E8       		.byte	-24
 1024 03e3 40       		.byte	64
 1025 03e4 EA       		.byte	-22
 1026 03e5 50       		.byte	80
ARM GAS  C:\Users\GEORGE~1\AppData\Local\Temp\ccMqmUwa.s 			page 19


 1027 03e6 EB       		.byte	-21
 1028 03e7 A8       		.byte	-88
 1029 03e8 EC       		.byte	-20
 1030 03e9 40       		.byte	64
 1031 03ea ED       		.byte	-19
 1032 03eb 20       		.byte	32
 1033 03ec EE       		.byte	-18
 1034 03ed 50       		.byte	80
 1035 03ee EF       		.byte	-17
 1036 03ef A8       		.byte	-88
 1037 03f0 04       		.byte	4
 1038 03f1 10       		.byte	16
 1039 03f2 05       		.byte	5
 1040 03f3 01       		.byte	1
 1041 03f4 06       		.byte	6
 1042 03f5 20       		.byte	32
 1043 03f6 0D       		.byte	13
 1044 03f7 09       		.byte	9
 1045 03f8 0F       		.byte	15
 1046 03f9 02       		.byte	2
 1047 03fa 14       		.byte	20
 1048 03fb 90       		.byte	-112
 1049 03fc 16       		.byte	22
 1050 03fd 0A       		.byte	10
 1051 03fe 17       		.byte	23
 1052 03ff 20       		.byte	32
 1053 0400 1C       		.byte	28
 1054 0401 10       		.byte	16
 1055 0402 1E       		.byte	30
 1056 0403 08       		.byte	8
 1057 0404 1F       		.byte	31
 1058 0405 08       		.byte	8
 1059 0406 21       		.byte	33
 1060 0407 01       		.byte	1
 1061 0408 22       		.byte	34
 1062 0409 02       		.byte	2
 1063 040a 26       		.byte	38
 1064 040b 40       		.byte	64
 1065 040c 27       		.byte	39
 1066 040d 04       		.byte	4
 1067 040e 2B       		.byte	43
 1068 040f 02       		.byte	2
 1069 0410 2E       		.byte	46
 1070 0411 02       		.byte	2
 1071 0412 2F       		.byte	47
 1072 0413 02       		.byte	2
 1073 0414 30       		.byte	48
 1074 0415 10       		.byte	16
 1075 0416 31       		.byte	49
 1076 0417 81       		.byte	-127
 1077 0418 32       		.byte	50
 1078 0419 01       		.byte	1
 1079 041a 34       		.byte	52
 1080 041b 10       		.byte	16
 1081 041c 36       		.byte	54
 1082 041d 12       		.byte	18
 1083 041e 37       		.byte	55
ARM GAS  C:\Users\GEORGE~1\AppData\Local\Temp\ccMqmUwa.s 			page 20


 1084 041f 04       		.byte	4
 1085 0420 39       		.byte	57
 1086 0421 02       		.byte	2
 1087 0422 3A       		.byte	58
 1088 0423 48       		.byte	72
 1089 0424 3D       		.byte	61
 1090 0425 02       		.byte	2
 1091 0426 3E       		.byte	62
 1092 0427 08       		.byte	8
 1093 0428 40       		.byte	64
 1094 0429 60       		.byte	96
 1095 042a 42       		.byte	66
 1096 042b 04       		.byte	4
 1097 042c 45       		.byte	69
 1098 042d 81       		.byte	-127
 1099 042e 46       		.byte	70
 1100 042f 42       		.byte	66
 1101 0430 48       		.byte	72
 1102 0431 40       		.byte	64
 1103 0432 49       		.byte	73
 1104 0433 04       		.byte	4
 1105 0434 4C       		.byte	76
 1106 0435 04       		.byte	4
 1107 0436 4D       		.byte	77
 1108 0437 20       		.byte	32
 1109 0438 4E       		.byte	78
 1110 0439 02       		.byte	2
 1111 043a 50       		.byte	80
 1112 043b 44       		.byte	68
 1113 043c 52       		.byte	82
 1114 043d 20       		.byte	32
 1115 043e 56       		.byte	86
 1116 043f 28       		.byte	40
 1117 0440 57       		.byte	87
 1118 0441 01       		.byte	1
 1119 0442 5E       		.byte	94
 1120 0443 89       		.byte	-119
 1121 0444 5F       		.byte	95
 1122 0445 20       		.byte	32
 1123 0446 68       		.byte	104
 1124 0447 01       		.byte	1
 1125 0448 7C       		.byte	124
 1126 0449 80       		.byte	-128
 1127 044a 7F       		.byte	127
 1128 044b 02       		.byte	2
 1129 044c 88       		.byte	-120
 1130 044d 01       		.byte	1
 1131 044e C0       		.byte	-64
 1132 044f 70       		.byte	112
 1133 0450 C2       		.byte	-62
 1134 0451 B0       		.byte	-80
 1135 0452 C4       		.byte	-60
 1136 0453 B0       		.byte	-80
 1137 0454 CA       		.byte	-54
 1138 0455 98       		.byte	-104
 1139 0456 CC       		.byte	-52
 1140 0457 ED       		.byte	-19
ARM GAS  C:\Users\GEORGE~1\AppData\Local\Temp\ccMqmUwa.s 			page 21


 1141 0458 CE       		.byte	-50
 1142 0459 CB       		.byte	-53
 1143 045a D0       		.byte	-48
 1144 045b 97       		.byte	-105
 1145 045c D2       		.byte	-46
 1146 045d 10       		.byte	16
 1147 045e D6       		.byte	-42
 1148 045f F0       		.byte	-16
 1149 0460 DE       		.byte	-34
 1150 0461 10       		.byte	16
 1151 0462 B9       		.byte	-71
 1152 0463 02       		.byte	2
 1153 0464 BF       		.byte	-65
 1154 0465 01       		.byte	1
 1155 0466 D9       		.byte	-39
 1156 0467 04       		.byte	4
 1157 0468 DF       		.byte	-33
 1158 0469 01       		.byte	1
 1159 046a 20       		.byte	32
 1160 046b 40       		.byte	64
 1161 046c 94       		.byte	-108
 1162 046d 40       		.byte	64
 1163 046e A8       		.byte	-88
 1164 046f 40       		.byte	64
 1165 0470 EC       		.byte	-20
 1166 0471 04       		.byte	4
 1167 0472 EE       		.byte	-18
 1168 0473 01       		.byte	1
 1169 0474 01       		.byte	1
 1170 0475 03       		.byte	3
 1171 0476 03       		.byte	3
 1172 0477 0C       		.byte	12
 1173 0478 04       		.byte	4
 1174 0479 04       		.byte	4
 1175 047a 05       		.byte	5
 1176 047b 01       		.byte	1
 1177 047c 06       		.byte	6
 1178 047d 03       		.byte	3
 1179 047e 08       		.byte	8
 1180 047f 03       		.byte	3
 1181 0480 09       		.byte	9
 1182 0481 03       		.byte	3
 1183 0482 0B       		.byte	11
 1184 0483 08       		.byte	8
 1185 0484 0C       		.byte	12
 1186 0485 07       		.byte	7
 1187 0486 10       		.byte	16
 1188 0487 01       		.byte	1
 1189 0488 11       		.byte	17
 1190 0489 08       		.byte	8
 1191 048a 13       		.byte	19
 1192 048b 03       		.byte	3
 1193 048c 14       		.byte	20
 1194 048d 04       		.byte	4
 1195 048e 16       		.byte	22
 1196 048f 03       		.byte	3
 1197 0490 17       		.byte	23
ARM GAS  C:\Users\GEORGE~1\AppData\Local\Temp\ccMqmUwa.s 			page 22


 1198 0491 08       		.byte	8
 1199 0492 18       		.byte	24
 1200 0493 02       		.byte	2
 1201 0494 19       		.byte	25
 1202 0495 0B       		.byte	11
 1203 0496 1C       		.byte	28
 1204 0497 03       		.byte	3
 1205 0498 21       		.byte	33
 1206 0499 02       		.byte	2
 1207 049a 24       		.byte	36
 1208 049b 07       		.byte	7
 1209 049c 25       		.byte	37
 1210 049d 03       		.byte	3
 1211 049e 2A       		.byte	42
 1212 049f 03       		.byte	3
 1213 04a0 2D       		.byte	45
 1214 04a1 03       		.byte	3
 1215 04a2 2F       		.byte	47
 1216 04a3 04       		.byte	4
 1217 04a4 30       		.byte	48
 1218 04a5 04       		.byte	4
 1219 04a6 33       		.byte	51
 1220 04a7 0F       		.byte	15
 1221 04a8 36       		.byte	54
 1222 04a9 03       		.byte	3
 1223 04aa 3B       		.byte	59
 1224 04ab 08       		.byte	8
 1225 04ac 3E       		.byte	62
 1226 04ad 01       		.byte	1
 1227 04ae 40       		.byte	64
 1228 04af 04       		.byte	4
 1229 04b0 47       		.byte	71
 1230 04b1 04       		.byte	4
 1231 04b2 49       		.byte	73
 1232 04b3 FF       		.byte	-1
 1233 04b4 4A       		.byte	74
 1234 04b5 07       		.byte	7
 1235 04b6 4B       		.byte	75
 1236 04b7 FF       		.byte	-1
 1237 04b8 4C       		.byte	76
 1238 04b9 40       		.byte	64
 1239 04ba 4D       		.byte	77
 1240 04bb 20       		.byte	32
 1241 04bc 4E       		.byte	78
 1242 04bd F0       		.byte	-16
 1243 04be 4F       		.byte	79
 1244 04bf 05       		.byte	5
 1245 04c0 50       		.byte	80
 1246 04c1 08       		.byte	8
 1247 04c2 52       		.byte	82
 1248 04c3 80       		.byte	-128
 1249 04c4 58       		.byte	88
 1250 04c5 04       		.byte	4
 1251 04c6 59       		.byte	89
 1252 04c7 04       		.byte	4
 1253 04c8 5A       		.byte	90
 1254 04c9 04       		.byte	4
ARM GAS  C:\Users\GEORGE~1\AppData\Local\Temp\ccMqmUwa.s 			page 23


 1255 04ca 5B       		.byte	91
 1256 04cb 04       		.byte	4
 1257 04cc 5C       		.byte	92
 1258 04cd 11       		.byte	17
 1259 04ce 5D       		.byte	93
 1260 04cf 91       		.byte	-111
 1261 04d0 5F       		.byte	95
 1262 04d1 09       		.byte	9
 1263 04d2 60       		.byte	96
 1264 04d3 40       		.byte	64
 1265 04d4 61       		.byte	97
 1266 04d5 A8       		.byte	-88
 1267 04d6 62       		.byte	98
 1268 04d7 40       		.byte	64
 1269 04d8 63       		.byte	99
 1270 04d9 20       		.byte	32
 1271 04da 82       		.byte	-126
 1272 04db 01       		.byte	1
 1273 04dc 84       		.byte	-124
 1274 04dd 0C       		.byte	12
 1275 04de 88       		.byte	-120
 1276 04df 02       		.byte	2
 1277 04e0 8A       		.byte	-118
 1278 04e1 0C       		.byte	12
 1279 04e2 8C       		.byte	-116
 1280 04e3 0F       		.byte	15
 1281 04e4 93       		.byte	-109
 1282 04e5 01       		.byte	1
 1283 04e6 96       		.byte	-106
 1284 04e7 02       		.byte	2
 1285 04e8 97       		.byte	-105
 1286 04e9 01       		.byte	1
 1287 04ea 98       		.byte	-104
 1288 04eb 0E       		.byte	14
 1289 04ec A0       		.byte	-96
 1290 04ed 08       		.byte	8
 1291 04ee A4       		.byte	-92
 1292 04ef 04       		.byte	4
 1293 04f0 A8       		.byte	-88
 1294 04f1 0C       		.byte	12
 1295 04f2 A9       		.byte	-87
 1296 04f3 02       		.byte	2
 1297 04f4 AA       		.byte	-86
 1298 04f5 02       		.byte	2
 1299 04f6 AC       		.byte	-84
 1300 04f7 0E       		.byte	14
 1301 04f8 B0       		.byte	-80
 1302 04f9 0E       		.byte	14
 1303 04fa B1       		.byte	-79
 1304 04fb 01       		.byte	1
 1305 04fc B5       		.byte	-75
 1306 04fd 02       		.byte	2
 1307 04fe B6       		.byte	-74
 1308 04ff 01       		.byte	1
 1309 0500 BF       		.byte	-65
 1310 0501 11       		.byte	17
 1311 0502 D4       		.byte	-44
ARM GAS  C:\Users\GEORGE~1\AppData\Local\Temp\ccMqmUwa.s 			page 24


 1312 0503 18       		.byte	24
 1313 0504 D6       		.byte	-42
 1314 0505 04       		.byte	4
 1315 0506 D8       		.byte	-40
 1316 0507 04       		.byte	4
 1317 0508 D9       		.byte	-39
 1318 0509 04       		.byte	4
 1319 050a DB       		.byte	-37
 1320 050b 04       		.byte	4
 1321 050c DC       		.byte	-36
 1322 050d 01       		.byte	1
 1323 050e DD       		.byte	-35
 1324 050f 10       		.byte	16
 1325 0510 DF       		.byte	-33
 1326 0511 05       		.byte	5
 1327 0512 00       		.byte	0
 1328 0513 08       		.byte	8
 1329 0514 01       		.byte	1
 1330 0515 04       		.byte	4
 1331 0516 03       		.byte	3
 1332 0517 86       		.byte	-122
 1333 0518 06       		.byte	6
 1334 0519 01       		.byte	1
 1335 051a 07       		.byte	7
 1336 051b 1A       		.byte	26
 1337 051c 08       		.byte	8
 1338 051d 08       		.byte	8
 1339 051e 09       		.byte	9
 1340 051f 10       		.byte	16
 1341 0520 0C       		.byte	12
 1342 0521 01       		.byte	1
 1343 0522 0D       		.byte	13
 1344 0523 20       		.byte	32
 1345 0524 0F       		.byte	15
 1346 0525 22       		.byte	34
 1347 0526 10       		.byte	16
 1348 0527 A0       		.byte	-96
 1349 0528 12       		.byte	18
 1350 0529 09       		.byte	9
 1351 052a 13       		.byte	19
 1352 052b 04       		.byte	4
 1353 052c 14       		.byte	20
 1354 052d 08       		.byte	8
 1355 052e 15       		.byte	21
 1356 052f 20       		.byte	32
 1357 0530 17       		.byte	23
 1358 0531 04       		.byte	4
 1359 0532 19       		.byte	25
 1360 0533 01       		.byte	1
 1361 0534 1A       		.byte	26
 1362 0535 02       		.byte	2
 1363 0536 1E       		.byte	30
 1364 0537 41       		.byte	65
 1365 0538 22       		.byte	34
 1366 0539 20       		.byte	32
 1367 053a 23       		.byte	35
 1368 053b 40       		.byte	64
ARM GAS  C:\Users\GEORGE~1\AppData\Local\Temp\ccMqmUwa.s 			page 25


 1369 053c 26       		.byte	38
 1370 053d 08       		.byte	8
 1371 053e 27       		.byte	39
 1372 053f 10       		.byte	16
 1373 0540 2B       		.byte	43
 1374 0541 08       		.byte	8
 1375 0542 2C       		.byte	44
 1376 0543 80       		.byte	-128
 1377 0544 2D       		.byte	45
 1378 0545 04       		.byte	4
 1379 0546 2F       		.byte	47
 1380 0547 02       		.byte	2
 1381 0548 31       		.byte	49
 1382 0549 05       		.byte	5
 1383 054a 34       		.byte	52
 1384 054b 08       		.byte	8
 1385 054c 35       		.byte	53
 1386 054d 20       		.byte	32
 1387 054e 36       		.byte	54
 1388 054f 02       		.byte	2
 1389 0550 3D       		.byte	61
 1390 0551 21       		.byte	33
 1391 0552 3F       		.byte	63
 1392 0553 24       		.byte	36
 1393 0554 45       		.byte	69
 1394 0555 02       		.byte	2
 1395 0556 49       		.byte	73
 1396 0557 40       		.byte	64
 1397 0558 4B       		.byte	75
 1398 0559 40       		.byte	64
 1399 055a 55       		.byte	85
 1400 055b 08       		.byte	8
 1401 055c 56       		.byte	86
 1402 055d 40       		.byte	64
 1403 055e 5A       		.byte	90
 1404 055f 01       		.byte	1
 1405 0560 60       		.byte	96
 1406 0561 84       		.byte	-124
 1407 0562 61       		.byte	97
 1408 0563 40       		.byte	64
 1409 0564 63       		.byte	99
 1410 0565 80       		.byte	-128
 1411 0566 6B       		.byte	107
 1412 0567 01       		.byte	1
 1413 0568 76       		.byte	118
 1414 0569 80       		.byte	-128
 1415 056a 78       		.byte	120
 1416 056b 01       		.byte	1
 1417 056c 7B       		.byte	123
 1418 056d 82       		.byte	-126
 1419 056e 7F       		.byte	127
 1420 056f 02       		.byte	2
 1421 0570 89       		.byte	-119
 1422 0571 01       		.byte	1
 1423 0572 8A       		.byte	-118
 1424 0573 08       		.byte	8
 1425 0574 8E       		.byte	-114
ARM GAS  C:\Users\GEORGE~1\AppData\Local\Temp\ccMqmUwa.s 			page 26


 1426 0575 02       		.byte	2
 1427 0576 8F       		.byte	-113
 1428 0577 04       		.byte	4
 1429 0578 91       		.byte	-111
 1430 0579 20       		.byte	32
 1431 057a 96       		.byte	-106
 1432 057b 40       		.byte	64
 1433 057c 97       		.byte	-105
 1434 057d 20       		.byte	32
 1435 057e 9B       		.byte	-101
 1436 057f 0A       		.byte	10
 1437 0580 9C       		.byte	-100
 1438 0581 81       		.byte	-127
 1439 0582 9E       		.byte	-98
 1440 0583 C0       		.byte	-64
 1441 0584 A0       		.byte	-96
 1442 0585 A4       		.byte	-92
 1443 0586 A1       		.byte	-95
 1444 0587 22       		.byte	34
 1445 0588 A3       		.byte	-93
 1446 0589 08       		.byte	8
 1447 058a A5       		.byte	-91
 1448 058b 08       		.byte	8
 1449 058c A7       		.byte	-89
 1450 058d 02       		.byte	2
 1451 058e A8       		.byte	-88
 1452 058f 80       		.byte	-128
 1453 0590 C0       		.byte	-64
 1454 0591 EF       		.byte	-17
 1455 0592 C2       		.byte	-62
 1456 0593 F6       		.byte	-10
 1457 0594 C4       		.byte	-60
 1458 0595 6F       		.byte	111
 1459 0596 CA       		.byte	-54
 1460 0597 D4       		.byte	-44
 1461 0598 CC       		.byte	-52
 1462 0599 E3       		.byte	-29
 1463 059a CE       		.byte	-50
 1464 059b E0       		.byte	-32
 1465 059c D0       		.byte	-48
 1466 059d 80       		.byte	-128
 1467 059e D6       		.byte	-42
 1468 059f 01       		.byte	1
 1469 05a0 D8       		.byte	-40
 1470 05a1 0D       		.byte	13
 1471 05a2 DE       		.byte	-34
 1472 05a3 18       		.byte	24
 1473 05a4 EC       		.byte	-20
 1474 05a5 04       		.byte	4
 1475 05a6 00       		.byte	0
 1476 05a7 02       		.byte	2
 1477 05a8 03       		.byte	3
 1478 05a9 02       		.byte	2
 1479 05aa 04       		.byte	4
 1480 05ab 0C       		.byte	12
 1481 05ac 08       		.byte	8
 1482 05ad 23       		.byte	35
ARM GAS  C:\Users\GEORGE~1\AppData\Local\Temp\ccMqmUwa.s 			page 27


 1483 05ae 0A       		.byte	10
 1484 05af 0C       		.byte	12
 1485 05b0 0E       		.byte	14
 1486 05b1 40       		.byte	64
 1487 05b2 10       		.byte	16
 1488 05b3 0F       		.byte	15
 1489 05b4 12       		.byte	18
 1490 05b5 10       		.byte	16
 1491 05b6 13       		.byte	19
 1492 05b7 02       		.byte	2
 1493 05b8 15       		.byte	21
 1494 05b9 01       		.byte	1
 1495 05ba 16       		.byte	22
 1496 05bb 21       		.byte	33
 1497 05bc 18       		.byte	24
 1498 05bd 0E       		.byte	14
 1499 05be 1A       		.byte	26
 1500 05bf 30       		.byte	48
 1501 05c0 1B       		.byte	27
 1502 05c1 01       		.byte	1
 1503 05c2 1E       		.byte	30
 1504 05c3 02       		.byte	2
 1505 05c4 20       		.byte	32
 1506 05c5 08       		.byte	8
 1507 05c6 21       		.byte	33
 1508 05c7 01       		.byte	1
 1509 05c8 24       		.byte	36
 1510 05c9 04       		.byte	4
 1511 05ca 27       		.byte	39
 1512 05cb 01       		.byte	1
 1513 05cc 28       		.byte	40
 1514 05cd 0E       		.byte	14
 1515 05ce 2A       		.byte	42
 1516 05cf 01       		.byte	1
 1517 05d0 2C       		.byte	44
 1518 05d1 2F       		.byte	47
 1519 05d2 30       		.byte	48
 1520 05d3 40       		.byte	64
 1521 05d4 31       		.byte	49
 1522 05d5 01       		.byte	1
 1523 05d6 34       		.byte	52
 1524 05d7 3F       		.byte	63
 1525 05d8 35       		.byte	53
 1526 05d9 02       		.byte	2
 1527 05da 39       		.byte	57
 1528 05db 02       		.byte	2
 1529 05dc 3A       		.byte	58
 1530 05dd 20       		.byte	32
 1531 05de 3F       		.byte	63
 1532 05df 10       		.byte	16
 1533 05e0 40       		.byte	64
 1534 05e1 32       		.byte	50
 1535 05e2 41       		.byte	65
 1536 05e3 06       		.byte	6
 1537 05e4 42       		.byte	66
 1538 05e5 04       		.byte	4
 1539 05e6 44       		.byte	68
ARM GAS  C:\Users\GEORGE~1\AppData\Local\Temp\ccMqmUwa.s 			page 28


 1540 05e7 01       		.byte	1
 1541 05e8 45       		.byte	69
 1542 05e9 0C       		.byte	12
 1543 05ea 47       		.byte	71
 1544 05eb E0       		.byte	-32
 1545 05ec 48       		.byte	72
 1546 05ed 21       		.byte	33
 1547 05ee 49       		.byte	73
 1548 05ef FF       		.byte	-1
 1549 05f0 4A       		.byte	74
 1550 05f1 FF       		.byte	-1
 1551 05f2 4B       		.byte	75
 1552 05f3 FF       		.byte	-1
 1553 05f4 4C       		.byte	76
 1554 05f5 62       		.byte	98
 1555 05f6 4D       		.byte	77
 1556 05f7 A0       		.byte	-96
 1557 05f8 4E       		.byte	78
 1558 05f9 F0       		.byte	-16
 1559 05fa 4F       		.byte	79
 1560 05fb 41       		.byte	65
 1561 05fc 50       		.byte	80
 1562 05fd 0C       		.byte	12
 1563 05fe 58       		.byte	88
 1564 05ff 04       		.byte	4
 1565 0600 59       		.byte	89
 1566 0601 04       		.byte	4
 1567 0602 5A       		.byte	90
 1568 0603 04       		.byte	4
 1569 0604 5C       		.byte	92
 1570 0605 11       		.byte	17
 1571 0606 5D       		.byte	93
 1572 0607 01       		.byte	1
 1573 0608 5F       		.byte	95
 1574 0609 09       		.byte	9
 1575 060a 66       		.byte	102
 1576 060b 40       		.byte	64
 1577 060c 67       		.byte	103
 1578 060d 02       		.byte	2
 1579 060e 69       		.byte	105
 1580 060f 10       		.byte	16
 1581 0610 6A       		.byte	106
 1582 0611 30       		.byte	48
 1583 0612 6B       		.byte	107
 1584 0613 10       		.byte	16
 1585 0614 6D       		.byte	109
 1586 0615 10       		.byte	16
 1587 0616 6E       		.byte	110
 1588 0617 10       		.byte	16
 1589 0618 6F       		.byte	111
 1590 0619 12       		.byte	18
 1591 061a 81       		.byte	-127
 1592 061b 1B       		.byte	27
 1593 061c 85       		.byte	-123
 1594 061d 08       		.byte	8
 1595 061e 89       		.byte	-119
 1596 061f 18       		.byte	24
ARM GAS  C:\Users\GEORGE~1\AppData\Local\Temp\ccMqmUwa.s 			page 29


 1597 0620 8A       		.byte	-118
 1598 0621 01       		.byte	1
 1599 0622 8B       		.byte	-117
 1600 0623 03       		.byte	3
 1601 0624 8D       		.byte	-115
 1602 0625 02       		.byte	2
 1603 0626 91       		.byte	-111
 1604 0627 03       		.byte	3
 1605 0628 92       		.byte	-110
 1606 0629 04       		.byte	4
 1607 062a 93       		.byte	-109
 1608 062b 1C       		.byte	28
 1609 062c 97       		.byte	-105
 1610 062d 03       		.byte	3
 1611 062e 99       		.byte	-103
 1612 062f 1B       		.byte	27
 1613 0630 9A       		.byte	-102
 1614 0631 02       		.byte	2
 1615 0632 9D       		.byte	-99
 1616 0633 18       		.byte	24
 1617 0634 A1       		.byte	-95
 1618 0635 10       		.byte	16
 1619 0636 A5       		.byte	-91
 1620 0637 03       		.byte	3
 1621 0638 A6       		.byte	-90
 1622 0639 02       		.byte	2
 1623 063a A9       		.byte	-87
 1624 063b 01       		.byte	1
 1625 063c AD       		.byte	-83
 1626 063d 03       		.byte	3
 1627 063e AF       		.byte	-81
 1628 063f 04       		.byte	4
 1629 0640 B4       		.byte	-76
 1630 0641 04       		.byte	4
 1631 0642 B5       		.byte	-75
 1632 0643 1F       		.byte	31
 1633 0644 B6       		.byte	-74
 1634 0645 03       		.byte	3
 1635 0646 BB       		.byte	-69
 1636 0647 20       		.byte	32
 1637 0648 BE       		.byte	-66
 1638 0649 40       		.byte	64
 1639 064a D8       		.byte	-40
 1640 064b 04       		.byte	4
 1641 064c D9       		.byte	-39
 1642 064d 04       		.byte	4
 1643 064e DC       		.byte	-36
 1644 064f 19       		.byte	25
 1645 0650 DF       		.byte	-33
 1646 0651 01       		.byte	1
 1647 0652 00       		.byte	0
 1648 0653 08       		.byte	8
 1649 0654 03       		.byte	3
 1650 0655 85       		.byte	-123
 1651 0656 05       		.byte	5
 1652 0657 01       		.byte	1
 1653 0658 06       		.byte	6
ARM GAS  C:\Users\GEORGE~1\AppData\Local\Temp\ccMqmUwa.s 			page 30


 1654 0659 80       		.byte	-128
 1655 065a 07       		.byte	7
 1656 065b 08       		.byte	8
 1657 065c 08       		.byte	8
 1658 065d 08       		.byte	8
 1659 065e 0A       		.byte	10
 1660 065f 86       		.byte	-122
 1661 0660 0D       		.byte	13
 1662 0661 20       		.byte	32
 1663 0662 0F       		.byte	15
 1664 0663 80       		.byte	-128
 1665 0664 10       		.byte	16
 1666 0665 A0       		.byte	-96
 1667 0666 12       		.byte	18
 1668 0667 09       		.byte	9
 1669 0668 13       		.byte	19
 1670 0669 04       		.byte	4
 1671 066a 14       		.byte	20
 1672 066b 20       		.byte	32
 1673 066c 16       		.byte	22
 1674 066d 20       		.byte	32
 1675 066e 1A       		.byte	26
 1676 066f 84       		.byte	-124
 1677 0670 1B       		.byte	27
 1678 0671 13       		.byte	19
 1679 0672 1E       		.byte	30
 1680 0673 01       		.byte	1
 1681 0674 1F       		.byte	31
 1682 0675 10       		.byte	16
 1683 0676 20       		.byte	32
 1684 0677 04       		.byte	4
 1685 0678 21       		.byte	33
 1686 0679 02       		.byte	2
 1687 067a 27       		.byte	39
 1688 067b 04       		.byte	4
 1689 067c 2A       		.byte	42
 1690 067d 01       		.byte	1
 1691 067e 2B       		.byte	43
 1692 067f 10       		.byte	16
 1693 0680 2C       		.byte	44
 1694 0681 90       		.byte	-112
 1695 0682 2E       		.byte	46
 1696 0683 20       		.byte	32
 1697 0684 2F       		.byte	47
 1698 0685 02       		.byte	2
 1699 0686 31       		.byte	49
 1700 0687 02       		.byte	2
 1701 0688 33       		.byte	51
 1702 0689 14       		.byte	20
 1703 068a 34       		.byte	52
 1704 068b 08       		.byte	8
 1705 068c 35       		.byte	53
 1706 068d 20       		.byte	32
 1707 068e 36       		.byte	54
 1708 068f 42       		.byte	66
 1709 0690 38       		.byte	56
 1710 0691 02       		.byte	2
ARM GAS  C:\Users\GEORGE~1\AppData\Local\Temp\ccMqmUwa.s 			page 31


 1711 0692 3D       		.byte	61
 1712 0693 01       		.byte	1
 1713 0694 3E       		.byte	62
 1714 0695 40       		.byte	64
 1715 0696 3F       		.byte	63
 1716 0697 24       		.byte	36
 1717 0698 40       		.byte	64
 1718 0699 08       		.byte	8
 1719 069a 41       		.byte	65
 1720 069b 10       		.byte	16
 1721 069c 42       		.byte	66
 1722 069d 81       		.byte	-127
 1723 069e 43       		.byte	67
 1724 069f 04       		.byte	4
 1725 06a0 44       		.byte	68
 1726 06a1 10       		.byte	16
 1727 06a2 47       		.byte	71
 1728 06a3 08       		.byte	8
 1729 06a4 49       		.byte	73
 1730 06a5 24       		.byte	36
 1731 06a6 50       		.byte	80
 1732 06a7 01       		.byte	1
 1733 06a8 7B       		.byte	123
 1734 06a9 01       		.byte	1
 1735 06aa 81       		.byte	-127
 1736 06ab 20       		.byte	32
 1737 06ac 82       		.byte	-126
 1738 06ad 40       		.byte	64
 1739 06ae 88       		.byte	-120
 1740 06af 04       		.byte	4
 1741 06b0 8A       		.byte	-118
 1742 06b1 40       		.byte	64
 1743 06b2 8C       		.byte	-116
 1744 06b3 20       		.byte	32
 1745 06b4 8F       		.byte	-113
 1746 06b5 80       		.byte	-128
 1747 06b6 91       		.byte	-111
 1748 06b7 21       		.byte	33
 1749 06b8 92       		.byte	-110
 1750 06b9 02       		.byte	2
 1751 06ba 94       		.byte	-108
 1752 06bb 04       		.byte	4
 1753 06bc 97       		.byte	-105
 1754 06bd 20       		.byte	32
 1755 06be 99       		.byte	-103
 1756 06bf 21       		.byte	33
 1757 06c0 9A       		.byte	-102
 1758 06c1 01       		.byte	1
 1759 06c2 9B       		.byte	-101
 1760 06c3 19       		.byte	25
 1761 06c4 9D       		.byte	-99
 1762 06c5 04       		.byte	4
 1763 06c6 9F       		.byte	-97
 1764 06c7 04       		.byte	4
 1765 06c8 A0       		.byte	-96
 1766 06c9 A4       		.byte	-92
 1767 06ca A1       		.byte	-95
ARM GAS  C:\Users\GEORGE~1\AppData\Local\Temp\ccMqmUwa.s 			page 32


 1768 06cb 20       		.byte	32
 1769 06cc A2       		.byte	-94
 1770 06cd 0A       		.byte	10
 1771 06ce A3       		.byte	-93
 1772 06cf 40       		.byte	64
 1773 06d0 A7       		.byte	-89
 1774 06d1 93       		.byte	-109
 1775 06d2 AE       		.byte	-82
 1776 06d3 20       		.byte	32
 1777 06d4 B1       		.byte	-79
 1778 06d5 20       		.byte	32
 1779 06d6 B3       		.byte	-77
 1780 06d7 02       		.byte	2
 1781 06d8 C0       		.byte	-64
 1782 06d9 4F       		.byte	79
 1783 06da C2       		.byte	-62
 1784 06db 5F       		.byte	95
 1785 06dc C4       		.byte	-60
 1786 06dd 2F       		.byte	47
 1787 06de CA       		.byte	-54
 1788 06df F3       		.byte	-13
 1789 06e0 CC       		.byte	-52
 1790 06e1 F7       		.byte	-9
 1791 06e2 CE       		.byte	-50
 1792 06e3 F1       		.byte	-15
 1793 06e4 D0       		.byte	-48
 1794 06e5 0F       		.byte	15
 1795 06e6 D2       		.byte	-46
 1796 06e7 04       		.byte	4
 1797 06e8 DE       		.byte	-34
 1798 06e9 08       		.byte	8
 1799 06ea EC       		.byte	-20
 1800 06eb 02       		.byte	2
 1801 06ec 30       		.byte	48
 1802 06ed 02       		.byte	2
 1803 06ee 32       		.byte	50
 1804 06ef 40       		.byte	64
 1805 06f0 37       		.byte	55
 1806 06f1 80       		.byte	-128
 1807 06f2 3C       		.byte	60
 1808 06f3 40       		.byte	64
 1809 06f4 CC       		.byte	-52
 1810 06f5 70       		.byte	112
 1811 06f6 CE       		.byte	-50
 1812 06f7 20       		.byte	32
 1813 06f8 94       		.byte	-108
 1814 06f9 40       		.byte	64
 1815 06fa 96       		.byte	-106
 1816 06fb 80       		.byte	-128
 1817 06fc 9F       		.byte	-97
 1818 06fd 80       		.byte	-128
 1819 06fe A4       		.byte	-92
 1820 06ff 02       		.byte	2
 1821 0700 84       		.byte	-124
 1822 0701 02       		.byte	2
 1823 0702 8F       		.byte	-113
 1824 0703 80       		.byte	-128
ARM GAS  C:\Users\GEORGE~1\AppData\Local\Temp\ccMqmUwa.s 			page 33


 1825 0704 94       		.byte	-108
 1826 0705 40       		.byte	64
 1827 0706 96       		.byte	-106
 1828 0707 80       		.byte	-128
 1829 0708 9F       		.byte	-97
 1830 0709 80       		.byte	-128
 1831 070a A4       		.byte	-92
 1832 070b 02       		.byte	2
 1833 070c E2       		.byte	-30
 1834 070d 10       		.byte	16
 1835 070e 80       		.byte	-128
 1836 070f 40       		.byte	64
 1837 0710 94       		.byte	-108
 1838 0711 44       		.byte	68
 1839 0712 96       		.byte	-106
 1840 0713 80       		.byte	-128
 1841 0714 A8       		.byte	-88
 1842 0715 04       		.byte	4
 1843 0716 E4       		.byte	-28
 1844 0717 20       		.byte	32
 1845 0718 E8       		.byte	-24
 1846 0719 20       		.byte	32
 1847 071a 7C       		.byte	124
 1848 071b 08       		.byte	8
 1849 071c DE       		.byte	-34
 1850 071d 01       		.byte	1
 1851 071e 58       		.byte	88
 1852 071f 40       		.byte	64
 1853 0720 88       		.byte	-120
 1854 0721 40       		.byte	64
 1855 0722 9C       		.byte	-100
 1856 0723 08       		.byte	8
 1857 0724 D4       		.byte	-44
 1858 0725 01       		.byte	1
 1859 0726 E0       		.byte	-32
 1860 0727 01       		.byte	1
 1861 0728 47       		.byte	71
 1862 0729 08       		.byte	8
 1863 072a 9C       		.byte	-100
 1864 072b 08       		.byte	8
 1865 072c A8       		.byte	-88
 1866 072d 08       		.byte	8
 1867 072e D0       		.byte	-48
 1868 072f 01       		.byte	1
 1869 0730 33       		.byte	51
 1870 0731 80       		.byte	-128
 1871 0732 83       		.byte	-125
 1872 0733 80       		.byte	-128
 1873 0734 9C       		.byte	-100
 1874 0735 08       		.byte	8
 1875 0736 AB       		.byte	-85
 1876 0737 08       		.byte	8
 1877 0738 CC       		.byte	-52
 1878 0739 08       		.byte	8
 1879 073a 24       		.byte	36
 1880 073b 44       		.byte	68
 1881 073c 94       		.byte	-108
ARM GAS  C:\Users\GEORGE~1\AppData\Local\Temp\ccMqmUwa.s 			page 34


 1882 073d 44       		.byte	68
 1883 073e AA       		.byte	-86
 1884 073f 40       		.byte	64
 1885 0740 C8       		.byte	-56
 1886 0741 A0       		.byte	-96
 1887 0742 EE       		.byte	-18
 1888 0743 80       		.byte	-128
 1889 0744 A8       		.byte	-88
 1890 0745 08       		.byte	8
 1891 0746 12       		.byte	18
 1892 0747 80       		.byte	-128
 1893 0748 74       		.byte	116
 1894 0749 04       		.byte	4
 1895 074a 8E       		.byte	-114
 1896 074b 80       		.byte	-128
 1897 074c A0       		.byte	-96
 1898 074d 04       		.byte	4
 1899 074e AC       		.byte	-84
 1900 074f 04       		.byte	4
 1901 0750 C4       		.byte	-60
 1902 0751 08       		.byte	8
 1903 0752 DE       		.byte	-34
 1904 0753 04       		.byte	4
 1905 0754 E2       		.byte	-30
 1906 0755 02       		.byte	2
 1907 0756 00       		.byte	0
 1908 0757 02       		.byte	2
 1909 0758 01       		.byte	1
 1910 0759 01       		.byte	1
 1911 075a 0C       		.byte	12
 1912 075b 02       		.byte	2
 1913 075c 0D       		.byte	13
 1914 075d 01       		.byte	1
 1915 075e 0E       		.byte	14
 1916 075f 02       		.byte	2
 1917 0760 0F       		.byte	15
 1918 0761 01       		.byte	1
 1919 0762 10       		.byte	16
 1920 0763 02       		.byte	2
 1921 0764 11       		.byte	17
 1922 0765 01       		.byte	1
 1923 0766 1C       		.byte	28
 1924 0767 02       		.byte	2
 1925 0768 1D       		.byte	29
 1926 0769 01       		.byte	1
 1927 076a 00       		.byte	0
 1928 076b 3F       		.byte	63
 1929 076c 10       		.byte	16
 1930 076d 02       		.byte	2
 1931 076e 00       		.byte	0
 1932 076f 00       		.byte	0
 1933 0770 80       		.byte	-128
 1934 0771 80       		.byte	-128
 1935 0772 00       		.byte	0
 1936 0773 00       		.byte	0
 1937 0774 40       		.byte	64
 1938 0775 00       		.byte	0
ARM GAS  C:\Users\GEORGE~1\AppData\Local\Temp\ccMqmUwa.s 			page 35


 1939 0776 00       		.byte	0
 1940 0777 00       		.byte	0
 1941 0778 80       		.byte	-128
 1942 0779 00       		.byte	0
 1943 077a 40       		.byte	64
 1944 077b 80       		.byte	-128
 1945 077c 80       		.byte	-128
 1946 077d 00       		.byte	0
 1947 077e 80       		.byte	-128
 1948 077f 00       		.byte	0
 1949 0780 00       		.byte	0
 1950 0781 00       		.byte	0
 1951 0782 00       		.byte	0
 1952 0783 00       		.byte	0
 1953 0784 00       		.byte	0
 1954 0785 00       		.byte	0
 1955 0786 00       		.byte	0
 1956 0787 00       		.byte	0
 1957 0788 00       		.byte	0
 1958 0789 00       		.byte	0
 1959 078a 01       		.byte	1
 1960 078b 00       		.byte	0
 1961 078c 00       		.byte	0
 1962 078d 0B       		.byte	11
 1963 078e 0B       		.byte	11
 1964 078f 00       		.byte	0
 1965 0790 00       		.byte	0
 1966 0791 00       		.byte	0
 1967 0792 00       		.byte	0
 1968 0793 00       		.byte	0
 1969 0794 00       		.byte	0
 1970 0795 02       		.byte	2
 1971 0796 02       		.byte	2
 1972 0797 00       		.byte	0
 1973 0798 02       		.byte	2
 1974 0799 00       		.byte	0
 1975 079a 00       		.byte	0
 1976 079b 00       		.byte	0
 1977 079c 00       		.byte	0
 1978 079d 00       		.byte	0
 1979 079e 00       		.byte	0
 1980 079f 00       		.byte	0
 1981 07a0 00       		.byte	0
 1982 07a1 00       		.byte	0
 1983 07a2 01       		.byte	1
 1984 07a3 00       		.byte	0
 1985 07a4 25       		.byte	37
 1986 07a5 00       		.byte	0
 1987 07a6 18       		.byte	24
 1988 07a7 01       		.byte	1
 1989              		.section	.cywolatch,"a",%progbits
 1990              		.align	2
 1991              		.type	cy_meta_wonvl, %object
 1992              		.size	cy_meta_wonvl, 4
 1993              	cy_meta_wonvl:
 1994 0000 BC       		.byte	-68
 1995 0001 90       		.byte	-112
ARM GAS  C:\Users\GEORGE~1\AppData\Local\Temp\ccMqmUwa.s 			page 36


 1996 0002 AC       		.byte	-84
 1997 0003 AF       		.byte	-81
 1998              		.section	.cycustnvl,"a",%progbits
 1999              		.align	2
 2000              		.type	cy_meta_custnvl, %object
 2001              		.size	cy_meta_custnvl, 4
 2002              	cy_meta_custnvl:
 2003 0000 00       		.byte	0
 2004 0001 00       		.byte	0
 2005 0002 40       		.byte	64
 2006 0003 05       		.byte	5
 2007              		.section	.cymeta,"a",%progbits
 2008              		.align	2
 2009              		.type	cy_metadata, %object
 2010              		.size	cy_metadata, 12
 2011              	cy_metadata:
 2012 0000 00       		.byte	0
 2013 0001 01       		.byte	1
 2014 0002 2E       		.byte	46
 2015 0003 16       		.byte	22
 2016 0004 10       		.byte	16
 2017 0005 69       		.byte	105
 2018 0006 00       		.byte	0
 2019 0007 01       		.byte	1
 2020 0008 00       		.byte	0
 2021 0009 00       		.byte	0
 2022 000a 00       		.byte	0
 2023 000b 00       		.byte	0
 2024              		.section	.cyflashprotect,"a",%progbits
 2025              		.align	2
 2026              		.type	cy_meta_flashprotect, %object
 2027              		.size	cy_meta_flashprotect, 256
 2028              	cy_meta_flashprotect:
 2029 0000 00000000 		.space	256
 2029      00000000 
 2029      00000000 
 2029      00000000 
 2029      00000000 
 2030              		.text
 2031              	.Letext0:
 2032              		.file 1 "c:\\program files (x86)\\cypress\\psoc creator\\4.2\\psoc creator\\import\\gnu\\arm\\5.4.
 2033              		.file 2 "c:\\program files (x86)\\cypress\\psoc creator\\4.2\\psoc creator\\import\\gnu\\arm\\5.4.
 2034              		.file 3 "Generated_Source\\PSoC5\\cymetadata.c"
 2035              		.section	.debug_info,"",%progbits
 2036              	.Ldebug_info0:
 2037 0000 35010000 		.4byte	0x135
 2038 0004 0400     		.2byte	0x4
 2039 0006 00000000 		.4byte	.Ldebug_abbrev0
 2040 000a 04       		.byte	0x4
 2041 000b 01       		.uleb128 0x1
 2042 000c 24000000 		.4byte	.LASF17
 2043 0010 0C       		.byte	0xc
 2044 0011 E7010000 		.4byte	.LASF18
 2045 0015 72010000 		.4byte	.LASF19
 2046 0019 00000000 		.4byte	.Ldebug_line0
 2047 001d 02       		.uleb128 0x2
 2048 001e 01       		.byte	0x1
ARM GAS  C:\Users\GEORGE~1\AppData\Local\Temp\ccMqmUwa.s 			page 37


 2049 001f 06       		.byte	0x6
 2050 0020 DB010000 		.4byte	.LASF0
 2051 0024 03       		.uleb128 0x3
 2052 0025 00000000 		.4byte	.LASF9
 2053 0029 01       		.byte	0x1
 2054 002a 1D       		.byte	0x1d
 2055 002b 2F000000 		.4byte	0x2f
 2056 002f 02       		.uleb128 0x2
 2057 0030 01       		.byte	0x1
 2058 0031 08       		.byte	0x8
 2059 0032 16000000 		.4byte	.LASF1
 2060 0036 02       		.uleb128 0x2
 2061 0037 02       		.byte	0x2
 2062 0038 05       		.byte	0x5
 2063 0039 5F010000 		.4byte	.LASF2
 2064 003d 02       		.uleb128 0x2
 2065 003e 02       		.byte	0x2
 2066 003f 07       		.byte	0x7
 2067 0040 C4000000 		.4byte	.LASF3
 2068 0044 02       		.uleb128 0x2
 2069 0045 04       		.byte	0x4
 2070 0046 05       		.byte	0x5
 2071 0047 69010000 		.4byte	.LASF4
 2072 004b 02       		.uleb128 0x2
 2073 004c 04       		.byte	0x4
 2074 004d 07       		.byte	0x7
 2075 004e B2000000 		.4byte	.LASF5
 2076 0052 02       		.uleb128 0x2
 2077 0053 08       		.byte	0x8
 2078 0054 05       		.byte	0x5
 2079 0055 51010000 		.4byte	.LASF6
 2080 0059 02       		.uleb128 0x2
 2081 005a 08       		.byte	0x8
 2082 005b 07       		.byte	0x7
 2083 005c 06010000 		.4byte	.LASF7
 2084 0060 04       		.uleb128 0x4
 2085 0061 04       		.byte	0x4
 2086 0062 05       		.byte	0x5
 2087 0063 696E7400 		.ascii	"int\000"
 2088 0067 02       		.uleb128 0x2
 2089 0068 04       		.byte	0x4
 2090 0069 07       		.byte	0x7
 2091 006a F9000000 		.4byte	.LASF8
 2092 006e 03       		.uleb128 0x3
 2093 006f 1D010000 		.4byte	.LASF10
 2094 0073 02       		.byte	0x2
 2095 0074 18       		.byte	0x18
 2096 0075 24000000 		.4byte	0x24
 2097 0079 05       		.uleb128 0x5
 2098 007a 91000000 		.4byte	0x91
 2099 007e 8A000000 		.4byte	0x8a
 2100 0082 06       		.uleb128 0x6
 2101 0083 8A000000 		.4byte	0x8a
 2102 0087 A707     		.2byte	0x7a7
 2103 0089 00       		.byte	0
 2104 008a 02       		.uleb128 0x2
 2105 008b 04       		.byte	0x4
ARM GAS  C:\Users\GEORGE~1\AppData\Local\Temp\ccMqmUwa.s 			page 38


 2106 008c 07       		.byte	0x7
 2107 008d 48010000 		.4byte	.LASF11
 2108 0091 07       		.uleb128 0x7
 2109 0092 6E000000 		.4byte	0x6e
 2110 0096 08       		.uleb128 0x8
 2111 0097 E7000000 		.4byte	.LASF12
 2112 009b 03       		.byte	0x3
 2113 009c 1F       		.byte	0x1f
 2114 009d A7000000 		.4byte	0xa7
 2115 00a1 05       		.uleb128 0x5
 2116 00a2 03       		.byte	0x3
 2117 00a3 00000000 		.4byte	cy_meta_configecc
 2118 00a7 07       		.uleb128 0x7
 2119 00a8 79000000 		.4byte	0x79
 2120 00ac 05       		.uleb128 0x5
 2121 00ad 91000000 		.4byte	0x91
 2122 00b1 BC000000 		.4byte	0xbc
 2123 00b5 09       		.uleb128 0x9
 2124 00b6 8A000000 		.4byte	0x8a
 2125 00ba 03       		.byte	0x3
 2126 00bb 00       		.byte	0
 2127 00bc 0A       		.uleb128 0xa
 2128 00bd D7000000 		.4byte	.LASF13
 2129 00c1 03       		.byte	0x3
 2130 00c2 2101     		.2byte	0x121
 2131 00c4 CE000000 		.4byte	0xce
 2132 00c8 05       		.uleb128 0x5
 2133 00c9 03       		.byte	0x3
 2134 00ca 00000000 		.4byte	cy_meta_custnvl
 2135 00ce 07       		.uleb128 0x7
 2136 00cf AC000000 		.4byte	0xac
 2137 00d3 0A       		.uleb128 0xa
 2138 00d4 3A010000 		.4byte	.LASF14
 2139 00d8 03       		.byte	0x3
 2140 00d9 2F01     		.2byte	0x12f
 2141 00db E5000000 		.4byte	0xe5
 2142 00df 05       		.uleb128 0x5
 2143 00e0 03       		.byte	0x3
 2144 00e1 00000000 		.4byte	cy_meta_wonvl
 2145 00e5 07       		.uleb128 0x7
 2146 00e6 AC000000 		.4byte	0xac
 2147 00ea 05       		.uleb128 0x5
 2148 00eb 91000000 		.4byte	0x91
 2149 00ef FA000000 		.4byte	0xfa
 2150 00f3 09       		.uleb128 0x9
 2151 00f4 8A000000 		.4byte	0x8a
 2152 00f8 FF       		.byte	0xff
 2153 00f9 00       		.byte	0
 2154 00fa 0A       		.uleb128 0xa
 2155 00fb 25010000 		.4byte	.LASF15
 2156 00ff 03       		.byte	0x3
 2157 0100 3D01     		.2byte	0x13d
 2158 0102 0C010000 		.4byte	0x10c
 2159 0106 05       		.uleb128 0x5
 2160 0107 03       		.byte	0x3
 2161 0108 00000000 		.4byte	cy_meta_flashprotect
 2162 010c 07       		.uleb128 0x7
ARM GAS  C:\Users\GEORGE~1\AppData\Local\Temp\ccMqmUwa.s 			page 39


 2163 010d EA000000 		.4byte	0xea
 2164 0111 05       		.uleb128 0x5
 2165 0112 91000000 		.4byte	0x91
 2166 0116 21010000 		.4byte	0x121
 2167 011a 09       		.uleb128 0x9
 2168 011b 8A000000 		.4byte	0x8a
 2169 011f 0B       		.byte	0xb
 2170 0120 00       		.byte	0
 2171 0121 0A       		.uleb128 0xa
 2172 0122 0A000000 		.4byte	.LASF16
 2173 0126 03       		.byte	0x3
 2174 0127 6A01     		.2byte	0x16a
 2175 0129 33010000 		.4byte	0x133
 2176 012d 05       		.uleb128 0x5
 2177 012e 03       		.byte	0x3
 2178 012f 00000000 		.4byte	cy_metadata
 2179 0133 07       		.uleb128 0x7
 2180 0134 11010000 		.4byte	0x111
 2181 0138 00       		.byte	0
 2182              		.section	.debug_abbrev,"",%progbits
 2183              	.Ldebug_abbrev0:
 2184 0000 01       		.uleb128 0x1
 2185 0001 11       		.uleb128 0x11
 2186 0002 01       		.byte	0x1
 2187 0003 25       		.uleb128 0x25
 2188 0004 0E       		.uleb128 0xe
 2189 0005 13       		.uleb128 0x13
 2190 0006 0B       		.uleb128 0xb
 2191 0007 03       		.uleb128 0x3
 2192 0008 0E       		.uleb128 0xe
 2193 0009 1B       		.uleb128 0x1b
 2194 000a 0E       		.uleb128 0xe
 2195 000b 10       		.uleb128 0x10
 2196 000c 17       		.uleb128 0x17
 2197 000d 00       		.byte	0
 2198 000e 00       		.byte	0
 2199 000f 02       		.uleb128 0x2
 2200 0010 24       		.uleb128 0x24
 2201 0011 00       		.byte	0
 2202 0012 0B       		.uleb128 0xb
 2203 0013 0B       		.uleb128 0xb
 2204 0014 3E       		.uleb128 0x3e
 2205 0015 0B       		.uleb128 0xb
 2206 0016 03       		.uleb128 0x3
 2207 0017 0E       		.uleb128 0xe
 2208 0018 00       		.byte	0
 2209 0019 00       		.byte	0
 2210 001a 03       		.uleb128 0x3
 2211 001b 16       		.uleb128 0x16
 2212 001c 00       		.byte	0
 2213 001d 03       		.uleb128 0x3
 2214 001e 0E       		.uleb128 0xe
 2215 001f 3A       		.uleb128 0x3a
 2216 0020 0B       		.uleb128 0xb
 2217 0021 3B       		.uleb128 0x3b
 2218 0022 0B       		.uleb128 0xb
 2219 0023 49       		.uleb128 0x49
ARM GAS  C:\Users\GEORGE~1\AppData\Local\Temp\ccMqmUwa.s 			page 40


 2220 0024 13       		.uleb128 0x13
 2221 0025 00       		.byte	0
 2222 0026 00       		.byte	0
 2223 0027 04       		.uleb128 0x4
 2224 0028 24       		.uleb128 0x24
 2225 0029 00       		.byte	0
 2226 002a 0B       		.uleb128 0xb
 2227 002b 0B       		.uleb128 0xb
 2228 002c 3E       		.uleb128 0x3e
 2229 002d 0B       		.uleb128 0xb
 2230 002e 03       		.uleb128 0x3
 2231 002f 08       		.uleb128 0x8
 2232 0030 00       		.byte	0
 2233 0031 00       		.byte	0
 2234 0032 05       		.uleb128 0x5
 2235 0033 01       		.uleb128 0x1
 2236 0034 01       		.byte	0x1
 2237 0035 49       		.uleb128 0x49
 2238 0036 13       		.uleb128 0x13
 2239 0037 01       		.uleb128 0x1
 2240 0038 13       		.uleb128 0x13
 2241 0039 00       		.byte	0
 2242 003a 00       		.byte	0
 2243 003b 06       		.uleb128 0x6
 2244 003c 21       		.uleb128 0x21
 2245 003d 00       		.byte	0
 2246 003e 49       		.uleb128 0x49
 2247 003f 13       		.uleb128 0x13
 2248 0040 2F       		.uleb128 0x2f
 2249 0041 05       		.uleb128 0x5
 2250 0042 00       		.byte	0
 2251 0043 00       		.byte	0
 2252 0044 07       		.uleb128 0x7
 2253 0045 26       		.uleb128 0x26
 2254 0046 00       		.byte	0
 2255 0047 49       		.uleb128 0x49
 2256 0048 13       		.uleb128 0x13
 2257 0049 00       		.byte	0
 2258 004a 00       		.byte	0
 2259 004b 08       		.uleb128 0x8
 2260 004c 34       		.uleb128 0x34
 2261 004d 00       		.byte	0
 2262 004e 03       		.uleb128 0x3
 2263 004f 0E       		.uleb128 0xe
 2264 0050 3A       		.uleb128 0x3a
 2265 0051 0B       		.uleb128 0xb
 2266 0052 3B       		.uleb128 0x3b
 2267 0053 0B       		.uleb128 0xb
 2268 0054 49       		.uleb128 0x49
 2269 0055 13       		.uleb128 0x13
 2270 0056 3F       		.uleb128 0x3f
 2271 0057 19       		.uleb128 0x19
 2272 0058 02       		.uleb128 0x2
 2273 0059 18       		.uleb128 0x18
 2274 005a 00       		.byte	0
 2275 005b 00       		.byte	0
 2276 005c 09       		.uleb128 0x9
ARM GAS  C:\Users\GEORGE~1\AppData\Local\Temp\ccMqmUwa.s 			page 41


 2277 005d 21       		.uleb128 0x21
 2278 005e 00       		.byte	0
 2279 005f 49       		.uleb128 0x49
 2280 0060 13       		.uleb128 0x13
 2281 0061 2F       		.uleb128 0x2f
 2282 0062 0B       		.uleb128 0xb
 2283 0063 00       		.byte	0
 2284 0064 00       		.byte	0
 2285 0065 0A       		.uleb128 0xa
 2286 0066 34       		.uleb128 0x34
 2287 0067 00       		.byte	0
 2288 0068 03       		.uleb128 0x3
 2289 0069 0E       		.uleb128 0xe
 2290 006a 3A       		.uleb128 0x3a
 2291 006b 0B       		.uleb128 0xb
 2292 006c 3B       		.uleb128 0x3b
 2293 006d 05       		.uleb128 0x5
 2294 006e 49       		.uleb128 0x49
 2295 006f 13       		.uleb128 0x13
 2296 0070 3F       		.uleb128 0x3f
 2297 0071 19       		.uleb128 0x19
 2298 0072 02       		.uleb128 0x2
 2299 0073 18       		.uleb128 0x18
 2300 0074 00       		.byte	0
 2301 0075 00       		.byte	0
 2302 0076 00       		.byte	0
 2303              		.section	.debug_aranges,"",%progbits
 2304 0000 14000000 		.4byte	0x14
 2305 0004 0200     		.2byte	0x2
 2306 0006 00000000 		.4byte	.Ldebug_info0
 2307 000a 04       		.byte	0x4
 2308 000b 00       		.byte	0
 2309 000c 0000     		.2byte	0
 2310 000e 0000     		.2byte	0
 2311 0010 00000000 		.4byte	0
 2312 0014 00000000 		.4byte	0
 2313              		.section	.debug_line,"",%progbits
 2314              	.Ldebug_line0:
 2315 0000 3D010000 		.section	.debug_str,"MS",%progbits,1
 2315      02003701 
 2315      00000201 
 2315      FB0E0D00 
 2315      01010101 
 2316              	.LASF9:
 2317 0000 5F5F7569 		.ascii	"__uint8_t\000"
 2317      6E74385F 
 2317      7400
 2318              	.LASF16:
 2319 000a 63795F6D 		.ascii	"cy_metadata\000"
 2319      65746164 
 2319      61746100 
 2320              	.LASF1:
 2321 0016 756E7369 		.ascii	"unsigned char\000"
 2321      676E6564 
 2321      20636861 
 2321      7200
 2322              	.LASF17:
ARM GAS  C:\Users\GEORGE~1\AppData\Local\Temp\ccMqmUwa.s 			page 42


 2323 0024 474E5520 		.ascii	"GNU C11 5.4.1 20160609 (release) [ARM/embedded-5-br"
 2323      43313120 
 2323      352E342E 
 2323      31203230 
 2323      31363036 
 2324 0057 616E6368 		.ascii	"anch revision 237715] -mcpu=cortex-m3 -mthumb -g -O"
 2324      20726576 
 2324      6973696F 
 2324      6E203233 
 2324      37373135 
 2325 008a 67202D66 		.ascii	"g -ffunction-sections -ffat-lto-objects\000"
 2325      66756E63 
 2325      74696F6E 
 2325      2D736563 
 2325      74696F6E 
 2326              	.LASF5:
 2327 00b2 6C6F6E67 		.ascii	"long unsigned int\000"
 2327      20756E73 
 2327      69676E65 
 2327      6420696E 
 2327      7400
 2328              	.LASF3:
 2329 00c4 73686F72 		.ascii	"short unsigned int\000"
 2329      7420756E 
 2329      7369676E 
 2329      65642069 
 2329      6E7400
 2330              	.LASF13:
 2331 00d7 63795F6D 		.ascii	"cy_meta_custnvl\000"
 2331      6574615F 
 2331      63757374 
 2331      6E766C00 
 2332              	.LASF12:
 2333 00e7 63795F6D 		.ascii	"cy_meta_configecc\000"
 2333      6574615F 
 2333      636F6E66 
 2333      69676563 
 2333      6300
 2334              	.LASF8:
 2335 00f9 756E7369 		.ascii	"unsigned int\000"
 2335      676E6564 
 2335      20696E74 
 2335      00
 2336              	.LASF7:
 2337 0106 6C6F6E67 		.ascii	"long long unsigned int\000"
 2337      206C6F6E 
 2337      6720756E 
 2337      7369676E 
 2337      65642069 
 2338              	.LASF10:
 2339 011d 75696E74 		.ascii	"uint8_t\000"
 2339      385F7400 
 2340              	.LASF15:
 2341 0125 63795F6D 		.ascii	"cy_meta_flashprotect\000"
 2341      6574615F 
 2341      666C6173 
 2341      6870726F 
ARM GAS  C:\Users\GEORGE~1\AppData\Local\Temp\ccMqmUwa.s 			page 43


 2341      74656374 
 2342              	.LASF14:
 2343 013a 63795F6D 		.ascii	"cy_meta_wonvl\000"
 2343      6574615F 
 2343      776F6E76 
 2343      6C00
 2344              	.LASF11:
 2345 0148 73697A65 		.ascii	"sizetype\000"
 2345      74797065 
 2345      00
 2346              	.LASF6:
 2347 0151 6C6F6E67 		.ascii	"long long int\000"
 2347      206C6F6E 
 2347      6720696E 
 2347      7400
 2348              	.LASF2:
 2349 015f 73686F72 		.ascii	"short int\000"
 2349      7420696E 
 2349      7400
 2350              	.LASF4:
 2351 0169 6C6F6E67 		.ascii	"long int\000"
 2351      20696E74 
 2351      00
 2352              	.LASF19:
 2353 0172 433A5C55 		.ascii	"C:\\Users\\George Anwar\\Documents\\UC Berkeley\\ME"
 2353      73657273 
 2353      5C47656F 
 2353      72676520 
 2353      416E7761 
 2354 01a0 31333520 		.ascii	"135 Spring 2020\\PSOC Creator\\ME135_235\\EmulatedS"
 2354      53707269 
 2354      6E672032 
 2354      3032305C 
 2354      50534F43 
 2355 01d0 636F7065 		.ascii	"cope.cydsn\000"
 2355      2E637964 
 2355      736E00
 2356              	.LASF0:
 2357 01db 7369676E 		.ascii	"signed char\000"
 2357      65642063 
 2357      68617200 
 2358              	.LASF18:
 2359 01e7 47656E65 		.ascii	"Generated_Source\\PSoC5\\cymetadata.c\000"
 2359      72617465 
 2359      645F536F 
 2359      75726365 
 2359      5C50536F 
 2360              		.ident	"GCC: (GNU Tools for ARM Embedded Processors) 5.4.1 20160609 (release) [ARM/embedded-5-bran
