ARM GAS  C:\Users\shawn\AppData\Local\Temp\ccFnfjfA.s 			page 1


   1              		.syntax unified
   2              		.cpu cortex-m3
   3              		.fpu softvfp
   4              		.eabi_attribute 20, 1
   5              		.eabi_attribute 21, 1
   6              		.eabi_attribute 23, 3
   7              		.eabi_attribute 24, 1
   8              		.eabi_attribute 25, 1
   9              		.eabi_attribute 26, 1
  10              		.eabi_attribute 30, 6
  11              		.eabi_attribute 34, 1
  12              		.eabi_attribute 18, 4
  13              		.thumb
  14              		.syntax unified
  15              		.file	"cymetadata.c"
  16              		.text
  17              	.Ltext0:
  18              		.cfi_sections	.debug_frame
  19              		.global	cy_meta_configecc
  20              		.section	.cyconfigecc,"a",%progbits
  21              		.align	2
  22              		.type	cy_meta_configecc, %object
  23              		.size	cy_meta_configecc, 772
  24              	cy_meta_configecc:
  25 0000 02       		.byte	2
  26 0001 4F       		.byte	79
  27 0002 00       		.byte	0
  28 0003 40       		.byte	64
  29 0004 03       		.byte	3
  30 0005 65       		.byte	101
  31 0006 00       		.byte	0
  32 0007 40       		.byte	64
  33 0008 01       		.byte	1
  34 0009 15       		.byte	21
  35 000a 01       		.byte	1
  36 000b 40       		.byte	64
  37 000c 14       		.byte	20
  38 000d 18       		.byte	24
  39 000e 01       		.byte	1
  40 000f 40       		.byte	64
  41 0010 3D       		.byte	61
  42 0011 19       		.byte	25
  43 0012 01       		.byte	1
  44 0013 40       		.byte	64
  45 0014 6D       		.byte	109
  46 0015 1A       		.byte	26
  47 0016 01       		.byte	1
  48 0017 40       		.byte	64
  49 0018 4A       		.byte	74
  50 0019 1B       		.byte	27
  51 001a 01       		.byte	1
  52 001b 40       		.byte	64
  53 001c 02       		.byte	2
  54 001d 48       		.byte	72
  55 001e 01       		.byte	1
  56 001f 40       		.byte	64
  57 0020 03       		.byte	3
ARM GAS  C:\Users\shawn\AppData\Local\Temp\ccFnfjfA.s 			page 2


  58 0021 49       		.byte	73
  59 0022 01       		.byte	1
  60 0023 40       		.byte	64
  61 0024 08       		.byte	8
  62 0025 4D       		.byte	77
  63 0026 01       		.byte	1
  64 0027 40       		.byte	64
  65 0028 02       		.byte	2
  66 0029 50       		.byte	80
  67 002a 01       		.byte	1
  68 002b 40       		.byte	64
  69 002c 01       		.byte	1
  70 002d 80       		.byte	-128
  71 002e 0A       		.byte	10
  72 002f 36       		.byte	54
  73 0030 88       		.byte	-120
  74 0031 72       		.byte	114
  75 0032 89       		.byte	-119
  76 0033 38       		.byte	56
  77 0034 8B       		.byte	-117
  78 0035 0F       		.byte	15
  79 0036 E6       		.byte	-26
  80 0037 01       		.byte	1
  81 0038 82       		.byte	-126
  82 0039 08       		.byte	8
  83 003a 88       		.byte	-120
  84 003b 04       		.byte	4
  85 003c 8E       		.byte	-114
  86 003d 08       		.byte	8
  87 003e 96       		.byte	-106
  88 003f 02       		.byte	2
  89 0040 9A       		.byte	-102
  90 0041 02       		.byte	2
  91 0042 A3       		.byte	-93
  92 0043 01       		.byte	1
  93 0044 A4       		.byte	-92
  94 0045 01       		.byte	1
  95 0046 A8       		.byte	-88
  96 0047 01       		.byte	1
  97 0048 AC       		.byte	-84
  98 0049 01       		.byte	1
  99 004a B0       		.byte	-80
 100 004b 02       		.byte	2
 101 004c B2       		.byte	-78
 102 004d 04       		.byte	4
 103 004e B4       		.byte	-76
 104 004f 08       		.byte	8
 105 0050 B5       		.byte	-75
 106 0051 01       		.byte	1
 107 0052 B6       		.byte	-74
 108 0053 01       		.byte	1
 109 0054 BE       		.byte	-66
 110 0055 15       		.byte	21
 111 0056 D4       		.byte	-44
 112 0057 18       		.byte	24
 113 0058 D8       		.byte	-40
 114 0059 04       		.byte	4
ARM GAS  C:\Users\shawn\AppData\Local\Temp\ccFnfjfA.s 			page 3


 115 005a D9       		.byte	-39
 116 005b 04       		.byte	4
 117 005c DB       		.byte	-37
 118 005d 04       		.byte	4
 119 005e DF       		.byte	-33
 120 005f 01       		.byte	1
 121 0060 00       		.byte	0
 122 0061 21       		.byte	33
 123 0062 03       		.byte	3
 124 0063 02       		.byte	2
 125 0064 05       		.byte	5
 126 0065 01       		.byte	1
 127 0066 07       		.byte	7
 128 0067 14       		.byte	20
 129 0068 09       		.byte	9
 130 0069 10       		.byte	16
 131 006a 0A       		.byte	10
 132 006b 20       		.byte	32
 133 006c 0E       		.byte	14
 134 006d 29       		.byte	41
 135 006e 0F       		.byte	15
 136 006f 40       		.byte	64
 137 0070 10       		.byte	16
 138 0071 28       		.byte	40
 139 0072 11       		.byte	17
 140 0073 80       		.byte	-128
 141 0074 14       		.byte	20
 142 0075 40       		.byte	64
 143 0076 16       		.byte	22
 144 0077 01       		.byte	1
 145 0078 17       		.byte	23
 146 0079 28       		.byte	40
 147 007a 18       		.byte	24
 148 007b 04       		.byte	4
 149 007c 19       		.byte	25
 150 007d 08       		.byte	8
 151 007e 1A       		.byte	26
 152 007f 01       		.byte	1
 153 0080 1B       		.byte	27
 154 0081 41       		.byte	65
 155 0082 1C       		.byte	28
 156 0083 11       		.byte	17
 157 0084 1D       		.byte	29
 158 0085 01       		.byte	1
 159 0086 1E       		.byte	30
 160 0087 08       		.byte	8
 161 0088 1F       		.byte	31
 162 0089 20       		.byte	32
 163 008a 22       		.byte	34
 164 008b 20       		.byte	32
 165 008c 25       		.byte	37
 166 008d 10       		.byte	16
 167 008e 27       		.byte	39
 168 008f 11       		.byte	17
 169 0090 2B       		.byte	43
 170 0091 80       		.byte	-128
 171 0092 2E       		.byte	46
ARM GAS  C:\Users\shawn\AppData\Local\Temp\ccFnfjfA.s 			page 4


 172 0093 40       		.byte	64
 173 0094 2F       		.byte	47
 174 0095 A8       		.byte	-88
 175 0096 34       		.byte	52
 176 0097 40       		.byte	64
 177 0098 35       		.byte	53
 178 0099 01       		.byte	1
 179 009a 36       		.byte	54
 180 009b A0       		.byte	-96
 181 009c 37       		.byte	55
 182 009d 04       		.byte	4
 183 009e 3E       		.byte	62
 184 009f 2A       		.byte	42
 185 00a0 3F       		.byte	63
 186 00a1 80       		.byte	-128
 187 00a2 45       		.byte	69
 188 00a3 10       		.byte	16
 189 00a4 47       		.byte	71
 190 00a5 44       		.byte	68
 191 00a6 4A       		.byte	74
 192 00a7 04       		.byte	4
 193 00a8 4B       		.byte	75
 194 00a9 10       		.byte	16
 195 00aa 4E       		.byte	78
 196 00ab 10       		.byte	16
 197 00ac 4F       		.byte	79
 198 00ad 90       		.byte	-112
 199 00ae 57       		.byte	87
 200 00af 02       		.byte	2
 201 00b0 5B       		.byte	91
 202 00b1 01       		.byte	1
 203 00b2 5C       		.byte	92
 204 00b3 10       		.byte	16
 205 00b4 60       		.byte	96
 206 00b5 04       		.byte	4
 207 00b6 63       		.byte	99
 208 00b7 02       		.byte	2
 209 00b8 6C       		.byte	108
 210 00b9 28       		.byte	40
 211 00ba 6D       		.byte	109
 212 00bb 90       		.byte	-112
 213 00bc 6E       		.byte	110
 214 00bd 14       		.byte	20
 215 00be 76       		.byte	118
 216 00bf 2B       		.byte	43
 217 00c0 77       		.byte	119
 218 00c1 28       		.byte	40
 219 00c2 8E       		.byte	-114
 220 00c3 40       		.byte	64
 221 00c4 8F       		.byte	-113
 222 00c5 10       		.byte	16
 223 00c6 C0       		.byte	-64
 224 00c7 7B       		.byte	123
 225 00c8 C2       		.byte	-62
 226 00c9 F6       		.byte	-10
 227 00ca C4       		.byte	-60
 228 00cb F7       		.byte	-9
ARM GAS  C:\Users\shawn\AppData\Local\Temp\ccFnfjfA.s 			page 5


 229 00cc CA       		.byte	-54
 230 00cd F1       		.byte	-15
 231 00ce CC       		.byte	-52
 232 00cf F0       		.byte	-16
 233 00d0 CE       		.byte	-50
 234 00d1 F0       		.byte	-16
 235 00d2 D0       		.byte	-48
 236 00d3 70       		.byte	112
 237 00d4 D2       		.byte	-46
 238 00d5 30       		.byte	48
 239 00d6 D6       		.byte	-42
 240 00d7 21       		.byte	33
 241 00d8 D8       		.byte	-40
 242 00d9 0C       		.byte	12
 243 00da 00       		.byte	0
 244 00db 0C       		.byte	12
 245 00dc 02       		.byte	2
 246 00dd 71       		.byte	113
 247 00de 04       		.byte	4
 248 00df 10       		.byte	16
 249 00e0 05       		.byte	5
 250 00e1 80       		.byte	-128
 251 00e2 06       		.byte	6
 252 00e3 AC       		.byte	-84
 253 00e4 07       		.byte	7
 254 00e5 13       		.byte	19
 255 00e6 0F       		.byte	15
 256 00e7 0C       		.byte	12
 257 00e8 10       		.byte	16
 258 00e9 09       		.byte	9
 259 00ea 12       		.byte	18
 260 00eb D0       		.byte	-48
 261 00ec 14       		.byte	20
 262 00ed 14       		.byte	20
 263 00ee 15       		.byte	21
 264 00ef 2C       		.byte	44
 265 00f0 17       		.byte	23
 266 00f1 43       		.byte	67
 267 00f2 19       		.byte	25
 268 00f3 71       		.byte	113
 269 00f4 1A       		.byte	26
 270 00f5 03       		.byte	3
 271 00f6 1B       		.byte	27
 272 00f7 06       		.byte	6
 273 00f8 1F       		.byte	31
 274 00f9 08       		.byte	8
 275 00fa 20       		.byte	32
 276 00fb 10       		.byte	16
 277 00fc 21       		.byte	33
 278 00fd 71       		.byte	113
 279 00fe 22       		.byte	34
 280 00ff 40       		.byte	64
 281 0100 23       		.byte	35
 282 0101 0E       		.byte	14
 283 0102 26       		.byte	38
 284 0103 20       		.byte	32
 285 0104 28       		.byte	40
ARM GAS  C:\Users\shawn\AppData\Local\Temp\ccFnfjfA.s 			page 6


 286 0105 DC       		.byte	-36
 287 0106 2A       		.byte	42
 288 0107 22       		.byte	34
 289 0108 30       		.byte	48
 290 0109 E0       		.byte	-32
 291 010a 31       		.byte	49
 292 010b C0       		.byte	-64
 293 010c 33       		.byte	51
 294 010d 0F       		.byte	15
 295 010e 34       		.byte	52
 296 010f 1F       		.byte	31
 297 0110 35       		.byte	53
 298 0111 30       		.byte	48
 299 0112 38       		.byte	56
 300 0113 08       		.byte	8
 301 0114 39       		.byte	57
 302 0115 22       		.byte	34
 303 0116 3A       		.byte	58
 304 0117 02       		.byte	2
 305 0118 3B       		.byte	59
 306 0119 08       		.byte	8
 307 011a 3E       		.byte	62
 308 011b 04       		.byte	4
 309 011c 3F       		.byte	63
 310 011d 10       		.byte	16
 311 011e 40       		.byte	64
 312 011f 02       		.byte	2
 313 0120 45       		.byte	69
 314 0121 40       		.byte	64
 315 0122 49       		.byte	73
 316 0123 FF       		.byte	-1
 317 0124 4A       		.byte	74
 318 0125 07       		.byte	7
 319 0126 4B       		.byte	75
 320 0127 FF       		.byte	-1
 321 0128 4C       		.byte	76
 322 0129 40       		.byte	64
 323 012a 4D       		.byte	77
 324 012b 20       		.byte	32
 325 012c 4E       		.byte	78
 326 012d F0       		.byte	-16
 327 012e 4F       		.byte	79
 328 012f 05       		.byte	5
 329 0130 50       		.byte	80
 330 0131 08       		.byte	8
 331 0132 58       		.byte	88
 332 0133 04       		.byte	4
 333 0134 59       		.byte	89
 334 0135 04       		.byte	4
 335 0136 5A       		.byte	90
 336 0137 04       		.byte	4
 337 0138 5F       		.byte	95
 338 0139 01       		.byte	1
 339 013a 60       		.byte	96
 340 013b 40       		.byte	64
 341 013c 61       		.byte	97
 342 013d A8       		.byte	-88
ARM GAS  C:\Users\shawn\AppData\Local\Temp\ccFnfjfA.s 			page 7


 343 013e 62       		.byte	98
 344 013f 40       		.byte	64
 345 0140 63       		.byte	99
 346 0141 20       		.byte	32
 347 0142 80       		.byte	-128
 348 0143 13       		.byte	19
 349 0144 81       		.byte	-127
 350 0145 04       		.byte	4
 351 0146 82       		.byte	-126
 352 0147 04       		.byte	4
 353 0148 83       		.byte	-125
 354 0149 0A       		.byte	10
 355 014a 84       		.byte	-124
 356 014b 0A       		.byte	10
 357 014c 85       		.byte	-123
 358 014d 0C       		.byte	12
 359 014e 86       		.byte	-122
 360 014f 14       		.byte	20
 361 0150 88       		.byte	-120
 362 0151 13       		.byte	19
 363 0152 89       		.byte	-119
 364 0153 0C       		.byte	12
 365 0154 8A       		.byte	-118
 366 0155 0C       		.byte	12
 367 0156 8E       		.byte	-114
 368 0157 08       		.byte	8
 369 0158 90       		.byte	-112
 370 0159 20       		.byte	32
 371 015a 92       		.byte	-110
 372 015b C0       		.byte	-64
 373 015c 94       		.byte	-108
 374 015d 40       		.byte	64
 375 015e 96       		.byte	-106
 376 015f 20       		.byte	32
 377 0160 98       		.byte	-104
 378 0161 E0       		.byte	-32
 379 0162 9C       		.byte	-100
 380 0163 80       		.byte	-128
 381 0164 9D       		.byte	-99
 382 0165 08       		.byte	8
 383 0166 9E       		.byte	-98
 384 0167 20       		.byte	32
 385 0168 9F       		.byte	-97
 386 0169 06       		.byte	6
 387 016a A5       		.byte	-91
 388 016b 10       		.byte	16
 389 016c A6       		.byte	-90
 390 016d 15       		.byte	21
 391 016e A8       		.byte	-88
 392 016f E0       		.byte	-32
 393 0170 AB       		.byte	-85
 394 0171 01       		.byte	1
 395 0172 AC       		.byte	-84
 396 0173 03       		.byte	3
 397 0174 AE       		.byte	-82
 398 0175 14       		.byte	20
 399 0176 B0       		.byte	-80
ARM GAS  C:\Users\shawn\AppData\Local\Temp\ccFnfjfA.s 			page 8


 400 0177 10       		.byte	16
 401 0178 B1       		.byte	-79
 402 0179 03       		.byte	3
 403 017a B2       		.byte	-78
 404 017b E0       		.byte	-32
 405 017c B3       		.byte	-77
 406 017d 10       		.byte	16
 407 017e B4       		.byte	-76
 408 017f 0F       		.byte	15
 409 0180 B7       		.byte	-73
 410 0181 0C       		.byte	12
 411 0182 BA       		.byte	-70
 412 0183 20       		.byte	32
 413 0184 BB       		.byte	-69
 414 0185 20       		.byte	32
 415 0186 BE       		.byte	-66
 416 0187 01       		.byte	1
 417 0188 BF       		.byte	-65
 418 0189 05       		.byte	5
 419 018a C0       		.byte	-64
 420 018b 26       		.byte	38
 421 018c C1       		.byte	-63
 422 018d 05       		.byte	5
 423 018e C5       		.byte	-59
 424 018f 0B       		.byte	11
 425 0190 C6       		.byte	-58
 426 0191 E0       		.byte	-32
 427 0192 C7       		.byte	-57
 428 0193 C0       		.byte	-64
 429 0194 C8       		.byte	-56
 430 0195 29       		.byte	41
 431 0196 C9       		.byte	-55
 432 0197 FF       		.byte	-1
 433 0198 CA       		.byte	-54
 434 0199 FF       		.byte	-1
 435 019a CB       		.byte	-53
 436 019b FF       		.byte	-1
 437 019c CE       		.byte	-50
 438 019d F0       		.byte	-16
 439 019e CF       		.byte	-49
 440 019f 44       		.byte	68
 441 01a0 D0       		.byte	-48
 442 01a1 0C       		.byte	12
 443 01a2 D4       		.byte	-44
 444 01a3 01       		.byte	1
 445 01a4 D8       		.byte	-40
 446 01a5 04       		.byte	4
 447 01a6 D9       		.byte	-39
 448 01a7 04       		.byte	4
 449 01a8 DA       		.byte	-38
 450 01a9 04       		.byte	4
 451 01aa DB       		.byte	-37
 452 01ab 04       		.byte	4
 453 01ac DF       		.byte	-33
 454 01ad 01       		.byte	1
 455 01ae E6       		.byte	-26
 456 01af C0       		.byte	-64
ARM GAS  C:\Users\shawn\AppData\Local\Temp\ccFnfjfA.s 			page 9


 457 01b0 EA       		.byte	-22
 458 01b1 40       		.byte	64
 459 01b2 EB       		.byte	-21
 460 01b3 02       		.byte	2
 461 01b4 01       		.byte	1
 462 01b5 02       		.byte	2
 463 01b6 03       		.byte	3
 464 01b7 10       		.byte	16
 465 01b8 04       		.byte	4
 466 01b9 40       		.byte	64
 467 01ba 05       		.byte	5
 468 01bb 11       		.byte	17
 469 01bc 07       		.byte	7
 470 01bd 20       		.byte	32
 471 01be 09       		.byte	9
 472 01bf 02       		.byte	2
 473 01c0 0A       		.byte	10
 474 01c1 28       		.byte	40
 475 01c2 0D       		.byte	13
 476 01c3 80       		.byte	-128
 477 01c4 0E       		.byte	14
 478 01c5 24       		.byte	36
 479 01c6 0F       		.byte	15
 480 01c7 40       		.byte	64
 481 01c8 10       		.byte	16
 482 01c9 80       		.byte	-128
 483 01ca 11       		.byte	17
 484 01cb 04       		.byte	4
 485 01cc 13       		.byte	19
 486 01cd 20       		.byte	32
 487 01ce 15       		.byte	21
 488 01cf 14       		.byte	20
 489 01d0 16       		.byte	22
 490 01d1 01       		.byte	1
 491 01d2 19       		.byte	25
 492 01d3 07       		.byte	7
 493 01d4 1A       		.byte	26
 494 01d5 08       		.byte	8
 495 01d6 1B       		.byte	27
 496 01d7 20       		.byte	32
 497 01d8 1D       		.byte	29
 498 01d9 10       		.byte	16
 499 01da 1E       		.byte	30
 500 01db 40       		.byte	64
 501 01dc 1F       		.byte	31
 502 01dd 08       		.byte	8
 503 01de 20       		.byte	32
 504 01df 44       		.byte	68
 505 01e0 21       		.byte	33
 506 01e1 0A       		.byte	10
 507 01e2 23       		.byte	35
 508 01e3 20       		.byte	32
 509 01e4 24       		.byte	36
 510 01e5 20       		.byte	32
 511 01e6 25       		.byte	37
 512 01e7 80       		.byte	-128
 513 01e8 26       		.byte	38
ARM GAS  C:\Users\shawn\AppData\Local\Temp\ccFnfjfA.s 			page 10


 514 01e9 80       		.byte	-128
 515 01ea 27       		.byte	39
 516 01eb 44       		.byte	68
 517 01ec 29       		.byte	41
 518 01ed 01       		.byte	1
 519 01ee 2B       		.byte	43
 520 01ef 40       		.byte	64
 521 01f0 2F       		.byte	47
 522 01f1 28       		.byte	40
 523 01f2 30       		.byte	48
 524 01f3 80       		.byte	-128
 525 01f4 31       		.byte	49
 526 01f5 18       		.byte	24
 527 01f6 33       		.byte	51
 528 01f7 10       		.byte	16
 529 01f8 36       		.byte	54
 530 01f9 80       		.byte	-128
 531 01fa 38       		.byte	56
 532 01fb 48       		.byte	72
 533 01fc 39       		.byte	57
 534 01fd 04       		.byte	4
 535 01fe 3E       		.byte	62
 536 01ff 16       		.byte	22
 537 0200 40       		.byte	64
 538 0201 04       		.byte	4
 539 0202 47       		.byte	71
 540 0203 10       		.byte	16
 541 0204 48       		.byte	72
 542 0205 80       		.byte	-128
 543 0206 4C       		.byte	76
 544 0207 04       		.byte	4
 545 0208 4E       		.byte	78
 546 0209 10       		.byte	16
 547 020a 4F       		.byte	79
 548 020b 80       		.byte	-128
 549 020c 50       		.byte	80
 550 020d 04       		.byte	4
 551 020e 54       		.byte	84
 552 020f 10       		.byte	16
 553 0210 55       		.byte	85
 554 0211 01       		.byte	1
 555 0212 56       		.byte	86
 556 0213 01       		.byte	1
 557 0214 5D       		.byte	93
 558 0215 28       		.byte	40
 559 0216 5E       		.byte	94
 560 0217 41       		.byte	65
 561 0218 81       		.byte	-127
 562 0219 04       		.byte	4
 563 021a 87       		.byte	-121
 564 021b 48       		.byte	72
 565 021c 88       		.byte	-120
 566 021d 10       		.byte	16
 567 021e 8A       		.byte	-118
 568 021f 13       		.byte	19
 569 0220 8B       		.byte	-117
 570 0221 80       		.byte	-128
ARM GAS  C:\Users\shawn\AppData\Local\Temp\ccFnfjfA.s 			page 11


 571 0222 8C       		.byte	-116
 572 0223 10       		.byte	16
 573 0224 8D       		.byte	-115
 574 0225 21       		.byte	33
 575 0226 91       		.byte	-111
 576 0227 10       		.byte	16
 577 0228 92       		.byte	-110
 578 0229 14       		.byte	20
 579 022a 97       		.byte	-105
 580 022b 40       		.byte	64
 581 022c 99       		.byte	-103
 582 022d 08       		.byte	8
 583 022e 9F       		.byte	-97
 584 022f 44       		.byte	68
 585 0230 A4       		.byte	-92
 586 0231 10       		.byte	16
 587 0232 A6       		.byte	-90
 588 0233 90       		.byte	-112
 589 0234 A7       		.byte	-89
 590 0235 88       		.byte	-120
 591 0236 C0       		.byte	-64
 592 0237 FC       		.byte	-4
 593 0238 C2       		.byte	-62
 594 0239 FE       		.byte	-2
 595 023a C4       		.byte	-60
 596 023b EE       		.byte	-18
 597 023c CA       		.byte	-54
 598 023d 61       		.byte	97
 599 023e CC       		.byte	-52
 600 023f 1E       		.byte	30
 601 0240 CE       		.byte	-50
 602 0241 EA       		.byte	-22
 603 0242 D0       		.byte	-48
 604 0243 24       		.byte	36
 605 0244 D2       		.byte	-46
 606 0245 30       		.byte	48
 607 0246 D6       		.byte	-42
 608 0247 F0       		.byte	-16
 609 0248 65       		.byte	101
 610 0249 04       		.byte	4
 611 024a D8       		.byte	-40
 612 024b 80       		.byte	-128
 613 024c 81       		.byte	-127
 614 024d 04       		.byte	4
 615 024e 9D       		.byte	-99
 616 024f 04       		.byte	4
 617 0250 E6       		.byte	-26
 618 0251 80       		.byte	-128
 619 0252 10       		.byte	16
 620 0253 40       		.byte	64
 621 0254 77       		.byte	119
 622 0255 10       		.byte	16
 623 0256 88       		.byte	-120
 624 0257 40       		.byte	64
 625 0258 8F       		.byte	-113
 626 0259 10       		.byte	16
 627 025a C4       		.byte	-60
ARM GAS  C:\Users\shawn\AppData\Local\Temp\ccFnfjfA.s 			page 12


 628 025b 08       		.byte	8
 629 025c DE       		.byte	-34
 630 025d 04       		.byte	4
 631 025e E2       		.byte	-30
 632 025f 01       		.byte	1
 633 0260 E4       		.byte	-28
 634 0261 02       		.byte	2
 635 0262 10       		.byte	16
 636 0263 01       		.byte	1
 637 0264 1C       		.byte	28
 638 0265 01       		.byte	1
 639 0266 00       		.byte	0
 640 0267 00       		.byte	0
 641 0268 80       		.byte	-128
 642 0269 80       		.byte	-128
 643 026a 00       		.byte	0
 644 026b 00       		.byte	0
 645 026c 40       		.byte	64
 646 026d 00       		.byte	0
 647 026e 00       		.byte	0
 648 026f 00       		.byte	0
 649 0270 1F       		.byte	31
 650 0271 10       		.byte	16
 651 0272 60       		.byte	96
 652 0273 00       		.byte	0
 653 0274 1C       		.byte	28
 654 0275 08       		.byte	8
 655 0276 63       		.byte	99
 656 0277 00       		.byte	0
 657 0278 7F       		.byte	127
 658 0279 18       		.byte	24
 659 027a 00       		.byte	0
 660 027b 00       		.byte	0
 661 027c 00       		.byte	0
 662 027d 00       		.byte	0
 663 027e 00       		.byte	0
 664 027f E3       		.byte	-29
 665 0280 03       		.byte	3
 666 0281 1C       		.byte	28
 667 0282 00       		.byte	0
 668 0283 E1       		.byte	-31
 669 0284 01       		.byte	1
 670 0285 FF       		.byte	-1
 671 0286 00       		.byte	0
 672 0287 00       		.byte	0
 673 0288 73       		.byte	115
 674 0289 00       		.byte	0
 675 028a 0C       		.byte	12
 676 028b 04       		.byte	4
 677 028c 00       		.byte	0
 678 028d 80       		.byte	-128
 679 028e 23       		.byte	35
 680 028f 00       		.byte	0
 681 0290 02       		.byte	2
 682 0291 44       		.byte	68
 683 0292 00       		.byte	0
 684 0293 00       		.byte	0
ARM GAS  C:\Users\shawn\AppData\Local\Temp\ccFnfjfA.s 			page 13


 685 0294 04       		.byte	4
 686 0295 E7       		.byte	-25
 687 0296 00       		.byte	0
 688 0297 18       		.byte	24
 689 0298 0C       		.byte	12
 690 0299 C0       		.byte	-64
 691 029a 00       		.byte	0
 692 029b 00       		.byte	0
 693 029c 08       		.byte	8
 694 029d 3C       		.byte	60
 695 029e 00       		.byte	0
 696 029f C2       		.byte	-62
 697 02a0 2C       		.byte	44
 698 02a1 00       		.byte	0
 699 02a2 10       		.byte	16
 700 02a3 1F       		.byte	31
 701 02a4 0F       		.byte	15
 702 02a5 38       		.byte	56
 703 02a6 40       		.byte	64
 704 02a7 C0       		.byte	-64
 705 02a8 80       		.byte	-128
 706 02a9 00       		.byte	0
 707 02aa 22       		.byte	34
 708 02ab 08       		.byte	8
 709 02ac 00       		.byte	0
 710 02ad 00       		.byte	0
 711 02ae 04       		.byte	4
 712 02af 00       		.byte	0
 713 02b0 65       		.byte	101
 714 02b1 03       		.byte	3
 715 02b2 02       		.byte	2
 716 02b3 00       		.byte	0
 717 02b4 01       		.byte	1
 718 02b5 0C       		.byte	12
 719 02b6 00       		.byte	0
 720 02b7 E0       		.byte	-32
 721 02b8 21       		.byte	33
 722 02b9 FF       		.byte	-1
 723 02ba FF       		.byte	-1
 724 02bb FF       		.byte	-1
 725 02bc 62       		.byte	98
 726 02bd A0       		.byte	-96
 727 02be F0       		.byte	-16
 728 02bf 41       		.byte	65
 729 02c0 0C       		.byte	12
 730 02c1 00       		.byte	0
 731 02c2 00       		.byte	0
 732 02c3 00       		.byte	0
 733 02c4 00       		.byte	0
 734 02c5 00       		.byte	0
 735 02c6 02       		.byte	2
 736 02c7 11       		.byte	17
 737 02c8 04       		.byte	4
 738 02c9 04       		.byte	4
 739 02ca 04       		.byte	4
 740 02cb 04       		.byte	4
 741 02cc 00       		.byte	0
ARM GAS  C:\Users\shawn\AppData\Local\Temp\ccFnfjfA.s 			page 14


 742 02cd 00       		.byte	0
 743 02ce 00       		.byte	0
 744 02cf 01       		.byte	1
 745 02d0 00       		.byte	0
 746 02d1 00       		.byte	0
 747 02d2 00       		.byte	0
 748 02d3 00       		.byte	0
 749 02d4 00       		.byte	0
 750 02d5 00       		.byte	0
 751 02d6 40       		.byte	64
 752 02d7 02       		.byte	2
 753 02d8 00       		.byte	0
 754 02d9 10       		.byte	16
 755 02da 30       		.byte	48
 756 02db 10       		.byte	16
 757 02dc 00       		.byte	0
 758 02dd 10       		.byte	16
 759 02de 10       		.byte	16
 760 02df 12       		.byte	18
 761 02e0 00       		.byte	0
 762 02e1 00       		.byte	0
 763 02e2 00       		.byte	0
 764 02e3 00       		.byte	0
 765 02e4 00       		.byte	0
 766 02e5 00       		.byte	0
 767 02e6 00       		.byte	0
 768 02e7 00       		.byte	0
 769 02e8 00       		.byte	0
 770 02e9 00       		.byte	0
 771 02ea 00       		.byte	0
 772 02eb 00       		.byte	0
 773 02ec 00       		.byte	0
 774 02ed 00       		.byte	0
 775 02ee 00       		.byte	0
 776 02ef 00       		.byte	0
 777 02f0 80       		.byte	-128
 778 02f1 00       		.byte	0
 779 02f2 40       		.byte	64
 780 02f3 80       		.byte	-128
 781 02f4 80       		.byte	-128
 782 02f5 00       		.byte	0
 783 02f6 80       		.byte	-128
 784 02f7 00       		.byte	0
 785 02f8 00       		.byte	0
 786 02f9 00       		.byte	0
 787 02fa 00       		.byte	0
 788 02fb 00       		.byte	0
 789 02fc 00       		.byte	0
 790 02fd 0B       		.byte	11
 791 02fe 0B       		.byte	11
 792 02ff 00       		.byte	0
 793 0300 00       		.byte	0
 794 0301 00       		.byte	0
 795 0302 00       		.byte	0
 796 0303 00       		.byte	0
 797              		.global	cy_meta_custnvl
 798              		.section	.cycustnvl,"a",%progbits
ARM GAS  C:\Users\shawn\AppData\Local\Temp\ccFnfjfA.s 			page 15


 799              		.align	2
 800              		.type	cy_meta_custnvl, %object
 801              		.size	cy_meta_custnvl, 4
 802              	cy_meta_custnvl:
 803 0000 00       		.byte	0
 804 0001 00       		.byte	0
 805 0002 40       		.byte	64
 806 0003 05       		.byte	5
 807              		.global	cy_meta_wonvl
 808              		.section	.cywolatch,"a",%progbits
 809              		.align	2
 810              		.type	cy_meta_wonvl, %object
 811              		.size	cy_meta_wonvl, 4
 812              	cy_meta_wonvl:
 813 0000 BC       		.byte	-68
 814 0001 90       		.byte	-112
 815 0002 AC       		.byte	-84
 816 0003 AF       		.byte	-81
 817              		.global	cy_meta_flashprotect
 818              		.section	.cyflashprotect,"a",%progbits
 819              		.align	2
 820              		.type	cy_meta_flashprotect, %object
 821              		.size	cy_meta_flashprotect, 256
 822              	cy_meta_flashprotect:
 823 0000 00000000 		.space	256
 823      00000000 
 823      00000000 
 823      00000000 
 823      00000000 
 824              		.global	cy_metadata
 825              		.section	.cymeta,"a",%progbits
 826              		.align	2
 827              		.type	cy_metadata, %object
 828              		.size	cy_metadata, 12
 829              	cy_metadata:
 830 0000 00       		.byte	0
 831 0001 01       		.byte	1
 832 0002 2E       		.byte	46
 833 0003 16       		.byte	22
 834 0004 10       		.byte	16
 835 0005 69       		.byte	105
 836 0006 00       		.byte	0
 837 0007 01       		.byte	1
 838 0008 00       		.byte	0
 839 0009 00       		.byte	0
 840 000a 00       		.byte	0
 841 000b 00       		.byte	0
 842              		.text
 843              	.Letext0:
 844              		.file 1 "c:\\program files (x86)\\cypress\\psoc creator\\4.2\\psoc creator\\import\\gnu\\arm\\5.4.
 845              		.file 2 "c:\\program files (x86)\\cypress\\psoc creator\\4.2\\psoc creator\\import\\gnu\\arm\\5.4.
 846              		.file 3 "Generated_Source\\PSoC5\\cymetadata.c"
 847              		.section	.debug_info,"",%progbits
 848              	.Ldebug_info0:
 849 0000 31010000 		.4byte	0x131
 850 0004 0400     		.2byte	0x4
 851 0006 00000000 		.4byte	.Ldebug_abbrev0
ARM GAS  C:\Users\shawn\AppData\Local\Temp\ccFnfjfA.s 			page 16


 852 000a 04       		.byte	0x4
 853 000b 01       		.uleb128 0x1
 854 000c 0A000000 		.4byte	.LASF17
 855 0010 0C       		.byte	0xc
 856 0011 12020000 		.4byte	.LASF18
 857 0015 72010000 		.4byte	.LASF19
 858 0019 00000000 		.4byte	.Ldebug_line0
 859 001d 02       		.uleb128 0x2
 860 001e 01       		.byte	0x1
 861 001f 06       		.byte	0x6
 862 0020 06020000 		.4byte	.LASF0
 863 0024 03       		.uleb128 0x3
 864 0025 00000000 		.4byte	.LASF9
 865 0029 01       		.byte	0x1
 866 002a 1D       		.byte	0x1d
 867 002b 2F000000 		.4byte	0x2f
 868 002f 02       		.uleb128 0x2
 869 0030 01       		.byte	0x1
 870 0031 08       		.byte	0x8
 871 0032 A4000000 		.4byte	.LASF1
 872 0036 02       		.uleb128 0x2
 873 0037 02       		.byte	0x2
 874 0038 05       		.byte	0x5
 875 0039 5F010000 		.4byte	.LASF2
 876 003d 02       		.uleb128 0x2
 877 003e 02       		.byte	0x2
 878 003f 07       		.byte	0x7
 879 0040 C4000000 		.4byte	.LASF3
 880 0044 02       		.uleb128 0x2
 881 0045 04       		.byte	0x4
 882 0046 05       		.byte	0x5
 883 0047 69010000 		.4byte	.LASF4
 884 004b 02       		.uleb128 0x2
 885 004c 04       		.byte	0x4
 886 004d 07       		.byte	0x7
 887 004e B2000000 		.4byte	.LASF5
 888 0052 02       		.uleb128 0x2
 889 0053 08       		.byte	0x8
 890 0054 05       		.byte	0x5
 891 0055 51010000 		.4byte	.LASF6
 892 0059 02       		.uleb128 0x2
 893 005a 08       		.byte	0x8
 894 005b 07       		.byte	0x7
 895 005c 06010000 		.4byte	.LASF7
 896 0060 04       		.uleb128 0x4
 897 0061 04       		.byte	0x4
 898 0062 05       		.byte	0x5
 899 0063 696E7400 		.ascii	"int\000"
 900 0067 02       		.uleb128 0x2
 901 0068 04       		.byte	0x4
 902 0069 07       		.byte	0x7
 903 006a F9000000 		.4byte	.LASF8
 904 006e 03       		.uleb128 0x3
 905 006f 1D010000 		.4byte	.LASF10
 906 0073 02       		.byte	0x2
 907 0074 18       		.byte	0x18
 908 0075 24000000 		.4byte	0x24
ARM GAS  C:\Users\shawn\AppData\Local\Temp\ccFnfjfA.s 			page 17


 909 0079 05       		.uleb128 0x5
 910 007a 91000000 		.4byte	0x91
 911 007e 8A000000 		.4byte	0x8a
 912 0082 06       		.uleb128 0x6
 913 0083 8A000000 		.4byte	0x8a
 914 0087 0303     		.2byte	0x303
 915 0089 00       		.byte	0
 916 008a 02       		.uleb128 0x2
 917 008b 04       		.byte	0x4
 918 008c 07       		.byte	0x7
 919 008d 48010000 		.4byte	.LASF11
 920 0091 07       		.uleb128 0x7
 921 0092 6E000000 		.4byte	0x6e
 922 0096 08       		.uleb128 0x8
 923 0097 E7000000 		.4byte	.LASF12
 924 009b 03       		.byte	0x3
 925 009c 1F       		.byte	0x1f
 926 009d A7000000 		.4byte	0xa7
 927 00a1 05       		.uleb128 0x5
 928 00a2 03       		.byte	0x3
 929 00a3 00000000 		.4byte	cy_meta_configecc
 930 00a7 07       		.uleb128 0x7
 931 00a8 79000000 		.4byte	0x79
 932 00ac 05       		.uleb128 0x5
 933 00ad 91000000 		.4byte	0x91
 934 00b1 BC000000 		.4byte	0xbc
 935 00b5 09       		.uleb128 0x9
 936 00b6 8A000000 		.4byte	0x8a
 937 00ba 03       		.byte	0x3
 938 00bb 00       		.byte	0
 939 00bc 08       		.uleb128 0x8
 940 00bd D7000000 		.4byte	.LASF13
 941 00c1 03       		.byte	0x3
 942 00c2 8D       		.byte	0x8d
 943 00c3 CD000000 		.4byte	0xcd
 944 00c7 05       		.uleb128 0x5
 945 00c8 03       		.byte	0x3
 946 00c9 00000000 		.4byte	cy_meta_custnvl
 947 00cd 07       		.uleb128 0x7
 948 00ce AC000000 		.4byte	0xac
 949 00d2 08       		.uleb128 0x8
 950 00d3 3A010000 		.4byte	.LASF14
 951 00d7 03       		.byte	0x3
 952 00d8 9B       		.byte	0x9b
 953 00d9 E3000000 		.4byte	0xe3
 954 00dd 05       		.uleb128 0x5
 955 00de 03       		.byte	0x3
 956 00df 00000000 		.4byte	cy_meta_wonvl
 957 00e3 07       		.uleb128 0x7
 958 00e4 AC000000 		.4byte	0xac
 959 00e8 05       		.uleb128 0x5
 960 00e9 91000000 		.4byte	0x91
 961 00ed F8000000 		.4byte	0xf8
 962 00f1 09       		.uleb128 0x9
 963 00f2 8A000000 		.4byte	0x8a
 964 00f6 FF       		.byte	0xff
 965 00f7 00       		.byte	0
ARM GAS  C:\Users\shawn\AppData\Local\Temp\ccFnfjfA.s 			page 18


 966 00f8 08       		.uleb128 0x8
 967 00f9 25010000 		.4byte	.LASF15
 968 00fd 03       		.byte	0x3
 969 00fe A9       		.byte	0xa9
 970 00ff 09010000 		.4byte	0x109
 971 0103 05       		.uleb128 0x5
 972 0104 03       		.byte	0x3
 973 0105 00000000 		.4byte	cy_meta_flashprotect
 974 0109 07       		.uleb128 0x7
 975 010a E8000000 		.4byte	0xe8
 976 010e 05       		.uleb128 0x5
 977 010f 91000000 		.4byte	0x91
 978 0113 1E010000 		.4byte	0x11e
 979 0117 09       		.uleb128 0x9
 980 0118 8A000000 		.4byte	0x8a
 981 011c 0B       		.byte	0xb
 982 011d 00       		.byte	0
 983 011e 08       		.uleb128 0x8
 984 011f 98000000 		.4byte	.LASF16
 985 0123 03       		.byte	0x3
 986 0124 D6       		.byte	0xd6
 987 0125 2F010000 		.4byte	0x12f
 988 0129 05       		.uleb128 0x5
 989 012a 03       		.byte	0x3
 990 012b 00000000 		.4byte	cy_metadata
 991 012f 07       		.uleb128 0x7
 992 0130 0E010000 		.4byte	0x10e
 993 0134 00       		.byte	0
 994              		.section	.debug_abbrev,"",%progbits
 995              	.Ldebug_abbrev0:
 996 0000 01       		.uleb128 0x1
 997 0001 11       		.uleb128 0x11
 998 0002 01       		.byte	0x1
 999 0003 25       		.uleb128 0x25
 1000 0004 0E       		.uleb128 0xe
 1001 0005 13       		.uleb128 0x13
 1002 0006 0B       		.uleb128 0xb
 1003 0007 03       		.uleb128 0x3
 1004 0008 0E       		.uleb128 0xe
 1005 0009 1B       		.uleb128 0x1b
 1006 000a 0E       		.uleb128 0xe
 1007 000b 10       		.uleb128 0x10
 1008 000c 17       		.uleb128 0x17
 1009 000d 00       		.byte	0
 1010 000e 00       		.byte	0
 1011 000f 02       		.uleb128 0x2
 1012 0010 24       		.uleb128 0x24
 1013 0011 00       		.byte	0
 1014 0012 0B       		.uleb128 0xb
 1015 0013 0B       		.uleb128 0xb
 1016 0014 3E       		.uleb128 0x3e
 1017 0015 0B       		.uleb128 0xb
 1018 0016 03       		.uleb128 0x3
 1019 0017 0E       		.uleb128 0xe
 1020 0018 00       		.byte	0
 1021 0019 00       		.byte	0
 1022 001a 03       		.uleb128 0x3
ARM GAS  C:\Users\shawn\AppData\Local\Temp\ccFnfjfA.s 			page 19


 1023 001b 16       		.uleb128 0x16
 1024 001c 00       		.byte	0
 1025 001d 03       		.uleb128 0x3
 1026 001e 0E       		.uleb128 0xe
 1027 001f 3A       		.uleb128 0x3a
 1028 0020 0B       		.uleb128 0xb
 1029 0021 3B       		.uleb128 0x3b
 1030 0022 0B       		.uleb128 0xb
 1031 0023 49       		.uleb128 0x49
 1032 0024 13       		.uleb128 0x13
 1033 0025 00       		.byte	0
 1034 0026 00       		.byte	0
 1035 0027 04       		.uleb128 0x4
 1036 0028 24       		.uleb128 0x24
 1037 0029 00       		.byte	0
 1038 002a 0B       		.uleb128 0xb
 1039 002b 0B       		.uleb128 0xb
 1040 002c 3E       		.uleb128 0x3e
 1041 002d 0B       		.uleb128 0xb
 1042 002e 03       		.uleb128 0x3
 1043 002f 08       		.uleb128 0x8
 1044 0030 00       		.byte	0
 1045 0031 00       		.byte	0
 1046 0032 05       		.uleb128 0x5
 1047 0033 01       		.uleb128 0x1
 1048 0034 01       		.byte	0x1
 1049 0035 49       		.uleb128 0x49
 1050 0036 13       		.uleb128 0x13
 1051 0037 01       		.uleb128 0x1
 1052 0038 13       		.uleb128 0x13
 1053 0039 00       		.byte	0
 1054 003a 00       		.byte	0
 1055 003b 06       		.uleb128 0x6
 1056 003c 21       		.uleb128 0x21
 1057 003d 00       		.byte	0
 1058 003e 49       		.uleb128 0x49
 1059 003f 13       		.uleb128 0x13
 1060 0040 2F       		.uleb128 0x2f
 1061 0041 05       		.uleb128 0x5
 1062 0042 00       		.byte	0
 1063 0043 00       		.byte	0
 1064 0044 07       		.uleb128 0x7
 1065 0045 26       		.uleb128 0x26
 1066 0046 00       		.byte	0
 1067 0047 49       		.uleb128 0x49
 1068 0048 13       		.uleb128 0x13
 1069 0049 00       		.byte	0
 1070 004a 00       		.byte	0
 1071 004b 08       		.uleb128 0x8
 1072 004c 34       		.uleb128 0x34
 1073 004d 00       		.byte	0
 1074 004e 03       		.uleb128 0x3
 1075 004f 0E       		.uleb128 0xe
 1076 0050 3A       		.uleb128 0x3a
 1077 0051 0B       		.uleb128 0xb
 1078 0052 3B       		.uleb128 0x3b
 1079 0053 0B       		.uleb128 0xb
ARM GAS  C:\Users\shawn\AppData\Local\Temp\ccFnfjfA.s 			page 20


 1080 0054 49       		.uleb128 0x49
 1081 0055 13       		.uleb128 0x13
 1082 0056 3F       		.uleb128 0x3f
 1083 0057 19       		.uleb128 0x19
 1084 0058 02       		.uleb128 0x2
 1085 0059 18       		.uleb128 0x18
 1086 005a 00       		.byte	0
 1087 005b 00       		.byte	0
 1088 005c 09       		.uleb128 0x9
 1089 005d 21       		.uleb128 0x21
 1090 005e 00       		.byte	0
 1091 005f 49       		.uleb128 0x49
 1092 0060 13       		.uleb128 0x13
 1093 0061 2F       		.uleb128 0x2f
 1094 0062 0B       		.uleb128 0xb
 1095 0063 00       		.byte	0
 1096 0064 00       		.byte	0
 1097 0065 00       		.byte	0
 1098              		.section	.debug_aranges,"",%progbits
 1099 0000 14000000 		.4byte	0x14
 1100 0004 0200     		.2byte	0x2
 1101 0006 00000000 		.4byte	.Ldebug_info0
 1102 000a 04       		.byte	0x4
 1103 000b 00       		.byte	0
 1104 000c 0000     		.2byte	0
 1105 000e 0000     		.2byte	0
 1106 0010 00000000 		.4byte	0
 1107 0014 00000000 		.4byte	0
 1108              		.section	.debug_line,"",%progbits
 1109              	.Ldebug_line0:
 1110 0000 3D010000 		.section	.debug_str,"MS",%progbits,1
 1110      02003701 
 1110      00000201 
 1110      FB0E0D00 
 1110      01010101 
 1111              	.LASF9:
 1112 0000 5F5F7569 		.ascii	"__uint8_t\000"
 1112      6E74385F 
 1112      7400
 1113              	.LASF17:
 1114 000a 474E5520 		.ascii	"GNU C11 5.4.1 20160609 (release) [ARM/embedded-5-br"
 1114      43313120 
 1114      352E342E 
 1114      31203230 
 1114      31363036 
 1115 003d 616E6368 		.ascii	"anch revision 237715] -mcpu=cortex-m3 -mthumb -g -O"
 1115      20726576 
 1115      6973696F 
 1115      6E203233 
 1115      37373135 
 1116 0070 30202D66 		.ascii	"0 -ffunction-sections -ffat-lto-objects\000"
 1116      66756E63 
 1116      74696F6E 
 1116      2D736563 
 1116      74696F6E 
 1117              	.LASF16:
 1118 0098 63795F6D 		.ascii	"cy_metadata\000"
ARM GAS  C:\Users\shawn\AppData\Local\Temp\ccFnfjfA.s 			page 21


 1118      65746164 
 1118      61746100 
 1119              	.LASF1:
 1120 00a4 756E7369 		.ascii	"unsigned char\000"
 1120      676E6564 
 1120      20636861 
 1120      7200
 1121              	.LASF5:
 1122 00b2 6C6F6E67 		.ascii	"long unsigned int\000"
 1122      20756E73 
 1122      69676E65 
 1122      6420696E 
 1122      7400
 1123              	.LASF3:
 1124 00c4 73686F72 		.ascii	"short unsigned int\000"
 1124      7420756E 
 1124      7369676E 
 1124      65642069 
 1124      6E7400
 1125              	.LASF13:
 1126 00d7 63795F6D 		.ascii	"cy_meta_custnvl\000"
 1126      6574615F 
 1126      63757374 
 1126      6E766C00 
 1127              	.LASF12:
 1128 00e7 63795F6D 		.ascii	"cy_meta_configecc\000"
 1128      6574615F 
 1128      636F6E66 
 1128      69676563 
 1128      6300
 1129              	.LASF8:
 1130 00f9 756E7369 		.ascii	"unsigned int\000"
 1130      676E6564 
 1130      20696E74 
 1130      00
 1131              	.LASF7:
 1132 0106 6C6F6E67 		.ascii	"long long unsigned int\000"
 1132      206C6F6E 
 1132      6720756E 
 1132      7369676E 
 1132      65642069 
 1133              	.LASF10:
 1134 011d 75696E74 		.ascii	"uint8_t\000"
 1134      385F7400 
 1135              	.LASF15:
 1136 0125 63795F6D 		.ascii	"cy_meta_flashprotect\000"
 1136      6574615F 
 1136      666C6173 
 1136      6870726F 
 1136      74656374 
 1137              	.LASF14:
 1138 013a 63795F6D 		.ascii	"cy_meta_wonvl\000"
 1138      6574615F 
 1138      776F6E76 
 1138      6C00
 1139              	.LASF11:
 1140 0148 73697A65 		.ascii	"sizetype\000"
ARM GAS  C:\Users\shawn\AppData\Local\Temp\ccFnfjfA.s 			page 22


 1140      74797065 
 1140      00
 1141              	.LASF6:
 1142 0151 6C6F6E67 		.ascii	"long long int\000"
 1142      206C6F6E 
 1142      6720696E 
 1142      7400
 1143              	.LASF2:
 1144 015f 73686F72 		.ascii	"short int\000"
 1144      7420696E 
 1144      7400
 1145              	.LASF4:
 1146 0169 6C6F6E67 		.ascii	"long int\000"
 1146      20696E74 
 1146      00
 1147              	.LASF19:
 1148 0172 433A5C55 		.ascii	"C:\\Users\\shawn\\Desktop\\Real-Time-Estimation-and"
 1148      73657273 
 1148      5C736861 
 1148      776E5C44 
 1148      65736B74 
 1149 01a1 2D436F6E 		.ascii	"-Control-For-Satellite-Orbit-Stabilization\\PSOC Mi"
 1149      74726F6C 
 1149      2D466F72 
 1149      2D536174 
 1149      656C6C69 
 1150 01d3 63726F63 		.ascii	"crocontroller Code\\PSOC Microcontroller Code.cydsn"
 1150      6F6E7472 
 1150      6F6C6C65 
 1150      7220436F 
 1150      64655C50 
 1151 0205 00       		.ascii	"\000"
 1152              	.LASF0:
 1153 0206 7369676E 		.ascii	"signed char\000"
 1153      65642063 
 1153      68617200 
 1154              	.LASF18:
 1155 0212 47656E65 		.ascii	"Generated_Source\\PSoC5\\cymetadata.c\000"
 1155      72617465 
 1155      645F536F 
 1155      75726365 
 1155      5C50536F 
 1156              		.ident	"GCC: (GNU Tools for ARM Embedded Processors) 5.4.1 20160609 (release) [ARM/embedded-5-bran
