ARM GAS  C:\Users\shawn\AppData\Local\Temp\ccyYznHv.s 			page 1


   1              		.syntax unified
   2              		.cpu cortex-m3
   3              		.fpu softvfp
   4              		.eabi_attribute 20, 1
   5              		.eabi_attribute 21, 1
   6              		.eabi_attribute 23, 3
   7              		.eabi_attribute 24, 1
   8              		.eabi_attribute 25, 1
   9              		.eabi_attribute 26, 1
  10              		.eabi_attribute 30, 6
  11              		.eabi_attribute 34, 1
  12              		.eabi_attribute 18, 4
  13              		.thumb
  14              		.syntax unified
  15              		.file	"main.c"
  16              		.text
  17              	.Ltext0:
  18              		.cfi_sections	.debug_frame
  19              		.global	Time
  20              		.bss
  21              		.align	2
  22              		.type	Time, %object
  23              		.size	Time, 4
  24              	Time:
  25 0000 00000000 		.space	4
  26              		.comm	TimeStart,4,4
  27              		.global	LedState
  28              		.type	LedState, %object
  29              		.size	LedState, 1
  30              	LedState:
  31 0004 00       		.space	1
  32              		.section	.text.TimerInterrupt,"ax",%progbits
  33              		.align	2
  34              		.global	TimerInterrupt
  35              		.thumb
  36              		.thumb_func
  37              		.type	TimerInterrupt, %function
  38              	TimerInterrupt:
  39              	.LFB64:
  40              		.file 1 "main.c"
   1:main.c        **** /******************************************************************************
   2:main.c        **** * File Name: main.c
   3:main.c        **** *
   4:main.c        **** * Version: 1.10
   5:main.c        **** *
   6:main.c        **** * Description: This is the source code for the ADC and UART code example.
   7:main.c        **** *
   8:main.c        **** * Related Document: CE195277_ADC_and_UART.pdf
   9:main.c        **** *
  10:main.c        **** * Hardware Dependency: See CE195277_ADC_and_UART.pdf
  11:main.c        **** *
  12:main.c        **** *******************************************************************************
  13:main.c        **** * Copyright (2018), Cypress Semiconductor Corporation. All rights reserved.
  14:main.c        **** *******************************************************************************
  15:main.c        **** * This software, including source code, documentation and related materials
  16:main.c        **** * (“Software”), is owned by Cypress Semiconductor Corporation or one of its
  17:main.c        **** * subsidiaries (“Cypress”) and is protected by and subject to worldwide patent
ARM GAS  C:\Users\shawn\AppData\Local\Temp\ccyYznHv.s 			page 2


  18:main.c        **** * protection (United States and foreign), United States copyright laws and
  19:main.c        **** * international treaty provisions. Therefore, you may use this Software only
  20:main.c        **** * as provided in the license agreement accompanying the software package from
  21:main.c        **** * which you obtained this Software (“EULA”).
  22:main.c        **** *
  23:main.c        **** * If no EULA applies, Cypress hereby grants you a personal, nonexclusive,
  24:main.c        **** * non-transferable license to copy, modify, and compile the Software source
  25:main.c        **** * code solely for use in connection with Cypress’s integrated circuit products.
  26:main.c        **** * Any reproduction, modification, translation, compilation, or representation
  27:main.c        **** * of this Software except as specified above is prohibited without the express
  28:main.c        **** * written permission of Cypress.
  29:main.c        **** *
  30:main.c        **** * Disclaimer: THIS SOFTWARE IS PROVIDED AS-IS, WITH NO WARRANTY OF ANY KIND, 
  31:main.c        **** * EXPRESS OR IMPLIED, INCLUDING, BUT NOT LIMITED TO, NONINFRINGEMENT, IMPLIED 
  32:main.c        **** * WARRANTIES OF MERCHANTABILITY AND FITNESS FOR A PARTICULAR PURPOSE. Cypress 
  33:main.c        **** * reserves the right to make changes to the Software without notice. Cypress 
  34:main.c        **** * does not assume any liability arising out of the application or use of the 
  35:main.c        **** * Software or any product or circuit described in the Software. Cypress does 
  36:main.c        **** * not authorize its products for use in any products where a malfunction or 
  37:main.c        **** * failure of the Cypress product may reasonably be expected to result in 
  38:main.c        **** * significant property damage, injury or death (“High Risk Product”). By 
  39:main.c        **** * including Cypress’s product in a High Risk Product, the manufacturer of such 
  40:main.c        **** * system or application assumes all risk of such use and in doing so agrees to 
  41:main.c        **** * indemnify Cypress against all liability.
  42:main.c        **** *******************************************************************************/
  43:main.c        **** 
  44:main.c        **** #include <project.h>
  45:main.c        **** #include "stdio.h"
  46:main.c        **** 
  47:main.c        **** /* Project Defines */
  48:main.c        **** #define FALSE  0
  49:main.c        **** #define TRUE   1
  50:main.c        **** #define TRANSMIT_BUFFER_SIZE  64
  51:main.c        **** 
  52:main.c        **** 
  53:main.c        **** /*******************************************************************************
  54:main.c        **** * Function Name: main
  55:main.c        **** ********************************************************************************
  56:main.c        **** *
  57:main.c        **** * Summary:
  58:main.c        **** *  main() performs following functions:
  59:main.c        **** ...
  60:main.c        **** *
  61:main.c        **** * Parameters:
  62:main.c        **** *  None.
  63:main.c        **** *
  64:main.c        **** * Return:
  65:main.c        **** *  None.
  66:main.c        **** *
  67:main.c        **** *******************************************************************************/
  68:main.c        **** uint32 Time = 0; //ms
  69:main.c        **** uint TimeStart;
  70:main.c        **** uint8 LedState = 0;
  71:main.c        **** 
  72:main.c        **** // Interrupts 
  73:main.c        **** CY_ISR(TimerInterrupt)
  74:main.c        **** {
ARM GAS  C:\Users\shawn\AppData\Local\Temp\ccyYznHv.s 			page 3


  41              		.loc 1 74 0
  42              		.cfi_startproc
  43              		@ args = 0, pretend = 0, frame = 0
  44              		@ frame_needed = 1, uses_anonymous_args = 0
  45 0000 80B5     		push	{r7, lr}
  46              		.cfi_def_cfa_offset 8
  47              		.cfi_offset 7, -8
  48              		.cfi_offset 14, -4
  49 0002 00AF     		add	r7, sp, #0
  50              		.cfi_def_cfa_register 7
  75:main.c        ****     // Timer interrupt runs at 1000Hz
  76:main.c        ****     ++Time;
  51              		.loc 1 76 0
  52 0004 044B     		ldr	r3, .L2
  53 0006 1B68     		ldr	r3, [r3]
  54 0008 0133     		adds	r3, r3, #1
  55 000a 034A     		ldr	r2, .L2
  56 000c 1360     		str	r3, [r2]
  77:main.c        ****     Timer_1_ReadStatusRegister();
  57              		.loc 1 77 0
  58 000e FFF7FEFF 		bl	Timer_1_ReadStatusRegister
  78:main.c        **** }
  59              		.loc 1 78 0
  60 0012 00BF     		nop
  61 0014 80BD     		pop	{r7, pc}
  62              	.L3:
  63 0016 00BF     		.align	2
  64              	.L2:
  65 0018 00000000 		.word	Time
  66              		.cfi_endproc
  67              	.LFE64:
  68              		.size	TimerInterrupt, .-TimerInterrupt
  69              		.section	.rodata
  70              		.align	2
  71              	.LC0:
  72 0000 256C752C 		.ascii	"%lu,%lu,%lu\012\000"
  72      256C752C 
  72      256C750A 
  72      00
  73              		.section	.text.main,"ax",%progbits
  74              		.align	2
  75              		.global	main
  76              		.thumb
  77              		.thumb_func
  78              		.type	main, %function
  79              	main:
  80              	.LFB65:
  79:main.c        **** 
  80:main.c        **** int main()
  81:main.c        **** {
  81              		.loc 1 81 0
  82              		.cfi_startproc
  83              		@ args = 0, pretend = 0, frame = 144
  84              		@ frame_needed = 1, uses_anonymous_args = 0
  85 0000 80B5     		push	{r7, lr}
  86              		.cfi_def_cfa_offset 8
  87              		.cfi_offset 7, -8
ARM GAS  C:\Users\shawn\AppData\Local\Temp\ccyYznHv.s 			page 4


  88              		.cfi_offset 14, -4
  89 0002 A6B0     		sub	sp, sp, #152
  90              		.cfi_def_cfa_offset 160
  91 0004 02AF     		add	r7, sp, #8
  92              		.cfi_def_cfa 7, 152
  82:main.c        ****     uint8 i;
  83:main.c        ****     uint8 j;
  84:main.c        ****     
  85:main.c        ****     Timer_1_Start();
  93              		.loc 1 85 0
  94 0006 FFF7FEFF 		bl	Timer_1_Start
  86:main.c        ****     TimerInterrupt_Start();
  95              		.loc 1 86 0
  96 000a FFF7FEFF 		bl	TimerInterrupt_Start
  87:main.c        ****     TimerInterrupt_StartEx(TimerInterrupt);
  97              		.loc 1 87 0
  98 000e 2E48     		ldr	r0, .L16
  99 0010 FFF7FEFF 		bl	TimerInterrupt_StartEx
  88:main.c        ****     TimerInterrupt_Enable();
 100              		.loc 1 88 0
 101 0014 FFF7FEFF 		bl	TimerInterrupt_Enable
  89:main.c        ****     
  90:main.c        ****     // Enable global interrupts
  91:main.c        ****     CyGlobalIntEnable;
 102              		.loc 1 91 0
 103              		.syntax unified
 104              	@ 91 "main.c" 1
 105 0018 62B6     		CPSIE   i
 106              	@ 0 "" 2
  92:main.c        **** 
  93:main.c        ****     // Variable to store UART received character 
  94:main.c        ****     uint8 Ch;
  95:main.c        ****     
  96:main.c        ****     // Transmit buffer 
  97:main.c        ****     char TransmitBuffer[TRANSMIT_BUFFER_SIZE];
  98:main.c        ****     
  99:main.c        ****     // Measurement buffer
 100:main.c        ****     char MeasBuffer[64];
 101:main.c        ****     
 102:main.c        ****     // Start UART
 103:main.c        ****     UART_1_Start();
 107              		.loc 1 103 0
 108              		.thumb
 109              		.syntax unified
 110 001a FFF7FEFF 		bl	UART_1_Start
 104:main.c        ****     
 105:main.c        ****     // Initialize flags
 106:main.c        ****     uint8 ActiveFlag = FALSE;
 111              		.loc 1 106 0
 112 001e 0023     		movs	r3, #0
 113 0020 87F88F30 		strb	r3, [r7, #143]
 107:main.c        ****     uint8 InputFlag = FALSE;
 114              		.loc 1 107 0
 115 0024 0023     		movs	r3, #0
 116 0026 87F88E30 		strb	r3, [r7, #142]
 108:main.c        ****     uint8 MeasFlag = FALSE;
 117              		.loc 1 108 0
ARM GAS  C:\Users\shawn\AppData\Local\Temp\ccyYznHv.s 			page 5


 118 002a 0023     		movs	r3, #0
 119 002c 87F88D30 		strb	r3, [r7, #141]
 120              	.L13:
 109:main.c        **** 
 110:main.c        ****     for(;;)
 111:main.c        ****     {
 112:main.c        ****         /* Non-blocking call to get the latest data recieved  */
 113:main.c        ****         Ch = UART_1_GetChar();
 121              		.loc 1 113 0
 122 0030 FFF7FEFF 		bl	UART_1_GetChar
 123 0034 0346     		mov	r3, r0
 124 0036 87F88C30 		strb	r3, [r7, #140]
 114:main.c        ****         
 115:main.c        ****         /* Set flags based on UART command */
 116:main.c        ****         switch(Ch)
 125              		.loc 1 116 0
 126 003a 97F88C30 		ldrb	r3, [r7, #140]	@ zero_extendqisi2
 127 003e 6D2B     		cmp	r3, #109
 128 0040 13D0     		beq	.L6
 129 0042 6D2B     		cmp	r3, #109
 130 0044 02DC     		bgt	.L7
 131 0046 002B     		cmp	r3, #0
 132 0048 13D0     		beq	.L15
 117:main.c        ****         {
 118:main.c        ****             case 0:
 119:main.c        ****                 // No new data was recieved 
 120:main.c        ****                 break;
 121:main.c        ****             case 's':
 122:main.c        ****                 // Start timing for computation alongside Python
 123:main.c        ****                 TimeStart = Time;
 124:main.c        ****                 ActiveFlag = TRUE;
 125:main.c        ****             case 'u':
 126:main.c        ****                 // Input requested
 127:main.c        ****                 InputFlag = TRUE;
 128:main.c        ****             case 'm':
 129:main.c        ****                 // Incoming measurement data
 130:main.c        ****                 MeasFlag = TRUE;
 131:main.c        ****             default:
 132:main.c        ****                 // Place error handling code here //
 133:main.c        ****                 break;    
 133              		.loc 1 133 0
 134 004a 13E0     		b	.L11
 135              	.L7:
 116:main.c        ****         {
 136              		.loc 1 116 0
 137 004c 732B     		cmp	r3, #115
 138 004e 02D0     		beq	.L9
 139 0050 752B     		cmp	r3, #117
 140 0052 07D0     		beq	.L10
 141              		.loc 1 133 0
 142 0054 0EE0     		b	.L11
 143              	.L9:
 123:main.c        ****                 ActiveFlag = TRUE;
 144              		.loc 1 123 0
 145 0056 1D4B     		ldr	r3, .L16+4
 146 0058 1B68     		ldr	r3, [r3]
 147 005a 1D4A     		ldr	r2, .L16+8
ARM GAS  C:\Users\shawn\AppData\Local\Temp\ccyYznHv.s 			page 6


 148 005c 1360     		str	r3, [r2]
 124:main.c        ****             case 'u':
 149              		.loc 1 124 0
 150 005e 0123     		movs	r3, #1
 151 0060 87F88F30 		strb	r3, [r7, #143]
 152              	.L10:
 127:main.c        ****             case 'm':
 153              		.loc 1 127 0
 154 0064 0123     		movs	r3, #1
 155 0066 87F88E30 		strb	r3, [r7, #142]
 156              	.L6:
 130:main.c        ****             default:
 157              		.loc 1 130 0
 158 006a 0123     		movs	r3, #1
 159 006c 87F88D30 		strb	r3, [r7, #141]
 160              		.loc 1 133 0
 161 0070 00E0     		b	.L11
 162              	.L15:
 120:main.c        ****             case 's':
 163              		.loc 1 120 0
 164 0072 00BF     		nop
 165              	.L11:
 134:main.c        ****         }
 135:main.c        ****         
 136:main.c        ****         if(InputFlag && ActiveFlag)
 166              		.loc 1 136 0
 167 0074 97F88E30 		ldrb	r3, [r7, #142]	@ zero_extendqisi2
 168 0078 002B     		cmp	r3, #0
 169 007a D9D0     		beq	.L13
 170              		.loc 1 136 0 is_stmt 0 discriminator 1
 171 007c 97F88F30 		ldrb	r3, [r7, #143]	@ zero_extendqisi2
 172 0080 002B     		cmp	r3, #0
 173 0082 D5D0     		beq	.L13
 174              	.LBB2:
 137:main.c        ****         {
 138:main.c        ****             uint32 Input1 = UART_1_GetRxBufferSize();
 175              		.loc 1 138 0 is_stmt 1
 176 0084 FFF7FEFF 		bl	UART_1_GetRxBufferSize
 177 0088 0346     		mov	r3, r0
 178 008a C7F88830 		str	r3, [r7, #136]
 139:main.c        ****             uint32 Input2 = UART_1_GetRxBufferSize();
 179              		.loc 1 139 0
 180 008e FFF7FEFF 		bl	UART_1_GetRxBufferSize
 181 0092 0346     		mov	r3, r0
 182 0094 C7F88430 		str	r3, [r7, #132]
 140:main.c        ****             sprintf(TransmitBuffer, "%lu,%lu,%lu\n", Time-TimeStart, Input1, Input2);
 183              		.loc 1 140 0
 184 0098 0C4B     		ldr	r3, .L16+4
 185 009a 1A68     		ldr	r2, [r3]
 186 009c 0C4B     		ldr	r3, .L16+8
 187 009e 1B68     		ldr	r3, [r3]
 188 00a0 D21A     		subs	r2, r2, r3
 189 00a2 07F14400 		add	r0, r7, #68
 190 00a6 D7F88430 		ldr	r3, [r7, #132]
 191 00aa 0093     		str	r3, [sp]
 192 00ac D7F88830 		ldr	r3, [r7, #136]
 193 00b0 0849     		ldr	r1, .L16+12
ARM GAS  C:\Users\shawn\AppData\Local\Temp\ccyYznHv.s 			page 7


 194 00b2 FFF7FEFF 		bl	sprintf
 141:main.c        ****             UART_1_PutString(TransmitBuffer);
 195              		.loc 1 141 0
 196 00b6 07F14403 		add	r3, r7, #68
 197 00ba 1846     		mov	r0, r3
 198 00bc FFF7FEFF 		bl	UART_1_PutString
 142:main.c        ****             InputFlag = FALSE;
 199              		.loc 1 142 0
 200 00c0 0023     		movs	r3, #0
 201 00c2 87F88E30 		strb	r3, [r7, #142]
 202              	.LBE2:
 143:main.c        ****         }
 144:main.c        ****         
 145:main.c        ****         
 146:main.c        ****         if (MeasFlag && ActiveFlag)
 147:main.c        ****         {
 148:main.c        **** 
 149:main.c        ****         }
 150:main.c        ****     }
 203              		.loc 1 150 0
 204 00c6 B3E7     		b	.L13
 205              	.L17:
 206              		.align	2
 207              	.L16:
 208 00c8 00000000 		.word	TimerInterrupt
 209 00cc 00000000 		.word	Time
 210 00d0 00000000 		.word	TimeStart
 211 00d4 00000000 		.word	.LC0
 212              		.cfi_endproc
 213              	.LFE65:
 214              		.size	main, .-main
 215              		.text
 216              	.Letext0:
 217              		.file 2 "c:\\program files (x86)\\cypress\\psoc creator\\4.2\\psoc creator\\import\\gnu\\arm\\5.4.
 218              		.file 3 "c:\\program files (x86)\\cypress\\psoc creator\\4.2\\psoc creator\\import\\gnu\\arm\\5.4.
 219              		.file 4 "Generated_Source\\PSoC5/cytypes.h"
 220              		.file 5 "c:\\program files (x86)\\cypress\\psoc creator\\4.2\\psoc creator\\import\\gnu\\arm\\5.4.
 221              		.file 6 "Generated_Source\\PSoC5/core_cm3.h"
 222              		.section	.debug_info,"",%progbits
 223              	.Ldebug_info0:
 224 0000 D0010000 		.4byte	0x1d0
 225 0004 0400     		.2byte	0x4
 226 0006 00000000 		.4byte	.Ldebug_abbrev0
 227 000a 04       		.byte	0x4
 228 000b 01       		.uleb128 0x1
 229 000c 0E000000 		.4byte	.LASF30
 230 0010 0C       		.byte	0xc
 231 0011 91010000 		.4byte	.LASF31
 232 0015 C0010000 		.4byte	.LASF32
 233 0019 00000000 		.4byte	.Ldebug_ranges0+0
 234 001d 00000000 		.4byte	0
 235 0021 00000000 		.4byte	.Ldebug_line0
 236 0025 02       		.uleb128 0x2
 237 0026 01       		.byte	0x1
 238 0027 06       		.byte	0x6
 239 0028 B5000000 		.4byte	.LASF0
 240 002c 02       		.uleb128 0x2
ARM GAS  C:\Users\shawn\AppData\Local\Temp\ccyYznHv.s 			page 8


 241 002d 01       		.byte	0x1
 242 002e 08       		.byte	0x8
 243 002f C1000000 		.4byte	.LASF1
 244 0033 02       		.uleb128 0x2
 245 0034 02       		.byte	0x2
 246 0035 05       		.byte	0x5
 247 0036 A7010000 		.4byte	.LASF2
 248 003a 02       		.uleb128 0x2
 249 003b 02       		.byte	0x2
 250 003c 07       		.byte	0x7
 251 003d F7000000 		.4byte	.LASF3
 252 0041 03       		.uleb128 0x3
 253 0042 9C000000 		.4byte	.LASF9
 254 0046 02       		.byte	0x2
 255 0047 3F       		.byte	0x3f
 256 0048 4C000000 		.4byte	0x4c
 257 004c 02       		.uleb128 0x2
 258 004d 04       		.byte	0x4
 259 004e 05       		.byte	0x5
 260 004f B7010000 		.4byte	.LASF4
 261 0053 02       		.uleb128 0x2
 262 0054 04       		.byte	0x4
 263 0055 07       		.byte	0x7
 264 0056 E5000000 		.4byte	.LASF5
 265 005a 02       		.uleb128 0x2
 266 005b 08       		.byte	0x8
 267 005c 05       		.byte	0x5
 268 005d 00000000 		.4byte	.LASF6
 269 0061 02       		.uleb128 0x2
 270 0062 08       		.byte	0x8
 271 0063 07       		.byte	0x7
 272 0064 3C010000 		.4byte	.LASF7
 273 0068 04       		.uleb128 0x4
 274 0069 04       		.byte	0x4
 275 006a 05       		.byte	0x5
 276 006b 696E7400 		.ascii	"int\000"
 277 006f 02       		.uleb128 0x2
 278 0070 04       		.byte	0x4
 279 0071 07       		.byte	0x7
 280 0072 2F010000 		.4byte	.LASF8
 281 0076 03       		.uleb128 0x3
 282 0077 62010000 		.4byte	.LASF10
 283 007b 03       		.byte	0x3
 284 007c 2C       		.byte	0x2c
 285 007d 41000000 		.4byte	0x41
 286 0081 05       		.uleb128 0x5
 287 0082 B1010000 		.4byte	.LASF11
 288 0086 04       		.byte	0x4
 289 0087 E401     		.2byte	0x1e4
 290 0089 2C000000 		.4byte	0x2c
 291 008d 05       		.uleb128 0x5
 292 008e 28010000 		.4byte	.LASF12
 293 0092 04       		.byte	0x4
 294 0093 E601     		.2byte	0x1e6
 295 0095 53000000 		.4byte	0x53
 296 0099 02       		.uleb128 0x2
 297 009a 04       		.byte	0x4
ARM GAS  C:\Users\shawn\AppData\Local\Temp\ccyYznHv.s 			page 9


 298 009b 04       		.byte	0x4
 299 009c AF000000 		.4byte	.LASF13
 300 00a0 02       		.uleb128 0x2
 301 00a1 08       		.byte	0x8
 302 00a2 04       		.byte	0x4
 303 00a3 17010000 		.4byte	.LASF14
 304 00a7 02       		.uleb128 0x2
 305 00a8 01       		.byte	0x1
 306 00a9 08       		.byte	0x8
 307 00aa 98010000 		.4byte	.LASF15
 308 00ae 02       		.uleb128 0x2
 309 00af 08       		.byte	0x8
 310 00b0 04       		.byte	0x4
 311 00b1 54020000 		.4byte	.LASF16
 312 00b5 02       		.uleb128 0x2
 313 00b6 04       		.byte	0x4
 314 00b7 07       		.byte	0x7
 315 00b8 79010000 		.4byte	.LASF17
 316 00bc 03       		.uleb128 0x3
 317 00bd 23010000 		.4byte	.LASF18
 318 00c1 05       		.byte	0x5
 319 00c2 6C       		.byte	0x6c
 320 00c3 6F000000 		.4byte	0x6f
 321 00c7 06       		.uleb128 0x6
 322 00c8 82010000 		.4byte	.LASF33
 323 00cc 01       		.byte	0x1
 324 00cd 49       		.byte	0x49
 325 00ce 00000000 		.4byte	.LFB64
 326 00d2 1C000000 		.4byte	.LFE64-.LFB64
 327 00d6 01       		.uleb128 0x1
 328 00d7 9C       		.byte	0x9c
 329 00d8 07       		.uleb128 0x7
 330 00d9 1E010000 		.4byte	.LASF34
 331 00dd 01       		.byte	0x1
 332 00de 50       		.byte	0x50
 333 00df 68000000 		.4byte	0x68
 334 00e3 00000000 		.4byte	.LFB65
 335 00e7 D8000000 		.4byte	.LFE65-.LFB65
 336 00eb 01       		.uleb128 0x1
 337 00ec 9C       		.byte	0x9c
 338 00ed 7F010000 		.4byte	0x17f
 339 00f1 08       		.uleb128 0x8
 340 00f2 6900     		.ascii	"i\000"
 341 00f4 01       		.byte	0x1
 342 00f5 52       		.byte	0x52
 343 00f6 81000000 		.4byte	0x81
 344 00fa 08       		.uleb128 0x8
 345 00fb 6A00     		.ascii	"j\000"
 346 00fd 01       		.byte	0x1
 347 00fe 53       		.byte	0x53
 348 00ff 81000000 		.4byte	0x81
 349 0103 09       		.uleb128 0x9
 350 0104 436800   		.ascii	"Ch\000"
 351 0107 01       		.byte	0x1
 352 0108 5E       		.byte	0x5e
 353 0109 81000000 		.4byte	0x81
 354 010d 02       		.uleb128 0x2
ARM GAS  C:\Users\shawn\AppData\Local\Temp\ccyYznHv.s 			page 10


 355 010e 91       		.byte	0x91
 356 010f 74       		.sleb128 -12
 357 0110 0A       		.uleb128 0xa
 358 0111 6A010000 		.4byte	.LASF19
 359 0115 01       		.byte	0x1
 360 0116 61       		.byte	0x61
 361 0117 7F010000 		.4byte	0x17f
 362 011b 03       		.uleb128 0x3
 363 011c 91       		.byte	0x91
 364 011d AC7F     		.sleb128 -84
 365 011f 0A       		.uleb128 0xa
 366 0120 DA000000 		.4byte	.LASF20
 367 0124 01       		.byte	0x1
 368 0125 64       		.byte	0x64
 369 0126 7F010000 		.4byte	0x17f
 370 012a 03       		.uleb128 0x3
 371 012b 91       		.byte	0x91
 372 012c EC7E     		.sleb128 -148
 373 012e 0A       		.uleb128 0xa
 374 012f CF000000 		.4byte	.LASF21
 375 0133 01       		.byte	0x1
 376 0134 6A       		.byte	0x6a
 377 0135 81000000 		.4byte	0x81
 378 0139 02       		.uleb128 0x2
 379 013a 91       		.byte	0x91
 380 013b 77       		.sleb128 -9
 381 013c 0A       		.uleb128 0xa
 382 013d 9D010000 		.4byte	.LASF22
 383 0141 01       		.byte	0x1
 384 0142 6B       		.byte	0x6b
 385 0143 81000000 		.4byte	0x81
 386 0147 02       		.uleb128 0x2
 387 0148 91       		.byte	0x91
 388 0149 76       		.sleb128 -10
 389 014a 0A       		.uleb128 0xa
 390 014b 60020000 		.4byte	.LASF23
 391 014f 01       		.byte	0x1
 392 0150 6C       		.byte	0x6c
 393 0151 81000000 		.4byte	0x81
 394 0155 02       		.uleb128 0x2
 395 0156 91       		.byte	0x91
 396 0157 75       		.sleb128 -11
 397 0158 0B       		.uleb128 0xb
 398 0159 84000000 		.4byte	.LBB2
 399 015d 42000000 		.4byte	.LBE2-.LBB2
 400 0161 0A       		.uleb128 0xa
 401 0162 69020000 		.4byte	.LASF24
 402 0166 01       		.byte	0x1
 403 0167 8A       		.byte	0x8a
 404 0168 8D000000 		.4byte	0x8d
 405 016c 02       		.uleb128 0x2
 406 016d 91       		.byte	0x91
 407 016e 70       		.sleb128 -16
 408 016f 0A       		.uleb128 0xa
 409 0170 70020000 		.4byte	.LASF25
 410 0174 01       		.byte	0x1
 411 0175 8B       		.byte	0x8b
ARM GAS  C:\Users\shawn\AppData\Local\Temp\ccyYznHv.s 			page 11


 412 0176 8D000000 		.4byte	0x8d
 413 017a 02       		.uleb128 0x2
 414 017b 91       		.byte	0x91
 415 017c 6C       		.sleb128 -20
 416 017d 00       		.byte	0
 417 017e 00       		.byte	0
 418 017f 0C       		.uleb128 0xc
 419 0180 A7000000 		.4byte	0xa7
 420 0184 8F010000 		.4byte	0x18f
 421 0188 0D       		.uleb128 0xd
 422 0189 B5000000 		.4byte	0xb5
 423 018d 3F       		.byte	0x3f
 424 018e 00       		.byte	0
 425 018f 0E       		.uleb128 0xe
 426 0190 0A010000 		.4byte	.LASF26
 427 0194 06       		.byte	0x6
 428 0195 1207     		.2byte	0x712
 429 0197 9B010000 		.4byte	0x19b
 430 019b 0F       		.uleb128 0xf
 431 019c 76000000 		.4byte	0x76
 432 01a0 10       		.uleb128 0x10
 433 01a1 53010000 		.4byte	.LASF27
 434 01a5 01       		.byte	0x1
 435 01a6 44       		.byte	0x44
 436 01a7 8D000000 		.4byte	0x8d
 437 01ab 05       		.uleb128 0x5
 438 01ac 03       		.byte	0x3
 439 01ad 00000000 		.4byte	Time
 440 01b1 10       		.uleb128 0x10
 441 01b2 58010000 		.4byte	.LASF28
 442 01b6 01       		.byte	0x1
 443 01b7 45       		.byte	0x45
 444 01b8 BC000000 		.4byte	0xbc
 445 01bc 05       		.uleb128 0x5
 446 01bd 03       		.byte	0x3
 447 01be 00000000 		.4byte	TimeStart
 448 01c2 10       		.uleb128 0x10
 449 01c3 A6000000 		.4byte	.LASF29
 450 01c7 01       		.byte	0x1
 451 01c8 46       		.byte	0x46
 452 01c9 81000000 		.4byte	0x81
 453 01cd 05       		.uleb128 0x5
 454 01ce 03       		.byte	0x3
 455 01cf 00000000 		.4byte	LedState
 456 01d3 00       		.byte	0
 457              		.section	.debug_abbrev,"",%progbits
 458              	.Ldebug_abbrev0:
 459 0000 01       		.uleb128 0x1
 460 0001 11       		.uleb128 0x11
 461 0002 01       		.byte	0x1
 462 0003 25       		.uleb128 0x25
 463 0004 0E       		.uleb128 0xe
 464 0005 13       		.uleb128 0x13
 465 0006 0B       		.uleb128 0xb
 466 0007 03       		.uleb128 0x3
 467 0008 0E       		.uleb128 0xe
 468 0009 1B       		.uleb128 0x1b
ARM GAS  C:\Users\shawn\AppData\Local\Temp\ccyYznHv.s 			page 12


 469 000a 0E       		.uleb128 0xe
 470 000b 55       		.uleb128 0x55
 471 000c 17       		.uleb128 0x17
 472 000d 11       		.uleb128 0x11
 473 000e 01       		.uleb128 0x1
 474 000f 10       		.uleb128 0x10
 475 0010 17       		.uleb128 0x17
 476 0011 00       		.byte	0
 477 0012 00       		.byte	0
 478 0013 02       		.uleb128 0x2
 479 0014 24       		.uleb128 0x24
 480 0015 00       		.byte	0
 481 0016 0B       		.uleb128 0xb
 482 0017 0B       		.uleb128 0xb
 483 0018 3E       		.uleb128 0x3e
 484 0019 0B       		.uleb128 0xb
 485 001a 03       		.uleb128 0x3
 486 001b 0E       		.uleb128 0xe
 487 001c 00       		.byte	0
 488 001d 00       		.byte	0
 489 001e 03       		.uleb128 0x3
 490 001f 16       		.uleb128 0x16
 491 0020 00       		.byte	0
 492 0021 03       		.uleb128 0x3
 493 0022 0E       		.uleb128 0xe
 494 0023 3A       		.uleb128 0x3a
 495 0024 0B       		.uleb128 0xb
 496 0025 3B       		.uleb128 0x3b
 497 0026 0B       		.uleb128 0xb
 498 0027 49       		.uleb128 0x49
 499 0028 13       		.uleb128 0x13
 500 0029 00       		.byte	0
 501 002a 00       		.byte	0
 502 002b 04       		.uleb128 0x4
 503 002c 24       		.uleb128 0x24
 504 002d 00       		.byte	0
 505 002e 0B       		.uleb128 0xb
 506 002f 0B       		.uleb128 0xb
 507 0030 3E       		.uleb128 0x3e
 508 0031 0B       		.uleb128 0xb
 509 0032 03       		.uleb128 0x3
 510 0033 08       		.uleb128 0x8
 511 0034 00       		.byte	0
 512 0035 00       		.byte	0
 513 0036 05       		.uleb128 0x5
 514 0037 16       		.uleb128 0x16
 515 0038 00       		.byte	0
 516 0039 03       		.uleb128 0x3
 517 003a 0E       		.uleb128 0xe
 518 003b 3A       		.uleb128 0x3a
 519 003c 0B       		.uleb128 0xb
 520 003d 3B       		.uleb128 0x3b
 521 003e 05       		.uleb128 0x5
 522 003f 49       		.uleb128 0x49
 523 0040 13       		.uleb128 0x13
 524 0041 00       		.byte	0
 525 0042 00       		.byte	0
ARM GAS  C:\Users\shawn\AppData\Local\Temp\ccyYznHv.s 			page 13


 526 0043 06       		.uleb128 0x6
 527 0044 2E       		.uleb128 0x2e
 528 0045 00       		.byte	0
 529 0046 3F       		.uleb128 0x3f
 530 0047 19       		.uleb128 0x19
 531 0048 03       		.uleb128 0x3
 532 0049 0E       		.uleb128 0xe
 533 004a 3A       		.uleb128 0x3a
 534 004b 0B       		.uleb128 0xb
 535 004c 3B       		.uleb128 0x3b
 536 004d 0B       		.uleb128 0xb
 537 004e 27       		.uleb128 0x27
 538 004f 19       		.uleb128 0x19
 539 0050 11       		.uleb128 0x11
 540 0051 01       		.uleb128 0x1
 541 0052 12       		.uleb128 0x12
 542 0053 06       		.uleb128 0x6
 543 0054 40       		.uleb128 0x40
 544 0055 18       		.uleb128 0x18
 545 0056 9642     		.uleb128 0x2116
 546 0058 19       		.uleb128 0x19
 547 0059 00       		.byte	0
 548 005a 00       		.byte	0
 549 005b 07       		.uleb128 0x7
 550 005c 2E       		.uleb128 0x2e
 551 005d 01       		.byte	0x1
 552 005e 3F       		.uleb128 0x3f
 553 005f 19       		.uleb128 0x19
 554 0060 03       		.uleb128 0x3
 555 0061 0E       		.uleb128 0xe
 556 0062 3A       		.uleb128 0x3a
 557 0063 0B       		.uleb128 0xb
 558 0064 3B       		.uleb128 0x3b
 559 0065 0B       		.uleb128 0xb
 560 0066 49       		.uleb128 0x49
 561 0067 13       		.uleb128 0x13
 562 0068 11       		.uleb128 0x11
 563 0069 01       		.uleb128 0x1
 564 006a 12       		.uleb128 0x12
 565 006b 06       		.uleb128 0x6
 566 006c 40       		.uleb128 0x40
 567 006d 18       		.uleb128 0x18
 568 006e 9642     		.uleb128 0x2116
 569 0070 19       		.uleb128 0x19
 570 0071 01       		.uleb128 0x1
 571 0072 13       		.uleb128 0x13
 572 0073 00       		.byte	0
 573 0074 00       		.byte	0
 574 0075 08       		.uleb128 0x8
 575 0076 34       		.uleb128 0x34
 576 0077 00       		.byte	0
 577 0078 03       		.uleb128 0x3
 578 0079 08       		.uleb128 0x8
 579 007a 3A       		.uleb128 0x3a
 580 007b 0B       		.uleb128 0xb
 581 007c 3B       		.uleb128 0x3b
 582 007d 0B       		.uleb128 0xb
ARM GAS  C:\Users\shawn\AppData\Local\Temp\ccyYznHv.s 			page 14


 583 007e 49       		.uleb128 0x49
 584 007f 13       		.uleb128 0x13
 585 0080 00       		.byte	0
 586 0081 00       		.byte	0
 587 0082 09       		.uleb128 0x9
 588 0083 34       		.uleb128 0x34
 589 0084 00       		.byte	0
 590 0085 03       		.uleb128 0x3
 591 0086 08       		.uleb128 0x8
 592 0087 3A       		.uleb128 0x3a
 593 0088 0B       		.uleb128 0xb
 594 0089 3B       		.uleb128 0x3b
 595 008a 0B       		.uleb128 0xb
 596 008b 49       		.uleb128 0x49
 597 008c 13       		.uleb128 0x13
 598 008d 02       		.uleb128 0x2
 599 008e 18       		.uleb128 0x18
 600 008f 00       		.byte	0
 601 0090 00       		.byte	0
 602 0091 0A       		.uleb128 0xa
 603 0092 34       		.uleb128 0x34
 604 0093 00       		.byte	0
 605 0094 03       		.uleb128 0x3
 606 0095 0E       		.uleb128 0xe
 607 0096 3A       		.uleb128 0x3a
 608 0097 0B       		.uleb128 0xb
 609 0098 3B       		.uleb128 0x3b
 610 0099 0B       		.uleb128 0xb
 611 009a 49       		.uleb128 0x49
 612 009b 13       		.uleb128 0x13
 613 009c 02       		.uleb128 0x2
 614 009d 18       		.uleb128 0x18
 615 009e 00       		.byte	0
 616 009f 00       		.byte	0
 617 00a0 0B       		.uleb128 0xb
 618 00a1 0B       		.uleb128 0xb
 619 00a2 01       		.byte	0x1
 620 00a3 11       		.uleb128 0x11
 621 00a4 01       		.uleb128 0x1
 622 00a5 12       		.uleb128 0x12
 623 00a6 06       		.uleb128 0x6
 624 00a7 00       		.byte	0
 625 00a8 00       		.byte	0
 626 00a9 0C       		.uleb128 0xc
 627 00aa 01       		.uleb128 0x1
 628 00ab 01       		.byte	0x1
 629 00ac 49       		.uleb128 0x49
 630 00ad 13       		.uleb128 0x13
 631 00ae 01       		.uleb128 0x1
 632 00af 13       		.uleb128 0x13
 633 00b0 00       		.byte	0
 634 00b1 00       		.byte	0
 635 00b2 0D       		.uleb128 0xd
 636 00b3 21       		.uleb128 0x21
 637 00b4 00       		.byte	0
 638 00b5 49       		.uleb128 0x49
 639 00b6 13       		.uleb128 0x13
ARM GAS  C:\Users\shawn\AppData\Local\Temp\ccyYznHv.s 			page 15


 640 00b7 2F       		.uleb128 0x2f
 641 00b8 0B       		.uleb128 0xb
 642 00b9 00       		.byte	0
 643 00ba 00       		.byte	0
 644 00bb 0E       		.uleb128 0xe
 645 00bc 34       		.uleb128 0x34
 646 00bd 00       		.byte	0
 647 00be 03       		.uleb128 0x3
 648 00bf 0E       		.uleb128 0xe
 649 00c0 3A       		.uleb128 0x3a
 650 00c1 0B       		.uleb128 0xb
 651 00c2 3B       		.uleb128 0x3b
 652 00c3 05       		.uleb128 0x5
 653 00c4 49       		.uleb128 0x49
 654 00c5 13       		.uleb128 0x13
 655 00c6 3F       		.uleb128 0x3f
 656 00c7 19       		.uleb128 0x19
 657 00c8 3C       		.uleb128 0x3c
 658 00c9 19       		.uleb128 0x19
 659 00ca 00       		.byte	0
 660 00cb 00       		.byte	0
 661 00cc 0F       		.uleb128 0xf
 662 00cd 35       		.uleb128 0x35
 663 00ce 00       		.byte	0
 664 00cf 49       		.uleb128 0x49
 665 00d0 13       		.uleb128 0x13
 666 00d1 00       		.byte	0
 667 00d2 00       		.byte	0
 668 00d3 10       		.uleb128 0x10
 669 00d4 34       		.uleb128 0x34
 670 00d5 00       		.byte	0
 671 00d6 03       		.uleb128 0x3
 672 00d7 0E       		.uleb128 0xe
 673 00d8 3A       		.uleb128 0x3a
 674 00d9 0B       		.uleb128 0xb
 675 00da 3B       		.uleb128 0x3b
 676 00db 0B       		.uleb128 0xb
 677 00dc 49       		.uleb128 0x49
 678 00dd 13       		.uleb128 0x13
 679 00de 3F       		.uleb128 0x3f
 680 00df 19       		.uleb128 0x19
 681 00e0 02       		.uleb128 0x2
 682 00e1 18       		.uleb128 0x18
 683 00e2 00       		.byte	0
 684 00e3 00       		.byte	0
 685 00e4 00       		.byte	0
 686              		.section	.debug_aranges,"",%progbits
 687 0000 24000000 		.4byte	0x24
 688 0004 0200     		.2byte	0x2
 689 0006 00000000 		.4byte	.Ldebug_info0
 690 000a 04       		.byte	0x4
 691 000b 00       		.byte	0
 692 000c 0000     		.2byte	0
 693 000e 0000     		.2byte	0
 694 0010 00000000 		.4byte	.LFB64
 695 0014 1C000000 		.4byte	.LFE64-.LFB64
 696 0018 00000000 		.4byte	.LFB65
ARM GAS  C:\Users\shawn\AppData\Local\Temp\ccyYznHv.s 			page 16


 697 001c D8000000 		.4byte	.LFE65-.LFB65
 698 0020 00000000 		.4byte	0
 699 0024 00000000 		.4byte	0
 700              		.section	.debug_ranges,"",%progbits
 701              	.Ldebug_ranges0:
 702 0000 00000000 		.4byte	.LFB64
 703 0004 1C000000 		.4byte	.LFE64
 704 0008 00000000 		.4byte	.LFB65
 705 000c D8000000 		.4byte	.LFE65
 706 0010 00000000 		.4byte	0
 707 0014 00000000 		.4byte	0
 708              		.section	.debug_line,"",%progbits
 709              	.Ldebug_line0:
 710 0000 B0010000 		.section	.debug_str,"MS",%progbits,1
 710      02005701 
 710      00000201 
 710      FB0E0D00 
 710      01010101 
 711              	.LASF6:
 712 0000 6C6F6E67 		.ascii	"long long int\000"
 712      206C6F6E 
 712      6720696E 
 712      7400
 713              	.LASF30:
 714 000e 474E5520 		.ascii	"GNU C11 5.4.1 20160609 (release) [ARM/embedded-5-br"
 714      43313120 
 714      352E342E 
 714      31203230 
 714      31363036 
 715 0041 616E6368 		.ascii	"anch revision 237715] -mcpu=cortex-m3 -mthumb -g -O"
 715      20726576 
 715      6973696F 
 715      6E203233 
 715      37373135 
 716 0074 30202D66 		.ascii	"0 -ffunction-sections -ffat-lto-objects\000"
 716      66756E63 
 716      74696F6E 
 716      2D736563 
 716      74696F6E 
 717              	.LASF9:
 718 009c 5F5F696E 		.ascii	"__int32_t\000"
 718      7433325F 
 718      7400
 719              	.LASF29:
 720 00a6 4C656453 		.ascii	"LedState\000"
 720      74617465 
 720      00
 721              	.LASF13:
 722 00af 666C6F61 		.ascii	"float\000"
 722      7400
 723              	.LASF0:
 724 00b5 7369676E 		.ascii	"signed char\000"
 724      65642063 
 724      68617200 
 725              	.LASF1:
 726 00c1 756E7369 		.ascii	"unsigned char\000"
 726      676E6564 
ARM GAS  C:\Users\shawn\AppData\Local\Temp\ccyYznHv.s 			page 17


 726      20636861 
 726      7200
 727              	.LASF21:
 728 00cf 41637469 		.ascii	"ActiveFlag\000"
 728      7665466C 
 728      616700
 729              	.LASF20:
 730 00da 4D656173 		.ascii	"MeasBuffer\000"
 730      42756666 
 730      657200
 731              	.LASF5:
 732 00e5 6C6F6E67 		.ascii	"long unsigned int\000"
 732      20756E73 
 732      69676E65 
 732      6420696E 
 732      7400
 733              	.LASF3:
 734 00f7 73686F72 		.ascii	"short unsigned int\000"
 734      7420756E 
 734      7369676E 
 734      65642069 
 734      6E7400
 735              	.LASF26:
 736 010a 49544D5F 		.ascii	"ITM_RxBuffer\000"
 736      52784275 
 736      66666572 
 736      00
 737              	.LASF14:
 738 0117 646F7562 		.ascii	"double\000"
 738      6C6500
 739              	.LASF34:
 740 011e 6D61696E 		.ascii	"main\000"
 740      00
 741              	.LASF18:
 742 0123 75696E74 		.ascii	"uint\000"
 742      00
 743              	.LASF12:
 744 0128 75696E74 		.ascii	"uint32\000"
 744      333200
 745              	.LASF8:
 746 012f 756E7369 		.ascii	"unsigned int\000"
 746      676E6564 
 746      20696E74 
 746      00
 747              	.LASF7:
 748 013c 6C6F6E67 		.ascii	"long long unsigned int\000"
 748      206C6F6E 
 748      6720756E 
 748      7369676E 
 748      65642069 
 749              	.LASF27:
 750 0153 54696D65 		.ascii	"Time\000"
 750      00
 751              	.LASF28:
 752 0158 54696D65 		.ascii	"TimeStart\000"
 752      53746172 
 752      7400
ARM GAS  C:\Users\shawn\AppData\Local\Temp\ccyYznHv.s 			page 18


 753              	.LASF10:
 754 0162 696E7433 		.ascii	"int32_t\000"
 754      325F7400 
 755              	.LASF19:
 756 016a 5472616E 		.ascii	"TransmitBuffer\000"
 756      736D6974 
 756      42756666 
 756      657200
 757              	.LASF17:
 758 0179 73697A65 		.ascii	"sizetype\000"
 758      74797065 
 758      00
 759              	.LASF33:
 760 0182 54696D65 		.ascii	"TimerInterrupt\000"
 760      72496E74 
 760      65727275 
 760      707400
 761              	.LASF31:
 762 0191 6D61696E 		.ascii	"main.c\000"
 762      2E6300
 763              	.LASF15:
 764 0198 63686172 		.ascii	"char\000"
 764      00
 765              	.LASF22:
 766 019d 496E7075 		.ascii	"InputFlag\000"
 766      74466C61 
 766      6700
 767              	.LASF2:
 768 01a7 73686F72 		.ascii	"short int\000"
 768      7420696E 
 768      7400
 769              	.LASF11:
 770 01b1 75696E74 		.ascii	"uint8\000"
 770      3800
 771              	.LASF4:
 772 01b7 6C6F6E67 		.ascii	"long int\000"
 772      20696E74 
 772      00
 773              	.LASF32:
 774 01c0 433A5C55 		.ascii	"C:\\Users\\shawn\\Desktop\\Real-Time-Estimation-and"
 774      73657273 
 774      5C736861 
 774      776E5C44 
 774      65736B74 
 775 01ef 2D436F6E 		.ascii	"-Control-For-Satellite-Orbit-Stabilization\\PSOC Mi"
 775      74726F6C 
 775      2D466F72 
 775      2D536174 
 775      656C6C69 
 776 0221 63726F63 		.ascii	"crocontroller Code\\PSOC Microcontroller Code.cydsn"
 776      6F6E7472 
 776      6F6C6C65 
 776      7220436F 
 776      64655C50 
 777 0253 00       		.ascii	"\000"
 778              	.LASF16:
 779 0254 6C6F6E67 		.ascii	"long double\000"
ARM GAS  C:\Users\shawn\AppData\Local\Temp\ccyYznHv.s 			page 19


 779      20646F75 
 779      626C6500 
 780              	.LASF23:
 781 0260 4D656173 		.ascii	"MeasFlag\000"
 781      466C6167 
 781      00
 782              	.LASF24:
 783 0269 496E7075 		.ascii	"Input1\000"
 783      743100
 784              	.LASF25:
 785 0270 496E7075 		.ascii	"Input2\000"
 785      743200
 786              		.ident	"GCC: (GNU Tools for ARM Embedded Processors) 5.4.1 20160609 (release) [ARM/embedded-5-bran
