ARM GAS  C:\Users\GEORGE~1\AppData\Local\Temp\cclItfIQ.s 			page 1


   1              		.syntax unified
   2              		.cpu cortex-m3
   3              		.fpu softvfp
   4              		.eabi_attribute 20, 1
   5              		.eabi_attribute 21, 1
   6              		.eabi_attribute 23, 3
   7              		.eabi_attribute 24, 1
   8              		.eabi_attribute 25, 1
   9              		.eabi_attribute 26, 1
  10              		.eabi_attribute 30, 1
  11              		.eabi_attribute 34, 1
  12              		.eabi_attribute 18, 4
  13              		.thumb
  14              		.syntax unified
  15              		.file	"main.c"
  16              		.text
  17              	.Ltext0:
  18              		.cfi_sections	.debug_frame
  19              		.section	.text.main,"ax",%progbits
  20              		.align	2
  21              		.global	main
  22              		.thumb
  23              		.thumb_func
  24              		.type	main, %function
  25              	main:
  26              	.LFB63:
  27              		.file 1 "main.c"
   1:main.c        **** /* ========================================
   2:main.c        ****  *
   3:main.c        ****  * Copyright YOUR COMPANY, THE YEAR
   4:main.c        ****  * All Rights Reserved
   5:main.c        ****  * UNPUBLISHED, LICENSED SOFTWARE.
   6:main.c        ****  *
   7:main.c        ****  * CONFIDENTIAL AND PROPRIETARY INFORMATION
   8:main.c        ****  * WHICH IS THE PROPERTY OF your company.
   9:main.c        ****  *
  10:main.c        ****  * ========================================
  11:main.c        **** */
  12:main.c        **** #include "project.h"
  13:main.c        **** 
  14:main.c        **** struct sensorset
  15:main.c        **** {
  16:main.c        ****     uint32 Xaccel;
  17:main.c        ****     uint32 Yaccel;
  18:main.c        ****     uint32 Zaccel;
  19:main.c        ****     uint8 Error;
  20:main.c        **** }Axis[4];
  21:main.c        **** 
  22:main.c        **** int main(void)
  23:main.c        **** {
  28              		.loc 1 23 0
  29              		.cfi_startproc
  30              		@ Volatile: function does not return.
  31              		@ args = 0, pretend = 0, frame = 0
  32              		@ frame_needed = 0, uses_anonymous_args = 0
  33 0000 08B5     		push	{r3, lr}
  34              		.cfi_def_cfa_offset 8
ARM GAS  C:\Users\GEORGE~1\AppData\Local\Temp\cclItfIQ.s 			page 2


  35              		.cfi_offset 3, -8
  36              		.cfi_offset 14, -4
  24:main.c        ****     CyGlobalIntEnable; /* Enable global interrupts. */
  37              		.loc 1 24 0
  38              		.syntax unified
  39              	@ 24 "main.c" 1
  40 0002 62B6     		CPSIE   i
  41              	@ 0 "" 2
  42              		.thumb
  43              		.syntax unified
  44              	.L2:
  25:main.c        **** 
  26:main.c        ****     /* Place your initialization/startup code here (e.g. MyInst_Start()) */
  27:main.c        **** 
  28:main.c        ****     for(;;)
  29:main.c        ****     {
  30:main.c        ****         /* Place your application code here. */
  31:main.c        ****         
  32:main.c        ****         Axis[1].Xaccel = 1;
  45              		.loc 1 32 0 discriminator 1
  46 0004 064B     		ldr	r3, .L4
  47 0006 0122     		movs	r2, #1
  48 0008 1A61     		str	r2, [r3, #16]
  33:main.c        ****         Axis[1].Yaccel = 2;
  49              		.loc 1 33 0 discriminator 1
  50 000a 0222     		movs	r2, #2
  51 000c 5A61     		str	r2, [r3, #20]
  34:main.c        ****         Axis[1].Zaccel = 5;
  52              		.loc 1 34 0 discriminator 1
  53 000e 0522     		movs	r2, #5
  54 0010 9A61     		str	r2, [r3, #24]
  35:main.c        ****         Axis[1].Error = 0xFF;
  55              		.loc 1 35 0 discriminator 1
  56 0012 FF22     		movs	r2, #255
  57 0014 1A77     		strb	r2, [r3, #28]
  36:main.c        ****         
  37:main.c        ****         CyDelay(100);
  58              		.loc 1 37 0 discriminator 1
  59 0016 6420     		movs	r0, #100
  60 0018 FFF7FEFF 		bl	CyDelay
  61              	.LVL0:
  62 001c F2E7     		b	.L2
  63              	.L5:
  64 001e 00BF     		.align	2
  65              	.L4:
  66 0020 00000000 		.word	Axis
  67              		.cfi_endproc
  68              	.LFE63:
  69              		.size	main, .-main
  70              		.comm	Axis,64,4
  71              		.text
  72              	.Letext0:
  73              		.file 2 "c:\\program files (x86)\\cypress\\psoc creator\\4.2\\psoc creator\\import\\gnu\\arm\\5.4.
  74              		.file 3 "c:\\program files (x86)\\cypress\\psoc creator\\4.2\\psoc creator\\import\\gnu\\arm\\5.4.
  75              		.file 4 "Generated_Source\\PSoC5/cytypes.h"
  76              		.file 5 "Generated_Source\\PSoC5/core_cm3.h"
  77              		.file 6 "Generated_Source\\PSoC5/CyLib.h"
ARM GAS  C:\Users\GEORGE~1\AppData\Local\Temp\cclItfIQ.s 			page 3


  78              		.section	.debug_info,"",%progbits
  79              	.Ldebug_info0:
  80 0000 5D010000 		.4byte	0x15d
  81 0004 0400     		.2byte	0x4
  82 0006 00000000 		.4byte	.Ldebug_abbrev0
  83 000a 04       		.byte	0x4
  84 000b 01       		.uleb128 0x1
  85 000c 32000000 		.4byte	.LASF24
  86 0010 0C       		.byte	0xc
  87 0011 5D010000 		.4byte	.LASF25
  88 0015 9B010000 		.4byte	.LASF26
  89 0019 00000000 		.4byte	.Ldebug_ranges0+0
  90 001d 00000000 		.4byte	0
  91 0021 00000000 		.4byte	.Ldebug_line0
  92 0025 02       		.uleb128 0x2
  93 0026 01       		.byte	0x1
  94 0027 06       		.byte	0x6
  95 0028 8F010000 		.4byte	.LASF0
  96 002c 02       		.uleb128 0x2
  97 002d 01       		.byte	0x1
  98 002e 08       		.byte	0x8
  99 002f 24000000 		.4byte	.LASF1
 100 0033 02       		.uleb128 0x2
 101 0034 02       		.byte	0x2
 102 0035 05       		.byte	0x5
 103 0036 70010000 		.4byte	.LASF2
 104 003a 02       		.uleb128 0x2
 105 003b 02       		.byte	0x2
 106 003c 07       		.byte	0x7
 107 003d D2000000 		.4byte	.LASF3
 108 0041 03       		.uleb128 0x3
 109 0042 07000000 		.4byte	.LASF9
 110 0046 02       		.byte	0x2
 111 0047 3F       		.byte	0x3f
 112 0048 4C000000 		.4byte	0x4c
 113 004c 02       		.uleb128 0x2
 114 004d 04       		.byte	0x4
 115 004e 05       		.byte	0x5
 116 004f 80010000 		.4byte	.LASF4
 117 0053 02       		.uleb128 0x2
 118 0054 04       		.byte	0x4
 119 0055 07       		.byte	0x7
 120 0056 C0000000 		.4byte	.LASF5
 121 005a 02       		.uleb128 0x2
 122 005b 08       		.byte	0x8
 123 005c 05       		.byte	0x5
 124 005d 4F010000 		.4byte	.LASF6
 125 0061 02       		.uleb128 0x2
 126 0062 08       		.byte	0x8
 127 0063 07       		.byte	0x7
 128 0064 19010000 		.4byte	.LASF7
 129 0068 04       		.uleb128 0x4
 130 0069 04       		.byte	0x4
 131 006a 05       		.byte	0x5
 132 006b 696E7400 		.ascii	"int\000"
 133 006f 02       		.uleb128 0x2
 134 0070 04       		.byte	0x4
ARM GAS  C:\Users\GEORGE~1\AppData\Local\Temp\cclItfIQ.s 			page 4


 135 0071 07       		.byte	0x7
 136 0072 0C010000 		.4byte	.LASF8
 137 0076 03       		.uleb128 0x3
 138 0077 16000000 		.4byte	.LASF10
 139 007b 03       		.byte	0x3
 140 007c 2C       		.byte	0x2c
 141 007d 41000000 		.4byte	0x41
 142 0081 05       		.uleb128 0x5
 143 0082 7A010000 		.4byte	.LASF11
 144 0086 04       		.byte	0x4
 145 0087 E401     		.2byte	0x1e4
 146 0089 2C000000 		.4byte	0x2c
 147 008d 05       		.uleb128 0x5
 148 008e 05010000 		.4byte	.LASF12
 149 0092 04       		.byte	0x4
 150 0093 E601     		.2byte	0x1e6
 151 0095 53000000 		.4byte	0x53
 152 0099 02       		.uleb128 0x2
 153 009a 04       		.byte	0x4
 154 009b 04       		.byte	0x4
 155 009c 1E000000 		.4byte	.LASF13
 156 00a0 02       		.uleb128 0x2
 157 00a1 08       		.byte	0x8
 158 00a2 04       		.byte	0x4
 159 00a3 F9000000 		.4byte	.LASF14
 160 00a7 02       		.uleb128 0x2
 161 00a8 01       		.byte	0x1
 162 00a9 08       		.byte	0x8
 163 00aa 64010000 		.4byte	.LASF15
 164 00ae 02       		.uleb128 0x2
 165 00af 08       		.byte	0x8
 166 00b0 04       		.byte	0x4
 167 00b1 3A010000 		.4byte	.LASF16
 168 00b5 02       		.uleb128 0x2
 169 00b6 04       		.byte	0x4
 170 00b7 07       		.byte	0x7
 171 00b8 46010000 		.4byte	.LASF17
 172 00bc 06       		.uleb128 0x6
 173 00bd 30010000 		.4byte	.LASF27
 174 00c1 10       		.byte	0x10
 175 00c2 01       		.byte	0x1
 176 00c3 0E       		.byte	0xe
 177 00c4 F9000000 		.4byte	0xf9
 178 00c8 07       		.uleb128 0x7
 179 00c9 00000000 		.4byte	.LASF18
 180 00cd 01       		.byte	0x1
 181 00ce 10       		.byte	0x10
 182 00cf 8D000000 		.4byte	0x8d
 183 00d3 00       		.byte	0
 184 00d4 07       		.uleb128 0x7
 185 00d5 E5000000 		.4byte	.LASF19
 186 00d9 01       		.byte	0x1
 187 00da 11       		.byte	0x11
 188 00db 8D000000 		.4byte	0x8d
 189 00df 04       		.byte	0x4
 190 00e0 07       		.uleb128 0x7
 191 00e1 69010000 		.4byte	.LASF20
ARM GAS  C:\Users\GEORGE~1\AppData\Local\Temp\cclItfIQ.s 			page 5


 192 00e5 01       		.byte	0x1
 193 00e6 12       		.byte	0x12
 194 00e7 8D000000 		.4byte	0x8d
 195 00eb 08       		.byte	0x8
 196 00ec 07       		.uleb128 0x7
 197 00ed 89010000 		.4byte	.LASF21
 198 00f1 01       		.byte	0x1
 199 00f2 13       		.byte	0x13
 200 00f3 81000000 		.4byte	0x81
 201 00f7 0C       		.byte	0xc
 202 00f8 00       		.byte	0
 203 00f9 08       		.uleb128 0x8
 204 00fa 00010000 		.4byte	.LASF28
 205 00fe 01       		.byte	0x1
 206 00ff 16       		.byte	0x16
 207 0100 68000000 		.4byte	0x68
 208 0104 00000000 		.4byte	.LFB63
 209 0108 24000000 		.4byte	.LFE63-.LFB63
 210 010c 01       		.uleb128 0x1
 211 010d 9C       		.byte	0x9c
 212 010e 23010000 		.4byte	0x123
 213 0112 09       		.uleb128 0x9
 214 0113 1C000000 		.4byte	.LVL0
 215 0117 55010000 		.4byte	0x155
 216 011b 0A       		.uleb128 0xa
 217 011c 01       		.uleb128 0x1
 218 011d 50       		.byte	0x50
 219 011e 02       		.uleb128 0x2
 220 011f 08       		.byte	0x8
 221 0120 64       		.byte	0x64
 222 0121 00       		.byte	0
 223 0122 00       		.byte	0
 224 0123 0B       		.uleb128 0xb
 225 0124 EC000000 		.4byte	.LASF22
 226 0128 05       		.byte	0x5
 227 0129 1207     		.2byte	0x712
 228 012b 2F010000 		.4byte	0x12f
 229 012f 0C       		.uleb128 0xc
 230 0130 76000000 		.4byte	0x76
 231 0134 0D       		.uleb128 0xd
 232 0135 BC000000 		.4byte	0xbc
 233 0139 44010000 		.4byte	0x144
 234 013d 0E       		.uleb128 0xe
 235 013e B5000000 		.4byte	0xb5
 236 0142 03       		.byte	0x3
 237 0143 00       		.byte	0
 238 0144 0F       		.uleb128 0xf
 239 0145 11000000 		.4byte	.LASF23
 240 0149 01       		.byte	0x1
 241 014a 14       		.byte	0x14
 242 014b 34010000 		.4byte	0x134
 243 014f 05       		.uleb128 0x5
 244 0150 03       		.byte	0x3
 245 0151 00000000 		.4byte	Axis
 246 0155 10       		.uleb128 0x10
 247 0156 00020000 		.4byte	.LASF29
 248 015a 00020000 		.4byte	.LASF29
ARM GAS  C:\Users\GEORGE~1\AppData\Local\Temp\cclItfIQ.s 			page 6


 249 015e 06       		.byte	0x6
 250 015f 76       		.byte	0x76
 251 0160 00       		.byte	0
 252              		.section	.debug_abbrev,"",%progbits
 253              	.Ldebug_abbrev0:
 254 0000 01       		.uleb128 0x1
 255 0001 11       		.uleb128 0x11
 256 0002 01       		.byte	0x1
 257 0003 25       		.uleb128 0x25
 258 0004 0E       		.uleb128 0xe
 259 0005 13       		.uleb128 0x13
 260 0006 0B       		.uleb128 0xb
 261 0007 03       		.uleb128 0x3
 262 0008 0E       		.uleb128 0xe
 263 0009 1B       		.uleb128 0x1b
 264 000a 0E       		.uleb128 0xe
 265 000b 55       		.uleb128 0x55
 266 000c 17       		.uleb128 0x17
 267 000d 11       		.uleb128 0x11
 268 000e 01       		.uleb128 0x1
 269 000f 10       		.uleb128 0x10
 270 0010 17       		.uleb128 0x17
 271 0011 00       		.byte	0
 272 0012 00       		.byte	0
 273 0013 02       		.uleb128 0x2
 274 0014 24       		.uleb128 0x24
 275 0015 00       		.byte	0
 276 0016 0B       		.uleb128 0xb
 277 0017 0B       		.uleb128 0xb
 278 0018 3E       		.uleb128 0x3e
 279 0019 0B       		.uleb128 0xb
 280 001a 03       		.uleb128 0x3
 281 001b 0E       		.uleb128 0xe
 282 001c 00       		.byte	0
 283 001d 00       		.byte	0
 284 001e 03       		.uleb128 0x3
 285 001f 16       		.uleb128 0x16
 286 0020 00       		.byte	0
 287 0021 03       		.uleb128 0x3
 288 0022 0E       		.uleb128 0xe
 289 0023 3A       		.uleb128 0x3a
 290 0024 0B       		.uleb128 0xb
 291 0025 3B       		.uleb128 0x3b
 292 0026 0B       		.uleb128 0xb
 293 0027 49       		.uleb128 0x49
 294 0028 13       		.uleb128 0x13
 295 0029 00       		.byte	0
 296 002a 00       		.byte	0
 297 002b 04       		.uleb128 0x4
 298 002c 24       		.uleb128 0x24
 299 002d 00       		.byte	0
 300 002e 0B       		.uleb128 0xb
 301 002f 0B       		.uleb128 0xb
 302 0030 3E       		.uleb128 0x3e
 303 0031 0B       		.uleb128 0xb
 304 0032 03       		.uleb128 0x3
 305 0033 08       		.uleb128 0x8
ARM GAS  C:\Users\GEORGE~1\AppData\Local\Temp\cclItfIQ.s 			page 7


 306 0034 00       		.byte	0
 307 0035 00       		.byte	0
 308 0036 05       		.uleb128 0x5
 309 0037 16       		.uleb128 0x16
 310 0038 00       		.byte	0
 311 0039 03       		.uleb128 0x3
 312 003a 0E       		.uleb128 0xe
 313 003b 3A       		.uleb128 0x3a
 314 003c 0B       		.uleb128 0xb
 315 003d 3B       		.uleb128 0x3b
 316 003e 05       		.uleb128 0x5
 317 003f 49       		.uleb128 0x49
 318 0040 13       		.uleb128 0x13
 319 0041 00       		.byte	0
 320 0042 00       		.byte	0
 321 0043 06       		.uleb128 0x6
 322 0044 13       		.uleb128 0x13
 323 0045 01       		.byte	0x1
 324 0046 03       		.uleb128 0x3
 325 0047 0E       		.uleb128 0xe
 326 0048 0B       		.uleb128 0xb
 327 0049 0B       		.uleb128 0xb
 328 004a 3A       		.uleb128 0x3a
 329 004b 0B       		.uleb128 0xb
 330 004c 3B       		.uleb128 0x3b
 331 004d 0B       		.uleb128 0xb
 332 004e 01       		.uleb128 0x1
 333 004f 13       		.uleb128 0x13
 334 0050 00       		.byte	0
 335 0051 00       		.byte	0
 336 0052 07       		.uleb128 0x7
 337 0053 0D       		.uleb128 0xd
 338 0054 00       		.byte	0
 339 0055 03       		.uleb128 0x3
 340 0056 0E       		.uleb128 0xe
 341 0057 3A       		.uleb128 0x3a
 342 0058 0B       		.uleb128 0xb
 343 0059 3B       		.uleb128 0x3b
 344 005a 0B       		.uleb128 0xb
 345 005b 49       		.uleb128 0x49
 346 005c 13       		.uleb128 0x13
 347 005d 38       		.uleb128 0x38
 348 005e 0B       		.uleb128 0xb
 349 005f 00       		.byte	0
 350 0060 00       		.byte	0
 351 0061 08       		.uleb128 0x8
 352 0062 2E       		.uleb128 0x2e
 353 0063 01       		.byte	0x1
 354 0064 3F       		.uleb128 0x3f
 355 0065 19       		.uleb128 0x19
 356 0066 03       		.uleb128 0x3
 357 0067 0E       		.uleb128 0xe
 358 0068 3A       		.uleb128 0x3a
 359 0069 0B       		.uleb128 0xb
 360 006a 3B       		.uleb128 0x3b
 361 006b 0B       		.uleb128 0xb
 362 006c 27       		.uleb128 0x27
ARM GAS  C:\Users\GEORGE~1\AppData\Local\Temp\cclItfIQ.s 			page 8


 363 006d 19       		.uleb128 0x19
 364 006e 49       		.uleb128 0x49
 365 006f 13       		.uleb128 0x13
 366 0070 8701     		.uleb128 0x87
 367 0072 19       		.uleb128 0x19
 368 0073 11       		.uleb128 0x11
 369 0074 01       		.uleb128 0x1
 370 0075 12       		.uleb128 0x12
 371 0076 06       		.uleb128 0x6
 372 0077 40       		.uleb128 0x40
 373 0078 18       		.uleb128 0x18
 374 0079 9742     		.uleb128 0x2117
 375 007b 19       		.uleb128 0x19
 376 007c 01       		.uleb128 0x1
 377 007d 13       		.uleb128 0x13
 378 007e 00       		.byte	0
 379 007f 00       		.byte	0
 380 0080 09       		.uleb128 0x9
 381 0081 898201   		.uleb128 0x4109
 382 0084 01       		.byte	0x1
 383 0085 11       		.uleb128 0x11
 384 0086 01       		.uleb128 0x1
 385 0087 31       		.uleb128 0x31
 386 0088 13       		.uleb128 0x13
 387 0089 00       		.byte	0
 388 008a 00       		.byte	0
 389 008b 0A       		.uleb128 0xa
 390 008c 8A8201   		.uleb128 0x410a
 391 008f 00       		.byte	0
 392 0090 02       		.uleb128 0x2
 393 0091 18       		.uleb128 0x18
 394 0092 9142     		.uleb128 0x2111
 395 0094 18       		.uleb128 0x18
 396 0095 00       		.byte	0
 397 0096 00       		.byte	0
 398 0097 0B       		.uleb128 0xb
 399 0098 34       		.uleb128 0x34
 400 0099 00       		.byte	0
 401 009a 03       		.uleb128 0x3
 402 009b 0E       		.uleb128 0xe
 403 009c 3A       		.uleb128 0x3a
 404 009d 0B       		.uleb128 0xb
 405 009e 3B       		.uleb128 0x3b
 406 009f 05       		.uleb128 0x5
 407 00a0 49       		.uleb128 0x49
 408 00a1 13       		.uleb128 0x13
 409 00a2 3F       		.uleb128 0x3f
 410 00a3 19       		.uleb128 0x19
 411 00a4 3C       		.uleb128 0x3c
 412 00a5 19       		.uleb128 0x19
 413 00a6 00       		.byte	0
 414 00a7 00       		.byte	0
 415 00a8 0C       		.uleb128 0xc
 416 00a9 35       		.uleb128 0x35
 417 00aa 00       		.byte	0
 418 00ab 49       		.uleb128 0x49
 419 00ac 13       		.uleb128 0x13
ARM GAS  C:\Users\GEORGE~1\AppData\Local\Temp\cclItfIQ.s 			page 9


 420 00ad 00       		.byte	0
 421 00ae 00       		.byte	0
 422 00af 0D       		.uleb128 0xd
 423 00b0 01       		.uleb128 0x1
 424 00b1 01       		.byte	0x1
 425 00b2 49       		.uleb128 0x49
 426 00b3 13       		.uleb128 0x13
 427 00b4 01       		.uleb128 0x1
 428 00b5 13       		.uleb128 0x13
 429 00b6 00       		.byte	0
 430 00b7 00       		.byte	0
 431 00b8 0E       		.uleb128 0xe
 432 00b9 21       		.uleb128 0x21
 433 00ba 00       		.byte	0
 434 00bb 49       		.uleb128 0x49
 435 00bc 13       		.uleb128 0x13
 436 00bd 2F       		.uleb128 0x2f
 437 00be 0B       		.uleb128 0xb
 438 00bf 00       		.byte	0
 439 00c0 00       		.byte	0
 440 00c1 0F       		.uleb128 0xf
 441 00c2 34       		.uleb128 0x34
 442 00c3 00       		.byte	0
 443 00c4 03       		.uleb128 0x3
 444 00c5 0E       		.uleb128 0xe
 445 00c6 3A       		.uleb128 0x3a
 446 00c7 0B       		.uleb128 0xb
 447 00c8 3B       		.uleb128 0x3b
 448 00c9 0B       		.uleb128 0xb
 449 00ca 49       		.uleb128 0x49
 450 00cb 13       		.uleb128 0x13
 451 00cc 3F       		.uleb128 0x3f
 452 00cd 19       		.uleb128 0x19
 453 00ce 02       		.uleb128 0x2
 454 00cf 18       		.uleb128 0x18
 455 00d0 00       		.byte	0
 456 00d1 00       		.byte	0
 457 00d2 10       		.uleb128 0x10
 458 00d3 2E       		.uleb128 0x2e
 459 00d4 00       		.byte	0
 460 00d5 3F       		.uleb128 0x3f
 461 00d6 19       		.uleb128 0x19
 462 00d7 3C       		.uleb128 0x3c
 463 00d8 19       		.uleb128 0x19
 464 00d9 6E       		.uleb128 0x6e
 465 00da 0E       		.uleb128 0xe
 466 00db 03       		.uleb128 0x3
 467 00dc 0E       		.uleb128 0xe
 468 00dd 3A       		.uleb128 0x3a
 469 00de 0B       		.uleb128 0xb
 470 00df 3B       		.uleb128 0x3b
 471 00e0 0B       		.uleb128 0xb
 472 00e1 00       		.byte	0
 473 00e2 00       		.byte	0
 474 00e3 00       		.byte	0
 475              		.section	.debug_aranges,"",%progbits
 476 0000 1C000000 		.4byte	0x1c
ARM GAS  C:\Users\GEORGE~1\AppData\Local\Temp\cclItfIQ.s 			page 10


 477 0004 0200     		.2byte	0x2
 478 0006 00000000 		.4byte	.Ldebug_info0
 479 000a 04       		.byte	0x4
 480 000b 00       		.byte	0
 481 000c 0000     		.2byte	0
 482 000e 0000     		.2byte	0
 483 0010 00000000 		.4byte	.LFB63
 484 0014 24000000 		.4byte	.LFE63-.LFB63
 485 0018 00000000 		.4byte	0
 486 001c 00000000 		.4byte	0
 487              		.section	.debug_ranges,"",%progbits
 488              	.Ldebug_ranges0:
 489 0000 00000000 		.4byte	.LFB63
 490 0004 24000000 		.4byte	.LFE63
 491 0008 00000000 		.4byte	0
 492 000c 00000000 		.4byte	0
 493              		.section	.debug_line,"",%progbits
 494              	.Ldebug_line0:
 495 0000 86010000 		.section	.debug_str,"MS",%progbits,1
 495      02005701 
 495      00000201 
 495      FB0E0D00 
 495      01010101 
 496              	.LASF18:
 497 0000 58616363 		.ascii	"Xaccel\000"
 497      656C00
 498              	.LASF9:
 499 0007 5F5F696E 		.ascii	"__int32_t\000"
 499      7433325F 
 499      7400
 500              	.LASF23:
 501 0011 41786973 		.ascii	"Axis\000"
 501      00
 502              	.LASF10:
 503 0016 696E7433 		.ascii	"int32_t\000"
 503      325F7400 
 504              	.LASF13:
 505 001e 666C6F61 		.ascii	"float\000"
 505      7400
 506              	.LASF1:
 507 0024 756E7369 		.ascii	"unsigned char\000"
 507      676E6564 
 507      20636861 
 507      7200
 508              	.LASF24:
 509 0032 474E5520 		.ascii	"GNU C11 5.4.1 20160609 (release) [ARM/embedded-5-br"
 509      43313120 
 509      352E342E 
 509      31203230 
 509      31363036 
 510 0065 616E6368 		.ascii	"anch revision 237715] -mcpu=cortex-m3 -mthumb -g -O"
 510      20726576 
 510      6973696F 
 510      6E203233 
 510      37373135 
 511 0098 67202D66 		.ascii	"g -ffunction-sections -ffat-lto-objects\000"
 511      66756E63 
ARM GAS  C:\Users\GEORGE~1\AppData\Local\Temp\cclItfIQ.s 			page 11


 511      74696F6E 
 511      2D736563 
 511      74696F6E 
 512              	.LASF5:
 513 00c0 6C6F6E67 		.ascii	"long unsigned int\000"
 513      20756E73 
 513      69676E65 
 513      6420696E 
 513      7400
 514              	.LASF3:
 515 00d2 73686F72 		.ascii	"short unsigned int\000"
 515      7420756E 
 515      7369676E 
 515      65642069 
 515      6E7400
 516              	.LASF19:
 517 00e5 59616363 		.ascii	"Yaccel\000"
 517      656C00
 518              	.LASF22:
 519 00ec 49544D5F 		.ascii	"ITM_RxBuffer\000"
 519      52784275 
 519      66666572 
 519      00
 520              	.LASF14:
 521 00f9 646F7562 		.ascii	"double\000"
 521      6C6500
 522              	.LASF28:
 523 0100 6D61696E 		.ascii	"main\000"
 523      00
 524              	.LASF12:
 525 0105 75696E74 		.ascii	"uint32\000"
 525      333200
 526              	.LASF8:
 527 010c 756E7369 		.ascii	"unsigned int\000"
 527      676E6564 
 527      20696E74 
 527      00
 528              	.LASF7:
 529 0119 6C6F6E67 		.ascii	"long long unsigned int\000"
 529      206C6F6E 
 529      6720756E 
 529      7369676E 
 529      65642069 
 530              	.LASF27:
 531 0130 73656E73 		.ascii	"sensorset\000"
 531      6F727365 
 531      7400
 532              	.LASF16:
 533 013a 6C6F6E67 		.ascii	"long double\000"
 533      20646F75 
 533      626C6500 
 534              	.LASF17:
 535 0146 73697A65 		.ascii	"sizetype\000"
 535      74797065 
 535      00
 536              	.LASF6:
 537 014f 6C6F6E67 		.ascii	"long long int\000"
ARM GAS  C:\Users\GEORGE~1\AppData\Local\Temp\cclItfIQ.s 			page 12


 537      206C6F6E 
 537      6720696E 
 537      7400
 538              	.LASF25:
 539 015d 6D61696E 		.ascii	"main.c\000"
 539      2E6300
 540              	.LASF15:
 541 0164 63686172 		.ascii	"char\000"
 541      00
 542              	.LASF20:
 543 0169 5A616363 		.ascii	"Zaccel\000"
 543      656C00
 544              	.LASF2:
 545 0170 73686F72 		.ascii	"short int\000"
 545      7420696E 
 545      7400
 546              	.LASF11:
 547 017a 75696E74 		.ascii	"uint8\000"
 547      3800
 548              	.LASF4:
 549 0180 6C6F6E67 		.ascii	"long int\000"
 549      20696E74 
 549      00
 550              	.LASF21:
 551 0189 4572726F 		.ascii	"Error\000"
 551      7200
 552              	.LASF0:
 553 018f 7369676E 		.ascii	"signed char\000"
 553      65642063 
 553      68617200 
 554              	.LASF26:
 555 019b 433A5C55 		.ascii	"C:\\Users\\George Anwar\\Documents\\UC Berkeley\\ME"
 555      73657273 
 555      5C47656F 
 555      72676520 
 555      416E7761 
 556 01c9 31333520 		.ascii	"135 Spring 2020\\PSOC Creator\\ME135_235\\Structure"
 556      53707269 
 556      6E672032 
 556      3032305C 
 556      50534F43 
 557 01f9 2E637964 		.ascii	".cydsn\000"
 557      736E00
 558              	.LASF29:
 559 0200 43794465 		.ascii	"CyDelay\000"
 559      6C617900 
 560              		.ident	"GCC: (GNU Tools for ARM Embedded Processors) 5.4.1 20160609 (release) [ARM/embedded-5-bran
